Algorithm: Cross-Entropy Method
Objective Function: Sphere
Dimension: 2
Population Size: 32
Max Evaluations: 5000

Generation 1: Best Solution = [-1.86637495  0.3694591 ], Best Fitness = 3.6198554646413847, Evaluations = 32
Generation 2: Best Solution = [-0.62166482 -1.37806097], Best Fitness = 2.2855191922927336, Evaluations = 64
Generation 3: Best Solution = [-0.03563237 -0.48205782], Best Fitness = 0.23364940724578437, Evaluations = 96
Generation 4: Best Solution = [-0.16992327 -0.44464176], Best Fitness = 0.22658021140100879, Evaluations = 128
Generation 5: Best Solution = [-0.45271792 -0.2553017 ], Best Fitness = 0.2701324739029536, Evaluations = 160
Generation 6: Best Solution = [-0.1102485  -0.35792559], Best Fitness = 0.1402654605755162, Evaluations = 192
Generation 7: Best Solution = [-0.07105934 -0.2911372 ], Best Fitness = 0.0898102992593212, Evaluations = 224
Generation 8: Best Solution = [-0.09576564 -0.2384565 ], Best Fitness = 0.06603255805367274, Evaluations = 256
Generation 9: Best Solution = [-0.10361789 -0.20385162], Best Fitness = 0.052292148242443576, Evaluations = 288
Generation 10: Best Solution = [-0.09177264 -0.20501774], Best Fitness = 0.05045449259581916, Evaluations = 320
Generation 11: Best Solution = [-0.07054083 -0.20803295], Best Fitness = 0.04825371600430052, Evaluations = 352
Generation 12: Best Solution = [-0.08901485 -0.19983409], Best Fitness = 0.04785730760453042, Evaluations = 384
Generation 13: Best Solution = [-0.07233387 -0.20253961], Best Fitness = 0.04625448104894339, Evaluations = 416
Generation 14: Best Solution = [-0.06989771 -0.20165622], Best Fitness = 0.04555091986832867, Evaluations = 448
Generation 15: Best Solution = [-0.06776062 -0.19819223], Best Fitness = 0.04387166024647076, Evaluations = 480
Generation 16: Best Solution = [-0.06398867 -0.19318476], Best Fitness = 0.04141490192681155, Evaluations = 512
Generation 17: Best Solution = [-0.07842063 -0.18440151], Best Fitness = 0.04015371101791145, Evaluations = 544
Generation 18: Best Solution = [-0.08327206 -0.17825148], Best Fitness = 0.038707827530554864, Evaluations = 576
Generation 19: Best Solution = [-0.06438275 -0.18005288], Best Fitness = 0.036564177686622124, Evaluations = 608
Generation 20: Best Solution = [-0.06240515 -0.17649027], Best Fitness = 0.035043217820476105, Evaluations = 640
Generation 21: Best Solution = [-0.06222247 -0.16963237], Best Fitness = 0.03264677567298798, Evaluations = 672
Generation 22: Best Solution = [-0.06828113 -0.16165174], Best Fitness = 0.030793599265697923, Evaluations = 704
Generation 23: Best Solution = [-0.05991785 -0.1570983 ], Best Fitness = 0.028270025712817965, Evaluations = 736
Generation 24: Best Solution = [-0.0610243  -0.14800305], Best Fitness = 0.02562886813317729, Evaluations = 768
Generation 25: Best Solution = [-0.06456987 -0.14241672], Best Fitness = 0.024451790131844436, Evaluations = 800
Generation 26: Best Solution = [-0.06006088 -0.14089807], Best Fitness = 0.023459574339148432, Evaluations = 832
Generation 27: Best Solution = [-0.06156975 -0.13358343], Best Fitness = 0.02163536668144695, Evaluations = 864
Generation 28: Best Solution = [-0.06991035 -0.12317603], Best Fitness = 0.02005979083561242, Evaluations = 896
Generation 29: Best Solution = [-0.04851679 -0.12924927], Best Fitness = 0.019059253330610516, Evaluations = 928
Generation 30: Best Solution = [-0.04385189 -0.12279957], Best Fitness = 0.017002721635587942, Evaluations = 960
Generation 31: Best Solution = [-0.03098575 -0.11784054], Best Fitness = 0.014846509182262416, Evaluations = 992
Generation 32: Best Solution = [-0.04043927 -0.11305617], Best Fitness = 0.014417033397778833, Evaluations = 1024
Generation 33: Best Solution = [-0.04405889 -0.1095695 ], Best Fitness = 0.013946660668734779, Evaluations = 1056
Generation 34: Best Solution = [-0.04366834 -0.10399823], Best Fitness = 0.012722557009426323, Evaluations = 1088
Generation 35: Best Solution = [-0.04077248 -0.10110762], Best Fitness = 0.011885145431522953, Evaluations = 1120
Generation 36: Best Solution = [-0.04256995 -0.09572137], Best Fitness = 0.010974781286105493, Evaluations = 1152
Generation 37: Best Solution = [-0.03631038 -0.09139874], Best Fitness = 0.009672172901621907, Evaluations = 1184
Generation 38: Best Solution = [-0.03640013 -0.08724104], Best Fitness = 0.008935968771514972, Evaluations = 1216
Generation 39: Best Solution = [-0.03758121 -0.08520658], Best Fitness = 0.008672509357341237, Evaluations = 1248
Generation 40: Best Solution = [-0.03401054 -0.08371992], Best Fitness = 0.008165742045592606, Evaluations = 1280
Generation 41: Best Solution = [-0.03058123 -0.08022148], Best Fitness = 0.007370697821248368, Evaluations = 1312
Generation 42: Best Solution = [-0.03288202 -0.07367763], Best Fitness = 0.006509620937257544, Evaluations = 1344
Generation 43: Best Solution = [-0.02662898 -0.06511057], Best Fitness = 0.004948488686803813, Evaluations = 1376
Generation 44: Best Solution = [-0.0198199  -0.05991218], Best Fitness = 0.003982297335160264, Evaluations = 1408
Generation 45: Best Solution = [-0.01371975 -0.05947995], Best Fitness = 0.003726096105162521, Evaluations = 1440
Generation 46: Best Solution = [-0.00632506 -0.0518486 ], Best Fitness = 0.0027282838996746067, Evaluations = 1472
Generation 47: Best Solution = [-0.00168205 -0.04741216], Best Fitness = 0.002250742474996854, Evaluations = 1504
Generation 48: Best Solution = [-0.01306126 -0.04048041], Best Fitness = 0.001809259763988899, Evaluations = 1536
Generation 49: Best Solution = [-0.01338094 -0.03822424], Best Fitness = 0.0016401424648216343, Evaluations = 1568
Generation 50: Best Solution = [-0.01169643 -0.03229677], Best Fitness = 0.001179887833218534, Evaluations = 1600
Generation 51: Best Solution = [-0.01444533 -0.02100297], Best Fitness = 0.0006497923760079481, Evaluations = 1632
Generation 52: Best Solution = [-0.00963173 -0.02160657], Best Fitness = 0.0005596143066753712, Evaluations = 1664
Generation 53: Best Solution = [-0.00634257 -0.01386796], Best Fitness = 0.00023254853632771145, Evaluations = 1696
Generation 54: Best Solution = [-0.00510686 -0.01415861], Best Fitness = 0.00022654640145346967, Evaluations = 1728
Generation 55: Best Solution = [-0.00647781 -0.00849806], Best Fitness = 0.000114179052364381, Evaluations = 1760
Generation 56: Best Solution = [-0.00699906 -0.00391808], Best Fitness = 6.433820516560086e-05, Evaluations = 1792
Generation 57: Best Solution = [0.00026304 0.00038911], Best Fitness = 2.2059687514607152e-07, Evaluations = 1824
Generation 58: Best Solution = [0.00031456 0.00256197], Best Fitness = 6.662634527261223e-06, Evaluations = 1856
Generation 59: Best Solution = [-0.00026961 -0.00109564], Best Fitness = 1.2731219382815827e-06, Evaluations = 1888
Generation 60: Best Solution = [8.64596805e-05 2.94930796e-04], Best Fitness = 9.445945080589318e-08, Evaluations = 1920
Generation 61: Best Solution = [ 0.00019855 -0.00011906], Best Fitness = 5.359864157931141e-08, Evaluations = 1952
Generation 62: Best Solution = [0.00098133 0.0010208 ], Best Fitness = 2.005043544465209e-06, Evaluations = 1984
Generation 63: Best Solution = [-0.00073303  0.00059039], Best Fitness = 8.858904813055884e-07, Evaluations = 2016
Generation 64: Best Solution = [-0.00027716  0.00073501], Best Fitness = 6.170639682183831e-07, Evaluations = 2048
Generation 65: Best Solution = [ 0.00037434 -0.00045033], Best Fitness = 3.4292652288917813e-07, Evaluations = 2080
Generation 66: Best Solution = [0.00105723 0.00072313], Best Fitness = 1.6406612173909405e-06, Evaluations = 2112
Generation 67: Best Solution = [-0.00046333  0.00122091], Best Fitness = 1.705287249197687e-06, Evaluations = 2144
Generation 68: Best Solution = [ 0.00119209 -0.00063845], Best Fitness = 1.828693448085656e-06, Evaluations = 2176
Generation 69: Best Solution = [7.20411484e-05 6.82294214e-04], Best Fitness = 4.707153217792986e-07, Evaluations = 2208
Generation 70: Best Solution = [-0.00045289  0.00079569], Best Fitness = 8.382376248706428e-07, Evaluations = 2240
Generation 71: Best Solution = [-0.00058959  0.00017298], Best Fitness = 3.7753970315637574e-07, Evaluations = 2272
Generation 72: Best Solution = [4.91518857e-05 2.71040334e-04], Best Fitness = 7.587877060215998e-08, Evaluations = 2304
Generation 73: Best Solution = [-0.00036567  0.00056381], Best Fitness = 4.515956018689347e-07, Evaluations = 2336
Generation 74: Best Solution = [-2.45527322e-05 -2.47532247e-04], Best Fitness = 6.187505008617133e-08, Evaluations = 2368
Generation 75: Best Solution = [-0.0003775   0.00047952], Best Fitness = 3.724422048271925e-07, Evaluations = 2400
Generation 76: Best Solution = [0.00090839 0.00018808], Best Fitness = 8.605443731101304e-07, Evaluations = 2432
Generation 77: Best Solution = [0.00033392 0.00020052], Best Fitness = 1.5170920737755565e-07, Evaluations = 2464
Generation 78: Best Solution = [ 0.00123303 -0.00017666], Best Fitness = 1.5515765118482966e-06, Evaluations = 2496
Generation 79: Best Solution = [-9.14825355e-04  1.20314117e-06], Best Fitness = 8.369068780380778e-07, Evaluations = 2528
Generation 80: Best Solution = [-0.00100752 -0.00061046], Best Fitness = 1.3877557272060417e-06, Evaluations = 2560
Generation 81: Best Solution = [-0.00043605 -0.00119561], Best Fitness = 1.619634078483303e-06, Evaluations = 2592
Generation 82: Best Solution = [-1.62658357e-04 -6.28646089e-05], Best Fitness = 3.040969998935018e-08, Evaluations = 2624
Generation 83: Best Solution = [0.00035076 0.0005171 ], Best Fitness = 3.9042665328865333e-07, Evaluations = 2656
Generation 84: Best Solution = [ 6.09824683e-05 -3.25495172e-04], Best Fitness = 1.0966596828356129e-07, Evaluations = 2688
Generation 85: Best Solution = [ 0.00130435 -0.00020752], Best Fitness = 1.7444059216122314e-06, Evaluations = 2720
Generation 86: Best Solution = [-0.00037945  0.00157037], Best Fitness = 2.610030698542835e-06, Evaluations = 2752
Generation 87: Best Solution = [-1.41993038e-04 -3.53202924e-05], Best Fitness = 2.1409545928458782e-08, Evaluations = 2784
Generation 88: Best Solution = [ 2.03116357e-07 -8.81047471e-04], Best Fitness = 7.762446880157483e-07, Evaluations = 2816
Generation 89: Best Solution = [-1.46424516e-04 -4.91474515e-05], Best Fitness = 2.3855610978365856e-08, Evaluations = 2848
Generation 90: Best Solution = [-0.00202264 -0.00116816], Best Fitness = 5.455647570315956e-06, Evaluations = 2880
Generation 91: Best Solution = [-0.00160474 -0.0007162 ], Best Fitness = 3.0881371876283765e-06, Evaluations = 2912
Generation 92: Best Solution = [-0.00101278 -0.00014929], Best Fitness = 1.0480195444178055e-06, Evaluations = 2944
Generation 93: Best Solution = [ 0.00086748 -0.00117757], Best Fitness = 2.139186682633342e-06, Evaluations = 2976
Generation 94: Best Solution = [-0.00071052  0.0003495 ], Best Fitness = 6.269941563824674e-07, Evaluations = 3008
Generation 95: Best Solution = [-0.00064646 -0.00022682], Best Fitness = 4.6936315627683454e-07, Evaluations = 3040
Generation 96: Best Solution = [-0.00025442 -0.00150474], Best Fitness = 2.3289620160106755e-06, Evaluations = 3072
Generation 97: Best Solution = [0.00052516 0.00010025], Best Fitness = 2.858409094585516e-07, Evaluations = 3104
Generation 98: Best Solution = [0.00019571 0.00012597], Best Fitness = 5.4172026220187504e-08, Evaluations = 3136
Generation 99: Best Solution = [-0.00092249  0.00088051], Best Fitness = 1.626282071108974e-06, Evaluations = 3168
Generation 100: Best Solution = [ 0.00060511 -0.00066288], Best Fitness = 8.055654648400438e-07, Evaluations = 3200
Generation 101: Best Solution = [5.12530271e-04 9.17375289e-05], Best Fitness = 2.71103052598544e-07, Evaluations = 3232
Generation 102: Best Solution = [0.0002867  0.00038448], Best Fitness = 2.3001873839905315e-07, Evaluations = 3264
Generation 103: Best Solution = [-0.00095508  0.00035012], Best Fitness = 1.0347662543915198e-06, Evaluations = 3296
Generation 104: Best Solution = [-0.00069933  0.00031811], Best Fitness = 5.902560927618915e-07, Evaluations = 3328
Generation 105: Best Solution = [-0.00026916 -0.00066396], Best Fitness = 5.132980399266422e-07, Evaluations = 3360
Generation 106: Best Solution = [-0.00140415 -0.00152909], Best Fitness = 4.309734268797657e-06, Evaluations = 3392
Generation 107: Best Solution = [ 0.00011007 -0.00086537], Best Fitness = 7.60978723843119e-07, Evaluations = 3424
Generation 108: Best Solution = [-0.00072557  0.00298336], Best Fitness = 9.426881360974845e-06, Evaluations = 3456
Generation 109: Best Solution = [-0.00014009  0.00039596], Best Fitness = 1.7640424878847912e-07, Evaluations = 3488
Generation 110: Best Solution = [-0.00032377 -0.00010095], Best Fitness = 1.1502110225223022e-07, Evaluations = 3520
Generation 111: Best Solution = [2.81687809e-05 1.27638059e-03], Best Fitness = 1.6299409023102946e-06, Evaluations = 3552
Generation 112: Best Solution = [0.00039252 0.0005185 ], Best Fitness = 4.229177410277546e-07, Evaluations = 3584
Generation 113: Best Solution = [-0.00060575 -0.00070375], Best Fitness = 8.621960895676571e-07, Evaluations = 3616
Generation 114: Best Solution = [2.13239112e-04 1.60411694e-05], Best Fitness = 4.5728238035264325e-08, Evaluations = 3648
Generation 115: Best Solution = [-0.00039435 -0.00082063], Best Fitness = 8.289481266079946e-07, Evaluations = 3680
Generation 116: Best Solution = [-0.0005367  -0.00087086], Best Fitness = 1.0464500521195476e-06, Evaluations = 3712
Generation 117: Best Solution = [0.00086738 0.00094402], Best Fitness = 1.6435185742095164e-06, Evaluations = 3744
Generation 118: Best Solution = [-0.00136539  0.00060583], Best Fitness = 2.2313266144367525e-06, Evaluations = 3776
Generation 119: Best Solution = [-0.00081372  0.00098477], Best Fitness = 1.6319264824251831e-06, Evaluations = 3808
Generation 120: Best Solution = [ 0.00018059 -0.00070317], Best Fitness = 5.270662170477188e-07, Evaluations = 3840
Generation 121: Best Solution = [-0.00069083 -0.00067137], Best Fitness = 9.279851941250929e-07, Evaluations = 3872
Generation 122: Best Solution = [0.00057781 0.00050331], Best Fitness = 5.871829858080023e-07, Evaluations = 3904
Generation 123: Best Solution = [0.00123501 0.00099229], Best Fitness = 2.5099047852022734e-06, Evaluations = 3936
Generation 124: Best Solution = [4.26717935e-05 8.21310188e-04], Best Fitness = 6.763713072933589e-07, Evaluations = 3968
Generation 125: Best Solution = [ 0.00052714 -0.00033157], Best Fitness = 3.8781649469719036e-07, Evaluations = 4000
Generation 126: Best Solution = [ 0.00039574 -0.00069334], Best Fitness = 6.373236255575678e-07, Evaluations = 4032
Generation 127: Best Solution = [-0.0003466  -0.00035482], Best Fitness = 2.460324915295046e-07, Evaluations = 4064
Generation 128: Best Solution = [4.08708475e-04 8.95161066e-06], Best Fitness = 1.6712274907543977e-07, Evaluations = 4096
Generation 129: Best Solution = [ 0.0019817  -0.00077658], Best Fitness = 4.530213944663011e-06, Evaluations = 4128
Generation 130: Best Solution = [-7.10414541e-06 -8.88951719e-04], Best Fitness = 7.902856281522057e-07, Evaluations = 4160
Generation 131: Best Solution = [-0.00149846  0.00121504], Best Fitness = 3.7217064243780214e-06, Evaluations = 4192
Generation 132: Best Solution = [0.00012578 0.00045404], Best Fitness = 2.2197446909881842e-07, Evaluations = 4224
Generation 133: Best Solution = [-1.73441415e-05 -3.03144398e-04], Best Fitness = 9.219734526017191e-08, Evaluations = 4256
Generation 134: Best Solution = [-9.41013768e-05  7.81365993e-04], Best Fitness = 6.193878839514759e-07, Evaluations = 4288
Generation 135: Best Solution = [-0.0005002   0.00054177], Best Fitness = 5.437160429149303e-07, Evaluations = 4320
Generation 136: Best Solution = [-0.00033216 -0.00086085], Best Fitness = 8.513894634382983e-07, Evaluations = 4352
Generation 137: Best Solution = [-0.00070792  0.00058686], Best Fitness = 8.455480653921205e-07, Evaluations = 4384
Generation 138: Best Solution = [-0.00052577 -0.00068022], Best Fitness = 7.39132739650343e-07, Evaluations = 4416
Generation 139: Best Solution = [-2.69349945e-04  7.40894048e-05], Best Fitness = 7.803863281864612e-08, Evaluations = 4448
Generation 140: Best Solution = [-0.00163052  0.00087986], Best Fitness = 3.432759961897789e-06, Evaluations = 4480
Generation 141: Best Solution = [-0.00044999  0.00060304], Best Fitness = 5.661454255025176e-07, Evaluations = 4512
Generation 142: Best Solution = [-0.00066563 -0.00033446], Best Fitness = 5.549238418194404e-07, Evaluations = 4544
Generation 143: Best Solution = [ 0.00044672 -0.00023177], Best Fitness = 2.532753557445687e-07, Evaluations = 4576
Generation 144: Best Solution = [-0.00058918 -0.00028699], Best Fitness = 4.2949296285964766e-07, Evaluations = 4608
Generation 145: Best Solution = [ 0.00079769 -0.00059781], Best Fitness = 9.936834463774711e-07, Evaluations = 4640
Generation 146: Best Solution = [0.00129909 0.00076152], Best Fitness = 2.267546376813395e-06, Evaluations = 4672
Generation 147: Best Solution = [-0.00094883 -0.00080171], Best Fitness = 1.5430070771554435e-06, Evaluations = 4704
Generation 148: Best Solution = [-0.00047327  0.00044481], Best Fitness = 4.218343060117937e-07, Evaluations = 4736
Generation 149: Best Solution = [ 0.00077173 -0.00015676], Best Fitness = 6.201378510643033e-07, Evaluations = 4768
Generation 150: Best Solution = [ 3.57157626e-05 -2.30648211e-04], Best Fitness = 5.447421281913519e-08, Evaluations = 4800
Generation 151: Best Solution = [0.00040261 0.00067101], Best Fitness = 6.123537871531535e-07, Evaluations = 4832
Generation 152: Best Solution = [-9.98651912e-05  2.21771114e-04], Best Fitness = 5.915548326963063e-08, Evaluations = 4864
Generation 153: Best Solution = [-2.60414221e-04  1.71995255e-05], Best Fitness = 6.811139034750054e-08, Evaluations = 4896
Generation 154: Best Solution = [0.00054471 0.00034596], Best Fitness = 4.163898107284418e-07, Evaluations = 4928
Generation 155: Best Solution = [0.00058325 0.00071881], Best Fitness = 8.568640618415386e-07, Evaluations = 4960
Generation 156: Best Solution = [-6.39576069e-04  9.73141345e-05], Best Fitness = 4.1852758929947656e-07, Evaluations = 4992
Generation 157: Best Solution = [ 1.12354587e-04 -3.46828299e-06], Best Fitness = 1.2635582181099996e-08, Evaluations = 5024
