Algorithm: Cross-Entropy Method
Objective Function: Rastrigin
Dimension: 10
Population Size: 64
Max Evaluations: 10000

Generation 1: Best Solution = [ 0.95320431 -1.57281158 -1.78417342  1.80289814 -3.03575809 -3.06766447
  1.85198399 -0.76788559 -0.64959742  0.49059105], Best Fitness = 117.05456218097315, Evaluations = 64
Generation 2: Best Solution = [ 0.6062389   0.83134006 -3.97920594  4.38071018 -1.82500151 -2.84706141
  2.00980613 -0.01869186 -0.76946745 -0.05582147], Best Fitness = 111.73151137660867, Evaluations = 128
Generation 3: Best Solution = [ 0.58550167  1.41794663 -2.14315596  1.18161367 -3.10215344 -1.93582191
  2.29580753  1.03499946 -2.22141804  0.87379375], Best Fitness = 107.72721473332199, Evaluations = 192
Generation 4: Best Solution = [ 9.58081364e-01 -3.47113350e-03 -2.95612130e+00  4.89069849e+00
 -1.13711510e+00 -2.75305834e+00  2.13582122e+00  6.03308229e-01
 -1.19937941e+00 -3.33953578e-02], Best Fitness = 93.58408972699053, Evaluations = 256
Generation 5: Best Solution = [ 0.90884363 -0.10923768 -2.03196591  3.79114841 -1.35581586 -1.80212708
  3.1344678   0.13273886 -2.83409644 -0.01414632], Best Fitness = 88.39825436562853, Evaluations = 320
Generation 6: Best Solution = [ 0.55798358  0.93878387 -1.92876757  2.06743228 -2.96052321 -1.98075902
  2.960456    0.57710194 -3.12572747  0.02712317], Best Fitness = 85.32855925086791, Evaluations = 384
Generation 7: Best Solution = [ 0.94026431  0.26505707 -2.07780004  3.04306488 -2.07637581 -2.28856392
  1.83757708  1.07287855 -2.07058201  0.53903182], Best Fitness = 86.36030805666083, Evaluations = 448
Generation 8: Best Solution = [ 1.02019688 -0.10833064 -2.19470562  1.96402932 -2.53515511 -2.05474936
  1.83271261  1.99148079 -1.04847701  1.94420574], Best Fitness = 68.19770286542081, Evaluations = 512
Generation 9: Best Solution = [ 1.16256644  0.07654282 -3.25021561  2.89115769 -2.34180486 -2.05493673
  1.9384676   0.85679112 -1.98649294  0.8680523 ], Best Fitness = 81.19779604638519, Evaluations = 576
Generation 10: Best Solution = [ 0.8799243   0.06498809 -2.06131292  2.20460122 -1.82122528 -1.271675
  2.07287612  1.41844774 -1.80840335  1.95867553], Best Fitness = 83.21558404254269, Evaluations = 640
Generation 11: Best Solution = [ 0.91782552  0.10009628 -2.18806184  1.18359569 -3.98505638 -2.95293434
  1.35057262  2.17654276 -0.83174413  0.87689838], Best Fitness = 84.89756817433853, Evaluations = 704
Generation 12: Best Solution = [ 9.87514638e-01  1.00526244e-03 -1.05115453e+00  2.09917746e+00
 -2.03397998e+00 -1.62485408e+00  1.83615176e+00  1.96907974e+00
 -1.32064460e+00  2.04948570e+00], Best Fitness = 65.99378126015668, Evaluations = 768
Generation 13: Best Solution = [ 0.86187397  0.02536582 -0.79943564  2.10626631 -1.91798845 -1.78705985
  1.89942348  2.14511897 -1.09202066  2.18637717], Best Fitness = 62.159034866563424, Evaluations = 832
Generation 14: Best Solution = [ 0.91629006 -0.01870645 -0.89815036  2.24509929 -1.90324654 -1.88091371
  1.91252716  2.19160751 -0.9839562   2.16296168], Best Fitness = 58.245000988022674, Evaluations = 896
Generation 15: Best Solution = [ 0.91430517  0.1244     -0.91655385  2.22181091 -2.09200384 -2.02953602
  1.90380813  2.05299162 -1.05414967  1.86967655], Best Fitness = 49.32805840921725, Evaluations = 960
Generation 16: Best Solution = [ 1.00129172 -0.00400263 -0.98689901  2.18481477 -2.12453527 -1.9681548
  1.94089114  2.10504836 -0.93862314  1.98523105], Best Fitness = 40.88026897245099, Evaluations = 1024
Generation 17: Best Solution = [ 0.94581686  0.04887755 -0.9679959   2.11765525 -2.11363834 -1.95300976
  1.84590427  2.09835435 -0.98739491  2.01819614], Best Fitness = 40.46590855323875, Evaluations = 1088
Generation 18: Best Solution = [ 0.97676244  0.05981793 -0.97452528  2.16914561 -2.1023372  -1.96772802
  1.88494643  2.07370802 -0.95663379  1.99069381], Best Fitness = 39.84575782221017, Evaluations = 1152
Generation 19: Best Solution = [ 0.96854848  0.01626297 -1.0175017   2.12109888 -2.10758627 -1.91090046
  1.8682823   2.07383662 -1.00699096  2.01486869], Best Fitness = 38.56559346447971, Evaluations = 1216
Generation 20: Best Solution = [ 0.96224373  0.01844756 -1.00967068  2.16977108 -2.06838437 -1.94414947
  1.90823515  2.08167618 -0.97294279  2.01638898], Best Fitness = 37.85454414798014, Evaluations = 1280
Generation 21: Best Solution = [ 0.95056566  0.0106144  -1.00658857  2.12993036 -2.09403337 -1.92860997
  1.89116626  2.07979465 -0.98492851  2.02420943], Best Fitness = 37.51206974692007, Evaluations = 1344
Generation 22: Best Solution = [ 0.94181208  0.0142382  -1.00380591  2.12823881 -2.08712044 -1.93894331
  1.89618347  2.08160397 -0.98568802  2.02994056], Best Fitness = 37.08259453907096, Evaluations = 1408
Generation 23: Best Solution = [ 0.94416564  0.02393957 -0.99157601  2.13696745 -2.07367865 -1.94531928
  1.91088175  2.08781063 -0.99076909  2.02407826], Best Fitness = 36.610313076722285, Evaluations = 1472
Generation 24: Best Solution = [ 0.951954    0.02284006 -0.99549769  2.13791862 -2.06608155 -1.93496367
  1.91314788  2.0780483  -0.99654025  2.03285294], Best Fitness = 36.188370273876146, Evaluations = 1536
Generation 25: Best Solution = [ 0.94486378  0.01564956 -1.00160421  2.1371007  -2.07016509 -1.9440459
  1.9140498   2.07485592 -0.99982879  2.01431512], Best Fitness = 35.80062709734305, Evaluations = 1600
Generation 26: Best Solution = [ 0.93652275  0.0201163  -0.9968058   2.11318286 -2.07215257 -1.95387589
  1.90360868  2.08346738 -0.99078431  2.01885309], Best Fitness = 35.39720521706806, Evaluations = 1664
Generation 27: Best Solution = [ 0.95966156  0.01162647 -1.00846462  2.1133618  -2.08102904 -1.94804957
  1.90519516  2.06814196 -0.97418797  2.02611709], Best Fitness = 34.969440106331675, Evaluations = 1728
Generation 28: Best Solution = [ 0.94481222  0.00932735 -0.99070687  2.12001689 -2.068442   -1.94713759
  1.9205335   2.06880961 -0.99106799  2.02289686], Best Fitness = 34.53877407904146, Evaluations = 1792
Generation 29: Best Solution = [ 0.95276449  0.01090375 -0.99680445  2.09705623 -2.06704397 -1.94389101
  1.91637073  2.07722168 -0.98984722  2.03694717], Best Fitness = 34.013037784894166, Evaluations = 1856
Generation 30: Best Solution = [ 0.95219838  0.00445568 -0.99924493  2.08050366 -2.07342199 -1.9445198
  1.90994724  2.07936564 -0.97371142  2.02646391], Best Fitness = 33.74130994629897, Evaluations = 1920
Generation 31: Best Solution = [ 9.53787745e-01 -4.02888724e-04 -1.00212030e+00  2.07879167e+00
 -2.06876631e+00 -1.94249738e+00  1.91130390e+00  2.07738299e+00
 -9.80415984e-01  2.02970531e+00], Best Fitness = 33.44397795324703, Evaluations = 1984
Generation 32: Best Solution = [ 0.95808098  0.00714661 -1.0089563   2.09106389 -2.06832434 -1.94733789
  1.91416079  2.05463427 -0.981399    2.0250733 ], Best Fitness = 32.93658068641601, Evaluations = 2048
Generation 33: Best Solution = [ 0.95892351  0.00751385 -1.00180004  2.09383842 -2.06302606 -1.94501154
  1.92149054  2.05805887 -0.9985048   2.03146513], Best Fitness = 32.83979402571242, Evaluations = 2112
Generation 34: Best Solution = [ 0.95841602  0.00300617 -1.00898739  2.07732905 -2.05802511 -1.95509955
  1.9112757   2.06356196 -0.99027905  2.02062945], Best Fitness = 32.25522250539936, Evaluations = 2176
Generation 35: Best Solution = [ 0.96836273  0.00768951 -1.00596614  2.08051228 -2.06658002 -1.95647091
  1.91545692  2.05411673 -0.99458808  2.025076  ], Best Fitness = 32.13763461342218, Evaluations = 2240
Generation 36: Best Solution = [ 0.96090176  0.00830162 -1.00127546  2.08008745 -2.05415969 -1.9462245
  1.91339661  2.04686353 -0.98157814  2.02973863], Best Fitness = 32.00239817752352, Evaluations = 2304
Generation 37: Best Solution = [ 9.62054702e-01  1.33363164e-03 -1.01322984e+00  2.06957483e+00
 -2.04611501e+00 -1.94270989e+00  1.91608643e+00  2.05478673e+00
 -9.83681339e-01  2.02935843e+00], Best Fitness = 31.65824988672219, Evaluations = 2368
Generation 38: Best Solution = [ 0.9499462  -0.00486055 -1.01053657  2.06581214 -2.04796297 -1.94054765
  1.93052608  2.05207998 -0.97872224  2.03074061], Best Fitness = 31.414530252092888, Evaluations = 2432
Generation 39: Best Solution = [ 0.97221644  0.00342006 -1.00881128  2.07233956 -2.05472787 -1.95328916
  1.92150664  2.04652636 -0.99219976  2.02057461], Best Fitness = 31.15175679228328, Evaluations = 2496
Generation 40: Best Solution = [ 9.65058322e-01  1.04870594e-03 -1.01710440e+00  2.05647130e+00
 -2.04999838e+00 -1.93946562e+00  1.92398445e+00  2.04934042e+00
 -9.90957205e-01  2.02189561e+00], Best Fitness = 30.961824157106108, Evaluations = 2560
Generation 41: Best Solution = [ 9.62846191e-01  1.82329045e-03 -1.01726501e+00  2.05495873e+00
 -2.05210489e+00 -1.95164674e+00  1.93924634e+00  2.05443687e+00
 -9.90310088e-01  2.01938741e+00], Best Fitness = 30.546616753466466, Evaluations = 2624
Generation 42: Best Solution = [ 0.96342299  0.011157   -1.01175204  2.05248446 -2.04755584 -1.95168114
  1.92520624  2.04132046 -0.99354299  2.01709671], Best Fitness = 30.334460346417913, Evaluations = 2688
Generation 43: Best Solution = [ 9.72747120e-01  2.16212951e-04 -1.01345010e+00  2.05003825e+00
 -2.03814271e+00 -1.94674591e+00  1.93427858e+00  2.04793065e+00
 -9.95048925e-01  2.02191260e+00], Best Fitness = 30.036138166719198, Evaluations = 2752
Generation 44: Best Solution = [ 9.65045082e-01 -3.44912526e-05 -1.00685871e+00  2.04481192e+00
 -2.03840900e+00 -1.95205830e+00  1.92474179e+00  2.03363145e+00
 -9.88734638e-01  2.02660231e+00], Best Fitness = 29.884461603317746, Evaluations = 2816
Generation 45: Best Solution = [ 0.97738468  0.00474575 -1.02063636  2.04421107 -2.03359633 -1.96162622
  1.93937352  2.05169998 -1.00385309  2.01135055], Best Fitness = 29.535083061866118, Evaluations = 2880
Generation 46: Best Solution = [ 0.97516593 -0.00623619 -1.02347375  2.04139479 -2.03144442 -1.95942158
  1.93022165  2.03442282 -0.99860049  2.01257278], Best Fitness = 29.346407864551566, Evaluations = 2944
Generation 47: Best Solution = [ 0.97297986  0.00761487 -1.01837651  2.05041071 -2.01744843 -1.95442922
  1.9501204   2.03441855 -0.99446414  2.02484772], Best Fitness = 29.142813325505458, Evaluations = 3008
Generation 48: Best Solution = [ 0.97006485 -0.00611865 -1.01351517  2.04685521 -2.01383262 -1.96501439
  1.95113615  2.03244953 -1.00046319  2.02612331], Best Fitness = 28.856178621592292, Evaluations = 3072
Generation 49: Best Solution = [ 0.97699531 -0.00427522 -1.01675857  2.03972645 -2.01357207 -1.96178942
  1.94616208  2.03607136 -1.00711595  2.02014692], Best Fitness = 28.7891172217235, Evaluations = 3136
Generation 50: Best Solution = [ 0.98558752  0.00252985 -1.01059235  2.03554355 -2.02119487 -1.96914234
  1.94812909  2.03412413 -0.9929295   2.02635982], Best Fitness = 28.61451145308405, Evaluations = 3200
Generation 51: Best Solution = [ 9.80581778e-01  6.87590033e-04 -1.02041333e+00  2.03675848e+00
 -2.01061006e+00 -1.96417558e+00  1.95607614e+00  2.03273482e+00
 -1.00132948e+00  2.01684033e+00], Best Fitness = 28.422306286796413, Evaluations = 3264
Generation 52: Best Solution = [ 0.9835655  -0.00418417 -1.01425539  2.0327867  -2.00489245 -1.96475125
  1.95223822  2.03230835 -0.98960393  2.01748047], Best Fitness = 28.290316543554596, Evaluations = 3328
Generation 53: Best Solution = [ 0.9867435  -0.01110083 -1.01632921  2.0305045  -2.01236878 -1.97349866
  1.95532448  2.02846634 -0.99549175  2.01043826], Best Fitness = 28.084436056943915, Evaluations = 3392
Generation 54: Best Solution = [ 0.97635179 -0.01204485 -1.01186433  2.02625846 -2.00591968 -1.96708989
  1.96613501  2.03062389 -0.98953077  2.00909045], Best Fitness = 27.951222817835756, Evaluations = 3456
Generation 55: Best Solution = [ 0.98156575 -0.0100147  -1.01455453  2.02103281 -1.99970464 -1.96981718
  1.96472393  2.02646137 -0.99145602  2.01438312], Best Fitness = 27.796693923360863, Evaluations = 3520
Generation 56: Best Solution = [ 9.85544979e-01 -1.41448911e-03 -1.00679851e+00  2.01535118e+00
 -2.00282818e+00 -1.96120349e+00  1.95345877e+00  2.01784014e+00
 -9.91454726e-01  2.01028795e+00], Best Fitness = 27.733161558922163, Evaluations = 3584
Generation 57: Best Solution = [ 0.99401169 -0.00411763 -1.00067612  2.01932252 -2.00444415 -1.95752303
  1.96096275  2.00490883 -0.9821101   2.00046585], Best Fitness = 27.557497619909057, Evaluations = 3648
Generation 58: Best Solution = [ 9.86575775e-01 -1.43350246e-03 -1.00759408e+00  2.02110731e+00
 -1.99294183e+00 -1.96753448e+00  1.96830827e+00  2.01681663e+00
 -9.91996079e-01  2.00339094e+00], Best Fitness = 27.476479890237968, Evaluations = 3712
Generation 59: Best Solution = [ 1.00056744e+00  1.60771731e-03 -1.00294664e+00  2.00896670e+00
 -1.99510543e+00 -1.96678179e+00  1.96013502e+00  2.00987308e+00
 -9.92870553e-01  2.00140506e+00], Best Fitness = 27.34642020342484, Evaluations = 3776
Generation 60: Best Solution = [ 0.9895665   0.00425438 -1.00553311  2.0091546  -1.99653824 -1.98011858
  1.96799149  2.013588   -0.99440207  2.00523543], Best Fitness = 27.24892026068774, Evaluations = 3840
Generation 61: Best Solution = [ 0.9858972  -0.00340872 -1.00503238  2.00745016 -1.99419277 -1.97327395
  1.97987349  2.00315935 -0.99679021  2.01112445], Best Fitness = 27.166397232704497, Evaluations = 3904
Generation 62: Best Solution = [ 9.99841319e-01 -1.07338960e-03 -9.99825160e-01  2.00906931e+00
 -1.99623259e+00 -1.97699781e+00  1.97331756e+00  2.00601522e+00
 -1.00057699e+00  1.99434290e+00], Best Fitness = 27.103054301624297, Evaluations = 3968
Generation 63: Best Solution = [ 0.99429377  0.00317299 -1.00287278  2.00234137 -1.99785649 -1.98105386
  1.97270937  2.00581635 -0.99592519  2.00155144], Best Fitness = 27.07260288461613, Evaluations = 4032
Generation 64: Best Solution = [ 0.99118685  0.00409891 -0.99864653  2.0056819  -1.9939213  -1.97855724
  1.97663962  2.00177358 -1.00101372  1.99868349], Best Fitness = 27.035883064541366, Evaluations = 4096
Generation 65: Best Solution = [ 0.99589294  0.00840417 -0.99999818  2.00028333 -1.98515344 -1.98013027
  1.98468598  1.99417257 -0.99729056  2.00503347], Best Fitness = 26.983204245057422, Evaluations = 4160
Generation 66: Best Solution = [ 0.98644233 -0.00227093 -0.99963224  1.99201305 -1.98646008 -1.98489274
  1.98418339  1.99748425 -1.00482245  2.00570562], Best Fitness = 26.978409509738867, Evaluations = 4224
Generation 67: Best Solution = [ 0.99509305  0.00300892 -0.99620563  1.99533139 -1.98603435 -1.98305559
  1.98003424  2.00036503 -0.99661668  1.99929453], Best Fitness = 26.942999196222303, Evaluations = 4288
Generation 68: Best Solution = [ 9.87928074e-01 -1.06672950e-03 -9.96903586e-01  1.99338879e+00
 -1.98948572e+00 -1.98523898e+00  1.97829897e+00  1.99423364e+00
 -1.00081843e+00  1.99947704e+00], Best Fitness = 26.936678488632936, Evaluations = 4352
Generation 69: Best Solution = [ 9.95285866e-01  1.23739563e-03 -1.00041164e+00  1.99801660e+00
 -1.99074718e+00 -1.98624203e+00  1.98652828e+00  1.99592663e+00
 -1.00337218e+00  1.99366762e+00], Best Fitness = 26.912174457004994, Evaluations = 4416
Generation 70: Best Solution = [ 9.88493201e-01  1.62569011e-04 -9.97513171e-01  1.99337096e+00
 -1.98787547e+00 -1.99130460e+00  1.98601057e+00  1.99398246e+00
 -9.96227210e-01  1.99307120e+00], Best Fitness = 26.88561253309439, Evaluations = 4480
Generation 71: Best Solution = [ 9.88328359e-01  3.76924927e-05 -9.97272547e-01  1.99094966e+00
 -1.98399488e+00 -1.98491311e+00  1.98818127e+00  1.98881133e+00
 -9.94374094e-01  1.99078235e+00], Best Fitness = 26.886773376210826, Evaluations = 4544
Generation 72: Best Solution = [ 0.9971808  -0.0035962  -0.99690239  1.99373654 -1.99021433 -1.9941669
  1.98398828  1.98914177 -0.99464723  1.9887905 ], Best Fitness = 26.881987549456255, Evaluations = 4608
Generation 73: Best Solution = [ 0.99223439  0.003396   -0.99598591  1.99060332 -1.99040783 -1.9899986
  1.99224029  1.98640552 -0.9910836   1.98864579], Best Fitness = 26.874778642115388, Evaluations = 4672
Generation 74: Best Solution = [ 9.96859767e-01 -1.75938038e-03 -9.93160706e-01  1.98954749e+00
 -1.98897589e+00 -1.99168566e+00  1.99281636e+00  1.99003425e+00
 -9.95275732e-01  1.99228549e+00], Best Fitness = 26.86946773240315, Evaluations = 4736
Generation 75: Best Solution = [ 0.99164262 -0.00268786 -0.99724417  1.99017245 -1.99063252 -1.99230372
  1.98952574  1.99124521 -0.99283665  1.99210256], Best Fitness = 26.871986594234656, Evaluations = 4800
Generation 76: Best Solution = [ 0.99109765 -0.00430374 -0.99608112  1.98958737 -1.98912113 -1.98932181
  1.990057    1.99045222 -0.99540998  1.99208343], Best Fitness = 26.871993417859898, Evaluations = 4864
Generation 77: Best Solution = [ 9.93883441e-01  3.91889008e-04 -9.95676384e-01  1.99017882e+00
 -1.98972149e+00 -1.98982167e+00  1.99190055e+00  1.98897118e+00
 -9.94377557e-01  1.98465193e+00], Best Fitness = 26.870748677241608, Evaluations = 4928
Generation 78: Best Solution = [ 0.9963104   0.00214305 -0.99437483  1.98952233 -1.99109972 -1.99217613
  1.9867046   1.99213548 -0.99702937  1.98827293], Best Fitness = 26.870927277013266, Evaluations = 4992
Generation 79: Best Solution = [ 9.94069171e-01  3.83957072e-04 -9.95500648e-01  1.99259877e+00
 -1.98921342e+00 -1.99286070e+00  1.98578176e+00  1.98761465e+00
 -9.96166011e-01  1.99102744e+00], Best Fitness = 26.872312935002398, Evaluations = 5056
Generation 80: Best Solution = [ 9.90814391e-01 -5.49884311e-04 -9.93871272e-01  1.99137035e+00
 -1.98587328e+00 -1.99201909e+00  1.98809699e+00  1.99200985e+00
 -9.94669372e-01  1.98938238e+00], Best Fitness = 26.873687268571985, Evaluations = 5120
Generation 81: Best Solution = [ 0.99237724  0.00463719 -0.99236165  1.9911168  -1.98919956 -1.98922677
  1.99024626  1.99146593 -0.99733741  1.98803941], Best Fitness = 26.873585883317133, Evaluations = 5184
Generation 82: Best Solution = [ 0.99428155 -0.00218205 -0.99265642  1.98969776 -1.99167234 -1.99231204
  1.98451001  1.98849109 -0.99282021  1.98854614], Best Fitness = 26.875163375526455, Evaluations = 5248
Generation 83: Best Solution = [ 0.99483094  0.00366994 -0.99351106  1.98713933 -1.99211336 -1.99235293
  1.98800394  1.99152268 -0.99273039  1.98696505], Best Fitness = 26.874553960900087, Evaluations = 5312
Generation 84: Best Solution = [ 0.99646414  0.00489426 -0.99469875  1.99035252 -1.99170158 -1.99198442
  1.98798155  1.99165298 -0.99759643  1.98918224], Best Fitness = 26.87342527613724, Evaluations = 5376
Generation 85: Best Solution = [ 0.99800062  0.00405128 -0.99509353  1.98983071 -1.99051725 -1.98988277
  1.99088815  1.98807596 -0.99744679  1.98822062], Best Fitness = 26.871683437058394, Evaluations = 5440
Generation 86: Best Solution = [ 9.97378473e-01  2.50509950e-04 -9.91447344e-01  1.99164278e+00
 -1.99460819e+00 -1.98830207e+00  1.99034730e+00  1.98699288e+00
 -9.94696491e-01  1.99202005e+00], Best Fitness = 26.875574840799317, Evaluations = 5504
Generation 87: Best Solution = [ 9.93400078e-01  3.91103486e-04 -9.98167051e-01  1.99579421e+00
 -1.98726764e+00 -1.98792576e+00  1.99242373e+00  1.99138395e+00
 -9.95209298e-01  1.98934358e+00], Best Fitness = 26.87719259962266, Evaluations = 5568
Generation 88: Best Solution = [ 9.94387192e-01  5.77570047e-04 -9.97413155e-01  1.99051026e+00
 -1.99050170e+00 -1.98880697e+00  1.98847678e+00  1.99342891e+00
 -9.94150648e-01  1.98780747e+00], Best Fitness = 26.869435383068762, Evaluations = 5632
Generation 89: Best Solution = [ 9.94204403e-01  1.98756451e-03 -9.93900039e-01  1.99143707e+00
 -1.99154243e+00 -1.98483462e+00  1.98712472e+00  1.99386906e+00
 -9.96737289e-01  1.98981472e+00], Best Fitness = 26.876339190476955, Evaluations = 5696
Generation 90: Best Solution = [ 9.94241913e-01  5.05434105e-04 -9.95360014e-01  1.98805440e+00
 -1.98958749e+00 -1.99160672e+00  1.99429482e+00  1.99351426e+00
 -9.92914501e-01  1.98994779e+00], Best Fitness = 26.872525129845286, Evaluations = 5760
Generation 91: Best Solution = [ 0.99052683 -0.00212308 -0.99488813  1.99080277 -1.99201277 -1.98722041
  1.99125904  1.99059937 -0.99869777  1.98854757], Best Fitness = 26.874712058568477, Evaluations = 5824
Generation 92: Best Solution = [ 9.94576459e-01  3.11552321e-06 -9.96585536e-01  1.98653196e+00
 -1.99179487e+00 -1.99210136e+00  1.98680371e+00  1.99098578e+00
 -9.93565516e-01  1.98925670e+00], Best Fitness = 26.87094094245016, Evaluations = 5888
Generation 93: Best Solution = [ 0.99798546 -0.00271568 -0.99524194  1.98535061 -1.99028304 -1.99293517
  1.99162749  1.99249722 -0.99248271  1.99066711], Best Fitness = 26.876349032203436, Evaluations = 5952
Generation 94: Best Solution = [ 9.96696666e-01 -1.78347597e-03 -9.94452764e-01  1.99357141e+00
 -1.98704104e+00 -1.99126499e+00  1.99040825e+00  1.99141334e+00
 -9.96152681e-01  1.98635670e+00], Best Fitness = 26.873070771573026, Evaluations = 6016
Generation 95: Best Solution = [ 0.99452868 -0.00281511 -0.9976989   1.98762684 -1.98845055 -1.98720062
  1.99133432  1.99408632 -0.9965448   1.99305843], Best Fitness = 26.876185828310014, Evaluations = 6080
Generation 96: Best Solution = [ 9.93921977e-01  1.27986719e-03 -9.94804183e-01  1.98574074e+00
 -1.99147164e+00 -1.99243110e+00  1.98900354e+00  1.99172759e+00
 -9.97494367e-01  1.99049379e+00], Best Fitness = 26.87174687647871, Evaluations = 6144
Generation 97: Best Solution = [ 0.99486916 -0.00452708 -0.99441992  1.99005634 -1.99253596 -1.99030476
  1.99135155  1.99154525 -0.99771919  1.99156359], Best Fitness = 26.872376924742596, Evaluations = 6208
Generation 98: Best Solution = [ 9.92572119e-01 -1.63524932e-03 -9.97058222e-01  1.99063965e+00
 -1.99042170e+00 -1.98772918e+00  1.99326023e+00  1.99052434e+00
 -9.93915306e-01  1.98996187e+00], Best Fitness = 26.87000846055679, Evaluations = 6272
Generation 99: Best Solution = [ 0.99641313  0.00216261 -0.99339656  1.98899205 -1.99075043 -1.98824687
  1.9929949   1.98859484 -0.99762749  1.98750392], Best Fitness = 26.871337625527318, Evaluations = 6336
Generation 100: Best Solution = [ 9.95943574e-01  1.38891837e-03 -9.94354459e-01  1.98679274e+00
 -1.99091665e+00 -1.99055058e+00  1.99553456e+00  1.98728940e+00
 -9.93953397e-01  1.98769538e+00], Best Fitness = 26.87551555382565, Evaluations = 6400
Generation 101: Best Solution = [ 9.92302661e-01  4.23301641e-04 -9.93198978e-01  1.99403996e+00
 -1.98909659e+00 -1.99043427e+00  1.99166373e+00  1.98793445e+00
 -9.93159144e-01  1.98920017e+00], Best Fitness = 26.87159730709135, Evaluations = 6464
Generation 102: Best Solution = [ 9.90709412e-01 -2.87537255e-04 -9.91365184e-01  1.98794916e+00
 -1.98679655e+00 -1.98993942e+00  1.99281127e+00  1.98554198e+00
 -9.94186014e-01  1.99095775e+00], Best Fitness = 26.878482384211793, Evaluations = 6528
Generation 103: Best Solution = [ 9.92455833e-01 -1.73586039e-03 -9.91230147e-01  1.98522056e+00
 -1.99158984e+00 -1.98923351e+00  1.98905305e+00  1.98987977e+00
 -9.93627020e-01  1.99371153e+00], Best Fitness = 26.87682079536664, Evaluations = 6592
Generation 104: Best Solution = [ 0.9985406   0.00250275 -0.99254253  1.99136941 -1.98986499 -1.98988033
  1.98990364  1.98577813 -0.99601004  1.98828328], Best Fitness = 26.87335649361158, Evaluations = 6656
Generation 105: Best Solution = [ 0.99262157  0.00350568 -0.99293722  1.99037856 -1.99195128 -1.98951049
  1.99206267  1.99161646 -0.98935592  1.99071737], Best Fitness = 26.87693480929822, Evaluations = 6720
Generation 106: Best Solution = [ 9.94250728e-01  2.66200560e-04 -9.95139457e-01  1.99233916e+00
 -1.98813458e+00 -1.99148369e+00  1.99126809e+00  1.98795489e+00
 -9.99240973e-01  1.99063181e+00], Best Fitness = 26.87112743806675, Evaluations = 6784
Generation 107: Best Solution = [ 0.99372336  0.00266678 -0.99302209  1.990789   -1.98651607 -1.98652633
  1.98983869  1.98758683 -0.99844871  1.99403627], Best Fitness = 26.877881120266835, Evaluations = 6848
Generation 108: Best Solution = [ 0.99761645  0.00462132 -0.99206004  1.98553282 -1.98861417 -1.98997214
  1.98514831  1.98830671 -0.99509397  1.98932307], Best Fitness = 26.880369821488003, Evaluations = 6912
Generation 109: Best Solution = [ 9.93960626e-01 -3.26355037e-04 -9.93092173e-01  1.98533311e+00
 -1.99033720e+00 -1.98896164e+00  1.98878252e+00  1.99437579e+00
 -9.93672496e-01  1.99415377e+00], Best Fitness = 26.877228427268804, Evaluations = 6976
Generation 110: Best Solution = [ 9.94780683e-01 -1.46332896e-03 -9.92729244e-01  1.98731856e+00
 -1.99150490e+00 -1.99141245e+00  1.98716451e+00  1.98818696e+00
 -9.96029410e-01  1.99107543e+00], Best Fitness = 26.87013910306524, Evaluations = 7040
Generation 111: Best Solution = [ 0.99769099 -0.00345604 -0.99901516  1.99074003 -1.98949857 -1.99181906
  1.98916492  1.99048623 -0.9913233   1.98965487], Best Fitness = 26.874676594294286, Evaluations = 7104
Generation 112: Best Solution = [ 0.99662535  0.0046675  -0.99489373  1.991079   -1.98924745 -1.98984176
  1.98921993  1.98774214 -0.99617772  1.99197905], Best Fitness = 26.871263635657925, Evaluations = 7168
Generation 113: Best Solution = [ 9.92265719e-01  6.81545807e-04 -9.96664832e-01  1.98782533e+00
 -1.99092729e+00 -1.98485998e+00  1.98899905e+00  1.99159359e+00
 -9.93443537e-01  1.99124279e+00], Best Fitness = 26.873618304105875, Evaluations = 7232
Generation 114: Best Solution = [ 9.97550678e-01  2.56939322e-04 -9.95139120e-01  1.98834934e+00
 -1.98842261e+00 -1.99262420e+00  1.98614707e+00  1.99284260e+00
 -9.94221419e-01  1.99138838e+00], Best Fitness = 26.87264125924949, Evaluations = 7296
Generation 115: Best Solution = [ 0.99666467 -0.00277498 -0.99215061  1.9898091  -1.98784972 -1.98938607
  1.98903119  1.99495513 -0.99217298  1.99130366], Best Fitness = 26.875544956949767, Evaluations = 7360
Generation 116: Best Solution = [ 0.99620105 -0.00217965 -0.99241739  1.9885325  -1.99268156 -1.98871375
  1.98898542  1.99370418 -0.99398188  1.99371015], Best Fitness = 26.874638139498842, Evaluations = 7424
Generation 117: Best Solution = [ 0.9980179  -0.00258606 -0.99282381  1.99336838 -1.9945259  -1.99090825
  1.98523022  1.99054594 -0.99190352  1.9918517 ], Best Fitness = 26.881742253886102, Evaluations = 7488
Generation 118: Best Solution = [ 0.99296998  0.00393787 -0.99334854  1.98828385 -1.98954653 -1.99442533
  1.98889184  1.98752015 -0.99250788  1.99148619], Best Fitness = 26.87584503607151, Evaluations = 7552
Generation 119: Best Solution = [ 9.96179178e-01 -1.27517791e-04 -9.94817230e-01  1.99247971e+00
 -1.98724354e+00 -1.99202338e+00  1.98806793e+00  1.99279558e+00
 -9.92651168e-01  1.98824353e+00], Best Fitness = 26.871691574893205, Evaluations = 7616
Generation 120: Best Solution = [ 9.98463159e-01 -1.31941979e-03 -9.97060411e-01  1.99164826e+00
 -1.98776805e+00 -1.99309174e+00  1.98950336e+00  1.98927859e+00
 -9.92899618e-01  1.98795559e+00], Best Fitness = 26.872741769213448, Evaluations = 7680
Generation 121: Best Solution = [ 0.9989631  -0.00271587 -0.99436884  1.9877     -1.98858403 -1.99112303
  1.99064674  1.99137835 -0.99217536  1.98958395], Best Fitness = 26.872274883649865, Evaluations = 7744
Generation 122: Best Solution = [ 0.99151022  0.00401375 -0.99653826  1.99252627 -1.98896505 -1.99112986
  1.98971376  1.99153443 -0.9946189   1.99007699], Best Fitness = 26.872294291237765, Evaluations = 7808
Generation 123: Best Solution = [ 9.95934466e-01  8.64100570e-04 -9.94067595e-01  1.99080231e+00
 -1.99497325e+00 -1.99144265e+00  1.99051362e+00  1.99006314e+00
 -9.96761660e-01  1.98552837e+00], Best Fitness = 26.87457734010617, Evaluations = 7872
Generation 124: Best Solution = [ 0.99093876 -0.00237106 -0.99900158  1.98641054 -1.98994386 -1.98676491
  1.99228481  1.98809979 -0.99391256  1.98664578], Best Fitness = 26.879905597375114, Evaluations = 7936
Generation 125: Best Solution = [ 0.99640747  0.00205736 -0.99620108  1.99256135 -1.98961902 -1.99075383
  1.98605149  1.98885529 -0.9993287   1.98936807], Best Fitness = 26.873990750486882, Evaluations = 8000
Generation 126: Best Solution = [ 9.94796748e-01 -6.26013996e-04 -9.94060395e-01  1.98950585e+00
 -1.99337987e+00 -1.98348291e+00  1.99215336e+00  1.99281507e+00
 -9.95836767e-01  1.99019652e+00], Best Fitness = 26.877530711679256, Evaluations = 8064
Generation 127: Best Solution = [ 9.94125291e-01 -4.39904800e-04 -9.96039581e-01  1.99114082e+00
 -1.98855684e+00 -1.98544301e+00  1.98961885e+00  1.98934742e+00
 -9.93292133e-01  1.99047567e+00], Best Fitness = 26.869580548507585, Evaluations = 8128
Generation 128: Best Solution = [ 9.92817421e-01  4.98355289e-04 -9.97023262e-01  1.98854502e+00
 -1.99014046e+00 -1.98803323e+00  1.98776071e+00  1.98747890e+00
 -9.93949066e-01  1.99385702e+00], Best Fitness = 26.87212000582643, Evaluations = 8192
Generation 129: Best Solution = [ 9.90449968e-01 -1.49103680e-03 -9.98425840e-01  1.98976538e+00
 -1.99247797e+00 -1.98732122e+00  1.99106644e+00  1.98847746e+00
 -9.97767110e-01  1.99200571e+00], Best Fitness = 26.876459458203456, Evaluations = 8256
Generation 130: Best Solution = [ 0.9953775   0.0030602  -0.99296176  1.98922411 -1.99172859 -1.98823198
  1.98895091  1.98943133 -0.99360815  1.9871283 ], Best Fitness = 26.86997777553063, Evaluations = 8320
Generation 131: Best Solution = [ 9.96423084e-01 -4.39612448e-04 -9.91821074e-01  1.99297044e+00
 -1.98636320e+00 -1.98749258e+00  1.98967476e+00  1.99140386e+00
 -9.96218153e-01  1.98736645e+00], Best Fitness = 26.87383256966028, Evaluations = 8384
Generation 132: Best Solution = [ 9.97860558e-01  7.12032910e-05 -9.92753081e-01  1.98689979e+00
 -1.98427326e+00 -1.98953275e+00  1.99325546e+00  1.98877533e+00
 -9.92361590e-01  1.98809116e+00], Best Fitness = 26.879078331960912, Evaluations = 8448
Generation 133: Best Solution = [ 9.94503216e-01 -7.53073023e-04 -9.92465140e-01  1.99368438e+00
 -1.98786874e+00 -1.99006850e+00  1.98937279e+00  1.99689794e+00
 -9.96954615e-01  1.98877243e+00], Best Fitness = 26.879675065166396, Evaluations = 8512
Generation 134: Best Solution = [ 0.99164442 -0.00653532 -0.9939039   1.99014695 -1.99146493 -1.98917985
  1.9916315   1.99361532 -0.99433579  1.991769  ], Best Fitness = 26.87939051794804, Evaluations = 8576
Generation 135: Best Solution = [ 0.9961266   0.0020241  -0.99367762  1.98944064 -1.9919958  -1.99039494
  1.98831405  1.99204525 -0.99583258  1.99157219], Best Fitness = 26.868326774962668, Evaluations = 8640
Generation 136: Best Solution = [ 0.99509006  0.00211493 -0.99337988  1.98834879 -1.99112712 -1.98664752
  1.98470732  1.98995277 -0.99634763  1.9920628 ], Best Fitness = 26.874793434304507, Evaluations = 8704
Generation 137: Best Solution = [ 9.94659098e-01 -6.51573395e-04 -9.89855135e-01  1.99194057e+00
 -1.99130837e+00 -1.98953251e+00  1.98878259e+00  1.99121785e+00
 -9.99412237e-01  1.99121690e+00], Best Fitness = 26.87521940774934, Evaluations = 8768
Generation 138: Best Solution = [ 9.95209169e-01 -1.90776047e-03 -9.90401546e-01  1.98865043e+00
 -1.99037399e+00 -1.98844530e+00  1.98817468e+00  1.99455275e+00
 -9.93707513e-01  1.99040069e+00], Best Fitness = 26.874719898603843, Evaluations = 8832
Generation 139: Best Solution = [ 9.97069722e-01  1.67582009e-05 -9.94986177e-01  1.99141426e+00
 -1.98446286e+00 -1.99322417e+00  1.98824531e+00  1.98788172e+00
 -9.95010834e-01  1.98986450e+00], Best Fitness = 26.874609753862813, Evaluations = 8896
Generation 140: Best Solution = [ 0.99256527  0.00336456 -0.99443892  1.99443131 -1.99012475 -1.99088547
  1.98717749  1.99459577 -0.99740885  1.9865081 ], Best Fitness = 26.880851063572607, Evaluations = 8960
Generation 141: Best Solution = [ 9.92720840e-01 -1.92239922e-03 -9.92600267e-01  1.99184749e+00
 -1.99248603e+00 -1.98845359e+00  1.98996529e+00  1.98947892e+00
 -9.93885381e-01  1.98944146e+00], Best Fitness = 26.869477950276305, Evaluations = 9024
Generation 142: Best Solution = [ 9.96620033e-01  1.80503988e-03 -9.93190993e-01  1.99066567e+00
 -1.99113372e+00 -1.98821662e+00  1.99017261e+00  1.98910446e+00
 -9.88383589e-01  1.99038281e+00], Best Fitness = 26.875408561969024, Evaluations = 9088
Generation 143: Best Solution = [ 9.91930058e-01  1.92965429e-04 -1.00054861e+00  1.99272502e+00
 -1.99099027e+00 -1.99018261e+00  1.99087869e+00  1.98849320e+00
 -9.97657960e-01  1.98871736e+00], Best Fitness = 26.876010878147298, Evaluations = 9152
Generation 144: Best Solution = [ 0.99557585  0.00212935 -0.99566091  1.98983566 -1.99295196 -1.99109452
  1.99312996  1.9921207  -0.99847019  1.98990474], Best Fitness = 26.872507677525533, Evaluations = 9216
Generation 145: Best Solution = [ 0.99064778 -0.00232688 -0.99444249  1.98842625 -1.98968087 -1.98486296
  1.98858523  1.98861442 -0.99447308  1.99061533], Best Fitness = 26.874993496379076, Evaluations = 9280
Generation 146: Best Solution = [ 0.98985908 -0.00271214 -0.9963439   1.99165016 -1.99043565 -1.98712395
  1.98843574  1.98723918 -0.99488636  1.99225642], Best Fitness = 26.875984922508252, Evaluations = 9344
Generation 147: Best Solution = [ 0.99182698 -0.00293726 -0.99563267  1.99142876 -1.98867198 -1.9896659
  1.98827831  1.99163995 -0.99450513  1.98690002], Best Fitness = 26.87133834165067, Evaluations = 9408
Generation 148: Best Solution = [ 9.91580718e-01  5.97894927e-04 -9.92872192e-01  1.98786416e+00
 -1.98657870e+00 -1.99349770e+00  1.98757617e+00  1.98699461e+00
 -9.97055258e-01  1.99253392e+00], Best Fitness = 26.877634198046678, Evaluations = 9472
Generation 149: Best Solution = [ 9.95847724e-01  5.89821210e-04 -9.96754594e-01  1.98796108e+00
 -1.98710193e+00 -1.99110864e+00  1.98723160e+00  1.99105615e+00
 -9.97377326e-01  1.99181509e+00], Best Fitness = 26.870888485411598, Evaluations = 9536
Generation 150: Best Solution = [ 9.94112945e-01  9.47215625e-04 -9.92380828e-01  1.98473630e+00
 -1.98967721e+00 -1.98854506e+00  1.98950980e+00  1.99495933e+00
 -9.96294240e-01  1.98810112e+00], Best Fitness = 26.87726440948512, Evaluations = 9600
Generation 151: Best Solution = [ 9.91146163e-01 -1.65286308e-03 -9.93690885e-01  1.99020457e+00
 -1.99044691e+00 -1.99140535e+00  1.98889183e+00  1.99290823e+00
 -9.91919057e-01  1.99151123e+00], Best Fitness = 26.872443266271304, Evaluations = 9664
Generation 152: Best Solution = [ 9.88858332e-01 -1.44778380e-03 -9.95681132e-01  1.98830391e+00
 -1.98874582e+00 -1.99337786e+00  1.99286515e+00  1.99149491e+00
 -9.93877781e-01  1.99063061e+00], Best Fitness = 26.87747641148141, Evaluations = 9728
Generation 153: Best Solution = [ 9.92348587e-01 -1.92239023e-03 -9.97431227e-01  1.98906499e+00
 -1.99113472e+00 -1.99409934e+00  1.99196235e+00  1.99210572e+00
 -9.93274637e-01  1.99214903e+00], Best Fitness = 26.87441000596506, Evaluations = 9792
Generation 154: Best Solution = [ 9.92258307e-01  1.65062931e-04 -9.96363837e-01  1.99067629e+00
 -1.99354487e+00 -1.98945921e+00  1.98798238e+00  1.98648729e+00
 -9.90090813e-01  1.98878728e+00], Best Fitness = 26.876483012915656, Evaluations = 9856
Generation 155: Best Solution = [ 0.99736632  0.00284953 -0.99558811  1.98666125 -1.98728349 -1.99270309
  1.98828237  1.99369846 -0.99478276  1.98788963], Best Fitness = 26.87588680541795, Evaluations = 9920
Generation 156: Best Solution = [ 9.96797595e-01  2.62125927e-04 -9.92747060e-01  1.98884061e+00
 -1.98751598e+00 -1.98770185e+00  1.98740393e+00  1.99226123e+00
 -9.96441831e-01  1.98579418e+00], Best Fitness = 26.873979237011525, Evaluations = 9984
Generation 157: Best Solution = [ 9.95596507e-01  2.69066185e-04 -9.97863796e-01  1.99403901e+00
 -1.98824545e+00 -1.99065073e+00  1.99210482e+00  1.99328806e+00
 -9.97916463e-01  1.98848569e+00], Best Fitness = 26.875012101796855, Evaluations = 10048
