Algorithm: Cross-Entropy Method
Objective Function: Sphere
Dimension: 10
Population Size: 128
Max Evaluations: 10000

Generation 1: Best Solution = [-1.52231783  3.16458689 -3.29013812 -0.09880955 -2.0127561   0.45013458
  0.73637612  0.64374595  0.44564569  1.7360703 ], Best Fitness = 31.589841000815944, Evaluations = 128
Generation 2: Best Solution = [-0.08916832  1.59066746 -2.6094948   0.12983892 -1.53698059  2.1227493
 -0.43733986  1.03653556  2.57157743  1.33135297], Best Fitness = 25.884052471216943, Evaluations = 256
Generation 3: Best Solution = [-1.7909415   2.3035814  -1.83052571 -0.02201943 -2.45005216 -1.49567073
  0.57345731 -0.20144823  1.27455915  0.17037561], Best Fitness = 22.12801798197344, Evaluations = 384
Generation 4: Best Solution = [-0.99147619  1.08452734 -1.36936491 -0.14822353 -2.07713806  0.28182181
  0.95159263 -0.02477589  1.08611746  1.37655594], Best Fitness = 12.430980863896261, Evaluations = 512
Generation 5: Best Solution = [-0.02949672  0.23296313 -1.03186326  0.67401566 -1.20371856 -0.0134881
  0.90068246 -1.08113064  1.81858941  0.73549721], Best Fitness = 8.851597028678093, Evaluations = 640
Generation 6: Best Solution = [ 0.47824342  0.66644629 -0.52800613  1.00679787 -1.04569465 -0.05401046
  0.19125781 -0.13996541  1.91011123  0.57202166], Best Fitness = 7.093597825475284, Evaluations = 768
Generation 7: Best Solution = [ 0.46871915  0.62475576 -0.61996564  0.07789004 -1.01535728  0.17243162
  0.18657106 -0.20217837  1.69764821  0.66490492], Best Fitness = 5.460917586369383, Evaluations = 896
Generation 8: Best Solution = [ 0.39662289  0.0557864  -1.42063987  0.01280019 -1.07946657  0.11066171
  0.50581149 -0.16518755  1.15539214  0.92712764], Best Fitness = 5.833926273913178, Evaluations = 1024
Generation 9: Best Solution = [ 0.47140909  0.5233839  -0.76303688  0.07554932 -0.97382237  0.09660277
  0.58346547 -0.03193781  1.26183865  1.05209297], Best Fitness = 5.082340699661125, Evaluations = 1152
Generation 10: Best Solution = [ 0.10927652  0.48736271 -0.87733604 -0.16925134 -1.14731941  0.09322185
  0.41842472 -0.06703108  1.19369151  0.98078567], Best Fitness = 4.939272823946029, Evaluations = 1280
Generation 11: Best Solution = [ 0.13049431  0.41053127 -0.91493479  0.16326628 -1.14337111 -0.18652679
  0.26840172  0.19516221  1.26435318  0.77696337], Best Fitness = 4.703804783611289, Evaluations = 1408
Generation 12: Best Solution = [ 0.06913642  0.46715435 -0.80689527  0.11042606 -1.12214854  0.03401284
  0.37117913  0.20431133  1.2945225   0.79777501], Best Fitness = 4.638411690397051, Evaluations = 1536
Generation 13: Best Solution = [ 0.13933514  0.29803049 -0.89249318  0.15398911 -0.99151214  0.00358952
  0.35290797  0.07422888  1.33289815  0.90520145], Best Fitness = 4.637663499035329, Evaluations = 1664
Generation 14: Best Solution = [ 0.16428818  0.34073898 -0.86820962 -0.00899466 -1.01462716  0.03059549
  0.36199365  0.13556215  1.30552873  0.88610719], Best Fitness = 4.566374589478293, Evaluations = 1792
Generation 15: Best Solution = [ 0.1848306   0.35017805 -0.90408475  0.08661157 -0.97205813  0.01726263
  0.25154936  0.19900941  1.36647766  0.81706488], Best Fitness = 4.564590859526603, Evaluations = 1920
Generation 16: Best Solution = [ 1.87919438e-01  3.66630331e-01 -8.94356332e-01  8.51133158e-02
 -1.00693894e+00  1.13844795e-03  2.92953581e-01  1.56526019e-01
  1.29779396e+00  8.63431408e-01], Best Fitness = 4.530881527598321, Evaluations = 2048
Generation 17: Best Solution = [ 0.18801841  0.30860463 -0.88943522  0.01198818 -1.01963685  0.06480679
  0.28644574  0.1434282   1.3222255   0.83769209], Best Fitness = 4.518316802846224, Evaluations = 2176
Generation 18: Best Solution = [ 0.16810149  0.3262494  -0.85756569 -0.02400936 -1.0152393   0.06110802
  0.31385364  0.18786549  1.31234716  0.85374652], Best Fitness = 4.490072909750359, Evaluations = 2304
Generation 19: Best Solution = [ 0.192396    0.3271808  -0.88522146 -0.00384087 -0.98841085  0.06923011
  0.27171858  0.15255702  1.31443213  0.85781834], Best Fitness = 4.470132866378968, Evaluations = 2432
Generation 20: Best Solution = [ 0.21299543  0.37592138 -0.90257576  0.00172804 -0.9574016   0.04323133
  0.31021014  0.16293799  1.28426467  0.87276941], Best Fitness = 4.453658018945835, Evaluations = 2560
Generation 21: Best Solution = [ 0.16746153  0.34102456 -0.86158064  0.01665348 -1.02074914  0.05203419
  0.2338881   0.13458484  1.31131009  0.83390546], Best Fitness = 4.419325211634749, Evaluations = 2688
Generation 22: Best Solution = [ 0.15908782  0.32061238 -0.88300375 -0.0355762  -1.00651468  0.05258903
  0.21590388  0.16922623  1.30899453  0.82902929], Best Fitness = 4.400908179336534, Evaluations = 2816
Generation 23: Best Solution = [ 0.1823042   0.32456832 -0.88263807 -0.0113138  -0.98019845  0.0545449
  0.2500866   0.14337558  1.30197716  0.84540572], Best Fitness = 4.374476751610169, Evaluations = 2944
Generation 24: Best Solution = [ 1.89413851e-01  3.67076425e-01 -9.08957135e-01  3.07971407e-02
 -9.41689147e-01 -1.21204480e-03  2.64451839e-01  1.90357912e-01
  1.29981094e+00  8.19838028e-01], Best Fitness = 4.352367946893017, Evaluations = 3072
Generation 25: Best Solution = [ 0.17192748  0.35490126 -0.8946596   0.00602412 -0.95178218  0.01963003
  0.26629209  0.17861588  1.29709062  0.82293215], Best Fitness = 4.3247172199357085, Evaluations = 3200
Generation 26: Best Solution = [ 0.19963171  0.35316065 -0.89150269  0.03039439 -0.97180424  0.00566533
  0.2274828   0.16578987  1.289273    0.81869983], Best Fitness = 4.316440673833272, Evaluations = 3328
Generation 27: Best Solution = [ 0.22027507  0.32073911 -0.87580213 -0.01247433 -0.97833564  0.02570999
  0.25666625  0.15222025  1.28811566  0.81800366], Best Fitness = 4.293801777855656, Evaluations = 3456
Generation 28: Best Solution = [ 0.25386661  0.30811489 -0.87837082 -0.04220115 -0.98699049  0.05975217
  0.25470539  0.14226487  1.28046279  0.79904962], Best Fitness = 4.273599210722577, Evaluations = 3584
Generation 29: Best Solution = [ 0.23874631  0.33786946 -0.88916033 -0.00698458 -0.94616353  0.03221046
  0.23884123  0.1613143   1.2762848   0.80772896], Best Fitness = 4.222469778852455, Evaluations = 3712
Generation 30: Best Solution = [ 0.23824485  0.35567431 -0.88016366 -0.02566925 -0.94615677  0.02995175
  0.26041558  0.16234358  1.27628537  0.80247775], Best Fitness = 4.221768125140646, Evaluations = 3840
Generation 31: Best Solution = [ 0.20771436  0.35242864 -0.87625558 -0.00512145 -0.92991251  0.01544682
  0.24945393  0.18678609  1.27703527  0.81879297], Best Fitness = 4.198534477647717, Evaluations = 3968
Generation 32: Best Solution = [ 2.22392095e-01  3.64181797e-01 -8.70331020e-01 -8.97037931e-04
 -9.31248438e-01  9.53758737e-03  2.60552121e-01  1.66986443e-01
  1.26695248e+00  8.16896999e-01], Best Fitness = 4.175139307508238, Evaluations = 4096
Generation 33: Best Solution = [ 0.20748443  0.35030729 -0.87450725 -0.00345841 -0.9348814   0.01791189
  0.2548312   0.16587045  1.26178747  0.81349569], Best Fitness = 4.151198752757036, Evaluations = 4224
Generation 34: Best Solution = [ 0.20670207  0.33668864 -0.87206361 -0.01372806 -0.91985848  0.02576633
  0.24207728  0.16042335  1.27443124  0.81580056], Best Fitness = 4.137614512169042, Evaluations = 4352
Generation 35: Best Solution = [ 2.18120214e-01  3.38219020e-01 -8.56916574e-01  5.92675395e-04
 -9.22096461e-01  1.05166601e-02  2.58316659e-01  1.65833987e-01
  1.26194158e+00  8.16318029e-01], Best Fitness = 4.0997474586938045, Evaluations = 4480
Generation 36: Best Solution = [ 0.24303881  0.36108621 -0.86036597  0.010823   -0.91893164  0.0078269
  0.27133618  0.1621589   1.2560071   0.79765444], Best Fitness = 4.088019725606699, Evaluations = 4608
Generation 37: Best Solution = [ 0.22214616  0.34666527 -0.85396524  0.00926721 -0.90833882  0.00639256
  0.24819767  0.15568421  1.2519619   0.82769294], Best Fitness = 4.062312356782091, Evaluations = 4736
Generation 38: Best Solution = [ 0.22464363  0.33793153 -0.85027335  0.01821862 -0.90630765  0.00169623
  0.25607601  0.15675094  1.25499975  0.81060268], Best Fitness = 4.031602468745678, Evaluations = 4864
Generation 39: Best Solution = [ 0.21632353  0.35562208 -0.85529114  0.01366979 -0.89443193 -0.00260186
  0.23997319  0.15261232  1.25337813  0.81320023], Best Fitness = 4.018116984065569, Evaluations = 4992
Generation 40: Best Solution = [ 0.19841367  0.33425246 -0.83469568  0.00871449 -0.917321    0.01891874
  0.26263299  0.15068807  1.22735595  0.84267264], Best Fitness = 3.9979040392204483, Evaluations = 5120
Generation 41: Best Solution = [ 0.24577998  0.31953957 -0.84515417 -0.00520304 -0.91369618  0.01640101
  0.26913122  0.16015655  1.23470185  0.79611478], Best Fitness = 3.9683048441303006, Evaluations = 5248
Generation 42: Best Solution = [ 0.2497348   0.33075427 -0.84956803  0.01843677 -0.90351267  0.01916079
  0.26545682  0.15235841  1.23485702  0.79066854], Best Fitness = 3.954282882351311, Evaluations = 5376
Generation 43: Best Solution = [ 2.17361501e-01  3.14847561e-01 -8.46032384e-01  5.94290261e-04
 -9.16016792e-01  1.83500368e-02  2.57169176e-01  1.52100118e-01
  1.22620770e+00  7.96302270e-01], Best Fitness = 3.9285226998296663, Evaluations = 5504
Generation 44: Best Solution = [ 0.2370718   0.32831657 -0.85424511 -0.01554673 -0.90199169  0.03094
  0.24781336  0.15653172  1.24019237  0.76359308], Best Fitness = 3.9155826461213574, Evaluations = 5632
Generation 45: Best Solution = [ 0.24777999  0.33252721 -0.84503203  0.02827399 -0.88864885  0.01051965
  0.25302189  0.14219994  1.22517672  0.78561465], Best Fitness = 3.879144543692718, Evaluations = 5760
Generation 46: Best Solution = [ 0.21997314  0.33274441 -0.84452824  0.00813074 -0.88754976  0.01948563
  0.25763428  0.14079685  1.22449896  0.79095376], Best Fitness = 3.8717300646577466, Evaluations = 5888
Generation 47: Best Solution = [ 0.27469063  0.32688501 -0.83938194  0.01067684 -0.87942477  0.00336757
  0.26496581  0.14717891  1.22579124  0.76767295], Best Fitness = 3.8441384830491927, Evaluations = 6016
Generation 48: Best Solution = [ 0.24102616  0.33216665 -0.85553038  0.00658248 -0.86947899  0.01404176
  0.24195968  0.13654651  1.2176115   0.77984996], Best Fitness = 3.824527914526506, Evaluations = 6144
Generation 49: Best Solution = [ 0.26546002  0.33833571 -0.83483307  0.01101415 -0.87142246  0.01694304
  0.2550918   0.13672306  1.20763049  0.78517417], Best Fitness = 3.800306688982114, Evaluations = 6272
Generation 50: Best Solution = [ 0.27561021  0.34228286 -0.84439268  0.02248109 -0.85364497  0.02761998
  0.25102612  0.12411547  1.20760125  0.77753055], Best Fitness = 3.777368824746391, Evaluations = 6400
Generation 51: Best Solution = [ 0.25370377  0.35266405 -0.83405961  0.01362074 -0.8650765   0.0200693
  0.2351656   0.11592006  1.2003464   0.78249417], Best Fitness = 3.755207560200036, Evaluations = 6528
Generation 52: Best Solution = [ 2.53654358e-01  3.35393651e-01 -8.24153784e-01  4.02793773e-04
 -8.70650676e-01  3.47277883e-02  2.43977244e-01  1.32437722e-01
  1.20852371e+00  7.67014371e-01], Best Fitness = 3.741202918585196, Evaluations = 6656
Generation 53: Best Solution = [ 0.27453166  0.34777175 -0.83017456  0.02912269 -0.84682136  0.01617255
  0.26018016  0.13762901  1.19978562  0.7682841 ], Best Fitness = 3.720100160378201, Evaluations = 6784
Generation 54: Best Solution = [ 0.26080175  0.34394513 -0.80794733  0.01415487 -0.84642113  0.01265931
  0.24894187  0.1416418   1.20982021  0.76804537], Best Fitness = 3.6914771247640643, Evaluations = 6912
Generation 55: Best Solution = [ 0.27568904  0.33343863 -0.81586146  0.01484696 -0.86328837  0.02491577
  0.22397038  0.14254425  1.18123789  0.77847231], Best Fitness = 3.670747393382758, Evaluations = 7040
Generation 56: Best Solution = [ 0.26667466  0.35166867 -0.8241359   0.01078474 -0.84966431  0.0056415
  0.23544909  0.13025948  1.18448339  0.75606271], Best Fitness = 3.643099306860173, Evaluations = 7168
Generation 57: Best Solution = [ 0.27002327  0.34779372 -0.81111958  0.04044508 -0.83698665  0.02496776
  0.25121611  0.14908321  1.17762887  0.77046858], Best Fitness = 3.620360790224651, Evaluations = 7296
Generation 58: Best Solution = [ 0.26681093  0.34189536 -0.80554672  0.01526214 -0.82777623  0.01213955
  0.24443872  0.14533929  1.20142221  0.74684592], Best Fitness = 3.6046477643734764, Evaluations = 7424
Generation 59: Best Solution = [ 0.2613813   0.33873237 -0.79950575  0.03178584 -0.83286737  0.02091376
  0.22872086  0.15235468  1.1889538   0.75840344], Best Fitness = 3.5816971070940697, Evaluations = 7552
Generation 60: Best Solution = [ 0.26731062  0.34285015 -0.80346191  0.02824454 -0.84195788  0.02013128
  0.20593118  0.15971259  1.17316005  0.76056732], Best Fitness = 3.5673312370698147, Evaluations = 7680
Generation 61: Best Solution = [ 0.25607054  0.34086366 -0.7971139   0.02150421 -0.83784059  0.0114855
  0.21775092  0.15907347  1.17272416  0.75721596], Best Fitness = 3.5410997237070982, Evaluations = 7808
Generation 62: Best Solution = [ 0.2541406   0.34142869 -0.78524986  0.00419434 -0.82541305  0.01176264
  0.22966447  0.13545833  1.18037799  0.75422598], Best Fitness = 3.5124847485762336, Evaluations = 7936
Generation 63: Best Solution = [ 0.25308345  0.33429218 -0.79259108  0.02402316 -0.83687947  0.02948521
  0.22512231  0.13535748  1.17158281  0.74737235], Best Fitness = 3.5059902478138487, Evaluations = 8064
Generation 64: Best Solution = [ 0.2533496   0.32403077 -0.79428886  0.01965072 -0.83966741  0.02991885
  0.24022997  0.13677615  1.16058127  0.74733812], Best Fitness = 3.4882807017764494, Evaluations = 8192
Generation 65: Best Solution = [ 0.24287057  0.33457122 -0.78274963  0.01216507 -0.83594072  0.00944324
  0.25461094  0.11833036  1.15635089  0.74799073], Best Fitness = 3.4581213855613475, Evaluations = 8320
Generation 66: Best Solution = [ 2.46264238e-01  3.26666244e-01 -7.99403970e-01  3.48169047e-04
 -8.16084733e-01  1.95539043e-02  2.56281053e-01  1.10570010e-01
  1.15685196e+00  7.50478187e-01], Best Fitness = 3.4522100445748007, Evaluations = 8448
Generation 67: Best Solution = [ 0.25734171  0.32089174 -0.78510801  0.02497359 -0.82951862  0.01518025
  0.23078479  0.13405818  1.1487515   0.75174137], Best Fitness = 3.4305244299796325, Evaluations = 8576
Generation 68: Best Solution = [ 0.25748441  0.34264409 -0.77607409  0.02053221 -0.82148341  0.01734057
  0.2354697   0.14380051  1.14138432  0.75167884], Best Fitness = 3.405455268272961, Evaluations = 8704
Generation 69: Best Solution = [ 0.25636178  0.31591661 -0.76145462  0.0228101  -0.8410067   0.03043181
  0.2375805   0.13137448  1.12872447  0.76630921], Best Fitness = 3.3890289543591576, Evaluations = 8832
Generation 70: Best Solution = [ 0.26335925  0.3216753  -0.77012721  0.02725318 -0.82582542  0.03331798
  0.23422184  0.11410294  1.11913914  0.76387107], Best Fitness = 3.353620231221336, Evaluations = 8960
Generation 71: Best Solution = [ 0.24532686  0.32300937 -0.76462359  0.02247715 -0.83477716  0.03093434
  0.23867464  0.10386934  1.12035318  0.75661562], Best Fitness = 3.3428974910476303, Evaluations = 9088
Generation 72: Best Solution = [ 0.2483781   0.3150319  -0.75847619  0.01439651 -0.83346749  0.03736685
  0.23949687  0.11584544  1.1222963   0.7513386 ], Best Fitness = 3.3273320890472378, Evaluations = 9216
Generation 73: Best Solution = [ 0.2338738   0.34773498 -0.75212645  0.02326102 -0.82113206  0.01700491
  0.25086387  0.10389919  1.11254585  0.75578692], Best Fitness = 3.2990987323902075, Evaluations = 9344
Generation 74: Best Solution = [ 0.24168327  0.33115295 -0.74307781  0.0155503  -0.82479992  0.04172129
  0.24320288  0.11417151  1.11219422  0.75946715], Best Fitness = 3.2884642117430762, Evaluations = 9472
Generation 75: Best Solution = [ 0.24110748  0.32873206 -0.72348456  0.03192086 -0.8380077   0.06017424
  0.23453711  0.12272908  1.10322763  0.75910949], Best Fitness = 3.259952780270916, Evaluations = 9600
Generation 76: Best Solution = [ 0.2288031   0.32912583 -0.7429811   0.02104097 -0.81937933  0.03516044
  0.23399896  0.11791897  1.10088286  0.75255665], Best Fitness = 3.2327020115769574, Evaluations = 9728
Generation 77: Best Solution = [ 0.21988407  0.33086198 -0.73550258  0.01683242 -0.80593573  0.03870022
  0.24164638  0.12799849  1.11606531  0.73354111], Best Fitness = 3.2085570639335512, Evaluations = 9856
Generation 78: Best Solution = [ 0.21569145  0.33527372 -0.73063107  0.01571494 -0.79942088  0.03397242
  0.24461766  0.12895079  1.10954161  0.73574622], Best Fitness = 3.182099048065667, Evaluations = 9984
Generation 79: Best Solution = [ 0.22064247  0.35952171 -0.73585321  0.01733849 -0.78677364  0.01507721
  0.25794994  0.10141009  1.0923453   0.74442535], Best Fitness = 3.1631691502338404, Evaluations = 10112
