Algorithm: Cross-Entropy Method
Objective Function: Rastrigin
Dimension: 10
Population Size: 32
Max Evaluations: 10000

Generation 1: Best Solution = [ 0.95320431 -1.57281158 -1.78417342  1.80289814 -3.03575809 -3.06766447
  1.85198399 -0.76788559 -0.64959742  0.49059105], Best Fitness = 117.05456218097315, Evaluations = 32
Generation 2: Best Solution = [-0.77697948 -0.22709382 -1.87348639  1.45790356 -3.79886362 -2.43299752
  2.00960151 -0.92443162 -0.17401428  0.11564376], Best Fitness = 106.26542716840254, Evaluations = 64
Generation 3: Best Solution = [ 0.12572128  0.0642725  -3.098416    2.97088777 -3.21827449 -2.10820406
  1.43417861 -0.66180935  0.05489956  0.24187356], Best Fitness = 96.32926759908847, Evaluations = 96
Generation 4: Best Solution = [ 0.94560338 -0.18641149 -2.85037605  3.7769082  -1.91350335 -3.10486516
  0.99631039  0.81328693 -0.80534008  1.07576693], Best Fitness = 76.55782634102476, Evaluations = 128
Generation 5: Best Solution = [ 0.86594634 -0.14360676 -2.47839325  3.02742775 -1.21058506 -2.67002772
  1.93698031  1.18863272 -1.09130698  1.02794863], Best Fitness = 90.41797745970806, Evaluations = 160
Generation 6: Best Solution = [ 0.96165875 -1.02426505 -2.12421063  2.99244025 -1.11953871 -3.11960547
  1.38957791  0.81441187 -0.66464928  1.75444722], Best Fitness = 89.81473116757093, Evaluations = 192
Generation 7: Best Solution = [ 1.00659103 -0.0393814  -2.9298728   3.31672918 -1.15829219 -2.12496329
  1.71717502  0.90977054 -0.66771514  1.06564472], Best Fitness = 84.02630654173711, Evaluations = 224
Generation 8: Best Solution = [ 0.86347567 -0.7969911  -2.21558531  3.01619644 -1.02430371 -3.07877751
  1.63838164  0.96928189 -0.89648625  1.41524574], Best Fitness = 89.41225692269214, Evaluations = 256
Generation 9: Best Solution = [ 1.00915777  0.16109768 -2.84047744  3.15287718 -1.35053829 -2.12809872
  1.85764167  1.11973867 -0.93864335  1.00031769], Best Fitness = 71.74161368243321, Evaluations = 288
Generation 10: Best Solution = [ 1.00223227  0.03207983 -2.91820343  3.22208127 -1.10426254 -2.00530738
  1.83400668  0.99337479 -0.78208053  1.07600623], Best Fitness = 57.17831032118666, Evaluations = 320
Generation 11: Best Solution = [ 0.89830468  0.14892336 -2.92700747  3.02915418 -1.26000091 -1.87549914
  1.95726915  0.96505588 -0.8942557   0.98799453], Best Fitness = 53.74530104662145, Evaluations = 352
Generation 12: Best Solution = [ 0.89038688 -0.01443584 -2.90471665  3.12793553 -1.1596783  -2.01393724
  1.89022564  0.84988623 -0.84933397  0.97246728], Best Fitness = 52.87982119584895, Evaluations = 384
Generation 13: Best Solution = [ 0.86879687  0.03471948 -2.87360546  3.07860511 -1.136354   -2.01389166
  1.95847366  0.92981719 -0.88190796  0.99344005], Best Fitness = 45.3577576111973, Evaluations = 416
Generation 14: Best Solution = [ 0.91743056  0.0658962  -2.85484148  3.07471489 -1.12987567 -2.0066849
  1.95759881  1.00526982 -0.89107565  1.03854558], Best Fitness = 43.64993522256345, Evaluations = 448
Generation 15: Best Solution = [ 0.90695529  0.06753165 -2.86063778  3.07464241 -1.12702792 -2.01825115
  1.97099963  0.99697071 -0.90319661  1.00896408], Best Fitness = 42.804055088444045, Evaluations = 480
Generation 16: Best Solution = [ 0.90399253  0.06009981 -2.8669698   3.07438604 -1.1242581  -2.01421397
  1.98091754  0.99778848 -0.89455084  1.00825687], Best Fitness = 42.52403062505371, Evaluations = 512
Generation 17: Best Solution = [ 0.90578726  0.06295055 -2.88166199  3.08212856 -1.12208601 -2.01153237
  1.9883317   0.99307849 -0.89680955  1.00470105], Best Fitness = 41.998401047098604, Evaluations = 544
Generation 18: Best Solution = [ 0.90885073  0.06975068 -2.89144455  3.08373538 -1.1180108  -2.01593588
  1.98530622  0.99641812 -0.90514409  1.01355831], Best Fitness = 41.40691767774708, Evaluations = 576
Generation 19: Best Solution = [ 0.91197829  0.0655958  -2.89498158  3.09274773 -1.10542582 -2.0009758
  1.97256124  0.98883565 -0.89500266  1.00513963], Best Fitness = 41.15727740403135, Evaluations = 608
Generation 20: Best Solution = [ 0.91151307  0.06272585 -2.89043626  3.08679993 -1.1025058  -2.00070283
  1.96877484  0.9884878  -0.89450814  1.01523933], Best Fitness = 41.00574209213689, Evaluations = 640
Generation 21: Best Solution = [ 0.91251706  0.06758355 -2.89512215  3.0880357  -1.1040381  -2.00468165
  1.97494945  0.9884447  -0.8982378   0.98956641], Best Fitness = 40.81499239648561, Evaluations = 672
Generation 22: Best Solution = [ 0.91614428  0.06833173 -2.90235718  3.0812541  -1.10100417 -2.00062189
  1.96370635  0.9891141  -0.89703957  0.9943488 ], Best Fitness = 40.223304043365104, Evaluations = 704
Generation 23: Best Solution = [ 0.9157068   0.06756963 -2.8925884   3.07299337 -1.09973207 -2.00938612
  1.96407582  0.98961558 -0.91110089  1.00244835], Best Fitness = 39.769196905531444, Evaluations = 736
Generation 24: Best Solution = [ 0.91907422  0.06826748 -2.89327783  3.07232493 -1.10212766 -2.0081883
  1.96851349  0.9808384  -0.91941083  1.00381379], Best Fitness = 39.47579588455396, Evaluations = 768
Generation 25: Best Solution = [ 0.93496642  0.06943345 -2.8839071   3.05711132 -1.09560177 -2.01137098
  1.9737412   1.00368505 -0.91756807  1.00846687], Best Fitness = 38.731328719227264, Evaluations = 800
Generation 26: Best Solution = [ 0.92500204  0.06171292 -2.89660616  3.0617093  -1.09290871 -2.00781376
  1.97131676  0.99990969 -0.91427068  1.00757159], Best Fitness = 38.455546012169464, Evaluations = 832
Generation 27: Best Solution = [ 0.9294121   0.06014735 -2.89273586  3.05264078 -1.09270444 -2.0058313
  1.97569932  0.99996685 -0.91248598  1.01071472], Best Fitness = 38.19918743523377, Evaluations = 864
Generation 28: Best Solution = [ 0.93210338  0.05128492 -2.89668009  3.04708008 -1.08711294 -2.00808489
  1.97833732  1.00072674 -0.90609411  1.01448916], Best Fitness = 37.704634651695656, Evaluations = 896
Generation 29: Best Solution = [ 0.93425917  0.04794207 -2.8973045   3.02623453 -1.0845204  -2.02452984
  1.98511357  0.99729973 -0.91457816  1.02137858], Best Fitness = 36.99201117662548, Evaluations = 928
Generation 30: Best Solution = [ 0.94044453  0.0433603  -2.89919437  3.03127453 -1.07898212 -2.00988902
  1.98140207  0.99346339 -0.90720117  1.01811663], Best Fitness = 36.668774309879836, Evaluations = 960
Generation 31: Best Solution = [ 0.95034229  0.03957854 -2.90475014  3.03196551 -1.07950319 -2.00461588
  1.9751669   1.00440935 -0.91046646  1.02152832], Best Fitness = 36.214842765285155, Evaluations = 992
Generation 32: Best Solution = [ 0.95669891  0.03351921 -2.90656853  3.03151396 -1.07936447 -1.99742991
  1.98809441  1.00578096 -0.90616387  1.02148247], Best Fitness = 36.029328948348926, Evaluations = 1024
Generation 33: Best Solution = [ 0.94838056  0.04644657 -2.91189809  3.03322844 -1.08216869 -2.0027873
  1.97958919  0.99895803 -0.92723177  1.00983127], Best Fitness = 35.64790818021632, Evaluations = 1056
Generation 34: Best Solution = [ 0.96148797  0.03633185 -2.9159415   3.02005835 -1.07462754 -2.00826898
  1.98592666  1.00808046 -0.91571813  1.02619803], Best Fitness = 35.231323886020704, Evaluations = 1088
Generation 35: Best Solution = [ 0.95269616  0.03301589 -2.91713237  3.02118843 -1.06757809 -2.00937605
  1.98721271  0.99461772 -0.92530165  1.02185436], Best Fitness = 34.74720170874204, Evaluations = 1120
Generation 36: Best Solution = [ 0.97945051  0.02959747 -2.92762319  3.01718268 -1.06722061 -2.01854948
  1.99241717  1.00076015 -0.91186657  1.02666237], Best Fitness = 34.62757369360696, Evaluations = 1152
Generation 37: Best Solution = [ 0.96679346  0.03375352 -2.9334147   3.02106771 -1.06916298 -2.01483277
  1.98799267  0.99862054 -0.92061442  1.02432451], Best Fitness = 34.44390757566704, Evaluations = 1184
Generation 38: Best Solution = [ 0.96138118  0.02800775 -2.92291056  3.02417959 -1.06438257 -1.99421662
  1.98156775  0.9922544  -0.9263954   1.01480142], Best Fitness = 34.22224022927597, Evaluations = 1216
Generation 39: Best Solution = [ 0.96478581  0.01973013 -2.92516911  3.02750613 -1.05540639 -1.99779855
  1.98477157  0.99266722 -0.92342716  1.01546924], Best Fitness = 33.96151499591693, Evaluations = 1248
Generation 40: Best Solution = [ 0.96809836  0.02158894 -2.92982391  3.02405966 -1.0604533  -1.99622261
  1.98814004  1.00037017 -0.92488316  1.01641661], Best Fitness = 33.870247541124385, Evaluations = 1280
Generation 41: Best Solution = [ 0.97433035  0.02624237 -2.92736331  3.02331161 -1.05978201 -2.00471728
  1.98695904  0.99711281 -0.93570394  1.01504377], Best Fitness = 33.632408294141555, Evaluations = 1312
Generation 42: Best Solution = [ 0.96436144  0.02085795 -2.93696427  3.02071675 -1.05909702 -2.00185307
  1.98703622  0.99224733 -0.93298574  1.00880475], Best Fitness = 33.441132024850134, Evaluations = 1344
Generation 43: Best Solution = [ 0.96468076  0.01191809 -2.93482409  3.01120325 -1.05338542 -2.00506502
  1.98371182  0.99927875 -0.93799454  1.01882094], Best Fitness = 33.15156304047848, Evaluations = 1376
Generation 44: Best Solution = [ 0.96414355  0.01017188 -2.93585631  3.0097646  -1.04756931 -1.99864877
  1.98621062  1.00511719 -0.9361749   1.0206515 ], Best Fitness = 33.03006168208523, Evaluations = 1408
Generation 45: Best Solution = [ 0.96708385  0.01540151 -2.94094461  3.00714449 -1.05453075 -1.99862215
  1.98829669  0.99090393 -0.9404852   1.01759462], Best Fitness = 32.91690362728734, Evaluations = 1440
Generation 46: Best Solution = [ 0.97538038  0.01627119 -2.93514404  3.01134652 -1.05080304 -2.00126744
  1.98173415  0.9958079  -0.94538528  1.00962006], Best Fitness = 32.76804522551808, Evaluations = 1472
Generation 47: Best Solution = [ 0.97583881  0.02337302 -2.94740794  3.00257018 -1.05345258 -2.00180988
  1.99165798  0.98398431 -0.94502561  1.00884796], Best Fitness = 32.61297237545402, Evaluations = 1504
Generation 48: Best Solution = [ 0.96842288  0.01762025 -2.94798892  3.00180922 -1.04804144 -2.00399271
  1.98975613  0.99785596 -0.94755599  1.00623456], Best Fitness = 32.42909900354235, Evaluations = 1536
Generation 49: Best Solution = [ 0.9709898   0.01479146 -2.95101474  3.01218564 -1.04654364 -2.0001284
  1.99315135  0.9945556  -0.95375717  1.00609774], Best Fitness = 32.27844323092401, Evaluations = 1568
Generation 50: Best Solution = [ 0.97909288  0.01656792 -2.94773863  2.99976518 -1.04596903 -2.00382642
  1.98136387  0.98880409 -0.9560807   1.00838845], Best Fitness = 32.16765432935891, Evaluations = 1600
Generation 51: Best Solution = [ 0.97054925  0.00644108 -2.95569597  3.00754057 -1.04152723 -2.00156808
  1.9906505   0.99849297 -0.95298589  1.01184077], Best Fitness = 32.09872674268033, Evaluations = 1632
Generation 52: Best Solution = [ 0.97277597  0.01144139 -2.95435349  3.00770532 -1.04290768 -1.9986955
  1.98280981  0.99686992 -0.96193292  1.00469556], Best Fitness = 31.96612561778295, Evaluations = 1664
Generation 53: Best Solution = [ 0.97639793  0.01153809 -2.95683774  3.01209457 -1.03195928 -1.99453026
  1.99553736  0.98816362 -0.9579154   1.0018591 ], Best Fitness = 31.809184405271353, Evaluations = 1696
Generation 54: Best Solution = [ 0.97925999  0.01131122 -2.96095656  3.00014864 -1.0426091  -1.99849336
  1.97886093  0.99325857 -0.96232585  0.99603675], Best Fitness = 31.773982654239873, Evaluations = 1728
Generation 55: Best Solution = [ 0.98142463  0.00745413 -2.96088839  3.00733056 -1.04368793 -1.99996656
  1.98615403  0.99275576 -0.97044693  0.99787458], Best Fitness = 31.716592725163693, Evaluations = 1760
Generation 56: Best Solution = [ 0.97924518  0.00685449 -2.95706605  3.00592724 -1.03497556 -1.99204695
  1.98919369  0.99286176 -0.97122158  1.00531884], Best Fitness = 31.592303698699894, Evaluations = 1792
Generation 57: Best Solution = [ 0.9855962   0.00743567 -2.95870478  3.0013606  -1.03559416 -2.00092294
  1.98898192  0.98503572 -0.97774956  1.00499531], Best Fitness = 31.508812589047196, Evaluations = 1824
Generation 58: Best Solution = [ 0.9880338   0.00905562 -2.96873985  3.00732847 -1.03348339 -1.9961559
  1.99226223  0.98936631 -0.97697091  1.00674659], Best Fitness = 31.420748913509243, Evaluations = 1856
Generation 59: Best Solution = [ 0.98795446 -0.00544432 -2.97746241  3.00870458 -1.03411614 -1.98822496
  1.98085759  0.99212445 -0.98101433  1.01035024], Best Fitness = 31.389848927290288, Evaluations = 1888
Generation 60: Best Solution = [ 0.99185739  0.00457921 -2.97313356  3.00402117 -1.02640417 -1.9922658
  1.9855207   0.98796426 -0.97912233  1.00229008], Best Fitness = 31.220277985340687, Evaluations = 1920
Generation 61: Best Solution = [ 0.99461809  0.00768307 -2.96795346  3.00166236 -1.02345385 -1.99686633
  1.98326754  0.98839545 -0.9851526   1.00730177], Best Fitness = 31.204498910127114, Evaluations = 1952
Generation 62: Best Solution = [ 0.98899173  0.00592612 -2.97124542  2.99707028 -1.01951832 -2.00083017
  1.98025214  0.98681254 -0.99047781  1.00486991], Best Fitness = 31.12192090012047, Evaluations = 1984
Generation 63: Best Solution = [ 9.95600610e-01  5.70331718e-04 -2.97253593e+00  2.99346926e+00
 -1.02016489e+00 -1.99608898e+00  1.98356097e+00  9.87520089e-01
 -9.92799608e-01  1.00363441e+00], Best Fitness = 31.056659915445906, Evaluations = 2016
Generation 64: Best Solution = [ 0.98895532  0.00311783 -2.97603146  2.98865417 -1.01365966 -1.99906188
  1.98046599  0.98182555 -0.99950644  0.99863632], Best Fitness = 31.0154538195862, Evaluations = 2048
Generation 65: Best Solution = [ 9.92031811e-01  2.29984358e-03 -2.97879203e+00  2.98834595e+00
 -1.01330394e+00 -1.99778943e+00  1.98023848e+00  9.90013489e-01
 -9.94001982e-01  9.97041251e-01], Best Fitness = 30.95949429146461, Evaluations = 2080
Generation 66: Best Solution = [ 0.99445957  0.00540113 -2.97699846  2.98559749 -1.01056754 -1.99636289
  1.98374406  0.98919796 -0.99352189  0.99836224], Best Fitness = 30.935154162839254, Evaluations = 2112
Generation 67: Best Solution = [ 0.99227535 -0.00371839 -2.97793922  2.98511971 -1.00332071 -1.9961122
  1.98062545  0.98786287 -0.99431343  0.99407744], Best Fitness = 30.90602826363296, Evaluations = 2144
Generation 68: Best Solution = [ 9.97738805e-01 -1.65087645e-03 -2.98190788e+00  2.98479133e+00
 -1.00319278e+00 -1.98850991e+00  1.98847476e+00  9.88933340e-01
 -9.97762233e-01  9.93774709e-01], Best Fitness = 30.870728802190314, Evaluations = 2176
Generation 69: Best Solution = [ 1.00351749  0.00314384 -2.98722952  2.98963325 -0.99992667 -1.99313476
  1.99031794  0.99299217 -0.9983737   0.99230827], Best Fitness = 30.877233943373312, Evaluations = 2208
Generation 70: Best Solution = [ 9.96825394e-01  2.21493990e-03 -2.98727391e+00  2.98643179e+00
 -1.00118517e+00 -1.98369228e+00  1.98383229e+00  9.93516328e-01
 -9.98624902e-01  9.90522573e-01], Best Fitness = 30.876604792607992, Evaluations = 2240
Generation 71: Best Solution = [ 0.99633123 -0.00319607 -2.99031948  2.98902161 -0.99877111 -1.9903906
  1.9868123   0.9934905  -0.99567628  0.99282624], Best Fitness = 30.86165309432657, Evaluations = 2272
Generation 72: Best Solution = [ 9.96157757e-01 -2.01520551e-04 -2.98655008e+00  2.98520949e+00
 -9.94437732e-01 -1.99075404e+00  1.98814167e+00  9.90522944e-01
 -9.95794340e-01  9.96075178e-01], Best Fitness = 30.849645747715172, Evaluations = 2304
Generation 73: Best Solution = [ 9.97609167e-01 -1.10538515e-04 -2.98289706e+00  2.98701829e+00
 -9.96849393e-01 -1.99445487e+00  1.98765159e+00  9.93057327e-01
 -9.97129493e-01  9.94141380e-01], Best Fitness = 30.854329462458978, Evaluations = 2336
Generation 74: Best Solution = [ 9.96598133e-01 -2.08000574e-03 -2.98632078e+00  2.98498920e+00
 -9.98550097e-01 -1.99092317e+00  1.98665477e+00  9.97153582e-01
 -9.99597793e-01  9.92398066e-01], Best Fitness = 30.856863576686138, Evaluations = 2368
Generation 75: Best Solution = [ 0.99578938  0.00300235 -2.98195582  2.98125858 -0.99664671 -1.9906973
  1.98935481  0.99360633 -0.99578044  0.99441046], Best Fitness = 30.851103439296153, Evaluations = 2400
Generation 76: Best Solution = [ 9.95128581e-01 -1.46544361e-03 -2.98657184e+00  2.97980091e+00
 -9.97902094e-01 -1.99337052e+00  1.99533415e+00  9.93461154e-01
 -9.95063114e-01  9.97322671e-01], Best Fitness = 30.861181071050368, Evaluations = 2432
Generation 77: Best Solution = [ 9.95344753e-01 -9.87582480e-04 -2.98420926e+00  2.98331356e+00
 -9.95186491e-01 -1.99150579e+00  1.99305089e+00  9.93805519e-01
 -9.98462269e-01  9.93655062e-01], Best Fitness = 30.849934878667767, Evaluations = 2464
Generation 78: Best Solution = [ 0.99312023  0.00552502 -2.98977688  2.98548546 -0.99208815 -1.98903549
  1.99134912  0.99288509 -0.9945015   0.99585275], Best Fitness = 30.858498388337026, Evaluations = 2496
Generation 79: Best Solution = [ 0.9946096  -0.00319015 -2.98371364  2.98920593 -0.99838418 -1.98501274
  1.98865298  0.99343432 -0.9955638   0.99690657], Best Fitness = 30.858377862115788, Evaluations = 2528
Generation 80: Best Solution = [ 9.96050871e-01  2.03477593e-03 -2.98378338e+00  2.98233566e+00
 -9.94815997e-01 -1.98857793e+00  1.99304299e+00  9.95833365e-01
 -9.94539761e-01  9.90076995e-01], Best Fitness = 30.853406682188677, Evaluations = 2560
Generation 81: Best Solution = [ 9.91241725e-01 -3.10840063e-04 -2.98548542e+00  2.98432580e+00
 -9.93632038e-01 -1.98886124e+00  1.98716999e+00  9.94236230e-01
 -1.00023619e+00  9.92905640e-01], Best Fitness = 30.855071259700324, Evaluations = 2592
Generation 82: Best Solution = [ 9.94164240e-01  1.43551301e-03 -2.98401890e+00  2.98562258e+00
 -9.94423916e-01 -1.98916446e+00  1.99312401e+00  9.89394568e-01
 -9.92586810e-01  9.95117993e-01], Best Fitness = 30.853915568036456, Evaluations = 2624
Generation 83: Best Solution = [ 0.99626173  0.00344078 -2.985959    2.98176232 -0.99426197 -1.99058385
  1.98825373  0.99806307 -0.99374141  0.99605539], Best Fitness = 30.85164840408737, Evaluations = 2656
Generation 84: Best Solution = [ 0.99899992 -0.00359815 -2.98815699  2.98625441 -0.99280323 -1.98945067
  1.99123033  0.99384171 -0.99459061  0.99717507], Best Fitness = 30.854563814614494, Evaluations = 2688
Generation 85: Best Solution = [ 9.90917315e-01  3.34023565e-04 -2.98073636e+00  2.98467951e+00
 -9.96633497e-01 -1.99177900e+00  1.98852616e+00  9.90813083e-01
 -9.94951129e-01  9.97420479e-01], Best Fitness = 30.856509766882, Evaluations = 2720
Generation 86: Best Solution = [ 0.9977441  -0.00464255 -2.98242507  2.98594979 -0.99622319 -1.98975996
  1.98923859  0.99935267 -0.99319464  0.99330643], Best Fitness = 30.85627643894651, Evaluations = 2752
Generation 87: Best Solution = [ 9.93814359e-01  1.30454309e-03 -2.98385068e+00  2.98313253e+00
 -9.91969259e-01 -1.99539103e+00  1.98857613e+00  9.97065202e-01
 -9.98957044e-01  9.96765742e-01], Best Fitness = 30.857813596038298, Evaluations = 2784
Generation 88: Best Solution = [ 9.94187422e-01  3.29891720e-04 -2.98186085e+00  2.98343589e+00
 -9.96213950e-01 -1.98594978e+00  1.99157226e+00  9.97836081e-01
 -9.92636076e-01  9.95222113e-01], Best Fitness = 30.852658448135486, Evaluations = 2816
Generation 89: Best Solution = [ 0.99527145 -0.00379464 -2.98423387  2.98481407 -0.99262586 -1.99002263
  1.98970618  0.99603604 -0.98973818  0.99373024], Best Fitness = 30.853633691956304, Evaluations = 2848
Generation 90: Best Solution = [ 0.99814258 -0.00338125 -2.98896171  2.98432256 -0.9984931  -1.99121019
  1.98880272  0.99838027 -0.99750981  0.99647173], Best Fitness = 30.85844886502511, Evaluations = 2880
Generation 91: Best Solution = [ 9.97345031e-01 -1.84002979e-03 -2.98498466e+00  2.98583879e+00
 -9.95742640e-01 -1.98702391e+00  1.98505260e+00  9.92820574e-01
 -9.95481413e-01  9.94141088e-01], Best Fitness = 30.853193976326168, Evaluations = 2912
Generation 92: Best Solution = [ 9.96781771e-01  1.13684971e-03 -2.98402308e+00  2.98100971e+00
 -9.95099170e-01 -1.98461715e+00  1.99105850e+00  9.94341553e-01
 -9.95694737e-01  9.97396707e-01], Best Fitness = 30.85480448775982, Evaluations = 2944
Generation 93: Best Solution = [ 9.95464449e-01  2.43658507e-03 -2.98463687e+00  2.98441079e+00
 -9.95279936e-01 -1.98835345e+00  1.98568812e+00  9.90375440e-01
 -9.94799313e-01  9.94184279e-01], Best Fitness = 30.853257069291573, Evaluations = 2976
Generation 94: Best Solution = [ 0.99584634  0.00310947 -2.985843    2.980088   -0.99246045 -1.98919252
  1.98995483  0.99557546 -0.99102215  0.99636099], Best Fitness = 30.85528932080436, Evaluations = 3008
Generation 95: Best Solution = [ 9.95560298e-01 -1.40828696e-04 -2.98699485e+00  2.98437873e+00
 -9.91074438e-01 -1.98797205e+00  1.99322577e+00  9.99408180e-01
 -9.94567867e-01  9.92422563e-01], Best Fitness = 30.855827733516975, Evaluations = 3040
Generation 96: Best Solution = [ 9.96686641e-01  9.31061020e-04 -2.98716719e+00  2.98462340e+00
 -9.92280083e-01 -1.98952328e+00  1.98821663e+00  9.94845204e-01
 -9.92672230e-01  9.94166304e-01], Best Fitness = 30.848675584573783, Evaluations = 3072
Generation 97: Best Solution = [ 9.94437668e-01 -5.73582672e-04 -2.98420995e+00  2.98013611e+00
 -1.00017034e+00 -1.98672420e+00  1.99223312e+00  9.93987185e-01
 -9.94912136e-01  9.95383933e-01], Best Fitness = 30.856945357753744, Evaluations = 3104
Generation 98: Best Solution = [ 9.95603736e-01 -2.41757428e-03 -2.98530885e+00  2.98238518e+00
 -9.92189956e-01 -1.99103096e+00  1.98996381e+00  9.93121753e-01
 -9.98755540e-01  9.96422728e-01], Best Fitness = 30.85186898034752, Evaluations = 3136
Generation 99: Best Solution = [ 0.99520438 -0.00309697 -2.98193729  2.98492822 -0.99284727 -1.99405931
  1.99105252  0.99573677 -0.99260737  0.99230887], Best Fitness = 30.85441333281942, Evaluations = 3168
Generation 100: Best Solution = [ 1.00096488e+00 -1.91145644e-03 -2.98427461e+00  2.98355996e+00
 -9.95473350e-01 -1.99245696e+00  1.98976189e+00  9.94482601e-01
 -9.95188676e-01  9.89595490e-01], Best Fitness = 30.85903458414576, Evaluations = 3200
Generation 101: Best Solution = [ 9.95648779e-01 -1.97501173e-03 -2.98509478e+00  2.98730364e+00
 -9.93532427e-01 -1.99581331e+00  1.98833754e+00  9.94416707e-01
 -9.97357335e-01  9.95270283e-01], Best Fitness = 30.854735877728444, Evaluations = 3232
Generation 102: Best Solution = [ 9.96326206e-01  1.76423390e-03 -2.97914089e+00  2.98120764e+00
 -9.95421072e-01 -1.98758112e+00  1.99087782e+00  9.94385546e-01
 -9.95700997e-01  9.95540622e-01], Best Fitness = 30.85526117728068, Evaluations = 3264
Generation 103: Best Solution = [ 9.97011460e-01  1.60944234e-03 -2.98350644e+00  2.98605704e+00
 -9.97580246e-01 -1.98963412e+00  1.98772703e+00  9.90634009e-01
 -9.98144476e-01  9.97494721e-01], Best Fitness = 30.8549736050294, Evaluations = 3296
Generation 104: Best Solution = [ 0.99656175  0.00367144 -2.99067238  2.98641239 -0.99287889 -1.98808268
  1.98935794  0.9968869  -0.9951828   0.99234391], Best Fitness = 30.85769550737386, Evaluations = 3328
Generation 105: Best Solution = [ 9.93683036e-01 -2.59167484e-03 -2.98439991e+00  2.98718615e+00
 -9.98514567e-01 -1.99230065e+00  1.98807752e+00  9.90357609e-01
 -9.99442514e-01  9.96017839e-01], Best Fitness = 30.859139673702373, Evaluations = 3360
Generation 106: Best Solution = [ 0.99141173 -0.00584591 -2.98405425  2.98196875 -0.99670505 -1.98975572
  1.98858444  0.99421435 -0.99506913  0.99412076], Best Fitness = 30.855915392206484, Evaluations = 3392
Generation 107: Best Solution = [ 9.98406753e-01 -2.92436882e-03 -2.98715920e+00  2.98201972e+00
 -9.98851620e-01 -1.99112381e+00  1.98776810e+00  9.98899748e-01
 -9.94685011e-01  9.94939220e-01], Best Fitness = 30.857652710075655, Evaluations = 3424
Generation 108: Best Solution = [ 9.91155605e-01  5.85944696e-04 -2.98463468e+00  2.98746511e+00
 -9.95739532e-01 -1.99061492e+00  1.99599911e+00  9.94061979e-01
 -9.94508305e-01  9.96790964e-01], Best Fitness = 30.856375350216112, Evaluations = 3456
Generation 109: Best Solution = [ 9.96354929e-01  1.37750047e-03 -2.98321466e+00  2.98761226e+00
 -9.97522184e-01 -1.99209767e+00  1.98929123e+00  9.92489298e-01
 -9.97317515e-01  9.98431068e-01], Best Fitness = 30.853485852214177, Evaluations = 3488
Generation 110: Best Solution = [ 9.93372505e-01 -1.37523128e-03 -2.99042210e+00  2.98564228e+00
 -9.96011610e-01 -1.99068863e+00  1.98662971e+00  9.98881359e-01
 -9.98347981e-01  9.95289676e-01], Best Fitness = 30.858605624001115, Evaluations = 3520
Generation 111: Best Solution = [ 9.96539576e-01 -8.35642546e-04 -2.98659445e+00  2.98706351e+00
 -9.96141868e-01 -1.99101761e+00  1.99504414e+00  9.94443150e-01
 -9.98101949e-01  9.96136753e-01], Best Fitness = 30.853879411312988, Evaluations = 3552
Generation 112: Best Solution = [ 9.92568228e-01 -2.13077767e-04 -2.98695874e+00  2.98229360e+00
 -9.95450697e-01 -1.99122758e+00  1.98826036e+00  9.93064462e-01
 -9.96630884e-01  9.96593525e-01], Best Fitness = 30.849698393771533, Evaluations = 3584
Generation 113: Best Solution = [ 0.99747194 -0.00375399 -2.98517546  2.98100363 -0.99325518 -1.98707982
  1.98865994  0.99439513 -0.99463479  0.9985078 ], Best Fitness = 30.855712587937987, Evaluations = 3616
Generation 114: Best Solution = [ 9.91360065e-01 -1.86397366e-03 -2.98820683e+00  2.98807901e+00
 -9.96689606e-01 -1.98851162e+00  1.99006119e+00  9.97813704e-01
 -9.94558486e-01  9.94637217e-01], Best Fitness = 30.853844882809625, Evaluations = 3648
Generation 115: Best Solution = [ 9.94287306e-01 -1.43672563e-03 -2.98508090e+00  2.98637002e+00
 -9.96011180e-01 -1.98994974e+00  1.98986411e+00  9.98316879e-01
 -9.99757199e-01  9.94839177e-01], Best Fitness = 30.851649088673696, Evaluations = 3680
Generation 116: Best Solution = [ 9.97393069e-01  6.39604968e-04 -2.98281716e+00  2.98773931e+00
 -9.96409889e-01 -1.99114924e+00  1.98924135e+00  9.99285684e-01
 -9.95429397e-01  9.95613547e-01], Best Fitness = 30.852032513587204, Evaluations = 3712
Generation 117: Best Solution = [ 9.97035125e-01 -2.41804465e-03 -2.98465164e+00  2.98185033e+00
 -9.93501121e-01 -1.98844532e+00  1.98529135e+00  9.97135779e-01
 -9.94122837e-01  9.92538870e-01], Best Fitness = 30.85477757984927, Evaluations = 3744
Generation 118: Best Solution = [ 9.97268832e-01  1.58634263e-03 -2.98441302e+00  2.98833634e+00
 -9.99924216e-01 -1.99071137e+00  1.99185256e+00  9.98520923e-01
 -9.91746056e-01  9.97585572e-01], Best Fitness = 30.859344749912054, Evaluations = 3776
Generation 119: Best Solution = [ 9.91801077e-01 -1.45049256e-03 -2.98789670e+00  2.98381412e+00
 -9.93516261e-01 -1.98901317e+00  1.98991949e+00  9.93602016e-01
 -9.92306770e-01  9.97075704e-01], Best Fitness = 30.851316266067215, Evaluations = 3808
Generation 120: Best Solution = [ 0.99563191 -0.00381347 -2.98350445  2.98845407 -0.99520517 -1.98933133
  1.98556495  0.99372347 -0.99295921  0.99352975], Best Fitness = 30.85487281849275, Evaluations = 3840
Generation 121: Best Solution = [ 9.94379681e-01 -2.33274151e-03 -2.98593635e+00  2.98300485e+00
 -9.93762167e-01 -1.99352007e+00  1.98751020e+00  9.97718810e-01
 -9.93843308e-01  9.92491992e-01], Best Fitness = 30.852681206520714, Evaluations = 3872
Generation 122: Best Solution = [ 9.94746476e-01  2.80748421e-03 -2.98463621e+00  2.98672830e+00
 -9.93949894e-01 -1.99346914e+00  1.98813195e+00  9.90461659e-01
 -9.92449258e-01  9.92957012e-01], Best Fitness = 30.855321593488043, Evaluations = 3904
Generation 123: Best Solution = [ 0.99920657 -0.00420656 -2.98761193  2.98425332 -0.99829698 -1.99033871
  1.98926422  0.99704566 -0.99365235  0.99438397], Best Fitness = 30.855919358478843, Evaluations = 3936
Generation 124: Best Solution = [ 0.99087249 -0.00418965 -2.98458434  2.98498391 -0.99361819 -1.98824511
  1.98685663  0.99560486 -0.99814695  0.99679533], Best Fitness = 30.855992038920192, Evaluations = 3968
Generation 125: Best Solution = [ 9.95438380e-01  7.15092506e-04 -2.98685798e+00  2.98285520e+00
 -9.95012114e-01 -1.98841113e+00  1.98989039e+00  9.93233936e-01
 -9.92120430e-01  9.97571803e-01], Best Fitness = 30.849377157796468, Evaluations = 4000
Generation 126: Best Solution = [ 9.94869271e-01 -2.30804216e-03 -2.98485599e+00  2.98241294e+00
 -9.95515901e-01 -1.98816138e+00  1.98693871e+00  9.91247830e-01
 -9.95889265e-01  9.97272590e-01], Best Fitness = 30.852278094279697, Evaluations = 4032
Generation 127: Best Solution = [ 9.94012664e-01 -2.24031075e-03 -2.98714215e+00  2.98871957e+00
 -9.97610109e-01 -1.98679152e+00  1.98978480e+00  9.92550174e-01
 -9.97844735e-01  9.94841211e-01], Best Fitness = 30.854946531613493, Evaluations = 4064
Generation 128: Best Solution = [ 9.94949803e-01  3.15700932e-04 -2.98483718e+00  2.98345356e+00
 -9.95504619e-01 -1.99053783e+00  1.99256247e+00  9.97671682e-01
 -9.95939842e-01  9.96907507e-01], Best Fitness = 30.84799984464891, Evaluations = 4096
Generation 129: Best Solution = [ 9.96701968e-01  5.16714203e-05 -2.97830977e+00  2.98580048e+00
 -9.95429826e-01 -1.99063612e+00  1.98873340e+00  9.92508887e-01
 -9.92723452e-01  9.96834536e-01], Best Fitness = 30.85619128133243, Evaluations = 4128
Generation 130: Best Solution = [ 9.95148970e-01 -2.58368988e-04 -2.97889336e+00  2.98460612e+00
 -9.94254509e-01 -1.98806974e+00  1.98945904e+00  9.95436156e-01
 -9.98183516e-01  9.92786751e-01], Best Fitness = 30.854558699894454, Evaluations = 4160
Generation 131: Best Solution = [ 9.96561288e-01 -8.29746760e-04 -2.98225533e+00  2.98436125e+00
 -9.97154050e-01 -1.99067580e+00  1.98672907e+00  9.92892945e-01
 -9.93581293e-01  9.99659174e-01], Best Fitness = 30.854370215139483, Evaluations = 4192
Generation 132: Best Solution = [ 9.92624857e-01 -1.80595759e-03 -2.98083687e+00  2.98825423e+00
 -9.92944391e-01 -1.99271682e+00  1.99270871e+00  9.91809498e-01
 -9.95921498e-01  9.93171140e-01], Best Fitness = 30.857551255606197, Evaluations = 4224
Generation 133: Best Solution = [ 9.91386167e-01 -1.20445583e-04 -2.98444340e+00  2.98375145e+00
 -9.93035734e-01 -1.98922923e+00  1.98594349e+00  9.98337342e-01
 -9.94548278e-01  9.94192865e-01], Best Fitness = 30.852823397692333, Evaluations = 4256
Generation 134: Best Solution = [ 9.94496430e-01 -1.05120275e-03 -2.98428310e+00  2.98214793e+00
 -9.94354511e-01 -1.99016658e+00  1.99101117e+00  9.96990670e-01
 -9.92246807e-01  9.98777451e-01], Best Fitness = 30.850927259447715, Evaluations = 4288
Generation 135: Best Solution = [ 9.95473660e-01 -1.14658562e-03 -2.98626252e+00  2.98769246e+00
 -9.92234158e-01 -1.99092179e+00  1.99348467e+00  9.92829369e-01
 -1.00118238e+00  9.94418410e-01], Best Fitness = 30.85879589291764, Evaluations = 4320
Generation 136: Best Solution = [ 1.00020571e+00  9.03372279e-04 -2.98314851e+00  2.98606951e+00
 -9.94978474e-01 -1.98897308e+00  1.99088227e+00  9.92887621e-01
 -9.97265919e-01  9.94636415e-01], Best Fitness = 30.852437030130858, Evaluations = 4352
Generation 137: Best Solution = [ 0.99363712  0.00371739 -2.98898734  2.9848932  -0.99221336 -1.9879933
  1.99098084  0.99416497 -0.99686332  0.99456724], Best Fitness = 30.853446021775994, Evaluations = 4384
Generation 138: Best Solution = [ 9.96481871e-01 -3.17919139e-04 -2.98967849e+00  2.98597988e+00
 -9.93866141e-01 -1.99018136e+00  1.99449726e+00  9.95147949e-01
 -9.96686546e-01  9.94384317e-01], Best Fitness = 30.854067915916488, Evaluations = 4416
Generation 139: Best Solution = [ 0.99699568  0.0047728  -2.98348816  2.9839731  -0.98903337 -1.98908324
  1.99085022  0.9957867  -0.99362912  0.99542688], Best Fitness = 30.857323617356457, Evaluations = 4448
Generation 140: Best Solution = [ 0.99627204  0.00317147 -2.98563293  2.98685493 -0.99607619 -1.98989024
  1.99101539  0.99753073 -0.99232813  0.9994123 ], Best Fitness = 30.854013330982, Evaluations = 4480
Generation 141: Best Solution = [ 0.99590986 -0.00405926 -2.98597507  2.98336082 -0.99871541 -1.98826395
  1.98686654  0.99463326 -0.9929424   0.99863406], Best Fitness = 30.85647616479247, Evaluations = 4512
Generation 142: Best Solution = [ 9.91959002e-01  2.66357447e-03 -2.98252617e+00  2.98636764e+00
 -9.98060408e-01 -1.99222903e+00  1.99000794e+00  9.92812444e-01
 -9.97041737e-01  9.93823791e-01], Best Fitness = 30.85337641349723, Evaluations = 4544
Generation 143: Best Solution = [ 9.96482066e-01 -7.27570144e-04 -2.98730503e+00  2.97993380e+00
 -9.94103700e-01 -1.98720333e+00  1.98858232e+00  9.89844256e-01
 -9.91707766e-01  9.90302402e-01], Best Fitness = 30.86371470061178, Evaluations = 4576
Generation 144: Best Solution = [ 0.99743695  0.00486471 -2.98300652  2.9849166  -0.9937616  -1.98851051
  1.99141245  0.99644471 -0.99204921  0.99139184], Best Fitness = 30.856005577544934, Evaluations = 4608
Generation 145: Best Solution = [ 9.95021945e-01  4.84844128e-05 -2.98970081e+00  2.98432324e+00
 -9.91186010e-01 -1.99476192e+00  1.99219550e+00  9.98645961e-01
 -9.93851944e-01  9.92871032e-01], Best Fitness = 30.86067461582398, Evaluations = 4640
Generation 146: Best Solution = [ 9.95587063e-01 -2.82483628e-03 -2.98190419e+00  2.98515697e+00
 -9.93504053e-01 -1.99069337e+00  1.98452878e+00  9.94005875e-01
 -9.90779979e-01  9.93688032e-01], Best Fitness = 30.857294198262395, Evaluations = 4672
Generation 147: Best Solution = [ 9.96511382e-01 -4.19054682e-04 -2.98563324e+00  2.98394781e+00
 -9.90158094e-01 -1.98875054e+00  1.99115170e+00  9.97212151e-01
 -9.97044328e-01  9.99542774e-01], Best Fitness = 30.855632393312874, Evaluations = 4704
Generation 148: Best Solution = [ 9.99769712e-01  1.56624458e-03 -2.98466292e+00  2.98634053e+00
 -9.96635197e-01 -1.98674223e+00  1.99097126e+00  9.93006120e-01
 -9.96893222e-01  9.95890391e-01], Best Fitness = 30.853619104806484, Evaluations = 4736
Generation 149: Best Solution = [ 1.00022031e+00 -1.26300007e-03 -2.98481679e+00  2.98344585e+00
 -9.89353551e-01 -1.98899112e+00  1.99011602e+00  9.93924261e-01
 -9.96554807e-01  9.96334388e-01], Best Fitness = 30.85735631222707, Evaluations = 4768
Generation 150: Best Solution = [ 0.99797525  0.00472646 -2.98683734  2.9829442  -0.99423037 -1.99127215
  1.99014507  0.99440411 -0.99347508  0.99594228], Best Fitness = 30.8525651164489, Evaluations = 4800
Generation 151: Best Solution = [ 9.95862381e-01 -4.14857800e-04 -2.98526918e+00  2.98831313e+00
 -9.95857416e-01 -1.98828585e+00  1.99109726e+00  9.94333928e-01
 -9.91507707e-01  9.93419986e-01], Best Fitness = 30.850121911420842, Evaluations = 4832
Generation 152: Best Solution = [ 9.93932004e-01  8.55480790e-04 -2.98306626e+00  2.98307874e+00
 -9.98050615e-01 -1.99078188e+00  1.99138628e+00  9.94132328e-01
 -9.92993232e-01  9.99452376e-01], Best Fitness = 30.85265245225358, Evaluations = 4864
Generation 153: Best Solution = [ 0.99555472 -0.00314972 -2.99130252  2.98371001 -0.99363622 -1.98731829
  1.99271777  0.99473322 -0.99351714  0.99735424], Best Fitness = 30.858973346435107, Evaluations = 4896
Generation 154: Best Solution = [ 9.90820510e-01 -5.50561574e-04 -2.98852964e+00  2.98330763e+00
 -9.96467858e-01 -1.98883736e+00  1.99020403e+00  9.92984909e-01
 -9.96714046e-01  9.97596053e-01], Best Fitness = 30.853715830619933, Evaluations = 4928
Generation 155: Best Solution = [ 9.94935967e-01 -2.38453063e-03 -2.98777291e+00  2.98959970e+00
 -9.95594740e-01 -1.99209467e+00  1.98656127e+00  9.94822460e-01
 -9.95085367e-01  9.95507218e-01], Best Fitness = 30.854230948787006, Evaluations = 4960
Generation 156: Best Solution = [ 9.93849713e-01  1.72545209e-04 -2.98555610e+00  2.98312982e+00
 -9.92221489e-01 -1.98888413e+00  1.98891761e+00  9.94725541e-01
 -9.96903300e-01  9.92554418e-01], Best Fitness = 30.84839198938252, Evaluations = 4992
Generation 157: Best Solution = [ 9.92054734e-01 -1.04203652e-03 -2.98573625e+00  2.98373735e+00
 -9.94715645e-01 -1.98877781e+00  1.98889879e+00  9.97682098e-01
 -9.97690404e-01  9.99186839e-01], Best Fitness = 30.852914078436015, Evaluations = 5024
Generation 158: Best Solution = [ 9.93145121e-01 -2.42605561e-04 -2.98875781e+00  2.98671182e+00
 -9.94173827e-01 -1.98717255e+00  1.99418783e+00  9.96590670e-01
 -9.95488994e-01  9.95205995e-01], Best Fitness = 30.853839083008467, Evaluations = 5056
Generation 159: Best Solution = [ 0.99068249  0.00544694 -2.98546779  2.98436735 -0.99583214 -1.98990566
  1.9882784   0.99313913 -0.99643796  0.99570648], Best Fitness = 30.855172440425022, Evaluations = 5088
Generation 160: Best Solution = [ 0.99807914  0.00400945 -2.99029286  2.98141099 -0.99528472 -1.98877968
  1.98850429  0.99521835 -0.99521121  0.99237348], Best Fitness = 30.858985065797057, Evaluations = 5120
Generation 161: Best Solution = [ 9.98635650e-01 -1.58660262e-03 -2.98703605e+00  2.98800268e+00
 -9.92149815e-01 -1.99182904e+00  1.99128577e+00  9.92732666e-01
 -9.93111067e-01  9.94577340e-01], Best Fitness = 30.854090809469398, Evaluations = 5152
Generation 162: Best Solution = [ 9.95568852e-01  2.88378318e-03 -2.98615831e+00  2.98716261e+00
 -9.95023589e-01 -1.98813184e+00  1.98329892e+00  9.97808538e-01
 -9.96388276e-01  9.95065207e-01], Best Fitness = 30.85806788071119, Evaluations = 5184
Generation 163: Best Solution = [ 9.99364436e-01 -1.81250410e-04 -2.98204163e+00  2.98414788e+00
 -9.98339364e-01 -1.99101057e+00  1.98753226e+00  9.92614412e-01
 -9.96998973e-01  9.95276289e-01], Best Fitness = 30.854740526437027, Evaluations = 5216
Generation 164: Best Solution = [ 9.97032141e-01  1.55912056e-03 -2.98958300e+00  2.98266825e+00
 -9.97280046e-01 -1.98636260e+00  1.98799452e+00  9.94262337e-01
 -9.98342571e-01  9.92752823e-01], Best Fitness = 30.857979087143633, Evaluations = 5248
Generation 165: Best Solution = [ 9.98695799e-01 -1.70045965e-03 -2.98733761e+00  2.98627978e+00
 -9.95247675e-01 -1.98709131e+00  1.99073612e+00  9.92892282e-01
 -9.97874022e-01  9.91077093e-01], Best Fitness = 30.855866366116672, Evaluations = 5280
Generation 166: Best Solution = [ 0.99837627  0.00507282 -2.98550379  2.98046468 -0.997368   -1.98931373
  1.98934244  1.00029078 -0.99300434  0.99151718], Best Fitness = 30.864999820484698, Evaluations = 5312
Generation 167: Best Solution = [ 9.94681357e-01 -1.32614301e-03 -2.98979344e+00  2.98350417e+00
 -9.95216786e-01 -1.98886211e+00  1.98615312e+00  9.96937779e-01
 -9.96255320e-01  9.91516927e-01], Best Fitness = 30.85569091293435, Evaluations = 5344
Generation 168: Best Solution = [ 0.98947747  0.00456469 -2.98503514  2.98053529 -0.99572131 -1.98876399
  1.98866716  0.99565028 -0.99099851  0.99733113], Best Fitness = 30.862440906528093, Evaluations = 5376
Generation 169: Best Solution = [ 0.99581826  0.00449001 -2.98684315  2.98121553 -0.99254451 -1.98733768
  1.98831032  0.99680964 -0.99264768  0.99619836], Best Fitness = 30.856219862467597, Evaluations = 5408
Generation 170: Best Solution = [ 9.98766592e-01  2.68620002e-03 -2.98391969e+00  2.98397807e+00
 -9.98311480e-01 -1.98689197e+00  1.99008465e+00  9.96954073e-01
 -9.93179845e-01  9.96681045e-01], Best Fitness = 30.854338763286137, Evaluations = 5440
Generation 171: Best Solution = [ 9.94136482e-01 -2.43870327e-04 -2.98484808e+00  2.98305365e+00
 -9.94784392e-01 -1.98409158e+00  1.99112631e+00  9.91268267e-01
 -9.97543389e-01  9.92687925e-01], Best Fitness = 30.856494179871888, Evaluations = 5472
Generation 172: Best Solution = [ 9.96458566e-01 -2.79302097e-03 -2.98747130e+00  2.98447391e+00
 -9.96560724e-01 -1.98836040e+00  1.99607837e+00  9.95396664e-01
 -9.94429493e-01  9.92626848e-01], Best Fitness = 30.856725046410347, Evaluations = 5504
Generation 173: Best Solution = [ 9.90290983e-01  6.29792589e-04 -2.98329195e+00  2.98639179e+00
 -9.93640604e-01 -1.98559258e+00  1.99218259e+00  9.99449137e-01
 -9.94069744e-01  9.96608200e-01], Best Fitness = 30.85875950980332, Evaluations = 5536
Generation 174: Best Solution = [ 9.96386575e-01  7.05352141e-04 -2.97957380e+00  2.98718078e+00
 -9.94312691e-01 -1.98965772e+00  1.99133727e+00  9.94472852e-01
 -9.97506089e-01  9.93284938e-01], Best Fitness = 30.853121914114155, Evaluations = 5568
Generation 175: Best Solution = [ 9.92120503e-01 -3.99656563e-04 -2.98415355e+00  2.98334682e+00
 -9.90296347e-01 -1.98801977e+00  1.99292578e+00  9.94960337e-01
 -9.95705162e-01  9.94602836e-01], Best Fitness = 30.85278756070234, Evaluations = 5600
Generation 176: Best Solution = [ 9.96775625e-01 -9.32583464e-04 -2.98456942e+00  2.98592136e+00
 -9.94234718e-01 -1.98893843e+00  1.99085217e+00  9.96668415e-01
 -9.90739266e-01  9.93676643e-01], Best Fitness = 30.849629176038803, Evaluations = 5632
Generation 177: Best Solution = [ 0.99627791 -0.00384783 -2.98538556  2.98717175 -0.99526734 -1.98725538
  1.99153661  0.99803481 -0.99646044  0.99493498], Best Fitness = 30.85232049512102, Evaluations = 5664
Generation 178: Best Solution = [ 9.97332015e-01 -2.08125769e-03 -2.98436278e+00  2.98377119e+00
 -9.93961971e-01 -1.98828248e+00  1.98686895e+00  9.95510720e-01
 -9.92378875e-01  1.00048349e+00], Best Fitness = 30.855906696343183, Evaluations = 5696
Generation 179: Best Solution = [ 9.99025677e-01  7.21768435e-04 -2.98544158e+00  2.98227286e+00
 -9.97940527e-01 -1.98796967e+00  1.98982763e+00  9.95490565e-01
 -9.94605296e-01  9.96411184e-01], Best Fitness = 30.851439850703827, Evaluations = 5728
Generation 180: Best Solution = [ 9.92714619e-01  5.82477480e-04 -2.98518073e+00  2.98891483e+00
 -9.91928401e-01 -1.99297720e+00  1.98932292e+00  9.92380868e-01
 -9.94122194e-01  9.96463212e-01], Best Fitness = 30.85365807776917, Evaluations = 5760
Generation 181: Best Solution = [ 9.94507683e-01  1.41913733e-04 -2.98450793e+00  2.98493915e+00
 -9.98798022e-01 -1.99293946e+00  1.99155784e+00  9.94446924e-01
 -9.99252344e-01  9.98402023e-01], Best Fitness = 30.855064784544908, Evaluations = 5792
Generation 182: Best Solution = [ 9.93067972e-01  2.30104873e-04 -2.98748327e+00  2.98353791e+00
 -9.97809932e-01 -1.99306840e+00  1.98509391e+00  9.95834426e-01
 -9.96070876e-01  9.93033408e-01], Best Fitness = 30.855397662151944, Evaluations = 5824
Generation 183: Best Solution = [ 9.96543442e-01  5.38346273e-04 -2.98104192e+00  2.98542999e+00
 -9.93752940e-01 -1.99340880e+00  1.99370294e+00  9.99281984e-01
 -9.94562795e-01  9.94731207e-01], Best Fitness = 30.85645602366982, Evaluations = 5856
Generation 184: Best Solution = [ 9.95973087e-01  1.50904673e-03 -2.98413485e+00  2.98774992e+00
 -9.96567331e-01 -1.99044244e+00  1.98920475e+00  9.99002850e-01
 -9.98143114e-01  9.94872806e-01], Best Fitness = 30.85199843212399, Evaluations = 5888
Generation 185: Best Solution = [ 9.98465181e-01  2.93216751e-03 -2.98357704e+00  2.98462094e+00
 -9.97806931e-01 -1.99042194e+00  1.99188821e+00  9.98953010e-01
 -9.97883222e-01  9.99080715e-01], Best Fitness = 30.85880261094853, Evaluations = 5920
Generation 186: Best Solution = [ 0.99351135  0.0034208  -2.98420546  2.98300257 -0.99785153 -1.98911722
  1.99064213  0.98979083 -0.99842479  0.99344729], Best Fitness = 30.857177841988573, Evaluations = 5952
Generation 187: Best Solution = [ 9.94559627e-01 -1.27605151e-03 -2.98333238e+00  2.98603396e+00
 -9.92597007e-01 -1.99259328e+00  1.99185655e+00  9.93963935e-01
 -9.98136133e-01  9.99354208e-01], Best Fitness = 30.85405596141763, Evaluations = 5984
Generation 188: Best Solution = [ 0.99610788 -0.00306234 -2.98541394  2.98245989 -0.99596932 -1.98783215
  1.99037005  0.99242577 -0.99167206  0.99736641], Best Fitness = 30.852640610738078, Evaluations = 6016
Generation 189: Best Solution = [ 9.96207560e-01  1.97155537e-03 -2.98800597e+00  2.98127478e+00
 -9.95139635e-01 -1.98781158e+00  1.98895003e+00  9.90303535e-01
 -9.97906172e-01  9.97377644e-01], Best Fitness = 30.85747459129614, Evaluations = 6048
Generation 190: Best Solution = [ 9.94930152e-01  1.93581199e-03 -2.98955023e+00  2.98334746e+00
 -9.96622706e-01 -1.99390029e+00  1.99047949e+00  9.93316077e-01
 -9.97558335e-01  9.96735166e-01], Best Fitness = 30.855473812959843, Evaluations = 6080
Generation 191: Best Solution = [ 9.94370773e-01 -2.03392655e-03 -2.98552878e+00  2.98073189e+00
 -9.96549707e-01 -1.98887550e+00  1.98803123e+00  9.92731434e-01
 -9.93232624e-01  9.96069506e-01], Best Fitness = 30.851228577705484, Evaluations = 6112
Generation 192: Best Solution = [ 9.93472545e-01 -8.31171246e-04 -2.98763076e+00  2.98228947e+00
 -9.94844299e-01 -1.99044424e+00  1.98696603e+00  9.89981310e-01
 -9.94209247e-01  9.98396764e-01], Best Fitness = 30.856199524574677, Evaluations = 6144
Generation 193: Best Solution = [ 9.91775299e-01 -3.19169899e-04 -2.98674629e+00  2.98685668e+00
 -9.93808607e-01 -1.98865858e+00  1.98721311e+00  9.92156491e-01
 -9.97184764e-01  9.99566977e-01], Best Fitness = 30.85595338850814, Evaluations = 6176
Generation 194: Best Solution = [ 9.93208909e-01 -2.21888489e-04 -2.98184494e+00  2.98638788e+00
 -9.93202128e-01 -1.98947149e+00  1.99244978e+00  9.93876764e-01
 -9.94832852e-01  9.93686044e-01], Best Fitness = 30.849011670485396, Evaluations = 6208
Generation 195: Best Solution = [ 9.95377392e-01 -2.19382743e-03 -2.98548835e+00  2.99066187e+00
 -9.93709410e-01 -1.98868235e+00  1.98793406e+00  9.95755571e-01
 -9.90254390e-01  9.97129142e-01], Best Fitness = 30.85822398051849, Evaluations = 6240
Generation 196: Best Solution = [ 9.91212778e-01  1.64898197e-03 -2.98313069e+00  2.98764701e+00
 -9.96391905e-01 -1.98849806e+00  1.99182645e+00  9.95364421e-01
 -9.97591273e-01  9.95970585e-01], Best Fitness = 30.85224742200799, Evaluations = 6272
Generation 197: Best Solution = [ 9.96420571e-01 -1.98358066e-03 -2.98364907e+00  2.98699276e+00
 -9.95203607e-01 -1.98922596e+00  1.98626251e+00  9.99031836e-01
 -9.95989384e-01  9.94108199e-01], Best Fitness = 30.852440229791313, Evaluations = 6304
Generation 198: Best Solution = [ 9.95827900e-01 -5.70285149e-04 -2.98457137e+00  2.98449028e+00
 -9.97738078e-01 -1.99071304e+00  1.98940137e+00  9.93829241e-01
 -9.96486992e-01  9.94970964e-01], Best Fitness = 30.846343786337897, Evaluations = 6336
Generation 199: Best Solution = [ 9.94024724e-01 -1.63825740e-03 -2.98580987e+00  2.99030383e+00
 -9.91886649e-01 -1.98879201e+00  1.99032332e+00  9.96871826e-01
 -9.90776970e-01  9.95547702e-01], Best Fitness = 30.85682709222118, Evaluations = 6368
Generation 200: Best Solution = [ 9.89571880e-01 -1.31024544e-03 -2.98760776e+00  2.98816858e+00
 -9.95255584e-01 -1.98888361e+00  1.99143482e+00  9.98846356e-01
 -9.92194605e-01  9.93781410e-01], Best Fitness = 30.858890734385227, Evaluations = 6400
Generation 201: Best Solution = [ 9.92348594e-01 -2.45243425e-03 -2.98327769e+00  2.98325880e+00
 -9.91458572e-01 -1.98537137e+00  1.98972456e+00  9.96802110e-01
 -9.94625799e-01  9.92218363e-01], Best Fitness = 30.85589898699989, Evaluations = 6432
Generation 202: Best Solution = [ 9.93373265e-01 -1.92229802e-03 -2.98564353e+00  2.98827224e+00
 -9.96208658e-01 -1.99201366e+00  1.98714614e+00  1.00071050e+00
 -9.95189552e-01  9.94935917e-01], Best Fitness = 30.85659255311721, Evaluations = 6464
Generation 203: Best Solution = [ 9.94385846e-01 -2.47078878e-03 -2.98447161e+00  2.99022396e+00
 -9.96011804e-01 -1.99244909e+00  1.98815751e+00  9.94024140e-01
 -9.93240316e-01  9.92890343e-01], Best Fitness = 30.854373361260343, Evaluations = 6496
Generation 204: Best Solution = [ 0.99586728 -0.00386202 -2.98732003  2.98609742 -0.99972589 -1.98865387
  1.99559656  0.99422009 -0.99604038  0.9925234 ], Best Fitness = 30.861026066300866, Evaluations = 6528
Generation 205: Best Solution = [ 9.96554586e-01  2.67658308e-03 -2.98236941e+00  2.98369956e+00
 -9.96214163e-01 -1.98789278e+00  1.99349835e+00  9.93821873e-01
 -1.00254581e+00  9.95949134e-01], Best Fitness = 30.86260701225393, Evaluations = 6560
Generation 206: Best Solution = [ 9.94018949e-01  1.96135326e-03 -2.97971106e+00  2.98688746e+00
 -9.92139029e-01 -1.98930502e+00  1.98980832e+00  9.97653080e-01
 -9.99065464e-01  9.95661687e-01], Best Fitness = 30.85716975875502, Evaluations = 6592
Generation 207: Best Solution = [ 1.00150549e+00 -1.44434389e-03 -2.98393162e+00  2.98085931e+00
 -9.92962650e-01 -1.99087292e+00  1.99018870e+00  9.96719540e-01
 -9.93524967e-01  9.95879051e-01], Best Fitness = 30.858074048156254, Evaluations = 6624
Generation 208: Best Solution = [ 9.95071242e-01 -2.61294852e-03 -2.98528527e+00  2.98860714e+00
 -9.99728982e-01 -1.98607002e+00  1.99146403e+00  9.92620929e-01
 -9.96057382e-01  9.96722458e-01], Best Fitness = 30.85768651051336, Evaluations = 6656
Generation 209: Best Solution = [ 1.00200102e+00  1.78206283e-03 -2.98499873e+00  2.98519249e+00
 -9.95115506e-01 -1.99060400e+00  1.98750531e+00  9.89881101e-01
 -9.91563073e-01  9.95250791e-01], Best Fitness = 30.862813014120263, Evaluations = 6688
Generation 210: Best Solution = [ 9.96078003e-01  2.47743074e-03 -2.98420091e+00  2.98547010e+00
 -9.92403444e-01 -1.98999283e+00  1.99531062e+00  9.97381252e-01
 -9.92860893e-01  9.90090849e-01], Best Fitness = 30.85908804115097, Evaluations = 6720
Generation 211: Best Solution = [ 0.99997851 -0.00346464 -2.98808487  2.98309162 -0.99312751 -1.99131139
  1.99284565  0.99711509 -0.99321974  0.9955295 ], Best Fitness = 30.858057816098324, Evaluations = 6752
Generation 212: Best Solution = [ 0.99232946 -0.00315635 -2.98735214  2.98564778 -0.99249287 -1.99156211
  1.98679791  0.9980265  -0.99543627  0.99855054], Best Fitness = 30.85649706504809, Evaluations = 6784
Generation 213: Best Solution = [ 9.96500872e-01 -2.54428441e-04 -2.98767262e+00  2.98109261e+00
 -9.96131306e-01 -1.98784027e+00  1.98642974e+00  9.90426463e-01
 -9.95820691e-01  9.95948897e-01], Best Fitness = 30.856443099074525, Evaluations = 6816
Generation 214: Best Solution = [ 1.00042825e+00 -6.17792434e-04 -2.98317550e+00  2.98566540e+00
 -9.97482478e-01 -1.99155872e+00  1.99230376e+00  9.91726076e-01
 -9.95865864e-01  9.92700837e-01], Best Fitness = 30.856534859374392, Evaluations = 6848
Generation 215: Best Solution = [ 0.99254934 -0.00338807 -2.98533095  2.98272848 -0.9934382  -1.98603266
  1.98779702  0.99329074 -0.99517689  0.99312486], Best Fitness = 30.853576205742527, Evaluations = 6880
Generation 216: Best Solution = [ 9.92633687e-01  2.20972046e-05 -2.98025952e+00  2.98160235e+00
 -9.96840071e-01 -1.98838403e+00  1.99121344e+00  9.99029893e-01
 -9.92065350e-01  9.93238570e-01], Best Fitness = 30.858022122781605, Evaluations = 6912
Generation 217: Best Solution = [ 0.9936195   0.00334729 -2.99023251  2.98091531 -0.99485038 -1.99075194
  1.99048482  0.99410934 -0.99353776  0.99389216], Best Fitness = 30.8559933968656, Evaluations = 6944
Generation 218: Best Solution = [ 0.99634985  0.00453093 -2.98427472  2.98633613 -0.99192125 -1.98936727
  1.99226122  0.99487734 -0.99673647  0.99936534], Best Fitness = 30.85607641017323, Evaluations = 6976
Generation 219: Best Solution = [ 9.93155652e-01  2.72496138e-03 -2.98153109e+00  2.98268997e+00
 -9.96109298e-01 -1.99067416e+00  1.99269282e+00  9.91478825e-01
 -9.95444904e-01  9.97134549e-01], Best Fitness = 30.854180373836527, Evaluations = 7008
Generation 220: Best Solution = [ 9.94145619e-01 -2.25779425e-03 -2.98513295e+00  2.98519039e+00
 -9.98962347e-01 -1.99114250e+00  1.99308250e+00  9.93697119e-01
 -9.95434695e-01  9.98344835e-01], Best Fitness = 30.852944148185145, Evaluations = 7040
Generation 221: Best Solution = [ 9.92423876e-01  2.53740301e-03 -2.98420955e+00  2.98117864e+00
 -9.94833920e-01 -1.98838893e+00  1.98943617e+00  9.98967432e-01
 -9.95593463e-01  9.97891359e-01], Best Fitness = 30.854442288077877, Evaluations = 7072
Generation 222: Best Solution = [ 9.93097951e-01 -1.41426769e-03 -2.98472691e+00  2.98189530e+00
 -9.98360294e-01 -1.99043866e+00  1.98706718e+00  9.93578936e-01
 -9.93160429e-01  9.96408417e-01], Best Fitness = 30.851863631444786, Evaluations = 7104
Generation 223: Best Solution = [ 9.94996931e-01  9.63842298e-04 -2.98730856e+00  2.98425849e+00
 -9.93116562e-01 -1.99213818e+00  1.98857233e+00  9.94184408e-01
 -9.93584266e-01  9.96635086e-01], Best Fitness = 30.8481641944295, Evaluations = 7136
Generation 224: Best Solution = [ 9.96485523e-01 -1.09170246e-03 -2.98352789e+00  2.98589881e+00
 -9.95814941e-01 -1.98584280e+00  1.99068383e+00  9.95716902e-01
 -9.93713861e-01  9.94368471e-01], Best Fitness = 30.84895251010893, Evaluations = 7168
Generation 225: Best Solution = [ 0.99308333  0.00473109 -2.98192551  2.9849799  -0.99506488 -1.99071609
  1.99022678  0.99204235 -0.99292273  0.99362458], Best Fitness = 30.853505971039368, Evaluations = 7200
Generation 226: Best Solution = [ 9.94835083e-01  1.62805513e-03 -2.98660944e+00  2.98469294e+00
 -9.93142414e-01 -1.98692151e+00  1.99583295e+00  9.96427703e-01
 -9.99081856e-01  9.95577117e-01], Best Fitness = 30.85804720075339, Evaluations = 7232
Generation 227: Best Solution = [ 0.99518415  0.00363264 -2.98363614  2.98757382 -0.99039264 -1.99302456
  1.98837819  0.99249504 -0.99377549  0.99486015], Best Fitness = 30.856041501597232, Evaluations = 7264
Generation 228: Best Solution = [ 9.94725943e-01  1.93038023e-03 -2.98854445e+00  2.98108523e+00
 -9.95442635e-01 -1.98827287e+00  1.99123685e+00  9.97955456e-01
 -9.94851993e-01  9.97983058e-01], Best Fitness = 30.85442830283972, Evaluations = 7296
Generation 229: Best Solution = [ 9.93671629e-01 -1.99790771e-03 -2.98958021e+00  2.98531057e+00
 -9.94946481e-01 -1.98874380e+00  1.99104948e+00  9.98376713e-01
 -9.95019485e-01  1.00006567e+00], Best Fitness = 30.857250948878217, Evaluations = 7328
Generation 230: Best Solution = [ 9.94883208e-01 -1.97693701e-03 -2.98663026e+00  2.98126185e+00
 -9.98259789e-01 -1.99180443e+00  1.98903990e+00  9.98113022e-01
 -9.97345643e-01  9.95874816e-01], Best Fitness = 30.85389858412688, Evaluations = 7360
Generation 231: Best Solution = [ 9.98046998e-01  2.19079056e-03 -2.98674952e+00  2.98143339e+00
 -9.93404080e-01 -1.98904844e+00  1.98957188e+00  9.97350743e-01
 -9.89540920e-01  9.92064785e-01], Best Fitness = 30.858786498243887, Evaluations = 7392
Generation 232: Best Solution = [ 9.96253775e-01  1.25338340e-03 -2.98807970e+00  2.97687001e+00
 -9.97392104e-01 -1.99100263e+00  1.99231044e+00  9.93536107e-01
 -9.95611052e-01  9.96648812e-01], Best Fitness = 30.862531788424832, Evaluations = 7424
Generation 233: Best Solution = [ 9.97532467e-01 -1.91391777e-03 -2.98253827e+00  2.98134809e+00
 -9.99497100e-01 -1.98933130e+00  1.98516548e+00  9.94037308e-01
 -9.94101899e-01  9.89979644e-01], Best Fitness = 30.86302671298884, Evaluations = 7456
Generation 234: Best Solution = [ 9.95156477e-01  2.51762551e-04 -2.98791115e+00  2.98685689e+00
 -9.92422906e-01 -1.99404868e+00  1.99061371e+00  9.98097455e-01
 -9.88174525e-01  9.93439377e-01], Best Fitness = 30.862610630157306, Evaluations = 7488
Generation 235: Best Solution = [ 0.99354492  0.00357257 -2.98623085  2.99038088 -0.9928238  -1.99020965
  1.98694402  0.99138876 -0.99486455  0.99825885], Best Fitness = 30.860350174819857, Evaluations = 7520
Generation 236: Best Solution = [ 0.99467794 -0.00409396 -2.98988997  2.98325469 -0.99119355 -1.9932918
  1.9909261   0.99300013 -0.99441994  0.99624487], Best Fitness = 30.85893894231819, Evaluations = 7552
Generation 237: Best Solution = [ 9.93059446e-01 -3.41406747e-05 -2.98756859e+00  2.98661593e+00
 -9.90338293e-01 -1.99192268e+00  1.99170648e+00  9.95893300e-01
 -9.92017417e-01  9.96956871e-01], Best Fitness = 30.85479157949203, Evaluations = 7584
Generation 238: Best Solution = [ 9.93411830e-01 -2.27242411e-03 -2.98925638e+00  2.98703642e+00
 -9.99501469e-01 -1.99234663e+00  1.99166496e+00  9.95752174e-01
 -9.92736144e-01  9.95918061e-01], Best Fitness = 30.857088508199368, Evaluations = 7616
Generation 239: Best Solution = [ 9.91557750e-01  2.03373430e-03 -2.98399645e+00  2.98309322e+00
 -9.95009362e-01 -1.99352194e+00  1.99036082e+00  9.92386377e-01
 -9.94273838e-01  9.97522616e-01], Best Fitness = 30.85286250397813, Evaluations = 7648
Generation 240: Best Solution = [ 9.93881390e-01 -1.64391599e-03 -2.98313726e+00  2.98476913e+00
 -9.95215525e-01 -1.98729516e+00  1.99364501e+00  9.98731299e-01
 -9.97106658e-01  9.97323042e-01], Best Fitness = 30.853986188269673, Evaluations = 7680
Generation 241: Best Solution = [ 9.93756970e-01  5.67512098e-04 -2.98917803e+00  2.98471507e+00
 -9.96019479e-01 -1.99160158e+00  1.99011108e+00  9.92810683e-01
 -9.90427913e-01  9.93716598e-01], Best Fitness = 30.853792735632922, Evaluations = 7712
Generation 242: Best Solution = [ 9.90671853e-01  2.08678210e-03 -2.98430885e+00  2.98888855e+00
 -9.93374242e-01 -1.98664833e+00  1.98974522e+00  9.94306874e-01
 -9.93977494e-01  9.95511116e-01], Best Fitness = 30.85438746764622, Evaluations = 7744
Generation 243: Best Solution = [ 9.97373673e-01 -7.03085156e-04 -2.97944003e+00  2.98604893e+00
 -9.95145553e-01 -1.98912055e+00  1.99279079e+00  9.96888337e-01
 -9.93717922e-01  9.92270092e-01], Best Fitness = 30.8552308504713, Evaluations = 7776
Generation 244: Best Solution = [ 9.95053771e-01  1.48307560e-03 -2.98313507e+00  2.98306668e+00
 -9.96817100e-01 -1.99195867e+00  1.98837157e+00  9.93455636e-01
 -9.96923438e-01  9.93682468e-01], Best Fitness = 30.8488353250916, Evaluations = 7808
Generation 245: Best Solution = [ 9.90923493e-01 -3.88975358e-04 -2.98738159e+00  2.98465884e+00
 -9.94187227e-01 -1.99182922e+00  1.99224773e+00  9.96925296e-01
 -9.97605148e-01  9.99113412e-01], Best Fitness = 30.85569201617372, Evaluations = 7840
Generation 246: Best Solution = [ 9.97040841e-01  1.45913024e-03 -2.98693440e+00  2.98436743e+00
 -9.93169788e-01 -1.98717038e+00  1.98803131e+00  9.95537021e-01
 -9.96550576e-01  9.99046363e-01], Best Fitness = 30.852548833543594, Evaluations = 7872
Generation 247: Best Solution = [ 9.98755425e-01  2.52622986e-03 -2.98782852e+00  2.98157913e+00
 -9.97601403e-01 -1.99240745e+00  1.98833901e+00  9.96816703e-01
 -9.92524200e-01  9.96373291e-01], Best Fitness = 30.857015319721583, Evaluations = 7904
Generation 248: Best Solution = [ 0.99596265 -0.00424678 -2.98983234  2.98164098 -0.9917771  -1.99082229
  1.98716683  0.99689878 -0.99291935  0.99581753], Best Fitness = 30.859753149535308, Evaluations = 7936
Generation 249: Best Solution = [ 0.99434775 -0.00438295 -2.98615827  2.98446302 -0.99486898 -1.98899189
  1.99291391  0.99740272 -0.99472001  0.99849239], Best Fitness = 30.85353718890468, Evaluations = 7968
Generation 250: Best Solution = [ 9.97090912e-01 -3.15235488e-04 -2.98238488e+00  2.98849540e+00
 -9.96970740e-01 -1.99285458e+00  1.99310980e+00  9.94788447e-01
 -9.94023040e-01  9.93226741e-01], Best Fitness = 30.85372161061005, Evaluations = 8000
Generation 251: Best Solution = [ 9.92288401e-01 -3.72454568e-04 -2.98479545e+00  2.98444621e+00
 -9.94401992e-01 -1.98583865e+00  1.98890270e+00  9.94040946e-01
 -9.95938773e-01  9.98958696e-01], Best Fitness = 30.85221283217379, Evaluations = 8032
Generation 252: Best Solution = [ 9.99264234e-01  2.36548253e-03 -2.98931828e+00  2.98738838e+00
 -9.96849981e-01 -1.99405722e+00  1.98762314e+00  9.94655982e-01
 -9.93300505e-01  9.96351298e-01], Best Fitness = 30.859748757089434, Evaluations = 8064
Generation 253: Best Solution = [ 9.90872729e-01  6.95552093e-04 -2.98111863e+00  2.98442745e+00
 -9.96232983e-01 -1.98963967e+00  1.98833833e+00  9.94513251e-01
 -9.99483755e-01  9.99637449e-01], Best Fitness = 30.85912744618848, Evaluations = 8096
Generation 254: Best Solution = [ 0.99302213 -0.00380716 -2.98487095  2.98405083 -0.99375433 -1.99297636
  1.9878825   0.99625346 -0.99585533  0.99814078], Best Fitness = 30.852869987642606, Evaluations = 8128
Generation 255: Best Solution = [ 9.93765951e-01 -1.02425597e-03 -2.98567949e+00  2.98283907e+00
 -9.93567305e-01 -1.99375736e+00  1.99105327e+00  9.91755797e-01
 -9.96304463e-01  9.96130756e-01], Best Fitness = 30.851322847769765, Evaluations = 8160
Generation 256: Best Solution = [ 0.99275487 -0.0046472  -2.98407448  2.98901166 -0.99370048 -1.98986383
  1.9925216   0.99527325 -0.99534382  0.99649692], Best Fitness = 30.854622816086845, Evaluations = 8192
Generation 257: Best Solution = [ 9.96244507e-01  2.40695818e-03 -2.98900052e+00  2.98613785e+00
 -9.95848906e-01 -1.99139294e+00  1.98796167e+00  9.97649385e-01
 -9.92860779e-01  9.92984445e-01], Best Fitness = 30.85328333143549, Evaluations = 8224
Generation 258: Best Solution = [ 0.99836325 -0.00301001 -2.98557437  2.98217854 -0.99646714 -1.98981959
  1.99231555  0.99670723 -0.99262748  0.99692945], Best Fitness = 30.853324190872996, Evaluations = 8256
Generation 259: Best Solution = [ 9.92179532e-01 -4.33451847e-04 -2.98396992e+00  2.98369694e+00
 -9.98593809e-01 -1.98823586e+00  1.98750861e+00  9.95230515e-01
 -9.90500405e-01  9.97990823e-01], Best Fitness = 30.85574724464726, Evaluations = 8288
Generation 260: Best Solution = [ 9.97405889e-01 -4.10331770e-04 -2.98601748e+00  2.98178135e+00
 -9.95818810e-01 -1.99130282e+00  1.99057333e+00  9.94930885e-01
 -9.96629395e-01  9.97789142e-01], Best Fitness = 30.8497722917578, Evaluations = 8320
Generation 261: Best Solution = [ 9.94967079e-01 -2.38391534e-03 -2.98383399e+00  2.98863060e+00
 -9.95805234e-01 -1.99291147e+00  1.99257359e+00  9.97611587e-01
 -9.93796298e-01  9.91045054e-01], Best Fitness = 30.85583657938075, Evaluations = 8352
Generation 262: Best Solution = [ 9.89615883e-01  1.95887963e-03 -2.98437950e+00  2.98151675e+00
 -9.93514747e-01 -1.99266781e+00  1.99243619e+00  9.94493671e-01
 -9.92271638e-01  9.94301493e-01], Best Fitness = 30.85706312216722, Evaluations = 8384
Generation 263: Best Solution = [ 9.92441829e-01  2.62908354e-03 -2.98678816e+00  2.98580865e+00
 -9.98817035e-01 -1.98886081e+00  1.98677621e+00  9.99118759e-01
 -9.90444196e-01  9.94615302e-01], Best Fitness = 30.859817956694286, Evaluations = 8416
Generation 264: Best Solution = [ 0.99788992 -0.00514502 -2.98415394  2.98353028 -0.99447594 -1.99124316
  1.99134721  0.99213945 -0.99956739  0.99498079], Best Fitness = 30.85765295724974, Evaluations = 8448
Generation 265: Best Solution = [ 0.99146502 -0.00465713 -2.98164158  2.98574379 -0.99054651 -1.98959354
  1.98753108  0.99534288 -0.99397758  0.99263763], Best Fitness = 30.858866311807816, Evaluations = 8480
Generation 266: Best Solution = [ 9.95969073e-01  3.17451562e-04 -2.98177581e+00  2.98308182e+00
 -1.00076696e+00 -1.99053704e+00  1.98589847e+00  9.95585706e-01
 -9.91926509e-01  9.92730644e-01], Best Fitness = 30.859217622680134, Evaluations = 8512
Generation 267: Best Solution = [ 9.93408830e-01  2.76042067e-03 -2.98449652e+00  2.98411456e+00
 -9.88706588e-01 -1.98824715e+00  1.98577730e+00  9.94408241e-01
 -9.97176420e-01  9.90790878e-01], Best Fitness = 30.861939536203863, Evaluations = 8544
Generation 268: Best Solution = [ 9.95205357e-01 -2.06803928e-03 -2.98476639e+00  2.98493273e+00
 -9.93104883e-01 -1.98557619e+00  1.99627017e+00  9.96020083e-01
 -9.95159973e-01  9.94092752e-01], Best Fitness = 30.857314404462898, Evaluations = 8576
Generation 269: Best Solution = [ 9.93332812e-01 -1.39211339e-03 -2.98412731e+00  2.98514000e+00
 -9.94984187e-01 -1.98914812e+00  1.99191437e+00  9.95465035e-01
 -9.98391006e-01  9.93561420e-01], Best Fitness = 30.84837353542717, Evaluations = 8608
Generation 270: Best Solution = [ 9.98240830e-01 -2.48823807e-03 -2.98479161e+00  2.98672092e+00
 -9.95273708e-01 -1.98447586e+00  1.99257048e+00  9.94955582e-01
 -9.94609752e-01  9.98328904e-01], Best Fitness = 30.857256123398926, Evaluations = 8640
Generation 271: Best Solution = [ 9.95967456e-01  1.46059738e-03 -2.98544797e+00  2.98830746e+00
 -9.94842493e-01 -1.99003641e+00  1.98719902e+00  9.94772524e-01
 -9.91559901e-01  9.88815460e-01], Best Fitness = 30.85794805229922, Evaluations = 8672
Generation 272: Best Solution = [ 0.99306648 -0.003324   -2.98452985  2.98794438 -0.99448777 -1.98816204
  1.9911571   0.99112141 -0.99443483  0.99098712], Best Fitness = 30.855525282142693, Evaluations = 8704
Generation 273: Best Solution = [ 9.90345342e-01 -1.56483943e-03 -2.98152975e+00  2.98284888e+00
 -9.97136382e-01 -1.98868981e+00  1.98663610e+00  9.92512255e-01
 -9.93322502e-01  9.93038885e-01], Best Fitness = 30.857151254859545, Evaluations = 8736
Generation 274: Best Solution = [ 9.96726474e-01  3.60919713e-04 -2.98491105e+00  2.98453238e+00
 -9.98840265e-01 -1.98671625e+00  1.98818867e+00  9.97777608e-01
 -9.93639355e-01  9.95321417e-01], Best Fitness = 30.851872042078412, Evaluations = 8768
Generation 275: Best Solution = [ 0.99348079 -0.00368059 -2.98326265  2.98504678 -0.99200285 -1.99200414
  1.98775434  0.99607972 -0.99416475  0.99304869], Best Fitness = 30.8519067404756, Evaluations = 8800
Generation 276: Best Solution = [ 9.93294120e-01 -4.98186806e-04 -2.98691017e+00  2.98475550e+00
 -9.92120411e-01 -1.99007213e+00  1.99367203e+00  9.92011221e-01
 -9.94154756e-01  9.96295364e-01], Best Fitness = 30.851701585868227, Evaluations = 8832
Generation 277: Best Solution = [ 9.95283996e-01 -1.78885005e-03 -2.98303052e+00  2.98876270e+00
 -9.94258281e-01 -1.98826195e+00  1.99120978e+00  9.97499883e-01
 -9.98983936e-01  9.98617192e-01], Best Fitness = 30.85610944691571, Evaluations = 8864
Generation 278: Best Solution = [ 9.93865433e-01  8.68881712e-04 -2.98689267e+00  2.98591758e+00
 -9.98613692e-01 -1.98779631e+00  1.98760720e+00  9.98895332e-01
 -9.92312096e-01  9.93405763e-01], Best Fitness = 30.854617290404363, Evaluations = 8896
Generation 279: Best Solution = [ 9.92403519e-01 -1.04127677e-03 -2.98708501e+00  2.98574292e+00
 -9.89889581e-01 -1.99115564e+00  1.98731840e+00  9.96225955e-01
 -9.93351334e-01  9.99030448e-01], Best Fitness = 30.857156952540862, Evaluations = 8928
Generation 280: Best Solution = [ 0.99966231 -0.00384037 -2.98536304  2.98117025 -0.99392569 -1.98728074
  1.9914276   0.99375066 -0.98969365  0.99491045], Best Fitness = 30.86152641742295, Evaluations = 8960
Generation 281: Best Solution = [ 9.94328432e-01 -8.27772741e-05 -2.98397247e+00  2.98253884e+00
 -9.91438539e-01 -1.98817716e+00  1.99042033e+00  9.96036794e-01
 -9.92232703e-01  9.95300973e-01], Best Fitness = 30.849784288125846, Evaluations = 8992
Generation 282: Best Solution = [ 9.91671803e-01  2.23084861e-03 -2.98979883e+00  2.98463843e+00
 -9.99290439e-01 -1.98735941e+00  1.99135288e+00  9.97126286e-01
 -9.93120733e-01  9.93735652e-01], Best Fitness = 30.858949315980297, Evaluations = 9024
Generation 283: Best Solution = [ 9.95429262e-01 -7.39527789e-04 -2.98329389e+00  2.98194829e+00
 -9.93495098e-01 -1.98540627e+00  1.98957015e+00  9.96349076e-01
 -9.97350571e-01  9.96315067e-01], Best Fitness = 30.852310790284278, Evaluations = 9056
Generation 284: Best Solution = [ 9.92564064e-01  2.04020217e-03 -2.98859064e+00  2.98310152e+00
 -9.89939152e-01 -1.98664939e+00  1.98958739e+00  9.97493018e-01
 -9.96579592e-01  9.94576340e-01], Best Fitness = 30.857932910563378, Evaluations = 9088
Generation 285: Best Solution = [ 9.97476923e-01  2.43002148e-03 -2.97975612e+00  2.98305117e+00
 -9.96116139e-01 -1.98657953e+00  1.98999863e+00  9.93732989e-01
 -9.98960735e-01  9.96291330e-01], Best Fitness = 30.85815469868379, Evaluations = 9120
Generation 286: Best Solution = [ 0.99199077  0.00332566 -2.99001616  2.98196886 -0.99473754 -1.99314896
  1.99040526  0.99619515 -0.9952719   0.99807853], Best Fitness = 30.858895917050774, Evaluations = 9152
Generation 287: Best Solution = [ 9.95706430e-01 -2.14730063e-03 -2.98494438e+00  2.98407749e+00
 -9.96460658e-01 -1.98842694e+00  1.99066785e+00  9.95411077e-01
 -9.96351820e-01  9.95648533e-01], Best Fitness = 30.846323988571285, Evaluations = 9184
Generation 288: Best Solution = [ 9.95791498e-01 -1.31612122e-03 -2.98249360e+00  2.98398894e+00
 -9.96048794e-01 -1.99650402e+00  1.98840565e+00  9.99096216e-01
 -9.94377181e-01  9.93145600e-01], Best Fitness = 30.858799830674073, Evaluations = 9216
Generation 289: Best Solution = [ 9.95239602e-01  1.49655632e-03 -2.98657907e+00  2.98346193e+00
 -9.92376242e-01 -1.99202658e+00  1.99019501e+00  9.97129301e-01
 -9.92751481e-01  9.94479834e-01], Best Fitness = 30.849259498293037, Evaluations = 9248
Generation 290: Best Solution = [ 0.99760571 -0.00512703 -2.98708756  2.9804593  -0.9961026  -1.9868682
  1.98957973  0.99484216 -0.99408725  0.99871774], Best Fitness = 30.860133455007883, Evaluations = 9280
Generation 291: Best Solution = [ 9.95083309e-01 -1.53913370e-03 -2.98197765e+00  2.98592762e+00
 -9.93733769e-01 -1.98910078e+00  1.98926775e+00  9.93907053e-01
 -9.99047145e-01  9.99493004e-01], Best Fitness = 30.85411774743983, Evaluations = 9312
Generation 292: Best Solution = [ 0.996752   -0.00483769 -2.98755483  2.98192176 -0.99377313 -1.99101527
  1.99195592  0.99455982 -0.99763185  0.99403315], Best Fitness = 30.855044604140232, Evaluations = 9344
Generation 293: Best Solution = [ 9.97962587e-01  2.33095136e-03 -2.98295283e+00  2.98239198e+00
 -9.96937064e-01 -1.98864770e+00  1.99241664e+00  9.89163574e-01
 -9.94452985e-01  9.91336487e-01], Best Fitness = 30.860083278682183, Evaluations = 9376
Generation 294: Best Solution = [ 9.97190127e-01 -1.03216861e-03 -2.98930195e+00  2.98099893e+00
 -9.93022874e-01 -1.98753029e+00  1.98796761e+00  9.96140843e-01
 -9.91013837e-01  9.94087218e-01], Best Fitness = 30.857828917576242, Evaluations = 9408
Generation 295: Best Solution = [ 9.95410896e-01 -5.38371045e-04 -2.98595778e+00  2.98140523e+00
 -9.90737090e-01 -1.98960908e+00  1.98881640e+00  9.91217692e-01
 -9.88619592e-01  9.95511402e-01], Best Fitness = 30.860934966649978, Evaluations = 9440
Generation 296: Best Solution = [ 9.91568609e-01  1.14516410e-04 -2.98430327e+00  2.98354977e+00
 -9.96879830e-01 -1.99197985e+00  1.98768285e+00  9.93626879e-01
 -9.97604192e-01  9.94232893e-01], Best Fitness = 30.85074454499035, Evaluations = 9472
Generation 297: Best Solution = [ 9.97140790e-01 -1.39388218e-03 -2.98630639e+00  2.97973452e+00
 -9.92050234e-01 -1.99145044e+00  1.99080153e+00  9.94763849e-01
 -9.93913126e-01  9.96577117e-01], Best Fitness = 30.85362555358374, Evaluations = 9504
Generation 298: Best Solution = [ 9.93514540e-01 -6.29147914e-04 -2.98428276e+00  2.98026701e+00
 -9.94212877e-01 -1.99462669e+00  1.98746484e+00  9.91888300e-01
 -9.93806108e-01  9.92705571e-01], Best Fitness = 30.85720905367512, Evaluations = 9536
Generation 299: Best Solution = [ 9.99850418e-01  1.76086925e-03 -2.98019999e+00  2.98402537e+00
 -9.96040091e-01 -1.98499711e+00  1.98834176e+00  9.95447725e-01
 -9.92659497e-01  9.96152839e-01], Best Fitness = 30.86031250429491, Evaluations = 9568
Generation 300: Best Solution = [ 9.95275785e-01  1.67203454e-04 -2.97968046e+00  2.98495158e+00
 -9.96434300e-01 -1.98504803e+00  1.98936455e+00  9.90444775e-01
 -9.94193987e-01  9.93478258e-01], Best Fitness = 30.858732908839613, Evaluations = 9600
Generation 301: Best Solution = [ 9.96765785e-01 -6.68462831e-04 -2.97985813e+00  2.98623144e+00
 -9.95651966e-01 -1.98794639e+00  1.99020389e+00  9.95078077e-01
 -9.96762698e-01  9.96537899e-01], Best Fitness = 30.851717720388564, Evaluations = 9632
Generation 302: Best Solution = [ 9.96923879e-01  2.85576638e-04 -2.98688294e+00  2.98290814e+00
 -9.92999994e-01 -1.99049239e+00  1.99045838e+00  9.92260772e-01
 -9.92046945e-01  9.94229193e-01], Best Fitness = 30.85011859417162, Evaluations = 9664
Generation 303: Best Solution = [ 9.97274868e-01 -1.28707790e-03 -2.98525073e+00  2.98185475e+00
 -9.92330871e-01 -1.98836903e+00  1.98535492e+00  9.90479456e-01
 -9.96023725e-01  9.94059818e-01], Best Fitness = 30.85717301260034, Evaluations = 9696
Generation 304: Best Solution = [ 0.99268644 -0.00667009 -2.98634958  2.98628722 -0.99338413 -1.99011632
  1.99115126  0.99609667 -0.99734704  0.99724849], Best Fitness = 30.857586461364022, Evaluations = 9728
Generation 305: Best Solution = [ 0.99529377 -0.00300847 -2.98207275  2.98067113 -0.99584027 -1.99311272
  1.98637597  0.99540654 -0.99557548  0.99259282], Best Fitness = 30.85634459803093, Evaluations = 9760
Generation 306: Best Solution = [ 9.93247937e-01 -6.43580142e-04 -2.98064065e+00  2.98194499e+00
 -9.96516586e-01 -1.98889355e+00  1.99302324e+00  9.94655462e-01
 -9.93636067e-01  9.92575843e-01], Best Fitness = 30.853595032719582, Evaluations = 9792
Generation 307: Best Solution = [ 9.92582486e-01  2.62787786e-03 -2.98202368e+00  2.98500917e+00
 -9.91576880e-01 -1.98927122e+00  1.99303981e+00  9.94517335e-01
 -9.95477509e-01  9.99577667e-01], Best Fitness = 30.856346918171425, Evaluations = 9824
Generation 308: Best Solution = [ 9.93865791e-01  2.06065870e-03 -2.98336876e+00  2.98629217e+00
 -9.94684086e-01 -1.98792759e+00  1.99036525e+00  9.91989591e-01
 -9.99202137e-01  9.96754854e-01], Best Fitness = 30.852377753681623, Evaluations = 9856
Generation 309: Best Solution = [ 0.99495412  0.00488752 -2.98324144  2.98021885 -0.99772672 -1.98857879
  1.98942282  0.9908036  -0.99966574  0.99636709], Best Fitness = 30.86328480314164, Evaluations = 9888
Generation 310: Best Solution = [ 1.00084954 -0.00367062 -2.98418835  2.98477269 -0.9950496  -1.99361667
  1.99065685  0.99658293 -0.99652253  0.99957908], Best Fitness = 30.86137778202422, Evaluations = 9920
Generation 311: Best Solution = [ 9.91032863e-01  2.62380548e-04 -2.98038464e+00  2.98510976e+00
 -9.99025679e-01 -1.98565372e+00  1.98875781e+00  9.95026703e-01
 -9.92635774e-01  9.96932307e-01], Best Fitness = 30.859662007172915, Evaluations = 9952
Generation 312: Best Solution = [ 9.94809929e-01 -1.44316008e-03 -2.98268270e+00  2.98089792e+00
 -9.91933351e-01 -1.99098841e+00  1.98957619e+00  9.97715341e-01
 -9.91480265e-01  9.96357458e-01], Best Fitness = 30.854460756633046, Evaluations = 9984
Generation 313: Best Solution = [ 9.91422623e-01  2.30710815e-03 -2.98512583e+00  2.98660383e+00
 -9.95326019e-01 -1.98645509e+00  1.99032157e+00  9.93356846e-01
 -9.94473596e-01  9.94104131e-01], Best Fitness = 30.85093826816076, Evaluations = 10016
