Algorithm: Cross-Entropy Method
Objective Function: Ackley
Dimension: 10
Population Size: 64
Max Evaluations: 10000

Generation 1: Best Solution = [ 10.87906095 -25.31980717   6.38368025  12.2039024   -4.0578882
  16.79600723  -1.12881769  -4.7417118    4.76677034   1.30460919], Best Fitness = 19.507853513739697, Evaluations = 64
Generation 2: Best Solution = [-3.75699224  9.85892578  2.25374411 -8.235376    4.81853751 25.19885977
  9.27097697 -1.11166157 10.90964099  6.58467052], Best Fitness = 19.011821150518426, Evaluations = 128
Generation 3: Best Solution = [-10.2831161   -1.24289433   3.62474973   2.50908645   7.8902963
  19.325871     1.98666909  -6.12408253  13.05715419   6.78108196], Best Fitness = 18.313327498637594, Evaluations = 192
Generation 4: Best Solution = [-0.34629384 -4.67549362  6.00035936  0.01917657  2.23822053 15.50303913
  9.27597009 -1.35883532  7.392499    7.19136773], Best Fitness = 16.94955834325315, Evaluations = 256
Generation 5: Best Solution = [-3.20193865 -1.05044231  1.91368312  4.4407885   5.73664283 13.13838179
 11.74987819 -3.03018136  8.24339547  4.52900713], Best Fitness = 16.491754927767268, Evaluations = 320
Generation 6: Best Solution = [-2.96021567e+00 -2.81436606e+00 -5.70285096e-04  2.78478042e+00
  6.19292093e+00  1.10757546e+01  1.30475195e+01 -2.95557477e+00
  6.28439865e+00  6.37593130e+00], Best Fitness = 15.82967337657299, Evaluations = 384
Generation 7: Best Solution = [-5.8700252  -2.10989593  4.9049404   3.80462277  6.64761234 12.00426137
  8.23801895  1.91490754 13.12809646  4.95596859], Best Fitness = 16.329308297958516, Evaluations = 448
Generation 8: Best Solution = [-3.88183883  0.48358378  4.01810961  1.11489562  5.85115336 11.86741283
 11.26210933 -1.51807577  8.89962476  5.08817946], Best Fitness = 16.030232615017198, Evaluations = 512
Generation 9: Best Solution = [-3.28021072 -0.75646176  2.07373042  3.23213256  3.05217463 13.00178097
 10.92124682 -3.73464126  7.15048393  2.75773033], Best Fitness = 15.515231995773581, Evaluations = 576
Generation 10: Best Solution = [-3.05487325e+00 -6.01492185e-03  3.20475019e+00  1.84626371e+00
  4.02751516e+00  1.10919117e+01  1.29316386e+01 -7.90455125e-01
  8.34103642e+00  4.13744351e+00], Best Fitness = 15.41886992240094, Evaluations = 640
Generation 11: Best Solution = [-2.30345557 -2.92558664  1.3450348   2.15170667  3.85149535 12.89716311
 11.04087    -2.22104128  6.94041433  3.3763152 ], Best Fitness = 15.566404033932187, Evaluations = 704
Generation 12: Best Solution = [-2.87883328 -1.34333378  2.89044509  1.92062676  3.65755961 11.1032305
 12.79919955 -0.8142146   7.95159498  4.14192724], Best Fitness = 15.560813693244743, Evaluations = 768
Generation 13: Best Solution = [-3.04128884 -0.32571424  1.95928846  1.97420859  3.89595694 12.7766613
 11.48401493 -2.82772732  6.94454554  3.15838093], Best Fitness = 15.465375965363023, Evaluations = 832
Generation 14: Best Solution = [-3.36804734 -0.06827851  2.14293825  1.80775467  3.94957178 13.06432942
 11.1242937  -3.23201626  6.86412441  2.88042315], Best Fitness = 15.331233843044028, Evaluations = 896
Generation 15: Best Solution = [-2.99293117 -0.0261149   2.14391558  1.25530184  3.80437564 12.77490587
 11.74288587 -2.97798736  6.8907985   3.20169451], Best Fitness = 15.386869726985509, Evaluations = 960
Generation 16: Best Solution = [-2.95713034 -1.16505215  1.87162655  1.09638293  3.98224733 13.12364421
 11.12709891 -2.65807473  6.84993352  3.01144152], Best Fitness = 15.078040547899581, Evaluations = 1024
Generation 17: Best Solution = [-3.11941187 -0.89547902  2.11820153  1.85949834  3.81502252 12.94921399
 11.10023189 -2.56772588  6.82031721  2.92436942], Best Fitness = 15.216039565181376, Evaluations = 1088
Generation 18: Best Solution = [-3.13129407 -1.05983769  2.17521673  1.76054319  3.83923261 13.13592523
 10.87948534 -2.82171736  6.71240143  3.05643342], Best Fitness = 15.2736174218377, Evaluations = 1152
Generation 19: Best Solution = [-3.28112119 -1.06126441  2.20750242  1.96396654  3.92640125 12.86690155
 10.9582365  -2.64990294  7.0029211   3.03386335], Best Fitness = 15.151943443962349, Evaluations = 1216
Generation 20: Best Solution = [-3.17209562 -1.0903131   2.13842234  1.9583473   3.82519946 12.9761163
 10.94243886 -2.883576    6.81475034  3.12211272], Best Fitness = 14.907047583332977, Evaluations = 1280
Generation 21: Best Solution = [-3.17370354 -1.00765736  2.03661025  1.94845524  3.89614594 12.95670359
 10.9791037  -2.86551158  6.86980833  3.0966883 ], Best Fitness = 14.667375481916698, Evaluations = 1344
Generation 22: Best Solution = [-3.17001984 -0.90905079  1.95501271  1.88830318  3.92106986 13.01311249
 10.97498275 -2.93486588  6.82274566  3.03822445], Best Fitness = 14.682660037215278, Evaluations = 1408
Generation 23: Best Solution = [-3.14703233 -0.9346089   1.97117647  1.95869502  3.89981577 12.95603441
 11.03018226 -2.94563526  6.8244065   3.11242288], Best Fitness = 14.65481124448959, Evaluations = 1472
Generation 24: Best Solution = [-3.14613581 -0.96360044  1.95065968  1.94200382  3.89316132 12.96741872
 11.00377526 -2.8940416   6.86916662  3.04140966], Best Fitness = 14.58224889475226, Evaluations = 1536
Generation 25: Best Solution = [-3.13159623 -0.9711893   1.97716592  1.99905715  3.86716281 12.95972796
 11.0084183  -2.8695615   6.86720283  3.03565093], Best Fitness = 14.5906873694241, Evaluations = 1600
Generation 26: Best Solution = [-3.11402373 -0.97604628  1.95367119  1.95809337  3.87319517 12.9536722
 11.04619304 -2.89834957  6.87174274  3.05993047], Best Fitness = 14.5764512322239, Evaluations = 1664
Generation 27: Best Solution = [-3.15258005 -0.9731559   1.97280136  1.93793619  3.90098929 12.95523618
 11.00916042 -2.89264501  6.89093806  3.0544478 ], Best Fitness = 14.567354224791622, Evaluations = 1728
Generation 28: Best Solution = [-3.13338621 -0.98285093  1.98227425  1.94305752  3.89605526 12.9664437
 11.0093444  -2.9057992   6.86614235  3.06060069], Best Fitness = 14.555421556309273, Evaluations = 1792
Generation 29: Best Solution = [-3.13549662 -0.98236847  1.98727898  1.95378745  3.89156951 12.97157079
 11.00160104 -2.89881609  6.88047471  3.05578086], Best Fitness = 14.543431324702498, Evaluations = 1856
Generation 30: Best Solution = [-3.13768068 -0.97624023  1.98861638  1.96367017  3.90976109 12.97020188
 10.9995176  -2.90163919  6.89463041  3.06047721], Best Fitness = 14.51641411563568, Evaluations = 1920
Generation 31: Best Solution = [-3.13750879 -0.97824123  1.96872761  1.96515826  3.90209453 12.95169285
 10.99738825 -2.89435839  6.90723147  3.04537582], Best Fitness = 14.51498791558819, Evaluations = 1984
Generation 32: Best Solution = [-3.12457059 -0.97164423  1.97814123  1.96375423  3.90641657 12.95696094
 10.99678027 -2.89325568  6.901982    3.05413326], Best Fitness = 14.504384719455347, Evaluations = 2048
Generation 33: Best Solution = [-3.1083534  -0.96916815  1.98662274  1.95788217  3.90756082 12.9527484
 11.00045805 -2.89361948  6.89903646  3.05283304], Best Fitness = 14.490049382314432, Evaluations = 2112
Generation 34: Best Solution = [-3.10497362 -0.98092105  1.99148809  1.95464363  3.90579232 12.95523131
 11.00556948 -2.90331627  6.90342736  3.05659211], Best Fitness = 14.477220765790072, Evaluations = 2176
Generation 35: Best Solution = [-3.11031377 -0.97575019  1.98574151  1.95869323  3.9092434  12.96153185
 10.99526224 -2.91032323  6.9047779   3.05196116], Best Fitness = 14.467344783130528, Evaluations = 2240
Generation 36: Best Solution = [-3.1083133  -0.96795509  1.98749429  1.9533492   3.906324   12.96244431
 11.00155639 -2.92009624  6.90151073  3.04909909], Best Fitness = 14.466225350514392, Evaluations = 2304
Generation 37: Best Solution = [-3.10998725 -0.97434191  1.98361157  1.96159994  3.91537425 12.95383586
 10.99792055 -2.91241896  6.90866436  3.04319511], Best Fitness = 14.454651549786293, Evaluations = 2368
Generation 38: Best Solution = [-3.10880897 -0.97263911  1.9899629   1.95890926  3.91885031 12.95343483
 10.9958839  -2.91834636  6.91678131  3.05076784], Best Fitness = 14.445256684379299, Evaluations = 2432
Generation 39: Best Solution = [-3.10299072 -0.97205775  1.97709901  1.97172231  3.91580324 12.95996268
 10.99807415 -2.90973165  6.92145371  3.0390648 ], Best Fitness = 14.436144365422356, Evaluations = 2496
Generation 40: Best Solution = [-3.09172376 -0.96853662  1.99129058  1.95919554  3.91659835 12.97432181
 11.00489776 -2.92463085  6.91502974  3.04917972], Best Fitness = 14.426128233175671, Evaluations = 2560
Generation 41: Best Solution = [-3.08890284 -0.98513403  1.97903806  1.98721933  3.91773249 12.96260921
 10.99966103 -2.9035954   6.91705407  3.0332305 ], Best Fitness = 14.421118791377449, Evaluations = 2624
Generation 42: Best Solution = [-3.09120384 -0.97688708  1.99955524  1.9622948   3.91946292 12.97158524
 10.99162757 -2.91898347  6.92652599  3.04791534], Best Fitness = 14.413868479407641, Evaluations = 2688
Generation 43: Best Solution = [-3.08004391 -0.97781929  1.9819292   1.96525786  3.91694342 12.97284961
 10.99031419 -2.91759735  6.93410776  3.05050329], Best Fitness = 14.403716171437813, Evaluations = 2752
Generation 44: Best Solution = [-3.08513633 -0.98277052  1.98058378  1.96698262  3.92453693 12.96531464
 10.99550283 -2.92355715  6.9275344   3.04324574], Best Fitness = 14.398323086263437, Evaluations = 2816
Generation 45: Best Solution = [-3.07832858 -0.98781591  1.98093115  1.9765718   3.9158872  12.96503982
 10.99699205 -2.92553743  6.92997798  3.03099314], Best Fitness = 14.387774456814686, Evaluations = 2880
Generation 46: Best Solution = [-3.08151977 -0.98298794  1.97779641  1.97668918  3.92881948 12.96248363
 10.9946657  -2.92368944  6.9400325   3.04445215], Best Fitness = 14.384608928294064, Evaluations = 2944
Generation 47: Best Solution = [-3.07494477 -0.97695896  1.98196666  1.97878351  3.92324833 12.96823255
 10.9923668  -2.93547067  6.93285586  3.030352  ], Best Fitness = 14.371822726686865, Evaluations = 3008
Generation 48: Best Solution = [-3.07028402 -0.97473405  1.99571631  1.96889656  3.92348182 12.97073027
 10.99202055 -2.93787844  6.93548642  3.03964687], Best Fitness = 14.370594517951933, Evaluations = 3072
Generation 49: Best Solution = [-3.06241391 -0.97461052  1.97586572  1.98509365  3.93051641 12.96012001
 11.00714122 -2.9414741   6.9362237   3.04252872], Best Fitness = 14.362532133724962, Evaluations = 3136
Generation 50: Best Solution = [-3.05642119 -0.97782066  2.00085878  1.97806895  3.93504699 12.97113757
 11.00222259 -2.93274396  6.93669028  3.02944641], Best Fitness = 14.350927903062871, Evaluations = 3200
Generation 51: Best Solution = [-3.06043865 -0.97922874  1.99953999  1.97806801  3.93255441 12.97627767
 10.9965737  -2.93971555  6.94555258  3.03624869], Best Fitness = 14.347822431940967, Evaluations = 3264
Generation 52: Best Solution = [-3.06022606 -0.98121028  1.98973413  1.98465946  3.94191875 12.96599448
 10.99438257 -2.94775892  6.93418305  3.03537868], Best Fitness = 14.342407551649035, Evaluations = 3328
Generation 53: Best Solution = [-3.04323607 -0.98607611  1.97967194  1.97077705  3.94527043 12.96527738
 10.99004736 -2.9408421   6.94171797  3.04286302], Best Fitness = 14.336753065665913, Evaluations = 3392
Generation 54: Best Solution = [-3.0513246  -0.9907917   1.98774175  1.9891775   3.94757557 12.96964417
 10.99592949 -2.94313898  6.94083976  3.03448158], Best Fitness = 14.33103927110668, Evaluations = 3456
Generation 55: Best Solution = [-3.04333894 -0.99269633  1.98535312  1.98817262  3.95185665 12.96630988
 10.98497635 -2.94285362  6.9465597   3.03199232], Best Fitness = 14.320777702921566, Evaluations = 3520
Generation 56: Best Solution = [-3.04136258 -0.9989896   1.99766376  1.98498056  3.94807647 12.96998894
 10.98253394 -2.93942047  6.94286545  3.02727582], Best Fitness = 14.322368454460047, Evaluations = 3584
Generation 57: Best Solution = [-3.0412768  -0.99172343  1.98437312  1.97923769  3.95266843 12.96475413
 10.97716795 -2.95558396  6.94012835  3.03432051], Best Fitness = 14.318824070667642, Evaluations = 3648
Generation 58: Best Solution = [-3.04579528 -0.98288726  1.99195653  1.98702755  3.95979471 12.97042123
 10.97859335 -2.95071261  6.95491067  3.03163665], Best Fitness = 14.312005982559343, Evaluations = 3712
Generation 59: Best Solution = [-3.03335442 -0.98246317  1.97964842  1.97927472  3.96077713 12.97188307
 10.97354533 -2.94995697  6.95815947  3.02725223], Best Fitness = 14.306250422183048, Evaluations = 3776
Generation 60: Best Solution = [-3.02999705 -0.9859588   1.97660558  1.97790442  3.95864901 12.96077535
 10.97824617 -2.95786769  6.95869514  3.0335152 ], Best Fitness = 14.305854546637548, Evaluations = 3840
Generation 61: Best Solution = [-3.03495653 -0.98875838  1.97938911  1.98483085  3.96432514 12.96573691
 10.98221768 -2.96237076  6.95491573  3.02516789], Best Fitness = 14.29980667769211, Evaluations = 3904
Generation 62: Best Solution = [-3.03164664 -0.99982571  1.98605996  1.99271805  3.96628239 12.96921746
 10.98704206 -2.95635652  6.95617352  3.02043778], Best Fitness = 14.296063251777456, Evaluations = 3968
Generation 63: Best Solution = [-3.03351526 -0.98805743  1.97781008  1.99305991  3.9759758  12.97038493
 10.97851169 -2.96415483  6.95512987  3.02544149], Best Fitness = 14.29512214196815, Evaluations = 4032
Generation 64: Best Solution = [-3.03666443 -0.98724233  1.98092394  1.99252843  3.98129729 12.97027291
 10.97697401 -2.96195067  6.96984191  3.01831016], Best Fitness = 14.290047657054672, Evaluations = 4096
Generation 65: Best Solution = [-3.01668031 -0.98844776  1.97110158  1.99122521  3.98275703 12.96595927
 10.98452361 -2.95835592  6.96537806  3.01936538], Best Fitness = 14.288136867433963, Evaluations = 4160
Generation 66: Best Solution = [-3.0247861  -0.99036826  1.9849456   1.98909667  3.97651439 12.97359399
 10.97602143 -2.96385289  6.95964798  3.00765784], Best Fitness = 14.285202543508703, Evaluations = 4224
Generation 67: Best Solution = [-3.02759821 -0.98868473  1.98182805  1.99869465  3.98170959 12.96342832
 10.97163703 -2.97376812  6.97007946  3.01091331], Best Fitness = 14.28222718202102, Evaluations = 4288
Generation 68: Best Solution = [-3.01689549 -0.98454915  1.9906154   1.98770125  3.9787601  12.97510603
 10.98066782 -2.97262729  6.96871091  3.01632425], Best Fitness = 14.279605524734569, Evaluations = 4352
Generation 69: Best Solution = [-3.01508866 -0.99101696  1.99398062  1.98490177  3.97938779 12.97807586
 10.9847845  -2.9754139   6.97063402  3.01371771], Best Fitness = 14.277034860424859, Evaluations = 4416
Generation 70: Best Solution = [-3.01572832 -0.99519456  1.99548767  1.99216463  3.98713648 12.96567399
 10.9729194  -2.97024198  6.97633658  3.01360917], Best Fitness = 14.276798559088965, Evaluations = 4480
Generation 71: Best Solution = [-3.01650707 -0.99039003  1.99176655  1.99723817  3.98500681 12.96725265
 10.98074582 -2.98099577  6.98876905  3.01566088], Best Fitness = 14.274435366174684, Evaluations = 4544
Generation 72: Best Solution = [-3.0122547  -0.99241662  1.99233505  1.9943068   3.98155985 12.97466668
 10.98127872 -2.98100308  6.98244236  3.01133096], Best Fitness = 14.272534355669865, Evaluations = 4608
Generation 73: Best Solution = [-3.01111091 -0.99199017  1.98297549  1.99655697  3.99267412 12.97128775
 10.98125451 -2.98454887  6.98399095  3.00972229], Best Fitness = 14.271866842185101, Evaluations = 4672
Generation 74: Best Solution = [-2.99966967 -0.99039086  1.98546248  1.99908479  3.9900825  12.97115315
 10.98219606 -2.99114332  6.97504639  3.00715609], Best Fitness = 14.270403893187106, Evaluations = 4736
Generation 75: Best Solution = [-3.00349372 -0.99081857  1.99085479  1.99842416  3.98684815 12.97824362
 10.97948193 -2.99427896  6.98003546  3.0065261 ], Best Fitness = 14.269389354810212, Evaluations = 4800
Generation 76: Best Solution = [-3.00530306 -1.00037947  1.99588214  1.99638078  3.98650979 12.97698001
 10.98205118 -2.99598121  6.98535784  3.00311881], Best Fitness = 14.268464853241815, Evaluations = 4864
Generation 77: Best Solution = [-2.99702815 -0.99761414  1.9942205   1.99289853  3.98542536 12.9766624
 10.982005   -2.99188597  6.98336156  2.99868835], Best Fitness = 14.267898307201051, Evaluations = 4928
Generation 78: Best Solution = [-2.99584383 -0.99285271  1.99826057  1.99410954  3.98634199 12.9766967
 10.98018922 -2.99569628  6.98365971  2.99399335], Best Fitness = 14.267775701767974, Evaluations = 4992
Generation 79: Best Solution = [-2.99451353 -1.00154378  1.99781066  1.99147229  3.99214122 12.97814194
 10.98446523 -2.99256     6.98720408  2.99675139], Best Fitness = 14.267524251881582, Evaluations = 5056
Generation 80: Best Solution = [-2.99963625 -0.99626001  1.99844326  1.99384106  3.99058771 12.97891715
 10.98169233 -2.99734447  6.9845155   2.99344351], Best Fitness = 14.267558259417454, Evaluations = 5120
Generation 81: Best Solution = [-2.99791932 -0.9988317   1.99317734  1.99471386  3.99795117 12.97302284
 10.97968996 -2.99549634  6.98399252  2.99392404], Best Fitness = 14.267671953305772, Evaluations = 5184
Generation 82: Best Solution = [-2.99546568 -0.9932666   1.99900125  1.99547705  3.99437444 12.97598202
 10.97948962 -2.99538496  6.98914736  2.99448626], Best Fitness = 14.267422160741209, Evaluations = 5248
Generation 83: Best Solution = [-2.9962759  -0.99794195  1.99941907  1.99711854  3.99834784 12.97784186
 10.97889815 -2.99807675  6.98989247  2.9932711 ], Best Fitness = 14.267517514535923, Evaluations = 5312
Generation 84: Best Solution = [-2.99684634 -0.99784356  1.99622014  1.99639407  3.99227058 12.97869509
 10.97976021 -2.99490197  6.99001377  2.99427339], Best Fitness = 14.26726760979195, Evaluations = 5376
Generation 85: Best Solution = [-2.99579775 -0.99841265  1.99993136  2.00058825  3.99481454 12.97520094
 10.98222705 -2.9959086   6.99213588  2.99436935], Best Fitness = 14.26750572094885, Evaluations = 5440
Generation 86: Best Solution = [-2.99645098 -0.99621235  1.99829899  2.00016733  3.99293586 12.97878434
 10.98116733 -2.99661996  6.98699837  2.99314339], Best Fitness = 14.267368099138789, Evaluations = 5504
Generation 87: Best Solution = [-2.99487894 -0.99583264  2.00168447  1.99937388  3.99148899 12.97647758
 10.98258638 -2.99794002  6.9890472   2.99192066], Best Fitness = 14.267552572975159, Evaluations = 5568
Generation 88: Best Solution = [-2.99580122 -0.99654504  1.99790418  1.99764619  3.99586493 12.97633223
 10.97776393 -2.99797803  6.98537005  2.99389649], Best Fitness = 14.267439424836901, Evaluations = 5632
Generation 89: Best Solution = [-2.99546341 -0.99680986  1.99873497  1.99587521  3.98982302 12.97826188
 10.97586966 -2.99506168  6.99008257  2.99301864], Best Fitness = 14.26749030239906, Evaluations = 5696
Generation 90: Best Solution = [-2.99182847 -0.99352854  1.9968324   1.99629103  3.99417062 12.98110661
 10.9817013  -2.995691    6.99042431  2.99292323], Best Fitness = 14.267499240280708, Evaluations = 5760
Generation 91: Best Solution = [-2.99516771 -0.99868942  1.99524752  1.99737959  3.99571143 12.9766438
 10.97963416 -2.99424242  6.99017583  3.00012475], Best Fitness = 14.267444064761202, Evaluations = 5824
Generation 92: Best Solution = [-2.99198026 -0.99566591  1.998093    1.99871565  3.99300564 12.98133458
 10.98243906 -2.99517786  6.98958949  2.99464052], Best Fitness = 14.267415754799607, Evaluations = 5888
Generation 93: Best Solution = [-2.99823145 -0.99662036  1.99940183  1.993006    3.99352862 12.97988778
 10.98449078 -2.99657109  6.98750885  2.99749421], Best Fitness = 14.26753097536644, Evaluations = 5952
Generation 94: Best Solution = [-2.99485375 -0.99776356  1.99328105  1.99388311  3.9924575  12.98120109
 10.98007802 -2.99256888  6.99187464  2.99232557], Best Fitness = 14.267517999770696, Evaluations = 6016
Generation 95: Best Solution = [-2.99630906 -0.99567656  1.99814705  1.99585187  3.99504365 12.97382493
 10.98115165 -2.99737891  6.99263213  2.99562245], Best Fitness = 14.267514426836115, Evaluations = 6080
Generation 96: Best Solution = [-2.99467523 -1.00054509  1.99768466  1.99692102  3.99081897 12.98091488
 10.98251272 -2.99730528  6.99092958  2.99549394], Best Fitness = 14.267412606760878, Evaluations = 6144
Generation 97: Best Solution = [-2.99326899 -0.99621034  1.99280115  1.99605373  3.99837746 12.97633543
 10.97896768 -2.99419929  6.98830088  2.99479353], Best Fitness = 14.267498235865588, Evaluations = 6208
Generation 98: Best Solution = [-2.99418276 -0.99848022  1.99497412  1.99570703  3.9914027  12.97642683
 10.98031852 -2.99408501  6.99173095  2.99159089], Best Fitness = 14.267383917497153, Evaluations = 6272
Generation 99: Best Solution = [-2.99733637 -1.0002791   1.99756168  1.99444999  3.99759073 12.97836004
 10.98151882 -2.99885109  6.98860367  2.99503151], Best Fitness = 14.267482264282211, Evaluations = 6336
Generation 100: Best Solution = [-2.99483777 -0.99403087  1.99796547  1.99733643  3.99325555 12.9813899
 10.98027497 -2.99587385  6.99014121  2.99428866], Best Fitness = 14.267422095627884, Evaluations = 6400
Generation 101: Best Solution = [-2.9941548  -0.99851669  1.9947477   1.99823535  3.98962166 12.97558341
 10.98147053 -2.99619682  6.98716708  2.99589533], Best Fitness = 14.267345143838948, Evaluations = 6464
Generation 102: Best Solution = [-2.99029448 -1.00001048  1.99515274  1.99731084  3.99174784 12.98222907
 10.98268786 -2.99826296  6.98979923  2.99716794], Best Fitness = 14.267585994507382, Evaluations = 6528
Generation 103: Best Solution = [-2.99364155 -0.99573531  1.99855159  1.9930662   3.99732461 12.98056363
 10.9798233  -2.99517714  6.9862819   2.99488419], Best Fitness = 14.267494899566563, Evaluations = 6592
Generation 104: Best Solution = [-2.99529512 -0.99811793  1.99576482  1.99178921  3.99553173 12.97769989
 10.97996465 -2.99020516  6.98789243  2.99845115], Best Fitness = 14.267551093864839, Evaluations = 6656
Generation 105: Best Solution = [-2.99203986 -1.00063796  1.99501642  2.0007361   3.99094997 12.97462827
 10.98106329 -2.99378664  6.98953378  2.99416138], Best Fitness = 14.267474376851652, Evaluations = 6720
Generation 106: Best Solution = [-2.99511906 -0.99405607  1.99201052  1.99736252  3.98944007 12.9764543
 10.98560189 -2.99550875  6.98880952  2.99633656], Best Fitness = 14.267618925695725, Evaluations = 6784
Generation 107: Best Solution = [-2.99307045 -0.99714027  2.00015785  1.99173028  3.99521408 12.97883833
 10.97914902 -2.99390215  6.98576837  2.99333388], Best Fitness = 14.267514258194526, Evaluations = 6848
Generation 108: Best Solution = [-2.99416064 -0.99746893  1.99976059  1.99953655  3.98938828 12.97891035
 10.98371653 -2.99771746  6.98757152  2.99388668], Best Fitness = 14.267479360043428, Evaluations = 6912
Generation 109: Best Solution = [-2.9891285  -0.99979125  1.9960692   1.99500201  3.99329606 12.98169794
 10.98054302 -2.99677372  6.98719097  2.99211439], Best Fitness = 14.26755636908695, Evaluations = 6976
Generation 110: Best Solution = [-2.99322069 -0.99940568  1.99772482  1.99541006  3.99847511 12.97794958
 10.97712598 -2.99685744  6.98672582  2.99049818], Best Fitness = 14.267605041011274, Evaluations = 7040
Generation 111: Best Solution = [-2.99523951 -1.00064806  1.9925572   1.99199572  3.99244805 12.97828016
 10.97987853 -2.99659094  6.98875199  2.99544066], Best Fitness = 14.267464215275362, Evaluations = 7104
Generation 112: Best Solution = [-2.99259691 -1.00060379  1.99495873  1.99025208  3.99602926 12.97798624
 10.97922005 -2.99686171  6.98810908  2.99697347], Best Fitness = 14.267595048577155, Evaluations = 7168
Generation 113: Best Solution = [-2.99390534 -0.99716598  1.99829822  1.99732712  3.99098443 12.97718324
 10.98350882 -2.99951704  6.98447681  2.99550552], Best Fitness = 14.267473462347793, Evaluations = 7232
Generation 114: Best Solution = [-2.99384519 -0.99846542  1.99513698  1.99251789  3.9965401  12.97891093
 10.97859883 -2.99723417  6.98587111  2.99538881], Best Fitness = 14.267465427434807, Evaluations = 7296
Generation 115: Best Solution = [-2.99137026 -0.9998301   1.99415866  1.99637446  3.99212148 12.97964628
 10.98001831 -2.99051932  6.98825612  2.99495227], Best Fitness = 14.267444826850275, Evaluations = 7360
Generation 116: Best Solution = [-2.99414067 -0.99800758  1.99426451  1.99701711  3.99509522 12.98038199
 10.98151364 -2.99503923  6.99011841  2.99563969], Best Fitness = 14.267322742907071, Evaluations = 7424
Generation 117: Best Solution = [-2.99404193 -0.99809529  1.99438655  2.00106276  3.99356165 12.97614185
 10.98203983 -2.996531    6.99106327  2.99502529], Best Fitness = 14.267422103929487, Evaluations = 7488
Generation 118: Best Solution = [-2.99548226 -0.99560961  2.00086014  1.9918324   3.99611043 12.97977345
 10.97983725 -2.99602508  6.98834634  2.9948225 ], Best Fitness = 14.267548622991175, Evaluations = 7552
Generation 119: Best Solution = [-2.99891838 -1.00178228  1.99597456  1.99359067  3.9942934  12.9812648
 10.98452381 -2.99671705  6.98995027  2.99254328], Best Fitness = 14.267611065055462, Evaluations = 7616
Generation 120: Best Solution = [-2.99181956 -0.99677272  1.99509628  1.99371176  3.99313231 12.97531626
 10.97688508 -2.99381305  6.98606762  2.99447195], Best Fitness = 14.267466033017309, Evaluations = 7680
Generation 121: Best Solution = [-2.99550141 -0.99473029  1.99612132  2.00088988  3.99573834 12.97731886
 10.97915304 -2.9937815   6.99164548  2.99389073], Best Fitness = 14.267511933619218, Evaluations = 7744
Generation 122: Best Solution = [-2.99588321 -1.00112954  1.9973523   1.99252636  3.99656488 12.97565612
 10.98054434 -2.9947877   6.98896528  2.99375751], Best Fitness = 14.2674381177411, Evaluations = 7808
Generation 123: Best Solution = [-2.99461899 -0.99739809  1.99584078  1.99798365  3.9920143  12.97625004
 10.97850132 -2.99749205  6.99052821  2.99443835], Best Fitness = 14.267344816668796, Evaluations = 7872
Generation 124: Best Solution = [-2.99516376 -0.99731647  1.995303    1.99725263  3.9932931  12.97340626
 10.98241964 -3.00058834  6.99123495  2.99687759], Best Fitness = 14.26757684115774, Evaluations = 7936
Generation 125: Best Solution = [-3.00039539 -0.9951385   1.99811199  1.99637582  3.99371166 12.97731519
 10.97892755 -2.99729535  6.9889226   2.99524414], Best Fitness = 14.267496530788023, Evaluations = 8000
Generation 126: Best Solution = [-2.99224437 -0.99878277  1.99562618  1.99341102  3.99231028 12.97934089
 10.98135089 -2.9986194   6.98741564  2.99012417], Best Fitness = 14.267514453182066, Evaluations = 8064
Generation 127: Best Solution = [-2.99257074 -1.00203041  1.99663249  1.99888422  3.99362483 12.9732082
 10.97945239 -2.99350054  6.98807667  2.99444622], Best Fitness = 14.26746287966606, Evaluations = 8128
Generation 128: Best Solution = [-2.99532093 -0.99741234  1.99560904  1.99547804  3.99160258 12.97715459
 10.98424726 -2.99700326  6.98717454  2.99236081], Best Fitness = 14.267346248430018, Evaluations = 8192
Generation 129: Best Solution = [-2.99525573 -0.99422862  1.99596205  1.99908449  3.99048253 12.97769009
 10.98241577 -2.99256167  6.98938601  2.99403675], Best Fitness = 14.267415567795497, Evaluations = 8256
Generation 130: Best Solution = [-2.9928778  -0.99945737  1.99567488  1.9977449   3.98905901 12.98018515
 10.98162639 -2.9948045   6.98583525  2.99491515], Best Fitness = 14.267391194942382, Evaluations = 8320
Generation 131: Best Solution = [-2.99480742 -0.99679815  1.99454657  1.99536939  3.99546135 12.97620121
 10.97969806 -2.99547578  6.99114857  2.99244256], Best Fitness = 14.267379755183711, Evaluations = 8384
Generation 132: Best Solution = [-2.9921039  -0.99789238  1.99815347  1.99713583  3.99292312 12.97995032
 10.98686975 -2.99641018  6.98852276  2.99882094], Best Fitness = 14.267561737710276, Evaluations = 8448
Generation 133: Best Solution = [-2.99591404 -0.99843638  1.99529243  1.99958482  3.99385359 12.980988
 10.98079676 -2.9979589   6.99015858  2.99124399], Best Fitness = 14.267474000633342, Evaluations = 8512
Generation 134: Best Solution = [-2.99741882 -0.99640533  1.9945261   1.99992159  3.99398394 12.98192008
 10.97974963 -2.99579815  6.9901479   2.99335591], Best Fitness = 14.267490306176747, Evaluations = 8576
Generation 135: Best Solution = [-2.99689665 -0.9979919   1.99878643  1.99379265  3.99399243 12.98140821
 10.98082538 -2.99604878  6.9849138   2.99418338], Best Fitness = 14.2674319720598, Evaluations = 8640
Generation 136: Best Solution = [-2.99336679 -0.99922039  1.99533006  1.99563446  3.99429125 12.97527155
 10.98132248 -2.99003594  6.99277145  2.9986231 ], Best Fitness = 14.26759085417989, Evaluations = 8704
Generation 137: Best Solution = [-2.99389964 -0.99973664  1.99461892  1.99864887  3.99583357 12.97840684
 10.97749311 -2.99674797  6.98801738  2.99245444], Best Fitness = 14.267422119827799, Evaluations = 8768
Generation 138: Best Solution = [-2.99575985 -0.99891056  1.99685843  1.99674779  3.99555513 12.97840474
 10.98066056 -2.99403895  6.98785198  2.99510466], Best Fitness = 14.267247679886236, Evaluations = 8832
Generation 139: Best Solution = [-2.99351869 -0.99797708  1.99481054  1.99695338  3.99681408 12.98143943
 10.98109451 -2.99734929  6.98876859  2.99301236], Best Fitness = 14.267432234534946, Evaluations = 8896
Generation 140: Best Solution = [-2.99118086 -0.99494075  1.99796947  1.99707789  3.99500859 12.97936295
 10.98004057 -2.99656764  6.99271468  2.99645211], Best Fitness = 14.267534608816568, Evaluations = 8960
Generation 141: Best Solution = [-2.99587595 -1.00160293  1.99713409  1.99613892  3.99128952 12.97490785
 10.98231655 -2.99181335  6.98913247  2.99541353], Best Fitness = 14.26739257192568, Evaluations = 9024
Generation 142: Best Solution = [-2.99674804 -0.99388606  1.9976584   1.9987976   3.99119476 12.97561991
 10.98448219 -2.99367247  6.98936871  2.99380863], Best Fitness = 14.267483681487544, Evaluations = 9088
Generation 143: Best Solution = [-2.99771505 -0.99980794  1.99761281  1.99760294  3.99136018 12.9750111
 10.98176574 -2.99612521  6.98961342  2.99281234], Best Fitness = 14.267370146036633, Evaluations = 9152
Generation 144: Best Solution = [-2.99656755 -1.00008763  1.99512289  1.99824963  3.99722671 12.97718173
 10.98108851 -2.99046726  6.98928513  2.99388153], Best Fitness = 14.267468593904656, Evaluations = 9216
Generation 145: Best Solution = [-2.99686643 -0.99599636  1.99775489  1.99540785  3.99228194 12.97700965
 10.97874014 -2.99630614  6.98833072  2.99573566], Best Fitness = 14.267317354651137, Evaluations = 9280
Generation 146: Best Solution = [-2.99676823 -0.99477741  2.0000271   1.99562314  3.99447669 12.97585795
 10.98474001 -2.9951945   6.9876267   2.99601662], Best Fitness = 14.267461291105944, Evaluations = 9344
Generation 147: Best Solution = [-2.99073793 -0.99799725  1.99323265  1.99765764  3.99113364 12.97376213
 10.98206831 -2.99613723  6.9906495   2.99329555], Best Fitness = 14.267524306200976, Evaluations = 9408
Generation 148: Best Solution = [-2.9951463  -1.00077346  1.99901534  1.99653423  3.99270529 12.97523128
 10.97778667 -2.99705862  6.98395398  2.99530651], Best Fitness = 14.267470145335356, Evaluations = 9472
Generation 149: Best Solution = [-2.99543216 -0.99924954  1.99950912  1.99956759  3.99329312 12.9758769
 10.98159927 -2.99366672  6.98558774  2.99824801], Best Fitness = 14.267420403866009, Evaluations = 9536
Generation 150: Best Solution = [-2.99756949 -0.99598623  1.99256326  1.99763196  3.98926395 12.98036252
 10.98195964 -2.99582827  6.99014309  2.99371375], Best Fitness = 14.267521788727949, Evaluations = 9600
Generation 151: Best Solution = [-2.9965914  -0.99902662  1.9946789   1.99601083  3.9866783  12.97651093
 10.98205217 -2.99727156  6.98839354  2.99580415], Best Fitness = 14.267513278628643, Evaluations = 9664
Generation 152: Best Solution = [-2.99371114 -0.99797635  1.99550826  1.99686296  3.99310251 12.97555718
 10.98009005 -2.99533322  6.9910143   2.99755124], Best Fitness = 14.267332836311178, Evaluations = 9728
Generation 153: Best Solution = [-2.99236477 -0.9997008   1.99365351  1.99897909  3.99340884 12.97934004
 10.98328743 -2.99212574  6.98859864  2.99459779], Best Fitness = 14.267405453390552, Evaluations = 9792
Generation 154: Best Solution = [-2.99430151 -0.99930236  1.99100348  1.99640559  3.99428256 12.9799243
 10.97989866 -2.99499234  6.98677521  2.99799115], Best Fitness = 14.26747773101819, Evaluations = 9856
Generation 155: Best Solution = [-2.99649197 -0.99879344  1.99924304  2.00022327  3.99459386 12.97873501
 10.97978969 -2.99475402  6.99119323  2.9952712 ], Best Fitness = 14.267409332523187, Evaluations = 9920
Generation 156: Best Solution = [-2.99462787 -0.99928218  1.99516221  2.00001815  3.98944083 12.97541202
 10.97889114 -2.99808766  6.98890715  2.99668493], Best Fitness = 14.267484870050328, Evaluations = 9984
Generation 157: Best Solution = [-2.99679589 -0.99660708  2.00078469  1.99506023  3.98891451 12.97825329
 10.98150725 -2.99207433  6.99006031  2.99281657], Best Fitness = 14.267529202857174, Evaluations = 10048
