Algorithm: Cross-Entropy Method
Objective Function: Rastrigin
Dimension: 10
Population Size: 128
Max Evaluations: 10000

Generation 1: Best Solution = [-1.07732782  2.63475425 -0.93635467  0.63513428  0.9442216  -0.85632653
 -5.12        1.29942023  1.90087627  0.77290744], Best Fitness = 108.9211433189064, Evaluations = 128
Generation 2: Best Solution = [-1.26836284e+00 -6.13760338e-01  3.60245855e+00  1.07532762e-01
  9.71349461e-01  3.43573821e-04 -1.94795645e+00  1.94092403e+00
 -1.76959726e+00  2.18213850e+00], Best Fitness = 96.28063215518382, Evaluations = 256
Generation 3: Best Solution = [ 1.00846495  0.98447858  1.17448562 -1.06967561  0.05160269  1.15038048
 -4.93771362  2.05045051 -0.97370354  1.33031367], Best Fitness = 64.46292751513074, Evaluations = 384
Generation 4: Best Solution = [-0.03457389 -0.96141959  1.13464387  0.98043916  0.09809085 -0.00747275
  2.16912162 -1.58405459  0.29880866  3.84724257], Best Fitness = 72.16638957930444, Evaluations = 512
Generation 5: Best Solution = [-0.12675816  2.22670017  3.06648433  0.94545234 -1.10867788  0.05236512
 -2.15620288 -0.01005518 -0.2047112   2.05514281], Best Fitness = 53.43570669839702, Evaluations = 640
Generation 6: Best Solution = [ 1.10953088 -0.90142208  0.02711671 -0.24225796  0.0539208   1.05042123
 -0.60914665 -1.11707929  0.11718734  0.91700848], Best Fitness = 44.78590567428115, Evaluations = 768
Generation 7: Best Solution = [ 0.08165505 -0.87019504  1.14919368  0.06129637  0.02205418 -1.3617279
  0.08089462  0.05846671  0.21050854  1.62802305], Best Fitness = 58.858980085574885, Evaluations = 896
Generation 8: Best Solution = [-0.05541942 -0.03196001  0.63996484 -0.01973162  0.16386734  0.96991068
  0.16458683  0.03166561 -0.16484481  1.88696572], Best Fitness = 39.68146905421429, Evaluations = 1024
Generation 9: Best Solution = [ 0.68824695 -0.07677208  0.89758962  0.80994534  0.12288647  0.14507674
 -0.01436517 -0.06732769  0.05716545  2.02081855], Best Fitness = 37.67150872612551, Evaluations = 1152
Generation 10: Best Solution = [ 0.92513759 -0.18559877  1.02861415  0.98799152 -0.19319506 -1.09209273
 -1.04775083  0.15318973 -0.05092295  1.85513394], Best Fitness = 33.296593375194874, Evaluations = 1280
Generation 11: Best Solution = [ 1.03777051e-01  6.81009515e-01  2.28352381e-01 -1.01484733e+00
  1.04576788e-03  1.77679506e+00 -9.05485230e-01  5.83648707e-02
  4.72117680e-02  2.01551319e+00], Best Fitness = 45.726655997936945, Evaluations = 1408
Generation 12: Best Solution = [ 0.85104333 -0.12684121  1.29847488  0.81749171 -0.06511431  0.02810567
 -0.11779391 -0.03508616  0.79985377  1.99465647], Best Fitness = 44.46110002226884, Evaluations = 1536
Generation 13: Best Solution = [ 1.01772819  0.04104148  1.03167584  1.03518567 -0.1712829  -1.06922517
 -0.6433834   0.05047234 -0.14007225  2.15099964], Best Fitness = 40.936677924769675, Evaluations = 1664
Generation 14: Best Solution = [-2.52732703e-03  1.12951192e+00 -8.62008374e-01  2.07107448e-01
 -3.79527398e-02 -2.51462145e-02 -1.07108854e+00  3.70775741e-01
 -1.02063502e+00  2.79752407e+00], Best Fitness = 51.62796829330556, Evaluations = 1792
Generation 15: Best Solution = [ 0.19454684  1.04437955  0.74915724 -0.02611297 -0.01625504  1.11246363
  1.00599171  0.08824931  0.75548591  1.75201885], Best Fitness = 48.22830443132878, Evaluations = 1920
Generation 16: Best Solution = [ 0.38531074 -0.18007657  0.80286755  0.98370728  0.08514285 -0.90781278
 -0.01203102  0.22911852 -0.02486452  1.84420514], Best Fitness = 52.42173295947932, Evaluations = 2048
Generation 17: Best Solution = [ 0.66499662 -0.05258823 -0.07042286  0.19643781 -0.04832411 -0.71699775
 -0.96781012 -0.16077588  0.04055667  1.96653996], Best Fitness = 47.0748471112269, Evaluations = 2176
Generation 18: Best Solution = [ 0.19277955  1.09556293 -0.03194946 -0.29337323 -0.06937846  0.94865633
  0.04786561  0.05449923  0.10186067  2.19763299], Best Fitness = 39.42603790768177, Evaluations = 2304
Generation 19: Best Solution = [ 0.00606686  0.99315477  0.03415435 -0.20490837 -0.02351903  0.81786902
  0.18351479  0.00678625 -0.20885222  1.94925836], Best Fitness = 32.89853097578958, Evaluations = 2432
Generation 20: Best Solution = [-0.00816285  1.0087458   0.06630606 -0.08781924 -0.01691595  0.95102671
  0.25488231 -0.01914969 -0.14635461  1.88776817], Best Fitness = 25.181149617366074, Evaluations = 2560
Generation 21: Best Solution = [ 0.03707279  0.99175071 -0.07965989 -0.19050841 -0.03658632  0.77785479
  0.08070655  0.03418418 -0.12686896  1.94924544], Best Fitness = 26.842590623421074, Evaluations = 2688
Generation 22: Best Solution = [ 0.1183613   1.00039287 -0.00500798 -0.21039194 -0.04724945  0.98558873
  0.14968733 -0.05172338 -0.02977425  1.92047165], Best Fitness = 22.434356173883486, Evaluations = 2816
Generation 23: Best Solution = [ 0.08327954  0.95498757  0.03212616 -0.22335318 -0.04562859  1.04550202
  0.07787604  0.00780677 -0.02491506  1.99284514], Best Fitness = 18.447011717230055, Evaluations = 2944
Generation 24: Best Solution = [ 0.09810349  1.01799379 -0.05156806 -0.14180306 -0.05357089  1.03408883
  0.14241419 -0.01824882 -0.04379834  1.99571345], Best Fitness = 17.262914351420378, Evaluations = 3072
Generation 25: Best Solution = [ 1.41682722e-02  9.50821588e-01 -3.78154229e-04 -1.29324969e-01
  7.36731699e-03  8.87382040e-01  5.58942187e-02  1.97938772e-03
  3.50684509e-02  2.03207276e+00], Best Fitness = 12.94582404167761, Evaluations = 3200
Generation 26: Best Solution = [ 0.04813101  0.99133723 -0.04143467 -0.08631355 -0.01171033  0.92790155
  0.08491032 -0.03503078  0.01127709  2.0236099 ], Best Fitness = 11.001008391056772, Evaluations = 3328
Generation 27: Best Solution = [ 0.06215345  0.98899191 -0.02052329 -0.08258577 -0.03130206  0.92471974
  0.06954592 -0.03384527 -0.01828469  1.98029927], Best Fitness = 10.547430241806495, Evaluations = 3456
Generation 28: Best Solution = [ 0.05923395  0.99142591 -0.00873778 -0.05666268 -0.0326385   0.95836113
  0.08060712 -0.02791258 -0.01603083  1.98199863], Best Fitness = 9.259568093642258, Evaluations = 3584
Generation 29: Best Solution = [ 0.04639051  0.99509419 -0.04836051 -0.03375619 -0.02021225  0.95442164
  0.08381454 -0.04779911 -0.01688636  1.97955099], Best Fitness = 9.37310934179331, Evaluations = 3712
Generation 30: Best Solution = [ 0.06708034  0.99540795 -0.00536085 -0.05765871 -0.00932439  0.96747939
  0.06384581 -0.02756056 -0.01211364  1.97926621], Best Fitness = 8.673678488647951, Evaluations = 3840
Generation 31: Best Solution = [ 0.04862117  1.00224527 -0.02239893 -0.05269769 -0.01787361  0.9648498
  0.07796886 -0.02817413 -0.02225055  1.99200101], Best Fitness = 8.771420587483107, Evaluations = 3968
Generation 32: Best Solution = [ 0.04976982  1.00039679 -0.010539   -0.04628133 -0.01789883  0.96812264
  0.06588824 -0.03017567 -0.01331834  1.98089832], Best Fitness = 8.193228667682831, Evaluations = 4096
Generation 33: Best Solution = [ 0.04450676  0.98671142 -0.02807152 -0.04291853 -0.01648176  0.94797135
  0.0539005  -0.02164938 -0.01943412  1.99169722], Best Fitness = 8.119204951564853, Evaluations = 4224
Generation 34: Best Solution = [ 0.04547046  1.00111535 -0.01521461 -0.04710963 -0.01328154  0.96601283
  0.048615   -0.01891679 -0.01788072  1.98686225], Best Fitness = 7.669411294401897, Evaluations = 4352
Generation 35: Best Solution = [ 0.0433453   0.98617743 -0.01598485 -0.04348078 -0.01986865  0.96580004
  0.04196887 -0.02023595 -0.02313992  1.98902742], Best Fitness = 7.559675873880252, Evaluations = 4480
Generation 36: Best Solution = [ 0.04290287  0.99282686 -0.01073408 -0.03800721 -0.01480338  0.96689876
  0.04164395 -0.02179064 -0.02896607  1.99383654], Best Fitness = 7.445807352550162, Evaluations = 4608
Generation 37: Best Solution = [ 0.03408228  0.99604648 -0.01297564 -0.0493091  -0.01387945  0.97403718
  0.03773525 -0.01296673 -0.02226499  1.98211815], Best Fitness = 7.260958291891384, Evaluations = 4736
Generation 38: Best Solution = [ 0.03289771  1.00023099 -0.01247687 -0.04641245 -0.00560052  0.9686363
  0.03481799 -0.00954528 -0.01817634  1.9922211 ], Best Fitness = 7.111657402878635, Evaluations = 4864
Generation 39: Best Solution = [ 3.95725857e-02  1.00373483e+00 -1.99988819e-02 -3.90889224e-02
  1.89204034e-03  9.79979075e-01  3.10396462e-02 -1.68351931e-02
 -1.21084831e-02  1.99293756e+00], Best Fitness = 6.997712734587807, Evaluations = 4992
Generation 40: Best Solution = [ 2.17441485e-02  9.99396489e-01 -1.78631944e-02 -3.05606755e-02
 -1.53438623e-02  9.77907673e-01  4.09620885e-02 -5.01463920e-04
 -1.65566710e-02  1.99817626e+00], Best Fitness = 6.818453341706757, Evaluations = 5120
Generation 41: Best Solution = [ 0.02191329  1.00283927 -0.01190392 -0.03215606 -0.01221251  0.99645447
  0.03411161 -0.00844522 -0.02372831  1.99431368], Best Fitness = 6.6992006957118235, Evaluations = 5248
Generation 42: Best Solution = [ 0.01549492  0.99672033 -0.01589171 -0.03239946 -0.01022289  0.9888525
  0.03074333 -0.00783173 -0.01645788  1.98579514], Best Fitness = 6.559820812584306, Evaluations = 5376
Generation 43: Best Solution = [ 0.0132085   1.00538327 -0.01221158 -0.02898027 -0.01531334  0.98336314
  0.02670999 -0.0079586  -0.00860544  1.98058115], Best Fitness = 6.480420105172641, Evaluations = 5504
Generation 44: Best Solution = [ 0.01719786  0.99623706 -0.00847156 -0.02266207 -0.01434891  0.98276485
  0.02580586 -0.00286507 -0.01414766  1.985234  ], Best Fitness = 6.392383688213826, Evaluations = 5632
Generation 45: Best Solution = [ 0.01132531  1.00684281 -0.00447351 -0.01792677 -0.0074179   0.98330417
  0.02361729 -0.01497584 -0.00907074  1.98762981], Best Fitness = 6.300943562737686, Evaluations = 5760
Generation 46: Best Solution = [ 9.21624426e-03  1.00604037e+00 -2.75982110e-03 -1.94883829e-02
  1.05859323e-03  9.90454733e-01  2.83337981e-02 -6.41036761e-04
 -7.34503789e-03  1.99040181e+00], Best Fitness = 6.261646824589349, Evaluations = 5888
Generation 47: Best Solution = [ 1.56515939e-03  9.92022337e-01 -2.74347712e-03 -1.88841307e-02
  9.45302299e-04  9.95416137e-01  1.67770670e-02 -6.37023620e-03
  1.67591369e-03  1.99096716e+00], Best Fitness = 6.108939938003502, Evaluations = 6016
Generation 48: Best Solution = [-2.33292200e-03  9.99665412e-01 -9.70382507e-04 -1.75216203e-02
 -8.90911588e-04  9.90799973e-01  1.58290905e-02 -9.08096495e-03
  6.04493565e-03  1.98283141e+00], Best Fitness = 6.1230311440384355, Evaluations = 6144
Generation 49: Best Solution = [ 1.09366601e-03  9.94503244e-01 -6.76348265e-03 -1.27239953e-02
 -5.33014289e-04  9.94132070e-01  1.78898011e-02 -5.99974241e-03
  3.65272788e-03  1.98401391e+00], Best Fitness = 6.091493889446042, Evaluations = 6272
Generation 50: Best Solution = [ 2.81728967e-03  9.88761165e-01  3.37951891e-03 -1.14234233e-02
  2.90654259e-03  9.92222678e-01  8.66835791e-03 -6.05483278e-03
 -1.86212633e-03  1.99216904e+00], Best Fitness = 6.034112431745115, Evaluations = 6400
Generation 51: Best Solution = [ 1.86253727e-03  9.94012380e-01 -5.14301780e-03 -9.06944818e-03
 -3.67625860e-05  9.93688355e-01  5.09971209e-03 -4.63038902e-03
 -2.04819344e-03  1.97915106e+00], Best Fitness = 6.025628636880654, Evaluations = 6528
Generation 52: Best Solution = [-3.74520575e-03  9.95034242e-01 -4.48338115e-03 -1.78531970e-03
 -2.98595784e-03  9.94166136e-01  4.62523508e-04 -4.73954944e-03
 -4.56051095e-03  1.98418636e+00], Best Fitness = 5.994156705181879, Evaluations = 6656
Generation 53: Best Solution = [ 1.05749088e-03  9.89088449e-01 -1.51283812e-03 -4.71376103e-05
  1.60345115e-03  9.90895397e-01  1.10464996e-03 -4.74088412e-04
  5.38257120e-03  1.98648010e+00], Best Fitness = 5.989403180876991, Evaluations = 6784
Generation 54: Best Solution = [ 6.30885094e-04  9.94752508e-01  1.29827622e-03  1.51882696e-04
 -4.49736108e-03  9.93260758e-01 -2.77619579e-03  9.86156714e-04
  3.37655978e-03  1.99128292e+00], Best Fitness = 5.979115522391496, Evaluations = 6912
Generation 55: Best Solution = [-1.46583292e-03  9.90888472e-01  5.78773513e-04 -5.42476232e-04
  3.49489911e-04  9.96948172e-01  4.67164033e-03 -2.52308423e-03
 -2.71038196e-03  1.99130407e+00], Best Fitness = 5.98182693453434, Evaluations = 7040
Generation 56: Best Solution = [ 8.45310586e-04  9.94298263e-01 -7.49068374e-04 -2.40446714e-03
 -3.00845785e-03  9.91978584e-01 -3.80213097e-03  5.60181374e-05
  9.99923979e-04  1.98672307e+00], Best Fitness = 5.979871664290215, Evaluations = 7168
Generation 57: Best Solution = [ 1.82786992e-03  9.95478332e-01 -2.17680887e-03 -2.20291457e-04
 -8.13527956e-05  9.93510484e-01  4.10031438e-03  2.37586022e-03
  1.95952689e-03  1.99163789e+00], Best Fitness = 5.977639169504926, Evaluations = 7296
Generation 58: Best Solution = [ 2.49151428e-03  9.95546208e-01  2.10763654e-04  3.43027579e-03
 -1.36111556e-04  9.95624963e-01  1.07509707e-03  3.50743058e-04
  1.15286310e-03  1.99181439e+00], Best Fitness = 5.974718124070961, Evaluations = 7424
Generation 59: Best Solution = [ 1.23577884e-03  9.93068135e-01  2.74130976e-03 -6.51073883e-04
  4.43874198e-04  9.97109990e-01 -7.99538843e-04  4.09474594e-04
  2.57714148e-04  1.98796444e+00], Best Fitness = 5.974217021840531, Evaluations = 7552
Generation 60: Best Solution = [-5.90974932e-03  9.91500771e-01  1.30253637e-03 -9.86962224e-04
  1.36646518e-03  9.92266938e-01 -1.37896658e-03  1.82457041e-03
 -2.92414216e-04  1.98840757e+00], Best Fitness = 5.982887221139833, Evaluations = 7680
Generation 61: Best Solution = [ 1.82306182e-03  9.94677084e-01 -1.16737273e-03 -3.32425684e-03
 -6.52048219e-04  9.91526343e-01  9.75050541e-05  3.23314368e-03
  2.21004417e-03  1.98942932e+00], Best Fitness = 5.97839759459012, Evaluations = 7808
Generation 62: Best Solution = [-8.04254741e-04  9.94560558e-01  2.55598752e-03 -4.98635247e-04
  7.65622211e-04  9.95501939e-01  3.68541992e-04 -4.08065427e-03
  1.77100328e-03  1.99395817e+00], Best Fitness = 5.978624538276222, Evaluations = 7936
Generation 63: Best Solution = [-4.82174238e-03  9.95503564e-01 -1.71394183e-03  1.61488552e-03
  1.31327061e-03  9.96804565e-01 -7.48806558e-04  2.93296808e-03
 -1.43837250e-03  1.99021834e+00], Best Fitness = 5.9787851951408015, Evaluations = 8064
Generation 64: Best Solution = [-1.23207619e-03  9.91344924e-01 -4.44281752e-04 -2.28404064e-03
 -1.38626443e-04  9.97264466e-01 -2.03498673e-03 -2.42137745e-03
  6.27075760e-04  1.99092539e+00], Best Fitness = 5.97703760951768, Evaluations = 8192
Generation 65: Best Solution = [-4.50530579e-03  9.95315652e-01 -1.31200485e-03  6.16160670e-04
 -1.26729946e-03  9.95276688e-01  9.31735463e-04 -2.10705380e-03
  9.12010594e-04  1.99250135e+00], Best Fitness = 5.977102463380049, Evaluations = 8320
Generation 66: Best Solution = [-2.51792697e-03  9.98519873e-01 -3.79307380e-03 -3.11647813e-04
  1.59603206e-03  9.94421703e-01  1.51670204e-03 -2.43696102e-03
 -1.79408900e-03  1.99331958e+00], Best Fitness = 5.981531219926808, Evaluations = 8448
Generation 67: Best Solution = [ 1.22139930e-03  9.96887125e-01  1.08637808e-03 -5.68099974e-04
 -1.43963519e-04  9.94208424e-01 -1.64487289e-03 -6.14318884e-03
  2.25840311e-04  1.98994731e+00], Best Fitness = 5.979229977309373, Evaluations = 8576
Generation 68: Best Solution = [ 2.01151627e-03  9.93884168e-01 -2.37257486e-04  1.18537771e-04
 -2.09641748e-03  9.96760667e-01 -7.64983868e-04 -3.55599278e-03
  1.26235094e-03  1.98844682e+00], Best Fitness = 5.975676712572152, Evaluations = 8704
Generation 69: Best Solution = [-2.57200914e-03  9.92539048e-01  3.80752511e-04  5.56207066e-04
  1.28161622e-03  9.96761246e-01 -3.68552820e-03 -2.30823252e-04
  2.35144414e-03  1.99138988e+00], Best Fitness = 5.977517348080369, Evaluations = 8832
Generation 70: Best Solution = [-1.95796416e-03  9.93340980e-01 -4.65523401e-04 -2.04073916e-04
 -2.87984108e-03  9.96389737e-01  1.29634223e-03 -2.47198394e-04
  1.63278942e-03  1.98892902e+00], Best Fitness = 5.974197222703964, Evaluations = 8960
Generation 71: Best Solution = [-7.39306896e-04  9.91864814e-01 -5.85973324e-04 -4.66764723e-04
  3.42023629e-03  9.95268220e-01 -2.01916052e-03  1.78131460e-03
 -1.02776021e-03  1.99232371e+00], Best Fitness = 5.977005990592602, Evaluations = 9088
Generation 72: Best Solution = [-2.15234589e-03  9.94794522e-01 -8.76219153e-04 -1.38113671e-04
 -3.31518088e-03  9.93557713e-01  1.54556347e-04 -3.59801548e-04
  1.62766329e-03  1.99064392e+00], Best Fitness = 5.974061292735271, Evaluations = 9216
Generation 73: Best Solution = [-8.07330866e-04  9.94773176e-01  2.07963811e-03 -1.44055808e-03
  4.97002357e-04  9.94223812e-01 -5.64063286e-05  1.39560758e-03
  1.19963282e-03  1.98888481e+00], Best Fitness = 5.972192743987506, Evaluations = 9344
Generation 74: Best Solution = [-2.97593746e-03  9.93413854e-01  8.49119878e-04  2.66183333e-03
 -8.19164495e-04  9.94289124e-01  1.25974514e-03  1.73988224e-03
 -1.35532384e-03  1.99146128e+00], Best Fitness = 5.975505114734858, Evaluations = 9472
Generation 75: Best Solution = [ 1.43661014e-03  9.93289877e-01 -9.47648375e-04  1.35444616e-03
  2.47954655e-05  9.91573298e-01  2.69959519e-04 -1.85850516e-03
 -3.35044562e-03  1.99237012e+00], Best Fitness = 5.977648246570951, Evaluations = 9600
Generation 76: Best Solution = [ 5.04656709e-03  9.94261653e-01  3.34932660e-03  1.88277855e-03
 -2.62751515e-03  9.93195831e-01  2.70157803e-03 -1.18412180e-04
  9.68333105e-06  1.99153058e+00], Best Fitness = 5.98178171995022, Evaluations = 9728
Generation 77: Best Solution = [ 9.40946419e-04  9.98751040e-01  2.35201427e-03  3.91368461e-03
 -3.12025827e-03  9.93879303e-01  1.71966887e-03 -2.18865034e-03
 -2.87419361e-03  1.99026893e+00], Best Fitness = 5.982277081947672, Evaluations = 9856
Generation 78: Best Solution = [ 2.64073638e-03  9.93237004e-01  1.66914492e-03 -2.69581335e-03
 -7.16924651e-06  9.89951690e-01  3.80751342e-03 -2.02585310e-04
  2.09132134e-03  1.99108040e+00], Best Fitness = 5.982706021181329, Evaluations = 9984
Generation 79: Best Solution = [ 2.61909408e-03  9.96079574e-01  4.95468531e-04 -2.56698602e-03
  2.32972424e-03  9.95289687e-01  3.61614029e-03  1.36682938e-03
  2.98864341e-04  1.99294595e+00], Best Fitness = 5.978619247055562, Evaluations = 10112
