Algorithm: Cross-Entropy Method
Objective Function: Rastrigin
Dimension: 10
Population Size: 128
Max Evaluations: 10000

Generation 1: Best Solution = [-2.91405142e+00 -5.12000000e+00  2.10779941e+00  1.13599180e+00
 -4.70286865e-01  1.30993747e-01 -2.07646149e+00  1.33495152e+00
 -3.29784403e+00 -2.49000505e-03], Best Fitness = 119.63038477253846, Evaluations = 128
Generation 2: Best Solution = [-3.82810202 -2.21328795  3.93837232  0.4442716   3.19257585 -1.30990193
 -0.98903886 -0.05029788 -3.014039   -3.00299198], Best Fitness = 120.09207611241811, Evaluations = 256
Generation 3: Best Solution = [-1.59945808 -2.93475353  2.92473091  1.71662043 -1.17934312  0.06566651
 -2.92712437  3.32590262  0.06705228 -2.27973432], Best Fitness = 115.91314719659594, Evaluations = 384
Generation 4: Best Solution = [-0.97659998 -1.44451228  4.09627896  1.12715623 -1.02709431 -3.020295
 -2.03803655  0.6875408  -0.91169085 -0.8945399 ], Best Fitness = 79.78233161815758, Evaluations = 512
Generation 5: Best Solution = [-2.0609885  -1.4694977   2.7987906   1.97619158 -1.21211506 -1.01396937
 -1.86182853  1.52654476 -0.97888184  0.15722288], Best Fitness = 90.72130020172413, Evaluations = 640
Generation 6: Best Solution = [ 0.84439291 -4.04418807  3.02669847  0.08210805  0.18265049 -1.26803534
 -2.86037213  0.91340621  0.37029973 -0.97545387], Best Fitness = 83.27151899866229, Evaluations = 768
Generation 7: Best Solution = [-1.34033087 -2.25325376  2.89734294  0.90409268  0.1273901  -1.09033863
 -2.13603179  1.70180648 -0.0449042  -1.88245347], Best Fitness = 81.6685703789149, Evaluations = 896
Generation 8: Best Solution = [-0.66433356 -2.98580627  1.9713997   0.03935807  0.85090291 -0.99773001
 -2.17021495  3.0244746  -0.0294523  -0.6168577 ], Best Fitness = 71.81772351370488, Evaluations = 1024
Generation 9: Best Solution = [-0.21056865 -2.94376894  2.22813677  0.13218619 -0.06336697 -1.21435843
 -1.98593697  3.06992791  0.16729264  0.05525081], Best Fitness = 63.80250813388455, Evaluations = 1152
Generation 10: Best Solution = [-1.58548216 -2.00416235  2.82472332  1.19767548 -0.37591511 -0.90340376
 -1.06607331  1.95099975  0.1437284  -1.14823634], Best Fitness = 82.08370796921731, Evaluations = 1280
Generation 11: Best Solution = [-0.83182966 -2.97997551  2.15737213 -0.0204412  -0.74132796 -0.85249205
 -2.04182709  2.93605584 -0.04767962 -1.29274792], Best Fitness = 68.4922606652955, Evaluations = 1408
Generation 12: Best Solution = [-1.19255682 -2.73660998  2.8532039   0.08878191 -0.15630994 -0.92520812
 -1.97394268  2.07443343 -0.02406406 -1.51762684], Best Fitness = 78.02099538999943, Evaluations = 1536
Generation 13: Best Solution = [-0.839192   -2.94306886  3.13350519 -0.20164504  0.95222657 -1.31510518
 -1.93753378  1.11041579 -0.21373678 -1.04802833], Best Fitness = 69.32510511442294, Evaluations = 1664
Generation 14: Best Solution = [-1.92565803 -2.09589968  2.85783812  0.80339467 -0.11752692 -0.89784879
 -1.88871929  1.94445953 -0.21546774 -0.90531798], Best Fitness = 56.32807373523877, Evaluations = 1792
Generation 15: Best Solution = [-1.00280056 -2.91539855  3.02574428 -0.10557354  0.80088722 -0.98862648
 -1.97969748  1.52195713  0.00522808 -0.93734828], Best Fitness = 58.6758497176574, Evaluations = 1920
Generation 16: Best Solution = [-0.98002695 -2.97993736  2.93496872 -0.15670852  0.15008454 -0.90141382
 -1.89036807  2.13347779  0.01161643 -0.79835126], Best Fitness = 52.141478210709565, Evaluations = 2048
Generation 17: Best Solution = [-1.00140384 -2.89107774  2.93813016  0.05282082  0.30951017 -0.95150609
 -1.88685157  1.9247164  -0.11931438 -0.88689515], Best Fitness = 53.342651496683686, Evaluations = 2176
Generation 18: Best Solution = [-1.06814485 -2.8717353   2.91369     0.1634405   0.12688298 -0.959351
 -1.88971218  2.12722114 -0.04941094 -0.90642076], Best Fitness = 48.82869836603564, Evaluations = 2304
Generation 19: Best Solution = [-1.05136137 -2.92008173  2.90509521 -0.01844327  0.11347208 -1.00302093
 -1.92793184  2.15217147 -0.0203459  -1.00333151], Best Fitness = 39.752745055777815, Evaluations = 2432
Generation 20: Best Solution = [-1.02294409 -2.96245845  2.90989557 -0.07190222 -0.08752786 -1.04696185
 -1.91119845  2.12812383 -0.00593482 -1.10558552], Best Fitness = 40.36750251234402, Evaluations = 2560
Generation 21: Best Solution = [-1.051647   -2.96887795  3.01445901 -0.02174508  0.0599275  -0.92058987
 -1.93176563  2.10057641 -0.00653423 -1.02486627], Best Fitness = 34.78633105167094, Evaluations = 2688
Generation 22: Best Solution = [-0.98979428 -2.93963389  2.92140653 -0.02473892  0.09127838 -0.95156843
 -1.87955643  2.05441662  0.02485659 -1.06618584], Best Fitness = 36.349204000388184, Evaluations = 2816
Generation 23: Best Solution = [-1.03553470e+00 -2.95396147e+00  2.99874660e+00  5.82446016e-04
  1.11493374e-01 -9.36158167e-01 -1.93616069e+00  2.01890462e+00
 -2.65746453e-02 -9.91373405e-01], Best Fitness = 33.318584745335656, Evaluations = 2944
Generation 24: Best Solution = [-1.00772942 -2.93981229  2.96482078  0.02077668  0.05938186 -0.98605673
 -1.92285214  2.03265191 -0.01299343 -1.02322826], Best Fitness = 31.575103048359182, Evaluations = 3072
Generation 25: Best Solution = [-1.01536495 -2.95078969  2.9710126   0.00690897  0.06684471 -0.98284574
 -1.94317268  2.02776655 -0.01768117 -1.03023396], Best Fitness = 31.13177778114833, Evaluations = 3200
Generation 26: Best Solution = [-1.01608023 -2.95835859  2.98697302 -0.01125361  0.0087054  -0.98186881
 -1.94128653  2.02419702 -0.04252335 -1.0374083 ], Best Fitness = 30.56204601238663, Evaluations = 3328
Generation 27: Best Solution = [-0.99895167 -2.94755979  2.98220518 -0.01590393  0.0259776  -0.99706763
 -1.95377398  2.03895721 -0.02322081 -1.01854927], Best Fitness = 30.263284480221117, Evaluations = 3456
Generation 28: Best Solution = [-1.00503198 -2.9451426   2.97793471  0.00361858  0.02624161 -0.9922017
 -1.94276677  2.01830266 -0.02997744 -1.01385731], Best Fitness = 30.173667950830236, Evaluations = 3584
Generation 29: Best Solution = [-1.00659751 -2.95114314  2.99356662  0.01222774  0.01256866 -0.98793794
 -1.9523277   2.01841599 -0.03408632 -1.01612055], Best Fitness = 29.944971017180336, Evaluations = 3712
Generation 30: Best Solution = [-1.00579062 -2.95765275  2.99320599 -0.00385331  0.00809365 -0.98525872
 -1.9700976   2.0214462  -0.01033235 -1.03454398], Best Fitness = 29.676006070461113, Evaluations = 3840
Generation 31: Best Solution = [-1.00290347 -2.94792968  2.98276727 -0.00484548  0.02355247 -0.99595144
 -1.96312986  2.00950884 -0.0159639  -1.01757028], Best Fitness = 29.61715919647709, Evaluations = 3968
Generation 32: Best Solution = [-1.00192716e+00 -2.95741846e+00  2.98500351e+00  2.06618184e-03
  1.56899769e-02 -9.85806718e-01 -1.97037290e+00  2.01598885e+00
 -2.66096385e-03 -1.02417720e+00], Best Fitness = 29.45776856620735, Evaluations = 4096
Generation 33: Best Solution = [-1.00020423 -2.95578909  2.99146059 -0.01083496  0.01755479 -0.98934906
 -1.9692086   2.01158679 -0.00773443 -1.01338329], Best Fitness = 29.38070150017502, Evaluations = 4224
Generation 34: Best Solution = [-1.00228168e+00 -2.96214119e+00  2.98721544e+00  8.61361407e-04
  1.55340620e-02 -9.87964673e-01 -1.96753978e+00  2.00800131e+00
 -3.93663017e-03 -1.02240903e+00], Best Fitness = 29.340338340213975, Evaluations = 4352
Generation 35: Best Solution = [-1.00689429 -2.96445618  2.98541847 -0.00491865  0.01200142 -0.98232946
 -1.9731829   2.01208359 -0.00809949 -1.01174217], Best Fitness = 29.250326158102126, Evaluations = 4480
Generation 36: Best Solution = [-0.99480661 -2.96419388  2.98983404 -0.00908723  0.01310466 -0.98662824
 -1.98324301  2.01500735 -0.00420465 -1.010508  ], Best Fitness = 29.191782901467406, Evaluations = 4608
Generation 37: Best Solution = [-1.00186393e+00 -2.97514309e+00  2.98595764e+00 -3.42285303e-03
  1.25120096e-02 -9.87610369e-01 -1.97491852e+00  2.01151643e+00
 -1.93249733e-03 -1.00066842e+00], Best Fitness = 29.070229684074718, Evaluations = 4736
Generation 38: Best Solution = [-9.96749061e-01 -2.97058017e+00  2.99021262e+00  1.04233840e-03
  1.75380508e-03 -9.88040644e-01 -1.97584552e+00  2.00713881e+00
 -5.91191467e-03 -1.00581686e+00], Best Fitness = 29.038700693795917, Evaluations = 4864
Generation 39: Best Solution = [-9.94223191e-01 -2.97709299e+00  2.97613812e+00 -3.34845463e-03
  1.17065870e-02 -9.95172760e-01 -1.97674604e+00  2.00103122e+00
 -2.31744927e-03 -1.00407008e+00], Best Fitness = 28.9863995213679, Evaluations = 4992
Generation 40: Best Solution = [-9.95917305e-01 -2.96991475e+00  2.98534413e+00 -2.03956293e-03
  3.88527364e-03 -9.93594929e-01 -1.97733264e+00  1.99547157e+00
 -2.83836254e-03 -9.98315865e-01], Best Fitness = 28.94330556921534, Evaluations = 5120
Generation 41: Best Solution = [-0.99556373 -2.97480376  2.97909157 -0.00544041  0.00849202 -0.99467784
 -1.97871868  1.98934474  0.00468482 -0.99822972], Best Fitness = 28.931769021134727, Evaluations = 5248
Generation 42: Best Solution = [-9.91417940e-01 -2.98056838e+00  2.97949901e+00 -3.62421337e-04
  3.53409300e-03 -9.89173741e-01 -1.98372546e+00  1.99253405e+00
 -1.89114563e-03 -9.91416319e-01], Best Fitness = 28.886780998808135, Evaluations = 5376
Generation 43: Best Solution = [-9.93342681e-01 -2.98225735e+00  2.98598128e+00 -5.69626126e-04
 -3.29010403e-03 -9.89730484e-01 -1.98501610e+00  1.99920103e+00
 -8.31992585e-04 -9.97303262e-01], Best Fitness = 28.886542332007537, Evaluations = 5504
Generation 44: Best Solution = [-9.91748144e-01 -2.98003771e+00  2.98171546e+00 -1.79992070e-03
 -2.61265026e-03 -9.93650442e-01 -1.98672243e+00  1.99397482e+00
 -1.43667364e-05 -9.99444461e-01], Best Fitness = 28.873921942738903, Evaluations = 5632
Generation 45: Best Solution = [-9.92932838e-01 -2.99005040e+00  2.98313327e+00  3.69316616e-03
  3.40034251e-03 -9.94693974e-01 -1.98529653e+00  1.98869808e+00
  1.78055292e-03 -9.97521395e-01], Best Fitness = 28.871928155272684, Evaluations = 5760
Generation 46: Best Solution = [-9.95001142e-01 -2.98027624e+00  2.98681870e+00  1.12420135e-03
 -3.42612439e-03 -9.98829539e-01 -1.98979107e+00  1.98799410e+00
 -1.36547460e-03 -9.96501741e-01], Best Fitness = 28.865766067361037, Evaluations = 5888
Generation 47: Best Solution = [-9.94085600e-01 -2.98656683e+00  2.98458368e+00 -3.40168521e-03
 -3.23705869e-03 -9.93546745e-01 -1.99438170e+00  1.99083023e+00
 -5.98736966e-04 -9.93644412e-01], Best Fitness = 28.863793595208406, Evaluations = 6016
Generation 48: Best Solution = [-9.94773499e-01 -2.98343375e+00  2.98299962e+00  1.57539109e-04
  7.14799681e-06 -9.90937881e-01 -1.99041754e+00  1.98905750e+00
 -9.17561106e-04 -9.99077716e-01], Best Fitness = 28.86176514080927, Evaluations = 6144
Generation 49: Best Solution = [-9.93495164e-01 -2.98838576e+00  2.98253570e+00 -9.90535737e-04
  1.96321574e-03 -9.94060277e-01 -1.98600553e+00  1.99175996e+00
 -2.81494020e-03 -9.95389128e-01], Best Fitness = 28.86411628971399, Evaluations = 6272
Generation 50: Best Solution = [-9.99479771e-01 -2.98277199e+00  2.98585943e+00  1.81981225e-03
 -8.60301007e-05 -9.91523824e-01 -1.98921757e+00  1.98868583e+00
  4.32442970e-04 -9.94227219e-01], Best Fitness = 28.86238614032844, Evaluations = 6400
Generation 51: Best Solution = [-9.95963753e-01 -2.98079069e+00  2.98180179e+00  1.61095157e-03
 -1.35762413e-03 -9.96771278e-01 -1.98847955e+00  1.99049536e+00
  1.11672536e-03 -9.91392848e-01], Best Fitness = 28.863817614005043, Evaluations = 6528
Generation 52: Best Solution = [-9.93129780e-01 -2.98634622e+00  2.98697687e+00 -1.75615188e-04
  9.77541039e-05 -9.94982896e-01 -1.99121845e+00  1.98870623e+00
  2.45551794e-03 -9.92357553e-01], Best Fitness = 28.85890450957025, Evaluations = 6656
Generation 53: Best Solution = [-9.96271626e-01 -2.98418891e+00  2.98885662e+00  1.89320038e-05
 -6.71624003e-04 -9.97991241e-01 -1.99106813e+00  1.98812937e+00
  4.90892797e-04 -9.97011548e-01], Best Fitness = 28.86102637716955, Evaluations = 6784
Generation 54: Best Solution = [-9.94827841e-01 -2.98426023e+00  2.98719143e+00 -2.19904487e-03
 -1.15145073e-03 -9.95229859e-01 -1.98856736e+00  1.98548556e+00
 -7.73360982e-04 -9.93173770e-01], Best Fitness = 28.86111603040125, Evaluations = 6912
Generation 55: Best Solution = [-9.93155688e-01 -2.98497207e+00  2.98954763e+00 -2.43953686e-03
  1.20959257e-03 -9.94534450e-01 -1.98604212e+00  1.99029478e+00
  2.34399778e-03 -9.93361886e-01], Best Fitness = 28.864835738842658, Evaluations = 7040
Generation 56: Best Solution = [-9.93696530e-01 -2.98738570e+00  2.98545935e+00  4.56766622e-03
  9.13946020e-04 -9.94804492e-01 -1.98804597e+00  1.99102344e+00
 -2.19253380e-03 -9.94044510e-01], Best Fitness = 28.861757270216827, Evaluations = 7168
Generation 57: Best Solution = [-9.95584856e-01 -2.98592368e+00  2.98284870e+00  1.67103118e-03
 -2.97519730e-03 -9.93660232e-01 -1.98911989e+00  1.98568482e+00
 -9.01798608e-04 -9.98185945e-01], Best Fitness = 28.863372151847045, Evaluations = 7296
Generation 58: Best Solution = [-9.97329441e-01 -2.98251092e+00  2.98203413e+00  1.42449602e-03
 -1.41395882e-03 -9.94840496e-01 -1.99207582e+00  1.98996219e+00
  1.99780507e-03 -9.93662160e-01], Best Fitness = 28.860368127312086, Evaluations = 7424
Generation 59: Best Solution = [-9.93584173e-01 -2.98683887e+00  2.98461434e+00  1.38405728e-03
 -1.04755387e-03 -9.98083986e-01 -1.98685106e+00  1.98944912e+00
 -1.51346540e-04 -9.90496557e-01], Best Fitness = 28.863288341892115, Evaluations = 7552
Generation 60: Best Solution = [-9.94027501e-01 -2.98477742e+00  2.98395580e+00 -5.36162083e-04
 -3.75363011e-03 -9.92141743e-01 -1.98724279e+00  1.99179918e+00
 -1.14911451e-03 -9.95401184e-01], Best Fitness = 28.86091668375903, Evaluations = 7680
Generation 61: Best Solution = [-9.93048144e-01 -2.98382824e+00  2.98563421e+00  9.56202768e-04
  1.60782593e-03 -9.95536926e-01 -1.99019269e+00  1.98640237e+00
  1.68234522e-03 -9.97848828e-01], Best Fitness = 28.86022607945, Evaluations = 7808
Generation 62: Best Solution = [-9.93804123e-01 -2.98279221e+00  2.98800997e+00 -1.64790880e-03
 -2.46138700e-04 -9.96410481e-01 -1.98759296e+00  1.98985506e+00
 -7.23093585e-04 -9.97923009e-01], Best Fitness = 28.860693704995768, Evaluations = 7936
Generation 63: Best Solution = [-9.98375397e-01 -2.98373371e+00  2.98805940e+00  1.05654854e-03
  8.23841600e-04 -9.96888012e-01 -1.98984991e+00  1.99080970e+00
 -2.97137011e-03 -9.97449624e-01], Best Fitness = 28.862571000371375, Evaluations = 8064
Generation 64: Best Solution = [-9.91987604e-01 -2.98947224e+00  2.98907209e+00  1.94853574e-03
 -2.78072067e-04 -9.94399550e-01 -1.98879699e+00  1.99126102e+00
 -1.83373782e-03 -9.92966385e-01], Best Fitness = 28.866109683085966, Evaluations = 8192
Generation 65: Best Solution = [-9.97327861e-01 -2.99099957e+00  2.98641835e+00  1.58241412e-03
  8.76553160e-05 -9.96375723e-01 -1.98829508e+00  1.99014321e+00
  1.00207108e-03 -9.94206795e-01], Best Fitness = 28.8645369464993, Evaluations = 8320
Generation 66: Best Solution = [-9.93373860e-01 -2.98839376e+00  2.98913847e+00  1.03833058e-03
  5.59961872e-05 -9.97257150e-01 -1.99085347e+00  1.98951978e+00
  5.16941594e-04 -9.96288611e-01], Best Fitness = 28.862211301953025, Evaluations = 8448
Generation 67: Best Solution = [-9.94824976e-01 -2.98525293e+00  2.98606166e+00  6.68531844e-04
 -1.48901297e-03 -9.95284871e-01 -1.98744414e+00  1.98954381e+00
 -1.06696679e-03 -9.89468784e-01], Best Fitness = 28.862045577207525, Evaluations = 8576
Generation 68: Best Solution = [-9.90484062e-01 -2.98698920e+00  2.98284619e+00 -3.30695556e-03
  1.26544139e-03 -9.96926893e-01 -1.98998515e+00  1.99080734e+00
  1.08331595e-03 -9.94928167e-01], Best Fitness = 28.863055557343486, Evaluations = 8704
Generation 69: Best Solution = [-9.90705060e-01 -2.98453430e+00  2.98651658e+00 -2.62111902e-03
 -2.37878932e-04 -9.95428615e-01 -1.98693041e+00  1.99094890e+00
  1.19148242e-04 -9.96814942e-01], Best Fitness = 28.861970583726844, Evaluations = 8832
Generation 70: Best Solution = [-9.97637581e-01 -2.98530933e+00  2.98757384e+00 -1.87959387e-03
  1.17241489e-04 -9.96500396e-01 -1.98964100e+00  1.98976667e+00
 -4.20695592e-04 -9.92063269e-01], Best Fitness = 28.859556759057554, Evaluations = 8960
Generation 71: Best Solution = [-9.93517805e-01 -2.98275805e+00  2.98423593e+00  2.79269624e-03
  2.11496865e-03 -9.93099434e-01 -1.99021398e+00  1.99230895e+00
  1.68330093e-03 -9.97499782e-01], Best Fitness = 28.861216642048745, Evaluations = 9088
Generation 72: Best Solution = [-9.93543144e-01 -2.98496943e+00  2.98418910e+00  1.20234445e-03
 -3.16680562e-03 -9.89770310e-01 -1.99122517e+00  1.98797552e+00
 -2.31799818e-03 -9.95592980e-01], Best Fitness = 28.86407102365176, Evaluations = 9216
Generation 73: Best Solution = [-9.90708115e-01 -2.98493196e+00  2.98356313e+00  5.75227209e-04
 -6.72035320e-04 -9.97130221e-01 -1.99093813e+00  1.99018181e+00
 -8.60755464e-04 -9.98603713e-01], Best Fitness = 28.86174981338489, Evaluations = 9344
Generation 74: Best Solution = [-9.93781756e-01 -2.98408428e+00  2.98561246e+00  2.45064391e-03
 -6.26267044e-04 -9.98771847e-01 -1.98915209e+00  1.98919580e+00
  2.25068516e-03 -9.97615673e-01], Best Fitness = 28.8610215286714, Evaluations = 9472
Generation 75: Best Solution = [-9.93276552e-01 -2.98369213e+00  2.98557193e+00  4.36031174e-04
  2.43360903e-03 -9.95561392e-01 -1.98833823e+00  1.99275357e+00
 -2.60129499e-03 -9.96256135e-01], Best Fitness = 28.859722119733306, Evaluations = 9600
Generation 76: Best Solution = [-9.93316801e-01 -2.98257327e+00  2.98620497e+00 -2.70266108e-03
 -1.10570832e-04 -9.94857851e-01 -1.98609388e+00  1.98799132e+00
 -5.41556536e-04 -9.95040193e-01], Best Fitness = 28.8607930995594, Evaluations = 9728
Generation 77: Best Solution = [-9.95498423e-01 -2.98248459e+00  2.98318910e+00  3.35502763e-03
  2.83829647e-03 -9.92098797e-01 -1.98904284e+00  1.99432173e+00
  2.66561099e-03 -9.93383541e-01], Best Fitness = 28.86681362628113, Evaluations = 9856
Generation 78: Best Solution = [-9.95790867e-01 -2.98535029e+00  2.98051440e+00 -4.99834992e-04
  1.57660939e-03 -9.92962167e-01 -1.99265824e+00  1.99250064e+00
  1.34791482e-04 -9.92323224e-01], Best Fitness = 28.863180502289907, Evaluations = 9984
Generation 79: Best Solution = [-9.94552418e-01 -2.98539744e+00  2.98193848e+00 -2.29639479e-03
 -1.69147167e-03 -9.95794435e-01 -1.98944379e+00  1.98901948e+00
 -3.27316319e-03 -9.95367097e-01], Best Fitness = 28.859624513727482, Evaluations = 10112
