Algorithm: Cross-Entropy Method
Objective Function: Ackley
Dimension: 10
Population Size: 128
Max Evaluations: 10000

Generation 1: Best Solution = [ -4.44175698   4.75844194   7.31216479  -0.50588923 -26.56798086
 -18.8455453    9.01078759  -9.74196798  -2.73043424  -1.7583269 ], Best Fitness = 19.908469910118843, Evaluations = 128
Generation 2: Best Solution = [ 0.25116281 -6.16086945  6.27458105 -5.10249196  5.04244858 -8.78992263
 -2.59240406  0.18881846 18.07898501 -0.79439689], Best Fitness = 16.760373025618804, Evaluations = 256
Generation 3: Best Solution = [ -3.75955664   8.56578666  -2.46271353  -6.17214199  -3.68202497
 -12.71330883  -4.16015819   9.98817361   2.16046856   2.0362236 ], Best Fitness = 16.242877397453523, Evaluations = 384
Generation 4: Best Solution = [-3.28326963  0.75559411  0.53420293 -5.20619127  4.65782445 -5.28368001
  6.60866593 -2.37098221  4.42629052 -2.08563011], Best Fitness = 13.036459714348897, Evaluations = 512
Generation 5: Best Solution = [-1.82857777  1.20990482  6.19312697 -3.20508541 -1.15536391 -5.8078652
  1.97874205  0.64069111 -0.09620589  2.12911589], Best Fitness = 10.491016195833641, Evaluations = 640
Generation 6: Best Solution = [ 0.97615595  1.97260428  1.22493119 -0.46881699  0.06832784 -7.32047428
  3.73091049 -1.9071992   0.89645358 -3.1132138 ], Best Fitness = 10.199223992663732, Evaluations = 768
Generation 7: Best Solution = [-3.66819692  4.80625131  1.04449365 -0.25890924  1.47337874 -2.40544344
  3.40965574 -0.22725763  0.91822843 -1.32526902], Best Fitness = 9.587321975853294, Evaluations = 896
Generation 8: Best Solution = [-3.24934726  3.12857222  0.99468475  0.72398037 -0.82716564 -5.20562727
  1.05507462  0.63408552 -1.11602135 -1.27430416], Best Fitness = 8.784846632629074, Evaluations = 1024
Generation 9: Best Solution = [-1.66014465  3.04543729  2.54720281 -1.21323624  0.18670824 -3.39150532
  1.10909542  1.77245125 -0.16342461 -1.08428405], Best Fitness = 7.9386378399142075, Evaluations = 1152
Generation 10: Best Solution = [-1.18995102  1.04768316  2.305895    0.93933363 -1.2762615  -3.38526425
  2.74387312  1.32241044 -0.97260786  0.67856724], Best Fitness = 7.658927560801297, Evaluations = 1280
Generation 11: Best Solution = [-0.79992512  0.79224495  2.15289159 -0.09295592  0.10912318 -3.90995443
  2.75570335  0.09005531 -1.19506392 -1.00974368], Best Fitness = 6.887029692562219, Evaluations = 1408
Generation 12: Best Solution = [-1.51425033  1.39651259  1.95357714  1.83208772 -0.08829371 -3.15136154
  1.95492876 -0.04792679 -1.33785785 -0.95607051], Best Fitness = 6.985723398621946, Evaluations = 1536
Generation 13: Best Solution = [-0.93869117  1.12980715  2.19694184  1.10789395 -0.19744353 -2.90917098
  2.74091266  0.51388706 -1.03196843 -0.67545561], Best Fitness = 6.833244504208004, Evaluations = 1664
Generation 14: Best Solution = [-1.89898451  2.02634754  2.04567744  1.00746723  0.1734539  -3.16890776
  1.83338554 -0.19050481 -0.66468358 -0.71827888], Best Fitness = 6.724503614136253, Evaluations = 1792
Generation 15: Best Solution = [-1.00653993  0.83600502  1.68117385  0.48753215  0.15826273 -2.47430994
  3.13717011  0.89758433 -0.96488077 -1.12176342], Best Fitness = 6.700565048435685, Evaluations = 1920
Generation 16: Best Solution = [-9.20964174e-01  9.32339813e-01  1.87759791e+00  4.03234960e-01
 -2.64138108e-03 -2.99666090e+00  2.96180920e+00  8.65307984e-01
 -9.11881648e-01 -9.77438907e-01], Best Fitness = 6.157067773869603, Evaluations = 2048
Generation 17: Best Solution = [-0.91779708  1.04867386  1.97514982  0.9840608   0.08956658 -2.80906028
  2.73058045  0.80418438 -0.8237128  -0.70675051], Best Fitness = 6.329294797637306, Evaluations = 2176
Generation 18: Best Solution = [-0.80994172  0.98616646  1.97204463  0.15709943 -0.02686834 -2.93212223
  3.01407783  1.02190444 -0.85242595 -0.90551233], Best Fitness = 5.94171424695779, Evaluations = 2304
Generation 19: Best Solution = [-1.12995231  1.0290348   1.95453317  0.10562173 -0.02738047 -2.95135667
  2.92955645  0.83834327 -0.92809696 -0.97822009], Best Fitness = 5.848766894615789, Evaluations = 2432
Generation 20: Best Solution = [-0.95942365  0.94592577  1.88246471  0.09399109 -0.0772653  -2.82999128
  2.90494682  1.04955377 -0.88000121 -0.92418311], Best Fitness = 5.818469467854278, Evaluations = 2560
Generation 21: Best Solution = [-1.04481468e+00  9.79718108e-01  1.85810384e+00 -2.27715747e-02
 -9.24620180e-04 -2.96725626e+00  2.95890806e+00  1.07897994e+00
 -9.31919511e-01 -9.26634450e-01], Best Fitness = 5.717859048448894, Evaluations = 2688
Generation 22: Best Solution = [-0.93938738  1.02999256  1.99558469 -0.07331996  0.03953502 -2.9882835
  2.90626965  1.09465799 -0.93898783 -0.94870539], Best Fitness = 5.720653165582128, Evaluations = 2816
Generation 23: Best Solution = [-1.07481831  1.00040792  1.97189068  0.00849526  0.01996336 -2.99833188
  2.89823737  0.93605854 -0.94314274 -0.93839334], Best Fitness = 5.665273131799818, Evaluations = 2944
Generation 24: Best Solution = [-1.00888342e+00  1.01790074e+00  1.97132518e+00  1.79331099e-03
 -4.20360279e-02 -2.89376876e+00  2.93755067e+00  9.54267230e-01
 -9.16497746e-01 -9.37644324e-01], Best Fitness = 5.633202834707706, Evaluations = 3072
Generation 25: Best Solution = [-9.72660048e-01  9.90361830e-01  1.98561774e+00  1.19605775e-03
  3.48819363e-02 -2.94185051e+00  2.94818821e+00  1.00593453e+00
 -9.60877414e-01 -9.56467905e-01], Best Fitness = 5.581247571560706, Evaluations = 3200
Generation 26: Best Solution = [-0.96682728  0.9843089   1.95926336  0.01681861 -0.01330384 -2.94433301
  2.94662046  0.9710599  -0.95632048 -0.95941857], Best Fitness = 5.5742482991862055, Evaluations = 3328
Generation 27: Best Solution = [-9.85144036e-01  9.82989946e-01  1.95972742e+00 -1.58997812e-03
 -2.86229151e-03 -2.96468759e+00  2.94553450e+00  9.94344726e-01
 -9.55868941e-01 -9.51304828e-01], Best Fitness = 5.574111458923621, Evaluations = 3456
Generation 28: Best Solution = [-0.98596237  0.98001127  1.9795669   0.00408598 -0.00590466 -2.94116493
  2.9372887   0.96924962 -0.95140734 -0.98157768], Best Fitness = 5.5711196368894385, Evaluations = 3584
Generation 29: Best Solution = [-0.99292946  0.98008587  1.9760401   0.00374435 -0.00336104 -2.92993428
  2.94634096  0.98013724 -0.96491097 -0.96850211], Best Fitness = 5.5684717850074, Evaluations = 3712
Generation 30: Best Solution = [-0.99018297  0.97735278  1.969049    0.01208032 -0.01090774 -2.9381315
  2.94474317  0.97335419 -0.97150356 -0.97358245], Best Fitness = 5.566788336225883, Evaluations = 3840
Generation 31: Best Solution = [-9.83028491e-01  9.85485031e-01  1.97318721e+00  1.14761088e-02
 -2.71946456e-03 -2.94483506e+00  2.95705103e+00  9.80374710e-01
 -9.73082475e-01 -9.73051104e-01], Best Fitness = 5.565071826149804, Evaluations = 3968
Generation 32: Best Solution = [-9.86327032e-01  9.81772962e-01  1.97117229e+00 -6.40726317e-04
  1.02905525e-05 -2.94092322e+00  2.94281949e+00  9.74263809e-01
 -9.75288099e-01 -9.79977074e-01], Best Fitness = 5.564008814070945, Evaluations = 4096
Generation 33: Best Solution = [-0.98641648  0.98829746  1.96716049  0.00834709  0.00599027 -2.94219682
  2.95021502  0.98437443 -0.978872   -0.98386526], Best Fitness = 5.563596234146697, Evaluations = 4224
Generation 34: Best Solution = [-9.83884199e-01  9.84499321e-01  1.96690196e+00  7.41084224e-03
  9.77526698e-05 -2.94751128e+00  2.94980448e+00  9.83243960e-01
 -9.78425798e-01 -9.83932693e-01], Best Fitness = 5.562929673307032, Evaluations = 4352
Generation 35: Best Solution = [-0.98613847  0.98729435  1.96779468  0.00398205 -0.00478596 -2.94742602
  2.94617975  0.97858761 -0.98334738 -0.98181742], Best Fitness = 5.5630143321701055, Evaluations = 4480
Generation 36: Best Solution = [-9.82892871e-01  9.81864114e-01  1.96575904e+00 -3.19056664e-03
 -1.52463603e-03 -2.94919906e+00  2.95053543e+00  9.81180581e-01
 -9.85609487e-01 -9.85329603e-01], Best Fitness = 5.5626454112222135, Evaluations = 4608
Generation 37: Best Solution = [-9.80575657e-01  9.80872762e-01  1.96499829e+00 -2.96599402e-04
 -2.95357376e-04 -2.95226047e+00  2.94905937e+00  9.84290557e-01
 -9.80223714e-01 -9.84152809e-01], Best Fitness = 5.5626715297030955, Evaluations = 4736
Generation 38: Best Solution = [-9.85753924e-01  9.86682856e-01  1.96730764e+00 -2.68642817e-03
 -3.64263259e-03 -2.95277613e+00  2.94775235e+00  9.83200294e-01
 -9.84688012e-01 -9.80379037e-01], Best Fitness = 5.562819808878729, Evaluations = 4864
Generation 39: Best Solution = [-9.82303685e-01  9.81650220e-01  1.96304902e+00 -2.01952427e-03
  3.81540487e-04 -2.95228938e+00  2.94841406e+00  9.81863590e-01
 -9.87541785e-01 -9.83576709e-01], Best Fitness = 5.562742638387856, Evaluations = 4992
Generation 40: Best Solution = [-9.86258225e-01  9.81892673e-01  1.96555322e+00  7.97422717e-05
  1.28348541e-03 -2.95117960e+00  2.94870885e+00  9.83886976e-01
 -9.80887906e-01 -9.80651259e-01], Best Fitness = 5.562642243632869, Evaluations = 5120
Generation 41: Best Solution = [-9.83636603e-01  9.83708132e-01  1.96911246e+00 -4.70915762e-03
 -2.21578771e-03 -2.94822893e+00  2.94924041e+00  9.84264158e-01
 -9.85771192e-01 -9.85064019e-01], Best Fitness = 5.562723190267132, Evaluations = 5248
Generation 42: Best Solution = [-9.83925313e-01  9.80171772e-01  1.96434006e+00 -1.11550965e-03
  3.77959457e-03 -2.94932541e+00  2.94992387e+00  9.81480120e-01
 -9.82779244e-01 -9.83960160e-01], Best Fitness = 5.56266404182367, Evaluations = 5376
Generation 43: Best Solution = [-9.83803790e-01  9.84682082e-01  1.96945998e+00  1.90302941e-03
 -1.31793661e-03 -2.94939329e+00  2.94831717e+00  9.83465065e-01
 -9.80901116e-01 -9.88049125e-01], Best Fitness = 5.562723805762889, Evaluations = 5504
Generation 44: Best Solution = [-9.81697425e-01  9.84117503e-01  1.96473684e+00 -1.74770593e-03
 -2.59465279e-04 -2.94904494e+00  2.94969609e+00  9.84536897e-01
 -9.80663064e-01 -9.86071284e-01], Best Fitness = 5.562616266950641, Evaluations = 5632
Generation 45: Best Solution = [-9.82217924e-01  9.82872408e-01  1.96937711e+00 -1.29752008e-03
  9.86506276e-04 -2.95358041e+00  2.95036616e+00  9.85248905e-01
 -9.81789867e-01 -9.83812279e-01], Best Fitness = 5.562685871321925, Evaluations = 5760
Generation 46: Best Solution = [-9.82099262e-01  9.86469029e-01  1.96428520e+00  2.79450650e-03
 -4.52009327e-03 -2.94635876e+00  2.94876549e+00  9.83636675e-01
 -9.83720585e-01 -9.85054186e-01], Best Fitness = 5.562773258617895, Evaluations = 5888
Generation 47: Best Solution = [-9.83843336e-01  9.79534756e-01  1.96332686e+00 -7.47504443e-04
 -1.68829244e-04 -2.95002043e+00  2.95262355e+00  9.83561567e-01
 -9.82909902e-01 -9.83264483e-01], Best Fitness = 5.562677218069833, Evaluations = 6016
Generation 48: Best Solution = [-9.84474298e-01  9.84490529e-01  1.96857490e+00 -1.91487486e-03
  3.09073398e-04 -2.94807116e+00  2.94899735e+00  9.80738403e-01
 -9.83081968e-01 -9.81517062e-01], Best Fitness = 5.562597342049287, Evaluations = 6144
Generation 49: Best Solution = [-9.84033732e-01  9.83444206e-01  1.96303146e+00  1.73427321e-03
  2.24334907e-03 -2.95003728e+00  2.95238463e+00  9.82173784e-01
 -9.82023454e-01 -9.84908288e-01], Best Fitness = 5.562672985043253, Evaluations = 6272
Generation 50: Best Solution = [-9.81661098e-01  9.81680657e-01  1.96683228e+00  1.75897113e-03
  1.81674841e-03 -2.94664302e+00  2.95096972e+00  9.85581136e-01
 -9.81636140e-01 -9.84974505e-01], Best Fitness = 5.5626494875234975, Evaluations = 6400
Generation 51: Best Solution = [-9.79719261e-01  9.83962659e-01  1.96926126e+00  9.61192750e-04
  2.28685546e-03 -2.95038358e+00  2.94917349e+00  9.83085968e-01
 -9.83583347e-01 -9.83022606e-01], Best Fitness = 5.562634921196693, Evaluations = 6528
Generation 52: Best Solution = [-9.85560997e-01  9.84102756e-01  1.96866572e+00  6.37651838e-04
 -8.60076015e-04 -2.94832737e+00  2.94805153e+00  9.80728048e-01
 -9.80336973e-01 -9.82841342e-01], Best Fitness = 5.56263548699874, Evaluations = 6656
Generation 53: Best Solution = [-9.82361143e-01  9.82583764e-01  1.96535972e+00  1.31481254e-03
  1.47190577e-03 -2.94930185e+00  2.94701647e+00  9.85230133e-01
 -9.82949335e-01 -9.83868131e-01], Best Fitness = 5.562558232144493, Evaluations = 6784
Generation 54: Best Solution = [-9.82501386e-01  9.83406158e-01  1.96703402e+00  2.65954418e-03
  2.04214328e-03 -2.95086583e+00  2.94664781e+00  9.82550726e-01
 -9.83309875e-01 -9.86639349e-01], Best Fitness = 5.562655001182758, Evaluations = 6912
Generation 55: Best Solution = [-9.83230007e-01  9.78779567e-01  1.96606357e+00 -2.36913454e-03
 -2.03601039e-03 -2.95150600e+00  2.94847534e+00  9.84563330e-01
 -9.85780472e-01 -9.85332648e-01], Best Fitness = 5.562736134572138, Evaluations = 7040
Generation 56: Best Solution = [-9.83087347e-01  9.84602382e-01  1.96485554e+00  2.34308549e-03
 -1.24489968e-03 -2.94804051e+00  2.94649656e+00  9.85749756e-01
 -9.83327294e-01 -9.82650079e-01], Best Fitness = 5.562613681751955, Evaluations = 7168
Generation 57: Best Solution = [-9.87010654e-01  9.83300209e-01  1.96654892e+00  2.73156596e-03
 -8.91814685e-05 -2.94744106e+00  2.95021111e+00  9.84742733e-01
 -9.84519737e-01 -9.79569578e-01], Best Fitness = 5.562707445937768, Evaluations = 7296
Generation 58: Best Solution = [-9.80715350e-01  9.80557853e-01  1.96532711e+00  2.02797675e-03
  4.47927730e-03 -2.94975970e+00  2.94582931e+00  9.82299649e-01
 -9.81768870e-01 -9.83236136e-01], Best Fitness = 5.56276266975625, Evaluations = 7424
Generation 59: Best Solution = [-9.82728531e-01  9.78844998e-01  1.96855366e+00  2.76601707e-03
 -4.08221495e-03 -2.95105373e+00  2.94894058e+00  9.81863551e-01
 -9.84607842e-01 -9.80796405e-01], Best Fitness = 5.562814552134068, Evaluations = 7552
Generation 60: Best Solution = [-9.86672983e-01  9.82747726e-01  1.96852466e+00 -8.80765581e-04
 -1.03107940e-03 -2.95014498e+00  2.95110929e+00  9.84064461e-01
 -9.86701721e-01 -9.81233566e-01], Best Fitness = 5.5626858142004245, Evaluations = 7680
Generation 61: Best Solution = [-9.81352255e-01  9.84630594e-01  1.96547564e+00 -5.62863240e-04
  5.29334852e-05 -2.94974574e+00  2.95092402e+00  9.79917551e-01
 -9.82009551e-01 -9.82751667e-01], Best Fitness = 5.562605212958417, Evaluations = 7808
Generation 62: Best Solution = [-9.81743148e-01  9.84213457e-01  1.96804820e+00  4.50294016e-04
  2.03922344e-03 -2.94458670e+00  2.94997261e+00  9.80325035e-01
 -9.82751235e-01 -9.81242446e-01], Best Fitness = 5.5627121157142305, Evaluations = 7936
Generation 63: Best Solution = [-9.84901534e-01  9.84665306e-01  1.96611245e+00 -7.45211278e-04
  9.58264493e-04 -2.95083077e+00  2.94852966e+00  9.81847966e-01
 -9.81959792e-01 -9.82019457e-01], Best Fitness = 5.562557726309304, Evaluations = 8064
Generation 64: Best Solution = [-0.9826639   0.98404525  1.96485352 -0.00386309 -0.00324388 -2.94510307
  2.94951911  0.98215355 -0.98253578 -0.98430978], Best Fitness = 5.562730384179776, Evaluations = 8192
Generation 65: Best Solution = [-9.85393125e-01  9.84995726e-01  1.96448094e+00 -2.79572237e-03
  4.75894015e-04 -2.94879739e+00  2.94943545e+00  9.79931236e-01
 -9.83461061e-01 -9.83997733e-01], Best Fitness = 5.562645328399004, Evaluations = 8320
Generation 66: Best Solution = [-9.81639714e-01  9.82672763e-01  1.96503528e+00  3.77251623e-05
 -1.47685904e-03 -2.94676854e+00  2.94727833e+00  9.82516116e-01
 -9.82660479e-01 -9.86626158e-01], Best Fitness = 5.562625687962765, Evaluations = 8448
Generation 67: Best Solution = [-9.86553470e-01  9.82644542e-01  1.96483980e+00  9.25461505e-04
 -2.87023691e-03 -2.94661887e+00  2.94990828e+00  9.85455515e-01
 -9.83741284e-01 -9.81684254e-01], Best Fitness = 5.562675096693798, Evaluations = 8576
Generation 68: Best Solution = [-9.86159700e-01  9.82566134e-01  1.96522983e+00 -1.25884145e-04
 -8.31209548e-04 -2.94784614e+00  2.94899016e+00  9.87086930e-01
 -9.84566728e-01 -9.81633974e-01], Best Fitness = 5.562646034029026, Evaluations = 8704
Generation 69: Best Solution = [-9.84758863e-01  9.82718107e-01  1.96303377e+00  2.12737619e-04
 -2.22291031e-03 -2.95331545e+00  2.94883517e+00  9.87498186e-01
 -9.85246968e-01 -9.85100801e-01], Best Fitness = 5.562800097834948, Evaluations = 8832
Generation 70: Best Solution = [-9.83621061e-01  9.85585444e-01  1.96906045e+00  1.31814442e-03
 -1.56521133e-03 -2.95161325e+00  2.95013006e+00  9.80892673e-01
 -9.83217403e-01 -9.82442091e-01], Best Fitness = 5.562637026624195, Evaluations = 8960
Generation 71: Best Solution = [-9.79848741e-01  9.78709640e-01  1.96535807e+00  3.53707349e-03
  1.62062525e-03 -2.94918275e+00  2.94708159e+00  9.81563226e-01
 -9.81971998e-01 -9.85410802e-01], Best Fitness = 5.562809658712212, Evaluations = 9088
Generation 72: Best Solution = [-9.87337000e-01  9.82588005e-01  1.96617689e+00 -5.12330107e-04
 -5.20522573e-04 -2.94914608e+00  2.94847222e+00  9.86270969e-01
 -9.81743855e-01 -9.87291695e-01], Best Fitness = 5.5627202519377015, Evaluations = 9216
Generation 73: Best Solution = [-9.84758347e-01  9.87445729e-01  1.97075920e+00 -2.18724718e-05
  4.89220359e-04 -2.94797946e+00  2.95041008e+00  9.85515720e-01
 -9.81505483e-01 -9.83580225e-01], Best Fitness = 5.562741100932605, Evaluations = 9344
Generation 74: Best Solution = [-9.81575451e-01  9.81797422e-01  1.96922074e+00  2.69279408e-03
  1.62078278e-03 -2.95132731e+00  2.94480861e+00  9.83296639e-01
 -9.83054587e-01 -9.83227499e-01], Best Fitness = 5.562721873927966, Evaluations = 9472
Generation 75: Best Solution = [-9.83164839e-01  9.81611771e-01  1.96945200e+00  2.63769467e-04
  2.21043114e-03 -2.95121125e+00  2.95089259e+00  9.84358406e-01
 -9.83569246e-01 -9.81884049e-01], Best Fitness = 5.562623015688526, Evaluations = 9600
Generation 76: Best Solution = [-9.81291796e-01  9.83777531e-01  1.96549266e+00 -5.14186469e-04
 -3.65451202e-03 -2.95254399e+00  2.94760589e+00  9.81739835e-01
 -9.83160439e-01 -9.83462072e-01], Best Fitness = 5.562664454379675, Evaluations = 9728
Generation 77: Best Solution = [-9.85463503e-01  9.82896620e-01  1.96887638e+00  1.04153450e-03
  1.81814184e-03 -2.94927829e+00  2.94495439e+00  9.84585862e-01
 -9.85428409e-01 -9.83492962e-01], Best Fitness = 5.562683412947269, Evaluations = 9856
Generation 78: Best Solution = [-9.86188975e-01  9.82664433e-01  1.96389447e+00 -1.15023982e-03
 -1.05270789e-03 -2.94785007e+00  2.94795945e+00  9.81615601e-01
 -9.82403839e-01 -9.78612899e-01], Best Fitness = 5.562720898648692, Evaluations = 9984
Generation 79: Best Solution = [-9.83286991e-01  9.85675569e-01  1.96576534e+00 -2.72599009e-03
 -3.30692448e-03 -2.95075549e+00  2.94707971e+00  9.84167074e-01
 -9.85201281e-01 -9.83135463e-01], Best Fitness = 5.562669184640459, Evaluations = 10112
