Algorithm: Cross-Entropy Method
Objective Function: Rastrigin
Dimension: 10
Population Size: 64
Max Evaluations: 10000

Generation 1: Best Solution = [-5.12       -0.3379951   5.12        0.394155    0.00656092 -0.05632689
 -5.12       -0.22808791 -0.92115962  0.02615726], Best Fitness = 131.66122263655961, Evaluations = 64
Generation 2: Best Solution = [-3.01381578 -0.88051388  2.40248654  0.03481857 -0.04300822 -1.19885254
 -5.12        3.65028379 -2.61169311  0.24478526], Best Fitness = 137.72300874591724, Evaluations = 128
Generation 3: Best Solution = [-2.14235774 -1.28854663  2.76382766 -0.77855499 -0.60379028  1.95399385
 -5.12       -1.17066247 -1.18659998  1.09206842], Best Fitness = 116.38989378256336, Evaluations = 192
Generation 4: Best Solution = [-2.05954102 -2.02427257  3.93565987 -0.10940154 -0.88773542  1.05079361
 -3.9830581   0.4483866   0.48901334 -0.9407392 ], Best Fitness = 89.89577075000477, Evaluations = 256
Generation 5: Best Solution = [-2.73791496  0.1719531   5.12       -0.03034425 -0.72271846 -1.03238332
 -2.65774195  1.8357755   0.21056582  0.91615331], Best Fitness = 106.74776449727169, Evaluations = 320
Generation 6: Best Solution = [-2.11425064 -1.11591564  3.69355118  0.82935963 -0.84934063 -1.20881723
 -3.95907387  1.92890213 -2.36331894  0.87568018], Best Fitness = 104.00998784011827, Evaluations = 384
Generation 7: Best Solution = [-1.96396562 -1.097866    4.32417484  1.02608497 -1.42881877 -1.13912197
 -3.89665238 -0.01746536 -1.97908967 -0.09550655], Best Fitness = 90.50615141383187, Evaluations = 448
Generation 8: Best Solution = [-2.25743374  0.10080653  4.1422863   0.07436245 -0.15588958 -1.16908075
 -4.08869797 -0.13795389 -0.93875291  1.13404636], Best Fitness = 78.4518649492519, Evaluations = 512
Generation 9: Best Solution = [-1.85040048e+00 -1.82397128e-02  5.12000000e+00  1.44131986e-01
 -1.36644395e+00 -1.02926980e+00 -3.27619163e+00 -7.55546192e-01
 -3.77180006e-03  9.81434713e-01], Best Fitness = 93.76935516868707, Evaluations = 576
Generation 10: Best Solution = [-2.8384595  -0.29225331  2.738453   -1.08738424  0.84776013  2.01206614
 -4.24731707  1.08142575 -1.04463395 -0.06062703], Best Fitness = 87.92185259501319, Evaluations = 640
Generation 11: Best Solution = [-1.67281613e+00  1.84684678e-01  4.86187805e+00 -3.41443775e-02
 -1.01546327e+00 -7.81172685e-01 -3.23036140e+00 -1.15130949e-01
 -2.14067885e-03  9.98376261e-01], Best Fitness = 83.37068409378367, Evaluations = 704
Generation 12: Best Solution = [-2.21714384 -1.02269161  3.86733615 -0.18646339 -0.85980246  0.89824248
 -4.01188675 -0.22398739 -1.0802112   0.12465757], Best Fitness = 75.43718632447732, Evaluations = 768
Generation 13: Best Solution = [-2.24885918 -0.67316529  4.23191906 -0.03631725 -0.82481369 -0.0061615
 -4.05242854 -0.91423496 -1.01254242  0.28506046], Best Fitness = 95.81111458514519, Evaluations = 832
Generation 14: Best Solution = [-2.24660635  0.23259884  4.14292926 -0.16645238 -0.11847974 -0.87219536
 -3.89304632  0.22137983 -0.79847086  0.84629049], Best Fitness = 94.47808560193472, Evaluations = 896
Generation 15: Best Solution = [-2.3806083   0.14080649  3.932543   -0.2298423  -0.00726644 -0.87480877
 -3.75179127  1.11468926 -0.98928716  1.05117747], Best Fitness = 85.8311985759438, Evaluations = 960
Generation 16: Best Solution = [-2.22739864  0.04585347  3.98514486 -0.13692733 -0.15401326 -0.57543436
 -4.00891032  0.14563544 -0.92712949  0.91182046], Best Fitness = 81.19031867970644, Evaluations = 1024
Generation 17: Best Solution = [-2.27187068  0.11268196  4.08360237 -0.06274047 -0.23489771 -0.95392671
 -3.92825722  0.09172473 -0.93080998  1.04514769], Best Fitness = 69.51840781218345, Evaluations = 1088
Generation 18: Best Solution = [-2.112897    0.13704967  4.01170671 -0.10708053 -0.09083371 -0.88871362
 -3.7564141   1.15255599 -0.95190214  1.18552573], Best Fitness = 71.53304592581532, Evaluations = 1152
Generation 19: Best Solution = [-2.17482266  0.0371038   4.03918801 -0.09318917 -0.20203437 -0.86376827
 -3.74998326  1.00866063 -0.9994701   1.11555369], Best Fitness = 69.86774100859208, Evaluations = 1216
Generation 20: Best Solution = [-2.06526701e+00  2.38915325e-02  4.05501263e+00  1.12301130e-03
 -2.58025235e-01 -9.05534855e-01 -3.81113198e+00  9.06213998e-01
 -9.79518093e-01  1.10903845e+00], Best Fitness = 63.15711984739973, Evaluations = 1280
Generation 21: Best Solution = [-2.11360042  0.06526384  4.03160947 -0.05196167 -0.19274708 -0.89151246
 -3.81303187  0.92740936 -0.99272024  1.09140869], Best Fitness = 60.62485219082054, Evaluations = 1344
Generation 22: Best Solution = [-2.08507403  0.03137814  4.04788273 -0.02075834 -0.23050297 -0.90693025
 -3.8000469   0.95370798 -0.99616221  1.04458671], Best Fitness = 59.32562421542518, Evaluations = 1408
Generation 23: Best Solution = [-2.14374307  0.05103168  4.00505606 -0.04955225 -0.17278872 -0.85337815
 -3.84013044  0.97029818 -1.02547553  1.04633728], Best Fitness = 58.68362364770613, Evaluations = 1472
Generation 24: Best Solution = [-2.11786266  0.04679086  4.01220219 -0.02063434 -0.20172514 -0.90226009
 -3.84433672  0.92420706 -1.00901273  1.07241769], Best Fitness = 57.80327560307722, Evaluations = 1536
Generation 25: Best Solution = [-2.10157916  0.04172307  4.00424968 -0.03346405 -0.18815662 -0.89518821
 -3.81752312  0.98075204 -1.00268429  1.09362368], Best Fitness = 57.502443875915496, Evaluations = 1600
Generation 26: Best Solution = [-2.12195558  0.05541329  4.00964107 -0.03551351 -0.17265531 -0.90216014
 -3.8204371   0.98481883 -1.02066353  1.06885556], Best Fitness = 56.76749429947853, Evaluations = 1664
Generation 27: Best Solution = [-2.11216536  0.0395486   4.00133407 -0.03743083 -0.17406855 -0.88687386
 -3.84073775  0.95493859 -1.01578948  1.07518475], Best Fitness = 56.08259641682936, Evaluations = 1728
Generation 28: Best Solution = [-2.10246463  0.04049726  4.01296421 -0.02955414 -0.1792363  -0.8881108
 -3.83822764  0.94796105 -1.01336987  1.06693109], Best Fitness = 55.91476028854136, Evaluations = 1792
Generation 29: Best Solution = [-2.11736338  0.0426306   4.00075278 -0.03173314 -0.17371901 -0.90188283
 -3.83939916  0.96380735 -1.01366386  1.06870348], Best Fitness = 55.44259666753656, Evaluations = 1856
Generation 30: Best Solution = [-2.11096173  0.03928858  4.00371228 -0.0268132  -0.17787185 -0.90659019
 -3.849302    0.95070698 -1.01194629  1.06412647], Best Fitness = 54.757510292758965, Evaluations = 1920
Generation 31: Best Solution = [-2.10224911  0.04574116  3.99795905 -0.03032439 -0.17644618 -0.91301981
 -3.84633831  0.95772029 -1.01520065  1.07002332], Best Fitness = 54.40000503456986, Evaluations = 1984
Generation 32: Best Solution = [-2.09384237  0.04033193  3.99912063 -0.02945876 -0.16648835 -0.89150361
 -3.84533783  0.96198053 -1.00915979  1.06273709], Best Fitness = 53.89520639383798, Evaluations = 2048
Generation 33: Best Solution = [-2.10214043  0.03231167  4.0008136  -0.0248461  -0.15037295 -0.88644217
 -3.84054591  0.97653364 -1.01244289  1.05397804], Best Fitness = 53.293485751760585, Evaluations = 2112
Generation 34: Best Solution = [-2.09431715  0.02713469  4.00653897 -0.02626279 -0.15144014 -0.89929282
 -3.84227356  0.96380185 -1.01203759  1.05885105], Best Fitness = 52.71870242242542, Evaluations = 2176
Generation 35: Best Solution = [-2.08929801  0.03308224  3.99568914 -0.02517075 -0.14477223 -0.88455801
 -3.83756188  0.97985936 -1.00431783  1.05590665], Best Fitness = 52.66621700808347, Evaluations = 2240
Generation 36: Best Solution = [-2.0953017   0.03126052  4.00487237 -0.0271704  -0.14584103 -0.89859313
 -3.8481427   0.96675155 -1.00743976  1.05255036], Best Fitness = 52.067888557446494, Evaluations = 2304
Generation 37: Best Solution = [-2.09428677  0.04569396  3.99455271 -0.03604506 -0.13665626 -0.90532538
 -3.85719694  0.96588682 -1.01611434  1.06756487], Best Fitness = 51.655036575225736, Evaluations = 2368
Generation 38: Best Solution = [-2.0890689   0.02769075  4.00816189 -0.02634041 -0.13548606 -0.9014398
 -3.84781227  0.96681878 -1.00989454  1.05050279], Best Fitness = 51.18792240345666, Evaluations = 2432
Generation 39: Best Solution = [-2.08078258  0.03109567  3.99466938 -0.02476954 -0.12880478 -0.90362199
 -3.8426776   0.95831695 -1.00680592  1.05216032], Best Fitness = 50.765445004495575, Evaluations = 2496
Generation 40: Best Solution = [-2.08069056  0.04036548  4.01549832 -0.02906694 -0.13504797 -0.9078831
 -3.8541416   0.97704831 -1.01009988  1.04710032], Best Fitness = 50.50588542164067, Evaluations = 2560
Generation 41: Best Solution = [-2.07873937  0.03603845  4.00262654 -0.02824972 -0.12862951 -0.90889924
 -3.85198004  0.97130657 -1.00845484  1.05119561], Best Fitness = 50.099945561694994, Evaluations = 2624
Generation 42: Best Solution = [-2.06848659  0.03189535  4.00319758 -0.02802035 -0.12650544 -0.91193137
 -3.85374097  0.96887882 -1.00783761  1.05464835], Best Fitness = 49.54861291449009, Evaluations = 2688
Generation 43: Best Solution = [-2.07995425  0.04264934  4.00332488 -0.04191431 -0.12376933 -0.91702387
 -3.86647159  0.97290459 -1.00222968  1.0458245 ], Best Fitness = 49.224438466045264, Evaluations = 2752
Generation 44: Best Solution = [-2.06245378  0.02984652  4.00916614 -0.01381186 -0.11100625 -0.91260511
 -3.86541857  0.96918121 -1.01102167  1.07192414], Best Fitness = 48.60235070378678, Evaluations = 2816
Generation 45: Best Solution = [-2.05601529  0.03040802  4.00186802 -0.01018856 -0.11499322 -0.91566965
 -3.86798508  0.97239004 -1.00340462  1.06569248], Best Fitness = 48.06976423161426, Evaluations = 2880
Generation 46: Best Solution = [-2.05923483  0.02271876  4.00670436 -0.02028769 -0.10723361 -0.90883676
 -3.87515941  0.97909718 -1.00152243  1.05830353], Best Fitness = 47.560752118651344, Evaluations = 2944
Generation 47: Best Solution = [-2.05311938  0.03611504  3.99582232 -0.02210117 -0.10656478 -0.91115117
 -3.87802226  0.97417754 -1.00457742  1.06424255], Best Fitness = 47.47533450529638, Evaluations = 3008
Generation 48: Best Solution = [-2.06101313  0.03646524  3.99629503 -0.01380408 -0.10257523 -0.91451828
 -3.88251225  0.96730949 -1.0070422   1.05482556], Best Fitness = 47.05506897320389, Evaluations = 3072
Generation 49: Best Solution = [-2.05678822  0.02355362  4.00122515 -0.01797903 -0.10939484 -0.91864023
 -3.88721361  0.97518777 -0.99817762  1.06054177], Best Fitness = 46.876132506604826, Evaluations = 3136
Generation 50: Best Solution = [-2.05708768  0.03094254  3.99233449 -0.01457557 -0.10788317 -0.93667137
 -3.88529164  0.96277458 -0.99419272  1.05500512], Best Fitness = 46.411774681750956, Evaluations = 3200
Generation 51: Best Solution = [-2.05660243  0.02662005  4.00734631 -0.01593119 -0.09782315 -0.92064696
 -3.89421148  0.96787634 -1.00123284  1.05757421], Best Fitness = 46.22223492304657, Evaluations = 3264
Generation 52: Best Solution = [-2.0525994   0.03782418  4.00608063 -0.01610089 -0.09971585 -0.92613766
 -3.89574851  0.97608238 -1.00060569  1.05359393], Best Fitness = 45.95393240623351, Evaluations = 3328
Generation 53: Best Solution = [-2.05246759  0.0334933   4.00752255 -0.01271387 -0.09368464 -0.9251829
 -3.89258054  0.97593015 -1.00002927  1.04423419], Best Fitness = 45.59432663181964, Evaluations = 3392
Generation 54: Best Solution = [-2.0528027   0.02800689  3.99841335 -0.00732629 -0.09803589 -0.92442372
 -3.90715384  0.98101444 -1.00061154  1.05106611], Best Fitness = 45.29108328101918, Evaluations = 3456
Generation 55: Best Solution = [-2.05217694  0.03228375  3.99611119 -0.00596821 -0.09494342 -0.93757734
 -3.89456166  0.98569167 -1.00758213  1.04380708], Best Fitness = 45.09111842627883, Evaluations = 3520
Generation 56: Best Solution = [-2.04875782  0.02456476  4.00455986 -0.00716784 -0.08770668 -0.93995801
 -3.9009421   0.97995059 -0.998417    1.04257911], Best Fitness = 44.480214428677755, Evaluations = 3584
Generation 57: Best Solution = [-2.05289028  0.02110509  4.00462545  0.00769281 -0.07883647 -0.95408166
 -3.89958735  0.99334797 -1.00767105  1.038008  ], Best Fitness = 43.95008735230911, Evaluations = 3648
Generation 58: Best Solution = [-2.04914749  0.02967923  4.0141776   0.0086768  -0.07447187 -0.95322498
 -3.9029122   0.99477851 -1.00730834  1.03217798], Best Fitness = 43.757977365442414, Evaluations = 3712
Generation 59: Best Solution = [-2.03805456e+00  2.80697947e-02  4.00817279e+00  2.26893479e-03
 -8.30282250e-02 -9.55316424e-01 -3.91385435e+00  9.77987328e-01
 -1.00314724e+00  1.04036019e+00], Best Fitness = 43.52504661072149, Evaluations = 3776
Generation 60: Best Solution = [-2.04107082  0.02430671  4.01929012  0.00422187 -0.07818312 -0.96918225
 -3.91307989  0.99872979 -1.00826467  1.0290033 ], Best Fitness = 43.17959022880393, Evaluations = 3840
Generation 61: Best Solution = [-2.03202984e+00  2.08917120e-02  4.00972246e+00  3.04490792e-03
 -7.80069882e-02 -9.64340607e-01 -3.91173384e+00  9.90769789e-01
 -1.01158856e+00  1.03195217e+00], Best Fitness = 42.99362134010835, Evaluations = 3904
Generation 62: Best Solution = [-2.03337514e+00  1.90445767e-02  4.01658444e+00 -5.24730370e-04
 -6.83142620e-02 -9.60913677e-01 -3.91828400e+00  9.88323826e-01
 -1.00336195e+00  1.02893366e+00], Best Fitness = 42.62649711059158, Evaluations = 3968
Generation 63: Best Solution = [-2.03691812  0.02468385  4.01641908  0.00593439 -0.06108902 -0.96060958
 -3.9202668   1.00069357 -1.00853721  1.01866579], Best Fitness = 42.4248875498585, Evaluations = 4032
Generation 64: Best Solution = [-2.03771610e+00  2.18307004e-02  4.00742125e+00 -1.28799777e-03
 -5.57520028e-02 -9.65010147e-01 -3.92224911e+00  9.97484250e-01
 -1.00534398e+00  1.02486917e+00], Best Fitness = 42.11767824380313, Evaluations = 4096
Generation 65: Best Solution = [-2.02808979e+00  2.19139741e-02  4.00467947e+00 -3.73293430e-03
 -5.39761595e-02 -9.70539333e-01 -3.91898216e+00  9.91609201e-01
 -1.00393071e+00  1.02387918e+00], Best Fitness = 41.888576923787944, Evaluations = 4160
Generation 66: Best Solution = [-2.02449411  0.02056624  4.01065034  0.00668423 -0.05079152 -0.96531097
 -3.92318406  0.99455156 -0.99893878  1.01906152], Best Fitness = 41.729944375668005, Evaluations = 4224
Generation 67: Best Solution = [-2.03608895  0.02394627  3.99573506  0.00807981 -0.04229658 -0.97561021
 -3.92049605  0.99163327 -0.99380849  1.02302367], Best Fitness = 41.65514146648122, Evaluations = 4288
Generation 68: Best Solution = [-2.02718384  0.01541131  3.99823669  0.00814549 -0.04748853 -0.97059535
 -3.92571653  0.99910016 -0.99849156  1.0201727 ], Best Fitness = 41.45569722594179, Evaluations = 4352
Generation 69: Best Solution = [-2.02500047e+00  2.44834134e-02  3.99459672e+00 -7.47675937e-04
 -4.94404668e-02 -9.67712999e-01 -3.93601732e+00  9.99878804e-01
 -9.96918597e-01  1.02162189e+00], Best Fitness = 41.34854491116167, Evaluations = 4416
Generation 70: Best Solution = [-2.03463059  0.02403347  3.99289519  0.01134613 -0.03780249 -0.96905086
 -3.93583759  0.99221486 -0.99710361  1.01868709], Best Fitness = 41.26971321020783, Evaluations = 4480
Generation 71: Best Solution = [-2.02512317e+00  1.67815487e-02  3.99737233e+00 -1.97057318e-03
 -3.62957804e-02 -9.70297528e-01 -3.92820175e+00  9.97579964e-01
 -9.96462647e-01  1.01344011e+00], Best Fitness = 41.12335313606417, Evaluations = 4544
Generation 72: Best Solution = [-2.02133191e+00  2.56534894e-02  3.99345822e+00 -7.79435770e-04
 -3.36415469e-02 -9.66061807e-01 -3.94193552e+00  9.97001258e-01
 -9.91131329e-01  1.02166384e+00], Best Fitness = 40.972454917414524, Evaluations = 4608
Generation 73: Best Solution = [-2.01810903e+00  1.39691145e-02  4.00046182e+00 -8.31203864e-05
 -3.07447334e-02 -9.72283759e-01 -3.94345600e+00  9.92333800e-01
 -9.86310630e-01  1.02114052e+00], Best Fitness = 40.77564977409533, Evaluations = 4672
Generation 74: Best Solution = [-2.02169057e+00  1.48478840e-02  3.99871745e+00  7.05610919e-04
 -2.51733692e-02 -9.74559473e-01 -3.93976579e+00  9.94889627e-01
 -9.88603028e-01  1.01832195e+00], Best Fitness = 40.74705091225271, Evaluations = 4736
Generation 75: Best Solution = [-2.01477208e+00  1.59328926e-02  3.99783709e+00  1.09751021e-03
 -2.57704759e-02 -9.78338701e-01 -3.94257971e+00  9.88890687e-01
 -9.89609287e-01  1.01759038e+00], Best Fitness = 40.60474432321223, Evaluations = 4800
Generation 76: Best Solution = [-2.01583176e+00  7.01425178e-03  3.99073206e+00  2.57138985e-04
 -3.15758378e-02 -9.79462298e-01 -3.94047610e+00  9.95683232e-01
 -9.93144247e-01  1.00977321e+00], Best Fitness = 40.553107653348974, Evaluations = 4864
Generation 77: Best Solution = [-2.00156914e+00  1.48532991e-02  3.99728998e+00  2.19246120e-03
 -2.57056935e-02 -9.79518334e-01 -3.94957575e+00  9.95993135e-01
 -9.94865971e-01  1.00672653e+00], Best Fitness = 40.31360641663912, Evaluations = 4928
Generation 78: Best Solution = [-1.99601205  0.00832914  3.99814387  0.00599697 -0.01823674 -0.97952894
 -3.94464375  0.99442136 -0.99740461  1.0082026 ], Best Fitness = 40.28184894770358, Evaluations = 4992
Generation 79: Best Solution = [-1.99771555e+00  1.56145772e-02  4.00392121e+00 -2.32516962e-04
 -2.11086012e-02 -9.84799908e-01 -3.95818885e+00  1.00091087e+00
 -9.96635492e-01  1.00784596e+00], Best Fitness = 40.21409173156954, Evaluations = 5056
Generation 80: Best Solution = [-2.00304039e+00  6.53153330e-03  3.99823439e+00  2.34911752e-03
 -1.45728180e-02 -9.78643825e-01 -3.95730469e+00  9.96843815e-01
 -9.94374480e-01  1.00875895e+00], Best Fitness = 40.14114226040005, Evaluations = 5120
Generation 81: Best Solution = [-2.00069941e+00  1.36208211e-02  3.99506767e+00 -1.43310383e-03
 -1.23727949e-02 -9.90290118e-01 -3.95517747e+00  9.96166275e-01
 -9.90684578e-01  1.00433560e+00], Best Fitness = 40.07870493236926, Evaluations = 5184
Generation 82: Best Solution = [-2.00628956e+00  5.94741328e-03  3.99350736e+00  1.63739069e-03
 -1.16051537e-02 -9.85881549e-01 -3.96170918e+00  1.00010938e+00
 -9.87932171e-01  1.00040171e+00], Best Fitness = 40.02392473281171, Evaluations = 5248
Generation 83: Best Solution = [-1.99526557  0.01064262  3.99019723 -0.00511055 -0.00810323 -0.98634589
 -3.96126142  0.98836356 -0.99479041  1.00420711], Best Fitness = 39.973292706873316, Evaluations = 5312
Generation 84: Best Solution = [-1.99172515e+00  8.86449984e-03  3.98469051e+00 -1.20066029e-03
 -1.17259937e-02 -9.89399275e-01 -3.96543558e+00  9.90529585e-01
 -9.86395881e-01  1.00034448e+00], Best Fitness = 39.91731683143465, Evaluations = 5376
Generation 85: Best Solution = [-2.00455859e+00  3.22142858e-03  3.98923358e+00  1.66479232e-03
 -1.25154895e-02 -9.95601849e-01 -3.97290820e+00  9.95096268e-01
 -9.91720244e-01  9.96134430e-01], Best Fitness = 39.903686131989495, Evaluations = 5440
Generation 86: Best Solution = [-1.99629215e+00 -4.60324122e-03  3.98698760e+00 -2.10521546e-03
 -1.29286022e-02 -9.98277308e-01 -3.97464794e+00  9.93414164e-01
 -9.96434925e-01  9.99908238e-01], Best Fitness = 39.86780836971132, Evaluations = 5504
Generation 87: Best Solution = [-1.99169047e+00 -1.36738394e-03  3.98146715e+00 -4.82867523e-03
 -4.64993672e-03 -9.88551398e-01 -3.97688592e+00  9.93739223e-01
 -9.90051989e-01  1.00171565e+00], Best Fitness = 39.832535144546185, Evaluations = 5568
Generation 88: Best Solution = [-1.99085011e+00 -4.38856309e-03  3.98531012e+00 -3.17845151e-03
 -3.15438124e-04 -9.96878264e-01 -3.97619819e+00  9.99708258e-01
 -9.95238616e-01  1.00181944e+00], Best Fitness = 39.8272772930393, Evaluations = 5632
Generation 89: Best Solution = [-1.99212069e+00  2.94798485e-03  3.98212890e+00 -3.85074736e-04
 -3.83993259e-03 -9.89181940e-01 -3.97678676e+00  9.93430200e-01
 -9.98626064e-01  9.94341507e-01], Best Fitness = 39.81646899562067, Evaluations = 5696
Generation 90: Best Solution = [-1.98911839e+00 -2.78243819e-03  3.98135558e+00 -2.83747102e-03
 -2.67261041e-03 -9.95397061e-01 -3.97702816e+00  9.96869300e-01
 -9.91611567e-01  9.91870946e-01], Best Fitness = 39.809682723603785, Evaluations = 5760
Generation 91: Best Solution = [-1.99399923e+00  4.75600282e-03  3.97998662e+00 -7.91934610e-04
  2.43064450e-03 -9.93901925e-01 -3.98193560e+00  9.93656547e-01
 -9.96896633e-01  9.98608726e-01], Best Fitness = 39.81211216062222, Evaluations = 5824
Generation 92: Best Solution = [-1.98986585e+00  2.22675000e-03  3.97867662e+00 -3.76788786e-03
 -1.20728107e-03 -9.95368572e-01 -3.97568716e+00  9.91360496e-01
 -9.95271264e-01  9.95867424e-01], Best Fitness = 39.80856804556261, Evaluations = 5888
Generation 93: Best Solution = [-1.98953532e+00 -1.59102058e-03  3.98194299e+00  3.10584334e-04
  3.90762228e-04 -9.92099452e-01 -3.98210944e+00  9.94195140e-01
 -9.92729204e-01  9.90983616e-01], Best Fitness = 39.80657164094241, Evaluations = 5952
Generation 94: Best Solution = [-1.99378851e+00  1.34440796e-04  3.98178655e+00 -1.24679587e-03
  4.14724003e-03 -9.95851195e-01 -3.98321543e+00  9.93996051e-01
 -9.94306741e-01  9.92950061e-01], Best Fitness = 39.80919051614151, Evaluations = 6016
Generation 95: Best Solution = [-1.99086857e+00  5.18939188e-06  3.97937921e+00 -6.13700219e-04
 -2.07966098e-03 -9.97220156e-01 -3.97909687e+00  9.90749688e-01
 -9.92817785e-01  9.95173521e-01], Best Fitness = 39.80483772284212, Evaluations = 6080
Generation 96: Best Solution = [-1.99015509e+00 -2.66161866e-03  3.98257703e+00 -2.60230172e-03
  6.22147351e-04 -9.93828499e-01 -3.98205339e+00  9.94180817e-01
 -9.98411859e-01  9.94102815e-01], Best Fitness = 39.80642662479702, Evaluations = 6144
Generation 97: Best Solution = [-1.99020901e+00 -2.27289689e-03  3.97440301e+00  1.30326654e-03
 -2.72547988e-05 -9.95674400e-01 -3.98002033e+00  9.97109477e-01
 -9.94748643e-01  9.91580936e-01], Best Fitness = 39.80852434467057, Evaluations = 6208
Generation 98: Best Solution = [-1.98858403e+00  2.13313438e-04  3.97892912e+00  1.44098027e-05
  2.33548502e-03 -9.93972773e-01 -3.97404306e+00  9.95459065e-01
 -9.96181608e-01  9.95205533e-01], Best Fitness = 39.80676556584589, Evaluations = 6272
Generation 99: Best Solution = [-1.98854777e+00  2.55616458e-03  3.97931551e+00 -1.28603772e-04
 -1.04647257e-03 -9.91592829e-01 -3.97668312e+00  9.93703107e-01
 -9.93164724e-01  9.90764302e-01], Best Fitness = 39.80865777995239, Evaluations = 6336
Generation 100: Best Solution = [-1.98824303e+00 -2.41002960e-03  3.98041163e+00 -4.26549100e-03
  1.56715739e-03 -9.91820842e-01 -3.97872785e+00  9.94119437e-01
 -9.91411519e-01  9.95100044e-01], Best Fitness = 39.80884218652118, Evaluations = 6400
Generation 101: Best Solution = [-1.98567862e+00  6.33737019e-04  3.97835123e+00  1.91238425e-03
 -8.41282314e-05 -9.93489791e-01 -3.97927166e+00  9.90034733e-01
 -9.96715076e-01  9.94560333e-01], Best Fitness = 39.80884029058637, Evaluations = 6464
Generation 102: Best Solution = [-1.99055301e+00 -1.27094118e-03  3.98021300e+00  9.91363080e-04
 -6.90457764e-04 -9.96250685e-01 -3.97695518e+00  1.00015283e+00
 -9.94942026e-01  9.92897879e-01], Best Fitness = 39.80698035632122, Evaluations = 6528
Generation 103: Best Solution = [-1.99078922e+00  1.06052986e-03  3.97830858e+00 -5.03305541e-03
 -2.33950637e-04 -9.94028570e-01 -3.98086889e+00  9.93173346e-01
 -9.92031893e-01  9.94863753e-01], Best Fitness = 39.80672979839711, Evaluations = 6592
Generation 104: Best Solution = [-1.99286655e+00 -2.50510798e-03  3.97976708e+00 -1.40702761e-03
 -1.48714449e-03 -9.92521815e-01 -3.97756176e+00  9.95420897e-01
 -9.93695753e-01  9.94277630e-01], Best Fitness = 39.8045593015163, Evaluations = 6656
Generation 105: Best Solution = [-1.99442825e+00 -1.26958751e-03  3.98026596e+00 -2.67199807e-03
  3.18436365e-03 -9.96407881e-01 -3.97874841e+00  9.96770631e-01
 -9.95378988e-01  9.96315864e-01], Best Fitness = 39.807667672106795, Evaluations = 6720
Generation 106: Best Solution = [-1.99039236e+00 -4.34930589e-03  3.98076754e+00 -1.17121600e-03
  5.30849668e-04 -9.95388111e-01 -3.97843167e+00  9.95200530e-01
 -9.94855848e-01  9.98381893e-01], Best Fitness = 39.80520597102838, Evaluations = 6784
Generation 107: Best Solution = [-1.99101540e+00 -5.99977278e-04  3.98404910e+00 -9.23198479e-04
 -8.07478442e-04 -9.93455977e-01 -3.97977571e+00  9.96569916e-01
 -9.97562187e-01  9.98674736e-01], Best Fitness = 39.80739572660719, Evaluations = 6848
Generation 108: Best Solution = [-1.98892242e+00  5.12240591e-03  3.97576035e+00  1.88360125e-03
 -1.54005359e-03 -9.95209117e-01 -3.98352596e+00  9.96417168e-01
 -9.96400450e-01  9.97246326e-01], Best Fitness = 39.81255387274733, Evaluations = 6912
Generation 109: Best Solution = [-1.99154667e+00  4.30525277e-03  3.98082842e+00 -4.42350747e-03
 -7.46814584e-04 -9.93784880e-01 -3.97877622e+00  9.91692029e-01
 -9.97612394e-01  9.93610739e-01], Best Fitness = 39.81091350416571, Evaluations = 6976
Generation 110: Best Solution = [-1.98910709e+00  4.80172648e-03  3.98025515e+00  2.89908886e-04
  1.90484040e-03 -9.91309385e-01 -3.97851589e+00  9.92918491e-01
 -9.97369864e-01  9.97183891e-01], Best Fitness = 39.8095539777714, Evaluations = 7040
Generation 111: Best Solution = [-1.99373640e+00 -6.38686472e-04  3.98268075e+00 -1.02121843e-03
  3.21855411e-03 -9.95799728e-01 -3.98232558e+00  9.93564726e-01
 -9.93892440e-01  9.96642952e-01], Best Fitness = 39.80763333362019, Evaluations = 7104
Generation 112: Best Solution = [-1.99527375e+00  9.89734794e-04  3.97897215e+00 -1.86516741e-03
  1.68699442e-03 -9.95343425e-01 -3.98262161e+00  9.93104442e-01
 -9.93535550e-01  9.94065939e-01], Best Fitness = 39.80828533619322, Evaluations = 7168
Generation 113: Best Solution = [-1.99058884e+00 -2.09684679e-03  3.97807074e+00  1.23961912e-03
 -2.40925778e-03 -9.91408505e-01 -3.98026118e+00  9.92855737e-01
 -9.96247199e-01  9.99155370e-01], Best Fitness = 39.808394206703724, Evaluations = 7232
Generation 114: Best Solution = [-1.98865309e+00  1.28628337e-03  3.97602444e+00 -1.64781912e-03
 -1.78477907e-03 -9.99403455e-01 -3.98169388e+00  9.91838251e-01
 -9.95957123e-01  9.95568675e-01], Best Fitness = 39.80958485064265, Evaluations = 7296
Generation 115: Best Solution = [-1.99027488e+00  6.26075895e-05  3.98136087e+00 -2.73698312e-03
 -5.08801570e-03 -9.95381825e-01 -3.97913111e+00  9.96452863e-01
 -9.96936009e-01  9.96373918e-01], Best Fitness = 39.80702787214338, Evaluations = 7360
Generation 116: Best Solution = [-1.98954481e+00 -3.11656678e-03  3.98214877e+00 -1.16350125e-03
  4.34163021e-04 -9.92684356e-01 -3.98185483e+00  9.94981001e-01
 -9.91627100e-01  9.94400592e-01], Best Fitness = 39.80564811741683, Evaluations = 7424
Generation 117: Best Solution = [-1.98952430e+00 -1.60555046e-03  3.97881459e+00  3.13785440e-03
 -1.40702965e-03 -9.91465417e-01 -3.98130118e+00  9.96296414e-01
 -9.98567776e-01  9.93562176e-01], Best Fitness = 39.80742445483788, Evaluations = 7488
Generation 118: Best Solution = [-1.99263239e+00  2.51385695e-03  3.97618518e+00 -5.44067442e-04
 -2.97277197e-03 -9.96224082e-01 -3.98144830e+00  9.96440091e-01
 -9.94966018e-01  9.96457896e-01], Best Fitness = 39.80697630692127, Evaluations = 7552
Generation 119: Best Solution = [-1.99132384e+00 -1.44097982e-03  3.97738852e+00 -2.59164440e-03
  2.88391844e-03 -9.95655945e-01 -3.98274112e+00  9.97539580e-01
 -9.98061220e-01  9.96356367e-01], Best Fitness = 39.808508903432795, Evaluations = 7616
Generation 120: Best Solution = [-1.99098824e+00 -6.90520266e-04  3.97763589e+00  2.76638042e-03
 -1.17328417e-03 -9.95475213e-01 -3.98077034e+00  9.97242316e-01
 -9.99716576e-01  9.93011346e-01], Best Fitness = 39.807698266836276, Evaluations = 7680
Generation 121: Best Solution = [-1.99201481e+00  1.95081698e-03  3.98176221e+00 -1.34115987e-03
  1.86690299e-03 -9.91649457e-01 -3.97976564e+00  9.97053349e-01
 -9.96322686e-01  9.90960663e-01], Best Fitness = 39.80818310019664, Evaluations = 7744
Generation 122: Best Solution = [-1.98821637e+00 -1.77338781e-03  3.97841482e+00  1.08292150e-03
 -3.55453409e-03 -9.98054114e-01 -3.97631808e+00  9.91755423e-01
 -9.93438929e-01  9.98600079e-01], Best Fitness = 39.81184004139093, Evaluations = 7808
Generation 123: Best Solution = [-1.99180723e+00 -1.74576356e-04  3.98050238e+00 -3.40577900e-03
 -3.78816712e-03 -9.96117316e-01 -3.98399298e+00  9.93222709e-01
 -9.93002424e-01  9.95015870e-01], Best Fitness = 39.809235266384476, Evaluations = 7872
Generation 124: Best Solution = [-1.99207648e+00  1.80321070e-03  3.97614947e+00  2.26352595e-04
 -2.19346279e-03 -9.95528754e-01 -3.98072386e+00  9.92530629e-01
 -9.95127289e-01  9.93832813e-01], Best Fitness = 39.80495341401934, Evaluations = 7936
Generation 125: Best Solution = [-1.98851821e+00  1.14032425e-03  3.98210919e+00 -4.37384298e-05
 -3.30417834e-03 -9.93425985e-01 -3.97873266e+00  9.93962611e-01
 -9.95693488e-01  9.90605041e-01], Best Fitness = 39.806772755877354, Evaluations = 8000
Generation 126: Best Solution = [-1.99205114e+00  3.66820410e-03  3.97989859e+00  4.24249382e-04
 -1.86907078e-03 -9.94811240e-01 -3.98384838e+00  9.94036732e-01
 -9.92597835e-01  9.95539359e-01], Best Fitness = 39.807061053318215, Evaluations = 8064
Generation 127: Best Solution = [-1.98825424e+00  3.59742361e-03  3.97974429e+00  4.23288670e-03
 -2.84851456e-03 -9.93824930e-01 -3.98355182e+00  9.95932300e-01
 -9.95495696e-01  9.93722705e-01], Best Fitness = 39.81003068381521, Evaluations = 8128
Generation 128: Best Solution = [-1.98383923e+00 -2.25987425e-03  3.97641555e+00 -4.52224625e-04
  1.35598701e-04 -9.96240005e-01 -3.97927650e+00  9.92447851e-01
 -9.94346141e-01  9.94943286e-01], Best Fitness = 39.81043926391676, Evaluations = 8192
Generation 129: Best Solution = [-1.99020926e+00 -2.42054141e-03  3.97479349e+00 -1.24477135e-03
  2.59740588e-03 -9.96580330e-01 -3.97767874e+00  9.94745789e-01
 -9.95959714e-01  9.96259088e-01], Best Fitness = 39.80781112165685, Evaluations = 8256
Generation 130: Best Solution = [-1.98785492e+00  2.97018582e-03  3.98224238e+00 -2.75644138e-03
 -2.49181006e-03 -9.97199140e-01 -3.98067667e+00  9.91569855e-01
 -9.95235511e-01  9.92822533e-01], Best Fitness = 39.80902126911586, Evaluations = 8320
Generation 131: Best Solution = [-1.98845021e+00 -1.11227251e-03  3.98236988e+00 -1.43734846e-04
 -2.29156796e-03 -9.95797873e-01 -3.98145988e+00  9.96381820e-01
 -9.93654578e-01  9.99321540e-01], Best Fitness = 39.80639338224475, Evaluations = 8384
Generation 132: Best Solution = [-1.98615554e+00 -2.24034776e-03  3.98153918e+00  3.81924525e-04
 -7.41482069e-04 -9.94759571e-01 -3.97982087e+00  9.90869721e-01
 -9.93378161e-01  9.98811512e-01], Best Fitness = 39.809449976246626, Evaluations = 8448
Generation 133: Best Solution = [-1.99184387e+00 -2.98042802e-04  3.97935370e+00 -4.27770104e-04
 -5.90773271e-03 -9.95116272e-01 -3.97863887e+00  9.97806792e-01
 -9.93362689e-01  9.93630675e-01], Best Fitness = 39.808633965655154, Evaluations = 8512
Generation 134: Best Solution = [-1.98725680e+00 -2.37380574e-03  3.98301849e+00  8.21673854e-04
  2.12086239e-03 -9.97585255e-01 -3.97956874e+00  9.92608458e-01
 -9.96904439e-01  9.97390366e-01], Best Fitness = 39.808151632633916, Evaluations = 8576
Generation 135: Best Solution = [-1.99032121e+00 -9.11225119e-04  3.97593599e+00  2.06946080e-03
 -3.48271399e-03 -9.92482331e-01 -3.98198412e+00  9.91695855e-01
 -9.95415674e-01  9.95919343e-01], Best Fitness = 39.809023412762535, Evaluations = 8640
Generation 136: Best Solution = [-1.99079944e+00 -4.49355004e-04  3.98068655e+00  1.00306010e-03
 -4.45186968e-04 -9.92914002e-01 -3.97692544e+00  9.95848830e-01
 -9.98463034e-01  9.90916612e-01], Best Fitness = 39.80701729838253, Evaluations = 8704
Generation 137: Best Solution = [-1.98839617e+00 -1.90241918e-03  3.98482908e+00 -1.86597581e-03
  2.02679963e-03 -9.95315893e-01 -3.97739971e+00  9.95530383e-01
 -9.95212759e-01  9.93724385e-01], Best Fitness = 39.80737240585327, Evaluations = 8768
Generation 138: Best Solution = [-1.98865219e+00 -7.35513580e-04  3.98128552e+00  4.10917063e-03
 -4.26463512e-03 -9.95175391e-01 -3.98021122e+00  9.97351510e-01
 -9.95277996e-01  9.93123637e-01], Best Fitness = 39.807846928079776, Evaluations = 8832
Generation 139: Best Solution = [-1.98898465e+00  3.39656244e-03  3.98136467e+00  4.55141908e-04
 -5.10678786e-03 -9.93468192e-01 -3.97634438e+00  9.93657885e-01
 -9.93294653e-01  9.98309854e-01], Best Fitness = 39.81219882819903, Evaluations = 8896
Generation 140: Best Solution = [-1.98667396e+00 -1.13551180e-04  3.97687401e+00  2.68139889e-03
 -3.91104284e-03 -9.94422570e-01 -3.98187354e+00  9.94911525e-01
 -9.96916644e-01  9.97117004e-01], Best Fitness = 39.8089602294549, Evaluations = 8960
Generation 141: Best Solution = [-1.99069425e+00 -8.94517221e-05  3.98359023e+00 -1.06379827e-03
  1.60454406e-03 -9.94901514e-01 -3.97852756e+00  9.94058195e-01
 -9.94366446e-01  1.00047420e+00], Best Fitness = 39.8084424668569, Evaluations = 9024
Generation 142: Best Solution = [-1.99289553e+00 -5.18370391e-04  3.97610271e+00  2.63458505e-03
 -1.49828046e-03 -9.94497674e-01 -3.98201992e+00  9.95233604e-01
 -9.93705437e-01  9.97904483e-01], Best Fitness = 39.80753176619034, Evaluations = 9088
Generation 143: Best Solution = [-1.99025706e+00 -9.78871321e-04  3.97964273e+00 -1.79806088e-03
 -3.37827409e-03 -9.93223102e-01 -3.97636494e+00  9.96736585e-01
 -9.95541100e-01  9.95488872e-01], Best Fitness = 39.80492343248602, Evaluations = 9152
Generation 144: Best Solution = [-1.99064432e+00  1.38530945e-03  3.97736076e+00 -1.81834271e-04
  2.30150816e-03 -1.00101684e+00 -3.98265775e+00  9.96290306e-01
 -9.91218743e-01  9.94341218e-01], Best Fitness = 39.812960326288845, Evaluations = 9216
Generation 145: Best Solution = [-1.98937145e+00  2.54981138e-03  3.97888209e+00 -5.87593635e-04
 -2.19987845e-03 -9.95284460e-01 -3.98267238e+00  9.92174428e-01
 -9.95627892e-01  9.94288525e-01], Best Fitness = 39.80407028467307, Evaluations = 9280
Generation 146: Best Solution = [-1.98918985e+00 -3.86965769e-03  3.98068688e+00 -1.75388877e-03
 -3.04000324e-03 -9.97859162e-01 -3.97839046e+00  9.94389708e-01
 -9.91577422e-01  9.96922646e-01], Best Fitness = 39.808979193359704, Evaluations = 9344
Generation 147: Best Solution = [-1.98717224e+00 -8.69065196e-04  3.98225061e+00 -5.85882933e-04
 -3.93751262e-03 -9.95552012e-01 -3.97665080e+00  9.93652461e-01
 -9.98051122e-01  9.97258960e-01], Best Fitness = 39.80941716462388, Evaluations = 9408
Generation 148: Best Solution = [-1.98656470e+00 -1.03206679e-03  3.98122030e+00 -4.78598019e-04
  2.77509184e-03 -9.93040205e-01 -3.97979018e+00  9.92288645e-01
 -9.95253114e-01  9.94963785e-01], Best Fitness = 39.80472369540325, Evaluations = 9472
Generation 149: Best Solution = [-1.98892482e+00 -5.71036657e-05  3.97872841e+00  1.25717295e-03
 -6.32192688e-04 -9.94533830e-01 -3.98660063e+00  9.93869637e-01
 -9.92092361e-01  9.93276206e-01], Best Fitness = 39.81058181394412, Evaluations = 9536
Generation 150: Best Solution = [-1.99292116e+00  5.10807904e-04  3.97971216e+00  1.60266924e-03
  1.84030796e-03 -9.95824153e-01 -3.98086342e+00  9.91334910e-01
 -9.94859658e-01  9.93073094e-01], Best Fitness = 39.80487043454387, Evaluations = 9600
Generation 151: Best Solution = [-1.99039279e+00  3.27446841e-03  3.98593270e+00 -1.00264472e-03
 -7.96152847e-04 -9.92606203e-01 -3.98094236e+00  9.96901709e-01
 -9.94384011e-01  9.95647815e-01], Best Fitness = 39.81037479587937, Evaluations = 9664
Generation 152: Best Solution = [-1.99172495e+00  2.90506045e-03  3.98172806e+00  1.40450993e-03
 -3.19067598e-03 -9.93789323e-01 -3.97859172e+00  9.93235894e-01
 -9.95948973e-01  9.94026954e-01], Best Fitness = 39.80514102882223, Evaluations = 9728
Generation 153: Best Solution = [-1.98876993e+00  1.88320200e-03  3.98067141e+00  7.42667580e-04
  2.49918085e-03 -9.97016019e-01 -3.97661399e+00  9.92961315e-01
 -9.90062263e-01  9.93311660e-01], Best Fitness = 39.809516496131934, Evaluations = 9792
Generation 154: Best Solution = [-1.98735129e+00  4.89811992e-03  3.97385056e+00 -2.82277497e-03
  8.07051677e-04 -9.93813238e-01 -3.97993213e+00  9.95863161e-01
 -9.92234447e-01  9.93830130e-01], Best Fitness = 39.81498939584219, Evaluations = 9856
Generation 155: Best Solution = [-1.98840120e+00 -9.96849788e-04  3.98180486e+00 -4.63089897e-04
  1.98373667e-04 -9.94547707e-01 -3.98159793e+00  1.00100195e+00
 -9.97238371e-01  9.94500332e-01], Best Fitness = 39.80865652554374, Evaluations = 9920
Generation 156: Best Solution = [-1.99068091e+00 -1.99026095e-05  3.97896153e+00 -1.94838043e-04
 -4.25555635e-04 -9.97928845e-01 -3.98301699e+00  9.94241979e-01
 -9.99571299e-01  9.98533680e-01], Best Fitness = 39.80911385412653, Evaluations = 9984
Generation 157: Best Solution = [-1.99161285e+00  4.28173375e-04  3.98196566e+00  1.14378555e-03
 -7.72462795e-04 -9.93324493e-01 -3.97919922e+00  9.95986603e-01
 -9.91454342e-01  9.96623218e-01], Best Fitness = 39.80386955948772, Evaluations = 10048
