Algorithm: Cross-Entropy Method
Objective Function: Ackley
Dimension: 10
Population Size: 64
Max Evaluations: 10000

Generation 1: Best Solution = [  6.1005076  -10.06599411 -11.4187099   11.5385481  -19.4288518
 -19.63305261  11.85269755  -4.91446777  -4.15742351   3.13978272], Best Fitness = 19.671377805950858, Evaluations = 64
Generation 2: Best Solution = [  5.67000169  -6.95737078 -15.12992516  11.00002317   0.48318665
 -18.67372534   5.69185659   0.83944473   1.24980605   3.85009863], Best Fitness = 18.321431174277674, Evaluations = 128
Generation 3: Best Solution = [  0.15476077  -7.06825832 -12.01338897  16.6822049   -8.9669827
 -16.12422252  11.81513335   5.46450464  -8.65310277   5.61376992], Best Fitness = 19.03489985610778, Evaluations = 192
Generation 4: Best Solution = [  0.37586374  -9.73084271  -8.98748356   5.2517795   -3.03692518
 -15.83087687  10.96683968 -13.13614154  -5.23709758   0.18635245], Best Fitness = 17.861477278315526, Evaluations = 256
Generation 5: Best Solution = [  2.96164547  -8.12963959  -5.0867747    5.77568349  -3.73469285
 -18.9208256    9.40779094  -6.98289486  -4.36985051  -2.36189714], Best Fitness = 17.561263161066087, Evaluations = 320
Generation 6: Best Solution = [  4.92025343  -6.91265499  -7.71171399   6.77222665   1.91252747
 -19.96037144   7.4943112   -5.04639839  -0.8621549   -4.21798002], Best Fitness = 17.341363046337694, Evaluations = 384
Generation 7: Best Solution = [  3.78270722 -11.12730208  -6.68963563   4.2515647   -4.01627244
 -15.0966751    7.31071917  -8.91316604  -0.78460811   0.64538254], Best Fitness = 17.077315444125688, Evaluations = 448
Generation 8: Best Solution = [  4.42753256  -8.3822607  -10.01178608   8.20979668  -0.84457916
 -15.93985108   9.0540282   -2.98610344   1.93221887  -3.06694617], Best Fitness = 16.931722711406668, Evaluations = 512
Generation 9: Best Solution = [  4.19591957 -10.00583202  -5.84699897   6.84587309  -1.0557311
 -16.76585135   9.02070234  -5.2344103   -3.14711903   1.4441796 ], Best Fitness = 16.947881087466683, Evaluations = 576
Generation 10: Best Solution = [  4.0724828   -9.2393359   -6.07545939   6.09726666  -3.88969515
 -15.3280154    8.8572305   -9.01225994  -0.84404406  -3.09826961], Best Fitness = 16.632544999430078, Evaluations = 640
Generation 11: Best Solution = [  4.11127847 -10.20419131  -8.01109556   6.88891989  -3.8262962
 -14.73009546   8.82260379  -6.86970938   0.2020519   -1.75861504], Best Fitness = 16.840232606873492, Evaluations = 704
Generation 12: Best Solution = [  4.01024875  -9.21585575  -8.40830127   7.08525921  -0.88039726
 -16.10399651   8.00546571  -5.28047543   1.10278474  -1.99598944], Best Fitness = 16.643352246214807, Evaluations = 768
Generation 13: Best Solution = [  4.0792419   -8.87028699  -8.96575222   5.81178875  -1.86439758
 -16.20656003   7.73800486  -5.99276745   1.2812073   -1.95308182], Best Fitness = 16.600671986766848, Evaluations = 832
Generation 14: Best Solution = [  4.07240558  -8.94197688  -9.06751585   7.05603058  -0.8043459
 -16.31638678   8.06369809  -4.8573304    1.16219962  -2.02387418], Best Fitness = 16.46308025734629, Evaluations = 896
Generation 15: Best Solution = [  4.09162096  -9.17100981  -9.11137954   6.6439344   -0.99142202
 -16.11187681   7.92763955  -5.12211413   1.22633023  -1.83834771], Best Fitness = 16.636231534455284, Evaluations = 960
Generation 16: Best Solution = [  4.09195365  -9.04766144  -8.90293539   6.20391344  -1.41510067
 -16.04906739   7.99764752  -5.69561954   0.94013312  -2.15991601], Best Fitness = 16.676805538009386, Evaluations = 1024
Generation 17: Best Solution = [  4.12070684  -9.03783356  -8.17599881   5.20175357  -2.11150967
 -16.17798965   8.01620633  -6.87031643   0.19454796  -1.87111308], Best Fitness = 16.43324723414776, Evaluations = 1088
Generation 18: Best Solution = [  4.2061003   -9.01987525 -10.01977936   7.10660098  -1.02377363
 -15.96777738   7.86281857  -4.264099     1.94085744  -1.89440238], Best Fitness = 16.359767858987492, Evaluations = 1152
Generation 19: Best Solution = [  4.07320191  -9.03483516  -8.98333169   5.96447838  -1.85390378
 -15.90181802   8.00208473  -6.05805325   0.96164064  -1.80341752], Best Fitness = 15.993576333947335, Evaluations = 1216
Generation 20: Best Solution = [  4.0735612   -9.01723555  -8.91893509   6.0812593   -1.63360441
 -16.04602607   7.99107855  -5.89955196   0.95122342  -1.96869556], Best Fitness = 16.194181005659907, Evaluations = 1280
Generation 21: Best Solution = [  4.06915045  -9.04168216  -9.04865149   6.06634008  -1.64627967
 -16.00135542   7.9787482   -5.9088968    1.06802193  -1.99408731], Best Fitness = 16.156581164637235, Evaluations = 1344
Generation 22: Best Solution = [  4.05771251  -9.03947207  -8.97617846   6.02639198  -1.83191338
 -15.88677832   8.0353134   -6.0945943    0.97644455  -1.92733871], Best Fitness = 15.926000371177548, Evaluations = 1408
Generation 23: Best Solution = [  4.07495255  -9.00306987  -9.03815154   5.98509447  -1.8167696
 -15.92893472   7.98215796  -6.04425343   1.05327642  -1.99566422], Best Fitness = 15.867643922385666, Evaluations = 1472
Generation 24: Best Solution = [  4.06103267  -8.98088449  -9.00406365   5.95746965  -1.83541828
 -15.95809708   8.00896802  -6.0744901    0.96036724  -1.96775208], Best Fitness = 15.834448458912396, Evaluations = 1536
Generation 25: Best Solution = [  4.07294077  -9.00779932  -9.01171681   6.003881    -1.87052805
 -15.9245456    7.98667689  -6.06685288   1.02908579  -1.95077486], Best Fitness = 15.80542527021717, Evaluations = 1600
Generation 26: Best Solution = [  4.07714789  -9.00222762  -8.98721785   6.00209222  -1.87926732
 -15.93638672   7.99634225  -6.07535612   0.99252825  -1.9609806 ], Best Fitness = 15.787595924499563, Evaluations = 1664
Generation 27: Best Solution = [  4.07553745  -9.00670333  -8.99620199   6.02446726  -1.8731506
 -15.93106996   8.01060302  -6.05164599   1.00326369  -1.96062278], Best Fitness = 15.786355135774606, Evaluations = 1728
Generation 28: Best Solution = [  4.08102992  -9.01107129  -9.01207817   6.01785142  -1.87200411
 -15.92569227   8.0056993   -6.039785     1.00944962  -1.97471091], Best Fitness = 15.785278305464246, Evaluations = 1792
Generation 29: Best Solution = [  4.06647587  -8.99576124  -9.02655469   5.98555634  -1.88022699
 -15.92080995   7.99522064  -6.05371855   1.01171409  -1.98761927], Best Fitness = 15.771726977968427, Evaluations = 1856
Generation 30: Best Solution = [  4.07205444  -8.99816588  -8.99778151   6.00334631  -1.89508909
 -15.92549727   8.00106661  -6.065779     1.02498109  -1.98968747], Best Fitness = 15.762576743406697, Evaluations = 1920
Generation 31: Best Solution = [  4.06658713  -8.99531996  -9.00938833   6.00166509  -1.89622459
 -15.92290016   7.99941968  -6.06159811   1.02559248  -1.98381393], Best Fitness = 15.757933363107053, Evaluations = 1984
Generation 32: Best Solution = [  4.06506802  -8.99880213  -8.99936036   6.00139154  -1.9010495
 -15.91912619   8.00517653  -6.05744096   1.01611268  -1.99810917], Best Fitness = 15.7480675955814, Evaluations = 2048
Generation 33: Best Solution = [  4.06198865  -8.99817584  -9.00121388   6.01059162  -1.8972401
 -15.92076576   8.00093977  -6.05080264   1.00990151  -1.98452752], Best Fitness = 15.7453215064327, Evaluations = 2112
Generation 34: Best Solution = [  4.0622012   -8.9882036   -9.01275389   6.00021269  -1.89618627
 -15.93726531   8.00125524  -6.05094883   1.01274277  -1.99468574], Best Fitness = 15.73790304556414, Evaluations = 2176
Generation 35: Best Solution = [  4.04956875  -8.99139523  -9.00682863   6.01243649  -1.89906984
 -15.93794937   7.99695678  -6.05668051   1.01652842  -1.99124888], Best Fitness = 15.731482423117237, Evaluations = 2240
Generation 36: Best Solution = [  4.04891064  -9.00167706  -8.99014205   6.00960595  -1.91136871
 -15.92953188   8.0048732   -6.05667767   1.01583782  -1.98248303], Best Fitness = 15.724482972463093, Evaluations = 2304
Generation 37: Best Solution = [  4.04857424  -8.99650944  -8.99967448   6.00978995  -1.90977364
 -15.93995016   8.00491517  -6.05234367   1.01576295  -1.98840768], Best Fitness = 15.717295476706841, Evaluations = 2368
Generation 38: Best Solution = [  4.04065114  -9.00972401  -8.98680005   6.00331875  -1.92177957
 -15.92993042   8.010863    -6.04802697   1.02291001  -1.98159216], Best Fitness = 15.709718737535809, Evaluations = 2432
Generation 39: Best Solution = [  4.04351382  -8.99128769  -8.99298403   6.00863218  -1.92362982
 -15.9520088    7.98742899  -6.05683041   1.02151935  -1.99175728], Best Fitness = 15.701045388967357, Evaluations = 2496
Generation 40: Best Solution = [  4.04259082  -8.99467741  -8.99417515   6.0055366   -1.92620094
 -15.9536831    7.99234983  -6.05658867   1.01764198  -1.98929989], Best Fitness = 15.697028603384322, Evaluations = 2560
Generation 41: Best Solution = [  4.04736205  -8.99224225  -8.98755808   6.00788327  -1.93133142
 -15.95880849   7.99789312  -6.05144825   1.02061394  -1.98704042], Best Fitness = 15.692567604795977, Evaluations = 2624
Generation 42: Best Solution = [  4.0406126   -9.00017384  -8.99308631   6.00081957  -1.92702912
 -15.94779662   7.99613714  -6.03278574   1.02259648  -1.98871765], Best Fitness = 15.685925455145927, Evaluations = 2688
Generation 43: Best Solution = [  4.03379264  -8.99698963  -8.99390215   6.0040326   -1.93720213
 -15.94567539   7.99143193  -6.04204012   1.01964268  -1.98866367], Best Fitness = 15.680422245232375, Evaluations = 2752
Generation 44: Best Solution = [  4.03609773  -8.99236851  -9.00936534   6.00965993  -1.94510916
 -15.96390169   7.97828876  -6.03839765   1.02361498  -1.99243352], Best Fitness = 15.673750763718255, Evaluations = 2816
Generation 45: Best Solution = [  4.03027673  -8.98373841  -9.00128773   5.99910709  -1.9403296
 -15.96023753   8.00215316  -6.02816755   1.01324319  -1.99639056], Best Fitness = 15.665818691766317, Evaluations = 2880
Generation 46: Best Solution = [  4.02944808  -8.989861    -9.00735603   6.00630893  -1.95207417
 -15.96344102   7.97846407  -6.0269818    1.01779236  -2.00531966], Best Fitness = 15.660823302550165, Evaluations = 2944
Generation 47: Best Solution = [  4.0239569   -8.9895745   -8.99307891   6.00357789  -1.94856464
 -15.95455714   7.99460593  -6.0256195    1.01236788  -1.99429529], Best Fitness = 15.658656392302088, Evaluations = 3008
Generation 48: Best Solution = [  4.01996738  -8.99599808  -8.99321192   6.00128018  -1.94833581
 -15.9608049    7.99165816  -6.01860552   1.01353967  -1.99772811], Best Fitness = 15.653923395473264, Evaluations = 3072
Generation 49: Best Solution = [  4.01799333  -8.98509695  -8.99840842   6.00053138  -1.9558242
 -15.96373434   7.98785582  -6.02426434   1.01914328  -2.00757962], Best Fitness = 15.65271928428199, Evaluations = 3136
Generation 50: Best Solution = [  4.01856319  -9.00042008  -8.99786822   6.00884459  -1.9523466
 -15.97072445   7.99206045  -6.01024273   1.01218287  -2.00110084], Best Fitness = 15.649378166669704, Evaluations = 3200
Generation 51: Best Solution = [  4.01449626  -8.99772322  -8.98953937   6.00129851  -1.95422631
 -15.96876264   7.98806826  -6.01430002   1.01185566  -2.00247514], Best Fitness = 15.647257153525533, Evaluations = 3264
Generation 52: Best Solution = [  4.01774374  -8.98771239  -8.99607102   6.00005797  -1.96007261
 -15.964452     7.988806    -6.00803372   1.01238209  -1.99887193], Best Fitness = 15.644774148655564, Evaluations = 3328
Generation 53: Best Solution = [  4.0160547   -8.98859009  -8.99610139   6.00050352  -1.96760758
 -15.96680647   7.9923474   -6.00860426   1.01573425  -2.0004971 ], Best Fitness = 15.641906599672017, Evaluations = 3392
Generation 54: Best Solution = [  4.01121722  -8.99271406  -8.99391982   5.99993925  -1.96885219
 -15.97335575   7.97894293  -6.00422184   1.00818505  -1.99477975], Best Fitness = 15.638756519366147, Evaluations = 3456
Generation 55: Best Solution = [  4.01006896  -8.99682849  -8.99347456   5.99712806  -1.97307023
 -15.97055308   7.98859183  -6.00395408   1.01058642  -1.99849931], Best Fitness = 15.637124250494725, Evaluations = 3520
Generation 56: Best Solution = [  4.00906777  -8.98553378  -8.98863644   6.00316484  -1.97848074
 -15.9709849    7.99743606  -6.00582781   1.01349731  -1.99587442], Best Fitness = 15.636739285203623, Evaluations = 3584
Generation 57: Best Solution = [  4.00586974  -8.99386133  -9.00450148   5.99766509  -1.97967274
 -15.97705282   7.98412517  -5.99778427   1.00075804  -2.00247236], Best Fitness = 15.634486673893075, Evaluations = 3648
Generation 58: Best Solution = [  4.0015283   -8.98550456  -8.99372079   6.00416649  -1.98253173
 -15.98352466   7.98314294  -5.99951171   0.99769861  -1.99634036], Best Fitness = 15.633051428459146, Evaluations = 3712
Generation 59: Best Solution = [  3.99945373  -8.98714025  -8.99758705   5.99724443  -1.99123246
 -15.97443102   7.98592623  -5.98958014   1.00403646  -2.00216169], Best Fitness = 15.631820868156424, Evaluations = 3776
Generation 60: Best Solution = [  3.9931465   -8.98980982  -8.99607163   5.99434742  -1.99109556
 -15.97850608   7.98225417  -5.99738171   1.00375508  -1.99686175], Best Fitness = 15.631460549337676, Evaluations = 3840
Generation 61: Best Solution = [  3.99262735  -8.98754764  -8.99045419   5.98916411  -2.00118141
 -15.98388435   7.98600452  -5.99806102   1.00203705  -1.99386424], Best Fitness = 15.630908790884561, Evaluations = 3904
Generation 62: Best Solution = [  3.99671899  -8.99451561  -8.9969006    5.99173615  -1.99684131
 -15.97786617   7.99305736  -5.99481435   1.0009013   -1.99706694], Best Fitness = 15.630774528597467, Evaluations = 3968
Generation 63: Best Solution = [  3.99521532  -8.9917251   -8.9959981    5.99325256  -2.00064108
 -15.9824666    7.98758547  -5.99222411   0.99669506  -1.99559335], Best Fitness = 15.630612842620998, Evaluations = 4032
Generation 64: Best Solution = [  3.99272809  -8.98862446  -8.99382685   5.99435157  -1.99784241
 -15.97905674   7.99114159  -5.99554251   1.001493    -1.99738856], Best Fitness = 15.630509234041636, Evaluations = 4096
Generation 65: Best Solution = [  3.99033056  -8.98932171  -8.98930781   5.98892561  -1.99905155
 -15.98511857   7.99350312  -5.99575388   0.9986411   -1.99624915], Best Fitness = 15.630625868418837, Evaluations = 4160
Generation 66: Best Solution = [  3.99340888  -8.99397167  -8.98696426   5.99731033  -1.99999121
 -15.98183738   7.98982465  -5.99717803   0.9975088   -1.9989005 ], Best Fitness = 15.630609805873988, Evaluations = 4224
Generation 67: Best Solution = [  3.9944262   -8.99024587  -8.98827742   5.99376246  -1.9972407
 -15.98502909   7.98887409  -5.99656985   0.99748658  -1.99477803], Best Fitness = 15.630449998487556, Evaluations = 4288
Generation 68: Best Solution = [  3.99745396  -8.98964859  -8.99402336   5.99496862  -1.99657494
 -15.9880594    7.99290106  -5.99498455   0.99984649  -1.99629493], Best Fitness = 15.630542435306563, Evaluations = 4352
Generation 69: Best Solution = [  3.99141018  -8.99402961  -8.99021263   5.99452235  -1.99885166
 -15.98514887   7.99107567  -5.99521265   1.00019848  -1.99989756], Best Fitness = 15.630502428783078, Evaluations = 4416
Generation 70: Best Solution = [  3.99750018  -8.98867201  -8.99054795   5.9932051   -1.99920448
 -15.98505662   7.99535392  -5.99708493   1.00043942  -1.99622216], Best Fitness = 15.630490527598873, Evaluations = 4480
Generation 71: Best Solution = [  3.99594603  -8.98712365  -8.99113184   5.99398606  -1.99965568
 -15.98800528   7.99355149  -5.99450324   0.99921984  -1.99210973], Best Fitness = 15.630672941330731, Evaluations = 4544
Generation 72: Best Solution = [  3.99374616  -8.99539902  -8.99229545   5.99367087  -1.99809112
 -15.98125481   7.99162541  -5.99911206   0.9983682   -1.99354967], Best Fitness = 15.630702453146256, Evaluations = 4608
Generation 73: Best Solution = [  3.99904429  -8.98754793  -8.99225518   5.99417635  -1.99840025
 -15.98410822   7.99054318  -5.992475     0.99658499  -1.9912935 ], Best Fitness = 15.630649118411554, Evaluations = 4672
Generation 74: Best Solution = [  3.99928138  -8.98972466  -8.99013943   5.99493319  -1.99452725
 -15.98227008   7.99480396  -5.99244391   1.00011075  -1.99919937], Best Fitness = 15.63047185477467, Evaluations = 4736
Generation 75: Best Solution = [  3.99632336  -8.9927056   -8.99113389   5.99354127  -1.99936318
 -15.98042708   7.99467452  -5.99688427   1.00174672  -1.99579002], Best Fitness = 15.630503967566778, Evaluations = 4800
Generation 76: Best Solution = [  3.99272323  -8.98971607  -8.99308108   5.9936903   -1.9997262
 -15.98160961   7.99328692  -5.99525915   0.99826744  -1.99528518], Best Fitness = 15.630433299777275, Evaluations = 4864
Generation 77: Best Solution = [  3.99600954  -8.98721525  -8.99192731   5.99236596  -2.00197407
 -15.98236948   7.99219531  -5.99653683   0.99832147  -1.99762445], Best Fitness = 15.630463644809952, Evaluations = 4928
Generation 78: Best Solution = [  3.99551113  -8.99157661  -8.99185231   5.99419974  -2.00045541
 -15.9851109    7.9949669   -5.99218268   0.99806908  -1.99908184], Best Fitness = 15.630421655149206, Evaluations = 4992
Generation 79: Best Solution = [  3.99488474  -8.99027947  -8.99138947   5.99615715  -2.00411841
 -15.98197833   7.99030761  -5.99134658   0.99857206  -1.99844101], Best Fitness = 15.630539884224579, Evaluations = 5056
Generation 80: Best Solution = [  3.99555228  -8.99301375  -8.99356792   5.99434151  -1.99826806
 -15.97789395   7.99331308  -5.98963236   0.99993659  -1.99876715], Best Fitness = 15.630583501222262, Evaluations = 5120
Generation 81: Best Solution = [  3.99550635  -8.98888868  -8.98920823   5.9957677   -1.99830818
 -15.98368475   7.98887456  -5.99076945   0.99977456  -1.99632547], Best Fitness = 15.630387115434324, Evaluations = 5184
Generation 82: Best Solution = [  3.9934389   -8.9908156   -8.99305898   5.99649857  -1.99487837
 -15.97994039   7.98840571  -5.9918667    1.00070012  -1.99784547], Best Fitness = 15.630531232316262, Evaluations = 5248
Generation 83: Best Solution = [  3.99574585  -8.99288267  -8.99394848   5.98997292  -2.00031235
 -15.98596443   7.99410731  -5.99628807   0.99755981  -1.99791973], Best Fitness = 15.63059184935831, Evaluations = 5312
Generation 84: Best Solution = [  3.99603072  -8.98803119  -8.99615644   5.99236495  -1.99850905
 -15.98143787   7.99001327  -5.9937533    1.00181356  -1.99559506], Best Fitness = 15.63055779145851, Evaluations = 5376
Generation 85: Best Solution = [  3.99451868  -8.98867903  -8.99408693   5.98886608  -1.99865874
 -15.98339289   7.99260901  -5.99440266   0.99846586  -1.99895458], Best Fitness = 15.630484836449979, Evaluations = 5440
Generation 86: Best Solution = [  3.99456875  -8.98632669  -8.99404446   5.99224022  -1.99983834
 -15.98419209   7.99226997  -5.99432263   0.99463323  -1.99489902], Best Fitness = 15.630604929589083, Evaluations = 5504
Generation 87: Best Solution = [  3.99425345  -8.988214    -8.99109075   5.98888506  -1.99892279
 -15.98529918   7.99064724  -5.99353929   1.00400859  -1.9995424 ], Best Fitness = 15.630596781194914, Evaluations = 5568
Generation 88: Best Solution = [  3.99754487  -8.99050357  -8.98962553   5.98998801  -1.99982219
 -15.98363673   7.99510949  -5.99396638   0.99623344  -1.99613665], Best Fitness = 15.63048737553341, Evaluations = 5632
Generation 89: Best Solution = [  3.99771736  -8.99033311  -8.989358     5.99457231  -1.99450513
 -15.98046199   7.99218652  -5.99358395   1.00105126  -2.0003036 ], Best Fitness = 15.630425963421239, Evaluations = 5696
Generation 90: Best Solution = [  3.99484646  -8.98695219  -8.98767199   5.99587248  -1.9954061
 -15.98264823   7.9893659   -5.9920143    0.99757353  -1.99804889], Best Fitness = 15.630454230164576, Evaluations = 5760
Generation 91: Best Solution = [  4.00063454  -8.98994169  -8.99001371   5.99382649  -1.99853196
 -15.98336331   7.99210303  -5.99343368   0.99826955  -2.00303901], Best Fitness = 15.630529850145898, Evaluations = 5824
Generation 92: Best Solution = [  3.99540295  -8.99044252  -8.9916193    5.9982889   -1.99744922
 -15.98526483   7.99246565  -5.99239851   1.00057065  -1.99559416], Best Fitness = 15.630461812026748, Evaluations = 5888
Generation 93: Best Solution = [  3.99362222  -8.99349131  -8.9898867    5.99103728  -2.00124469
 -15.98198241   7.98921001  -5.99555322   0.99884313  -1.99520966], Best Fitness = 15.630506609718873, Evaluations = 5952
Generation 94: Best Solution = [  3.99421222  -8.98807238  -8.99258651   5.99128724  -1.9970137
 -15.98238505   7.98940266  -5.99015552   0.9945197   -1.99864891], Best Fitness = 15.630534981372636, Evaluations = 6016
Generation 95: Best Solution = [  3.99561982  -8.98984659  -8.98946291   5.99536176  -1.9971121
 -15.97779824   7.99402082  -5.99397991   1.0012798   -2.0007002 ], Best Fitness = 15.630514311922296, Evaluations = 6080
Generation 96: Best Solution = [  3.99294059  -8.99031494  -8.99290142   5.99437167  -2.00133444
 -15.98163367   7.98964989  -5.99433347   0.99699589  -1.99707677], Best Fitness = 15.630439863979028, Evaluations = 6144
Generation 97: Best Solution = [  3.99745776  -8.98924241  -8.98854739   5.99522033  -1.99644235
 -15.98307153   7.99362331  -5.99340657   0.99740801  -1.99502935], Best Fitness = 15.630392086409397, Evaluations = 6208
Generation 98: Best Solution = [  3.993164    -8.99298896  -8.98995555   5.99550123  -2.00055092
 -15.98481694   7.98868335  -5.99032103   0.99873893  -1.99948002], Best Fitness = 15.630509183919122, Evaluations = 6272
Generation 99: Best Solution = [  3.99197875  -8.98982596  -8.98879531   5.99560236  -1.99816529
 -15.9838189    7.99432434  -5.99119507   0.99969157  -1.99912552], Best Fitness = 15.630449040477771, Evaluations = 6336
Generation 100: Best Solution = [  3.99676765  -8.99260013  -8.98818411   5.99206078  -2.00095026
 -15.98403001   7.98907047  -5.99360017   1.00108793  -1.99798778], Best Fitness = 15.630429069903492, Evaluations = 6400
Generation 101: Best Solution = [  3.99756403  -8.99109516  -8.98955774   5.99237124  -1.99541862
 -15.98362374   7.98940754  -5.98927767   0.99905986  -2.00126595], Best Fitness = 15.630494956332658, Evaluations = 6464
Generation 102: Best Solution = [  3.99228877  -8.98831817  -8.99210252   5.99601082  -1.9948756
 -15.98012841   7.98702704  -5.99162604   1.00175317  -1.99670692], Best Fitness = 15.630636383513675, Evaluations = 6528
Generation 103: Best Solution = [  3.99536037  -8.98711413  -8.98974879   5.99765624  -1.99371967
 -15.98515686   7.98999147  -5.99126746   0.99867365  -1.99601648], Best Fitness = 15.630571577453537, Evaluations = 6592
Generation 104: Best Solution = [  3.99647689  -8.99091958  -8.99238294   5.99538723  -2.00007796
 -15.98300175   7.98944189  -5.99692623   0.99952406  -1.9987922 ], Best Fitness = 15.630404619063171, Evaluations = 6656
Generation 105: Best Solution = [  3.9960783   -8.98824685  -8.99091313   5.98989563  -1.99404396
 -15.98578908   7.98758462  -5.99466457   0.99796792  -1.99369005], Best Fitness = 15.630651078072546, Evaluations = 6720
Generation 106: Best Solution = [  3.9963702   -8.98625993  -8.99252103   5.99471056  -2.00131867
 -15.98046966   7.99090737  -5.98993204   0.99884184  -1.9978855 ], Best Fitness = 15.63053395629684, Evaluations = 6784
Generation 107: Best Solution = [  3.99710185  -8.98959998  -8.98813135   5.99304412  -1.99867044
 -15.98455837   7.99389735  -5.99078451   0.99542286  -2.00152827], Best Fitness = 15.630518260861262, Evaluations = 6848
Generation 108: Best Solution = [  3.99983369  -8.99012546  -8.99297699   5.99926767  -1.99808499
 -15.98240298   7.99099166  -5.9929272    0.99770923  -1.99575644], Best Fitness = 15.630583724701877, Evaluations = 6912
Generation 109: Best Solution = [  3.99693049  -8.98844072  -8.99037619   5.99339563  -1.99418016
 -15.98707908   7.9902901   -5.9902661    0.99492451  -1.99525747], Best Fitness = 15.63062927232587, Evaluations = 6976
Generation 110: Best Solution = [  3.99481139  -8.99134526  -8.98757595   5.99550603  -1.99813908
 -15.98347481   7.99121925  -5.99669439   0.99993679  -1.99871239], Best Fitness = 15.630380636951175, Evaluations = 7040
Generation 111: Best Solution = [  3.99430651  -8.98983221  -8.98890984   5.99515376  -1.99687463
 -15.98477909   7.98726574  -5.9966684    0.99765688  -1.99382219], Best Fitness = 15.63054689129784, Evaluations = 7104
Generation 112: Best Solution = [  3.99355084  -8.98948787  -8.98931228   5.99414391  -1.9971099
 -15.9865353    7.99037399  -5.99237931   0.99788753  -1.998783  ], Best Fitness = 15.630382050672935, Evaluations = 7168
Generation 113: Best Solution = [  3.99307839  -8.98755547  -8.99048408   5.99052187  -1.99702233
 -15.97833171   7.99538952  -5.99431855   1.00148662  -1.9974744 ], Best Fitness = 15.630606476081947, Evaluations = 7232
Generation 114: Best Solution = [  3.99221156  -8.99107945  -8.99059321   5.99307603  -2.00047384
 -15.97784032   7.99257282  -5.9919765    0.99756669  -1.99649106], Best Fitness = 15.630523078543565, Evaluations = 7296
Generation 115: Best Solution = [  3.99842971  -8.99168911  -8.99188708   5.99023461  -1.99660033
 -15.98763462   7.99628931  -5.99361598   0.99886249  -1.99745691], Best Fitness = 15.630626807120441, Evaluations = 7360
Generation 116: Best Solution = [  3.99309129  -8.9912422   -8.98689385   5.9950909   -2.00251187
 -15.97997872   7.99251163  -5.99243625   1.00167692  -1.99788988], Best Fitness = 15.630574445888204, Evaluations = 7424
Generation 117: Best Solution = [  3.98795693  -8.99393355  -8.99105275   5.99444312  -1.99988096
 -15.98302366   7.99239433  -5.99542421   0.99954554  -1.99793116], Best Fitness = 15.630690843786894, Evaluations = 7488
Generation 118: Best Solution = [  3.99633719  -8.98440271  -8.98886949   5.99361784  -1.99706918
 -15.98093342   7.99465602  -5.99330872   1.00250099  -1.99936964], Best Fitness = 15.630606233765725, Evaluations = 7552
Generation 119: Best Solution = [  3.99721098  -8.98910066  -8.987008     5.99377076  -1.99573805
 -15.98367149   7.98993163  -5.99135054   0.998884    -1.99866715], Best Fitness = 15.630394226103933, Evaluations = 7616
Generation 120: Best Solution = [  3.99349644  -8.99111565  -8.98671481   5.99235504  -1.9963142
 -15.98420581   7.99481534  -5.99123066   0.99920935  -1.99922252], Best Fitness = 15.630477134987823, Evaluations = 7680
Generation 121: Best Solution = [  4.00048221  -8.99102565  -8.99303952   5.99554086  -1.99977483
 -15.9828369    7.99064872  -5.99039643   0.99925982  -1.99905115], Best Fitness = 15.630514292622731, Evaluations = 7744
Generation 122: Best Solution = [  3.99342553  -8.98541821  -8.99111689   5.99573328  -1.99967501
 -15.9839073    7.99036462  -5.99112535   0.99910217  -1.99647369], Best Fitness = 15.630503133986371, Evaluations = 7808
Generation 123: Best Solution = [  3.99590042  -8.99085675  -8.99128846   5.99345989  -1.99732251
 -15.98035219   7.98693812  -5.99441717   1.00169754  -1.99625515], Best Fitness = 15.63045073117876, Evaluations = 7872
Generation 124: Best Solution = [  3.99568371  -8.99043171  -8.99329253   5.99943241  -1.99822787
 -15.98217055   7.99388978  -5.99310689   0.99564081  -1.99436572], Best Fitness = 15.630636131349952, Evaluations = 7936
Generation 125: Best Solution = [  3.99455358  -8.99288812  -8.98846717   5.99562624  -2.0003575
 -15.98278872   7.98861953  -5.99299621   1.00096929  -2.00143482], Best Fitness = 15.630496566478461, Evaluations = 8000
Generation 126: Best Solution = [  3.99490526  -8.99268458  -8.99073665   5.99406069  -1.99789355
 -15.9862833    7.98928166  -5.99881085   0.9994017   -1.99693689], Best Fitness = 15.630521803092783, Evaluations = 8064
Generation 127: Best Solution = [  3.99334025  -8.98816854  -8.98948111   5.99274581  -1.99778715
 -15.98100064   7.99546735  -5.99459205   0.99694715  -1.99910771], Best Fitness = 15.630448070621862, Evaluations = 8128
Generation 128: Best Solution = [  3.99541399  -8.99018321  -8.99008206   5.99290895  -1.99622855
 -15.98056962   7.99483914  -5.99577398   0.99884483  -2.00181515], Best Fitness = 15.630462025988209, Evaluations = 8192
Generation 129: Best Solution = [  3.99053985  -8.9885307   -8.99175737   5.99358055  -1.99755877
 -15.98105381   7.98991237  -5.99308793   1.00250145  -1.99602166], Best Fitness = 15.630532645435991, Evaluations = 8256
Generation 130: Best Solution = [  3.99605034  -8.98600119  -8.99220025   5.99189297  -1.99859424
 -15.9813143    7.99258971  -5.99260108   0.9967358   -1.99880864], Best Fitness = 15.630437231832804, Evaluations = 8320
Generation 131: Best Solution = [  3.99884148  -8.98945446  -8.9930492    5.99618179  -1.99536993
 -15.98189653   7.99353587  -5.98960922   0.9977115   -1.99585248], Best Fitness = 15.630552426667354, Evaluations = 8384
Generation 132: Best Solution = [  3.99358661  -8.991973    -8.98617734   5.99388919  -1.99464198
 -15.98014304   7.99208341  -5.99695158   1.00284099  -2.00106283], Best Fitness = 15.630670786770086, Evaluations = 8448
Generation 133: Best Solution = [  3.99363269  -8.98618333  -8.98762224   5.99391333  -1.99859552
 -15.98331658   7.99419021  -5.99789248   1.00217441  -1.99375124], Best Fitness = 15.630693486917016, Evaluations = 8512
Generation 134: Best Solution = [  3.99260324  -8.99256146  -8.99505756   5.99163246  -2.00034549
 -15.98279311   7.98964042  -5.99214605   0.99524437  -1.99654563], Best Fitness = 15.630604876517182, Evaluations = 8576
Generation 135: Best Solution = [  3.99464434  -8.9910294   -8.99340039   5.99372336  -1.99806006
 -15.9816574    7.99191461  -5.99181248   1.00052615  -1.99513282], Best Fitness = 15.630382101695707, Evaluations = 8640
Generation 136: Best Solution = [  3.9982674   -8.98918984  -8.99192962   5.99996358  -1.99578203
 -15.98108129   7.99045526  -5.99244846   0.99809554  -1.99827152], Best Fitness = 15.630575262439057, Evaluations = 8704
Generation 137: Best Solution = [  3.99479634  -8.99215811  -8.99240482   5.99156798  -2.00150356
 -15.98386995   7.99007331  -5.99588085   0.99603306  -1.99824745], Best Fitness = 15.630472649275138, Evaluations = 8768
Generation 138: Best Solution = [  3.99287949  -8.99080719  -8.98989134   5.99741096  -1.99667944
 -15.98114711   7.9913892   -5.98900125   0.99392635  -1.99976107], Best Fitness = 15.63065630566807, Evaluations = 8832
Generation 139: Best Solution = [  3.99418962  -8.99308336  -8.99463811   5.99387908  -1.99872576
 -15.98521823   7.99249926  -5.99683474   0.99870228  -1.99732996], Best Fitness = 15.630496765822016, Evaluations = 8896
Generation 140: Best Solution = [  4.00090553  -8.99298542  -8.98867423   5.997467    -1.99692985
 -15.98219693   7.99386937  -5.99230932   1.00114972  -1.99430972], Best Fitness = 15.630664708329912, Evaluations = 8960
Generation 141: Best Solution = [  3.99457086  -8.98884479  -8.98810237   5.99150119  -1.99665619
 -15.98387093   7.99436434  -5.99576194   0.99654037  -1.99508905], Best Fitness = 15.630471147069839, Evaluations = 9024
Generation 142: Best Solution = [  3.99076922  -8.98841503  -8.99050692   5.99483783  -1.99623294
 -15.98170094   7.9963523   -5.99310259   0.99786594  -1.99960874], Best Fitness = 15.630579166616506, Evaluations = 9088
Generation 143: Best Solution = [  3.99744366  -8.9915844   -8.98910167   5.99334602  -2.00003481
 -15.98832682   7.98753776  -5.99788937   1.00031138  -1.99977426], Best Fitness = 15.630676458011276, Evaluations = 9152
Generation 144: Best Solution = [  3.99797181  -8.98900456  -8.9892219    5.99542582  -1.99870532
 -15.98613145   7.99370757  -5.99289648   0.99453287  -1.99917812], Best Fitness = 15.63051334850792, Evaluations = 9216
Generation 145: Best Solution = [  3.99602142  -8.99135523  -8.98853834   5.99680574  -1.99675063
 -15.98603553   7.98927844  -5.99124948   0.99687202  -2.00078021], Best Fitness = 15.630508440568654, Evaluations = 9280
Generation 146: Best Solution = [  3.99613908  -8.99168944  -8.9905326    5.99451512  -1.99849577
 -15.9842083    7.99469034  -5.99197401   0.99895089  -2.00222135], Best Fitness = 15.630446326744469, Evaluations = 9344
Generation 147: Best Solution = [  3.99621056  -8.99564599  -8.98781217   5.9903056   -1.99654441
 -15.97966071   7.99196503  -5.99104587   0.99843225  -1.99714426], Best Fitness = 15.630589197929861, Evaluations = 9408
Generation 148: Best Solution = [  3.99222059  -8.99243313  -8.9870704    5.99221374  -1.9953046
 -15.98480534   7.9905223   -5.99091529   0.99651087  -2.00324833], Best Fitness = 15.630685776964796, Evaluations = 9472
Generation 149: Best Solution = [  3.99536985  -8.9926654   -8.9909587    5.99596332  -1.99938329
 -15.9865612    7.98872765  -5.99227831   1.0018889   -1.99864835], Best Fitness = 15.630492773332985, Evaluations = 9536
Generation 150: Best Solution = [  3.99237092  -8.99243802  -8.99173939   5.9913047   -1.99723143
 -15.98282723   7.98658042  -5.99310793   0.99870508  -1.99510115], Best Fitness = 15.630534960737718, Evaluations = 9600
Generation 151: Best Solution = [  3.99646268  -8.99351609  -8.99066328   5.99260271  -1.99695346
 -15.98514566   7.9912248   -5.99177293   0.99755405  -2.00088726], Best Fitness = 15.630417555563675, Evaluations = 9664
Generation 152: Best Solution = [  3.99384677  -8.98698896  -8.99276744   5.9909663   -1.99568587
 -15.98547572   7.99289763  -5.99129767   0.99771496  -1.994953  ], Best Fitness = 15.630546725338167, Evaluations = 9728
Generation 153: Best Solution = [  3.99322788  -8.98921102  -8.9917035    5.99332731  -1.99442301
 -15.98590461   7.99374682  -5.99027263   0.9976721   -1.99751887], Best Fitness = 15.630505420745315, Evaluations = 9792
Generation 154: Best Solution = [  3.99725528  -8.98984466  -8.98823337   5.99094626  -1.99668717
 -15.98571736   7.98625109  -5.99605489   0.99679674  -1.9978907 ], Best Fitness = 15.630572272296499, Evaluations = 9856
Generation 155: Best Solution = [  3.99326509  -8.98728723  -8.99017964   5.99099408  -1.99820908
 -15.98249881   7.99527556  -5.99139891   0.99798521  -2.00006589], Best Fitness = 15.630499184929448, Evaluations = 9920
Generation 156: Best Solution = [  3.99551758  -8.99250283  -8.99391459   5.99578296  -1.9970276
 -15.9804765    7.986692    -5.99081691   1.00051658  -1.9969169 ], Best Fitness = 15.630575397997331, Evaluations = 9984
Generation 157: Best Solution = [  3.99590961  -8.99314798  -8.99377473   5.99788819  -1.99941087
 -15.9822496    7.99145514  -5.99287573   1.00052731  -1.99715225], Best Fitness = 15.630483984323561, Evaluations = 10048
