Algorithm: Cross-Entropy Method
Objective Function: Rastrigin
Dimension: 10
Population Size: 32
Max Evaluations: 10000

Generation 1: Best Solution = [-3.2901182  -0.13027926  2.99410841 -0.65950062  1.03722065 -5.12
 -0.67033644 -0.56748801 -1.91758614 -1.24010451], Best Fitness = 132.1566285308442, Evaluations = 32
Generation 2: Best Solution = [-1.02494874 -0.65708307  0.8930632  -0.89209602 -0.14907928 -4.06610015
 -0.3231019  -3.99071219 -0.33403771  0.87623343], Best Fitness = 93.84908267901011, Evaluations = 64
Generation 3: Best Solution = [-0.16931417  1.90979323  1.75404038 -1.95175541  0.70453294 -4.94533546
 -0.01484265 -2.24094399 -2.75803294 -2.14914563], Best Fitness = 106.12404795300914, Evaluations = 96
Generation 4: Best Solution = [-0.1093476   2.27664309  1.7867565  -2.79200998 -0.98788773 -4.99703259
 -1.09483811 -3.81198896 -2.02454262 -1.12428102], Best Fitness = 103.23159103357874, Evaluations = 128
Generation 5: Best Solution = [-0.94152929  0.04037499  1.05900853 -1.08556781  2.25254654 -3.93047509
  0.1449235  -2.56430595 -0.01522591 -2.07698596], Best Fitness = 73.05303000087119, Evaluations = 160
Generation 6: Best Solution = [-1.35216862  0.11522925  0.85998673 -1.80438775  0.86521632 -3.81268863
 -0.15458231 -3.07995346  0.2135729  -0.94707092], Best Fitness = 83.75697104191063, Evaluations = 192
Generation 7: Best Solution = [-0.89630458  0.25612169  1.06822817 -1.00096262  0.98566114 -3.99970554
 -0.11197526 -2.76731056 -1.05041737 -1.77095932], Best Fitness = 65.74357459836367, Evaluations = 224
Generation 8: Best Solution = [-0.09552622  0.83353839  1.02117438 -1.01090781  0.10622979 -4.15520204
 -0.15561122 -3.01794869 -1.87003436 -1.7720077 ], Best Fitness = 65.44820098076566, Evaluations = 256
Generation 9: Best Solution = [ 0.11520801  1.03785342  1.03744577 -1.00017208  0.31081589 -4.22861245
 -0.16343327 -3.00965464 -2.00063065 -2.02388504], Best Fitness = 68.73780050899887, Evaluations = 288
Generation 10: Best Solution = [-1.11176424 -0.23979643  1.02135036 -1.10078138  0.36776915 -3.85301967
 -0.03083061 -3.121751    0.01107671 -0.98045132], Best Fitness = 66.77605393943202, Evaluations = 320
Generation 11: Best Solution = [-1.0354518  -0.12098414  1.04008977 -1.10561327  0.32186465 -3.8774914
 -0.05409604 -3.0833874  -0.19533457 -1.03688328], Best Fitness = 60.58643739643497, Evaluations = 352
Generation 12: Best Solution = [-1.05229842 -0.15079067  1.03964281 -1.16957046  0.25881373 -3.8770976
 -0.03880395 -3.09539504 -0.05658698 -0.94658997], Best Fitness = 55.936845177514456, Evaluations = 384
Generation 13: Best Solution = [-0.97189766 -0.10847964  1.03766575 -1.14568327  0.10282905 -3.9054723
 -0.05166784 -3.13505515 -0.14564916 -0.91590246], Best Fitness = 48.78078896447302, Evaluations = 416
Generation 14: Best Solution = [-0.96969522 -0.10153169  1.05067753 -1.09398275  0.05894351 -3.90766843
 -0.06274604 -3.11762272 -0.21215164 -0.94238303], Best Fitness = 47.507473172686346, Evaluations = 448
Generation 15: Best Solution = [-0.97372043 -0.11965531  1.04174682 -1.12433392  0.03537487 -3.90688538
 -0.05094851 -3.13659206 -0.13984834 -0.89247766], Best Fitness = 47.00111047923945, Evaluations = 480
Generation 16: Best Solution = [-0.98308597 -0.11482336  1.04436173 -1.1147104   0.06876059 -3.90319005
 -0.05309546 -3.12567105 -0.1578236  -0.91627618], Best Fitness = 46.711887921305, Evaluations = 512
Generation 17: Best Solution = [-0.96442759 -0.09792162  1.04215036 -1.11573719  0.08880127 -3.91002637
 -0.05356981 -3.11224271 -0.16600615 -0.9395168 ], Best Fitness = 45.82335773137771, Evaluations = 544
Generation 18: Best Solution = [-0.97069768 -0.10509399  1.04784228 -1.12125334  0.09077644 -3.9050927
 -0.04799028 -3.10795338 -0.14410991 -0.92424454], Best Fitness = 45.49909953999007, Evaluations = 576
Generation 19: Best Solution = [-0.96793449 -0.11480971  1.0518004  -1.10935688  0.09219195 -3.9093536
 -0.05250295 -3.10088792 -0.15127625 -0.93008034], Best Fitness = 45.400823889307816, Evaluations = 608
Generation 20: Best Solution = [-0.96688875 -0.10788365  1.05408774 -1.10382403  0.08736072 -3.91128274
 -0.04735541 -3.11016563 -0.14803973 -0.93082974], Best Fitness = 44.87362351669529, Evaluations = 640
Generation 21: Best Solution = [-0.95978828 -0.11571216  1.04792016 -1.09811128  0.082449   -3.90461721
 -0.06096561 -3.09735716 -0.14696943 -0.92306922], Best Fitness = 44.8067081231435, Evaluations = 672
Generation 22: Best Solution = [-0.96612348 -0.10590969  1.04196114 -1.10131923  0.08459402 -3.90089859
 -0.04670023 -3.11345625 -0.13889956 -0.92840319], Best Fitness = 44.3944933703218, Evaluations = 704
Generation 23: Best Solution = [-0.96052382 -0.11964584  1.05994179 -1.09603264  0.08380614 -3.91711356
 -0.04573787 -3.08596268 -0.14627614 -0.92822566], Best Fitness = 43.93685449313769, Evaluations = 736
Generation 24: Best Solution = [-0.95942339 -0.09487479  1.04166978 -1.09946964  0.09184105 -3.91165558
 -0.04553507 -3.0965804  -0.13772029 -0.92374696], Best Fitness = 43.22976800526388, Evaluations = 768
Generation 25: Best Solution = [-0.96231569 -0.10382384  1.03471992 -1.09794609  0.08647043 -3.9136856
 -0.05533425 -3.10366705 -0.13610273 -0.94294365], Best Fitness = 43.08026193952531, Evaluations = 800
Generation 26: Best Solution = [-0.95764513 -0.11491773  1.04670726 -1.08337383  0.07274575 -3.91797839
 -0.05234888 -3.09648002 -0.13721117 -0.93237872], Best Fitness = 42.67466634851694, Evaluations = 832
Generation 27: Best Solution = [-0.95999971 -0.10230865  1.04658165 -1.09557629  0.06832569 -3.89875788
 -0.05008162 -3.08720949 -0.12218026 -0.91810873], Best Fitness = 42.226921297586856, Evaluations = 864
Generation 28: Best Solution = [-0.95596128 -0.10748651  1.04429201 -1.08446974  0.06577626 -3.91476621
 -0.0584204  -3.0855016  -0.12566506 -0.92596649], Best Fitness = 41.592559136287605, Evaluations = 896
Generation 29: Best Solution = [-0.96082895 -0.10485522  1.0476853  -1.08693315  0.073766   -3.91915704
 -0.04802673 -3.08575708 -0.12089108 -0.92898087], Best Fitness = 41.18933231901542, Evaluations = 928
Generation 30: Best Solution = [-0.96017506 -0.10334442  1.05762757 -1.09179378  0.07228254 -3.92657145
 -0.04352195 -3.08055076 -0.11853459 -0.94166252], Best Fitness = 40.66783731578947, Evaluations = 960
Generation 31: Best Solution = [-0.95431236 -0.09454075  1.04757265 -1.09044981  0.06016547 -3.91186309
 -0.05101001 -3.08219152 -0.11669588 -0.93772263], Best Fitness = 40.38502646704906, Evaluations = 992
Generation 32: Best Solution = [-0.9641872  -0.09590302  1.0486317  -1.07974695  0.06168448 -3.91989454
 -0.04402453 -3.0822855  -0.11948886 -0.9448371 ], Best Fitness = 39.640989484858416, Evaluations = 1024
Generation 33: Best Solution = [-0.96042979 -0.09349631  1.05175383 -1.07891986  0.06581757 -3.92720356
 -0.04588345 -3.08344615 -0.10765608 -0.93764158], Best Fitness = 39.32817382878759, Evaluations = 1056
Generation 34: Best Solution = [-0.97022109 -0.08808326  1.06012579 -1.08699452  0.05302957 -3.9296935
 -0.04532898 -3.08517106 -0.10881089 -0.94443421], Best Fitness = 39.115058831837146, Evaluations = 1088
Generation 35: Best Solution = [-0.96892789 -0.09451069  1.0508097  -1.07879557  0.05463419 -3.92555301
 -0.04330328 -3.0796134  -0.106868   -0.93816426], Best Fitness = 38.78111558577625, Evaluations = 1120
Generation 36: Best Solution = [-0.96310626 -0.09479123  1.04880448 -1.07778849  0.05193541 -3.92979852
 -0.0491385  -3.07377548 -0.10529072 -0.94135144], Best Fitness = 38.41249787866937, Evaluations = 1152
Generation 37: Best Solution = [-0.9660092  -0.08907733  1.05214915 -1.07828218  0.04232888 -3.93277189
 -0.05534388 -3.0757636  -0.10450806 -0.94251513], Best Fitness = 38.17808205592138, Evaluations = 1184
Generation 38: Best Solution = [-0.95777681 -0.08774861  1.04371627 -1.07662834  0.0445727  -3.9236711
 -0.05369618 -3.0705804  -0.09638166 -0.94527264], Best Fitness = 37.66074900975019, Evaluations = 1216
Generation 39: Best Solution = [-0.97209616 -0.08793989  1.05621292 -1.06855524  0.04568473 -3.93002523
 -0.04821145 -3.07629213 -0.09094241 -0.94715087], Best Fitness = 37.27813077564871, Evaluations = 1248
Generation 40: Best Solution = [-0.96670374 -0.0868982   1.04707305 -1.06461769  0.04735598 -3.92498389
 -0.04095651 -3.07171008 -0.09247494 -0.94943313], Best Fitness = 36.84439564925799, Evaluations = 1280
Generation 41: Best Solution = [-0.96785802 -0.07985944  1.05242236 -1.06373019  0.0424281  -3.93002369
 -0.04499823 -3.06905683 -0.08837279 -0.9418606 ], Best Fitness = 36.49995233809103, Evaluations = 1312
Generation 42: Best Solution = [-0.96311359 -0.07132097  1.05392241 -1.0778929   0.04146189 -3.92232449
 -0.04128123 -3.06622797 -0.08029391 -0.95805509], Best Fitness = 36.200477077088706, Evaluations = 1344
Generation 43: Best Solution = [-0.96433151 -0.06342332  1.05874605 -1.08063049  0.03113627 -3.91510804
 -0.03963245 -3.06241179 -0.07865352 -0.96610833], Best Fitness = 35.904226707242415, Evaluations = 1376
Generation 44: Best Solution = [-0.96355183 -0.07774145  1.04095064 -1.05378236  0.04192708 -3.91655589
 -0.03516179 -3.06484488 -0.07595237 -0.9439138 ], Best Fitness = 35.567867695137764, Evaluations = 1408
Generation 45: Best Solution = [-0.96483169 -0.07054892  1.04068389 -1.05356855  0.03692768 -3.91943717
 -0.03668055 -3.0598411  -0.0766605  -0.94665765], Best Fitness = 35.03310826822651, Evaluations = 1440
Generation 46: Best Solution = [-0.97667152 -0.06521261  1.0520607  -1.06043352  0.03296716 -3.92403121
 -0.04496895 -3.05874033 -0.0776705  -0.96142514], Best Fitness = 34.9154825661557, Evaluations = 1472
Generation 47: Best Solution = [-0.98536191 -0.08012629  1.02705151 -1.05663033  0.03347183 -3.93127211
 -0.03982277 -3.05970553 -0.0707194  -0.95390784], Best Fitness = 34.46918741481937, Evaluations = 1504
Generation 48: Best Solution = [-0.97009347 -0.06689893  1.02956183 -1.05566465  0.03087348 -3.91403763
 -0.03635065 -3.05649683 -0.06592482 -0.95428725], Best Fitness = 34.272654285623005, Evaluations = 1536
Generation 49: Best Solution = [-0.96877751 -0.08008585  1.02167312 -1.04862139  0.03250349 -3.92334019
 -0.03320269 -3.05211043 -0.06216668 -0.95775   ], Best Fitness = 33.903746794818815, Evaluations = 1568
Generation 50: Best Solution = [-0.96962203 -0.07131636  1.02188134 -1.04821002  0.03102055 -3.92578455
 -0.02790756 -3.05465008 -0.06564426 -0.96494361], Best Fitness = 33.5609090770302, Evaluations = 1600
Generation 51: Best Solution = [-0.97423389 -0.07432881  1.01457117 -1.04413139  0.03642783 -3.92807041
 -0.02994047 -3.04651217 -0.05842612 -0.96514531], Best Fitness = 33.118200086603466, Evaluations = 1632
Generation 52: Best Solution = [-0.98181792 -0.06153975  1.02606537 -1.04632874  0.02795864 -3.93478529
 -0.02994965 -3.0435539  -0.06770254 -0.9631066 ], Best Fitness = 32.841980324259424, Evaluations = 1664
Generation 53: Best Solution = [-0.9818755  -0.067517    1.01384886 -1.03824749  0.03012765 -3.93352527
 -0.03603292 -3.0369956  -0.0649471  -0.95989056], Best Fitness = 32.67409098641485, Evaluations = 1696
Generation 54: Best Solution = [-0.97149933 -0.06280902  1.0103328  -1.04350354  0.01827293 -3.939926
 -0.02939488 -3.03671651 -0.06846682 -0.95258905], Best Fitness = 32.592635354962994, Evaluations = 1728
Generation 55: Best Solution = [-0.98800062 -0.06445646  1.01801921 -1.03204306  0.02479822 -3.93351988
 -0.03009364 -3.04883817 -0.05582845 -0.96377749], Best Fitness = 32.3797541938775, Evaluations = 1760
Generation 56: Best Solution = [-0.98175441 -0.05429052  1.01139602 -1.05016251  0.01865068 -3.93267182
 -0.02029388 -3.04315835 -0.05049375 -0.96254371], Best Fitness = 32.08056638917455, Evaluations = 1792
Generation 57: Best Solution = [-0.97432424 -0.0535087   1.00835108 -1.04128915  0.01957253 -3.93202669
 -0.01915129 -3.0426965  -0.051497   -0.96487803], Best Fitness = 31.909757219490643, Evaluations = 1824
Generation 58: Best Solution = [-0.97817003 -0.05168854  1.01714233 -1.03684559  0.03215231 -3.94309192
 -0.02606512 -3.03965714 -0.04787159 -0.963728  ], Best Fitness = 31.716811848229227, Evaluations = 1856
Generation 59: Best Solution = [-0.97731087 -0.05116737  1.01128179 -1.04136455  0.02992193 -3.93932745
 -0.02368409 -3.03695696 -0.04151767 -0.96871945], Best Fitness = 31.526492512504504, Evaluations = 1888
Generation 60: Best Solution = [-0.9722112  -0.04730727  1.01504445 -1.03275078  0.02974653 -3.93949594
 -0.0220573  -3.03619963 -0.04046638 -0.96807662], Best Fitness = 31.33233905741895, Evaluations = 1920
Generation 61: Best Solution = [-0.97680236 -0.05181153  1.02319169 -1.03723898  0.02361204 -3.94081801
 -0.01592927 -3.0345748  -0.03598635 -0.97028813], Best Fitness = 31.278254681454314, Evaluations = 1952
Generation 62: Best Solution = [-0.97260178 -0.05267566  1.01520059 -1.03723766  0.02083897 -3.94431212
 -0.01443282 -3.03175839 -0.036148   -0.97006152], Best Fitness = 31.120187842225207, Evaluations = 1984
Generation 63: Best Solution = [-0.97565912 -0.04912853  1.0141413  -1.03300766  0.02673657 -3.95041389
 -0.02722771 -3.03394219 -0.02739896 -0.96918945], Best Fitness = 30.97448726551039, Evaluations = 2016
Generation 64: Best Solution = [-0.97274061 -0.03910359  1.00948545 -1.03470914  0.02758972 -3.94581281
 -0.01466512 -3.02713056 -0.02680863 -0.96993994], Best Fitness = 30.64474902909241, Evaluations = 2048
Generation 65: Best Solution = [-0.97022967 -0.03602386  1.01536313 -1.03434347  0.01721145 -3.94984117
 -0.00854076 -3.0248695  -0.02538716 -0.96616831], Best Fitness = 30.476225732709054, Evaluations = 2080
Generation 66: Best Solution = [-0.97845084 -0.03971801  1.00350931 -1.02860112  0.02919726 -3.94684883
 -0.01882043 -3.02675501 -0.02695814 -0.98181221], Best Fitness = 30.432931914245202, Evaluations = 2112
Generation 67: Best Solution = [-0.97880672 -0.03047796  1.00739297 -1.02061102  0.02189467 -3.94888069
 -0.01370302 -3.0272951  -0.02700048 -0.96602077], Best Fitness = 30.234321002145577, Evaluations = 2144
Generation 68: Best Solution = [-0.97872521 -0.0278359   1.00616727 -1.02693042  0.02711118 -3.95486461
 -0.01649924 -3.02215678 -0.02393212 -0.96754663], Best Fitness = 30.144471325721184, Evaluations = 2176
Generation 69: Best Solution = [-0.98344965 -0.02717653  1.01150686 -1.01643934  0.0307661  -3.95981327
 -0.01412643 -3.01674278 -0.02333238 -0.96468355], Best Fitness = 29.966703024831702, Evaluations = 2208
Generation 70: Best Solution = [-0.98590111 -0.03519818  1.00284648 -1.01735614  0.01849843 -3.95556491
 -0.01196474 -3.02430892 -0.0264144  -0.98058767], Best Fitness = 29.924451805111318, Evaluations = 2240
Generation 71: Best Solution = [-0.99009641 -0.02550055  1.00334243 -1.01424986  0.02618873 -3.95243021
 -0.01231957 -3.00966281 -0.02744645 -0.97114808], Best Fitness = 29.76953411908545, Evaluations = 2272
Generation 72: Best Solution = [-0.98464703 -0.031107    1.00267544 -1.01478346  0.02096978 -3.96527944
 -0.01209264 -3.0189932  -0.01875061 -0.97832847], Best Fitness = 29.66842701207787, Evaluations = 2304
Generation 73: Best Solution = [-0.98651921 -0.03074651  0.99829656 -1.01464953  0.02550075 -3.9551307
 -0.00466612 -3.01169704 -0.01555442 -0.97974313], Best Fitness = 29.62200723723521, Evaluations = 2336
Generation 74: Best Solution = [-9.84390217e-01 -2.75213192e-02  9.95326620e-01 -1.00469361e+00
  1.33107931e-02 -3.94990453e+00 -1.09701267e-03 -3.00957366e+00
 -2.63705627e-02 -9.80596114e-01], Best Fitness = 29.553192513672286, Evaluations = 2368
Generation 75: Best Solution = [-0.98688569 -0.02959398  0.99869299 -1.01044293  0.01365276 -3.95227512
 -0.00592708 -3.0041097  -0.02021404 -0.98013161], Best Fitness = 29.479447906159535, Evaluations = 2400
Generation 76: Best Solution = [-9.84797932e-01 -2.62709331e-02  9.98020036e-01 -1.00923411e+00
  1.49124632e-02 -3.95637080e+00  1.04601324e-03 -3.00289955e+00
 -2.36681887e-02 -9.85238866e-01], Best Fitness = 29.3984577957836, Evaluations = 2432
Generation 77: Best Solution = [-0.99534557 -0.01483859  1.00346326 -1.00661838  0.01296051 -3.9507657
 -0.00719453 -2.99931484 -0.0203986  -0.98073094], Best Fitness = 29.310129225299463, Evaluations = 2464
Generation 78: Best Solution = [-9.92070566e-01 -1.95598781e-02  1.00275640e+00 -1.00474091e+00
  8.03085775e-03 -3.95440282e+00 -3.78640207e-03 -3.00507119e+00
 -1.29171314e-02 -9.83671950e-01], Best Fitness = 29.242721280450567, Evaluations = 2496
Generation 79: Best Solution = [-9.85271457e-01 -1.97702286e-02  1.00105254e+00 -1.00303190e+00
  9.18122401e-03 -3.96545439e+00  2.77543929e-03 -3.00399080e+00
 -1.60186295e-02 -9.82680390e-01], Best Fitness = 29.181708411859645, Evaluations = 2528
Generation 80: Best Solution = [-9.89373451e-01 -1.37752999e-02  1.00087299e+00 -1.00420087e+00
  7.03742934e-03 -3.96749699e+00  2.98548124e-03 -3.00222869e+00
 -1.16617578e-02 -9.83264749e-01], Best Fitness = 29.076367722398714, Evaluations = 2560
Generation 81: Best Solution = [-0.98487828 -0.01128108  0.99046498 -0.99976848  0.00707009 -3.96704608
  0.01194811 -2.99727051 -0.01314481 -0.98578048], Best Fitness = 29.059118135989863, Evaluations = 2592
Generation 82: Best Solution = [-9.90520081e-01 -9.78131248e-03  9.96311912e-01 -1.00262157e+00
  3.43014177e-03 -3.96138971e+00  5.92527614e-04 -2.99170881e+00
 -1.20229189e-02 -9.90898730e-01], Best Fitness = 28.998381624333064, Evaluations = 2624
Generation 83: Best Solution = [-9.89948577e-01 -5.07347198e-03  9.92777769e-01 -1.00331856e+00
  4.39695527e-03 -3.96697362e+00  1.33293978e-04 -2.99794279e+00
 -1.49556660e-02 -9.92673292e-01], Best Fitness = 28.993848423567286, Evaluations = 2656
Generation 84: Best Solution = [-9.89358420e-01  1.24468368e-03  9.95113645e-01 -1.00249362e+00
  1.84166095e-03 -3.97895105e+00  4.95276811e-04 -3.00029079e+00
 -8.97970786e-03 -9.92586517e-01], Best Fitness = 28.93659824029912, Evaluations = 2688
Generation 85: Best Solution = [-9.95063211e-01 -2.40254105e-03  9.93573937e-01 -1.00359887e+00
  7.53698326e-03 -3.97395667e+00 -2.21399314e-03 -2.99251846e+00
 -8.91477306e-03 -9.86893965e-01], Best Fitness = 28.929190700780325, Evaluations = 2720
Generation 86: Best Solution = [-9.93535247e-01  1.70984746e-03  1.00074107e+00 -1.00815609e+00
  5.28126077e-03 -3.97559766e+00 -3.52509096e-03 -2.98621086e+00
  9.05212033e-04 -9.88171603e-01], Best Fitness = 28.91693963318916, Evaluations = 2752
Generation 87: Best Solution = [-9.95652115e-01 -2.95153954e-03  1.00297878e+00 -1.00306683e+00
  1.57706530e-03 -3.97361706e+00 -8.07531577e-04 -2.99415146e+00
  6.14681311e-04 -9.93867930e-01], Best Fitness = 28.90680173911666, Evaluations = 2784
Generation 88: Best Solution = [-9.97504911e-01 -1.23742350e-04  1.00129932e+00 -9.94568533e-01
  7.34728108e-03 -3.97237194e+00  3.02998930e-03 -2.98681071e+00
 -2.71677929e-03 -9.88667503e-01], Best Fitness = 28.896355586417442, Evaluations = 2816
Generation 89: Best Solution = [-9.92442173e-01  3.03984307e-03  9.95415326e-01 -9.99338952e-01
  2.82426350e-03 -3.97793184e+00 -1.61709611e-03 -2.98692679e+00
 -1.18776192e-03 -9.95580397e-01], Best Fitness = 28.864596792977295, Evaluations = 2848
Generation 90: Best Solution = [-9.93014496e-01  1.33289502e-03  9.91099108e-01 -9.97701724e-01
  3.75118571e-03 -3.97920778e+00 -4.23515876e-03 -2.99134640e+00
 -5.28348682e-03 -9.97581221e-01], Best Fitness = 28.88087513246387, Evaluations = 2880
Generation 91: Best Solution = [-9.93249795e-01  5.77372500e-04  9.92056335e-01 -9.92463255e-01
 -3.22187481e-03 -3.97683861e+00  7.10176133e-04 -2.99002527e+00
  1.60083002e-03 -9.96458084e-01], Best Fitness = 28.867333287240214, Evaluations = 2912
Generation 92: Best Solution = [-9.95327727e-01  5.00992794e-04  9.96325920e-01 -9.89989197e-01
 -5.62943659e-04 -3.97959989e+00 -3.37993856e-03 -2.98667393e+00
 -1.47331984e-03 -9.90638105e-01], Best Fitness = 28.866143642988092, Evaluations = 2944
Generation 93: Best Solution = [-9.93446490e-01  9.06469505e-04  9.98391299e-01 -9.95226424e-01
  1.47459783e-03 -3.98082969e+00 -2.63303525e-03 -2.98794547e+00
 -3.10166238e-03 -9.93781378e-01], Best Fitness = 28.86274081227134, Evaluations = 2976
Generation 94: Best Solution = [-9.95490893e-01 -2.19697328e-03  9.95759838e-01 -9.96956280e-01
 -5.31722104e-04 -3.97974145e+00 -3.27248768e-03 -2.98204832e+00
  4.39395342e-03 -9.91641060e-01], Best Fitness = 28.86536233919017, Evaluations = 3008
Generation 95: Best Solution = [-9.91099170e-01  2.70143462e-04  9.93427526e-01 -9.93372056e-01
  2.85786880e-03 -3.97860425e+00 -4.89861762e-03 -2.98620156e+00
  2.28633865e-03 -9.92803207e-01], Best Fitness = 28.866582796943945, Evaluations = 3040
Generation 96: Best Solution = [-9.94579760e-01 -2.61740923e-04  9.92758403e-01 -9.94298984e-01
  1.51267422e-03 -3.98196508e+00 -1.03541797e-03 -2.98125718e+00
  7.61004333e-04 -9.88535289e-01], Best Fitness = 28.867220209875853, Evaluations = 3072
Generation 97: Best Solution = [-9.92559199e-01  1.06417962e-03  9.95370291e-01 -9.95621733e-01
  8.12431464e-04 -3.98009103e+00 -2.85974332e-03 -2.97733135e+00
 -5.46225220e-05 -9.93273846e-01], Best Fitness = 28.868666272136764, Evaluations = 3104
Generation 98: Best Solution = [-9.92295875e-01 -1.35002378e-03  9.98822227e-01 -1.00065988e+00
  1.78981677e-03 -3.98109414e+00 -5.50270692e-03 -2.98719547e+00
  2.53109479e-03 -9.93357040e-01], Best Fitness = 28.874697651306278, Evaluations = 3136
Generation 99: Best Solution = [-9.93638626e-01  7.44343116e-03  9.97412974e-01 -9.93950178e-01
 -2.33340659e-03 -3.97973098e+00 -2.31453379e-04 -2.98440143e+00
  7.59452901e-05 -9.89583291e-01], Best Fitness = 28.8732731190438, Evaluations = 3168
Generation 100: Best Solution = [-9.97862361e-01 -1.83549541e-03  9.93377626e-01 -9.96872219e-01
 -4.03538344e-04 -3.98108312e+00 -1.66650463e-03 -2.98459408e+00
  6.66575677e-03 -9.96417092e-01], Best Fitness = 28.867408328891784, Evaluations = 3200
Generation 101: Best Solution = [-1.00045159e+00  1.04798479e-03  9.94868517e-01 -9.98363458e-01
  3.35126850e-03 -3.98199555e+00 -1.21376008e-03 -2.98201633e+00
  2.12579578e-03 -9.96999297e-01], Best Fitness = 28.868981779080244, Evaluations = 3232
Generation 102: Best Solution = [-9.95052787e-01  1.20350827e-03  9.91255389e-01 -9.94954548e-01
 -3.18870145e-03 -3.97967221e+00 -1.30826467e-03 -2.98545257e+00
 -3.13358108e-03 -9.97032673e-01], Best Fitness = 28.861919622276673, Evaluations = 3264
Generation 103: Best Solution = [-9.98697068e-01  5.79778053e-04  9.93282484e-01 -9.93912335e-01
 -2.49798214e-03 -3.97885558e+00  1.59519004e-03 -2.98517351e+00
 -4.13530363e-03 -9.97671575e-01], Best Fitness = 28.864078302422683, Evaluations = 3296
Generation 104: Best Solution = [-9.93102973e-01  2.20467423e-03  9.96206669e-01 -9.94859695e-01
  1.67796561e-05 -3.97874240e+00  1.44372078e-03 -2.97974467e+00
 -4.34789693e-03 -9.98996989e-01], Best Fitness = 28.868404303491033, Evaluations = 3328
Generation 105: Best Solution = [-9.91432546e-01  1.34737617e-04  9.95612717e-01 -9.94237722e-01
 -2.31465977e-04 -3.98341776e+00 -4.00111384e-03 -2.98675070e+00
 -3.07657135e-04 -9.95674515e-01], Best Fitness = 28.86295511808514, Evaluations = 3360
Generation 106: Best Solution = [-9.93961875e-01 -2.03491334e-03  9.95522024e-01 -9.92848991e-01
  2.02658163e-03 -3.97805722e+00 -4.65588533e-03 -2.98989648e+00
  3.85648794e-04 -9.96086017e-01], Best Fitness = 28.86665113238648, Evaluations = 3392
Generation 107: Best Solution = [-9.95753221e-01  5.26649181e-03  9.94842401e-01 -9.96163664e-01
 -3.42415928e-03 -3.98189760e+00  1.67817498e-03 -2.98260707e+00
  1.92598013e-03 -9.93754775e-01], Best Fitness = 28.865385141729888, Evaluations = 3424
Generation 108: Best Solution = [-9.91539600e-01 -6.34414900e-06  9.96492543e-01 -9.97149409e-01
 -2.27401898e-04 -3.98323840e+00 -2.16955347e-03 -2.98504731e+00
 -2.73578481e-03 -9.92745567e-01], Best Fitness = 28.86317493441865, Evaluations = 3456
Generation 109: Best Solution = [-9.97185702e-01  7.26677112e-04  9.97300056e-01 -9.91870635e-01
  2.43047443e-03 -3.97981314e+00  1.84416392e-03 -2.98598372e+00
  3.59438856e-04 -9.96271699e-01], Best Fitness = 28.860213022413873, Evaluations = 3488
Generation 110: Best Solution = [-9.94742765e-01 -8.18396314e-04  9.94255155e-01 -9.95732894e-01
 -4.65829842e-04 -3.97544239e+00  2.20130725e-03 -2.98489890e+00
  1.62286749e-03 -9.97569482e-01], Best Fitness = 28.860624399882028, Evaluations = 3520
Generation 111: Best Solution = [-9.96891204e-01  1.11313696e-03  9.98370610e-01 -9.92629619e-01
 -2.33441912e-03 -3.97845479e+00 -4.46635507e-04 -2.98608334e+00
 -3.53876097e-03 -9.93321131e-01], Best Fitness = 28.862833954902058, Evaluations = 3552
Generation 112: Best Solution = [-9.97990384e-01  2.69874868e-03  9.96943392e-01 -9.96080263e-01
 -1.82812284e-03 -3.97824169e+00 -1.68251376e-03 -2.98069812e+00
 -5.39722177e-03 -9.93208796e-01], Best Fitness = 28.869468816502575, Evaluations = 3584
Generation 113: Best Solution = [-9.95992452e-01  2.06620942e-03  9.96554218e-01 -9.94638341e-01
  4.13444009e-03 -3.98351437e+00  4.26626756e-04 -2.98971774e+00
 -3.57368006e-03 -9.92253892e-01], Best Fitness = 28.870090846901604, Evaluations = 3616
Generation 114: Best Solution = [-9.91388546e-01 -8.87008698e-05  9.97634202e-01 -9.97454619e-01
 -5.21650340e-03 -3.97783775e+00 -1.52707798e-03 -2.98544494e+00
 -2.69132004e-03 -9.93718405e-01], Best Fitness = 28.867281000715195, Evaluations = 3648
Generation 115: Best Solution = [-9.96908166e-01  4.05166011e-04  9.96869453e-01 -9.96175889e-01
 -1.09264849e-03 -3.97718744e+00  1.03024778e-03 -2.98584250e+00
 -2.28113220e-03 -9.92788164e-01], Best Fitness = 28.85941737365995, Evaluations = 3680
Generation 116: Best Solution = [-9.94721961e-01  9.31727814e-04  9.93105050e-01 -9.91066080e-01
 -1.46668841e-03 -3.97909796e+00  1.85039186e-03 -2.98401441e+00
  2.27978257e-03 -9.93313294e-01], Best Fitness = 28.860455649130444, Evaluations = 3712
Generation 117: Best Solution = [-9.92172473e-01  5.60129128e-05  9.94954165e-01 -9.95595484e-01
 -2.99749946e-03 -3.98144835e+00  2.56724169e-03 -2.98519638e+00
  1.90349885e-03 -9.94639796e-01], Best Fitness = 28.85969869338909, Evaluations = 3744
Generation 118: Best Solution = [-9.95428163e-01 -1.17097536e-03  9.97586558e-01 -9.97765622e-01
  5.52210022e-03 -3.97890352e+00 -1.24453604e-03 -2.98600534e+00
  1.51756402e-03 -9.93305794e-01], Best Fitness = 28.864697735434476, Evaluations = 3776
Generation 119: Best Solution = [-9.96036986e-01  5.67728624e-04  9.94105235e-01 -9.94464608e-01
  1.09614548e-03 -3.97309495e+00 -8.37744736e-04 -2.98351666e+00
  1.56601288e-03 -9.97913644e-01], Best Fitness = 28.865906812622484, Evaluations = 3808
Generation 120: Best Solution = [-9.96092640e-01 -3.31848580e-04  9.93632627e-01 -9.90994029e-01
 -4.58579756e-04 -3.98485579e+00 -3.13460358e-03 -2.98458196e+00
 -3.70103694e-03 -9.94682690e-01], Best Fitness = 28.867229902257918, Evaluations = 3840
Generation 121: Best Solution = [-9.93155321e-01 -1.47453572e-03  9.93904071e-01 -9.93285042e-01
  3.88563674e-03 -3.98203161e+00  1.48823241e-03 -2.98123176e+00
 -1.09128318e-03 -9.91888707e-01], Best Fitness = 28.864659129739934, Evaluations = 3872
Generation 122: Best Solution = [-9.94359378e-01 -1.59614768e-03  9.98878142e-01 -9.96909769e-01
 -4.31872222e-03 -3.98295232e+00 -1.09250364e-03 -2.98621612e+00
 -2.27518366e-03 -9.91732454e-01], Best Fitness = 28.86742991158448, Evaluations = 3904
Generation 123: Best Solution = [-9.96854103e-01 -1.69303762e-03  9.94646730e-01 -9.99590648e-01
 -1.40727931e-03 -3.97962554e+00  2.16829557e-04 -2.98485826e+00
 -2.04480831e-03 -9.95463072e-01], Best Fitness = 28.860524336726854, Evaluations = 3936
Generation 124: Best Solution = [-9.95394735e-01  1.03593540e-04  9.94825676e-01 -9.95480969e-01
  2.89948439e-03 -3.97806279e+00 -2.64238842e-03 -2.98861483e+00
 -3.81408991e-03 -9.93563631e-01], Best Fitness = 28.863479005577716, Evaluations = 3968
Generation 125: Best Solution = [-9.95207528e-01  1.78644858e-03  9.89910204e-01 -9.96347274e-01
 -3.14830611e-03 -3.98054090e+00 -2.05469289e-03 -2.98469759e+00
 -3.83285860e-03 -9.95173965e-01], Best Fitness = 28.865606075036226, Evaluations = 4000
Generation 126: Best Solution = [-9.93301231e-01 -2.94589773e-03  9.93496726e-01 -9.90833210e-01
  2.95361050e-03 -3.98156633e+00  1.39846489e-03 -2.97931537e+00
  2.50901265e-03 -9.94979068e-01], Best Fitness = 28.869793193566963, Evaluations = 4032
Generation 127: Best Solution = [-9.97995056e-01 -1.09219715e-03  9.95836280e-01 -9.92720623e-01
  1.09939009e-03 -3.98082575e+00 -1.50799985e-03 -2.97976764e+00
  1.70799975e-03 -9.94574397e-01], Best Fitness = 28.86351222895125, Evaluations = 4064
Generation 128: Best Solution = [-9.97180539e-01 -1.89415360e-03  9.94063079e-01 -9.96636028e-01
 -3.49668278e-03 -3.97891525e+00 -6.25034652e-04 -2.98173488e+00
  1.59833486e-03 -9.93640249e-01], Best Fitness = 28.861514431829804, Evaluations = 4096
Generation 129: Best Solution = [-9.91289981e-01  6.02407842e-03  9.95227350e-01 -9.91545365e-01
  8.26459994e-04 -3.97891440e+00  1.84062891e-03 -2.98658514e+00
 -2.73727687e-03 -9.98005313e-01], Best Fitness = 28.8707465939045, Evaluations = 4128
Generation 130: Best Solution = [-9.93734338e-01 -3.96160181e-03  9.90084961e-01 -9.93396368e-01
 -6.64882340e-04 -3.97614284e+00  8.41841484e-04 -2.98526908e+00
 -1.45401580e-03 -9.94005815e-01], Best Fitness = 28.865751824605127, Evaluations = 4160
Generation 131: Best Solution = [-9.92892133e-01 -8.34818454e-04  9.96209273e-01 -9.90195510e-01
 -1.42912855e-03 -3.98019847e+00 -1.85361972e-03 -2.98186818e+00
 -8.36607843e-04 -9.96312514e-01], Best Fitness = 28.862858044052388, Evaluations = 4192
Generation 132: Best Solution = [-9.98221719e-01  1.99811830e-03  9.95285427e-01 -9.94172499e-01
  3.54979431e-03 -3.98448936e+00  2.27709577e-03 -2.98262774e+00
  2.19909576e-03 -9.97939625e-01], Best Fitness = 28.868321691735062, Evaluations = 4224
Generation 133: Best Solution = [-9.93588696e-01 -3.43072830e-04  1.00070462e+00 -9.91721851e-01
 -2.00517413e-03 -3.97999814e+00 -1.04744596e-03 -2.98489405e+00
  1.80155928e-03 -9.93083121e-01], Best Fitness = 28.865068326013073, Evaluations = 4256
Generation 134: Best Solution = [-9.95296185e-01 -6.37551421e-04  9.97062179e-01 -9.93297961e-01
 -2.69343650e-03 -3.98339780e+00  2.09136290e-03 -2.98469159e+00
 -2.86358687e-03 -9.89314726e-01], Best Fitness = 28.868033945789946, Evaluations = 4288
Generation 135: Best Solution = [-9.95025633e-01 -3.17312650e-03  9.95484915e-01 -9.93270327e-01
 -1.28889406e-03 -3.98242036e+00 -4.86721310e-03 -2.98530018e+00
 -2.28401381e-03 -9.90597789e-01], Best Fitness = 28.86754129210982, Evaluations = 4320
Generation 136: Best Solution = [-9.94174848e-01 -6.52685476e-04  9.93983177e-01 -9.95080087e-01
 -5.24643345e-03 -3.97643775e+00  2.77140531e-03 -2.98416006e+00
 -2.63149924e-03 -9.94897310e-01], Best Fitness = 28.8647347330661, Evaluations = 4352
Generation 137: Best Solution = [-9.96208673e-01 -2.61262523e-03  9.90342273e-01 -9.92733875e-01
 -3.01346318e-03 -3.98213041e+00  2.79268880e-03 -2.98724020e+00
  3.12897877e-03 -9.93738336e-01], Best Fitness = 28.868344907918313, Evaluations = 4384
Generation 138: Best Solution = [-9.96391327e-01 -2.58872495e-03  9.94956546e-01 -9.97939820e-01
 -2.21227700e-03 -3.98448640e+00  6.05443307e-04 -2.98152267e+00
  2.41553442e-03 -9.97166406e-01], Best Fitness = 28.866898000393633, Evaluations = 4416
Generation 139: Best Solution = [-9.95819860e-01  3.80549199e-03  9.96424850e-01 -9.91141291e-01
 -1.29865632e-03 -3.97667553e+00  8.46321815e-04 -2.98582675e+00
 -3.21466046e-03 -9.98452878e-01], Best Fitness = 28.86705073970228, Evaluations = 4448
Generation 140: Best Solution = [-9.92418553e-01 -7.53154990e-04  9.99318736e-01 -9.93708569e-01
 -1.09508180e-03 -3.98347398e+00  3.91189584e-03 -2.98498235e+00
  2.06308137e-03 -9.95789313e-01], Best Fitness = 28.866093786646374, Evaluations = 4480
Generation 141: Best Solution = [-9.93321740e-01 -1.22507233e-03  9.97211560e-01 -9.97166746e-01
  1.76973576e-03 -3.98001985e+00  2.34652216e-03 -2.98492159e+00
  1.96987135e-04 -9.89319154e-01], Best Fitness = 28.864520503106917, Evaluations = 4512
Generation 142: Best Solution = [-9.93645337e-01  3.35794554e-04  9.97336529e-01 -9.92838169e-01
  4.87945982e-03 -3.98135018e+00 -3.29196069e-03 -2.98592742e+00
  9.96411719e-05 -9.92999387e-01], Best Fitness = 28.86440448360716, Evaluations = 4544
Generation 143: Best Solution = [-9.96342824e-01 -1.61255395e-03  9.96199927e-01 -9.94307253e-01
  1.40782556e-03 -3.97671367e+00 -1.59199964e-03 -2.98708944e+00
  7.85270573e-04 -9.94839041e-01], Best Fitness = 28.85882733890209, Evaluations = 4576
Generation 144: Best Solution = [-9.94250289e-01  3.95028452e-04  9.97803554e-01 -9.93624690e-01
  1.41429859e-03 -3.97656115e+00  4.61180336e-04 -2.98332328e+00
  2.77615375e-03 -9.91214951e-01], Best Fitness = 28.86302175489871, Evaluations = 4608
Generation 145: Best Solution = [-9.96011086e-01 -9.80504280e-04  9.95641491e-01 -9.90510863e-01
  4.73303775e-04 -3.98086167e+00  6.79157510e-04 -2.98425733e+00
  2.33792288e-03 -9.99496702e-01], Best Fitness = 28.86370979124665, Evaluations = 4640
Generation 146: Best Solution = [-9.98355291e-01  1.81269866e-03  9.97778250e-01 -9.90921280e-01
  6.21793237e-04 -3.97945844e+00  4.36498606e-03 -2.98701337e+00
  4.15209790e-05 -9.94811360e-01], Best Fitness = 28.86623103462388, Evaluations = 4672
Generation 147: Best Solution = [-9.98227310e-01  4.16446260e-03  9.94006289e-01 -9.93788357e-01
  1.31293852e-03 -3.97871930e+00 -3.69538415e-05 -2.97978268e+00
  1.13198673e-03 -9.93331283e-01], Best Fitness = 28.866113815057517, Evaluations = 4704
Generation 148: Best Solution = [-9.97283994e-01  9.23003091e-04  9.93278232e-01 -9.96340337e-01
  1.39988242e-03 -3.98282240e+00  1.97031202e-03 -2.98702429e+00
 -2.94187193e-04 -9.93517975e-01], Best Fitness = 28.860196362568246, Evaluations = 4736
Generation 149: Best Solution = [-9.96314140e-01  8.80445596e-04  9.96544344e-01 -9.90552480e-01
 -1.35680706e-03 -3.97796084e+00 -3.64991566e-03 -2.98526577e+00
  2.00499417e-03 -9.93070551e-01], Best Fitness = 28.863745735196588, Evaluations = 4768
Generation 150: Best Solution = [-9.97379969e-01 -3.08070359e-03  9.93653956e-01 -9.98426042e-01
 -2.16286770e-03 -3.97785077e+00 -1.15521132e-04 -2.98298390e+00
  1.52244926e-03 -9.97805111e-01], Best Fitness = 28.863873013542587, Evaluations = 4800
Generation 151: Best Solution = [-9.97951205e-01  4.42559808e-03  9.94915439e-01 -9.92385124e-01
  7.11612574e-04 -3.98078034e+00  4.00847965e-04 -2.99170718e+00
 -1.58287731e-03 -9.92770528e-01], Best Fitness = 28.871712696413127, Evaluations = 4832
Generation 152: Best Solution = [-9.92222656e-01  7.39169596e-04  9.94540465e-01 -9.98244865e-01
  5.56982079e-03 -3.98069387e+00 -3.07638509e-03 -2.98442932e+00
  2.62922518e-03 -9.94553088e-01], Best Fitness = 28.86708475759488, Evaluations = 4864
Generation 153: Best Solution = [-9.92044186e-01 -1.78110183e-03  9.97017553e-01 -9.98017941e-01
  1.38816835e-03 -3.97755246e+00  1.77696398e-03 -2.98248592e+00
  2.55557022e-03 -9.91138404e-01], Best Fitness = 28.865976804993593, Evaluations = 4896
Generation 154: Best Solution = [-9.90537885e-01 -2.29383389e-03  9.95085324e-01 -9.96366885e-01
 -9.43446102e-04 -3.97584787e+00  1.27567564e-03 -2.98313248e+00
 -3.13261064e-03 -9.95070341e-01], Best Fitness = 28.865075951065123, Evaluations = 4928
Generation 155: Best Solution = [-9.96033372e-01 -2.94339780e-03  9.94063157e-01 -9.97613315e-01
  2.84342735e-04 -3.98284131e+00  1.69009124e-03 -2.98491943e+00
 -3.11147846e-03 -9.95484741e-01], Best Fitness = 28.8615858904231, Evaluations = 4960
Generation 156: Best Solution = [-9.94511903e-01 -2.19543910e-04  9.96359935e-01 -9.94214583e-01
 -9.03128915e-04 -3.97872134e+00  4.30978170e-03 -2.98410192e+00
 -2.78920299e-03 -9.95633741e-01], Best Fitness = 28.860044224364117, Evaluations = 4992
Generation 157: Best Solution = [-9.93128621e-01 -2.81951588e-03  9.89413719e-01 -9.97420731e-01
  3.00091910e-03 -3.98224818e+00 -1.85273212e-03 -2.98337795e+00
  1.52426746e-03 -9.96523945e-01], Best Fitness = 28.868259940211743, Evaluations = 5024
Generation 158: Best Solution = [-9.98016289e-01 -1.88706302e-03  9.92893643e-01 -9.92261507e-01
 -3.18052154e-03 -3.97677632e+00  1.73778569e-03 -2.98671191e+00
 -8.44705128e-04 -9.96070617e-01], Best Fitness = 28.863981643422022, Evaluations = 5056
Generation 159: Best Solution = [-9.95185795e-01  8.58525200e-04  9.95712252e-01 -9.97885913e-01
  1.30513816e-03 -3.97665503e+00  4.90025078e-03 -2.98520422e+00
  1.83119266e-04 -9.97783313e-01], Best Fitness = 28.864289206621308, Evaluations = 5088
Generation 160: Best Solution = [-9.95362416e-01 -6.89938563e-04  9.95894374e-01 -9.93304897e-01
  2.07121486e-03 -3.97860159e+00  1.97129011e-03 -2.98731291e+00
 -1.67479946e-03 -9.96952938e-01], Best Fitness = 28.858959170206276, Evaluations = 5120
Generation 161: Best Solution = [-9.91840896e-01  1.87915693e-03  1.00063599e+00 -9.93765067e-01
  1.85410153e-03 -3.98056617e+00  2.85696539e-03 -2.98530556e+00
 -2.74958902e-03 -9.93702341e-01], Best Fitness = 28.867258982918173, Evaluations = 5152
Generation 162: Best Solution = [-9.91812366e-01 -6.50059269e-03  9.90557963e-01 -9.92249439e-01
 -2.24037211e-04 -3.98153586e+00  1.91172277e-03 -2.98424055e+00
 -9.73893568e-04 -9.96602925e-01], Best Fitness = 28.871458470749218, Evaluations = 5184
Generation 163: Best Solution = [-9.92338816e-01 -3.45433942e-04  9.90653201e-01 -9.95815673e-01
 -2.83415755e-03 -3.98047586e+00 -4.65867297e-03 -2.98434790e+00
 -2.31028307e-03 -9.97019491e-01], Best Fitness = 28.866831065873953, Evaluations = 5216
Generation 164: Best Solution = [-9.95646447e-01 -2.77964002e-03  9.94497122e-01 -9.89892585e-01
 -6.74752594e-04 -3.97655306e+00 -2.35979841e-03 -2.98144786e+00
 -1.84139304e-03 -9.97234765e-01], Best Fitness = 28.86767677011636, Evaluations = 5248
Generation 165: Best Solution = [-9.90901770e-01 -1.63856202e-03  9.94830022e-01 -9.94108006e-01
  2.63909500e-03 -3.98126090e+00 -1.34883236e-03 -2.98405469e+00
  1.00836814e-03 -9.95740331e-01], Best Fitness = 28.860244954586975, Evaluations = 5280
Generation 166: Best Solution = [-9.93177370e-01  7.24500813e-05  9.95418672e-01 -9.92311393e-01
  7.67749737e-04 -3.98431828e+00 -2.93080492e-04 -2.98377689e+00
  9.29135638e-04 -9.98313154e-01], Best Fitness = 28.862560566102417, Evaluations = 5312
Generation 167: Best Solution = [-9.95544468e-01 -2.52068168e-03  9.95798337e-01 -9.95827076e-01
 -5.08921771e-03 -3.98220089e+00 -1.58532929e-03 -2.98299076e+00
 -2.96420973e-03 -9.92298038e-01], Best Fitness = 28.865919392070836, Evaluations = 5344
Generation 168: Best Solution = [-9.92604706e-01 -1.99570445e-03  9.93988973e-01 -9.98474544e-01
 -9.93265124e-04 -3.98155514e+00 -1.31309020e-03 -2.98525993e+00
 -2.76501864e-03 -9.93082143e-01], Best Fitness = 28.861610770885434, Evaluations = 5376
Generation 169: Best Solution = [-9.98547646e-01 -1.09884388e-03  9.94310049e-01 -9.93689655e-01
  9.31979373e-04 -3.98219233e+00 -1.40549590e-03 -2.98010998e+00
 -1.67945686e-03 -9.95225618e-01], Best Fitness = 28.863601966665925, Evaluations = 5408
Generation 170: Best Solution = [-9.97223106e-01 -3.06798781e-03  9.94703345e-01 -9.95109214e-01
 -1.28636397e-03 -3.97751404e+00 -2.06775139e-04 -2.98320520e+00
 -2.62043171e-03 -9.91290943e-01], Best Fitness = 28.862499792732862, Evaluations = 5440
Generation 171: Best Solution = [-9.95986907e-01  4.93371159e-03  9.93481091e-01 -9.97724466e-01
  7.58642549e-04 -3.97966780e+00  3.29152884e-03 -2.98710001e+00
  4.59610753e-04 -9.93022479e-01], Best Fitness = 28.864716244504677, Evaluations = 5472
Generation 172: Best Solution = [-9.92265941e-01 -1.19491659e-03  9.95717103e-01 -9.92143812e-01
 -2.31041949e-03 -3.98049120e+00 -6.33727026e-04 -2.98169622e+00
 -2.43065858e-04 -9.92509157e-01], Best Fitness = 28.861495479079736, Evaluations = 5504
Generation 173: Best Solution = [-9.93533759e-01 -4.05072922e-04  9.96143340e-01 -9.93706945e-01
 -1.15080322e-03 -3.98205154e+00  2.05852069e-03 -2.98297188e+00
  1.68472017e-03 -9.92569220e-01], Best Fitness = 28.859216992294634, Evaluations = 5536
Generation 174: Best Solution = [-9.95217823e-01 -1.73575265e-03  9.89360257e-01 -9.95256739e-01
 -2.58233369e-03 -3.97860969e+00  8.12222487e-04 -2.98478831e+00
 -1.94561129e-03 -9.99687580e-01], Best Fitness = 28.867434268806747, Evaluations = 5568
Generation 175: Best Solution = [-9.94081673e-01 -4.30355510e-03  9.92703910e-01 -9.94983110e-01
 -2.91139210e-03 -3.97918848e+00 -3.04796399e-04 -2.98180915e+00
  4.45299401e-04 -9.94663561e-01], Best Fitness = 28.86217417218866, Evaluations = 5600
Generation 176: Best Solution = [-9.94102117e-01 -2.79870141e-03  9.98306760e-01 -9.94763476e-01
 -4.95114269e-03 -3.98022821e+00 -1.77679762e-03 -2.98359604e+00
  3.02128145e-03 -9.93482478e-01], Best Fitness = 28.865695829544933, Evaluations = 5632
Generation 177: Best Solution = [-9.91922795e-01  4.03406661e-04  9.95368595e-01 -1.00067851e+00
 -4.40908973e-03 -3.97898217e+00 -2.97941386e-04 -2.98587078e+00
 -3.97571988e-05 -9.96294166e-01], Best Fitness = 28.866621439438603, Evaluations = 5664
Generation 178: Best Solution = [-9.93023356e-01 -1.34335313e-03  9.94069606e-01 -9.95086988e-01
  4.54887291e-05 -3.97952371e+00 -1.77705506e-03 -2.98671780e+00
 -5.32362516e-04 -9.90669739e-01], Best Fitness = 28.859969623636246, Evaluations = 5696
Generation 179: Best Solution = [-9.92081371e-01 -3.47573844e-03  9.90214686e-01 -9.95748724e-01
 -7.03579998e-04 -3.98212991e+00 -2.05712895e-04 -2.98728837e+00
 -4.02741294e-04 -9.97309865e-01], Best Fitness = 28.865792121819993, Evaluations = 5728
Generation 180: Best Solution = [-9.93453976e-01 -2.41063018e-03  9.92455337e-01 -1.00063029e+00
  2.69993328e-03 -3.97718743e+00 -3.89788481e-05 -2.98022053e+00
 -1.62943865e-03 -9.91814371e-01], Best Fitness = 28.87240367449158, Evaluations = 5760
Generation 181: Best Solution = [-9.95904191e-01 -2.79368840e-03  9.90371036e-01 -9.93775051e-01
  4.27661180e-03 -3.98144890e+00  2.13146749e-03 -2.98849619e+00
 -1.86525498e-03 -9.97266821e-01], Best Fitness = 28.86929791317148, Evaluations = 5792
Generation 182: Best Solution = [-9.93800542e-01 -7.05577702e-04  9.97487318e-01 -9.93869424e-01
  2.28011166e-03 -3.98370531e+00  2.78340841e-03 -2.98818266e+00
  6.99440948e-04 -9.93998529e-01], Best Fitness = 28.863614321256705, Evaluations = 5824
Generation 183: Best Solution = [-9.97048305e-01  1.99570879e-03  9.96851520e-01 -9.94835672e-01
 -1.34171207e-03 -3.98206896e+00 -7.74254556e-04 -2.97947899e+00
  2.35852490e-03 -9.89965932e-01], Best Fitness = 28.869302548707395, Evaluations = 5856
Generation 184: Best Solution = [-9.92815575e-01  4.47905940e-03  9.93975174e-01 -9.91870645e-01
  8.64348877e-04 -3.97917521e+00 -3.52050802e-03 -2.98872925e+00
 -3.64470645e-03 -9.95125760e-01], Best Fitness = 28.86894010637954, Evaluations = 5888
Generation 185: Best Solution = [-9.94760159e-01 -1.22902657e-04  9.94065309e-01 -9.93899097e-01
  7.70323654e-03 -3.97983992e+00 -1.78283502e-03 -2.98791348e+00
 -1.26179530e-03 -9.94945256e-01], Best Fitness = 28.868637951382354, Evaluations = 5920
Generation 186: Best Solution = [-9.99995168e-01 -1.23179066e-03  9.95998878e-01 -9.93028821e-01
 -2.15777614e-03 -3.97645335e+00  1.66998031e-03 -2.98287471e+00
 -7.68432566e-04 -9.93827891e-01], Best Fitness = 28.8647698749692, Evaluations = 5952
Generation 187: Best Solution = [-9.94203441e-01 -3.16314158e-03  9.93617832e-01 -9.96505684e-01
 -1.67242822e-03 -3.97549006e+00  1.99302572e-03 -2.98784556e+00
  4.13521144e-03 -9.95026262e-01], Best Fitness = 28.866737035809876, Evaluations = 5984
Generation 188: Best Solution = [-9.95567215e-01  3.39031017e-03  9.94620918e-01 -9.96660590e-01
  2.53524816e-03 -3.98179586e+00  1.41683433e-03 -2.98814401e+00
  1.74244364e-03 -9.94080558e-01], Best Fitness = 28.86199461097597, Evaluations = 6016
Generation 189: Best Solution = [-9.93541785e-01 -2.01914009e-03  9.97186871e-01 -9.97430432e-01
  2.28793747e-03 -3.98321369e+00 -3.02150668e-03 -2.98247564e+00
  1.31214524e-04 -9.94271388e-01], Best Fitness = 28.863466559796294, Evaluations = 6048
Generation 190: Best Solution = [-9.95434531e-01 -2.28121566e-03  9.98522543e-01 -9.96318881e-01
 -1.70855835e-03 -3.97857365e+00  1.02720983e-03 -2.98240305e+00
  2.73109671e-03 -9.95137310e-01], Best Fitness = 28.86139473729851, Evaluations = 6080
Generation 191: Best Solution = [-9.97094237e-01  1.68696629e-03  9.93758018e-01 -9.94752406e-01
 -1.71514008e-03 -3.98190026e+00 -5.16836161e-04 -2.98380140e+00
  3.40483284e-03 -9.91316557e-01], Best Fitness = 28.862112067882563, Evaluations = 6112
Generation 192: Best Solution = [-9.92786281e-01 -2.93518683e-03  9.90183354e-01 -9.98354703e-01
 -2.10111430e-03 -3.98058823e+00  2.42376430e-03 -2.98177396e+00
  9.74689304e-04 -9.95820893e-01], Best Fitness = 28.867512448824613, Evaluations = 6144
Generation 193: Best Solution = [-9.96209514e-01 -3.91041522e-03  9.94919550e-01 -9.93383904e-01
  3.06698677e-03 -3.97808837e+00  6.20327778e-03 -2.98433365e+00
 -1.32099001e-03 -9.93460217e-01], Best Fitness = 28.86842712626462, Evaluations = 6176
Generation 194: Best Solution = [-9.96223450e-01  2.60498755e-03  9.90849523e-01 -9.93044465e-01
  1.56762678e-04 -3.97987034e+00  2.40944127e-03 -2.98046188e+00
  2.22277984e-03 -9.94898545e-01], Best Fitness = 28.865366521262658, Evaluations = 6208
Generation 195: Best Solution = [-9.90714249e-01 -6.85365087e-04  9.93993052e-01 -9.94562267e-01
  1.76789618e-03 -3.97507626e+00  2.03535445e-03 -2.98495761e+00
  2.69601208e-03 -9.96298979e-01], Best Fitness = 28.865159327855878, Evaluations = 6240
Generation 196: Best Solution = [-9.93884645e-01  1.27891197e-03  9.90654044e-01 -9.96034779e-01
  2.95823524e-04 -3.97930197e+00 -1.09060713e-03 -2.98118833e+00
  1.32138485e-03 -9.92758328e-01], Best Fitness = 28.862396643558483, Evaluations = 6272
Generation 197: Best Solution = [-9.95704575e-01 -5.71429066e-04  9.92495657e-01 -9.93379422e-01
  5.20327553e-03 -3.97729633e+00  2.86108003e-03 -2.98244682e+00
  1.00600543e-03 -9.93601916e-01], Best Fitness = 28.865476435829734, Evaluations = 6304
Generation 198: Best Solution = [-9.95032839e-01  1.11953180e-03  9.99088579e-01 -9.92774284e-01
  1.21709284e-03 -3.98022870e+00  1.71216333e-03 -2.98510998e+00
  1.44995367e-04 -9.98071524e-01], Best Fitness = 28.86111305140571, Evaluations = 6336
Generation 199: Best Solution = [-9.96673180e-01 -2.08173459e-03  9.93870696e-01 -9.95486525e-01
 -3.55425390e-03 -3.98255489e+00  2.38014966e-03 -2.98680461e+00
  2.43420348e-03 -9.96808199e-01], Best Fitness = 28.863160538870773, Evaluations = 6368
Generation 200: Best Solution = [-9.90703615e-01  2.04038322e-03  9.92579838e-01 -9.93777920e-01
  1.32016836e-03 -3.98328361e+00 -2.36410907e-03 -2.98536682e+00
 -1.48477968e-03 -9.95507166e-01], Best Fitness = 28.863910224249892, Evaluations = 6400
Generation 201: Best Solution = [-9.93824199e-01  4.49788853e-04  9.96414262e-01 -9.93168919e-01
 -1.63783056e-03 -3.98126231e+00 -3.38064856e-03 -2.98610837e+00
  7.57629617e-04 -9.95232983e-01], Best Fitness = 28.858700434845105, Evaluations = 6432
Generation 202: Best Solution = [-9.94028240e-01  1.22131743e-03  9.96838233e-01 -9.95692914e-01
  2.82040690e-03 -3.98218434e+00  1.92900938e-03 -2.98401569e+00
 -1.33720409e-03 -9.94326449e-01], Best Fitness = 28.858980758552065, Evaluations = 6464
Generation 203: Best Solution = [-9.93750063e-01 -1.45723076e-03  9.94865697e-01 -9.98598137e-01
  5.45750002e-03 -3.98127410e+00  4.40086468e-04 -2.98474580e+00
 -1.50393923e-03 -9.94843940e-01], Best Fitness = 28.863858742440044, Evaluations = 6496
Generation 204: Best Solution = [-9.94227055e-01  4.45046680e-05  9.96658145e-01 -9.94011593e-01
 -1.26279581e-03 -3.97750280e+00  1.29649794e-03 -2.98341562e+00
  2.03474803e-03 -9.95677627e-01], Best Fitness = 28.85754496547291, Evaluations = 6528
Generation 205: Best Solution = [-9.95236603e-01 -4.48439546e-03  9.92553496e-01 -9.94066385e-01
  4.53235669e-04 -3.97688666e+00 -1.58508489e-03 -2.98378779e+00
 -1.64789116e-03 -9.97465823e-01], Best Fitness = 28.86319102948444, Evaluations = 6560
Generation 206: Best Solution = [-9.94050923e-01 -3.04796649e-04  9.92798647e-01 -9.99753898e-01
  2.66147027e-03 -3.97949238e+00  1.48388718e-03 -2.98573611e+00
  2.42181050e-03 -9.97608739e-01], Best Fitness = 28.863917168005344, Evaluations = 6592
Generation 207: Best Solution = [-9.93508721e-01 -3.12757791e-04  9.95186889e-01 -9.97271353e-01
  3.59629931e-03 -3.98074912e+00  2.41819106e-03 -2.98721524e+00
 -1.97364602e-03 -9.95370981e-01], Best Fitness = 28.861004405156933, Evaluations = 6624
Generation 208: Best Solution = [-9.93211503e-01  5.09313119e-04  9.94109210e-01 -9.98534768e-01
  1.66215284e-03 -3.98082304e+00  1.08896286e-03 -2.98620509e+00
  3.47892742e-04 -9.92618308e-01], Best Fitness = 28.859482966891164, Evaluations = 6656
Generation 209: Best Solution = [-9.96007009e-01  1.14151036e-03  9.93508420e-01 -9.96157041e-01
 -1.33273221e-03 -3.98253998e+00  3.56278021e-04 -2.98694869e+00
 -2.13530222e-03 -9.93819367e-01], Best Fitness = 28.858760519867786, Evaluations = 6688
Generation 210: Best Solution = [-9.93011480e-01  7.29034186e-04  9.95318371e-01 -9.96472649e-01
  1.95754484e-03 -3.98245081e+00  2.12425355e-03 -2.98615746e+00
 -1.08473338e-05 -9.93787420e-01], Best Fitness = 28.858681610559174, Evaluations = 6720
Generation 211: Best Solution = [-9.96515906e-01  6.84831591e-03  9.91965123e-01 -9.94021994e-01
 -3.27279478e-03 -3.97748301e+00 -1.13615697e-03 -2.98349936e+00
  3.36670826e-03 -9.96554516e-01], Best Fitness = 28.871954875742375, Evaluations = 6752
Generation 212: Best Solution = [-9.93432680e-01  2.13357456e-03  9.91826436e-01 -9.93688860e-01
  3.38080533e-03 -3.98090733e+00 -8.79009923e-05 -2.99076564e+00
 -1.45494739e-03 -9.95396194e-01], Best Fitness = 28.867191541239777, Evaluations = 6784
Generation 213: Best Solution = [-9.90950248e-01  9.59153196e-04  9.94668089e-01 -9.97449939e-01
  6.40257251e-03 -3.97880080e+00 -3.06734991e-03 -2.98363619e+00
  1.08052503e-03 -9.95829643e-01], Best Fitness = 28.869160401538494, Evaluations = 6816
Generation 214: Best Solution = [-9.96255913e-01 -8.46193417e-04  9.92985483e-01 -9.96411410e-01
  1.40693327e-03 -3.98165837e+00 -4.64471084e-05 -2.98640173e+00
 -2.21549529e-03 -9.92694489e-01], Best Fitness = 28.858894837676758, Evaluations = 6848
Generation 215: Best Solution = [-9.92546653e-01 -3.50436495e-03  9.92676647e-01 -9.98305948e-01
  1.27505374e-03 -3.97910640e+00 -1.46020279e-04 -2.98215932e+00
  1.19692861e-03 -9.94169376e-01], Best Fitness = 28.86278546807891, Evaluations = 6880
Generation 216: Best Solution = [-9.94818128e-01  1.60151402e-03  9.94827590e-01 -9.93309804e-01
  3.03829647e-03 -3.98075476e+00  3.98510594e-03 -2.98796672e+00
  1.35995233e-03 -9.95169112e-01], Best Fitness = 28.86219218598397, Evaluations = 6912
Generation 217: Best Solution = [-9.95532216e-01 -1.16615094e-03  9.96173935e-01 -9.92784123e-01
 -4.75832429e-03 -3.98031289e+00  2.64790364e-03 -2.98717732e+00
 -1.91011722e-04 -9.94012646e-01], Best Fitness = 28.86243397931804, Evaluations = 6944
Generation 218: Best Solution = [-9.94142242e-01 -1.01225337e-03  9.89518157e-01 -9.95090764e-01
  2.24015787e-03 -3.98376432e+00  1.48882169e-03 -2.98155696e+00
  2.67201654e-03 -9.92174269e-01], Best Fitness = 28.86954437544999, Evaluations = 6976
Generation 219: Best Solution = [-9.96191388e-01 -1.88480211e-04  9.97938264e-01 -9.97608359e-01
  2.84298519e-03 -3.98361321e+00  1.55095112e-03 -2.98508708e+00
 -2.89936570e-03 -9.97622323e-01], Best Fitness = 28.865197679911105, Evaluations = 7008
Generation 220: Best Solution = [-9.92708602e-01  1.30961968e-03  9.93939762e-01 -9.92877339e-01
 -2.63475330e-03 -3.97970799e+00  3.87181204e-03 -2.98451130e+00
 -4.29620615e-03 -9.93273072e-01], Best Fitness = 28.864690491547833, Evaluations = 7040
Generation 221: Best Solution = [-9.95121204e-01  1.00544361e-03  9.91301900e-01 -9.90882911e-01
  2.52449383e-03 -3.97646772e+00 -1.03638198e-03 -2.98201426e+00
 -1.86308334e-03 -1.00040757e+00], Best Fitness = 28.871641633912546, Evaluations = 7072
Generation 222: Best Solution = [-9.95930807e-01  1.38421453e-04  9.91155433e-01 -9.96800739e-01
  5.53922906e-04 -3.97537824e+00  1.60812763e-03 -2.98485254e+00
 -2.83751099e-04 -9.98168645e-01], Best Fitness = 28.863861362598755, Evaluations = 7104
Generation 223: Best Solution = [-9.90742867e-01  1.58188339e-03  9.93866104e-01 -9.98066576e-01
 -3.20128648e-03 -3.97834699e+00  2.73635120e-03 -2.98523365e+00
 -1.30179085e-03 -9.95992135e-01], Best Fitness = 28.864354035490493, Evaluations = 7136
Generation 224: Best Solution = [-9.94919585e-01  4.87765654e-03  9.93595735e-01 -9.91439785e-01
  5.75427094e-04 -3.98104178e+00 -3.90721962e-03 -2.97892689e+00
 -1.35149032e-03 -9.93826966e-01], Best Fitness = 28.872179545872186, Evaluations = 7168
Generation 225: Best Solution = [-9.92069740e-01  4.33179217e-03  9.95863925e-01 -9.95938446e-01
 -2.86393231e-04 -3.98545800e+00 -6.35434281e-04 -2.98455522e+00
 -4.87205727e-04 -9.95484054e-01], Best Fitness = 28.86597232958664, Evaluations = 7200
Generation 226: Best Solution = [-9.94114393e-01  1.02873751e-03  9.96149846e-01 -9.92644852e-01
 -1.88518301e-04 -3.97719900e+00  5.06378544e-03 -2.98672561e+00
 -1.50192767e-03 -9.93210815e-01], Best Fitness = 28.863527148546396, Evaluations = 7232
Generation 227: Best Solution = [-9.91262855e-01  2.12635448e-03  9.90013513e-01 -9.99435096e-01
  2.07466480e-03 -3.98426442e+00 -8.65670788e-04 -2.98305033e+00
 -7.73330422e-04 -9.93371163e-01], Best Fitness = 28.8723272119323, Evaluations = 7264
Generation 228: Best Solution = [-9.92593514e-01 -1.96088817e-03  9.93706669e-01 -9.98987556e-01
 -3.44487996e-04 -3.97787862e+00 -4.71628413e-03 -2.98650719e+00
 -1.88095849e-03 -9.94141392e-01], Best Fitness = 28.865606605957183, Evaluations = 7296
Generation 229: Best Solution = [-9.93005827e-01 -3.10328401e-03  9.94569935e-01 -9.96635273e-01
  3.92099815e-03 -3.98341636e+00 -2.83895456e-03 -2.98818855e+00
  1.61091949e-03 -9.94414320e-01], Best Fitness = 28.866952173095527, Evaluations = 7328
Generation 230: Best Solution = [-9.91596291e-01 -4.24889760e-04  9.92984794e-01 -9.93457431e-01
  1.81694272e-03 -3.97869704e+00  2.11695044e-03 -2.98901792e+00
 -2.60918470e-04 -9.93063912e-01], Best Fitness = 28.863103365213348, Evaluations = 7360
Generation 231: Best Solution = [-9.90229092e-01  1.18836150e-03  9.92206541e-01 -9.95371459e-01
 -3.50854145e-03 -3.97794447e+00  4.32268583e-03 -2.98625755e+00
 -3.14862411e-03 -9.92891702e-01], Best Fitness = 28.869947083534413, Evaluations = 7392
Generation 232: Best Solution = [-9.97103978e-01 -1.65769379e-03  9.97243306e-01 -9.98667169e-01
  5.09177828e-03 -3.98478526e+00 -1.16687139e-03 -2.98726468e+00
 -3.29415669e-03 -9.98525216e-01], Best Fitness = 28.875066551388343, Evaluations = 7424
Generation 233: Best Solution = [-9.91660318e-01  2.38248995e-03  9.91417646e-01 -9.94575059e-01
 -3.25546393e-03 -3.98566518e+00 -3.31683121e-03 -2.98631997e+00
 -1.30209340e-03 -9.93545107e-01], Best Fitness = 28.8717371923547, Evaluations = 7456
Generation 234: Best Solution = [-9.94232400e-01 -2.68655138e-03  9.92301152e-01 -9.96459836e-01
  6.50406247e-03 -3.98385314e+00  1.08123207e-03 -2.98226348e+00
  4.00028068e-04 -9.95910914e-01], Best Fitness = 28.870488232303572, Evaluations = 7488
Generation 235: Best Solution = [-9.97214506e-01  4.16940651e-03  9.95114777e-01 -9.91416485e-01
 -1.71654270e-03 -3.98323197e+00 -8.80535272e-04 -2.98480105e+00
 -3.05111459e-03 -9.92961081e-01], Best Fitness = 28.86635009781078, Evaluations = 7520
Generation 236: Best Solution = [-9.95532383e-01 -8.40328066e-04  9.93306014e-01 -9.93730825e-01
  1.71164604e-03 -3.97557730e+00  1.37198297e-03 -2.98206798e+00
  3.89360918e-03 -9.94567384e-01], Best Fitness = 28.86373186983178, Evaluations = 7552
Generation 237: Best Solution = [-9.98136085e-01  1.44716122e-03  9.93444082e-01 -9.94615667e-01
  2.93579243e-03 -3.98131004e+00  6.36472604e-03 -2.98716395e+00
 -1.78862309e-03 -9.95469467e-01], Best Fitness = 28.868520600037883, Evaluations = 7584
Generation 238: Best Solution = [-9.97989659e-01  8.98242605e-06  9.94542728e-01 -9.91535570e-01
  1.45805957e-03 -3.98003665e+00  3.45283451e-03 -2.98934133e+00
 -5.04674912e-04 -9.95859336e-01], Best Fitness = 28.864848529374072, Evaluations = 7616
Generation 239: Best Solution = [-9.96093062e-01  1.28185044e-03  9.94316312e-01 -9.96121131e-01
 -3.56861976e-04 -3.98143197e+00 -2.73184780e-03 -2.98810505e+00
 -5.52650053e-04 -9.91081740e-01], Best Fitness = 28.861779491808505, Evaluations = 7648
Generation 240: Best Solution = [-9.92658924e-01 -3.27305636e-03  9.96204987e-01 -9.97309212e-01
  1.57493318e-04 -3.98319374e+00 -1.39115738e-03 -2.98579696e+00
 -5.66116755e-04 -9.94053575e-01], Best Fitness = 28.861339026695873, Evaluations = 7680
Generation 241: Best Solution = [-9.97377382e-01 -6.23246151e-04  9.91442710e-01 -9.95858869e-01
 -4.15281428e-03 -3.97694608e+00  7.10322113e-04 -2.98626738e+00
 -3.75759631e-04 -9.94977532e-01], Best Fitness = 28.863056590049, Evaluations = 7712
Generation 242: Best Solution = [-9.98694742e-01 -2.22175634e-03  9.92897043e-01 -9.97102980e-01
  7.55512809e-04 -3.97955132e+00  1.83332291e-03 -2.98529354e+00
  1.28191102e-03 -9.96371522e-01], Best Fitness = 28.860733977222253, Evaluations = 7744
Generation 243: Best Solution = [-9.98343562e-01 -1.95539887e-03  9.91084185e-01 -9.94558116e-01
  2.78676907e-03 -3.97768466e+00  6.22419868e-04 -2.98200339e+00
 -3.77655129e-04 -9.96966821e-01], Best Fitness = 28.8646379736727, Evaluations = 7776
Generation 244: Best Solution = [-9.96300522e-01  3.88378472e-03  9.95986639e-01 -9.97889782e-01
  1.99009316e-03 -3.98005910e+00 -1.02940220e-03 -2.98555521e+00
 -2.49552660e-03 -9.97301657e-01], Best Fitness = 28.862375935925357, Evaluations = 7808
Generation 245: Best Solution = [-9.90312052e-01  4.30178402e-03  9.93417184e-01 -9.97298993e-01
 -8.16559881e-04 -3.97954688e+00  1.07249423e-03 -2.98788246e+00
  2.01736100e-03 -9.90692833e-01], Best Fitness = 28.869785829579456, Evaluations = 7840
Generation 246: Best Solution = [-9.95091153e-01  4.26246963e-03  9.96255680e-01 -9.97063300e-01
  3.29689796e-03 -3.97899316e+00 -1.02926544e-03 -2.98308766e+00
  2.96012571e-03 -9.91864320e-01], Best Fitness = 28.865244332978193, Evaluations = 7872
Generation 247: Best Solution = [-9.95089051e-01  1.21098853e-03  9.95836918e-01 -9.94951550e-01
 -6.70929251e-03 -3.97666395e+00  8.76248806e-04 -2.98507006e+00
  3.08763717e-03 -9.95687033e-01], Best Fitness = 28.867129689154623, Evaluations = 7904
Generation 248: Best Solution = [-9.92243505e-01  4.15129436e-03  9.92742648e-01 -1.00025912e+00
 -2.09266035e-03 -3.97928795e+00 -1.56194773e-03 -2.98538774e+00
  1.22684331e-03 -9.94384998e-01], Best Fitness = 28.86692855692398, Evaluations = 7936
Generation 249: Best Solution = [-9.94363781e-01  2.69822859e-03  9.95026181e-01 -9.95769747e-01
 -7.08693115e-04 -3.98294213e+00  1.29632601e-03 -2.98325908e+00
  2.76274303e-05 -9.93908192e-01], Best Fitness = 28.85844702964141, Evaluations = 7968
Generation 250: Best Solution = [-9.99264957e-01  1.82402008e-03  9.94082409e-01 -9.97777957e-01
 -4.92123734e-04 -3.98009382e+00  2.85668708e-03 -2.98563152e+00
  4.77333222e-03 -9.94838462e-01], Best Fitness = 28.86607564174747, Evaluations = 8000
Generation 251: Best Solution = [-9.91346170e-01 -3.09036358e-04  9.91189668e-01 -9.95770427e-01
 -8.11172480e-04 -3.98348450e+00  9.41224346e-04 -2.98650635e+00
  6.99658281e-04 -9.95771093e-01], Best Fitness = 28.86300410270799, Evaluations = 8032
Generation 252: Best Solution = [-9.92857199e-01 -2.10812824e-03  9.96425497e-01 -9.91590257e-01
  1.80988251e-03 -3.97652748e+00 -1.74086869e-04 -2.98446075e+00
  2.65638705e-03 -9.96039660e-01], Best Fitness = 28.86251775592713, Evaluations = 8064
Generation 253: Best Solution = [-9.95851157e-01 -2.56861720e-03  9.93865283e-01 -9.94921160e-01
 -3.95456858e-03 -3.98234509e+00  1.01996769e-03 -2.98572855e+00
  2.03109580e-03 -9.92852204e-01], Best Fitness = 28.861834744576157, Evaluations = 8096
Generation 254: Best Solution = [-9.99025182e-01  2.46189105e-04  9.93908201e-01 -9.96742585e-01
 -3.78994729e-03 -3.98095841e+00 -4.84599137e-04 -2.98303031e+00
 -4.97013784e-04 -9.95666116e-01], Best Fitness = 28.86179681154806, Evaluations = 8128
Generation 255: Best Solution = [-9.96136703e-01  1.26073485e-03  9.98028854e-01 -9.92465293e-01
 -2.26405334e-03 -3.97510822e+00 -3.14221797e-04 -2.98122297e+00
  1.76352516e-03 -9.97683290e-01], Best Fitness = 28.867400721345632, Evaluations = 8160
Generation 256: Best Solution = [-9.96371362e-01 -2.16255884e-03  9.93433328e-01 -9.94517132e-01
 -5.75129051e-03 -3.97874084e+00 -3.01956148e-04 -2.98518477e+00
  2.24813062e-03 -9.90129873e-01], Best Fitness = 28.86794432041718, Evaluations = 8192
Generation 257: Best Solution = [-9.91515763e-01  1.90079245e-03  9.91579391e-01 -9.96641714e-01
  1.21182071e-03 -3.97648745e+00  3.52182847e-03 -2.98236260e+00
  4.43896302e-03 -9.96631807e-01], Best Fitness = 28.870152985255913, Evaluations = 8224
Generation 258: Best Solution = [-9.98609426e-01 -1.41169789e-03  9.93490994e-01 -9.96490110e-01
  1.08521895e-03 -3.97844995e+00 -8.18359221e-05 -2.98572652e+00
  3.60157222e-04 -9.94167526e-01], Best Fitness = 28.85849689992233, Evaluations = 8256
Generation 259: Best Solution = [-9.95934767e-01  1.55321726e-03  9.93653226e-01 -9.90345433e-01
  6.09590010e-04 -3.98582800e+00 -1.59506357e-03 -2.98954106e+00
 -3.47310909e-05 -9.94371410e-01], Best Fitness = 28.871091758970238, Evaluations = 8288
Generation 260: Best Solution = [-9.94570037e-01  1.98248161e-03  9.95175348e-01 -9.96107878e-01
 -3.94854140e-03 -3.97899556e+00 -1.23688072e-03 -2.98633920e+00
  2.60365957e-03 -9.95025871e-01], Best Fitness = 28.860061455308866, Evaluations = 8320
Generation 261: Best Solution = [-9.95331404e-01  3.93873850e-03  9.95296401e-01 -9.94520981e-01
  1.35037034e-03 -3.98347993e+00 -1.58777343e-03 -2.98397531e+00
 -2.32670227e-03 -9.95647189e-01], Best Fitness = 28.8617210335926, Evaluations = 8352
Generation 262: Best Solution = [-9.95112046e-01  1.40259223e-04  9.93933540e-01 -9.93682613e-01
  1.88610651e-03 -3.97755279e+00  2.28011867e-03 -2.98741875e+00
  2.34220520e-03 -9.90556719e-01], Best Fitness = 28.86316454445638, Evaluations = 8384
Generation 263: Best Solution = [-9.95823300e-01 -2.33325813e-03  9.94298206e-01 -9.95953471e-01
 -3.02179536e-03 -3.97957424e+00 -1.58810043e-03 -2.98397595e+00
 -2.51288569e-03 -9.96153569e-01], Best Fitness = 28.85920155514883, Evaluations = 8416
Generation 264: Best Solution = [-9.93524228e-01  2.16044510e-03  9.98700845e-01 -9.95956532e-01
  7.57552154e-04 -3.97900344e+00  2.54648159e-03 -2.98578650e+00
 -8.22248401e-05 -9.93430102e-01], Best Fitness = 28.86014602969982, Evaluations = 8448
Generation 265: Best Solution = [-9.97318521e-01  3.09808588e-03  9.94791613e-01 -9.95105965e-01
  1.70013199e-04 -3.98095103e+00 -3.88463459e-03 -2.98610162e+00
  1.41812832e-03 -9.95808256e-01], Best Fitness = 28.86081605255083, Evaluations = 8480
Generation 266: Best Solution = [-9.99241312e-01  6.75653175e-06  9.99266864e-01 -9.96067327e-01
  9.02048545e-04 -3.98311275e+00  4.26921676e-04 -2.98165555e+00
 -9.77335536e-04 -9.94100114e-01], Best Fitness = 28.865981271387597, Evaluations = 8512
Generation 267: Best Solution = [-9.91150097e-01 -2.42827651e-03  9.93656096e-01 -9.96065458e-01
 -4.84540091e-03 -3.98279667e+00 -1.63976105e-06 -2.98094475e+00
  1.81628794e-04 -9.92946828e-01], Best Fitness = 28.868578357117684, Evaluations = 8544
Generation 268: Best Solution = [-1.00081349e+00  1.07806791e-03  9.96363508e-01 -9.92355655e-01
  8.25331037e-04 -3.98408151e+00  1.23560771e-04 -2.98361488e+00
 -1.88787204e-03 -9.94465923e-01], Best Fitness = 28.86728193894018, Evaluations = 8576
Generation 269: Best Solution = [-9.97776709e-01 -3.40346667e-03  9.99733886e-01 -9.94714385e-01
 -1.09423083e-03 -3.98211817e+00 -3.43419891e-03 -2.98360870e+00
  7.34972124e-04 -9.94033437e-01], Best Fitness = 28.866323051882787, Evaluations = 8608
Generation 270: Best Solution = [-9.94650531e-01  3.00417514e-04  9.94792529e-01 -9.93963331e-01
 -2.71510983e-03 -3.97975004e+00 -1.90500989e-04 -2.98086533e+00
 -3.64919734e-04 -9.90295570e-01], Best Fitness = 28.862868428536146, Evaluations = 8640
Generation 271: Best Solution = [-9.93228753e-01  4.10409904e-03  9.99165280e-01 -9.96958713e-01
 -1.53381420e-03 -3.97725890e+00 -2.75731422e-03 -2.98318589e+00
 -7.73577781e-04 -9.98954371e-01], Best Fitness = 28.868983758116585, Evaluations = 8672
Generation 272: Best Solution = [-9.95686253e-01  2.75967370e-03  9.96074194e-01 -1.00072708e+00
  3.00441671e-04 -3.98100902e+00  1.41270270e-03 -2.98393960e+00
 -1.34066248e-03 -9.94408849e-01], Best Fitness = 28.863435475393416, Evaluations = 8704
Generation 273: Best Solution = [-9.95920427e-01  3.46134163e-03  9.93084341e-01 -9.91384751e-01
 -2.56191031e-03 -3.97692755e+00 -5.96305208e-05 -2.98451776e+00
  2.73881975e-03 -9.95345963e-01], Best Fitness = 28.863917634461686, Evaluations = 8736
Generation 274: Best Solution = [-9.95049416e-01 -4.79279677e-05  9.96453769e-01 -9.95233796e-01
 -2.45854073e-03 -3.98114907e+00 -3.14502647e-03 -2.98542729e+00
 -5.28904509e-03 -9.96196798e-01], Best Fitness = 28.86358787610375, Evaluations = 8768
Generation 275: Best Solution = [-9.95226714e-01  3.61964402e-03  9.92786847e-01 -9.97022362e-01
  4.49371562e-03 -3.97968588e+00  1.27900152e-03 -2.98251092e+00
  3.60250333e-03 -9.92220057e-01], Best Fitness = 28.867553661156705, Evaluations = 8800
Generation 276: Best Solution = [-9.94340689e-01 -1.48721926e-03  9.91607615e-01 -9.90620901e-01
 -2.49556133e-03 -3.97928502e+00 -3.85220024e-03 -2.98028463e+00
 -8.68269662e-04 -9.91752133e-01], Best Fitness = 28.870690563066844, Evaluations = 8832
Generation 277: Best Solution = [-9.95075869e-01 -3.82641906e-03  9.93744503e-01 -1.00084010e+00
  7.85372751e-04 -3.97878598e+00  2.34954052e-03 -2.98692705e+00
  1.11372361e-03 -9.93659323e-01], Best Fitness = 28.86658403065843, Evaluations = 8864
Generation 278: Best Solution = [-9.94305998e-01 -6.32127256e-04  9.95303267e-01 -9.92525071e-01
  2.53209832e-03 -3.98094238e+00 -2.85652727e-03 -2.98204923e+00
 -3.87573633e-03 -9.96405346e-01], Best Fitness = 28.863147325722167, Evaluations = 8896
Generation 279: Best Solution = [-9.95008318e-01 -5.18272475e-03  9.95166400e-01 -9.95387752e-01
 -3.23769560e-04 -3.98182810e+00 -1.90014922e-03 -2.98370426e+00
 -3.67197298e-03 -9.96135883e-01], Best Fitness = 28.863826745378844, Evaluations = 8928
Generation 280: Best Solution = [-9.97764693e-01 -1.68397563e-03  9.94927475e-01 -9.95697152e-01
  1.01431462e-03 -3.97949290e+00  1.40824968e-03 -2.98419613e+00
  2.16010631e-03 -9.97198792e-01], Best Fitness = 28.85853483746328, Evaluations = 8960
Generation 281: Best Solution = [-9.98516842e-01 -2.17505975e-03  9.91441874e-01 -9.96251362e-01
 -4.13719069e-03 -3.97759382e+00 -1.70437761e-03 -2.98318165e+00
 -9.18058862e-04 -9.97459820e-01], Best Fitness = 28.866790400041552, Evaluations = 8992
Generation 282: Best Solution = [-9.95313171e-01  3.91251798e-03  9.93137361e-01 -9.93478732e-01
  1.05788601e-03 -3.97811078e+00 -1.56799239e-03 -2.98250438e+00
 -5.18015387e-03 -9.95565417e-01], Best Fitness = 28.865582889515196, Evaluations = 9024
Generation 283: Best Solution = [-9.95161357e-01 -2.72886313e-03  9.96124572e-01 -9.92652470e-01
 -7.75448600e-04 -3.97195654e+00 -1.26279173e-03 -2.98286864e+00
 -7.59639036e-04 -9.97175251e-01], Best Fitness = 28.87082470626609, Evaluations = 9056
Generation 284: Best Solution = [-9.94454495e-01 -6.00462463e-04  9.95062892e-01 -9.92375114e-01
  3.02949838e-03 -3.97734948e+00  1.66751412e-03 -2.98963169e+00
 -2.49122151e-03 -9.93428498e-01], Best Fitness = 28.864870886669337, Evaluations = 9088
Generation 285: Best Solution = [-9.95325751e-01 -3.49587991e-03  9.92788477e-01 -9.97398440e-01
  1.40097015e-04 -3.98105393e+00 -3.81138027e-03 -2.98810954e+00
 -4.07321189e-04 -9.88230327e-01], Best Fitness = 28.872546678847854, Evaluations = 9120
Generation 286: Best Solution = [-9.95361549e-01  2.95819164e-03  9.95420600e-01 -9.90615564e-01
 -4.41415875e-03 -3.97979119e+00 -2.18397030e-03 -2.98100867e+00
 -3.20846733e-03 -9.92920459e-01], Best Fitness = 28.86982883537368, Evaluations = 9152
Generation 287: Best Solution = [-9.92164778e-01 -1.76416706e-03  9.96518323e-01 -9.97484980e-01
  1.32546614e-03 -3.98011366e+00 -3.30580033e-03 -2.98829134e+00
  1.44202310e-03 -9.93046827e-01], Best Fitness = 28.863602253533912, Evaluations = 9184
Generation 288: Best Solution = [-9.93014457e-01 -5.44847048e-04  9.89658279e-01 -9.93740080e-01
 -1.63992448e-03 -3.97856412e+00 -1.64209810e-03 -2.98512924e+00
 -1.74878026e-03 -9.93262759e-01], Best Fitness = 28.86290524896924, Evaluations = 9216
Generation 289: Best Solution = [-9.93600110e-01 -1.46001344e-04  1.00088094e+00 -9.92528708e-01
  1.71539617e-03 -3.98080141e+00 -4.06240578e-04 -2.98545632e+00
  6.36879783e-04 -9.95283205e-01], Best Fitness = 28.863171791692793, Evaluations = 9248
Generation 290: Best Solution = [-9.93437139e-01  1.20494307e-03  9.96500003e-01 -1.00234038e+00
  2.13238293e-04 -3.97779467e+00  1.66325918e-04 -2.98569248e+00
 -2.79777906e-03 -9.95647796e-01], Best Fitness = 28.86828599877279, Evaluations = 9280
Generation 291: Best Solution = [-9.95929442e-01 -6.88152579e-04  9.94831382e-01 -9.95721722e-01
 -1.59920473e-03 -3.97527219e+00 -3.10545237e-03 -2.98276041e+00
 -2.47060256e-03 -9.91271117e-01], Best Fitness = 28.865275427874167, Evaluations = 9312
Generation 292: Best Solution = [-9.93010017e-01  1.69348837e-03  9.98149833e-01 -9.95317751e-01
 -6.66459844e-03 -3.98073352e+00  1.91011300e-03 -2.98452414e+00
 -2.11136779e-03 -9.96895312e-01], Best Fitness = 28.868410323440386, Evaluations = 9344
Generation 293: Best Solution = [-9.97977599e-01 -2.98394182e-03  9.94356598e-01 -9.95447818e-01
  7.33514217e-04 -3.98071500e+00 -1.38447377e-03 -2.98067836e+00
  5.42613482e-03 -9.96626116e-01], Best Fitness = 28.86786768814116, Evaluations = 9376
Generation 294: Best Solution = [-9.98040928e-01  1.28943179e-03  9.94265867e-01 -9.92720094e-01
 -5.83035474e-03 -3.98036569e+00  3.39230732e-03 -2.98597812e+00
  2.55555953e-03 -9.94197525e-01], Best Fitness = 28.86773615964033, Evaluations = 9408
Generation 295: Best Solution = [-9.93067405e-01 -3.12840222e-04  9.91742428e-01 -9.97431175e-01
 -7.42046594e-04 -3.97491623e+00  1.22396512e-03 -2.98246949e+00
 -4.64602527e-03 -9.92548100e-01], Best Fitness = 28.86929404391256, Evaluations = 9440
Generation 296: Best Solution = [-9.92846573e-01  2.06339559e-03  9.93638882e-01 -9.99295681e-01
  3.46793140e-03 -3.97761950e+00  1.52214240e-04 -2.98466942e+00
  8.95518637e-04 -9.92643346e-01], Best Fitness = 28.864026980392097, Evaluations = 9472
Generation 297: Best Solution = [-9.93721529e-01 -6.76995514e-04  9.96707647e-01 -9.94923889e-01
  2.68715594e-03 -3.97939785e+00  1.03004618e-03 -2.98101936e+00
  4.29074615e-03 -9.95719374e-01], Best Fitness = 28.863026230723122, Evaluations = 9504
Generation 298: Best Solution = [-9.94886039e-01  3.61780817e-04  9.91678300e-01 -9.96383216e-01
  1.37408147e-03 -3.97908693e+00 -5.11581930e-05 -2.98493444e+00
  4.69663001e-03 -9.95367696e-01], Best Fitness = 28.861124908153684, Evaluations = 9536
Generation 299: Best Solution = [-9.98727765e-01 -1.99576011e-03  9.96570825e-01 -9.95576737e-01
 -1.34524253e-03 -3.97847473e+00 -2.91599213e-03 -2.98762385e+00
  1.20331153e-03 -9.89953532e-01], Best Fitness = 28.867030142495167, Evaluations = 9568
Generation 300: Best Solution = [-9.95009206e-01  4.86276751e-03  9.96109308e-01 -9.96515526e-01
 -2.09046938e-03 -3.98006197e+00 -2.51896517e-04 -2.98667613e+00
  1.69538834e-03 -9.98428268e-01], Best Fitness = 28.863623276303997, Evaluations = 9600
Generation 301: Best Solution = [-9.93629393e-01 -5.58352511e-03  9.91206598e-01 -9.95715608e-01
 -3.36515755e-03 -3.97952335e+00  4.16158328e-03 -2.98845075e+00
 -2.26476624e-04 -9.95714335e-01], Best Fitness = 28.871493646165092, Evaluations = 9632
Generation 302: Best Solution = [-9.95420037e-01 -3.10383990e-05  9.96422217e-01 -9.93973082e-01
  1.04146598e-03 -3.98121592e+00  7.76848557e-04 -2.98661722e+00
 -2.38367435e-03 -9.94475849e-01], Best Fitness = 28.85686620113971, Evaluations = 9664
Generation 303: Best Solution = [-9.98619901e-01 -2.31964104e-03  9.93307657e-01 -9.92723186e-01
 -8.64650942e-04 -3.98378694e+00  3.91825952e-03 -2.98661145e+00
  2.24404073e-03 -9.94053230e-01], Best Fitness = 28.867060048903824, Evaluations = 9696
Generation 304: Best Solution = [-9.89144883e-01 -2.26301183e-03  9.94394170e-01 -9.96989427e-01
 -8.74703772e-04 -3.97497594e+00  4.81803210e-04 -2.98541669e+00
 -5.65724628e-03 -9.96078684e-01], Best Fitness = 28.873677922911455, Evaluations = 9728
Generation 305: Best Solution = [-9.93027684e-01 -1.04597816e-03  9.94135736e-01 -9.90058432e-01
  4.59755675e-04 -3.97550444e+00  3.39680734e-03 -2.98253907e+00
  1.50488838e-03 -9.99492718e-01], Best Fitness = 28.87104823986695, Evaluations = 9760
Generation 306: Best Solution = [-9.95324637e-01 -3.67436758e-03  9.96801661e-01 -9.93506163e-01
 -2.39750790e-04 -3.98150661e+00  1.38986740e-03 -2.98313741e+00
  5.63460184e-03 -9.95815000e-01], Best Fitness = 28.865483482804066, Evaluations = 9792
Generation 307: Best Solution = [-9.99189946e-01 -5.25860202e-03  1.00064488e+00 -9.93988792e-01
 -2.96323534e-03 -3.98028046e+00 -1.21893826e-03 -2.98525373e+00
  5.02448775e-04 -9.95999383e-01], Best Fitness = 28.871699071371737, Evaluations = 9824
Generation 308: Best Solution = [-9.99398398e-01 -2.86751425e-03  9.95814897e-01 -9.91032403e-01
  1.28545082e-03 -3.98197652e+00  1.86354072e-03 -2.98512768e+00
 -1.58113953e-03 -9.97203323e-01], Best Fitness = 28.865896596340065, Evaluations = 9856
Generation 309: Best Solution = [-9.93222237e-01 -4.56514251e-03  9.94949640e-01 -9.97321762e-01
 -2.08120548e-03 -3.98148831e+00  5.30828263e-04 -2.98218190e+00
 -1.21457060e-03 -9.95085108e-01], Best Fitness = 28.86271509706043, Evaluations = 9888
Generation 310: Best Solution = [-9.95026161e-01 -2.15634855e-04  9.93132374e-01 -9.91803175e-01
 -3.54350512e-03 -3.97831393e+00  4.92210031e-04 -2.98539820e+00
  5.18648814e-04 -9.96829630e-01], Best Fitness = 28.860096415152782, Evaluations = 9920
Generation 311: Best Solution = [-9.98833484e-01  4.10433338e-04  9.95501739e-01 -9.92868899e-01
 -4.71128127e-04 -3.98364188e+00  2.19535239e-03 -2.98215246e+00
 -1.51878008e-03 -9.96441461e-01], Best Fitness = 28.863885246877842, Evaluations = 9952
Generation 312: Best Solution = [-9.95798960e-01 -3.54092121e-03  9.96621858e-01 -9.96887962e-01
  2.81406787e-03 -3.97688149e+00 -4.76590758e-03 -2.98500702e+00
  1.35662163e-04 -9.95597766e-01], Best Fitness = 28.865418037761174, Evaluations = 9984
Generation 313: Best Solution = [-9.92961306e-01 -4.55618358e-03  9.95937195e-01 -9.94352982e-01
 -1.08154430e-03 -3.98042517e+00 -1.82150151e-03 -2.98373374e+00
  1.65687872e-03 -9.91370699e-01], Best Fitness = 28.863169344536118, Evaluations = 10016
