Algorithm: Cross-Entropy Method
Objective Function: Rastrigin
Dimension: 2
Population Size: 8
Max Evaluations: 2000

Generation 1: Best Solution = [0.10399767 2.08118205], Best Fitness = 7.67509601062023, Evaluations = 8
Generation 2: Best Solution = [-1.74745883  0.1002823 ], Best Fitness = 15.143597248819198, Evaluations = 16
Generation 3: Best Solution = [-1.01955616  0.83811858], Best Fitness = 6.559248906682466, Evaluations = 24
Generation 4: Best Solution = [-0.7090313   1.21003871], Best Fitness = 22.02818133758712, Evaluations = 32
Generation 5: Best Solution = [-1.00077255  0.9776929 ], Best Fitness = 2.05560981288766, Evaluations = 40
Generation 6: Best Solution = [-1.0040938   0.99957021], Best Fitness = 2.010689384441548, Evaluations = 48
Generation 7: Best Solution = [-0.99335578  0.99636696], Best Fitness = 1.9908208246788774, Evaluations = 56
Generation 8: Best Solution = [-1.00052201  0.99833396], Best Fitness = 1.9983166657482414, Evaluations = 64
Generation 9: Best Solution = [-0.9920585   0.99492408], Best Fitness = 1.991585794048973, Evaluations = 72
Generation 10: Best Solution = [-0.99605283  0.99629437], Best Fitness = 1.9905093579516127, Evaluations = 80
Generation 11: Best Solution = [-0.99621773  0.9938864 ], Best Fitness = 1.9904604523765883, Evaluations = 88
Generation 12: Best Solution = [-0.9951434   0.99357513], Best Fitness = 1.9903043957929114, Evaluations = 96
Generation 13: Best Solution = [-0.99567626  0.99514506], Best Fitness = 1.9900271264248062, Evaluations = 104
Generation 14: Best Solution = [-0.99704969  0.99324985], Best Fitness = 1.9913641982447885, Evaluations = 112
Generation 15: Best Solution = [-0.9965562  0.9932764], Best Fitness = 1.9909853347935247, Evaluations = 120
Generation 16: Best Solution = [-0.99348808  0.99693335], Best Fitness = 1.9911202226261722, Evaluations = 128
Generation 17: Best Solution = [-0.99523426  0.99687406], Best Fitness = 1.990660766745485, Evaluations = 136
Generation 18: Best Solution = [-0.99662691  0.99662381], Best Fitness = 1.9910199250801242, Evaluations = 144
Generation 19: Best Solution = [-0.99669072  0.99419371], Best Fitness = 1.9906290964561641, Evaluations = 152
Generation 20: Best Solution = [-0.99562824  0.99641307], Best Fitness = 1.9904265239646293, Evaluations = 160
Generation 21: Best Solution = [-0.99562041  0.996261  ], Best Fitness = 1.9903413206661753, Evaluations = 168
Generation 22: Best Solution = [-0.99327686  0.99491268], Best Fitness = 1.9904793160426877, Evaluations = 176
Generation 23: Best Solution = [-0.99678254  0.99113139], Best Fitness = 1.9934815172839073, Evaluations = 184
Generation 24: Best Solution = [-0.99942467  0.99388209], Best Fitness = 1.9941038676117273, Evaluations = 192
Generation 25: Best Solution = [-0.99870804  0.99226609], Best Fitness = 1.9941435757086587, Evaluations = 200
Generation 26: Best Solution = [-0.99690797  0.9957304 ], Best Fitness = 1.9907898087229583, Evaluations = 208
Generation 27: Best Solution = [-0.99677015  0.99474533], Best Fitness = 1.9905779219417958, Evaluations = 216
Generation 28: Best Solution = [-0.99591091  0.99681775], Best Fitness = 1.9907833773439805, Evaluations = 224
Generation 29: Best Solution = [-0.99181881  0.99460137], Best Fitness = 1.9918978263000753, Evaluations = 232
Generation 30: Best Solution = [-0.99644555  0.99473725], Best Fitness = 1.9903662782883558, Evaluations = 240
Generation 31: Best Solution = [-0.99438176  0.99517371], Best Fitness = 1.989993272949711, Evaluations = 248
Generation 32: Best Solution = [-0.99595184  0.99651977], Best Fitness = 1.9905970418324124, Evaluations = 256
Generation 33: Best Solution = [-0.99359505  0.99662581], Best Fitness = 1.9908379796491502, Evaluations = 264
Generation 34: Best Solution = [-0.9936914  0.9959184], Best Fitness = 1.9904191887479854, Evaluations = 272
Generation 35: Best Solution = [-0.99517487  0.99403785], Best Fitness = 1.99009549707608, Evaluations = 280
Generation 36: Best Solution = [-0.99753241  0.99469163], Best Fitness = 1.9912460008483457, Evaluations = 288
Generation 37: Best Solution = [-0.99631979  0.99582642], Best Fitness = 1.9904348599959967, Evaluations = 296
Generation 38: Best Solution = [-0.99495623  0.99691321], Best Fitness = 1.990675755301126, Evaluations = 304
Generation 39: Best Solution = [-0.99367038  0.99505426], Best Fitness = 1.9902489857674794, Evaluations = 312
Generation 40: Best Solution = [-0.99603359  0.99461973], Best Fitness = 1.9901700363919481, Evaluations = 320
Generation 41: Best Solution = [-0.99391063  0.9965747 ], Best Fitness = 1.9906538109948428, Evaluations = 328
Generation 42: Best Solution = [-0.9954925   0.99602236], Best Fitness = 1.9901990139123455, Evaluations = 336
Generation 43: Best Solution = [-0.99398638  0.99485739], Best Fitness = 1.9901075784557278, Evaluations = 344
Generation 44: Best Solution = [-0.99781813  0.99622953], Best Fitness = 1.9918600638559099, Evaluations = 352
Generation 45: Best Solution = [-0.99376716  0.99605208], Best Fitness = 1.990436691126316, Evaluations = 360
Generation 46: Best Solution = [-0.99516437  0.99297876], Best Fitness = 1.990703691254545, Evaluations = 368
Generation 47: Best Solution = [-0.99349414  0.99604431], Best Fitness = 1.99057709907445, Evaluations = 376
Generation 48: Best Solution = [-0.99376631  0.99593666], Best Fitness = 1.9903896775017529, Evaluations = 384
Generation 49: Best Solution = [-0.99361347  0.99604341], Best Fitness = 1.990510240504861, Evaluations = 392
Generation 50: Best Solution = [-0.99509545  0.99518973], Best Fitness = 1.9899324157164884, Evaluations = 400
Generation 51: Best Solution = [-0.99588912  0.99373883], Best Fitness = 1.9903848277599643, Evaluations = 408
Generation 52: Best Solution = [-0.99643729  0.99365812], Best Fitness = 1.9906870542854662, Evaluations = 416
Generation 53: Best Solution = [-0.99465356  0.99366321], Best Fitness = 1.990269299480623, Evaluations = 424
Generation 54: Best Solution = [-0.9941743   0.99193231], Best Fitness = 1.9918557700394857, Evaluations = 432
Generation 55: Best Solution = [-0.9920981   0.99729286], Best Fitness = 1.992620900027024, Evaluations = 440
Generation 56: Best Solution = [-0.99422542  0.99597766], Best Fitness = 1.9902306341249165, Evaluations = 448
Generation 57: Best Solution = [-0.9937174   0.99321045], Best Fitness = 1.9908295312513076, Evaluations = 456
Generation 58: Best Solution = [-0.99400517  0.99585903], Best Fitness = 1.9902591405069359, Evaluations = 464
Generation 59: Best Solution = [-0.99455769  0.99546171], Best Fitness = 1.9900001766425248, Evaluations = 472
Generation 60: Best Solution = [-0.99610622  0.99431078], Best Fitness = 1.990262498542009, Evaluations = 480
Generation 61: Best Solution = [-0.99516536  0.99826674], Best Fitness = 1.9920970132589346, Evaluations = 488
Generation 62: Best Solution = [-0.99456067  0.99493268], Best Fitness = 1.9899496529304344, Evaluations = 496
Generation 63: Best Solution = [-0.99416667  0.99226139], Best Fitness = 1.9914847947047036, Evaluations = 504
Generation 64: Best Solution = [-0.99540015  0.99692604], Best Fitness = 1.9907243905592082, Evaluations = 512
Generation 65: Best Solution = [-0.99684213  0.9940063 ], Best Fitness = 1.990801475608933, Evaluations = 520
Generation 66: Best Solution = [-0.99470932  0.99901329], Best Fitness = 1.9931911080217048, Evaluations = 528
Generation 67: Best Solution = [-0.99391895  0.99402671], Best Fitness = 1.990304648493094, Evaluations = 536
Generation 68: Best Solution = [-0.99624039  0.99380861], Best Fitness = 1.990506145765984, Evaluations = 544
Generation 69: Best Solution = [-0.99418527  0.99559079], Best Fitness = 1.9901159503347685, Evaluations = 552
Generation 70: Best Solution = [-0.99480504  0.99469352], Best Fitness = 1.9899367301078073, Evaluations = 560
Generation 71: Best Solution = [-0.9971211   0.99488723], Best Fitness = 1.9908465059041873, Evaluations = 568
Generation 72: Best Solution = [-0.99638469  0.996383  ], Best Fitness = 1.9907237365599997, Evaluations = 576
Generation 73: Best Solution = [-0.99635882  0.99450789], Best Fitness = 1.990347187805149, Evaluations = 584
Generation 74: Best Solution = [-0.99484581  0.99333601], Best Fitness = 1.990442666446505, Evaluations = 592
Generation 75: Best Solution = [-0.99592414  0.99426187], Best Fitness = 1.9901992364424892, Evaluations = 600
Generation 76: Best Solution = [-0.99474744  0.99580776], Best Fitness = 1.9900699386892846, Evaluations = 608
Generation 77: Best Solution = [-0.99430331  0.99583713], Best Fitness = 1.9901563079826836, Evaluations = 616
Generation 78: Best Solution = [-0.99501186  0.99418954], Best Fitness = 1.9900359631850364, Evaluations = 624
Generation 79: Best Solution = [-0.99649069  0.99514702], Best Fitness = 1.9903906230004935, Evaluations = 632
Generation 80: Best Solution = [-0.99395376  0.99373499], Best Fitness = 1.990415215857226, Evaluations = 640
Generation 81: Best Solution = [-0.99478164  0.99594629], Best Fitness = 1.9901177665342331, Evaluations = 648
Generation 82: Best Solution = [-0.9955527   0.99813621], Best Fitness = 1.9919906044578042, Evaluations = 656
Generation 83: Best Solution = [-0.99748443  0.99508645], Best Fitness = 1.9911865723849687, Evaluations = 664
Generation 84: Best Solution = [-0.99576003  0.99568815], Best Fitness = 1.9901510041967896, Evaluations = 672
Generation 85: Best Solution = [-0.99286912  0.99512208], Best Fitness = 1.9907890454722192, Evaluations = 680
Generation 86: Best Solution = [-0.99411561  0.99321782], Best Fitness = 1.9906598746630735, Evaluations = 688
Generation 87: Best Solution = [-0.99529258  0.99468848], Best Fitness = 1.9899547004533424, Evaluations = 696
Generation 88: Best Solution = [-0.99565921  0.99368973], Best Fitness = 1.9903346917877869, Evaluations = 704
Generation 89: Best Solution = [-0.99540951  0.99612847], Best Fitness = 1.9902298107419085, Evaluations = 712
Generation 90: Best Solution = [-0.99460504  0.99516851], Best Fitness = 1.9899516398456498, Evaluations = 720
Generation 91: Best Solution = [-0.99569559  0.99164311], Best Fitness = 1.992205036699609, Evaluations = 728
Generation 92: Best Solution = [-0.99378973  0.99574187], Best Fitness = 1.9903106779995205, Evaluations = 736
Generation 93: Best Solution = [-0.99424383  0.99604719], Best Fitness = 1.9902544111965454, Evaluations = 744
Generation 94: Best Solution = [-0.99513754  0.99401105], Best Fitness = 1.9901025000665697, Evaluations = 752
Generation 95: Best Solution = [-0.99488048  0.99465121], Best Fitness = 1.9899380666369808, Evaluations = 760
Generation 96: Best Solution = [-0.99543028  0.99251295], Best Fitness = 1.9911480785120332, Evaluations = 768
Generation 97: Best Solution = [-0.99670813  0.99560166], Best Fitness = 1.9906070909800633, Evaluations = 776
Generation 98: Best Solution = [-0.99394447  0.99490667], Best Fitness = 1.990122587686237, Evaluations = 784
Generation 99: Best Solution = [-0.99372897  0.99476636], Best Fitness = 1.9902252544321257, Evaluations = 792
Generation 100: Best Solution = [-0.99458924  0.99511516], Best Fitness = 1.9899500300580293, Evaluations = 800
Generation 101: Best Solution = [-0.9942959   0.99420113], Best Fitness = 1.990118984773794, Evaluations = 808
Generation 102: Best Solution = [-0.99429339  0.9957294 ], Best Fitness = 1.9901236716027881, Evaluations = 816
Generation 103: Best Solution = [-0.99435049  0.99378886], Best Fitness = 1.9902627649865252, Evaluations = 824
Generation 104: Best Solution = [-0.99260502  0.99390917], Best Fitness = 1.9912347501202632, Evaluations = 832
Generation 105: Best Solution = [-0.99536716  0.99510243], Best Fitness = 1.9899553089937, Evaluations = 840
Generation 106: Best Solution = [-0.99459976  0.99443069], Best Fitness = 1.9899989203995716, Evaluations = 848
Generation 107: Best Solution = [-0.9959615   0.99334843], Best Fitness = 1.990631627796141, Evaluations = 856
Generation 108: Best Solution = [-0.99385581  0.99338194], Best Fitness = 1.9906521631074554, Evaluations = 864
Generation 109: Best Solution = [-0.99491413  0.99473969], Best Fitness = 1.9899280125781083, Evaluations = 872
Generation 110: Best Solution = [-0.99553013  0.99600509], Best Fitness = 1.9902000360953522, Evaluations = 880
Generation 111: Best Solution = [-0.99485643  0.99465678], Best Fitness = 1.9899382538442154, Evaluations = 888
Generation 112: Best Solution = [-0.99443428  0.99546831], Best Fitness = 1.9900241442088102, Evaluations = 896
Generation 113: Best Solution = [-0.99640712  0.99821138], Best Fitness = 1.9924325689394742, Evaluations = 904
Generation 114: Best Solution = [-0.99676005  0.99715883], Best Fitness = 1.9915216973871246, Evaluations = 912
Generation 115: Best Solution = [-0.99493604  0.99500902], Best Fitness = 1.9899187187082035, Evaluations = 920
Generation 116: Best Solution = [-0.9953345   0.99564761], Best Fitness = 1.9900402572671183, Evaluations = 928
Generation 117: Best Solution = [-0.99544176  0.99548419], Best Fitness = 1.9900191694874394, Evaluations = 936
Generation 118: Best Solution = [-0.99564918  0.99407642], Best Fitness = 1.9901669976802978, Evaluations = 944
Generation 119: Best Solution = [-0.99618801  0.99539056], Best Fitness = 1.9902548209699944, Evaluations = 952
Generation 120: Best Solution = [-0.99540655  0.99544403], Best Fitness = 1.9900046170624606, Evaluations = 960
Generation 121: Best Solution = [-0.99396911  0.99409955], Best Fitness = 1.9902585992889215, Evaluations = 968
Generation 122: Best Solution = [-0.99555691  0.995331  ], Best Fitness = 1.9900165864886148, Evaluations = 976
Generation 123: Best Solution = [-0.99657776  0.99409856], Best Fitness = 1.9905846782593741, Evaluations = 984
Generation 124: Best Solution = [-0.99354764  0.99321637], Best Fitness = 1.990914699986515, Evaluations = 992
Generation 125: Best Solution = [-0.99403267  0.99418791], Best Fitness = 1.9902059085922446, Evaluations = 1000
Generation 126: Best Solution = [-0.99511093  0.99542987], Best Fitness = 1.9899667469281717, Evaluations = 1008
Generation 127: Best Solution = [-0.99451559  0.99396237], Best Fitness = 1.9901538376860017, Evaluations = 1016
Generation 128: Best Solution = [-0.99544498  0.99554047], Best Fitness = 1.990032149713418, Evaluations = 1024
Generation 129: Best Solution = [-0.99545973  0.99232499], Best Fitness = 1.991343012512953, Evaluations = 1032
Generation 130: Best Solution = [-0.99437311  0.99628413], Best Fitness = 1.9903345117992899, Evaluations = 1040
Generation 131: Best Solution = [-0.99587282  0.99374822], Best Fitness = 1.9903743412312807, Evaluations = 1048
Generation 132: Best Solution = [-0.99754375  0.99515758], Best Fitness = 1.9912513147682773, Evaluations = 1056
Generation 133: Best Solution = [-0.99551837  0.99253867], Best Fitness = 1.9911412880961592, Evaluations = 1064
Generation 134: Best Solution = [-0.99656092  0.99364776], Best Fitness = 1.9907679564544267, Evaluations = 1072
Generation 135: Best Solution = [-0.99447072  0.99463326], Best Fitness = 1.9899863122611379, Evaluations = 1080
Generation 136: Best Solution = [-0.99617683  0.99552426], Best Fitness = 1.990275842254718, Evaluations = 1088
Generation 137: Best Solution = [-0.9925763   0.99510781], Best Fitness = 1.9910477508754987, Evaluations = 1096
Generation 138: Best Solution = [-0.99711368  0.99571177], Best Fitness = 1.9909516238495577, Evaluations = 1104
Generation 139: Best Solution = [-0.99652175  0.99539785], Best Fitness = 1.990440908633449, Evaluations = 1112
Generation 140: Best Solution = [-0.99496374  0.99453867], Best Fitness = 1.989953091340091, Evaluations = 1120
Generation 141: Best Solution = [-0.99366687  0.99582801], Best Fitness = 1.9903988453036092, Evaluations = 1128
Generation 142: Best Solution = [-0.9965153  0.9948595], Best Fitness = 1.990400613214021, Evaluations = 1136
Generation 143: Best Solution = [-0.99553986  0.99625323], Best Fitness = 1.9903174618517738, Evaluations = 1144
Generation 144: Best Solution = [-0.99484879  0.99228012], Best Fitness = 1.9913428638766533, Evaluations = 1152
Generation 145: Best Solution = [-0.99482708  0.99112685], Best Fitness = 1.99283211941232, Evaluations = 1160
Generation 146: Best Solution = [-0.99468058  0.99264972], Best Fitness = 1.9909903821442683, Evaluations = 1168
Generation 147: Best Solution = [-0.9941349   0.99342557], Best Fitness = 1.9905186532920034, Evaluations = 1176
Generation 148: Best Solution = [-0.99318913  0.99509559], Best Fitness = 1.9905426428863535, Evaluations = 1184
Generation 149: Best Solution = [-0.99404972  0.99397193], Best Fitness = 1.9902749608238395, Evaluations = 1192
Generation 150: Best Solution = [-0.99422762  0.992777  ], Best Fitness = 1.990967706586133, Evaluations = 1200
Generation 151: Best Solution = [-0.99506238  0.99432417], Best Fitness = 1.9900000686765154, Evaluations = 1208
Generation 152: Best Solution = [-0.99562524  0.99538087], Best Fitness = 1.9900415825763638, Evaluations = 1216
Generation 153: Best Solution = [-0.99515679  0.99575455], Best Fitness = 1.9900515212301073, Evaluations = 1224
Generation 154: Best Solution = [-0.99428517  0.99341728], Best Fitness = 1.990479093570329, Evaluations = 1232
Generation 155: Best Solution = [-0.99814008  0.99457021], Best Fitness = 1.9919554218696938, Evaluations = 1240
Generation 156: Best Solution = [-0.99549524  0.99565876], Best Fitness = 1.990072415101281, Evaluations = 1248
Generation 157: Best Solution = [-0.99468866  0.99460373], Best Fitness = 1.989957543832304, Evaluations = 1256
Generation 158: Best Solution = [-0.99529634  0.99310655], Best Fitness = 1.9906208288488223, Evaluations = 1264
Generation 159: Best Solution = [-0.99428193  0.99348093], Best Fitness = 1.9904418661526186, Evaluations = 1272
Generation 160: Best Solution = [-0.99576467  0.99546639], Best Fitness = 1.9900980727944884, Evaluations = 1280
Generation 161: Best Solution = [-0.99452872  0.99517027], Best Fitness = 1.9899636451263518, Evaluations = 1288
Generation 162: Best Solution = [-0.99279356  0.99444527], Best Fitness = 1.9908997366139296, Evaluations = 1296
Generation 163: Best Solution = [-0.99336083  0.99458705], Best Fitness = 1.9904516747484138, Evaluations = 1304
Generation 164: Best Solution = [-0.99846832  0.99355923], Best Fitness = 1.9927494097731078, Evaluations = 1312
Generation 165: Best Solution = [-0.99857432  0.99409902], Best Fitness = 1.9926574599445743, Evaluations = 1320
Generation 166: Best Solution = [-0.99607093  0.99371507], Best Fitness = 1.9904700850308252, Evaluations = 1328
Generation 167: Best Solution = [-0.99672015  0.99694728], Best Fitness = 1.991317750610257, Evaluations = 1336
Generation 168: Best Solution = [-0.99693489  0.99679613], Best Fitness = 1.991362242745943, Evaluations = 1344
Generation 169: Best Solution = [-0.99366869  0.99574104], Best Fitness = 1.9903694295015057, Evaluations = 1352
Generation 170: Best Solution = [-0.99273173  0.99360028], Best Fitness = 1.9912671579457317, Evaluations = 1360
Generation 171: Best Solution = [-0.9927355   0.99634175], Best Fitness = 1.991277353493352, Evaluations = 1368
Generation 172: Best Solution = [-0.99320498  0.99597631], Best Fitness = 1.9907332279375254, Evaluations = 1376
Generation 173: Best Solution = [-0.99524193  0.9930006 ], Best Fitness = 1.9906941570290542, Evaluations = 1384
Generation 174: Best Solution = [-0.99623561  0.99446318], Best Fitness = 1.990290162449753, Evaluations = 1392
Generation 175: Best Solution = [-0.99495026  0.99490728], Best Fitness = 1.9899186510706564, Evaluations = 1400
Generation 176: Best Solution = [-0.99521198  0.99638859], Best Fitness = 1.9903363414716253, Evaluations = 1408
Generation 177: Best Solution = [-0.99523935  0.99605782], Best Fitness = 1.9901733344344166, Evaluations = 1416
Generation 178: Best Solution = [-0.99531122  0.99435386], Best Fitness = 1.9900152879070596, Evaluations = 1424
Generation 179: Best Solution = [-0.99474017  0.99345162], Best Fitness = 1.990377874875584, Evaluations = 1432
Generation 180: Best Solution = [-0.99328408  0.99401962], Best Fitness = 1.990648925389312, Evaluations = 1440
Generation 181: Best Solution = [-0.99282592  0.99483244], Best Fitness = 1.9908230679281438, Evaluations = 1448
Generation 182: Best Solution = [-0.99235937  0.99351332], Best Fitness = 1.991671737719173, Evaluations = 1456
Generation 183: Best Solution = [-0.99466814  0.99408847], Best Fitness = 1.990084984691915, Evaluations = 1464
Generation 184: Best Solution = [-0.99564757  0.99355688], Best Fitness = 1.9904018277257123, Evaluations = 1472
Generation 185: Best Solution = [-0.99535784  0.99536677], Best Fitness = 1.9899827463533697, Evaluations = 1480
Generation 186: Best Solution = [-0.9956386   0.99451177], Best Fitness = 1.9900493945259754, Evaluations = 1488
Generation 187: Best Solution = [-0.99709226  0.99256346], Best Fitness = 1.9919583090476465, Evaluations = 1496
Generation 188: Best Solution = [-0.99570933  0.99648651], Best Fitness = 1.990492802806596, Evaluations = 1504
Generation 189: Best Solution = [-0.99678722  0.99556409], Best Fitness = 1.9906539126563843, Evaluations = 1512
Generation 190: Best Solution = [-0.99583306  0.99680613], Best Fitness = 1.9907466321718559, Evaluations = 1520
Generation 191: Best Solution = [-0.9964957   0.99562853], Best Fitness = 1.990475627033657, Evaluations = 1528
Generation 192: Best Solution = [-0.99473533  0.99495277], Best Fitness = 1.9899280091680893, Evaluations = 1536
Generation 193: Best Solution = [-0.99604987  0.99694858], Best Fitness = 1.9909395648110149, Evaluations = 1544
Generation 194: Best Solution = [-0.995729    0.99680229], Best Fitness = 1.9907098817308437, Evaluations = 1552
Generation 195: Best Solution = [-0.99587489  0.99445709], Best Fitness = 1.9901344755071335, Evaluations = 1560
Generation 196: Best Solution = [-0.99507329  0.99433152], Best Fitness = 1.9899987020622483, Evaluations = 1568
Generation 197: Best Solution = [-0.99498803  0.99538294], Best Fitness = 1.989953985004206, Evaluations = 1576
Generation 198: Best Solution = [-0.99647972  0.99459317], Best Fitness = 1.990403430456574, Evaluations = 1584
Generation 199: Best Solution = [-0.99652297  0.99580994], Best Fitness = 1.9905471259538814, Evaluations = 1592
Generation 200: Best Solution = [-0.99339914  0.99473409], Best Fitness = 1.9904103123012291, Evaluations = 1600
Generation 201: Best Solution = [-0.99361852  0.99528549], Best Fitness = 1.9902953808106503, Evaluations = 1608
Generation 202: Best Solution = [-0.99596733  0.99548664], Best Fitness = 1.990175165930303, Evaluations = 1616
Generation 203: Best Solution = [-0.99587938  0.99522462], Best Fitness = 1.9901002604407267, Evaluations = 1624
Generation 204: Best Solution = [-0.99539954  0.99375996], Best Fitness = 1.9902415543541991, Evaluations = 1632
Generation 205: Best Solution = [-0.99484589  0.99592201], Best Fitness = 1.9901046798712052, Evaluations = 1640
Generation 206: Best Solution = [-0.99441208  0.99462642], Best Fitness = 1.9899992316808195, Evaluations = 1648
Generation 207: Best Solution = [-0.99253536  0.99374936], Best Fitness = 1.9913722838381922, Evaluations = 1656
Generation 208: Best Solution = [-0.99740611  0.99435417], Best Fitness = 1.9911785284825214, Evaluations = 1664
Generation 209: Best Solution = [-0.99593862  0.99561833], Best Fitness = 1.990194860009538, Evaluations = 1672
Generation 210: Best Solution = [-0.99563583  0.99417036], Best Fitness = 1.9901322620672168, Evaluations = 1680
Generation 211: Best Solution = [-0.99447364  0.99608798], Best Fitness = 1.9902176823366666, Evaluations = 1688
Generation 212: Best Solution = [-0.99701846  0.99529354], Best Fitness = 1.9907817920530846, Evaluations = 1696
Generation 213: Best Solution = [-0.99463496  0.99488131], Best Fitness = 1.9899400734862063, Evaluations = 1704
Generation 214: Best Solution = [-0.99602095  0.99346573], Best Fitness = 1.990583807465839, Evaluations = 1712
Generation 215: Best Solution = [-0.99713238  0.99297589], Best Fitness = 1.9916346308762023, Evaluations = 1720
Generation 216: Best Solution = [-0.99332595  0.99492933], Best Fitness = 1.9904468093252667, Evaluations = 1728
Generation 217: Best Solution = [-0.99467174  0.99363764], Best Fitness = 1.990280433600411, Evaluations = 1736
Generation 218: Best Solution = [-0.99509798  0.99272775], Best Fitness = 1.9909086809810965, Evaluations = 1744
Generation 219: Best Solution = [-0.99585548  0.99459046], Best Fitness = 1.9901044965699946, Evaluations = 1752
Generation 220: Best Solution = [-0.995301    0.99444357], Best Fitness = 1.9899939609878885, Evaluations = 1760
Generation 221: Best Solution = [-0.99473032  0.99340773], Best Fitness = 1.9904053542293845, Evaluations = 1768
Generation 222: Best Solution = [-0.99479465  0.9945281 ], Best Fitness = 1.9899602011551423, Evaluations = 1776
Generation 223: Best Solution = [-0.99452116  0.9949107 ], Best Fitness = 1.9899565191861583, Evaluations = 1784
Generation 224: Best Solution = [-0.99497949  0.99471884], Best Fitness = 1.9899296028909141, Evaluations = 1792
Generation 225: Best Solution = [-0.99562254  0.99695176], Best Fitness = 1.990793338706613, Evaluations = 1800
Generation 226: Best Solution = [-0.99583395  0.99599181], Best Fitness = 1.990281729860012, Evaluations = 1808
Generation 227: Best Solution = [-0.99458793  0.9958673 ], Best Fitness = 1.990109097496223, Evaluations = 1816
Generation 228: Best Solution = [-0.99575827  0.99552352], Best Fitness = 1.9901081885524974, Evaluations = 1824
Generation 229: Best Solution = [-0.99651194  0.99586802], Best Fitness = 1.990560584393716, Evaluations = 1832
Generation 230: Best Solution = [-0.99507743  0.99257534], Best Fitness = 1.9910470394385094, Evaluations = 1840
Generation 231: Best Solution = [-0.99346381  0.99495209], Best Fitness = 1.990361162720319, Evaluations = 1848
Generation 232: Best Solution = [-0.99415833  0.99462227], Best Fitness = 1.9900675464895912, Evaluations = 1856
Generation 233: Best Solution = [-0.9932792   0.99315212], Best Fitness = 1.9911243797721525, Evaluations = 1864
Generation 234: Best Solution = [-0.99302032  0.99461164], Best Fitness = 1.9906868873730872, Evaluations = 1872
Generation 235: Best Solution = [-0.99387888  0.99339789], Best Fitness = 1.9906322591848564, Evaluations = 1880
Generation 236: Best Solution = [-0.99303871  0.99402128], Best Fitness = 1.9908231624518464, Evaluations = 1888
Generation 237: Best Solution = [-0.99427157  0.9945325 ], Best Fitness = 1.9900477239145964, Evaluations = 1896
Generation 238: Best Solution = [-0.99377277  0.99504189], Best Fitness = 1.9901983203649571, Evaluations = 1904
Generation 239: Best Solution = [-0.99301194  0.99492184], Best Fitness = 1.9906697355873746, Evaluations = 1912
Generation 240: Best Solution = [-0.99503466  0.99559231], Best Fitness = 1.989998884938128, Evaluations = 1920
Generation 241: Best Solution = [-0.99518135  0.99460168], Best Fitness = 1.989953215099348, Evaluations = 1928
Generation 242: Best Solution = [-0.99435038  0.99785303], Best Fitness = 1.9916529444210624, Evaluations = 1936
Generation 243: Best Solution = [-0.99419262  0.99424358], Best Fitness = 1.9901358451033815, Evaluations = 1944
Generation 244: Best Solution = [-0.99279571  0.99506545], Best Fitness = 1.9908478988956695, Evaluations = 1952
Generation 245: Best Solution = [-0.99376574  0.99640742], Best Fitness = 1.9906165123455395, Evaluations = 1960
Generation 246: Best Solution = [-0.99569299  0.99451614], Best Fitness = 1.9900638797684422, Evaluations = 1968
Generation 247: Best Solution = [-0.99543566  0.99621438], Best Fitness = 1.9902759498347748, Evaluations = 1976
Generation 248: Best Solution = [-0.99596504  0.9945017 ], Best Fitness = 1.9901603679287696, Evaluations = 1984
Generation 249: Best Solution = [-0.99555151  0.99386965], Best Fitness = 1.9902229536890488, Evaluations = 1992
Generation 250: Best Solution = [-0.99499848  0.99293396], Best Fitness = 1.990731174023466, Evaluations = 2000
