Algorithm: Cross-Entropy Method
Objective Function: Sphere
Dimension: 10
Population Size: 64
Max Evaluations: 10000

Generation 1: Best Solution = [-0.01353351  4.77288328  1.53508301 -0.15460378  0.14330708  0.43205404
 -0.66237202 -0.53974006  1.51195393 -3.71669624], Best Fitness = 42.19807932307003, Evaluations = 64
Generation 2: Best Solution = [ 1.32592251  2.47466313 -1.09458176  1.38806045  1.25346194  1.29577702
  2.69463296 -0.15620908  1.09190192 -2.72504126], Best Fitness = 30.160601851942943, Evaluations = 128
Generation 3: Best Solution = [ 1.00311107  2.2108081   0.40858584  0.64887744  1.94729231  0.14249681
  1.83436734 -0.32022634  1.82529788 -2.01251553], Best Fitness = 21.143520809029308, Evaluations = 192
Generation 4: Best Solution = [ 0.93446226  2.05394697  0.37147636 -0.33980651  0.80657412 -1.15665319
  1.03333911 -1.52438955  0.5916737  -2.50671951], Best Fitness = 17.359063145764004, Evaluations = 256
Generation 5: Best Solution = [ 0.75587227  2.47196672  0.52650226  0.39840287  0.36163077 -0.55286314
  0.67817774 -0.41035551  0.87308143 -2.01239789], Best Fitness = 12.994659409943026, Evaluations = 320
Generation 6: Best Solution = [ 0.57051258  2.252658    0.45229474 -0.13243459  0.96570515 -0.41964168
  0.89323125 -0.53875803  0.96737605 -2.08702089], Best Fitness = 13.110342638752144, Evaluations = 384
Generation 7: Best Solution = [ 0.73656504  2.04416462  0.51742988  0.35690879  0.64878484 -0.44358903
  0.51691738 -0.35243366  0.61403368 -2.28805319], Best Fitness = 11.737585449519763, Evaluations = 448
Generation 8: Best Solution = [ 0.93641267  2.00804157 -0.12013025  0.2162102   0.55599316 -0.27029396
  0.51008774 -0.40283614  0.5457829  -2.33144975], Best Fitness = 11.508468357152896, Evaluations = 512
Generation 9: Best Solution = [ 0.66580371  2.14461988  0.2055221   0.13489071  0.61796817 -0.22519455
  0.52212687 -0.23934638  0.59107464 -2.15207745], Best Fitness = 10.846430804723802, Evaluations = 576
Generation 10: Best Solution = [ 0.67409439  2.19032693  0.16285291  0.39128705  0.39274936 -0.28308525
  0.67603965 -0.29439008  0.60122676 -2.10003855], Best Fitness = 10.981281864220142, Evaluations = 640
Generation 11: Best Solution = [ 0.72625282  2.1142775   0.17420224  0.31393471  0.49076222 -0.03490637
  0.7203958  -0.19387129  0.5954809  -2.11954923], Best Fitness = 10.772222564695916, Evaluations = 704
Generation 12: Best Solution = [ 0.73703278  2.19511766  0.30963202  0.46182437  0.41745402  0.02567471
  0.69262893 -0.23664333  0.69197739 -1.97601343], Best Fitness = 10.765036358333534, Evaluations = 768
Generation 13: Best Solution = [ 0.75767482  2.12581839  0.23343228  0.44765514  0.49475091  0.01333633
  0.7510166  -0.21794181  0.59118111 -2.03428957], Best Fitness = 10.692370801031979, Evaluations = 832
Generation 14: Best Solution = [ 0.75286943  2.13139881  0.20213381  0.38935848  0.4836127  -0.01356266
  0.66058739 -0.26532801  0.61424249 -2.05788839], Best Fitness = 10.655169668453059, Evaluations = 896
Generation 15: Best Solution = [ 0.72895428  2.12911431  0.14844414  0.28393046  0.57446134 -0.0856375
  0.6657028  -0.1650456   0.56625099 -2.07796574], Best Fitness = 10.613475925668151, Evaluations = 960
Generation 16: Best Solution = [ 7.66791369e-01  2.09511297e+00  1.63575927e-01  3.51349617e-01
  5.57257285e-01 -1.78157528e-03  6.60933326e-01 -1.53015174e-01
  5.62456438e-01 -2.09064924e+00], Best Fitness = 10.585627823051063, Evaluations = 1024
Generation 17: Best Solution = [ 0.75847938  2.07298771  0.19233515  0.30379247  0.53637224 -0.03541199
  0.64420805 -0.23116924  0.58913239 -2.11154671], Best Fitness = 10.564950602343437, Evaluations = 1088
Generation 18: Best Solution = [ 0.73762818  2.12102588  0.16783164  0.33754789  0.53313594 -0.04958667
  0.66765102 -0.17102222  0.57983395 -2.06227804], Best Fitness = 10.535849534117435, Evaluations = 1152
Generation 19: Best Solution = [ 0.71974854  2.08284733  0.16957458  0.31273628  0.54474921 -0.08613347
  0.66964746 -0.22862901  0.55339732 -2.09967475], Best Fitness = 10.50260274252173, Evaluations = 1216
Generation 20: Best Solution = [ 0.74240435  2.06877098  0.19230255  0.3149239   0.54654734 -0.04524279
  0.63477857 -0.20426029  0.57684517 -2.09977317], Best Fitness = 10.454359651598448, Evaluations = 1280
Generation 21: Best Solution = [ 0.75956267  2.03125193  0.18383399  0.31098374  0.51448505 -0.03293885
  0.61781876 -0.23839956  0.55643525 -2.13362508], Best Fitness = 10.3997160940525, Evaluations = 1344
Generation 22: Best Solution = [ 0.77692167  2.04584027  0.17140109  0.32947629  0.54760278  0.03559464
  0.61939542 -0.2110776   0.5722906  -2.09942276], Best Fitness = 10.391435325984435, Evaluations = 1408
Generation 23: Best Solution = [ 0.75493046  2.04496659  0.18688832  0.34346983  0.53052803 -0.0215993
  0.61849549 -0.20997588  0.55711486 -2.09976061], Best Fitness = 10.332631793616287, Evaluations = 1472
Generation 24: Best Solution = [ 0.77596016  2.03772812  0.17726887  0.34095966  0.52780593  0.0123624
  0.60251357 -0.22525539  0.56820092 -2.09697579], Best Fitness = 10.31478207818851, Evaluations = 1536
Generation 25: Best Solution = [ 0.78195227  2.04380194  0.17640581  0.3499798   0.53834438  0.027894
  0.61342589 -0.22043199  0.56769141 -2.07204789], Best Fitness = 10.273310947063598, Evaluations = 1600
Generation 26: Best Solution = [ 0.77138068  2.00891522  0.18201123  0.3234143   0.54223667  0.00935989
  0.62157235 -0.22921725  0.55899438 -2.10611843], Best Fitness = 10.249703963894575, Evaluations = 1664
Generation 27: Best Solution = [ 0.74659569  2.0136156   0.19176163  0.32885105  0.56553967 -0.02576718
  0.63351231 -0.19734395  0.54821219 -2.09851005], Best Fitness = 10.222031025906805, Evaluations = 1728
Generation 28: Best Solution = [ 0.75763677  1.99632677  0.20425646  0.32802309  0.54963422 -0.01718115
  0.62756515 -0.218265    0.54426345 -2.1089154 ], Best Fitness = 10.196271361782685, Evaluations = 1792
Generation 29: Best Solution = [ 0.75429358  1.97991064  0.20748907  0.32443588  0.54007933 -0.02916082
  0.62928944 -0.21591923  0.53357903 -2.12301567], Best Fitness = 10.164379737895336, Evaluations = 1856
Generation 30: Best Solution = [ 0.75372909  2.01115608  0.21238015  0.3211627   0.52439392 -0.00635652
  0.63591636 -0.199035    0.54369786 -2.08856215], Best Fitness = 10.137840321489405, Evaluations = 1920
Generation 31: Best Solution = [ 0.7535064   1.99148859  0.20148209  0.33080088  0.54372052 -0.00957332
  0.60922882 -0.21791536  0.54791893 -2.09876652], Best Fitness = 10.103229543097394, Evaluations = 1984
Generation 32: Best Solution = [ 0.75339357  1.99029319  0.23367262  0.33107269  0.5105859  -0.0135777
  0.63006109 -0.19001401  0.5267103  -2.09811215], Best Fitness = 10.06654381909048, Evaluations = 2048
Generation 33: Best Solution = [ 0.74387309  1.98523774  0.22434465  0.34101411  0.5225801  -0.00913699
  0.61303085 -0.19346809  0.53155355 -2.09142882], Best Fitness = 10.004171054707726, Evaluations = 2112
Generation 34: Best Solution = [ 0.75007497  1.9837682   0.2361483   0.33713299  0.51007643 -0.00839762
  0.62287928 -0.18185814  0.51696194 -2.09126867], Best Fitness = 9.98932716706925, Evaluations = 2176
Generation 35: Best Solution = [ 0.75929635  1.96131604  0.25484512  0.33621054  0.50367116 -0.01213636
  0.61753132 -0.17894654  0.50434765 -2.10709663], Best Fitness = 9.962696595907577, Evaluations = 2240
Generation 36: Best Solution = [ 0.73584596  1.97892431  0.2116522   0.34187416  0.53780779  0.00356651
  0.61951373 -0.20354593  0.54209557 -2.07553978], Best Fitness = 9.935496423253994, Evaluations = 2304
Generation 37: Best Solution = [ 0.75627706  1.96267068  0.2287495   0.33280423  0.49132691 -0.00408453
  0.61759656 -0.19299946  0.51503615 -2.09647497], Best Fitness = 9.907678831746015, Evaluations = 2368
Generation 38: Best Solution = [ 0.74611641  1.97195092  0.19820223  0.34360367  0.49860846 -0.00658011
  0.61140536 -0.18992243  0.52984588 -2.08324186], Best Fitness = 9.881801766933663, Evaluations = 2432
Generation 39: Best Solution = [ 0.75487577  1.96657938  0.2118743   0.34535581  0.50847174 -0.00917037
  0.6080678  -0.19665121  0.52100898 -2.07399674], Best Fitness = 9.841391829172792, Evaluations = 2496
Generation 40: Best Solution = [ 0.73203579  1.95457629  0.19291639  0.32881756  0.48226781  0.0222172
  0.61237102 -0.20559384  0.53421039 -2.09372452], Best Fitness = 9.820988636565188, Evaluations = 2560
Generation 41: Best Solution = [ 0.73951166  1.96198374  0.19931684  0.32406694  0.49558847  0.00761912
  0.62646972 -0.19484746  0.53355272 -2.07373549], Best Fitness = 9.802157514190508, Evaluations = 2624
Generation 42: Best Solution = [ 0.73488282  1.93875268  0.22022615  0.32145563  0.47047285  0.00923534
  0.61041136 -0.19007326  0.51281623 -2.09930955], Best Fitness = 9.750888906065859, Evaluations = 2688
Generation 43: Best Solution = [ 7.36872606e-01  1.95473578e+00  1.98221268e-01  3.22458466e-01
  4.83059310e-01 -2.00152516e-03  6.20161021e-01 -1.94541556e-01
  5.23995174e-01 -2.07098233e+00], Best Fitness = 9.726579515226867, Evaluations = 2752
Generation 44: Best Solution = [ 0.74476991  1.93864039  0.20837644  0.3258808   0.47358451  0.0043005
  0.61168894 -0.18158083  0.51188663 -2.07754581], Best Fitness = 9.67228807759156, Evaluations = 2816
Generation 45: Best Solution = [ 7.43807800e-01  1.93763606e+00  2.10413864e-01  3.28232471e-01
  4.70420305e-01 -5.77528126e-05  6.08446221e-01 -1.86450736e-01
  5.09811406e-01 -2.07518346e+00], Best Fitness = 9.652254091878099, Evaluations = 2880
Generation 46: Best Solution = [ 0.74924936  1.9277866   0.22680507  0.3239561   0.46892485 -0.00660923
  0.62276258 -0.18484959  0.50424517 -2.07457773], Best Fitness = 9.634196599161122, Evaluations = 2944
Generation 47: Best Solution = [ 0.72810445  1.9213027   0.20889703  0.32221448  0.45414157 -0.0094455
  0.60470046 -0.18732026  0.49167673 -2.09035633], Best Fitness = 9.587421236664024, Evaluations = 3008
Generation 48: Best Solution = [ 0.74342231  1.92590081  0.20956692  0.32765905  0.45761768  0.00349316
  0.60936803 -0.17517173  0.49372944 -2.07542825], Best Fitness = 9.575661266398797, Evaluations = 3072
Generation 49: Best Solution = [ 0.74100061  1.91442983  0.22675148  0.33502237  0.47412691  0.00329436
  0.61511821 -0.1603706   0.49622057 -2.06526928], Best Fitness = 9.518248086155818, Evaluations = 3136
Generation 50: Best Solution = [ 7.33623518e-01  1.91676454e+00  1.99620740e-01  3.27940671e-01
  4.61819662e-01  4.30134841e-04  6.10087774e-01 -1.70282588e-01
  4.87572581e-01 -2.06910808e+00], Best Fitness = 9.492999391554577, Evaluations = 3200
Generation 51: Best Solution = [ 0.74289476  1.91579198  0.21229147  0.3313232   0.46480086  0.00918513
  0.61200817 -0.16268443  0.50225101 -2.05385401], Best Fitness = 9.46471105493558, Evaluations = 3264
Generation 52: Best Solution = [ 7.35558770e-01  1.91360518e+00  2.13211074e-01  3.27564866e-01
  4.61031233e-01  1.82146251e-03  6.09955569e-01 -1.62690537e-01
  4.91616019e-01 -2.05774231e+00], Best Fitness = 9.442746030145468, Evaluations = 3328
Generation 53: Best Solution = [ 0.74384249  1.91190501  0.22428847  0.31788002  0.44581258  0.01564152
  0.61174326 -0.1741686   0.50130165 -2.04976859], Best Fitness = 9.4164480802763, Evaluations = 3392
Generation 54: Best Solution = [ 0.71492522  1.90073635  0.21257281  0.32688304  0.46713485  0.01352474
  0.60993018 -0.16720682  0.48749124 -2.06106801], Best Fitness = 9.379976352146077, Evaluations = 3456
Generation 55: Best Solution = [ 0.71966331  1.90588792  0.21464787  0.32494857  0.46542884  0.00380952
  0.60875791 -0.17426253  0.48110422 -2.04665853], Best Fitness = 9.339853846673762, Evaluations = 3520
Generation 56: Best Solution = [ 0.73311025  1.9022802   0.22100262  0.32286779  0.46678713  0.00303705
  0.61092459 -0.17638995  0.48053061 -2.03910168], Best Fitness = 9.320293390679803, Evaluations = 3584
Generation 57: Best Solution = [ 0.73962903  1.90105733  0.2105981   0.30606347  0.45745781  0.00306766
  0.60971299 -0.16178979  0.48472822 -2.03705446], Best Fitness = 9.290851715511657, Evaluations = 3648
Generation 58: Best Solution = [ 0.72916837  1.89221038  0.21231301  0.31598932  0.45923749 -0.01199089
  0.59776586 -0.15799621  0.47875148 -2.04111626], Best Fitness = 9.245760948123383, Evaluations = 3712
Generation 59: Best Solution = [ 7.32143997e-01  1.89176395e+00  2.20131585e-01  3.08910515e-01
  4.65255343e-01 -6.66545845e-04  6.01901728e-01 -1.66452001e-01
  4.78213100e-01 -2.03277015e+00], Best Fitness = 9.225986484329436, Evaluations = 3776
Generation 60: Best Solution = [ 0.7318588   1.89246532  0.20677768  0.30731841  0.45221668 -0.00715589
  0.59554058 -0.15215416  0.4745166  -2.03070107], Best Fitness = 9.185527334331079, Evaluations = 3840
Generation 61: Best Solution = [ 7.23139987e-01  1.89982709e+00  2.30733958e-01  2.93393017e-01
  4.79421592e-01  1.11521650e-03  5.97352557e-01 -1.57018424e-01
  4.94088415e-01 -2.00289998e+00], Best Fitness = 9.138654898896103, Evaluations = 3904
Generation 62: Best Solution = [ 7.21678230e-01  1.89304433e+00  2.19941333e-01  3.01172943e-01
  4.70426585e-01  2.74257537e-04  5.93242183e-01 -1.45959226e-01
  4.80490456e-01 -2.01527916e+00], Best Fitness = 9.130278446562274, Evaluations = 3968
Generation 63: Best Solution = [ 0.72849139  1.88396694  0.23209736  0.28976039  0.47545456 -0.00611556
  0.59934574 -0.16981828  0.48799284 -2.00530025], Best Fitness = 9.091375528234513, Evaluations = 4032
Generation 64: Best Solution = [ 0.72582081  1.87702799  0.23993149  0.28465335  0.46614674 -0.01329056
  0.60739666 -0.16150649  0.49222429 -2.00174193], Best Fitness = 9.050384529000286, Evaluations = 4096
Generation 65: Best Solution = [ 0.71926521  1.87810592  0.23686629  0.27411665  0.47777594 -0.01528168
  0.5978892  -0.16187835  0.50367145 -1.99312238], Best Fitness = 9.01427112301565, Evaluations = 4160
Generation 66: Best Solution = [ 0.71540011  1.86835344  0.23480967  0.27728516  0.4875245  -0.01816329
  0.59408824 -0.1577354   0.49739707 -1.99148012], Best Fitness = 8.963792767088774, Evaluations = 4224
Generation 67: Best Solution = [ 0.71019126  1.87021336  0.23825838  0.28649683  0.48119    -0.00505579
  0.58579566 -0.1458962   0.48927962 -1.99112366], Best Fitness = 8.940896744818641, Evaluations = 4288
Generation 68: Best Solution = [ 0.70713499  1.86380769  0.235929    0.2774207   0.48368661 -0.01934308
  0.58994333 -0.13750555  0.49083167 -1.98855279], Best Fitness = 8.902969451656032, Evaluations = 4352
Generation 69: Best Solution = [ 0.71694901  1.84431714  0.23170737  0.29751099  0.49319793 -0.01892743
  0.60224195 -0.15265125  0.49130833 -1.98818446], Best Fitness = 8.881584209758293, Evaluations = 4416
Generation 70: Best Solution = [ 0.70928463  1.84953587  0.23402732  0.28217159  0.48102116 -0.03039411
  0.59431388 -0.14462709  0.47752697 -1.98868384], Best Fitness = 8.847583769877662, Evaluations = 4480
Generation 71: Best Solution = [ 0.71297559  1.85438087  0.22450457  0.27221535  0.47429682 -0.02361567
  0.59274375 -0.14851152  0.49173752 -1.97222292], Best Fitness = 8.801951150704152, Evaluations = 4544
Generation 72: Best Solution = [ 0.68571309  1.85192244  0.24314734  0.27734535  0.49261964 -0.01396823
  0.58417579 -0.15124548  0.49606672 -1.97158238], Best Fitness = 8.776085270360522, Evaluations = 4608
Generation 73: Best Solution = [ 0.70065834  1.84662427  0.22251391  0.28398343  0.47465648 -0.03145238
  0.5817336  -0.1474401   0.4949025  -1.97082676], Best Fitness = 8.746629550208034, Evaluations = 4672
Generation 74: Best Solution = [ 0.69177131  1.85550141  0.23832462  0.25238622  0.47631907 -0.02893011
  0.59155971 -0.143038    0.4901196  -1.9586179 ], Best Fitness = 8.716451333138643, Evaluations = 4736
Generation 75: Best Solution = [ 0.64703088  1.86151073  0.24439238  0.2588791   0.5005527  -0.03533809
  0.57988181 -0.15669108  0.49916965 -1.94936922], Best Fitness = 8.672444700034166, Evaluations = 4800
Generation 76: Best Solution = [ 0.69807831  1.841353    0.22595561  0.27648488  0.47154836 -0.03127543
  0.58325297 -0.15626373  0.49355509 -1.9563494 ], Best Fitness = 8.664231992475841, Evaluations = 4864
Generation 77: Best Solution = [ 0.70782327  1.84370857  0.22226941  0.26326009  0.46733745 -0.03051287
  0.58520412 -0.1402818   0.49432158 -1.94613744], Best Fitness = 8.63226754420899, Evaluations = 4928
Generation 78: Best Solution = [ 0.70577189  1.83486779  0.22093447  0.25715775  0.4813556  -0.02782128
  0.57885216 -0.14289782  0.48902649 -1.94360474], Best Fitness = 8.584509039211403, Evaluations = 4992
Generation 79: Best Solution = [ 0.68977285  1.83193465  0.22575026  0.25655064  0.48465723 -0.02965452
  0.58872464 -0.1378752   0.49913065 -1.94439176], Best Fitness = 8.579721576390666, Evaluations = 5056
Generation 80: Best Solution = [ 0.69240527  1.83434203  0.23470189  0.24308381  0.48030642 -0.02481758
  0.58759881 -0.13158651  0.49793795 -1.93871624], Best Fitness = 8.558870869521197, Evaluations = 5120
Generation 81: Best Solution = [ 0.68492027  1.83874639  0.22878774  0.24719671  0.48722865 -0.02398749
  0.58662322 -0.14465231  0.48581079 -1.92915642], Best Fitness = 8.524228959179268, Evaluations = 5184
Generation 82: Best Solution = [ 0.68936163  1.83588663  0.21945297  0.24207773  0.4715179  -0.02584673
  0.58928072 -0.13936262  0.48804073 -1.92477733], Best Fitness = 8.485082854365618, Evaluations = 5248
Generation 83: Best Solution = [ 0.66865167  1.83665556  0.23621291  0.24653125  0.48322751 -0.02991859
  0.57210856 -0.13827702  0.4753868  -1.92693296], Best Fitness = 8.45686882835918, Evaluations = 5312
Generation 84: Best Solution = [ 0.66175726  1.83545989  0.25267568  0.24278324  0.48390084 -0.01441833
  0.5663721  -0.13462178  0.48051106 -1.92153709], Best Fitness = 8.426088347822137, Evaluations = 5376
Generation 85: Best Solution = [ 0.66070456  1.83449212  0.24679312  0.23673651  0.48522447 -0.01688156
  0.55815924 -0.1269026   0.4836084  -1.91492299], Best Fitness = 8.383023825880967, Evaluations = 5440
Generation 86: Best Solution = [ 0.66113953  1.82962654  0.24272842  0.23063625  0.47500708 -0.00968176
  0.56436159 -0.12578792  0.48096156 -1.91247473], Best Fitness = 8.345684599603286, Evaluations = 5504
Generation 87: Best Solution = [ 0.66808586  1.8252596   0.23576271  0.23205461  0.47502513 -0.01724842
  0.56886973 -0.12586704  0.47609832 -1.91199237], Best Fitness = 8.335130775489477, Evaluations = 5568
Generation 88: Best Solution = [ 6.61060549e-01  1.81883236e+00  2.32606094e-01  2.33390590e-01
  4.72953803e-01 -8.43820528e-04  5.64918524e-01 -1.38888732e-01
  4.68950055e-01 -1.91447326e+00], Best Fitness = 8.300960032300106, Evaluations = 5632
Generation 89: Best Solution = [ 0.66504595  1.81363788  0.23565435  0.23290824  0.46365    -0.00379383
  0.56177017 -0.13397724  0.47477793 -1.90728929], Best Fitness = 8.253035533838545, Evaluations = 5696
Generation 90: Best Solution = [ 0.66535616  1.8081991   0.21917112  0.20543143  0.46954112 -0.02122258
  0.56772215 -0.11858175  0.4610629  -1.91144115], Best Fitness = 8.225996446202013, Evaluations = 5760
Generation 91: Best Solution = [ 0.66074519  1.81552063  0.2274792   0.21155247  0.45200123 -0.02184635
  0.58022789 -0.10851559  0.45900258 -1.8979046 ], Best Fitness = 8.195148222566415, Evaluations = 5824
Generation 92: Best Solution = [ 0.67059413  1.80936002  0.22014968  0.22144559  0.46616738 -0.00514492
  0.55394989 -0.13246488  0.47192427 -1.88959191], Best Fitness = 8.156000242959696, Evaluations = 5888
Generation 93: Best Solution = [ 0.65060565  1.81232969  0.22130966  0.23723406  0.46096936 -0.00726379
  0.57037593 -0.12941248  0.47455964 -1.87880987], Best Fitness = 8.122839758340913, Evaluations = 5952
Generation 94: Best Solution = [ 0.64478544  1.80212624  0.22393338  0.23372776  0.45870346 -0.00991896
  0.57265092 -0.13633152  0.46632987 -1.88619823], Best Fitness = 8.100411988428291, Evaluations = 6016
Generation 95: Best Solution = [ 0.64950582  1.80045437  0.2331557   0.22549437  0.4543955  -0.01700644
  0.56879752 -0.13175384  0.46124118 -1.88388383], Best Fitness = 8.078118918605403, Evaluations = 6080
Generation 96: Best Solution = [ 0.65272824  1.80499482  0.22662136  0.22693936  0.44791645 -0.01530251
  0.56334635 -0.13393998  0.46374642 -1.87517299], Best Fitness = 8.054416011262365, Evaluations = 6144
Generation 97: Best Solution = [ 0.650156    1.79814201  0.2305723   0.22054132  0.45514585 -0.00501954
  0.55614462 -0.12907814  0.4765597  -1.87379522], Best Fitness = 8.029178194978332, Evaluations = 6208
Generation 98: Best Solution = [ 0.63943393  1.79358498  0.22642137  0.210726    0.43883816 -0.02691855
  0.56358264 -0.12286225  0.4637125  -1.88080296], Best Fitness = 7.999968035917963, Evaluations = 6272
Generation 99: Best Solution = [ 0.64332494  1.78853262  0.23312362  0.20257728  0.4498453  -0.03369668
  0.55514461 -0.11736249  0.45481981 -1.88044075], Best Fitness = 7.976474323496703, Evaluations = 6336
Generation 100: Best Solution = [ 0.65692453  1.78767884  0.23732745  0.21830282  0.44046925 -0.04758972
  0.56175027 -0.12025724  0.43901821 -1.87235567], Best Fitness = 7.956081774603753, Evaluations = 6400
Generation 101: Best Solution = [ 0.63031907  1.77871696  0.23197772  0.17839726  0.43143301 -0.06056182
  0.57517023 -0.10781955  0.44175774 -1.88319596], Best Fitness = 7.9206003439211585, Evaluations = 6464
Generation 102: Best Solution = [ 0.64888492  1.7742212   0.22079698  0.22056469  0.44824794 -0.03281073
  0.55177412 -0.11628677  0.4619264  -1.87070528], Best Fitness = 7.8992068674007605, Evaluations = 6528
Generation 103: Best Solution = [ 0.64517292  1.76599275  0.21887697  0.20319766  0.43195795 -0.05509545
  0.57105158 -0.1085448   0.45512063 -1.8749486 ], Best Fitness = 7.874246999142171, Evaluations = 6592
Generation 104: Best Solution = [ 0.64255268  1.77399528  0.19828415  0.18904576  0.44709367 -0.05439722
  0.56116252 -0.10805926  0.45662265 -1.86300816], Best Fitness = 7.843723711538409, Evaluations = 6656
Generation 105: Best Solution = [ 0.64297173  1.76752432  0.19387328  0.20018608  0.43903602 -0.03462948
  0.55879545 -0.11723195  0.46478555 -1.86083159], Best Fitness = 7.813883502987162, Evaluations = 6720
Generation 106: Best Solution = [ 0.64962039  1.76419901  0.19492825  0.20594403  0.43829939 -0.02667595
  0.55570823 -0.11814252  0.46376728 -1.85312205], Best Fitness = 7.779543441988398, Evaluations = 6784
Generation 107: Best Solution = [ 0.65143102  1.76844347  0.20133377  0.2056467   0.44098827 -0.03100127
  0.54315458 -0.12046332  0.44540349 -1.84907856], Best Fitness = 7.757016360324426, Evaluations = 6848
Generation 108: Best Solution = [ 0.65671146  1.77225913  0.21349638  0.21008352  0.44864616 -0.05629793
  0.55039129 -0.10558949  0.43569754 -1.8315023 ], Best Fitness = 7.724653715652865, Evaluations = 6912
Generation 109: Best Solution = [ 0.65332907  1.76852915  0.2139595   0.20934183  0.44980877 -0.04736274
  0.54302388 -0.10993196  0.43686747 -1.8316164 ], Best Fitness = 7.701339855676359, Evaluations = 6976
Generation 110: Best Solution = [ 0.64108236  1.75737971  0.20802232  0.20288169  0.44795687 -0.03236317
  0.54232268 -0.11664882  0.43938136 -1.84191032], Best Fitness = 7.678927503751248, Evaluations = 7040
Generation 111: Best Solution = [ 0.6567323   1.76347647  0.22345753  0.2166966   0.45832899 -0.05027699
  0.55239234 -0.09753668  0.4309444  -1.81847702], Best Fitness = 7.65785292554442, Evaluations = 7104
Generation 112: Best Solution = [ 0.64817598  1.7614057   0.22584795  0.21224628  0.45397016 -0.06017927
  0.55600246 -0.09153715  0.44534964 -1.81440674], Best Fitness = 7.636374288864793, Evaluations = 7168
Generation 113: Best Solution = [ 0.63919728  1.73907911  0.21268813  0.17829377  0.44303055 -0.00962346
  0.53574763 -0.11690319  0.45468145 -1.84074431], Best Fitness = 7.602129583695859, Evaluations = 7232
Generation 114: Best Solution = [ 0.65239622  1.74092819  0.19793598  0.18728509  0.45603826 -0.04504451
  0.54060799 -0.11019548  0.43183799 -1.82709334], Best Fitness = 7.56986023153495, Evaluations = 7296
Generation 115: Best Solution = [ 0.64752331  1.73451494  0.20425126  0.19929331  0.45053188 -0.03417272
  0.53315195 -0.11470747  0.42975906 -1.82475916], Best Fitness = 7.525259327576688, Evaluations = 7360
Generation 116: Best Solution = [ 0.64767193  1.73618938  0.19650143  0.18788482  0.46796028 -0.04627847
  0.53558365 -0.09293714  0.40899715 -1.82065264], Best Fitness = 7.506416392636348, Evaluations = 7424
Generation 117: Best Solution = [ 0.64066492  1.73159881  0.20460579  0.20138093  0.44754814 -0.02436531
  0.53716064 -0.11688649  0.43045179 -1.81755861], Best Fitness = 7.483208841741918, Evaluations = 7488
Generation 118: Best Solution = [ 0.64360025  1.72948364  0.19656169  0.188503    0.45686632 -0.03860796
  0.52868235 -0.10971285  0.41511076 -1.81721282], Best Fitness = 7.455843550642362, Evaluations = 7552
Generation 119: Best Solution = [ 0.63622026  1.72813447  0.19936403  0.18529638  0.4450538  -0.01091475
  0.52314049 -0.12156566  0.41745564 -1.81633239], Best Fitness = 7.425284490047002, Evaluations = 7616
Generation 120: Best Solution = [ 0.64511652  1.72181855  0.19008744  0.18764525  0.44729196 -0.03098472
  0.53922085 -0.10876148  0.41874681 -1.80759689], Best Fitness = 7.398552166433973, Evaluations = 7680
Generation 121: Best Solution = [ 0.63245338  1.72820449  0.2216802   0.20976706  0.45122001 -0.05228193
  0.5266877  -0.11730942  0.41939743 -1.79364893], Best Fitness = 7.370397370295079, Evaluations = 7744
Generation 122: Best Solution = [ 0.62520946  1.72002914  0.21565755  0.20444654  0.44910142 -0.05460906
  0.51767143 -0.10920163  0.40826285 -1.80249032], Best Fitness = 7.337926530676288, Evaluations = 7808
Generation 123: Best Solution = [ 0.63501761  1.71888977  0.21593002  0.21888403  0.44568434 -0.05998396
  0.52398214 -0.10938523  0.40213427 -1.79229213], Best Fitness = 7.315143467478957, Evaluations = 7872
Generation 124: Best Solution = [ 0.61310133  1.72107675  0.20918695  0.21094471  0.448955   -0.05957688
  0.5082876  -0.10566533  0.41314562 -1.78805624], Best Fitness = 7.268721144026289, Evaluations = 7936
Generation 125: Best Solution = [ 0.6173085   1.71482358  0.2238984   0.21849773  0.44994697 -0.05055437
  0.51124978 -0.10305822  0.40877623 -1.78551904], Best Fitness = 7.251743018689449, Evaluations = 8000
Generation 126: Best Solution = [ 0.6196278   1.70991751  0.21861851  0.20791196  0.44985399 -0.04969739
  0.50490019 -0.09832955  0.41831485 -1.78324491], Best Fitness = 7.223159014016378, Evaluations = 8064
Generation 127: Best Solution = [ 0.62105401  1.70200973  0.2215866   0.20806545  0.45161173 -0.03926933
  0.5016887  -0.10166963  0.40917593 -1.78770274], Best Fitness = 7.205766573036398, Evaluations = 8128
Generation 128: Best Solution = [ 0.61968255  1.70812339  0.22836084  0.21170034  0.44918199 -0.02491336
  0.4953395  -0.0974194   0.40062612 -1.77595362], Best Fitness = 7.170407127586211, Evaluations = 8192
Generation 129: Best Solution = [ 0.60727822  1.70366499  0.22932617  0.21082003  0.46070937 -0.04210989
  0.49726992 -0.10680701  0.39352583 -1.77135143], Best Fitness = 7.133556764441241, Evaluations = 8256
Generation 130: Best Solution = [ 0.60556562  1.7062622   0.23309832  0.22324839  0.45708803 -0.03610311
  0.48778952 -0.10005533  0.39717434 -1.76514638], Best Fitness = 7.113886870679318, Evaluations = 8320
Generation 131: Best Solution = [ 0.59871447  1.69787847  0.21571822  0.20734247  0.4552691  -0.05032727
  0.48928514 -0.11148345  0.39111782 -1.76560975], Best Fitness = 7.062757805077597, Evaluations = 8384
Generation 132: Best Solution = [ 0.60733648  1.68629273  0.22735476  0.22270736  0.44708542 -0.02980319
  0.49294777 -0.10578145  0.39743177 -1.76716717], Best Fitness = 7.0495221491469096, Evaluations = 8448
Generation 133: Best Solution = [ 0.6112585   1.69055367  0.22060375  0.21027054  0.44241536 -0.04314229
  0.49918674 -0.11302348  0.38802135 -1.75848863], Best Fitness = 7.02688553681012, Evaluations = 8512
Generation 134: Best Solution = [ 0.59822934  1.69069025  0.23161901  0.21586959  0.44119401 -0.02218921
  0.49843262 -0.11837981  0.39043267 -1.75155074], Best Fitness = 6.994519960987228, Evaluations = 8576
Generation 135: Best Solution = [ 0.60486331  1.68216419  0.21221637  0.20458509  0.44838809 -0.03814332
  0.489595   -0.10724137  0.38998098 -1.75405894], Best Fitness = 6.964945542080331, Evaluations = 8640
Generation 136: Best Solution = [ 0.59193143  1.67690326  0.20493401  0.20872547  0.44729042 -0.05077533
  0.49486905 -0.10744305  0.38929793 -1.7543585 ], Best Fitness = 6.936364473036417, Evaluations = 8704
Generation 137: Best Solution = [ 0.58933797  1.68129961  0.21517329  0.22002083  0.45230047 -0.0261251
  0.48218137 -0.1124275   0.3966571  -1.74168306], Best Fitness = 6.909990117209753, Evaluations = 8768
Generation 138: Best Solution = [ 0.59878079  1.68040064  0.22472565  0.21668819  0.44662931 -0.01389936
  0.48082443 -0.10783921  0.3900319  -1.7320531 ], Best Fitness = 6.874365348028669, Evaluations = 8832
Generation 139: Best Solution = [ 0.59245701  1.66992379  0.22397585  0.21502998  0.45753196 -0.03709551
  0.4807257  -0.10839607  0.3913074  -1.73093436], Best Fitness = 6.838867542576574, Evaluations = 8896
Generation 140: Best Solution = [ 0.59572248  1.67525757  0.21861965  0.20759057  0.44595919 -0.0401955
  0.48209582 -0.10291665  0.38649023 -1.72958264], Best Fitness = 6.836595879408817, Evaluations = 8960
Generation 141: Best Solution = [ 0.58386095  1.66908806  0.21198329  0.20820171  0.44838271 -0.05126885
  0.48627572 -0.11773209  0.39630601 -1.72581433], Best Fitness = 6.804527474682505, Evaluations = 9024
Generation 142: Best Solution = [ 0.58206921  1.66688597  0.22314609  0.22438312  0.47058373 -0.05276515
  0.484551   -0.12017994  0.38432479 -1.71841132], Best Fitness = 6.791564443886589, Evaluations = 9088
Generation 143: Best Solution = [ 0.58126804  1.67020184  0.22560122  0.22428329  0.45711869 -0.04692151
  0.46608271 -0.11936139  0.3790654  -1.71592929], Best Fitness = 6.759388877320843, Evaluations = 9152
Generation 144: Best Solution = [ 0.58664647  1.65967041  0.22778031  0.21009919  0.44201532 -0.03760542
  0.48635888 -0.12305972  0.39243524 -1.71391097], Best Fitness = 6.734662076663337, Evaluations = 9216
Generation 145: Best Solution = [ 0.58477642  1.65999298  0.22621258  0.21371021  0.45086873 -0.04513311
  0.47753125 -0.13128583  0.37354039 -1.71228869], Best Fitness = 6.716441002551177, Evaluations = 9280
Generation 146: Best Solution = [ 0.58147333  1.66317136  0.22602332  0.22935676  0.45412075 -0.03779844
  0.48018534 -0.12128584  0.37318337 -1.70230871], Best Fitness = 6.6980046245286635, Evaluations = 9344
Generation 147: Best Solution = [ 0.58979416  1.66060948  0.22168376  0.2048075   0.44490748 -0.04518931
  0.48518858 -0.12277901  0.37537223 -1.69603985], Best Fitness = 6.664493636658099, Evaluations = 9408
Generation 148: Best Solution = [ 0.55890698  1.65311396  0.22198607  0.21025345  0.44962077 -0.03559902
  0.5041205  -0.1144053   0.38337667 -1.69537673], Best Fitness = 6.6305791902620195, Evaluations = 9472
Generation 149: Best Solution = [ 0.58626708  1.65118654  0.2178515   0.21765545  0.44588377 -0.0307666
  0.49355642 -0.12519529  0.36930005 -1.68702795], Best Fitness = 6.606435819430962, Evaluations = 9536
Generation 150: Best Solution = [ 0.58641807  1.64896531  0.22459413  0.20679168  0.44934877 -0.03460475
  0.49167104 -0.11981934  0.36384732 -1.68567011], Best Fitness = 6.5892555371114145, Evaluations = 9600
Generation 151: Best Solution = [ 0.59905499  1.64198562  0.21713934  0.21418734  0.45136761 -0.03565524
  0.46966591 -0.12566581  0.36397354 -1.68216257], Best Fitness = 6.551538995949671, Evaluations = 9664
Generation 152: Best Solution = [ 0.57933915  1.63861828  0.22532463  0.20107544  0.45171924 -0.02393729
  0.50676466 -0.1185154   0.36582108 -1.67755733], Best Fitness = 6.535409472847693, Evaluations = 9728
Generation 153: Best Solution = [ 0.55366358  1.64666782  0.23091965  0.20136017  0.43069111 -0.02165372
  0.49643454 -0.10902734  0.37598515 -1.67987945], Best Fitness = 6.519585805440295, Evaluations = 9792
Generation 154: Best Solution = [ 0.57917394  1.62711437  0.2297565   0.20593295  0.45387679 -0.02092189
  0.51976325 -0.10212604  0.38209288 -1.66417911], Best Fitness = 6.480652555650618, Evaluations = 9856
Generation 155: Best Solution = [ 0.57685503  1.61989394  0.224816    0.19996978  0.44904753 -0.03165075
  0.51315914 -0.10338216  0.37319562 -1.66900697], Best Fitness = 6.448873101210019, Evaluations = 9920
Generation 156: Best Solution = [ 0.58715074  1.62584828  0.22561216  0.20035059  0.44705175 -0.02754802
  0.50717593 -0.12010058  0.36610637 -1.65809509], Best Fitness = 6.434748772985502, Evaluations = 9984
Generation 157: Best Solution = [ 0.58577088  1.61686907  0.23054966  0.19772752  0.46220464 -0.02748018
  0.51018135 -0.12708374  0.35813571 -1.65374011], Best Fitness = 6.4035835243017525, Evaluations = 10048
