Algorithm: Cross-Entropy Method
Objective Function: Sphere
Dimension: 10
Population Size: 32
Max Evaluations: 10000

Generation 1: Best Solution = [ 1.2760982   3.70095977 -2.55831186 -1.70884932 -5.12        0.60527248
  1.59202641 -1.59463681 -0.46224222 -0.23740892], Best Fitness = 56.7188557445671, Evaluations = 32
Generation 2: Best Solution = [-2.14460871 -0.80274769 -1.46087384  1.87054715 -3.45488293  1.2006476
  0.16824136  0.60545884  2.54274601 -0.74399331], Best Fitness = 31.668588994330115, Evaluations = 64
Generation 3: Best Solution = [ 0.08128339  0.355448   -1.87148734 -0.0637451  -4.53965864  0.78502866
  0.75026628 -0.56954108  1.40404477 -0.83663259], Best Fitness = 28.422821434684675, Evaluations = 96
Generation 4: Best Solution = [-2.02539837  0.18549995 -2.18482933  0.41322794 -3.72096568  0.71005555
  0.36378114 -0.6936226   1.01783245 -0.33743734], Best Fitness = 25.193945656583082, Evaluations = 128
Generation 5: Best Solution = [-1.70702743  0.00569457 -1.5596083   0.54099952 -3.76829967  1.14148707
  0.25050958  0.10507013  1.74672335 -0.69684372], Best Fitness = 24.752537116293922, Evaluations = 160
Generation 6: Best Solution = [-1.45178585  0.36593123 -2.00250179  0.84693816 -3.74231344  0.76498634
  0.61366193 -0.26596869  1.45416143 -0.49584577], Best Fitness = 24.36678828997686, Evaluations = 192
Generation 7: Best Solution = [-1.51481704  0.24780718 -1.97650789  0.74725174 -3.74176171  0.81122604
  0.42919823 -0.11336802  1.47807718 -0.5436122 ], Best Fitness = 24.157205848548948, Evaluations = 224
Generation 8: Best Solution = [-1.33674084  0.26139905 -1.91972108  0.73748225 -3.85236943  0.86846631
  0.37226979 -0.03921488  1.45294113 -0.4677194 ], Best Fitness = 24.14932052694703, Evaluations = 256
Generation 9: Best Solution = [-1.36273447  0.35239312 -1.99751244  0.69015789 -3.83158338  0.75137609
  0.51017589 -0.17802069  1.33026777 -0.55086122], Best Fitness = 24.058228416723413, Evaluations = 288
Generation 10: Best Solution = [-1.48964168  0.32361672 -2.02868831  0.67156854 -3.76035272  0.74099894
  0.46590829 -0.12346094  1.37436304 -0.53533468], Best Fitness = 23.987442823400237, Evaluations = 320
Generation 11: Best Solution = [-1.47821758  0.27070696 -2.02328569  0.69352071 -3.75049754  0.72557078
  0.4920842  -0.12799289  1.3935164  -0.55491402], Best Fitness = 23.93409674120099, Evaluations = 352
Generation 12: Best Solution = [-1.41087897  0.28699478 -2.0484119   0.69899043 -3.77316437  0.72300278
  0.4785706  -0.10705921  1.36687962 -0.5291064 ], Best Fitness = 23.905831730556688, Evaluations = 384
Generation 13: Best Solution = [-1.41650314  0.25157828 -1.99223369  0.68322485 -3.78206132  0.75609033
  0.44748094 -0.0522356   1.41912761 -0.52505325], Best Fitness = 23.87379626522608, Evaluations = 416
Generation 14: Best Solution = [-1.43230346  0.27007444 -2.0330994   0.70797158 -3.75122149  0.74239383
  0.47248438 -0.10780615  1.38362122 -0.53008522], Best Fitness = 23.812223314863953, Evaluations = 448
Generation 15: Best Solution = [-1.43113359  0.27707568 -2.02465542  0.69506063 -3.74683729  0.77478145
  0.43427087 -0.06187292  1.41412621 -0.48344067], Best Fitness = 23.772216382919275, Evaluations = 480
Generation 16: Best Solution = [-1.42285277  0.25465047 -2.02428909  0.72022449 -3.74881081  0.74412256
  0.46396466 -0.09169827  1.37889948 -0.53157508], Best Fitness = 23.720735006308782, Evaluations = 512
Generation 17: Best Solution = [-1.43351227  0.26108774 -2.02114977  0.71874203 -3.73577697  0.73735421
  0.47987813 -0.11674281  1.38203382 -0.53931897], Best Fitness = 23.669275821742524, Evaluations = 544
Generation 18: Best Solution = [-1.41676425  0.25778909 -2.02381813  0.71329479 -3.74068327  0.73901516
  0.46720924 -0.10046299  1.37640123 -0.5339289 ], Best Fitness = 23.62509785770304, Evaluations = 576
Generation 19: Best Solution = [-1.40480457  0.26658122 -2.02370823  0.70575541 -3.74050249  0.74305223
  0.45969429 -0.09464064  1.37200013 -0.52291116], Best Fitness = 23.557608744715484, Evaluations = 608
Generation 20: Best Solution = [-1.38675716  0.24904891 -2.01554082  0.71255462 -3.74817325  0.73878207
  0.46207603 -0.07024607  1.36971995 -0.5226057 ], Best Fitness = 23.51755957750772, Evaluations = 640
Generation 21: Best Solution = [-1.39471089  0.25903794 -2.02250844  0.70808022 -3.74131716  0.72666642
  0.46590536 -0.07205061  1.3709696  -0.52424484], Best Fitness = 23.506384641676032, Evaluations = 672
Generation 22: Best Solution = [-1.38188123  0.25848731 -2.01245649  0.71126587 -3.74348289  0.73379567
  0.4614399  -0.05827498  1.37363961 -0.5329594 ], Best Fitness = 23.471666202843355, Evaluations = 704
Generation 23: Best Solution = [-1.37649442  0.25050249 -2.02149654  0.71059523 -3.73431308  0.73872753
  0.46717026 -0.06931592  1.36610686 -0.53302978], Best Fitness = 23.41311620990287, Evaluations = 736
Generation 24: Best Solution = [-1.3890576   0.24558963 -2.01977863  0.71045373 -3.72916928  0.72878646
  0.45381642 -0.07753259  1.37309547 -0.5213893 ], Best Fitness = 23.381077281529542, Evaluations = 768
Generation 25: Best Solution = [-1.38287961  0.25298956 -2.00156132  0.70405685 -3.73708804  0.7257974
  0.46874021 -0.07784048  1.35935679 -0.51357187], Best Fitness = 23.30829585181955, Evaluations = 800
Generation 26: Best Solution = [-1.37194126  0.25007805 -1.98932124  0.70980699 -3.74291774  0.7165466
  0.46487051 -0.07667251  1.35908247 -0.51534964], Best Fitness = 23.263532707372725, Evaluations = 832
Generation 27: Best Solution = [-1.37902923  0.24846883 -1.99383636  0.70010539 -3.73435652  0.71748113
  0.46187072 -0.07704977  1.35438896 -0.52416374], Best Fitness = 23.217565468548404, Evaluations = 864
Generation 28: Best Solution = [-1.36338406  0.25982738 -2.00154123  0.71609076 -3.72242205  0.71105548
  0.44693636 -0.06990087  1.36674369 -0.51839477], Best Fitness = 23.148665141955583, Evaluations = 896
Generation 29: Best Solution = [-1.36748678  0.25756513 -2.00445323  0.70970731 -3.71964119  0.70123381
  0.44136758 -0.07302812  1.36419599 -0.51578838], Best Fitness = 23.11254330919539, Evaluations = 928
Generation 30: Best Solution = [-1.36218268  0.24941705 -2.00852652  0.69116643 -3.71558041  0.70152981
  0.43931525 -0.05975404  1.36441958 -0.52541693], Best Fitness = 23.06159441589264, Evaluations = 960
Generation 31: Best Solution = [-1.35921965  0.24146667 -2.00697823  0.69095939 -3.70967376  0.70531045
  0.43139178 -0.06000837  1.36547012 -0.52950726], Best Fitness = 23.00489942876534, Evaluations = 992
Generation 32: Best Solution = [-1.36078634  0.25510637 -1.99644044  0.68531667 -3.70918061  0.70901296
  0.44399211 -0.06178308  1.36657788 -0.53349713], Best Fitness = 22.98607272253287, Evaluations = 1024
Generation 33: Best Solution = [-1.35913833  0.24716498 -1.99527403  0.68666697 -3.70790708  0.712004
  0.43689814 -0.06109055  1.36097238 -0.52786164], Best Fitness = 22.941997858103363, Evaluations = 1056
Generation 34: Best Solution = [-1.35588469  0.25282328 -1.988389    0.67524462 -3.70656795  0.70702358
  0.43936145 -0.05733211  1.36034682 -0.52767412], Best Fitness = 22.875826226175633, Evaluations = 1088
Generation 35: Best Solution = [-1.3555548   0.25034967 -1.98816082  0.68436024 -3.70113284  0.70208772
  0.43581501 -0.05756938  1.35444903 -0.52950922], Best Fitness = 22.820808777701174, Evaluations = 1120
Generation 36: Best Solution = [-1.35936553  0.25385494 -1.98620025  0.6746086  -3.69686019  0.69993798
  0.43240936 -0.06071332  1.35001722 -0.52997639], Best Fitness = 22.763178999960306, Evaluations = 1152
Generation 37: Best Solution = [-1.34953631  0.26372323 -1.98863073  0.67644018 -3.69280439  0.69886381
  0.43965799 -0.06547909  1.34349221 -0.53060464], Best Fitness = 22.712335878297196, Evaluations = 1184
Generation 38: Best Solution = [-1.35257002  0.26179313 -1.99000131  0.66764212 -3.68424397  0.70617371
  0.44235907 -0.06739927  1.33934966 -0.53013575], Best Fitness = 22.651293035067873, Evaluations = 1216
Generation 39: Best Solution = [-1.36139361  0.25996473 -1.97755535  0.66445702 -3.67932062  0.70663659
  0.44193366 -0.07174527  1.3403847  -0.52962098], Best Fitness = 22.58752030562096, Evaluations = 1248
Generation 40: Best Solution = [-1.35242961  0.26415152 -1.98970236  0.65947601 -3.66635811  0.70450401
  0.44143752 -0.07556007  1.33466176 -0.52494137], Best Fitness = 22.48863548837346, Evaluations = 1280
Generation 41: Best Solution = [-1.34708616  0.26668286 -1.99231388  0.66273298 -3.66218269  0.70976143
  0.45483901 -0.08784745  1.33218086 -0.53042695], Best Fitness = 22.480288134503873, Evaluations = 1312
Generation 42: Best Solution = [-1.35618103  0.25908131 -1.97575043  0.65551132 -3.65932094  0.72174128
  0.46769465 -0.07447899  1.33570496 -0.52887506], Best Fitness = 22.43927711414034, Evaluations = 1344
Generation 43: Best Solution = [-1.34849379  0.25669099 -1.97561765  0.65560861 -3.65309344  0.7256601
  0.47347722 -0.08616819  1.33096044 -0.52563123], Best Fitness = 22.36823728487893, Evaluations = 1376
Generation 44: Best Solution = [-1.34034368  0.25038016 -1.96925271  0.6584239  -3.65758238  0.71648106
  0.46201022 -0.07375076  1.32765354 -0.51929086], Best Fitness = 22.31316319030709, Evaluations = 1408
Generation 45: Best Solution = [-1.34946149  0.25274396 -1.96174294  0.64424443 -3.64242822  0.72593652
  0.47513803 -0.08938022  1.32856923 -0.52261882], Best Fitness = 22.21465086189257, Evaluations = 1440
Generation 46: Best Solution = [-1.35948469  0.26546272 -1.95674001  0.63569226 -3.64218279  0.72658364
  0.47419725 -0.08936806  1.3231249  -0.52171624], Best Fitness = 22.20072144840347, Evaluations = 1472
Generation 47: Best Solution = [-1.34675161  0.26027815 -1.95549086  0.64215375 -3.6401811   0.72480505
  0.46995436 -0.08773974  1.32809542 -0.5123024 ], Best Fitness = 22.148897953250994, Evaluations = 1504
Generation 48: Best Solution = [-1.34139969  0.25931248 -1.95857533  0.64902899 -3.63293571  0.72299462
  0.46729251 -0.08848162  1.32987599 -0.51864818], Best Fitness = 22.108552521803585, Evaluations = 1536
Generation 49: Best Solution = [-1.34829429  0.26283949 -1.94931684  0.65389482 -3.62682384  0.72810274
  0.46628958 -0.09163326  1.32649073 -0.51012396], Best Fitness = 22.04400814630513, Evaluations = 1568
Generation 50: Best Solution = [-1.34064669  0.25102667 -1.95854559  0.66168178 -3.61890385  0.72269415
  0.47981179 -0.08486756  1.3204129  -0.52305049], Best Fitness = 22.007317314816063, Evaluations = 1600
Generation 51: Best Solution = [-1.32612528  0.25362379 -1.94676783  0.63586524 -3.62999299  0.7001551
  0.46700792 -0.08611962  1.33086123 -0.51664527], Best Fitness = 21.947856097641992, Evaluations = 1632
Generation 52: Best Solution = [-1.32180998  0.25459665 -1.94343245  0.63213793 -3.62616639  0.71572445
  0.46100435 -0.08572903  1.32735761 -0.51014756], Best Fitness = 21.891876527529476, Evaluations = 1664
Generation 53: Best Solution = [-1.31532145  0.25792887 -1.94521138  0.63428624 -3.62569487  0.70665379
  0.4716449  -0.08094331  1.32773607 -0.5068045 ], Best Fitness = 21.8765216257785, Evaluations = 1696
Generation 54: Best Solution = [-1.31384621  0.2629263  -1.94407041  0.6351701  -3.61363703  0.7033281
  0.48149409 -0.09070496  1.33893638 -0.5059359 ], Best Fitness = 21.820001621274958, Evaluations = 1728
Generation 55: Best Solution = [-1.30711833  0.25323714 -1.94039714  0.63320255 -3.61155438  0.70721203
  0.47511913 -0.09265023  1.32981624 -0.49507597], Best Fitness = 21.730081493605507, Evaluations = 1760
Generation 56: Best Solution = [-1.31091847  0.26226434 -1.9355826   0.63596405 -3.60409655  0.71050154
  0.47251654 -0.08487378  1.32625272 -0.50215372], Best Fitness = 21.674124539991283, Evaluations = 1792
Generation 57: Best Solution = [-1.30599308  0.2560969  -1.94166363  0.64113546 -3.59966509  0.70845526
  0.47798453 -0.08859588  1.32609328 -0.50320012], Best Fitness = 21.659865692774584, Evaluations = 1824
Generation 58: Best Solution = [-1.29554353  0.26770928 -1.94529749  0.63198509 -3.59193597  0.70470761
  0.48317042 -0.08972487  1.32637695 -0.51393041], Best Fitness = 21.597210074802973, Evaluations = 1856
Generation 59: Best Solution = [-1.30450652  0.25997382 -1.93965576  0.62982453 -3.5912649   0.70394909
  0.47889845 -0.09049528  1.32578773 -0.48930591], Best Fitness = 21.555661465052268, Evaluations = 1888
Generation 60: Best Solution = [-1.29230468  0.27293445 -1.92748933  0.63649151 -3.59563844  0.70571585
  0.46507283 -0.07517323  1.31350543 -0.51636298], Best Fitness = 21.50540281370048, Evaluations = 1920
Generation 61: Best Solution = [-1.30411433  0.27070401 -1.91735314  0.62422427 -3.5884188   0.7238835
  0.47807625 -0.05272623  1.30807857 -0.51114032], Best Fitness = 21.444321638295868, Evaluations = 1952
Generation 62: Best Solution = [-1.30372569  0.26335997 -1.92496105  0.63413981 -3.58586421  0.70816782
  0.47032536 -0.07309499  1.30279831 -0.51430726], Best Fitness = 21.42493548304259, Evaluations = 1984
Generation 63: Best Solution = [-1.29856918  0.2720214  -1.91129897  0.62651919 -3.58505751  0.72057877
  0.4834203  -0.05725154  1.30892766 -0.50779038], Best Fitness = 21.385854332035105, Evaluations = 2016
Generation 64: Best Solution = [-1.30533097  0.2767093  -1.90377363  0.61226521 -3.58135138  0.73168292
  0.47791931 -0.04087622  1.29878596 -0.52883052], Best Fitness = 21.337701726364447, Evaluations = 2048
Generation 65: Best Solution = [-1.30543261  0.27750701 -1.90719071  0.61841931 -3.57724266  0.73227696
  0.47157482 -0.04378038  1.29505146 -0.52701433], Best Fitness = 21.31307982089445, Evaluations = 2080
Generation 66: Best Solution = [-1.29600456  0.26613458 -1.90266065  0.63055329 -3.57385904  0.72455541
  0.48024792 -0.04971226  1.29633934 -0.52649034], Best Fitness = 21.256416521782, Evaluations = 2112
Generation 67: Best Solution = [-1.28921029  0.24115559 -1.90747238  0.63723077 -3.56967146  0.7100511
  0.48469631 -0.07175846  1.31022891 -0.50400417], Best Fitness = 21.22225980830522, Evaluations = 2144
Generation 68: Best Solution = [-1.26651628  0.21498557 -1.90774947  0.64203918 -3.5747923   0.68168064
  0.47676283 -0.09929566  1.31764537 -0.4903658 ], Best Fitness = 21.15964345836035, Evaluations = 2176
Generation 69: Best Solution = [-1.27194031  0.22767616 -1.90503604  0.64143543 -3.56297931  0.69534752
  0.47004    -0.0927553   1.32425195 -0.49639602], Best Fitness = 21.118193418733767, Evaluations = 2208
Generation 70: Best Solution = [-1.28919994  0.24289479 -1.90154851  0.62257973 -3.55527757  0.71099859
  0.46599309 -0.06862815  1.30961365 -0.51226926], Best Fitness = 21.069411317167408, Evaluations = 2240
Generation 71: Best Solution = [-1.28561294  0.23377267 -1.89573096  0.63625199 -3.55224978  0.69695042
  0.46811645 -0.08042624  1.31703523 -0.50264368], Best Fitness = 21.023115017484493, Evaluations = 2272
Generation 72: Best Solution = [-1.27535358  0.2320326  -1.89937216  0.62618814 -3.55156727  0.71386979
  0.46153446 -0.07648225  1.30885075 -0.51113762], Best Fitness = 20.99654775661844, Evaluations = 2304
Generation 73: Best Solution = [-1.27655132  0.23971019 -1.90433734  0.61877298 -3.53818529  0.72289429
  0.44421625 -0.06745559  1.31354802 -0.51564333], Best Fitness = 20.93093098283235, Evaluations = 2336
Generation 74: Best Solution = [-1.27196299  0.22415071 -1.88784638  0.63213549 -3.55339868  0.69349661
  0.4733441  -0.08676911  1.29507888 -0.50404444], Best Fitness = 20.90214596584849, Evaluations = 2368
Generation 75: Best Solution = [-1.27188088  0.2131008  -1.87622054  0.64063822 -3.55015114  0.68803438
  0.47917647 -0.09425619  1.29242517 -0.50767171], Best Fitness = 20.837265872965332, Evaluations = 2400
Generation 76: Best Solution = [-1.28749237  0.22281192 -1.8835018   0.629246   -3.52822587  0.70275461
  0.44164809 -0.07231429  1.30856503 -0.51421943], Best Fitness = 20.770099613095233, Evaluations = 2432
Generation 77: Best Solution = [-1.28212124  0.21426013 -1.88292122  0.63248297 -3.53926435  0.68941617
  0.45543553 -0.0839625   1.28447841 -0.50311414], Best Fitness = 20.754335933201, Evaluations = 2464
Generation 78: Best Solution = [-1.29325506  0.21819155 -1.86350813  0.63821125 -3.5433449   0.68379127
  0.46157945 -0.08815103  1.27121373 -0.49098669], Best Fitness = 20.70083438378265, Evaluations = 2496
Generation 79: Best Solution = [-1.28423979  0.20356107 -1.88154358  0.63905781 -3.5352376   0.67862892
  0.46556856 -0.0766109   1.27019143 -0.49667354], Best Fitness = 20.68044638460669, Evaluations = 2528
Generation 80: Best Solution = [-1.28459575  0.21515602 -1.86397318  0.63397544 -3.53639706  0.67461834
  0.47435215 -0.08669315  1.26554378 -0.48804308], Best Fitness = 20.606326068978763, Evaluations = 2560
Generation 81: Best Solution = [-1.27698562  0.22242938 -1.86489977  0.61655866 -3.52612624  0.68866024
  0.46440011 -0.08679554  1.2814085  -0.5030207 ], Best Fitness = 20.564220561555626, Evaluations = 2592
Generation 82: Best Solution = [-1.28488183  0.22509514 -1.85562865  0.63387622 -3.53010947  0.66767057
  0.47543186 -0.08907832  1.26395613 -0.48426107], Best Fitness = 20.520267017294888, Evaluations = 2624
Generation 83: Best Solution = [-1.27588074  0.22530651 -1.84836756  0.63375794 -3.51604517  0.67540659
  0.47792482 -0.09551139  1.26877241 -0.47943267], Best Fitness = 20.392667836670245, Evaluations = 2656
Generation 84: Best Solution = [-1.27783799  0.23545289 -1.84299985  0.63745327 -3.51490527  0.68010785
  0.47976971 -0.0981528   1.26571823 -0.4739536 ], Best Fitness = 20.37489649293208, Evaluations = 2688
Generation 85: Best Solution = [-1.26945615  0.21133256 -1.83946582  0.63736877 -3.51986038  0.65813871
  0.48128753 -0.09898322  1.25523359 -0.46617992], Best Fitness = 20.30298793255238, Evaluations = 2720
Generation 86: Best Solution = [-1.27272275  0.21661255 -1.83186617  0.64185862 -3.51698378  0.66410579
  0.47734773 -0.09627522  1.26190819 -0.46827556], Best Fitness = 20.293495777742027, Evaluations = 2752
Generation 87: Best Solution = [-1.26981422  0.21665006 -1.83873818  0.63573614 -3.51175657  0.66590135
  0.48223481 -0.09830657  1.25912095 -0.46508122], Best Fitness = 20.264243508892243, Evaluations = 2784
Generation 88: Best Solution = [-1.26905178  0.2186174  -1.83482965  0.62882462 -3.5050007   0.67218558
  0.48096689 -0.10242336  1.25590448 -0.47017283], Best Fitness = 20.19734784838222, Evaluations = 2816
Generation 89: Best Solution = [-1.27053075  0.22068568 -1.83174961  0.62462192 -3.49841749  0.67231579
  0.48923937 -0.10157576  1.25500703 -0.47131552], Best Fitness = 20.146196974697425, Evaluations = 2848
Generation 90: Best Solution = [-1.27377557  0.21967296 -1.84246885  0.61618849 -3.49636807  0.66675578
  0.48052734 -0.08704515  1.2495405  -0.47129637], Best Fitness = 20.13624820752684, Evaluations = 2880
Generation 91: Best Solution = [-1.27280858  0.21432779 -1.84916715  0.62380525 -3.48839797  0.66360536
  0.49167396 -0.07684828  1.25152906 -0.46545688], Best Fitness = 20.114446696362243, Evaluations = 2912
Generation 92: Best Solution = [-1.27344251  0.21726783 -1.83911797  0.62742445 -3.49214256  0.66183005
  0.48375371 -0.07670626  1.24551222 -0.45914959], Best Fitness = 20.07997673726405, Evaluations = 2944
Generation 93: Best Solution = [-1.27432722  0.21682711 -1.83746843  0.62335177 -3.49529717  0.66189097
  0.47677364 -0.06823809  1.22740487 -0.4484114 ], Best Fitness = 20.030548532831364, Evaluations = 2976
Generation 94: Best Solution = [-1.26995192  0.21575876 -1.84182743  0.61667011 -3.48700389  0.66559048
  0.46630854 -0.08131312  1.23548642 -0.46073364], Best Fitness = 19.996904518529384, Evaluations = 3008
Generation 95: Best Solution = [-1.27196352  0.21867263 -1.83214463  0.62206454 -3.47644042  0.67566404
  0.49270696 -0.06934386  1.23509687 -0.45575364], Best Fitness = 19.93233137034679, Evaluations = 3040
Generation 96: Best Solution = [-1.26855011  0.20757672 -1.82983643  0.61524361 -3.46939743  0.68068828
  0.50129917 -0.07123864  1.23878296 -0.45737855], Best Fitness = 19.879342784156513, Evaluations = 3072
Generation 97: Best Solution = [-1.26655176  0.20573886 -1.82304907  0.61732897 -3.47356006  0.67752808
  0.48600513 -0.07472801  1.23408549 -0.45233203], Best Fitness = 19.845105149228697, Evaluations = 3104
Generation 98: Best Solution = [-1.263902    0.20507952 -1.83188808  0.60635744 -3.46910323  0.66416763
  0.46275076 -0.09829748  1.2347561  -0.45703883], Best Fitness = 19.796092761756096, Evaluations = 3136
Generation 99: Best Solution = [-1.25834872  0.20383158 -1.83549909  0.59723733 -3.46769221  0.66342892
  0.4462225  -0.10874222  1.2318629  -0.45967713], Best Fitness = 19.755493988435624, Evaluations = 3168
Generation 100: Best Solution = [-1.26258422  0.19948911 -1.82297158  0.59356357 -3.46044279  0.66656541
  0.45422622 -0.11133869  1.23534788 -0.46654723], Best Fitness = 19.69090013191642, Evaluations = 3200
Generation 101: Best Solution = [-1.26625471  0.18410084 -1.81373765  0.60154096 -3.45439299  0.67686042
  0.48568417 -0.09111526  1.236673   -0.46077258], Best Fitness = 19.665623463618754, Evaluations = 3232
Generation 102: Best Solution = [-1.26015462  0.19061185 -1.82140297  0.59579122 -3.44830561  0.68042263
  0.48000727 -0.09571656  1.23091685 -0.4606755 ], Best Fitness = 19.617531890432442, Evaluations = 3264
Generation 103: Best Solution = [-1.23596616  0.2261585  -1.83526689  0.58537895 -3.45101347  0.65570509
  0.42118871 -0.12824867  1.23674886 -0.45870373], Best Fitness = 19.56288071438535, Evaluations = 3296
Generation 104: Best Solution = [-1.23302294  0.22597645 -1.84149432  0.60095657 -3.44542283  0.65313148
  0.43100076 -0.12730904  1.23056639 -0.46591601], Best Fitness = 19.554520837680364, Evaluations = 3328
Generation 105: Best Solution = [-1.25775675  0.20610091 -1.8173149   0.58377895 -3.43892755  0.66926847
  0.4519911  -0.11213681  1.23329193 -0.46356565], Best Fitness = 19.494776597781193, Evaluations = 3360
Generation 106: Best Solution = [-1.25014872  0.2123317  -1.82137412  0.58441451 -3.43843395  0.66827105
  0.44689209 -0.11636672  1.22759839 -0.46359231], Best Fitness = 19.47148417613349, Evaluations = 3392
Generation 107: Best Solution = [-1.24886113  0.20929067 -1.82828431  0.58735528 -3.43372411  0.66395935
  0.42096489 -0.13365423  1.22304198 -0.46106483], Best Fitness = 19.425857088571643, Evaluations = 3424
Generation 108: Best Solution = [-1.25190677  0.2031001  -1.81818514  0.56785182 -3.43095573  0.67299162
  0.44242826 -0.12430439  1.21968815 -0.46466733], Best Fitness = 19.375897275707647, Evaluations = 3456
Generation 109: Best Solution = [-1.25153771  0.17665779 -1.82761879  0.57517477 -3.42164779  0.68178359
  0.45494621 -0.11179584  1.20411136 -0.46246462], Best Fitness = 19.324305577613245, Evaluations = 3488
Generation 110: Best Solution = [-1.25064654  0.19988489 -1.82878125  0.57514403 -3.4192759   0.66265074
  0.44583968 -0.11962854  1.20988998 -0.47232862], Best Fitness = 19.30986803660727, Evaluations = 3520
Generation 111: Best Solution = [-1.23473006  0.19159571 -1.82707821  0.56898643 -3.42309915  0.67350167
  0.45281126 -0.11737125  1.18878105 -0.47283406], Best Fitness = 19.250026340746405, Evaluations = 3552
Generation 112: Best Solution = [-1.24050017  0.20046436 -1.81154947  0.56801203 -3.42124678  0.66725651
  0.44328111 -0.12607522  1.2004012  -0.47168448], Best Fitness = 19.209378932160895, Evaluations = 3584
Generation 113: Best Solution = [-1.22075422  0.19862002 -1.81930179  0.56572523 -3.42569664  0.66521985
  0.45750041 -0.10832518  1.17408284 -0.47090354], Best Fitness = 19.1587713259092, Evaluations = 3616
Generation 114: Best Solution = [-1.2371698   0.22203633 -1.81620059  0.57579567 -3.40739318  0.65310212
  0.45505781 -0.11657241  1.19531231 -0.45366846], Best Fitness = 19.10213845115017, Evaluations = 3648
Generation 115: Best Solution = [-1.22900509  0.21008301 -1.81069457  0.56609656 -3.41443481  0.64858897
  0.45738063 -0.109481    1.18014465 -0.46858049], Best Fitness = 19.066193467724755, Evaluations = 3680
Generation 116: Best Solution = [-1.22588519  0.21818382 -1.8161313   0.56772118 -3.40630046  0.64614907
  0.45852104 -0.11421565  1.17628832 -0.46564053], Best Fitness = 19.015192413302326, Evaluations = 3712
Generation 117: Best Solution = [-1.21858327  0.21085921 -1.80415636  0.57687428 -3.40444011  0.64945047
  0.44691556 -0.123973    1.18760854 -0.46313538], Best Fitness = 18.969180531689027, Evaluations = 3744
Generation 118: Best Solution = [-1.2273169   0.215581   -1.81437889  0.56392261 -3.39961822  0.63369817
  0.45476767 -0.12885074  1.17301853 -0.46576792], Best Fitness = 18.9380672402778, Evaluations = 3776
Generation 119: Best Solution = [-1.22971312  0.21854306 -1.81166602  0.56293106 -3.38807896  0.62873769
  0.4668629  -0.13308222  1.1742764  -0.47262733], Best Fitness = 18.871344230031383, Evaluations = 3808
Generation 120: Best Solution = [-1.2262898   0.20379339 -1.81643115  0.5660711  -3.38803459  0.62872317
  0.45741742 -0.13298926  1.17117295 -0.46419822], Best Fitness = 18.85329113942672, Evaluations = 3840
Generation 121: Best Solution = [-1.22661453  0.21355212 -1.81422773  0.56955378 -3.37994848  0.63137595
  0.46119746 -0.13176794  1.16612198 -0.46671865], Best Fitness = 18.7964214609898, Evaluations = 3872
Generation 122: Best Solution = [-1.23208777  0.21045908 -1.80420872  0.56549577 -3.36743527  0.63036079
  0.46043122 -0.12511521  1.17114963 -0.47642389], Best Fitness = 18.70048477638007, Evaluations = 3904
Generation 123: Best Solution = [-1.23082819  0.20419663 -1.79505047  0.57113408 -3.36726523  0.63238134
  0.46451809 -0.12328962  1.16717862 -0.47190376], Best Fitness = 18.659392392898702, Evaluations = 3936
Generation 124: Best Solution = [-1.22887592  0.23362444 -1.78606361  0.55719635 -3.3615473   0.62260544
  0.45874511 -0.10575868  1.18598131 -0.49989193], Best Fitness = 18.630920765488494, Evaluations = 3968
Generation 125: Best Solution = [-1.23505833  0.21458646 -1.78330799  0.55535735 -3.35611485  0.63591858
  0.4510495  -0.11315348  1.17230275 -0.4908139 ], Best Fitness = 18.559366342233915, Evaluations = 4000
Generation 126: Best Solution = [-1.22636481  0.20031028 -1.7876035   0.56913936 -3.35892309  0.65524046
  0.4476199  -0.12543147  1.14801521 -0.45305493], Best Fitness = 18.51453946912246, Evaluations = 4032
Generation 127: Best Solution = [-1.2226021   0.20807468 -1.77766716  0.55748837 -3.36272793  0.64989202
  0.44186734 -0.12167289  1.1512043  -0.45229124], Best Fitness = 18.479133304164584, Evaluations = 4064
Generation 128: Best Solution = [-1.2212434   0.22636523 -1.76772846  0.54758896 -3.35375481  0.63361619
  0.43081921 -0.10413235  1.17733737 -0.48345833], Best Fitness = 18.43283896528548, Evaluations = 4096
Generation 129: Best Solution = [-1.20926298  0.2159513  -1.78089636  0.57307226 -3.3462968   0.64418695
  0.45965792 -0.12674627  1.15536776 -0.46102489], Best Fitness = 18.39640333419179, Evaluations = 4128
Generation 130: Best Solution = [-1.20630206  0.21917897 -1.78733217  0.58995596 -3.33968674  0.63089378
  0.46901559 -0.13292183  1.14904808 -0.45865137], Best Fitness = 18.365659290956877, Evaluations = 4160
Generation 131: Best Solution = [-1.20850392  0.21792651 -1.77253896  0.57188676 -3.34238775  0.6340458
  0.46268881 -0.13049881  1.15446239 -0.45024103], Best Fitness = 18.317103736304457, Evaluations = 4192
Generation 132: Best Solution = [-1.19930897  0.20194863 -1.78822828  0.58504462 -3.33035508  0.6255163
  0.48337305 -0.14154145  1.14745583 -0.44789737], Best Fitness = 18.272648865232387, Evaluations = 4224
Generation 133: Best Solution = [-1.19442703  0.2021202  -1.79048827  0.58989161 -3.32047666  0.6254392
  0.48486132 -0.14406348  1.14504219 -0.45548879], Best Fitness = 18.212504732526334, Evaluations = 4256
Generation 134: Best Solution = [-1.1881561   0.20263798 -1.78501624  0.58279796 -3.32170326  0.62820183
  0.48538201 -0.14331285  1.14129465 -0.46629547], Best Fitness = 18.183182814535037, Evaluations = 4288
Generation 135: Best Solution = [-1.1844228   0.21009928 -1.77727315  0.60194467 -3.32144046  0.63665512
  0.46527751 -0.15567283  1.14246557 -0.44518513], Best Fitness = 18.149467327661615, Evaluations = 4320
Generation 136: Best Solution = [-1.18985466  0.2141122  -1.77319331  0.59476862 -3.31848549  0.63620641
  0.47213236 -0.14867004  1.13666221 -0.4514797 ], Best Fitness = 18.11751360372193, Evaluations = 4352
Generation 137: Best Solution = [-1.18440053  0.22442701 -1.7657184   0.58930881 -3.31558149  0.6387438
  0.46767954 -0.14848176  1.14081139 -0.45690037], Best Fitness = 18.070272218685417, Evaluations = 4384
Generation 138: Best Solution = [-1.18675895  0.20140128 -1.77438457  0.5748877  -3.31297996  0.61846421
  0.47272965 -0.14904045  1.14936473 -0.45662401], Best Fitness = 18.061461112350717, Evaluations = 4416
Generation 139: Best Solution = [-1.18047613  0.21312875 -1.7744453   0.57779349 -3.30782014  0.63552435
  0.47034266 -0.15736259  1.14245621 -0.44651075], Best Fitness = 18.017577710162584, Evaluations = 4448
Generation 140: Best Solution = [-1.1768904   0.21299403 -1.77475366  0.57651885 -3.30166     0.62773525
  0.4650283  -0.16218043  1.13667313 -0.44883935], Best Fitness = 17.943608670341547, Evaluations = 4480
Generation 141: Best Solution = [-1.17234953  0.21281373 -1.77160832  0.56846674 -3.30218695  0.63821505
  0.45867618 -0.16403214  1.13813003 -0.43950302], Best Fitness = 17.918993880836325, Evaluations = 4512
Generation 142: Best Solution = [-1.17173622  0.2126401  -1.77569535  0.57351704 -3.29347613  0.64679323
  0.46514922 -0.16222688  1.13031589 -0.43267177], Best Fitness = 17.873024108352332, Evaluations = 4544
Generation 143: Best Solution = [-1.17666864  0.22306115 -1.77208955  0.56952895 -3.28882314  0.63870989
  0.46611698 -0.16623701  1.13322934 -0.43398245], Best Fitness = 17.84072722563063, Evaluations = 4576
Generation 144: Best Solution = [-1.16748409  0.21509567 -1.77843074  0.5728197  -3.28238543  0.65013556
  0.46064247 -0.16252877  1.13750564 -0.43106124], Best Fitness = 17.81529385855924, Evaluations = 4608
Generation 145: Best Solution = [-1.18196515  0.21957614 -1.76524118  0.58171684 -3.28015978  0.62724112
  0.48116179 -0.15956381  1.12617532 -0.43696056], Best Fitness = 17.76878849621068, Evaluations = 4640
Generation 146: Best Solution = [-1.15964428  0.21443676 -1.78014056  0.56850257 -3.26725026  0.6602041
  0.45626707 -0.16952708  1.14748008 -0.41663555], Best Fitness = 17.720862018032935, Evaluations = 4672
Generation 147: Best Solution = [-1.15873456  0.2224381  -1.77765903  0.56575867 -3.26801266  0.64327238
  0.46258375 -0.16224882  1.13649189 -0.42234075], Best Fitness = 17.676299075023337, Evaluations = 4704
Generation 148: Best Solution = [-1.15496947  0.21010678 -1.77644995  0.58479636 -3.26117048  0.66060053
  0.45855342 -0.16532796  1.14470563 -0.41132528], Best Fitness = 17.66463056100171, Evaluations = 4736
Generation 149: Best Solution = [-1.16817757  0.21538962 -1.77291603  0.561761   -3.2578759   0.64285603
  0.46371868 -0.17583732  1.13188504 -0.41879059], Best Fitness = 17.599360506066056, Evaluations = 4768
Generation 150: Best Solution = [-1.16403089  0.21310862 -1.76888101  0.56610551 -3.25556759  0.643965
  0.4624857  -0.16617043  1.13700836 -0.4219893 ], Best Fitness = 17.57557853586109, Evaluations = 4800
Generation 151: Best Solution = [-1.15766014  0.2160201  -1.7621711   0.554341   -3.25735482  0.64802585
  0.45626477 -0.16593732  1.13527872 -0.42509362], Best Fitness = 17.534955627537315, Evaluations = 4832
Generation 152: Best Solution = [-1.15908313  0.20852706 -1.75804819  0.5519988  -3.2560752   0.6417593
  0.46847796 -0.1621095   1.13350861 -0.42701709], Best Fitness = 17.50921058543844, Evaluations = 4864
Generation 153: Best Solution = [-1.1575801   0.19344597 -1.76294873  0.57078685 -3.24357481  0.63622601
  0.46719584 -0.15830855  1.13532258 -0.43103384], Best Fitness = 17.454841070159063, Evaluations = 4896
Generation 154: Best Solution = [-1.16330207  0.19642082 -1.75709836  0.56602745 -3.24580712  0.63975739
  0.44575837 -0.16731065  1.13056103 -0.42117243], Best Fitness = 17.426435801271627, Evaluations = 4928
Generation 155: Best Solution = [-1.15792378  0.21165372 -1.75164053  0.55304174 -3.24399952  0.64363939
  0.4637923  -0.1575916   1.12977199 -0.42862896], Best Fitness = 17.397535008758304, Evaluations = 4960
Generation 156: Best Solution = [-1.15057431  0.21021869 -1.75071669  0.5621768  -3.24074628  0.64133208
  0.45649413 -0.15037333  1.12733239 -0.42783663], Best Fitness = 17.347729663069785, Evaluations = 4992
Generation 157: Best Solution = [-1.15882364  0.19504953 -1.76117448  0.5637577  -3.23738917  0.63185509
  0.44840069 -0.1606579   1.1137964  -0.41947472], Best Fitness = 17.32377995090448, Evaluations = 5024
Generation 158: Best Solution = [-1.1559023   0.18993744 -1.75419353  0.56911229 -3.23741487  0.63068342
  0.45449344 -0.16994466  1.09925614 -0.42848002], Best Fitness = 17.279291419519048, Evaluations = 5056
Generation 159: Best Solution = [-1.1475475   0.19806945 -1.75104507  0.55380543 -3.23402754  0.63768841
  0.45693643 -0.15896976  1.11696067 -0.43237085], Best Fitness = 17.26314468357854, Evaluations = 5088
Generation 160: Best Solution = [-1.1461698   0.20639616 -1.75440091  0.54702389 -3.22413224  0.64635627
  0.46071562 -0.15764971  1.1268195  -0.42487235], Best Fitness = 17.233618404370976, Evaluations = 5120
Generation 161: Best Solution = [-1.13897947  0.20512456 -1.74905015  0.54769084 -3.22493056  0.64807861
  0.45750253 -0.15289212  1.12721109 -0.42118328], Best Fitness = 17.199359763728676, Evaluations = 5152
Generation 162: Best Solution = [-1.14040391  0.191002   -1.74364826  0.54345998 -3.2209725   0.64566855
  0.45473257 -0.15013306  1.12158681 -0.43501199], Best Fitness = 17.140726643616286, Evaluations = 5184
Generation 163: Best Solution = [-1.14467198  0.18945495 -1.72940882  0.55534105 -3.22252628  0.64670387
  0.44746485 -0.15951477  1.12121394 -0.4313087 ], Best Fitness = 17.117144819864762, Evaluations = 5216
Generation 164: Best Solution = [-1.13288967  0.19656343 -1.73566364  0.54449534 -3.21842795  0.64673676
  0.45731351 -0.14972156  1.12405674 -0.42797663], Best Fitness = 17.085846276071265, Evaluations = 5248
Generation 165: Best Solution = [-1.14058669  0.20126268 -1.73608827  0.54226907 -3.21163408  0.65418685
  0.44759336 -0.1529603   1.11722448 -0.42488495], Best Fitness = 17.044511261337522, Evaluations = 5280
Generation 166: Best Solution = [-1.14095603  0.19571971 -1.73141045  0.53545039 -3.2107949   0.65726821
  0.44150349 -0.15279701  1.11842805 -0.42622344], Best Fitness = 17.01660149087014, Evaluations = 5312
Generation 167: Best Solution = [-1.14429481  0.19577453 -1.72791566  0.52989691 -3.20693777  0.65713027
  0.43663183 -0.14498869  1.12023497 -0.43865747], Best Fitness = 16.98950741820448, Evaluations = 5344
Generation 168: Best Solution = [-1.136779    0.19213316 -1.72485782  0.55401485 -3.20023163  0.64503896
  0.45631596 -0.16092284  1.10846907 -0.43346654], Best Fitness = 16.919523699773688, Evaluations = 5376
Generation 169: Best Solution = [-1.14596655  0.19374653 -1.72513368  0.54110916 -3.19421903  0.64281046
  0.44037246 -0.14760822  1.11534218 -0.43323611], Best Fitness = 16.883300661365237, Evaluations = 5408
Generation 170: Best Solution = [-1.14802159  0.18884314 -1.72367606  0.53938181 -3.18635258  0.63916619
  0.44501835 -0.14818629  1.11941533 -0.42766127], Best Fitness = 16.832968749666076, Evaluations = 5440
Generation 171: Best Solution = [-1.1326778   0.19786086 -1.71491047  0.5526086  -3.18972919  0.65053639
  0.45676428 -0.15021611  1.09581711 -0.44721901], Best Fitness = 16.797990480467067, Evaluations = 5472
Generation 172: Best Solution = [-1.12820862  0.19595262 -1.71468969  0.56087808 -3.18687294  0.64465848
  0.44581111 -0.15636963  1.10617953 -0.42690867], Best Fitness = 16.766823893294642, Evaluations = 5504
Generation 173: Best Solution = [-1.12881313  0.19209945 -1.72042956  0.54146099 -3.18103954  0.65118591
  0.44716867 -0.14268073  1.10656748 -0.42116623], Best Fitness = 16.72942502385712, Evaluations = 5536
Generation 174: Best Solution = [-1.12577197  0.19503205 -1.71935937  0.55785681 -3.17316948  0.64207156
  0.44312514 -0.14665939  1.10501617 -0.43719231], Best Fitness = 16.684128043697434, Evaluations = 5568
Generation 175: Best Solution = [-1.12524485  0.19584655 -1.72066145  0.55677286 -3.16820538  0.63371171
  0.44331535 -0.15283805  1.09875478 -0.44504874], Best Fitness = 16.639538002777833, Evaluations = 5600
Generation 176: Best Solution = [-1.1290599   0.19679196 -1.71468011  0.5593369  -3.16205621  0.63651148
  0.43986515 -0.15484746  1.09805254 -0.44539821], Best Fitness = 16.591793330720616, Evaluations = 5632
Generation 177: Best Solution = [-1.11672486  0.19559893 -1.72063207  0.5707191  -3.16239103  0.63569033
  0.4325518  -0.15428311  1.09403488 -0.45025487], Best Fitness = 16.586993699681496, Evaluations = 5664
Generation 178: Best Solution = [-1.12299404  0.20536057 -1.71480516  0.55147026 -3.15891259  0.63667194
  0.43995518 -0.15667477  1.09877816 -0.43959476], Best Fitness = 16.55070919352879, Evaluations = 5696
Generation 179: Best Solution = [-1.11881247  0.19417415 -1.71140625  0.56046291 -3.15579655  0.6286982
  0.44136965 -0.152052    1.0968043  -0.43935964], Best Fitness = 16.500731810260657, Evaluations = 5728
Generation 180: Best Solution = [-1.12032817  0.21515926 -1.70689879  0.54733229 -3.15267704  0.63539311
  0.44139381 -0.15798207  1.09812758 -0.43063899], Best Fitness = 16.46872274034649, Evaluations = 5760
Generation 181: Best Solution = [-1.10755049  0.19904055 -1.71942855  0.5636701  -3.14606314  0.63745312
  0.43347289 -0.14602701  1.08573423 -0.43395306], Best Fitness = 16.420860177494852, Evaluations = 5792
Generation 182: Best Solution = [-1.11842448  0.22525075 -1.71009513  0.54109205 -3.13406222  0.63673119
  0.43357502 -0.16916684  1.10477962 -0.43558351], Best Fitness = 16.373465521037794, Evaluations = 5824
Generation 183: Best Solution = [-1.11100665  0.21262888 -1.71001174  0.55372984 -3.13762604  0.62795556
  0.42656446 -0.16201129  1.09362233 -0.43566897], Best Fitness = 16.34335118462204, Evaluations = 5856
Generation 184: Best Solution = [-1.11488013  0.19072517 -1.70246816  0.55107636 -3.14354648  0.63832221
  0.43304661 -0.14166515  1.07734352 -0.42425228], Best Fitness = 16.319013951859798, Evaluations = 5888
Generation 185: Best Solution = [-1.11544549  0.19027496 -1.7040761   0.56540673 -3.13259806  0.63279541
  0.43274564 -0.14437224  1.07413906 -0.4268804 ], Best Fitness = 16.261697691819045, Evaluations = 5920
Generation 186: Best Solution = [-1.10864164  0.20548878 -1.70437921  0.5559588  -3.13097782  0.62544771
  0.42420075 -0.14853876  1.07389796 -0.42319685], Best Fitness = 16.21387999645268, Evaluations = 5952
Generation 187: Best Solution = [-1.11790643  0.20453292 -1.68591915  0.55390064 -3.12542026  0.64508599
  0.42096315 -0.1518394   1.08892887 -0.4172966 ], Best Fitness = 16.185233264794746, Evaluations = 5984
Generation 188: Best Solution = [-1.10798621  0.20162879 -1.68769993  0.55896086 -3.12483518  0.62431207
  0.41297919 -0.16342135  1.09247878 -0.41544125], Best Fitness = 16.146776034675383, Evaluations = 6016
Generation 189: Best Solution = [-1.10176192  0.20859509 -1.68538177  0.56104505 -3.12421389  0.62615192
  0.40952085 -0.1567624   1.08422195 -0.41296232], Best Fitness = 16.10381005985744, Evaluations = 6048
Generation 190: Best Solution = [-1.11825617  0.1995521  -1.68590717  0.56110254 -3.1120194   0.63114167
  0.42503305 -0.13569169  1.07901897 -0.41118635], Best Fitness = 16.06286294164968, Evaluations = 6080
Generation 191: Best Solution = [-1.10701333  0.20377134 -1.67276063  0.55907055 -3.11187716  0.63130346
  0.40972364 -0.15289101  1.07887893 -0.40805577], Best Fitness = 15.981751191303525, Evaluations = 6112
Generation 192: Best Solution = [-1.11154934  0.19249532 -1.67713052  0.55246254 -3.10204383  0.62982717
  0.41170324 -0.15133164  1.08236973 -0.40640511], Best Fitness = 15.939026366686559, Evaluations = 6144
Generation 193: Best Solution = [-1.11565478  0.1934935  -1.67498367  0.55740947 -3.09609162  0.61809966
  0.40291554 -0.1377177   1.08288042 -0.40315934], Best Fitness = 15.882705975602487, Evaluations = 6176
Generation 194: Best Solution = [-1.10253269  0.19631303 -1.67016004  0.54581664 -3.10211844  0.62053506
  0.40321753 -0.15425684  1.07511914 -0.39950444], Best Fitness = 15.851534599413402, Evaluations = 6208
Generation 195: Best Solution = [-1.10034291  0.1903268  -1.66708162  0.55022086 -3.09712791  0.62000464
  0.39652817 -0.14657598  1.07751905 -0.40300155], Best Fitness = 15.80766661084701, Evaluations = 6240
Generation 196: Best Solution = [-1.10483139  0.19867777 -1.66966566  0.55210143 -3.08766141  0.61084285
  0.4005485  -0.13934597  1.07379586 -0.40154578], Best Fitness = 15.753639578935081, Evaluations = 6272
Generation 197: Best Solution = [-1.1080014   0.19894509 -1.65425847  0.55106346 -3.08816749  0.6101248
  0.39886956 -0.13784168  1.07961754 -0.4007443 ], Best Fitness = 15.720786231300218, Evaluations = 6304
Generation 198: Best Solution = [-1.1143087   0.20120338 -1.64029476  0.53907477 -3.08177351  0.61553076
  0.40728368 -0.13112115  1.08777389 -0.40811435], Best Fitness = 15.672423390288662, Evaluations = 6336
Generation 199: Best Solution = [-1.10884713  0.19514075 -1.63960588  0.53835444 -3.0744482   0.61794705
  0.4065408  -0.13173128  1.08357422 -0.4129984 ], Best Fitness = 15.60717439705556, Evaluations = 6368
Generation 200: Best Solution = [-1.09916521  0.19716759 -1.63645764  0.53792838 -3.08049874  0.61960145
  0.40082802 -0.13784397  1.07913384 -0.4097201 ], Best Fitness = 15.599842703087306, Evaluations = 6400
Generation 201: Best Solution = [-1.10338954  0.19538292 -1.64168908  0.53590198 -3.06994979  0.61157762
  0.40410053 -0.13648974  1.08288939 -0.40719026], Best Fitness = 15.55697586911362, Evaluations = 6432
Generation 202: Best Solution = [-1.09743434  0.20996033 -1.61786496  0.53126816 -3.07918353  0.60987117
  0.39758274 -0.13819522  1.08694066 -0.4053046 ], Best Fitness = 15.524374195103968, Evaluations = 6464
Generation 203: Best Solution = [-1.09050167  0.19034208 -1.63243686  0.54206241 -3.06540027  0.60997997
  0.40379801 -0.13923647  1.08639978 -0.40574016], Best Fitness = 15.480189378792135, Evaluations = 6496
Generation 204: Best Solution = [-1.09655339  0.17635822 -1.64834492  0.54525953 -3.05292841  0.59925505
  0.40211871 -0.12907755  1.07938489 -0.41095713], Best Fitness = 15.439676941609779, Evaluations = 6528
Generation 205: Best Solution = [-1.09442864  0.17228048 -1.64969145  0.55457323 -3.05020819  0.60255581
  0.40138108 -0.13172057  1.07074345 -0.4173121 ], Best Fitness = 15.42242952746136, Evaluations = 6560
Generation 206: Best Solution = [-1.08734222  0.17182484 -1.64044039  0.55842472 -3.05219681  0.59266344
  0.39534156 -0.12895104  1.06790503 -0.40818091], Best Fitness = 15.36183114361763, Evaluations = 6592
Generation 207: Best Solution = [-1.09870291  0.17365659 -1.64839194  0.55124555 -3.04034597  0.60199744
  0.40114391 -0.1311569   1.06733627 -0.40866675], Best Fitness = 15.348810696669776, Evaluations = 6624
Generation 208: Best Solution = [-1.09837145  0.17736403 -1.63575232  0.53846089 -3.03672546  0.59261844
  0.40625105 -0.12624459  1.07264189 -0.41128157], Best Fitness = 15.277092541814723, Evaluations = 6656
Generation 209: Best Solution = [-1.08791708  0.18335918 -1.64181405  0.54488649 -3.031038    0.6004241
  0.41286731 -0.12667366  1.06388505 -0.40245715], Best Fitness = 15.237668073915891, Evaluations = 6688
Generation 210: Best Solution = [-1.0997818   0.19260602 -1.62598771  0.54511224 -3.0262977   0.59355887
  0.4167794  -0.1291402   1.06709898 -0.40618692], Best Fitness = 15.192460688311732, Evaluations = 6720
Generation 211: Best Solution = [-1.08194317  0.19267371 -1.6347431   0.54817062 -3.02696968  0.59558982
  0.41851151 -0.11622028  1.05890371 -0.39492323], Best Fitness = 15.163773345884616, Evaluations = 6752
Generation 212: Best Solution = [-1.09712885  0.19764042 -1.63522061  0.54444301 -3.01139923  0.59609068
  0.41506547 -0.11727037  1.05740936 -0.40290688], Best Fitness = 15.103447698989662, Evaluations = 6784
Generation 213: Best Solution = [-1.11191601  0.19955898 -1.6165473   0.54618945 -3.01001147  0.60384101
  0.40573351 -0.11319262  1.0567542  -0.40171092], Best Fitness = 15.068055457407691, Evaluations = 6816
Generation 214: Best Solution = [-1.08578362  0.19144829 -1.62151976  0.55285392 -3.01385485  0.59147272
  0.42354115 -0.11143158  1.05406688 -0.38632621], Best Fitness = 15.035822371584832, Evaluations = 6848
Generation 215: Best Solution = [-1.09805212  0.19056088 -1.6154272   0.55166477 -3.00579502  0.58908822
  0.42745979 -0.10729341  1.04823298 -0.39219548], Best Fitness = 14.984643015249201, Evaluations = 6880
Generation 216: Best Solution = [-1.11045335  0.19890648 -1.59855701  0.54396322 -3.00210625  0.60866374
  0.40937198 -0.11132666  1.05387532 -0.39025211], Best Fitness = 14.94999334336775, Evaluations = 6912
Generation 217: Best Solution = [-1.11050985  0.19915069 -1.59460577  0.55922455 -2.99550107  0.59906646
  0.41410251 -0.10254497  1.05291916 -0.39024178], Best Fitness = 14.903223791751502, Evaluations = 6944
Generation 218: Best Solution = [-1.10559711  0.19755355 -1.58667723  0.56401635 -2.99943153  0.59771251
  0.41574548 -0.0931232   1.04753446 -0.38292193], Best Fitness = 14.876355050486467, Evaluations = 6976
Generation 219: Best Solution = [-1.12051903  0.21142283 -1.5717432   0.57035949 -2.99501944  0.5936307
  0.41489263 -0.08216859  1.04876474 -0.38145937], Best Fitness = 14.842794315695318, Evaluations = 7008
Generation 220: Best Solution = [-1.09964783  0.1988816  -1.58655655  0.56732616 -2.99018809  0.59445974
  0.4171452  -0.08920246  1.04798265 -0.37872843], Best Fitness = 14.806077160305732, Evaluations = 7040
Generation 221: Best Solution = [-1.11853585  0.201682   -1.57198419  0.56497671 -2.98170496  0.60170863
  0.41856601 -0.0863794   1.05517513 -0.37841134], Best Fitness = 14.773997428636674, Evaluations = 7072
Generation 222: Best Solution = [-1.10015309  0.1920888  -1.59011307  0.55556306 -2.98360607  0.58870484
  0.41329097 -0.10678322  1.04056049 -0.38207144], Best Fitness = 14.743780205772122, Evaluations = 7104
Generation 223: Best Solution = [-1.09990103  0.18752712 -1.58321624  0.56909226 -2.97280959  0.59182569
  0.41877348 -0.09226136  1.0524734  -0.38668597], Best Fitness = 14.704352522813494, Evaluations = 7136
Generation 224: Best Solution = [-1.10646828  0.19322654 -1.56803723  0.56593951 -2.97018405  0.59499424
  0.41027767 -0.09404278  1.05667549 -0.3906657 ], Best Fitness = 14.663002833833444, Evaluations = 7168
Generation 225: Best Solution = [-1.09284133  0.19276266 -1.58456918  0.54767348 -2.96469828  0.59136183
  0.41421863 -0.12547631  1.05237113 -0.3894761 ], Best Fitness = 14.627908061233791, Evaluations = 7200
Generation 226: Best Solution = [-1.09779938  0.18877212 -1.5710193   0.56331377 -2.96269688  0.59670967
  0.41514725 -0.11338236  1.04266698 -0.39609694], Best Fitness = 14.589107700084307, Evaluations = 7232
Generation 227: Best Solution = [-1.09137024  0.18177403 -1.56346878  0.56165712 -2.96252228  0.5808612
  0.41905884 -0.11519009  1.05531962 -0.40149048], Best Fitness = 14.561735298993671, Evaluations = 7264
Generation 228: Best Solution = [-1.09079932  0.19080321 -1.5691986   0.55431677 -2.95228959  0.57184617
  0.40726132 -0.10184395  1.07219963 -0.39637638], Best Fitness = 14.521882459542173, Evaluations = 7296
Generation 229: Best Solution = [-1.10062796  0.1858909  -1.57478658  0.55129094 -2.94155355  0.57700962
  0.40840435 -0.1031429   1.06873354 -0.39664581], Best Fitness = 14.492441046125705, Evaluations = 7328
Generation 230: Best Solution = [-1.08188017  0.17814618 -1.57083108  0.54964549 -2.94998336  0.58166533
  0.40733775 -0.09129311  1.05471357 -0.39943953], Best Fitness = 14.458788745649205, Evaluations = 7360
Generation 231: Best Solution = [-1.08848361  0.18653585 -1.57402128  0.5503793  -2.93598058  0.58343773
  0.40349289 -0.10194465  1.05355174 -0.39597209], Best Fitness = 14.40039847405088, Evaluations = 7392
Generation 232: Best Solution = [-1.07072341  0.17616702 -1.58069966  0.53992818 -2.93489025  0.57700729
  0.40346615 -0.10292078  1.04890374 -0.40169284], Best Fitness = 14.349069313008002, Evaluations = 7424
Generation 233: Best Solution = [-1.09382923  0.1879454  -1.56079201  0.55018902 -2.9342209   0.58794887
  0.40434197 -0.105117    1.03551152 -0.39681298], Best Fitness = 14.330188312062663, Evaluations = 7456
Generation 234: Best Solution = [-1.10483005  0.19212598 -1.55342582  0.55131915 -2.92674481  0.596909
  0.39135259 -0.11148546  1.02979087 -0.38788043], Best Fitness = 14.273288285918461, Evaluations = 7488
Generation 235: Best Solution = [-1.10601477  0.19813064 -1.54308876  0.55584036 -2.92789838  0.59837742
  0.38310652 -0.09826523  1.02708941 -0.3818027 ], Best Fitness = 14.240362926633617, Evaluations = 7520
Generation 236: Best Solution = [-1.08460892  0.18455189 -1.5559098   0.53986305 -2.92290277  0.58803266
  0.39320695 -0.09562323  1.04005027 -0.39340127], Best Fitness = 14.212110978084295, Evaluations = 7552
Generation 237: Best Solution = [-1.10038555  0.19710037 -1.53802938  0.54408668 -2.92613313  0.59424536
  0.3958787  -0.08796886  1.02304798 -0.37635547], Best Fitness = 14.179373335313866, Evaluations = 7584
Generation 238: Best Solution = [-1.10039885  0.19044422 -1.53708173  0.56208972 -2.92200481  0.58680585
  0.38790054 -0.09893649  1.01024829 -0.37932428], Best Fitness = 14.132908674802955, Evaluations = 7616
Generation 239: Best Solution = [-1.09730657  0.19379406 -1.53995984  0.56116557 -2.91400555  0.5816912
  0.38957022 -0.10271583  1.00930379 -0.37579125], Best Fitness = 14.080042632402987, Evaluations = 7648
Generation 240: Best Solution = [-1.09973514  0.19730551 -1.53598079  0.56203625 -2.91216326  0.57453658
  0.38474478 -0.10483423  1.00691389 -0.37912881], Best Fitness = 14.050888722273353, Evaluations = 7680
Generation 241: Best Solution = [-1.09401415  0.19990827 -1.52938105  0.55255746 -2.91564267  0.56674902
  0.382208   -0.09248809  1.00225019 -0.36770448], Best Fitness = 13.99768207890574, Evaluations = 7712
Generation 242: Best Solution = [-1.0873248   0.20171914 -1.53213528  0.55602522 -2.91223614  0.56853084
  0.38230843 -0.10117648  1.00002103 -0.36462155], Best Fitness = 13.9733023753173, Evaluations = 7744
Generation 243: Best Solution = [-1.08378385  0.19025449 -1.53043738  0.56026995 -2.91188256  0.56296086
  0.37634325 -0.0960752   0.99472609 -0.36331934], Best Fitness = 13.935255756307512, Evaluations = 7776
Generation 244: Best Solution = [-1.08255878  0.1900986  -1.52682621  0.56510392 -2.90591415  0.56228498
  0.385713   -0.09888318  0.99900407 -0.35701067], Best Fitness = 13.90313129023591, Evaluations = 7808
Generation 245: Best Solution = [-1.08633926  0.1947794  -1.52326136  0.55431676 -2.90447927  0.56332461
  0.38256871 -0.09149308  0.98640477 -0.36383369], Best Fitness = 13.859097835470772, Evaluations = 7840
Generation 246: Best Solution = [-1.09242352  0.20677398 -1.5161822   0.54753641 -2.90065866  0.5718092
  0.37957712 -0.08761629  0.98889331 -0.37346176], Best Fitness = 13.844674725311778, Evaluations = 7872
Generation 247: Best Solution = [-1.09318563  0.20970093 -1.5185225   0.53986675 -2.88896265  0.57329664
  0.37589113 -0.09162191  0.99081908 -0.36373321], Best Fitness = 13.774883245347212, Evaluations = 7904
Generation 248: Best Solution = [-1.08775923  0.21061612 -1.52027775  0.54156695 -2.88446989  0.57251068
  0.37772699 -0.08867649  0.99410315 -0.36277805], Best Fitness = 13.750443693951343, Evaluations = 7936
Generation 249: Best Solution = [-1.0922596   0.21275378 -1.51519008  0.53507989 -2.88295935  0.56424727
  0.37700734 -0.08959987  0.99406476 -0.35582855], Best Fitness = 13.71517761353712, Evaluations = 7968
Generation 250: Best Solution = [-1.0901679   0.21031751 -1.51044286  0.54174742 -2.88177989  0.56797121
  0.38246717 -0.08939288  0.98901217 -0.35663658], Best Fitness = 13.694481002678083, Evaluations = 8000
Generation 251: Best Solution = [-1.0922724   0.21592671 -1.51452633  0.54722779 -2.8725429   0.56574829
  0.38172734 -0.09230892  0.987418   -0.36038767], Best Fitness = 13.663615764028673, Evaluations = 8032
Generation 252: Best Solution = [-1.08669972  0.22046984 -1.50641201  0.54829225 -2.87030312  0.55556284
  0.39315089 -0.0858727   0.98834959 -0.35704526], Best Fitness = 13.612972827260888, Evaluations = 8064
Generation 253: Best Solution = [-1.0907034   0.21972048 -1.49997329  0.56062959 -2.85955645  0.55757232
  0.39886945 -0.094016    0.98895743 -0.35543272], Best Fitness = 13.562391453227299, Evaluations = 8096
Generation 254: Best Solution = [-1.08809857  0.22029673 -1.49932601  0.55575966 -2.85816637  0.55032488
  0.40498254 -0.08500739  0.99196804 -0.35645661], Best Fitness = 13.543607894432048, Evaluations = 8128
Generation 255: Best Solution = [-1.07917718  0.21938119 -1.49340884  0.55960568 -2.86119297  0.55019112
  0.39589588 -0.07801143  0.98315818 -0.35974999], Best Fitness = 13.504154865734582, Evaluations = 8160
Generation 256: Best Solution = [-1.0806774   0.22542002 -1.49493547  0.55482001 -2.85973925  0.54784372
  0.39131641 -0.07929343  0.97575396 -0.35636585], Best Fitness = 13.478084884574756, Evaluations = 8192
Generation 257: Best Solution = [-1.08389225  0.21985824 -1.49176267  0.5561477  -2.85038152  0.54419875
  0.3921603  -0.0760695   0.98158889 -0.35850885], Best Fitness = 13.430264899988138, Evaluations = 8224
Generation 258: Best Solution = [-1.09656378  0.2166819  -1.48471991  0.55693553 -2.83644643  0.53914043
  0.40336089 -0.07095951  0.98723689 -0.36022168], Best Fitness = 13.372205908276614, Evaluations = 8256
Generation 259: Best Solution = [-1.1012589   0.22197952 -1.48380666  0.55716581 -2.83039129  0.53129011
  0.40682621 -0.06591155  0.98870764 -0.35884335], Best Fitness = 13.343709282952673, Evaluations = 8288
Generation 260: Best Solution = [-1.08545441  0.22228701 -1.48952459  0.55578344 -2.83757789  0.54035377
  0.39742331 -0.08306124  0.96557727 -0.35057743], Best Fitness = 13.31912047656872, Evaluations = 8320
Generation 261: Best Solution = [-1.08442046  0.2225376  -1.48703163  0.55492981 -2.83662501  0.52659491
  0.39594163 -0.07518099  0.95980189 -0.3576139 ], Best Fitness = 13.279973836782736, Evaluations = 8352
Generation 262: Best Solution = [-1.08591524  0.22591988 -1.48732991  0.55983477 -2.82980841  0.53629349
  0.40316781 -0.08339402  0.96166033 -0.35782726], Best Fitness = 13.273573025315786, Evaluations = 8384
Generation 263: Best Solution = [-1.08282037  0.23649397 -1.48524024  0.56148571 -2.82760976  0.5359373
  0.39045416 -0.08725267  0.95505266 -0.35627733], Best Fitness = 13.23136647694696, Evaluations = 8416
Generation 264: Best Solution = [-1.07985525  0.24863834 -1.4914132   0.55848552 -2.82633966  0.53852709
  0.37577689 -0.08075464  0.94681881 -0.34997373], Best Fitness = 13.209012154580801, Evaluations = 8448
Generation 265: Best Solution = [-1.08475319  0.24235769 -1.47997649  0.55581388 -2.82330481  0.53905668
  0.37999395 -0.07504112  0.95411235 -0.35122165], Best Fitness = 13.180031994213872, Evaluations = 8480
Generation 266: Best Solution = [-1.08943341  0.23213765 -1.48276405  0.55621361 -2.8157802   0.53309753
  0.37781571 -0.07317245  0.95129992 -0.35202138], Best Fitness = 13.138516465880963, Evaluations = 8512
Generation 267: Best Solution = [-1.07518293  0.23424808 -1.4707737   0.5517322  -2.82448347  0.54423894
  0.37536074 -0.0846745   0.94997666 -0.34860368], Best Fitness = 13.124422764107441, Evaluations = 8544
Generation 268: Best Solution = [-1.08360655  0.22163034 -1.47890431  0.54844079 -2.80836605  0.53643667
  0.38074482 -0.07315568  0.9601713  -0.35120899], Best Fitness = 13.081547629258422, Evaluations = 8576
Generation 269: Best Solution = [-1.06748682  0.22735105 -1.48344266  0.55711328 -2.80191789  0.54144453
  0.38104931 -0.07134231  0.9565149  -0.35783469], Best Fitness = 13.039354685241323, Evaluations = 8608
Generation 270: Best Solution = [-1.07322035  0.23283593 -1.48207995  0.56268287 -2.79915922  0.54180043
  0.37446813 -0.07920694  0.94576474 -0.34844157], Best Fitness = 13.010410103963691, Evaluations = 8640
Generation 271: Best Solution = [-1.08010741  0.22351132 -1.47416507  0.54961274 -2.79075207  0.54492354
  0.38032897 -0.07325419  0.95309404 -0.34273874], Best Fitness = 12.952939310087679, Evaluations = 8672
Generation 272: Best Solution = [-1.06225259  0.23313023 -1.47705896  0.55033266 -2.78720238  0.54278607
  0.37602168 -0.06435149  0.94923711 -0.35672474], Best Fitness = 12.904250351134243, Evaluations = 8704
Generation 273: Best Solution = [-1.06228378  0.240458   -1.48329302  0.55583993 -2.7785909   0.53471293
  0.37749042 -0.06891429  0.94235276 -0.35487791], Best Fitness = 12.86308364526508, Evaluations = 8736
Generation 274: Best Solution = [-1.05132201  0.22866713 -1.48224732  0.56079764 -2.778632    0.52945753
  0.3666049  -0.07082431  0.93506707 -0.34907437], Best Fitness = 12.805857360896812, Evaluations = 8768
Generation 275: Best Solution = [-1.05984855  0.24218151 -1.4775424   0.55482963 -2.77045401  0.52516682
  0.36807456 -0.06266993  0.93688675 -0.34459881], Best Fitness = 12.760025417558488, Evaluations = 8800
Generation 276: Best Solution = [-1.06378792  0.24212395 -1.47384987  0.55733147 -2.7632851   0.52373243
  0.37023388 -0.06675631  0.94134497 -0.34357931], Best Fitness = 12.728867373264233, Evaluations = 8832
Generation 277: Best Solution = [-1.05896794  0.23526981 -1.47321697  0.55028073 -2.76151047  0.52401906
  0.3660703  -0.07884734  0.93956464 -0.34345596], Best Fitness = 12.691446244556163, Evaluations = 8864
Generation 278: Best Solution = [-1.07101547  0.23548632 -1.47003453  0.55082303 -2.75494197  0.52307373
  0.37363943 -0.08775951  0.94085423 -0.34572121], Best Fitness = 12.682284865230821, Evaluations = 8896
Generation 279: Best Solution = [-1.06781657  0.24295131 -1.46599687  0.54230977 -2.74733831  0.52269385
  0.37465827 -0.08389296  0.93743647 -0.35182221], Best Fitness = 12.6135538232733, Evaluations = 8928
Generation 280: Best Solution = [-1.06253597  0.23421345 -1.4666508   0.54638241 -2.74505838  0.53076171
  0.38573316 -0.08784379  0.91967906 -0.34595144], Best Fitness = 12.572489022288769, Evaluations = 8960
Generation 281: Best Solution = [-1.07482766  0.24696115 -1.46040336  0.53654894 -2.73726615  0.51704747
  0.38516943 -0.10284695  0.92675947 -0.35355946], Best Fitness = 12.539691518796005, Evaluations = 8992
Generation 282: Best Solution = [-1.05723503  0.24687533 -1.45986908  0.54762329 -2.74105154  0.51549542
  0.38130992 -0.0964947   0.92745755 -0.34516066], Best Fitness = 12.522923293701936, Evaluations = 9024
Generation 283: Best Solution = [-1.05656259  0.2556775  -1.45075332  0.54654945 -2.73668003  0.50632603
  0.37087107 -0.10375726  0.93435445 -0.35054913], Best Fitness = 12.475094460821005, Evaluations = 9056
Generation 284: Best Solution = [-1.06827504  0.26073227 -1.4555741   0.54444251 -2.72853049  0.49825673
  0.36620938 -0.10892766  0.93564378 -0.35309973], Best Fitness = 12.463528109725603, Evaluations = 9088
Generation 285: Best Solution = [-1.06969017  0.25508564 -1.44858938  0.54192439 -2.72971158  0.50600807
  0.37357008 -0.11260787  0.92667778 -0.34873768], Best Fitness = 12.441353260614676, Evaluations = 9120
Generation 286: Best Solution = [-1.06335594  0.2617492  -1.44346443  0.54885172 -2.72913727  0.50205425
  0.37889655 -0.10423625  0.93091023 -0.3417426 ], Best Fitness = 12.422124633801648, Evaluations = 9152
Generation 287: Best Solution = [-1.05991627  0.24893162 -1.4536526   0.53973718 -2.72427764  0.49436526
  0.37137123 -0.09951994  0.92640543 -0.35797436], Best Fitness = 12.390090668574546, Evaluations = 9184
Generation 288: Best Solution = [-1.07223886  0.25616755 -1.44205066  0.54669321 -2.71811634  0.49462916
  0.37317998 -0.10513651  0.9236984  -0.35314532], Best Fitness = 12.354763334073995, Evaluations = 9216
Generation 289: Best Solution = [-1.07079213  0.2438261  -1.44651195  0.54250864 -2.71166837  0.49651281
  0.36571387 -0.10245423  0.92309013 -0.35128025], Best Fitness = 12.312166413869525, Evaluations = 9248
Generation 290: Best Solution = [-1.05861737  0.25086204 -1.4380188   0.53337478 -2.72166495  0.50643689
  0.37252692 -0.09960585  0.90498917 -0.33836515], Best Fitness = 12.282121663469258, Evaluations = 9280
Generation 291: Best Solution = [-1.06391341  0.2537459  -1.42154468  0.52969798 -2.72548384  0.5036595
  0.37488408 -0.10334058  0.90490714 -0.33356992], Best Fitness = 12.260946165477193, Evaluations = 9312
Generation 292: Best Solution = [-1.05311374  0.25319026 -1.41817416  0.52936779 -2.71758617  0.50041221
  0.36582411 -0.0964334   0.93210174 -0.34327885], Best Fitness = 12.23006976539059, Evaluations = 9344
Generation 293: Best Solution = [-1.04986762  0.25288301 -1.40604472  0.53083879 -2.72065978  0.49936002
  0.37406915 -0.09715089  0.92176545 -0.34022856], Best Fitness = 12.191046515310612, Evaluations = 9376
Generation 294: Best Solution = [-1.05216969  0.24563314 -1.42093262  0.53370067 -2.70671843  0.48926468
  0.36702164 -0.09276197  0.922034   -0.35011924], Best Fitness = 12.153027013199928, Evaluations = 9408
Generation 295: Best Solution = [-1.04709442  0.24422224 -1.41043709  0.52904357 -2.70584418  0.48286471
  0.36455624 -0.10035859  0.92523718 -0.3511651 ], Best Fitness = 12.102376025720075, Evaluations = 9440
Generation 296: Best Solution = [-1.05015244  0.24683969 -1.40924574  0.52489003 -2.69916529  0.4922146
  0.36398547 -0.10659946  0.92158123 -0.34972031], Best Fitness = 12.068466699522972, Evaluations = 9472
Generation 297: Best Solution = [-1.03810803  0.24307587 -1.40823566  0.52684705 -2.69904873  0.48534749
  0.37024586 -0.0990326   0.91749913 -0.34538964], Best Fitness = 12.02586395415073, Evaluations = 9504
Generation 298: Best Solution = [-1.05899172  0.24168831 -1.40838354  0.51480686 -2.68980249  0.49550317
  0.35445159 -0.11668982  0.91892112 -0.34919197], Best Fitness = 12.0146113147364, Evaluations = 9536
Generation 299: Best Solution = [-1.04170676  0.26154009 -1.41411891  0.51304033 -2.68424938  0.47722596
  0.35953414 -0.12143581  0.92801527 -0.34617332], Best Fitness = 11.9744979718638, Evaluations = 9568
Generation 300: Best Solution = [-1.0481662   0.25606618 -1.41219115  0.51509612 -2.67957661  0.47914523
  0.35587931 -0.12161433  0.9189559  -0.3497562 ], Best Fitness = 11.941790542965188, Evaluations = 9600
Generation 301: Best Solution = [-1.04996945  0.24697247 -1.40640712  0.52303102 -2.67419648  0.48935876
  0.35445782 -0.11728931  0.9160519  -0.35008528], Best Fitness = 11.906880405656825, Evaluations = 9632
Generation 302: Best Solution = [-1.03507051  0.25482868 -1.40312933  0.52484531 -2.67051205  0.47846857
  0.35667963 -0.13501917  0.91780194 -0.34477526], Best Fitness = 11.8477908231889, Evaluations = 9664
Generation 303: Best Solution = [-1.0179368   0.26504144 -1.39903711  0.52205284 -2.66627457  0.47700046
  0.35590976 -0.1591363   0.91940865 -0.34328124], Best Fitness = 11.7879861981941, Evaluations = 9696
Generation 304: Best Solution = [-1.03530926  0.25078876 -1.38064269  0.51185889 -2.66407673  0.49269197
  0.35530676 -0.12552312  0.92533811 -0.34666376], Best Fitness = 11.761409576872627, Evaluations = 9728
Generation 305: Best Solution = [-1.03860587  0.23971565 -1.37891886  0.50261169 -2.66209979  0.49962377
  0.36370688 -0.12838846  0.91686382 -0.34823258], Best Fitness = 11.737272194001962, Evaluations = 9760
Generation 306: Best Solution = [-1.07550268  0.21534736 -1.37288726  0.47758297 -2.65562683  0.50506829
  0.37573775 -0.10219378  0.90262945 -0.35007472], Best Fitness = 11.712347934843205, Evaluations = 9792
Generation 307: Best Solution = [-1.0370198   0.24348578 -1.39017172  0.50826813 -2.64877362  0.48956341
  0.36551149 -0.10491013  0.91324907 -0.34037718], Best Fitness = 11.67576862413047, Evaluations = 9824
Generation 308: Best Solution = [-1.03167827  0.23816824 -1.38009564  0.49497572 -2.65279231  0.49339998
  0.36292208 -0.12767335  0.91167581 -0.34850366], Best Fitness = 11.652120188129985, Evaluations = 9856
Generation 309: Best Solution = [-1.06279638  0.22273294 -1.36863624  0.47620057 -2.63833922  0.50907043
  0.37248708 -0.09477434  0.91566394 -0.35024488], Best Fitness = 11.607905501187343, Evaluations = 9888
Generation 310: Best Solution = [-1.05258139  0.23204449 -1.36892685  0.48979147 -2.64053028  0.48998553
  0.37155189 -0.10932969  0.90160657 -0.33910398], Best Fitness = 11.566004300441849, Evaluations = 9920
Generation 311: Best Solution = [-1.03467382  0.23721588 -1.3724504   0.4893642  -2.63813929  0.49562167
  0.36639376 -0.1111982   0.90491579 -0.33641018], Best Fitness = 11.533992297338074, Evaluations = 9952
Generation 312: Best Solution = [-1.06389106  0.22618837 -1.36077982  0.4841908  -2.62646381  0.50119587
  0.37104898 -0.09307495  0.90306984 -0.34954742], Best Fitness = 11.50275606117151, Evaluations = 9984
Generation 313: Best Solution = [-1.04338654  0.22664837 -1.36211905  0.48344905 -2.63035661  0.50849318
  0.35996145 -0.09760227  0.90701474 -0.33635158], Best Fitness = 11.481364037416, Evaluations = 10016
