Algorithm: Cross-Entropy Method
Objective Function: Rosenbrock
Dimension: 10
Population Size: 32
Max Evaluations: 10000

Generation 1: Best Solution = [ 4.27078857  5.57976624  4.2607834  -0.63824298  1.91122498  0.94557106
  5.06463565 -0.99576054  1.08211606 -4.37610379], Best Fitness = 200404.01591430494, Evaluations = 32
Generation 2: Best Solution = [ 4.01575471  5.39081801  3.64881699  0.85678706  6.43291223  2.22624161
  0.05250772 -0.3984915   2.85172959 -3.74269918], Best Fitness = 265508.5042584331, Evaluations = 64
Generation 3: Best Solution = [ 4.38941442  5.02066238  3.56337922  1.51873083  4.57979902  1.12630976
  3.1984164  -0.32352132  3.22714794 -3.39099224], Best Fitness = 151152.29564280127, Evaluations = 96
Generation 4: Best Solution = [ 4.08795108  5.42651859  3.98110622  0.94007014  3.5899268   0.45059054
  1.90492574  0.83544708  3.12992579 -2.98267022], Best Fitness = 134057.17484006265, Evaluations = 128
Generation 5: Best Solution = [ 3.96816813  5.19516917  3.44827     2.0221237   4.36747906  0.91588739
  2.50667296  1.47692129  3.13064124 -1.94643412], Best Fitness = 125804.66397344129, Evaluations = 160
Generation 6: Best Solution = [ 4.16792693  5.29528652  3.47615597  1.45593245  3.75437279 -0.17942232
  2.34024246  1.09172875  3.27053701 -3.08373595], Best Fitness = 128788.81417842035, Evaluations = 192
Generation 7: Best Solution = [ 4.03900612  5.45369913  3.50125147  1.4037677   3.60145465 -0.02443476
  2.43126834  1.36311563  3.11136398 -2.19146249], Best Fitness = 126552.35741617784, Evaluations = 224
Generation 8: Best Solution = [ 4.04250602  5.41500544  3.30551809  0.97152705  3.83487409  0.7596386
  2.38343167 -0.08601261  2.69733341 -3.54540604], Best Fitness = 125956.47412465, Evaluations = 256
Generation 9: Best Solution = [ 4.12489782  5.38743496  3.29502963  1.25974074  3.89519843  0.84873465
  2.48691272  0.32487225  2.77150873 -2.88024648], Best Fitness = 125640.76092268835, Evaluations = 288
Generation 10: Best Solution = [ 4.08079298  5.42956834  3.37941479  1.55440744  3.83147369  0.49885183
  2.63962477  1.19567661  2.9349276  -1.63760201], Best Fitness = 125455.27058556849, Evaluations = 320
Generation 11: Best Solution = [ 4.05402006  5.4491305   3.35692285  1.45710169  3.7813088   0.50354222
  2.59738231  1.07355498  2.89935    -1.78647331], Best Fitness = 124870.55686249664, Evaluations = 352
Generation 12: Best Solution = [ 4.05064738  5.44070705  3.3675661   1.46798646  3.79526158  0.49662977
  2.60591926  1.08802764  2.89942986 -1.79023901], Best Fitness = 124755.65454436181, Evaluations = 384
Generation 13: Best Solution = [ 4.06384657  5.42893004  3.33853587  1.30501838  3.76798693  0.53991078
  2.53845718  0.76593038  2.85384918 -2.26451858], Best Fitness = 124482.02000490302, Evaluations = 416
Generation 14: Best Solution = [ 4.04583289  5.44988584  3.37969977  1.49459573  3.74258446  0.37294083
  2.62756758  1.26744935  2.93602996 -1.51709229], Best Fitness = 124176.13848885873, Evaluations = 448
Generation 15: Best Solution = [ 4.05348687  5.4273263   3.36649002  1.40838179  3.75349586  0.43202601
  2.60729216  1.05020445  2.89729887 -1.82653048], Best Fitness = 123694.28501110252, Evaluations = 480
Generation 16: Best Solution = [ 4.04372182  5.43322198  3.3737037   1.43379032  3.75606056  0.42383595
  2.6105286   1.11125977  2.88270757 -1.7023077 ], Best Fitness = 123383.81696366385, Evaluations = 512
Generation 17: Best Solution = [ 4.05574591  5.42329729  3.36507566  1.40745796  3.72235382  0.38923677
  2.59817016  1.09917526  2.92234697 -1.8202028 ], Best Fitness = 123141.96380446455, Evaluations = 544
Generation 18: Best Solution = [ 4.04736707  5.41906209  3.37196348  1.39466153  3.7429151   0.42276827
  2.59809588  1.05428064  2.8942265  -1.84571476], Best Fitness = 122966.37925170863, Evaluations = 576
Generation 19: Best Solution = [ 4.04950526  5.41581817  3.37723597  1.43701748  3.7272821   0.37516297
  2.6180242   1.1684043   2.91421479 -1.67034682], Best Fitness = 122371.89514122016, Evaluations = 608
Generation 20: Best Solution = [ 4.04029715  5.41751248  3.35825945  1.49949535  3.73075041  0.39460674
  2.6247253   1.25608526  2.96153145 -1.59482269], Best Fitness = 122287.86316086305, Evaluations = 640
Generation 21: Best Solution = [ 4.04855855  5.40913487  3.36467285  1.4510809   3.74787142  0.41311497
  2.60681415  1.15213257  2.90787852 -1.70852568], Best Fitness = 122116.26766586024, Evaluations = 672
Generation 22: Best Solution = [ 4.04209771  5.40501487  3.36737743  1.42810099  3.74516603  0.41981482
  2.601286    1.09096453  2.8933759  -1.77635078], Best Fitness = 121833.68665055864, Evaluations = 704
Generation 23: Best Solution = [ 4.04532757  5.40465482  3.37311221  1.34484809  3.72051089  0.40023694
  2.5761201   0.98272404  2.85432405 -1.88489505], Best Fitness = 121517.63674571762, Evaluations = 736
Generation 24: Best Solution = [ 4.04120693  5.39634401  3.3702634   1.36715621  3.73154736  0.3970225
  2.58101828  1.01410509  2.86447341 -1.86033054], Best Fitness = 121187.60342432221, Evaluations = 768
Generation 25: Best Solution = [ 4.04250424  5.39219606  3.37033669  1.3751949   3.72987186  0.40750376
  2.58241266  1.05035472  2.8747218  -1.81991798], Best Fitness = 120880.66360742481, Evaluations = 800
Generation 26: Best Solution = [ 4.02792818  5.39871569  3.36867357  1.45315251  3.73143784  0.42542047
  2.59913924  1.12025436  2.89373362 -1.72284552], Best Fitness = 120711.33482240068, Evaluations = 832
Generation 27: Best Solution = [ 4.046512    5.3819552   3.36909521  1.40180158  3.74182878  0.40479513
  2.59324893  1.0921506   2.87831454 -1.78791855], Best Fitness = 120541.85613491552, Evaluations = 864
Generation 28: Best Solution = [ 4.02965017  5.3868785   3.37601126  1.43078802  3.74551847  0.43140511
  2.58929799  1.09064217  2.87696425 -1.73931725], Best Fitness = 120333.93394354908, Evaluations = 896
Generation 29: Best Solution = [ 4.02917162  5.38308448  3.37310255  1.44310616  3.74400296  0.43012206
  2.59283979  1.10944841  2.87281432 -1.72211313], Best Fitness = 119940.37590854726, Evaluations = 928
Generation 30: Best Solution = [ 4.02978988  5.38214505  3.36674395  1.43201311  3.7372787   0.42523269
  2.58973001  1.09134465  2.86840079 -1.74227258], Best Fitness = 119760.2808276201, Evaluations = 960
Generation 31: Best Solution = [ 4.0256016   5.37643263  3.3658813   1.41515971  3.73415234  0.41351087
  2.58779292  1.08651915  2.86364643 -1.76709877], Best Fitness = 119390.27806353089, Evaluations = 992
Generation 32: Best Solution = [ 4.01076437  5.38159162  3.36541656  1.45281674  3.74113765  0.45398831
  2.59763528  1.10487689  2.85475442 -1.72374955], Best Fitness = 119147.12439492247, Evaluations = 1024
Generation 33: Best Solution = [ 4.01227226  5.3736505   3.35808108  1.44847284  3.74464696  0.43492433
  2.59493476  1.10168884  2.85399933 -1.73362225], Best Fitness = 118838.25123777734, Evaluations = 1056
Generation 34: Best Solution = [ 4.01258545  5.36375352  3.3612928   1.45191366  3.74234874  0.43549564
  2.59000194  1.10630245  2.87073834 -1.73743198], Best Fitness = 118454.17477225675, Evaluations = 1088
Generation 35: Best Solution = [ 4.00525414  5.36979668  3.37268279  1.4558195   3.74090143  0.46375501
  2.60203946  1.10680923  2.84564086 -1.71078627], Best Fitness = 118339.43461797184, Evaluations = 1120
Generation 36: Best Solution = [ 4.00743076  5.36421232  3.36342924  1.44726517  3.73170314  0.44816663
  2.58038584  1.08888399  2.85959782 -1.75567385], Best Fitness = 118039.686108616, Evaluations = 1152
Generation 37: Best Solution = [ 4.00807946  5.35704062  3.37296224  1.46067257  3.72885276  0.4485761
  2.60596706  1.0981237   2.86337277 -1.72235789], Best Fitness = 117778.73050409733, Evaluations = 1184
Generation 38: Best Solution = [ 4.01406558  5.34957892  3.36550185  1.46371183  3.73289113  0.43513479
  2.59768968  1.1006784   2.86611791 -1.7377189 ], Best Fitness = 117552.78044173702, Evaluations = 1216
Generation 39: Best Solution = [ 4.00355216  5.35102507  3.35908792  1.46404742  3.73231279  0.43992491
  2.60024699  1.1089663   2.85628665 -1.72620647], Best Fitness = 117230.00017638979, Evaluations = 1248
Generation 40: Best Solution = [ 3.99475216  5.34681647  3.35572451  1.46236825  3.73602671  0.43633538
  2.60982694  1.11725368  2.85596509 -1.69953196], Best Fitness = 116916.02923241397, Evaluations = 1280
Generation 41: Best Solution = [ 3.97515914  5.35033328  3.35046292  1.45849794  3.72765839  0.43893712
  2.6149126   1.12239147  2.84233819 -1.67756567], Best Fitness = 116382.48359610744, Evaluations = 1312
Generation 42: Best Solution = [ 3.9777206   5.34904837  3.36305488  1.45353306  3.72006414  0.4487877
  2.59697999  1.11227141  2.82572482 -1.71101531], Best Fitness = 116070.52170465814, Evaluations = 1344
Generation 43: Best Solution = [ 3.97860191  5.3392937   3.35616298  1.46186085  3.72042621  0.43773883
  2.62180783  1.12776224  2.83480079 -1.6793965 ], Best Fitness = 115713.51230862518, Evaluations = 1376
Generation 44: Best Solution = [ 3.97803736  5.33539465  3.3493739   1.45130797  3.72075916  0.44975509
  2.60832597  1.11474812  2.82929718 -1.69444523], Best Fitness = 115351.6831411048, Evaluations = 1408
Generation 45: Best Solution = [ 3.97502527  5.33953527  3.34588751  1.45508159  3.71048918  0.46136352
  2.59916619  1.10723008  2.82941315 -1.70164733], Best Fitness = 115203.63109122777, Evaluations = 1440
Generation 46: Best Solution = [ 3.97436447  5.33272643  3.35004164  1.45777595  3.71285515  0.4539474
  2.59608927  1.12358854  2.82549011 -1.69527204], Best Fitness = 114831.77658068448, Evaluations = 1472
Generation 47: Best Solution = [ 3.97189683  5.32292145  3.35155525  1.4484858   3.71932876  0.45849664
  2.61733443  1.10705176  2.83537384 -1.70210628], Best Fitness = 114735.24832668352, Evaluations = 1504
Generation 48: Best Solution = [ 3.96976156  5.31878747  3.35358096  1.44524984  3.72113876  0.45589197
  2.62207301  1.10504598  2.83622418 -1.69389856], Best Fitness = 114587.76384608506, Evaluations = 1536
Generation 49: Best Solution = [ 3.96381497  5.31946041  3.34085786  1.44266779  3.72428328  0.46024256
  2.609161    1.11917852  2.82229897 -1.66762621], Best Fitness = 114160.74693778722, Evaluations = 1568
Generation 50: Best Solution = [ 3.95931486  5.31222914  3.36440257  1.45236682  3.70640732  0.45067584
  2.62506087  1.0997526   2.82934495 -1.7064701 ], Best Fitness = 113845.6501356121, Evaluations = 1600
Generation 51: Best Solution = [ 3.95331017  5.30576571  3.34660209  1.43688882  3.71488681  0.46574606
  2.61392017  1.11297382  2.83192003 -1.66501898], Best Fitness = 113293.58337350229, Evaluations = 1632
Generation 52: Best Solution = [ 3.96488313  5.2964253   3.36171466  1.4352828   3.7118621   0.46321837
  2.61931635  1.09492624  2.82958123 -1.66546526], Best Fitness = 113131.93751343098, Evaluations = 1664
Generation 53: Best Solution = [ 3.95999517  5.29924173  3.35703232  1.43883345  3.70824507  0.46320077
  2.61863779  1.1020927   2.83323787 -1.66913586], Best Fitness = 113101.81435857994, Evaluations = 1696
Generation 54: Best Solution = [ 3.94547565  5.29625226  3.36655059  1.4346746   3.70702699  0.45918952
  2.61816621  1.10166394  2.83192734 -1.67038545], Best Fitness = 112779.09041678558, Evaluations = 1728
Generation 55: Best Solution = [ 3.95495967  5.29176294  3.35391389  1.43392982  3.70659578  0.47323518
  2.61136828  1.10419325  2.83107359 -1.65750782], Best Fitness = 112469.86851840152, Evaluations = 1760
Generation 56: Best Solution = [ 3.93847254  5.28925348  3.37490638  1.4431854   3.68970931  0.46598276
  2.63497908  1.08558563  2.83615607 -1.66474253], Best Fitness = 112173.40666154404, Evaluations = 1792
Generation 57: Best Solution = [ 3.93170982  5.28309221  3.37710942  1.4426462   3.68700777  0.45720284
  2.63677217  1.08854404  2.82899166 -1.6655942 ], Best Fitness = 111678.35460905966, Evaluations = 1824
Generation 58: Best Solution = [ 3.92531123  5.27669943  3.38683345  1.45205472  3.68315892  0.44137165
  2.64493488  1.07518935  2.8403649  -1.68120116], Best Fitness = 111527.10621115162, Evaluations = 1856
Generation 59: Best Solution = [ 3.92146031  5.27290437  3.39262809  1.45168763  3.68331735  0.43695461
  2.64305305  1.07760657  2.83072852 -1.68021869], Best Fitness = 111217.47686295799, Evaluations = 1888
Generation 60: Best Solution = [ 3.91260955  5.26775959  3.39060806  1.4583362   3.67931065  0.43687418
  2.65187912  1.06428036  2.8357508  -1.68992099], Best Fitness = 110869.2323084671, Evaluations = 1920
Generation 61: Best Solution = [ 3.91406963  5.25935236  3.3930734   1.45025972  3.67471636  0.43334141
  2.64492305  1.07965277  2.83298613 -1.6807749 ], Best Fitness = 110318.97396457229, Evaluations = 1952
Generation 62: Best Solution = [ 3.92833217  5.25756703  3.3781825   1.44064749  3.68232245  0.44744928
  2.62812396  1.08845451  2.82155173 -1.66412892], Best Fitness = 110172.24804166215, Evaluations = 1984
Generation 63: Best Solution = [ 3.92546225  5.24340458  3.38942541  1.44855093  3.67493606  0.4265331
  2.64311437  1.07917825  2.83480462 -1.67364982], Best Fitness = 109714.96356350157, Evaluations = 2016
Generation 64: Best Solution = [ 3.92102169  5.23578554  3.38537433  1.43524536  3.68060691  0.44107328
  2.62921594  1.08439575  2.83060867 -1.66504608], Best Fitness = 109178.57260983605, Evaluations = 2048
Generation 65: Best Solution = [ 3.91913504  5.23319425  3.38454334  1.42896248  3.67936386  0.43908467
  2.62453538  1.09599183  2.83117898 -1.67283262], Best Fitness = 108985.23686172112, Evaluations = 2080
Generation 66: Best Solution = [ 3.89436832  5.23128717  3.39054109  1.43669408  3.68362997  0.43988448
  2.6389723   1.09231648  2.82305678 -1.68732178], Best Fitness = 108655.56715013496, Evaluations = 2112
Generation 67: Best Solution = [ 3.88895985  5.2257242   3.39103611  1.43358044  3.68621254  0.44752771
  2.64071404  1.10079132  2.81242053 -1.69799669], Best Fitness = 108242.75492068556, Evaluations = 2144
Generation 68: Best Solution = [ 3.88763778  5.22278222  3.38976455  1.43802819  3.68028535  0.44595951
  2.64001339  1.07801029  2.82708474 -1.69628001], Best Fitness = 108144.58583415633, Evaluations = 2176
Generation 69: Best Solution = [ 3.91513362  5.21158842  3.39489304  1.43266251  3.67833677  0.44606711
  2.62804616  1.09171347  2.82388119 -1.6853793 ], Best Fitness = 107899.96655274526, Evaluations = 2208
Generation 70: Best Solution = [ 3.87565887  5.21130641  3.39718667  1.44841278  3.68899501  0.45344646
  2.64342516  1.07648281  2.81987689 -1.70219699], Best Fitness = 107553.45467650054, Evaluations = 2240
Generation 71: Best Solution = [ 3.91979889  5.20538306  3.40127488  1.44476413  3.66315471  0.433692
  2.62995902  1.11586922  2.82467082 -1.66223877], Best Fitness = 107375.38567318078, Evaluations = 2272
Generation 72: Best Solution = [ 3.88702374  5.20344826  3.39878966  1.44095308  3.68406109  0.44566936
  2.64483065  1.09110081  2.81130583 -1.69589938], Best Fitness = 107191.57408779171, Evaluations = 2304
Generation 73: Best Solution = [ 3.90220097  5.19601478  3.39508224  1.44323681  3.67655744  0.44901443
  2.6385384   1.09473119  2.81160635 -1.67895495], Best Fitness = 106800.96124035303, Evaluations = 2336
Generation 74: Best Solution = [ 3.89241125  5.19478489  3.40339674  1.45191402  3.67591525  0.45017506
  2.63672284  1.10284968  2.81075982 -1.67798049], Best Fitness = 106585.43619074265, Evaluations = 2368
Generation 75: Best Solution = [ 3.91273995  5.1819818   3.40040214  1.45213804  3.67140292  0.44602882
  2.63809079  1.11271265  2.81145917 -1.66484703], Best Fitness = 106175.0586991106, Evaluations = 2400
Generation 76: Best Solution = [ 3.93032976  5.17235907  3.39702639  1.45833376  3.66601466  0.44908027
  2.63523863  1.11487803  2.80999149 -1.65465399], Best Fitness = 105788.55371270851, Evaluations = 2432
Generation 77: Best Solution = [ 3.96577854  5.15566827  3.38603534  1.45942698  3.66197498  0.43533655
  2.62571746  1.12411281  2.81219161 -1.64024937], Best Fitness = 105383.03190726603, Evaluations = 2464
Generation 78: Best Solution = [ 3.97549543  5.15866526  3.391086    1.44311368  3.63658497  0.42930197
  2.62029753  1.14026024  2.80695102 -1.62971891], Best Fitness = 105166.23697549346, Evaluations = 2496
Generation 79: Best Solution = [ 3.96887538  5.15185706  3.39000584  1.44827692  3.64458607  0.43296301
  2.63245883  1.12640366  2.8086063  -1.6279213 ], Best Fitness = 104979.56309675146, Evaluations = 2528
Generation 80: Best Solution = [ 3.99313158  5.13933481  3.37461778  1.43925681  3.64887242  0.43202955
  2.61742474  1.13654598  2.81943218 -1.6243953 ], Best Fitness = 104794.1674912479, Evaluations = 2560
Generation 81: Best Solution = [ 3.97512152  5.1479432   3.37639044  1.4438691   3.63815207  0.43251299
  2.62519771  1.13235118  2.80844051 -1.6153912 ], Best Fitness = 104592.99880749814, Evaluations = 2592
Generation 82: Best Solution = [ 3.96851329  5.14256909  3.37473192  1.44852871  3.63947152  0.43283165
  2.63036241  1.12400993  2.81032981 -1.62402319], Best Fitness = 104319.78792791649, Evaluations = 2624
Generation 83: Best Solution = [ 3.87527976  5.16165838  3.38623578  1.49141635  3.65020497  0.4589841
  2.65637625  1.06977975  2.79494187 -1.63920357], Best Fitness = 103936.53454318849, Evaluations = 2656
Generation 84: Best Solution = [ 3.95117489  5.13609215  3.37855817  1.45794218  3.63472994  0.4301954
  2.63412547  1.11287942  2.80008782 -1.62837145], Best Fitness = 103603.3829962287, Evaluations = 2688
Generation 85: Best Solution = [ 3.92254413  5.13826775  3.38180364  1.4667763   3.64261936  0.43855944
  2.62691954  1.11343711  2.79697285 -1.64001963], Best Fitness = 103301.80188010786, Evaluations = 2720
Generation 86: Best Solution = [ 3.94101844  5.12661795  3.38629234  1.45097848  3.62685468  0.43750206
  2.63416319  1.11834098  2.80649257 -1.63284905], Best Fitness = 102997.25063023076, Evaluations = 2752
Generation 87: Best Solution = [ 3.93861752  5.1259714   3.37928736  1.46711616  3.63027768  0.4414536
  2.6420915   1.10009509  2.80348709 -1.62488258], Best Fitness = 102911.3035266901, Evaluations = 2784
Generation 88: Best Solution = [ 3.92799173  5.12486931  3.38076824  1.47496024  3.63397017  0.44445979
  2.64583457  1.09775455  2.79262549 -1.62128706], Best Fitness = 102644.50205818219, Evaluations = 2816
Generation 89: Best Solution = [ 3.9167487   5.12463285  3.38904806  1.48323964  3.63062849  0.44570166
  2.63756347  1.10878089  2.78919544 -1.62533095], Best Fitness = 102331.12925132812, Evaluations = 2848
Generation 90: Best Solution = [ 3.93017471  5.11175627  3.38132813  1.47090584  3.62605193  0.44682384
  2.63276302  1.11473397  2.79532725 -1.61962415], Best Fitness = 101862.3129084543, Evaluations = 2880
Generation 91: Best Solution = [ 3.91753115  5.10727555  3.38751394  1.47218909  3.61865771  0.44446276
  2.63977532  1.12093238  2.79045349 -1.63125361], Best Fitness = 101384.19872630527, Evaluations = 2912
Generation 92: Best Solution = [ 3.90708788  5.10247313  3.40416794  1.4808356   3.61433709  0.44204961
  2.64838284  1.1230215   2.79549645 -1.63242828], Best Fitness = 101169.88624809912, Evaluations = 2944
Generation 93: Best Solution = [ 3.90010424  5.10120101  3.39508789  1.48851525  3.61695963  0.44424142
  2.65264509  1.12288438  2.78414611 -1.63617138], Best Fitness = 100853.36762611299, Evaluations = 2976
Generation 94: Best Solution = [ 3.90189633  5.10254634  3.38758535  1.48983532  3.61870924  0.44442652
  2.65057013  1.11697017  2.77410873 -1.62797863], Best Fitness = 100775.54253243009, Evaluations = 3008
Generation 95: Best Solution = [ 3.89787364  5.09237046  3.38223213  1.49597311  3.61956402  0.43774137
  2.66708302  1.1140868   2.76866536 -1.6224073 ], Best Fitness = 100283.97639612737, Evaluations = 3040
Generation 96: Best Solution = [ 3.88828474  5.0877292   3.38628538  1.49133648  3.62393719  0.43788439
  2.67743858  1.11302693  2.77177101 -1.61975512], Best Fitness = 100162.61384090372, Evaluations = 3072
Generation 97: Best Solution = [ 3.88814264  5.07890922  3.38288342  1.48112535  3.62931021  0.44007521
  2.66244812  1.11476876  2.7812152  -1.62907615], Best Fitness = 99878.9014348467, Evaluations = 3104
Generation 98: Best Solution = [ 3.88324756  5.07568159  3.37876885  1.49497644  3.63404339  0.43275681
  2.69105743  1.11200198  2.77217032 -1.61912537], Best Fitness = 99786.81510854696, Evaluations = 3136
Generation 99: Best Solution = [ 3.90118341  5.07824499  3.37844611  1.47267969  3.61084347  0.43917602
  2.6419644   1.10173144  2.76693104 -1.6338093 ], Best Fitness = 99439.7586700446, Evaluations = 3168
Generation 100: Best Solution = [ 3.91117336  5.07391168  3.3734039   1.47816305  3.60882136  0.44092448
  2.61276699  1.10814468  2.78023571 -1.64647078], Best Fitness = 99269.02691038226, Evaluations = 3200
Generation 101: Best Solution = [ 3.90269079  5.07583021  3.37983938  1.47556614  3.58721089  0.44364136
  2.62041667  1.10083502  2.77187927 -1.62691546], Best Fitness = 98816.15171528724, Evaluations = 3232
Generation 102: Best Solution = [ 3.87593253  5.07061434  3.38259119  1.48382397  3.59891423  0.44160171
  2.64608441  1.10289979  2.77079106 -1.62270222], Best Fitness = 98538.8173787483, Evaluations = 3264
Generation 103: Best Solution = [ 3.89312641  5.06527621  3.37602262  1.47036271  3.59975314  0.43832129
  2.62545218  1.10830286  2.76271546 -1.63555611], Best Fitness = 98371.09711440103, Evaluations = 3296
Generation 104: Best Solution = [ 3.86703169  5.06052229  3.37926119  1.48985884  3.60528322  0.43929738
  2.65369474  1.11216304  2.76604011 -1.62445834], Best Fitness = 98030.1256514827, Evaluations = 3328
Generation 105: Best Solution = [ 3.85860769  5.05525121  3.37583744  1.48591303  3.61508019  0.43207973
  2.6617772   1.11551548  2.75567523 -1.62686906], Best Fitness = 97802.2655928385, Evaluations = 3360
Generation 106: Best Solution = [ 3.84446846  5.04949651  3.36859671  1.48579479  3.63202334  0.4330265
  2.67379593  1.12281609  2.75051446 -1.62426331], Best Fitness = 97602.97631428146, Evaluations = 3392
Generation 107: Best Solution = [ 3.86293473  5.04802842  3.37192353  1.48476852  3.60652055  0.44504781
  2.6453675   1.1183119   2.76302379 -1.62785989], Best Fitness = 97293.36914400394, Evaluations = 3424
Generation 108: Best Solution = [ 3.86189708  5.04758249  3.37492341  1.49486086  3.59357426  0.44591548
  2.64664041  1.11425024  2.76284933 -1.6343037 ], Best Fitness = 97043.72095601668, Evaluations = 3456
Generation 109: Best Solution = [ 3.8642063   5.03718109  3.37022339  1.48838777  3.60275327  0.44919675
  2.63695687  1.11363236  2.76365552 -1.62238633], Best Fitness = 96693.79166051204, Evaluations = 3488
Generation 110: Best Solution = [ 3.86371195  5.03977469  3.36666665  1.49205103  3.60133102  0.45539892
  2.63243246  1.11722804  2.76062034 -1.61391266], Best Fitness = 96625.82710721315, Evaluations = 3520
Generation 111: Best Solution = [ 3.85498865  5.03885391  3.36626391  1.48693917  3.58829279  0.4555004
  2.63620853  1.11073399  2.7665475  -1.63566747], Best Fitness = 96366.78493485501, Evaluations = 3552
Generation 112: Best Solution = [ 3.85836702  5.03193947  3.36281083  1.49124023  3.5962541   0.44817561
  2.64237498  1.11691631  2.74883145 -1.62294529], Best Fitness = 96069.35495609457, Evaluations = 3584
Generation 113: Best Solution = [ 3.85285507  5.02763646  3.36137714  1.47677875  3.59479211  0.4408602
  2.64063377  1.1034397   2.7569036  -1.62339249], Best Fitness = 95925.06659267902, Evaluations = 3616
Generation 114: Best Solution = [ 3.84808149  5.02103867  3.35948515  1.47674061  3.59341196  0.44423377
  2.64124806  1.11560664  2.75803621 -1.62244619], Best Fitness = 95515.79540371154, Evaluations = 3648
Generation 115: Best Solution = [ 3.83975283  5.01820407  3.37544415  1.4779139   3.58822031  0.46154617
  2.63031399  1.11950252  2.77245693 -1.62749275], Best Fitness = 95348.15639191025, Evaluations = 3680
Generation 116: Best Solution = [ 3.8471414   5.00749268  3.38263805  1.4879661   3.590548    0.4468124
  2.63353593  1.11088751  2.77134051 -1.62314746], Best Fitness = 95152.37738119464, Evaluations = 3712
Generation 117: Best Solution = [ 3.84294641  5.0075831   3.38827569  1.48561721  3.58047476  0.44070927
  2.63230371  1.12031502  2.76584666 -1.62602399], Best Fitness = 94908.60664077551, Evaluations = 3744
Generation 118: Best Solution = [ 3.83993828  5.00473485  3.38026007  1.48305233  3.5768489   0.4528707
  2.63051417  1.11480011  2.77044101 -1.62223451], Best Fitness = 94618.58441773285, Evaluations = 3776
Generation 119: Best Solution = [ 3.83232227  5.00224243  3.37492057  1.48021001  3.58351254  0.44671236
  2.63350768  1.11800171  2.75989994 -1.62446107], Best Fitness = 94405.83075840937, Evaluations = 3808
Generation 120: Best Solution = [ 3.83930059  4.9971056   3.37602488  1.4832839   3.57529606  0.44643767
  2.62987304  1.11724581  2.76234804 -1.62941553], Best Fitness = 94164.42365337198, Evaluations = 3840
Generation 121: Best Solution = [ 3.83331467  4.99357988  3.37919958  1.48610117  3.58118081  0.44019556
  2.62737716  1.11994752  2.75324286 -1.62553416], Best Fitness = 93950.74791508968, Evaluations = 3872
Generation 122: Best Solution = [ 3.82668942  4.98970599  3.37386365  1.48022519  3.58173623  0.45109622
  2.62883413  1.11340027  2.7501351  -1.61949824], Best Fitness = 93617.64731475507, Evaluations = 3904
Generation 123: Best Solution = [ 3.82594106  4.99163309  3.37126123  1.4858578   3.5790962   0.45463934
  2.63776736  1.12762332  2.73365044 -1.63476823], Best Fitness = 93479.31528801685, Evaluations = 3936
Generation 124: Best Solution = [ 3.82633784  4.98176413  3.37362079  1.48299245  3.58068153  0.45767177
  2.62672912  1.1162204   2.7456419  -1.62646594], Best Fitness = 93186.45679235652, Evaluations = 3968
Generation 125: Best Solution = [ 3.81916421  4.98323929  3.37309669  1.47621279  3.57516056  0.4631634
  2.63828865  1.10415347  2.73299502 -1.63501261], Best Fitness = 93023.9309057691, Evaluations = 4000
Generation 126: Best Solution = [ 3.83143808  4.96911405  3.37163158  1.48119756  3.58240336  0.45003551
  2.62641011  1.1301178   2.75462473 -1.60512626], Best Fitness = 92815.26088266757, Evaluations = 4032
Generation 127: Best Solution = [ 3.81869793  4.97317378  3.36918645  1.48199719  3.57221807  0.46143667
  2.63483448  1.12142887  2.73258914 -1.62687305], Best Fitness = 92434.45127281443, Evaluations = 4064
Generation 128: Best Solution = [ 3.81262685  4.97431806  3.3629641   1.47898571  3.56425185  0.46706751
  2.63108823  1.12738345  2.72766189 -1.63296221], Best Fitness = 92111.5662671455, Evaluations = 4096
Generation 129: Best Solution = [ 3.79961663  4.97299875  3.36482749  1.48528799  3.55607627  0.45887793
  2.62133513  1.12468108  2.73000385 -1.62452808], Best Fitness = 91697.52084096048, Evaluations = 4128
Generation 130: Best Solution = [ 3.80317309  4.96799125  3.37121291  1.48753343  3.54646219  0.45073316
  2.62218684  1.14307763  2.73910221 -1.62531272], Best Fitness = 91518.94842885892, Evaluations = 4160
Generation 131: Best Solution = [ 3.80090365  4.96436541  3.37436225  1.49661768  3.55234894  0.447544
  2.61997951  1.12725798  2.73066758 -1.63406376], Best Fitness = 91399.03890689385, Evaluations = 4192
Generation 132: Best Solution = [ 3.80210524  4.96506018  3.37357157  1.49343462  3.54478643  0.4482542
  2.6238965   1.14148065  2.73154708 -1.63183255], Best Fitness = 91316.378503113, Evaluations = 4224
Generation 133: Best Solution = [ 3.79331017  4.96947649  3.37892602  1.49529068  3.52706096  0.4456895
  2.62235654  1.14310018  2.72694888 -1.63787667], Best Fitness = 91063.7518702837, Evaluations = 4256
Generation 134: Best Solution = [ 3.80233108  4.96287903  3.37106539  1.48267413  3.53320499  0.45734678
  2.61451611  1.13846708  2.72348187 -1.62488201], Best Fitness = 90861.56146359058, Evaluations = 4288
Generation 135: Best Solution = [ 3.79745691  4.96110288  3.37759867  1.48230408  3.52616692  0.45791136
  2.62517221  1.13782627  2.72744057 -1.62898234], Best Fitness = 90775.53871064246, Evaluations = 4320
Generation 136: Best Solution = [ 3.80508448  4.95346558  3.37139381  1.49204983  3.53847645  0.44548557
  2.62192468  1.13695842  2.71156661 -1.63077889], Best Fitness = 90566.47975846165, Evaluations = 4352
Generation 137: Best Solution = [ 3.80684775  4.94735696  3.38371195  1.50257444  3.53456072  0.44478845
  2.621363    1.13096607  2.7043634  -1.63781213], Best Fitness = 90313.83171670901, Evaluations = 4384
Generation 138: Best Solution = [ 3.80230217  4.9449446   3.37491464  1.49830292  3.53502532  0.45542459
  2.61197665  1.13294911  2.71678821 -1.63019112], Best Fitness = 90107.10933224192, Evaluations = 4416
Generation 139: Best Solution = [ 3.79643256  4.93990094  3.36990817  1.50024289  3.53624094  0.45466326
  2.60831731  1.13711485  2.71833147 -1.62650292], Best Fitness = 89772.25613733313, Evaluations = 4448
Generation 140: Best Solution = [ 3.79233675  4.93640921  3.370879    1.50769855  3.5312157   0.45661652
  2.60295071  1.14209645  2.72224071 -1.62887838], Best Fitness = 89471.9429843495, Evaluations = 4480
Generation 141: Best Solution = [ 3.79643759  4.93480497  3.36325633  1.50314688  3.52837864  0.45899434
  2.61095389  1.14329114  2.70805464 -1.63056591], Best Fitness = 89264.49694813279, Evaluations = 4512
Generation 142: Best Solution = [ 3.797752    4.93218044  3.35700594  1.50224301  3.53509258  0.45616659
  2.60973592  1.14742165  2.70118536 -1.62956194], Best Fitness = 89164.59804997196, Evaluations = 4544
Generation 143: Best Solution = [ 3.79002049  4.92840252  3.34678896  1.49872095  3.5302434   0.45669619
  2.60221434  1.14820502  2.7164686  -1.62416618], Best Fitness = 88832.15794352246, Evaluations = 4576
Generation 144: Best Solution = [ 3.79216204  4.92276247  3.3573471   1.50174095  3.5264534   0.44904845
  2.59727014  1.15678154  2.71280556 -1.63395193], Best Fitness = 88617.65543482639, Evaluations = 4608
Generation 145: Best Solution = [ 3.79178664  4.91680091  3.36490142  1.50422622  3.52353183  0.44887653
  2.59380083  1.15695075  2.69986067 -1.6378181 ], Best Fitness = 88246.34110735203, Evaluations = 4640
Generation 146: Best Solution = [ 3.78908219  4.90861595  3.35854462  1.50180779  3.53054859  0.45726351
  2.6079946   1.15273202  2.70604633 -1.62910899], Best Fitness = 88077.7973093409, Evaluations = 4672
Generation 147: Best Solution = [ 3.78043991  4.91052971  3.35530503  1.50963885  3.53619943  0.45537023
  2.60304999  1.15319696  2.6884211  -1.63360343], Best Fitness = 87883.08011417784, Evaluations = 4704
Generation 148: Best Solution = [ 3.78226502  4.90344597  3.36479415  1.51441024  3.53700571  0.45785882
  2.59622781  1.15129466  2.69479729 -1.63714855], Best Fitness = 87742.84916988495, Evaluations = 4736
Generation 149: Best Solution = [ 3.78134951  4.90586969  3.37236912  1.5130636   3.52824135  0.46043266
  2.5974181   1.15702647  2.67681221 -1.63599421], Best Fitness = 87557.49988451829, Evaluations = 4768
Generation 150: Best Solution = [ 3.7863061   4.90586055  3.3726408   1.5146123   3.51979845  0.45493738
  2.58704294  1.1537444   2.66431461 -1.63168052], Best Fitness = 87310.00693322711, Evaluations = 4800
Generation 151: Best Solution = [ 3.78458726  4.89830205  3.37672476  1.50594985  3.51833903  0.45555671
  2.5969721   1.14949189  2.67181176 -1.62177365], Best Fitness = 87152.20406329333, Evaluations = 4832
Generation 152: Best Solution = [ 3.78604704  4.89706199  3.37944106  1.52037879  3.50953062  0.45505957
  2.58671802  1.1592421   2.66344247 -1.63395319], Best Fitness = 86823.2110348059, Evaluations = 4864
Generation 153: Best Solution = [ 3.78120371  4.89763798  3.38057656  1.51823403  3.50340067  0.46057999
  2.58110117  1.14956314  2.65298105 -1.62840071], Best Fitness = 86546.55906279925, Evaluations = 4896
Generation 154: Best Solution = [ 3.77995967  4.89291375  3.36775081  1.52033211  3.51274829  0.46862978
  2.58436197  1.14537614  2.64795529 -1.62751492], Best Fitness = 86336.9133606305, Evaluations = 4928
Generation 155: Best Solution = [ 3.77109242  4.88755441  3.37196522  1.52135194  3.5188296   0.47837112
  2.5861567   1.15231286  2.64658813 -1.6310763 ], Best Fitness = 86110.0328063729, Evaluations = 4960
Generation 156: Best Solution = [ 3.77992973  4.88654128  3.37394429  1.51056224  3.50606436  0.47076467
  2.57631945  1.16038409  2.65536737 -1.63569187], Best Fitness = 86065.91450437084, Evaluations = 4992
Generation 157: Best Solution = [ 3.77653291  4.87957358  3.37969281  1.52718719  3.5118673   0.4869172
  2.58862816  1.16191141  2.65555215 -1.63680993], Best Fitness = 85889.65664295532, Evaluations = 5024
Generation 158: Best Solution = [ 3.76954038  4.87475418  3.37737022  1.53187231  3.51307708  0.49315164
  2.58593099  1.15765167  2.65859423 -1.63014025], Best Fitness = 85584.46493514851, Evaluations = 5056
Generation 159: Best Solution = [ 3.7617042   4.87439148  3.37585644  1.52341045  3.50702665  0.48904099
  2.59078332  1.16832551  2.65040812 -1.62905255], Best Fitness = 85311.65586641841, Evaluations = 5088
Generation 160: Best Solution = [ 3.76349476  4.8662931   3.38063814  1.5330343   3.50410624  0.48946775
  2.58799335  1.16590224  2.65606241 -1.63341648], Best Fitness = 85046.95644650058, Evaluations = 5120
Generation 161: Best Solution = [ 3.76139752  4.86162418  3.39209193  1.54197084  3.49964086  0.4810469
  2.59457557  1.18203771  2.65971995 -1.63878812], Best Fitness = 84932.26709173838, Evaluations = 5152
Generation 162: Best Solution = [ 3.76867328  4.85680406  3.37883893  1.53650221  3.50558815  0.49503153
  2.59201993  1.16038826  2.65574394 -1.62430298], Best Fitness = 84762.28585693397, Evaluations = 5184
Generation 163: Best Solution = [ 3.76395526  4.85017491  3.37214676  1.54245071  3.50769841  0.48762849
  2.58441415  1.16027184  2.65716471 -1.64143602], Best Fitness = 84423.1844865768, Evaluations = 5216
Generation 164: Best Solution = [ 3.76226093  4.84852966  3.37733657  1.54839932  3.50627429  0.48874187
  2.5796147   1.16950038  2.65634057 -1.64421932], Best Fitness = 84295.12702838721, Evaluations = 5248
Generation 165: Best Solution = [ 3.76122521  4.84615157  3.36650975  1.54266496  3.50550996  0.49309845
  2.57638108  1.1572467   2.65595284 -1.64338193], Best Fitness = 84078.32344449573, Evaluations = 5280
Generation 166: Best Solution = [ 3.76347839  4.84101916  3.36244528  1.54985294  3.50596236  0.4888418
  2.57576776  1.15097428  2.66006685 -1.64409914], Best Fitness = 83930.45887674885, Evaluations = 5312
Generation 167: Best Solution = [ 3.75877245  4.8412038   3.35324     1.55007244  3.49752558  0.4914034
  2.56042477  1.15595913  2.66163825 -1.65279221], Best Fitness = 83568.03732667846, Evaluations = 5344
Generation 168: Best Solution = [ 3.75571311  4.83062691  3.35492156  1.55176405  3.49799936  0.48201014
  2.55810808  1.15039852  2.66787914 -1.65417571], Best Fitness = 83237.88563067098, Evaluations = 5376
Generation 169: Best Solution = [ 3.75362147  4.82364633  3.3556728   1.5406787   3.49650384  0.47659636
  2.5554915   1.14948379  2.66948148 -1.65107275], Best Fitness = 82974.83495239819, Evaluations = 5408
Generation 170: Best Solution = [ 3.75419941  4.82208113  3.34893054  1.54295207  3.49476946  0.48309849
  2.5596754   1.14684191  2.6600107  -1.64451634], Best Fitness = 82738.94927275024, Evaluations = 5440
Generation 171: Best Solution = [ 3.75043339  4.81477038  3.35758999  1.54003458  3.50415111  0.49498015
  2.57241421  1.15751048  2.65817106 -1.65299763], Best Fitness = 82685.47727509719, Evaluations = 5472
Generation 172: Best Solution = [ 3.75218461  4.8122208   3.35782367  1.54328162  3.49326172  0.49375582
  2.58115051  1.16258283  2.65580126 -1.6497173 ], Best Fitness = 82449.2789855415, Evaluations = 5504
Generation 173: Best Solution = [ 3.75894598  4.81012614  3.35415728  1.53487336  3.48257226  0.49916299
  2.58590479  1.16178791  2.65043967 -1.64942859], Best Fitness = 82244.29230707092, Evaluations = 5536
Generation 174: Best Solution = [ 3.74752659  4.80362716  3.35691447  1.53975865  3.49786275  0.49768324
  2.58676357  1.15045987  2.65312663 -1.64109308], Best Fitness = 82155.36307782322, Evaluations = 5568
Generation 175: Best Solution = [ 3.75347046  4.80125508  3.36327784  1.54484383  3.48693924  0.48797274
  2.5829926   1.15859606  2.64994589 -1.65179319], Best Fitness = 81994.82597996996, Evaluations = 5600
Generation 176: Best Solution = [ 3.74106831  4.80926719  3.35741679  1.53860084  3.47197127  0.49207288
  2.58965967  1.15329093  2.6369676  -1.64862139], Best Fitness = 81740.9979586946, Evaluations = 5632
Generation 177: Best Solution = [ 3.73213935  4.8090904   3.35024545  1.53298575  3.47253995  0.4909501
  2.57399262  1.15734886  2.64345793 -1.65642964], Best Fitness = 81545.23110170517, Evaluations = 5664
Generation 178: Best Solution = [ 3.73535264  4.80557154  3.35001563  1.52340292  3.4588539   0.49553575
  2.57624427  1.15994285  2.64359519 -1.66072313], Best Fitness = 81268.58656167153, Evaluations = 5696
Generation 179: Best Solution = [ 3.7304934   4.79515896  3.34810053  1.5444424   3.47233423  0.48883722
  2.57454421  1.15479779  2.64589573 -1.65345285], Best Fitness = 80999.33364881131, Evaluations = 5728
Generation 180: Best Solution = [ 3.73767323  4.79379425  3.34674443  1.54551209  3.4641275   0.4927923
  2.56808443  1.15973715  2.65230445 -1.64807647], Best Fitness = 80893.04992682973, Evaluations = 5760
Generation 181: Best Solution = [ 3.73082299  4.78720939  3.34876514  1.5461698   3.47084098  0.49159776
  2.57131861  1.15176596  2.64761432 -1.64843444], Best Fitness = 80682.12458043925, Evaluations = 5792
Generation 182: Best Solution = [ 3.73715943  4.78638117  3.35232194  1.53679888  3.45885238  0.50633464
  2.57130567  1.15778812  2.64587117 -1.65011879], Best Fitness = 80537.56485904045, Evaluations = 5824
Generation 183: Best Solution = [ 3.72024196  4.78052978  3.36401158  1.54304658  3.46806911  0.50090549
  2.57562029  1.15977657  2.64283273 -1.64720014], Best Fitness = 80343.46531540938, Evaluations = 5856
Generation 184: Best Solution = [ 3.71727712  4.78207136  3.35550637  1.54102523  3.46023725  0.49785605
  2.58071717  1.16287615  2.63538049 -1.64421763], Best Fitness = 80118.31607217598, Evaluations = 5888
Generation 185: Best Solution = [ 3.71791351  4.77136638  3.35229543  1.54242788  3.46768535  0.49623334
  2.57636736  1.15808007  2.63655222 -1.6528218 ], Best Fitness = 79847.10221628773, Evaluations = 5920
Generation 186: Best Solution = [ 3.71658189  4.76987222  3.3572712   1.54139774  3.4682937   0.5057773
  2.56740406  1.15734597  2.63515629 -1.6421272 ], Best Fitness = 79723.55315341744, Evaluations = 5952
Generation 187: Best Solution = [ 3.72096718  4.76122443  3.35487197  1.5427442   3.46859925  0.49798095
  2.56828761  1.16031229  2.63809001 -1.65282511], Best Fitness = 79526.38650309629, Evaluations = 5984
Generation 188: Best Solution = [ 3.72278887  4.75280007  3.35696658  1.54214155  3.46855262  0.50449091
  2.56318775  1.1552636   2.63701601 -1.6445351 ], Best Fitness = 79212.8585673181, Evaluations = 6016
Generation 189: Best Solution = [ 3.71695234  4.74975701  3.35382351  1.53926474  3.47064     0.50820412
  2.56427243  1.15410607  2.6393938  -1.64548767], Best Fitness = 79062.78982647842, Evaluations = 6048
Generation 190: Best Solution = [ 3.73161275  4.74645363  3.3465506   1.54113046  3.45644578  0.50438506
  2.55884612  1.1521576   2.64677249 -1.62983617], Best Fitness = 78870.70258312141, Evaluations = 6080
Generation 191: Best Solution = [ 3.71107204  4.74886546  3.34531954  1.53787948  3.45490463  0.5098491
  2.56106398  1.15771774  2.64123749 -1.63338573], Best Fitness = 78591.47491870615, Evaluations = 6112
Generation 192: Best Solution = [ 3.72740238  4.73976219  3.33902951  1.5360579   3.44721139  0.51666186
  2.56769128  1.14772785  2.65414145 -1.63784302], Best Fitness = 78490.19830586377, Evaluations = 6144
Generation 193: Best Solution = [ 3.71897088  4.73713154  3.34159757  1.53372024  3.45887443  0.50564767
  2.55614617  1.15067534  2.64559566 -1.63256859], Best Fitness = 78366.90439590099, Evaluations = 6176
Generation 194: Best Solution = [ 3.71775402  4.73801021  3.33640657  1.53819139  3.45117589  0.50535791
  2.56353883  1.14902838  2.6368333  -1.6335255 ], Best Fitness = 78166.39453163272, Evaluations = 6208
Generation 195: Best Solution = [ 3.713049    4.72823062  3.32852347  1.53011526  3.44954904  0.51061684
  2.56928564  1.15060171  2.65655412 -1.62671732], Best Fitness = 77883.34566140955, Evaluations = 6240
Generation 196: Best Solution = [ 3.70212635  4.72933813  3.33208735  1.53426784  3.45224642  0.49563957
  2.56233109  1.16501774  2.63758444 -1.62958413], Best Fitness = 77640.57260447401, Evaluations = 6272
Generation 197: Best Solution = [ 3.69326054  4.73403413  3.33083315  1.52422954  3.44583008  0.49283958
  2.54486108  1.16933641  2.61565783 -1.62570325], Best Fitness = 77284.87773789962, Evaluations = 6304
Generation 198: Best Solution = [ 3.70099522  4.72125369  3.323645    1.54512645  3.45589279  0.50876926
  2.56636859  1.15054856  2.63395782 -1.63592736], Best Fitness = 77294.65614531553, Evaluations = 6336
Generation 199: Best Solution = [ 3.68248501  4.73290025  3.32024833  1.52982758  3.44899588  0.4741194
  2.54362165  1.18124324  2.63109448 -1.60209784], Best Fitness = 77172.69970497926, Evaluations = 6368
Generation 200: Best Solution = [ 3.70609783  4.71577219  3.32712862  1.54473883  3.4458659   0.5098128
  2.56149642  1.14333424  2.63321523 -1.65037641], Best Fitness = 77046.34696719298, Evaluations = 6400
Generation 201: Best Solution = [ 3.70372405  4.71078293  3.3295751   1.54864801  3.44993069  0.51839875
  2.56594772  1.13989882  2.62299731 -1.64758627], Best Fitness = 76832.0272221659, Evaluations = 6432
Generation 202: Best Solution = [ 3.70646002  4.71212257  3.32727784  1.54311064  3.44213629  0.51194692
  2.55773811  1.15015748  2.61972924 -1.65033035], Best Fitness = 76709.4538973725, Evaluations = 6464
Generation 203: Best Solution = [ 3.70105385  4.70656801  3.32869237  1.54759277  3.44716068  0.5233489
  2.55870364  1.12972748  2.62294956 -1.64277789], Best Fitness = 76556.44444750721, Evaluations = 6496
Generation 204: Best Solution = [ 3.6970929   4.69884917  3.33195697  1.55481834  3.45185774  0.52074092
  2.54829434  1.11437239  2.62227144 -1.66511008], Best Fitness = 76333.18682813554, Evaluations = 6528
Generation 205: Best Solution = [ 3.67230674  4.71147852  3.32004595  1.52893383  3.4312732   0.47568835
  2.53447536  1.14832424  2.61625568 -1.6199893 ], Best Fitness = 75920.87941289498, Evaluations = 6560
Generation 206: Best Solution = [ 3.66566478  4.70426043  3.32274793  1.52971265  3.42581342  0.48790056
  2.54463351  1.14009227  2.62277796 -1.62189404], Best Fitness = 75631.38196622345, Evaluations = 6592
Generation 207: Best Solution = [ 3.65146824  4.70717345  3.31231991  1.53607123  3.42494378  0.46755848
  2.51862185  1.13812538  2.61577048 -1.63059414], Best Fitness = 75285.18996271236, Evaluations = 6624
Generation 208: Best Solution = [ 3.65991967  4.69684252  3.32326926  1.51097345  3.40817075  0.47932234
  2.54638848  1.13985121  2.6168903  -1.62382911], Best Fitness = 75071.23487658202, Evaluations = 6656
Generation 209: Best Solution = [ 3.66340683  4.6896897   3.31427899  1.51291483  3.41644856  0.48073659
  2.54525092  1.15080213  2.61960047 -1.61238519], Best Fitness = 74896.82131227483, Evaluations = 6688
Generation 210: Best Solution = [ 3.65730647  4.68772414  3.31445048  1.50679082  3.41437004  0.48288921
  2.53900509  1.14576458  2.61463134 -1.62803552], Best Fitness = 74685.73206071496, Evaluations = 6720
Generation 211: Best Solution = [ 3.66323432  4.6799648   3.31511938  1.51560454  3.40873007  0.51086863
  2.54099351  1.11527208  2.61291239 -1.65580693], Best Fitness = 74419.04689023619, Evaluations = 6752
Generation 212: Best Solution = [ 3.64920424  4.68454881  3.29859267  1.48518348  3.40191975  0.47851036
  2.54480463  1.14787897  2.6104601  -1.62502706], Best Fitness = 74201.89606497494, Evaluations = 6784
Generation 213: Best Solution = [ 3.65093853  4.6827045   3.30213408  1.48974682  3.39087105  0.48126322
  2.53728196  1.14168656  2.59612434 -1.63500705], Best Fitness = 73859.27821825638, Evaluations = 6816
Generation 214: Best Solution = [ 3.64942791  4.66757556  3.3066965   1.50843742  3.39825047  0.51307782
  2.543976    1.11558127  2.60745235 -1.66378081], Best Fitness = 73594.23747289965, Evaluations = 6848
Generation 215: Best Solution = [ 3.64686375  4.66526684  3.30590828  1.50251689  3.39832685  0.48912175
  2.53541368  1.14138885  2.61149248 -1.63249407], Best Fitness = 73450.2281486416, Evaluations = 6880
Generation 216: Best Solution = [ 3.64826377  4.65465388  3.30691232  1.51769756  3.40493364  0.51207389
  2.54012176  1.12060231  2.60287044 -1.65032285], Best Fitness = 73145.61209409844, Evaluations = 6912
Generation 217: Best Solution = [ 3.65887255  4.6484378   3.30156806  1.50879663  3.39713565  0.51338254
  2.54760627  1.12388094  2.60869794 -1.64308691], Best Fitness = 73011.86607220896, Evaluations = 6944
Generation 218: Best Solution = [ 3.65140562  4.65417744  3.29850199  1.50288424  3.38248199  0.4815132
  2.53587524  1.13949503  2.60984988 -1.62147194], Best Fitness = 72832.75136930234, Evaluations = 6976
Generation 219: Best Solution = [ 3.65059246  4.64251904  3.30568472  1.50609418  3.39494022  0.51384627
  2.53468043  1.12899134  2.61625825 -1.64237704], Best Fitness = 72707.31924878286, Evaluations = 7008
Generation 220: Best Solution = [ 3.64805105  4.63926701  3.30395418  1.51174853  3.38596123  0.49338511
  2.53617199  1.12865575  2.61430081 -1.63558999], Best Fitness = 72439.36999961041, Evaluations = 7040
Generation 221: Best Solution = [ 3.64987392  4.63072347  3.30684029  1.49858737  3.39195263  0.50467782
  2.5317785   1.12974366  2.60537642 -1.6511224 ], Best Fitness = 72226.78438321217, Evaluations = 7072
Generation 222: Best Solution = [ 3.65269569  4.63319393  3.30199991  1.50550594  3.37975493  0.49589692
  2.5368844   1.13031101  2.61249962 -1.64108531], Best Fitness = 72196.96296097868, Evaluations = 7104
Generation 223: Best Solution = [ 3.6452009   4.62908186  3.29066234  1.49755278  3.38355736  0.47277678
  2.5345192   1.12711512  2.6063778  -1.63260691], Best Fitness = 71931.89540368003, Evaluations = 7136
Generation 224: Best Solution = [ 3.64069782  4.60940872  3.32763669  1.51810206  3.40487529  0.54146969
  2.53727351  1.13799348  2.61786292 -1.64962685], Best Fitness = 71801.9978947416, Evaluations = 7168
Generation 225: Best Solution = [ 3.64544397  4.61941252  3.28743761  1.49125344  3.38429172  0.47254662
  2.52415891  1.12739229  2.60843808 -1.64219417], Best Fitness = 71602.23612517047, Evaluations = 7200
Generation 226: Best Solution = [ 3.64212747  4.62149319  3.2885587   1.50578446  3.37595962  0.47159252
  2.5165261   1.11783666  2.59818111 -1.63018349], Best Fitness = 71335.29782500627, Evaluations = 7232
Generation 227: Best Solution = [ 3.63029227  4.61536377  3.29896629  1.51665499  3.38182578  0.49391026
  2.51579683  1.1159795   2.59889913 -1.64480542], Best Fitness = 71115.68870692664, Evaluations = 7264
Generation 228: Best Solution = [ 3.63120826  4.61924161  3.29381272  1.51710514  3.36516975  0.47803749
  2.50969253  1.11319301  2.58847745 -1.63515503], Best Fitness = 70856.96458781863, Evaluations = 7296
Generation 229: Best Solution = [ 3.6263851   4.60746737  3.2811944   1.49467944  3.37387904  0.50037654
  2.51799629  1.11090249  2.59252929 -1.65163662], Best Fitness = 70559.45647789563, Evaluations = 7328
Generation 230: Best Solution = [ 3.62319689  4.6115711   3.25974468  1.48059177  3.35668298  0.48910116
  2.51830983  1.10024248  2.57878519 -1.6592986 ], Best Fitness = 70187.85350898327, Evaluations = 7360
Generation 231: Best Solution = [ 3.61790853  4.60985753  3.26221962  1.49046084  3.36051229  0.49468489
  2.51697585  1.09826235  2.57819828 -1.65449881], Best Fitness = 70088.90115587867, Evaluations = 7392
Generation 232: Best Solution = [ 3.62009242  4.60172527  3.26517964  1.49323492  3.36569138  0.50074024
  2.51867549  1.08563719  2.5745061  -1.65378946], Best Fitness = 69935.98335525933, Evaluations = 7424
Generation 233: Best Solution = [ 3.61375109  4.59513795  3.2681385   1.49361777  3.36528646  0.50277814
  2.5180954   1.09282533  2.58275444 -1.65681612], Best Fitness = 69727.99287578446, Evaluations = 7456
Generation 234: Best Solution = [ 3.61409527  4.58809824  3.27505298  1.51260163  3.36990678  0.51524408
  2.52521566  1.07853131  2.57426425 -1.66163457], Best Fitness = 69558.30461300671, Evaluations = 7488
Generation 235: Best Solution = [ 3.62146504  4.57160237  3.28102409  1.52245967  3.37526581  0.51618123
  2.52402657  1.09669601  2.57580302 -1.64635501], Best Fitness = 69197.1600067472, Evaluations = 7520
Generation 236: Best Solution = [ 3.616648    4.56854992  3.28828945  1.52398536  3.37036343  0.52110961
  2.52519506  1.10226311  2.57710263 -1.64872303], Best Fitness = 69030.78204852788, Evaluations = 7552
Generation 237: Best Solution = [ 3.61521218  4.57231844  3.27853519  1.51075332  3.36550948  0.51737872
  2.51317881  1.10808242  2.56611321 -1.63894159], Best Fitness = 68823.72535629515, Evaluations = 7584
Generation 238: Best Solution = [ 3.62217088  4.56550968  3.27638382  1.50046704  3.36424418  0.50151905
  2.51218372  1.12324362  2.56209002 -1.62989307], Best Fitness = 68652.29192067578, Evaluations = 7616
Generation 239: Best Solution = [ 3.62235838  4.56085265  3.26838604  1.49238285  3.35830358  0.51037382
  2.51177523  1.11861453  2.55633985 -1.63453942], Best Fitness = 68317.67767999694, Evaluations = 7648
Generation 240: Best Solution = [ 3.61568157  4.55685071  3.26852437  1.53227471  3.35655551  0.51795615
  2.50825368  1.09749388  2.55896265 -1.64004089], Best Fitness = 68016.95022411598, Evaluations = 7680
Generation 241: Best Solution = [ 3.61704184  4.55574074  3.27165415  1.48696893  3.34591451  0.5107064
  2.50712638  1.13191816  2.56532408 -1.6228735 ], Best Fitness = 67967.8520332159, Evaluations = 7712
Generation 242: Best Solution = [ 3.62845514  4.54635357  3.26693711  1.4827435   3.34507912  0.51010136
  2.50377328  1.12893587  2.56695522 -1.62309647], Best Fitness = 67787.92518867033, Evaluations = 7744
Generation 243: Best Solution = [ 3.61428714  4.54589723  3.26645398  1.5037076   3.34727187  0.51241305
  2.50914417  1.11987457  2.55781566 -1.63089831], Best Fitness = 67546.11883769244, Evaluations = 7776
Generation 244: Best Solution = [ 3.6117102   4.54538653  3.26302033  1.50124893  3.34687449  0.51714671
  2.5037589   1.12722317  2.56112095 -1.63075458], Best Fitness = 67444.20441375283, Evaluations = 7808
Generation 245: Best Solution = [ 3.60580426  4.53790191  3.26825939  1.50358797  3.34536942  0.51461953
  2.50813605  1.11713789  2.55800664 -1.63267486], Best Fitness = 67189.01287938844, Evaluations = 7840
Generation 246: Best Solution = [ 3.60833274  4.5327654   3.27155334  1.5143964   3.351616    0.51009745
  2.50481313  1.1215249   2.5457135  -1.62786968], Best Fitness = 67032.41173622439, Evaluations = 7872
Generation 247: Best Solution = [ 3.60559182  4.5310319   3.26389502  1.51980445  3.34825481  0.51487023
  2.50592318  1.12004957  2.54419721 -1.63362531], Best Fitness = 66812.55441513356, Evaluations = 7904
Generation 248: Best Solution = [ 3.59844631  4.53238429  3.25525671  1.52590113  3.35200871  0.5146659
  2.4968598   1.10173503  2.54665015 -1.63821882], Best Fitness = 66740.38354613297, Evaluations = 7936
Generation 249: Best Solution = [ 3.60555327  4.52796112  3.25491383  1.5210441   3.34276718  0.5145022
  2.49313118  1.1056292   2.55615051 -1.63014609], Best Fitness = 66612.46862917635, Evaluations = 7968
Generation 250: Best Solution = [ 3.59604243  4.53139897  3.25608082  1.5205096   3.34089156  0.51781778
  2.49980245  1.11049649  2.53969577 -1.6347238 ], Best Fitness = 66470.08139603291, Evaluations = 8000
Generation 251: Best Solution = [ 3.58656102  4.54027001  3.25808812  1.51503649  3.33151816  0.52323025
  2.4954492   1.1148127   2.52669349 -1.6370447 ], Best Fitness = 66364.67806391853, Evaluations = 8032
Generation 252: Best Solution = [ 3.59224983  4.51809324  3.25452974  1.51315889  3.33864727  0.51633326
  2.50041935  1.1128004   2.55243455 -1.63140568], Best Fitness = 66111.35843490034, Evaluations = 8064
Generation 253: Best Solution = [ 3.59991716  4.50891851  3.25560433  1.52908499  3.33885089  0.50838074
  2.48877559  1.10710939  2.56926174 -1.63610439], Best Fitness = 66027.76188570201, Evaluations = 8096
Generation 254: Best Solution = [ 3.57630458  4.53203212  3.26327722  1.52632368  3.32392036  0.53606436
  2.50074824  1.11619481  2.52443521 -1.62903008], Best Fitness = 65868.0478152292, Evaluations = 8128
Generation 255: Best Solution = [ 3.57333826  4.520888    3.25899361  1.53717575  3.33401096  0.54101595
  2.49637639  1.11546745  2.52833018 -1.63387077], Best Fitness = 65589.3498577292, Evaluations = 8160
Generation 256: Best Solution = [ 3.57305566  4.52137306  3.2544074   1.52784652  3.31932149  0.53618776
  2.49535158  1.11089436  2.52532936 -1.62206479], Best Fitness = 65345.67793067015, Evaluations = 8192
Generation 257: Best Solution = [ 3.56379968  4.52676551  3.23751145  1.53105725  3.31386078  0.53967323
  2.507427    1.10792248  2.5233133  -1.62590558], Best Fitness = 65225.06847302528, Evaluations = 8224
Generation 258: Best Solution = [ 3.56696576  4.51229767  3.25062496  1.52606769  3.32026838  0.52449803
  2.49717616  1.10686182  2.52522632 -1.61891653], Best Fitness = 65034.58372030885, Evaluations = 8256
Generation 259: Best Solution = [ 3.55986742  4.50912631  3.24407968  1.53380794  3.32593079  0.53207121
  2.49788596  1.11845124  2.52305337 -1.62941355], Best Fitness = 64831.060981960385, Evaluations = 8288
Generation 260: Best Solution = [ 3.5580591   4.50269099  3.2470087   1.52823434  3.32163892  0.53140158
  2.50562207  1.11106685  2.52693774 -1.61930748], Best Fitness = 64672.46091399203, Evaluations = 8320
Generation 261: Best Solution = [ 3.55606614  4.50152306  3.24940067  1.53795259  3.31829964  0.53244349
  2.49163556  1.12275074  2.53068417 -1.62793555], Best Fitness = 64510.8048453804, Evaluations = 8352
Generation 262: Best Solution = [ 3.5491226   4.49644346  3.24533997  1.53111499  3.31939298  0.53438991
  2.49834151  1.09915525  2.52727597 -1.62737641], Best Fitness = 64322.009328977394, Evaluations = 8384
Generation 263: Best Solution = [ 3.55243745  4.49891021  3.23972053  1.54449493  3.31506572  0.54151941
  2.49010126  1.1282158   2.5231648  -1.62576456], Best Fitness = 64145.31707671972, Evaluations = 8416
Generation 264: Best Solution = [ 3.55983582  4.49383735  3.24002856  1.53813372  3.31419224  0.53938592
  2.47916535  1.11557959  2.51030665 -1.6164096 ], Best Fitness = 63934.294715160235, Evaluations = 8448
Generation 265: Best Solution = [ 3.5485885   4.48986073  3.24813628  1.53125419  3.30767323  0.52792165
  2.48506807  1.11719444  2.5094881  -1.61451482], Best Fitness = 63730.99213786738, Evaluations = 8480
Generation 266: Best Solution = [ 3.54925227  4.49026841  3.24021485  1.53282352  3.29543061  0.51888711
  2.4786266   1.11480126  2.51560378 -1.61044592], Best Fitness = 63546.20023316951, Evaluations = 8512
Generation 267: Best Solution = [ 3.54498894  4.48360472  3.25122645  1.54174907  3.30266543  0.53523488
  2.48926883  1.11665299  2.5116743  -1.62143936], Best Fitness = 63475.413037642706, Evaluations = 8544
Generation 268: Best Solution = [ 3.5348413   4.48565931  3.24140125  1.53952769  3.28661565  0.51465432
  2.48718999  1.1203826   2.5072582  -1.60971454], Best Fitness = 63100.6876907597, Evaluations = 8576
Generation 269: Best Solution = [ 3.53713493  4.47627444  3.24194255  1.5354393   3.2923479   0.51390527
  2.4917613   1.11366438  2.50345304 -1.61042284], Best Fitness = 62959.182170479755, Evaluations = 8608
Generation 270: Best Solution = [ 3.54473516  4.47136349  3.2363126   1.53278857  3.28950796  0.51667532
  2.49110485  1.12158645  2.50511311 -1.60298735], Best Fitness = 62805.86055162598, Evaluations = 8640
Generation 271: Best Solution = [ 3.53951261  4.47341385  3.23355577  1.53112622  3.28261686  0.50642518
  2.49771372  1.12000843  2.49719316 -1.59856176], Best Fitness = 62684.762816320086, Evaluations = 8672
Generation 272: Best Solution = [ 3.54052608  4.4691969   3.22937065  1.52367981  3.27627761  0.49807272
  2.49824637  1.12559021  2.4964596  -1.59801209], Best Fitness = 62481.83821287628, Evaluations = 8704
Generation 273: Best Solution = [ 3.53775611  4.4688262   3.22998388  1.51998141  3.27583123  0.49931588
  2.50178001  1.12992604  2.48623621 -1.60659188], Best Fitness = 62388.5012878368, Evaluations = 8736
Generation 274: Best Solution = [ 3.53829094  4.46329375  3.23614461  1.53396955  3.27428555  0.50906897
  2.49865788  1.1309812   2.4901217  -1.59518828], Best Fitness = 62204.7169523853, Evaluations = 8768
Generation 275: Best Solution = [ 3.52899071  4.46107576  3.24145077  1.53599837  3.27276919  0.5041984
  2.49099967  1.11585809  2.49072875 -1.59285899], Best Fitness = 62050.01528396689, Evaluations = 8800
Generation 276: Best Solution = [ 3.53255936  4.45527855  3.25130932  1.54480782  3.26025168  0.52324599
  2.50211295  1.12300017  2.48858416 -1.58006472], Best Fitness = 61787.03892006536, Evaluations = 8832
Generation 277: Best Solution = [ 3.52223693  4.45419421  3.24094656  1.54031363  3.26360375  0.50685404
  2.49212336  1.11483336  2.4951191  -1.59396582], Best Fitness = 61681.232649060286, Evaluations = 8864
Generation 278: Best Solution = [ 3.52848124  4.4457251   3.25107211  1.53776218  3.26214347  0.5163545
  2.50055711  1.11808919  2.48998113 -1.57976578], Best Fitness = 61541.32479731407, Evaluations = 8896
Generation 279: Best Solution = [ 3.52393213  4.44516421  3.24146359  1.5352521   3.26173349  0.52612867
  2.48822124  1.12141683  2.4923709  -1.59476585], Best Fitness = 61338.9205868049, Evaluations = 8928
Generation 280: Best Solution = [ 3.52791714  4.43800579  3.24325281  1.54306053  3.26713826  0.52697877
  2.48507235  1.1168124   2.49231295 -1.58406357], Best Fitness = 61225.36216890473, Evaluations = 8960
Generation 281: Best Solution = [ 3.52153737  4.43392263  3.24770545  1.54456148  3.26022476  0.5196583
  2.49757119  1.10725339  2.4865777  -1.59143689], Best Fitness = 61049.999215087184, Evaluations = 8992
Generation 282: Best Solution = [ 3.52741657  4.42940178  3.24756126  1.54383721  3.25379658  0.52043126
  2.49369175  1.13052399  2.48945177 -1.5901359 ], Best Fitness = 60867.79064943489, Evaluations = 9024
Generation 283: Best Solution = [ 3.52602708  4.41980249  3.25271345  1.53870365  3.25820134  0.51870137
  2.49302354  1.12399848  2.49541043 -1.58788875], Best Fitness = 60759.46580582825, Evaluations = 9056
Generation 284: Best Solution = [ 3.52969583  4.42261217  3.24600823  1.5456356   3.25129566  0.52761307
  2.48531426  1.13200875  2.50236379 -1.58760612], Best Fitness = 60691.49163789152, Evaluations = 9088
Generation 285: Best Solution = [ 3.52173383  4.4210964   3.24534732  1.54048799  3.25290019  0.53101914
  2.48270282  1.1325335   2.49120669 -1.58375323], Best Fitness = 60468.54683102538, Evaluations = 9120
Generation 286: Best Solution = [ 3.50866514  4.41939677  3.23835706  1.53817825  3.25905688  0.53037301
  2.48042879  1.12166255  2.49198187 -1.58156681], Best Fitness = 60314.03504537353, Evaluations = 9152
Generation 287: Best Solution = [ 3.51587899  4.41508606  3.24211289  1.54073108  3.25852876  0.5372725
  2.48030052  1.13007229  2.48562625 -1.58086899], Best Fitness = 60212.805611628275, Evaluations = 9184
Generation 288: Best Solution = [ 3.5196859   4.41204797  3.23240995  1.54542932  3.25614961  0.54022499
  2.47855734  1.13359217  2.49058346 -1.57207666], Best Fitness = 60053.41811638919, Evaluations = 9216
Generation 289: Best Solution = [ 3.51861901  4.40048331  3.23314862  1.54870609  3.26122709  0.53691057
  2.4811613   1.13080912  2.49111339 -1.58120753], Best Fitness = 59841.23159545284, Evaluations = 9248
Generation 290: Best Solution = [ 3.49742554  4.40296012  3.24035817  1.53893271  3.26595139  0.53198047
  2.47993667  1.12788424  2.47315123 -1.58074579], Best Fitness = 59685.6865362431, Evaluations = 9280
Generation 291: Best Solution = [ 3.51254702  4.39417647  3.23394364  1.53935052  3.26117663  0.52829045
  2.47234156  1.10948101  2.47729493 -1.58241745], Best Fitness = 59531.103343848226, Evaluations = 9312
Generation 292: Best Solution = [ 3.50714607  4.38424836  3.25469573  1.54861162  3.25594438  0.52630867
  2.48096751  1.13293527  2.48486207 -1.59104348], Best Fitness = 59380.038153812355, Evaluations = 9344
Generation 293: Best Solution = [ 3.51501181  4.38484067  3.23879174  1.55005597  3.25451832  0.54097501
  2.4735198   1.1312581   2.48450614 -1.59069246], Best Fitness = 59248.809121732585, Evaluations = 9376
Generation 294: Best Solution = [ 3.50746963  4.3790233   3.24664762  1.55861115  3.24841324  0.52426756
  2.4760013   1.14646442  2.49253709 -1.59557193], Best Fitness = 59079.88383676385, Evaluations = 9408
Generation 295: Best Solution = [ 3.50701611  4.37262902  3.25169662  1.53801885  3.25701941  0.53093829
  2.4830701   1.12889306  2.47229501 -1.56628121], Best Fitness = 58955.11173349965, Evaluations = 9440
Generation 296: Best Solution = [ 3.4962475   4.36772165  3.26272338  1.5453861   3.26125747  0.53693262
  2.48072481  1.14185603  2.46815422 -1.58983847], Best Fitness = 58798.52786167638, Evaluations = 9472
Generation 297: Best Solution = [ 3.51046979  4.36266519  3.25424378  1.54783766  3.25266134  0.52882615
  2.46548925  1.13756233  2.48649737 -1.57923339], Best Fitness = 58704.43564301248, Evaluations = 9504
Generation 298: Best Solution = [ 3.5063862   4.35965282  3.24805387  1.55217857  3.25252409  0.52711715
  2.48186023  1.13044328  2.483125   -1.57651846], Best Fitness = 58587.895782511, Evaluations = 9536
Generation 299: Best Solution = [ 3.49372549  4.35286972  3.26163388  1.54360854  3.26299167  0.51550276
  2.47275113  1.1385671   2.47192975 -1.57308123], Best Fitness = 58423.11990951316, Evaluations = 9568
Generation 300: Best Solution = [ 3.47989049  4.3501279   3.25446677  1.54568589  3.26883069  0.51521551
  2.48127635  1.12909455  2.47629435 -1.57070193], Best Fitness = 58305.129153193404, Evaluations = 9600
Generation 301: Best Solution = [ 3.49814495  4.34953622  3.24400068  1.54960731  3.25566687  0.514091
  2.4667501   1.13806895  2.47697386 -1.56517109], Best Fitness = 58121.70950690984, Evaluations = 9632
Generation 302: Best Solution = [ 3.48677348  4.3425583   3.25262291  1.55029036  3.27336826  0.51633656
  2.47575964  1.14765093  2.45666298 -1.57213022], Best Fitness = 58008.523392920935, Evaluations = 9664
Generation 303: Best Solution = [ 3.48579458  4.34047121  3.25269471  1.54991969  3.2610708   0.52642544
  2.47757908  1.15172992  2.46739358 -1.57583073], Best Fitness = 57847.971615678565, Evaluations = 9696
Generation 304: Best Solution = [ 3.47375383  4.33818925  3.25780434  1.54341581  3.25985129  0.53389088
  2.4753591   1.14646419  2.46479024 -1.56869545], Best Fitness = 57649.16829414507, Evaluations = 9728
Generation 305: Best Solution = [ 3.47194858  4.33518039  3.25116861  1.54252204  3.25821776  0.53126283
  2.47933493  1.14343651  2.45125291 -1.5783709 ], Best Fitness = 57418.81111518167, Evaluations = 9760
Generation 306: Best Solution = [ 3.46796122  4.33520938  3.25719308  1.54702592  3.25503595  0.54070986
  2.4672456   1.16069074  2.45741711 -1.5796262 ], Best Fitness = 57311.3155602822, Evaluations = 9792
Generation 307: Best Solution = [ 3.45703251  4.3327566   3.25181058  1.5572346   3.25238597  0.54023803
  2.4603589   1.16031498  2.46525988 -1.58971893], Best Fitness = 57069.16065258094, Evaluations = 9824
Generation 308: Best Solution = [ 3.4594457   4.32887223  3.26123588  1.55230475  3.24710619  0.55244142
  2.46105447  1.17407318  2.44334934 -1.57938604], Best Fitness = 56788.7620459684, Evaluations = 9856
Generation 309: Best Solution = [ 3.44924721  4.33339519  3.25986185  1.55105742  3.24411417  0.56312268
  2.45750231  1.1754523   2.44211603 -1.57892424], Best Fitness = 56690.72482283519, Evaluations = 9888
Generation 310: Best Solution = [ 3.44807424  4.33014412  3.25601948  1.54191014  3.24343294  0.56079668
  2.45665848  1.18126721  2.44227956 -1.58254964], Best Fitness = 56574.53767785306, Evaluations = 9920
Generation 311: Best Solution = [ 3.45210211  4.31574408  3.25734104  1.56002902  3.25211413  0.56112953
  2.46564067  1.16787456  2.43718451 -1.59140904], Best Fitness = 56378.33011497061, Evaluations = 9952
Generation 312: Best Solution = [ 3.44670792  4.31391167  3.26095121  1.55409278  3.24317129  0.55974468
  2.4689556   1.16434027  2.44146935 -1.58237843], Best Fitness = 56248.98112675662, Evaluations = 9984
Generation 313: Best Solution = [ 3.44995827  4.30939912  3.25718301  1.55905238  3.24757688  0.56154199
  2.47077427  1.16800303  2.43664816 -1.58715928], Best Fitness = 56154.18183944575, Evaluations = 10016
