Algorithm: Cross-Entropy Method
Objective Function: Griewank
Dimension: 10
Population Size: 64
Max Evaluations: 10000

Generation 1: Best Solution = [ 199.20155541 -463.61951603  116.88867639  223.46012689  -74.30215215
  307.54407762  -20.66926923  -86.8233361    87.28217168   23.88810771], Best Fitness = 109.62004904296528, Evaluations = 64
Generation 2: Best Solution = [  23.64196381  -48.88495228   50.27445078  -43.75814671  209.41463707
  173.29760111  201.08435462 -320.7127931   191.68659161  200.78372944], Best Fitness = 76.40584035618713, Evaluations = 128
Generation 3: Best Solution = [  37.72954736  -96.74419808  198.87042906  102.57899034 -101.2085465
  184.34904537   -8.26973527  -60.64392651  207.1455902   192.9415291 ], Best Fitness = 48.23760395790727, Evaluations = 192
Generation 4: Best Solution = [  23.4437936  -131.3930586   198.52151882  101.77833734 -100.29543057
   92.29812709    5.69862071 -125.07854934  150.84069498  167.76774876], Best Fitness = 39.18475163253373, Evaluations = 256
Generation 5: Best Solution = [ -45.10066957 -123.02498407   81.07536145   80.52376966   -3.84609097
  128.57825062  123.71575678 -178.80534044   88.24923969  119.59558327], Best Fitness = 30.029064119389375, Evaluations = 320
Generation 6: Best Solution = [  -4.86831588 -134.30540315   40.05512878   76.14464821  -78.99133298
   88.20233695   83.21748835 -169.89032394  113.47121749  164.94442503], Best Fitness = 29.8395578791517, Evaluations = 384
Generation 7: Best Solution = [ -22.34380945 -131.6257605   151.67967014   50.53428774  -31.2321705
   94.54589136   53.17188293 -127.54466134  134.06523568  122.01826148], Best Fitness = 27.316420326984545, Evaluations = 448
Generation 8: Best Solution = [ -32.63118385 -129.35233905  113.56872982   61.08147885  -25.81911909
   60.16900843   45.31111022 -146.86899874  122.54559208  151.32904226], Best Fitness = 26.06265535171911, Evaluations = 512
Generation 9: Best Solution = [  23.02254205  -96.59049574   97.40041314   48.51413179  -17.5872885
  126.04311428   50.82361997 -164.96849807  111.01232623  136.75360642], Best Fitness = 25.679930861972817, Evaluations = 576
Generation 10: Best Solution = [ -23.80364965 -129.26051453  109.11317432   66.57297452  -42.16873846
  109.44216822   38.4382028  -123.41536494  132.99231941  120.83143561], Best Fitness = 25.10611510972095, Evaluations = 640
Generation 11: Best Solution = [  -1.78679691 -101.93486661  103.26568134   53.39765015   -6.08018235
  128.37435322   35.84341142 -142.30907966  124.24090522  130.56566202], Best Fitness = 24.61165152412065, Evaluations = 704
Generation 12: Best Solution = [  -7.08252235 -107.24464775  110.76285719   46.54163421   -6.43764565
  101.1831419    29.50762578 -134.99333623  132.44999735  145.49534337], Best Fitness = 24.521688892919446, Evaluations = 768
Generation 13: Best Solution = [ -12.32653128 -106.87390192  103.32377427   51.6246663    -8.54936227
  109.67512914   44.24292212 -141.76802262  124.857713    140.4695706 ], Best Fitness = 24.461655864967472, Evaluations = 832
Generation 14: Best Solution = [  -6.16885005 -110.79276215  104.08823926   48.17042311  -11.4930212
  105.653373     34.89056571 -128.72380418  135.85929846  144.34027191], Best Fitness = 24.460501151825984, Evaluations = 896
Generation 15: Best Solution = [ -12.10270198 -111.74172396  102.65716474   56.3074283   -22.38038663
  107.93684497   43.82751251 -134.29925569  128.90643052  137.66453343], Best Fitness = 24.329492833419447, Evaluations = 960
Generation 16: Best Solution = [  -9.13131023 -107.774276    103.36289824   55.13949231  -15.24172925
  106.87642028   36.13882752 -131.06519682  134.27851051  141.95965001], Best Fitness = 24.378333988015992, Evaluations = 1024
Generation 17: Best Solution = [ -12.45629229 -111.15090859  103.32358346   55.67259507  -21.45456745
  105.32107959   42.31950443 -132.94268238  128.89830452  141.61842501], Best Fitness = 24.322604642043537, Evaluations = 1088
Generation 18: Best Solution = [ -11.90215082 -110.96012943  104.02232886   55.43036592  -18.91397219
  108.50699119   39.87011254 -131.78437228  130.46797873  139.22732315], Best Fitness = 24.25584440488458, Evaluations = 1152
Generation 19: Best Solution = [ -11.29135922 -110.06609587  103.41164866   56.73146056  -20.13617972
  108.16333875   40.25166719 -132.00900351  130.45144734  139.70996259], Best Fitness = 24.325711468665077, Evaluations = 1216
Generation 20: Best Solution = [  -8.94841997 -110.6923578   102.90739716   51.12275826  -12.6594734
  109.49534431   35.86717392 -129.75533599  134.29304936  140.88355478], Best Fitness = 24.375253884578072, Evaluations = 1280
Generation 21: Best Solution = [  -5.96953734 -107.66020651  100.63204427   51.33607285  -11.69687615
  108.43372438   35.66463323 -129.04242032  136.39034289  144.20584427], Best Fitness = 24.401201215141036, Evaluations = 1344
Generation 22: Best Solution = [  -8.35339463 -107.43856524  100.1478243    53.28524004  -12.1920183
  107.72225174   35.18557237 -128.86925711  137.1284309   143.88830738], Best Fitness = 24.396954849999343, Evaluations = 1408
Generation 23: Best Solution = [  -7.48936635 -107.33539842   99.86355897   53.17586207  -12.49352691
  107.97416567   35.20253965 -128.95356174  137.29584188  143.75202138], Best Fitness = 24.393723318142193, Evaluations = 1472
Generation 24: Best Solution = [  -5.85438104 -106.26104172   99.1792128    53.22269003  -12.69030938
  108.42562064   35.92463202 -129.06815526  137.115633    144.60065456], Best Fitness = 24.392859873928277, Evaluations = 1536
Generation 25: Best Solution = [  -5.73438545 -107.17262752   99.13366695   52.16158416  -12.05788569
  108.75384861   35.77800724 -129.46477702  137.20073615  143.75073755], Best Fitness = 24.391928784392444, Evaluations = 1600
Generation 26: Best Solution = [  -6.60558188 -107.70035197   99.50267812   51.90586353  -11.48030908
  108.83983596   35.27974368 -129.47960198  137.19506123  143.25495152], Best Fitness = 24.391735519518562, Evaluations = 1664
Generation 27: Best Solution = [  -5.74416006 -107.24199176   99.3579607    52.02659971  -11.7775533
  108.37612872   35.35308959 -129.4518777   137.38436047  143.83722818], Best Fitness = 24.391568538761224, Evaluations = 1728
Generation 28: Best Solution = [  -5.8570799  -107.28982258   99.20127778   52.43254062  -12.35809096
  108.75631685   35.79414793 -129.58869678  137.1038204   143.45098914], Best Fitness = 24.390772157780372, Evaluations = 1792
Generation 29: Best Solution = [  -5.57636779 -107.15277765   99.26919608   51.8652207   -11.69990388
  108.94181611   35.46817688 -129.1420957   137.37622099  143.83730114], Best Fitness = 24.38968977469626, Evaluations = 1856
Generation 30: Best Solution = [  -6.36685674 -107.3508008    99.32219881   52.11647686  -11.67783635
  109.00045283   35.56538416 -129.40907914  137.10522565  143.46133254], Best Fitness = 24.387914728332476, Evaluations = 1920
Generation 31: Best Solution = [  -6.24444839 -107.5850383    99.5099722    51.82411169  -11.53043417
  108.55700443   35.26377324 -129.48616585  137.2448418   143.48783501], Best Fitness = 24.387766523564203, Evaluations = 1984
Generation 32: Best Solution = [  -6.26568283 -107.55127855   99.52439235   51.87296747  -11.60943819
  108.60649937   35.35870056 -129.46850509  137.17867253  143.48496622], Best Fitness = 24.38702698625326, Evaluations = 2048
Generation 33: Best Solution = [  -5.98746778 -107.46698444   99.50669257   51.91598955  -11.78919799
  108.58305521   35.42246209 -129.46201534  137.1740108   143.5413983 ], Best Fitness = 24.386105951564964, Evaluations = 2112
Generation 34: Best Solution = [  -6.60334056 -107.6362665    99.51942675   52.03721845  -11.67856545
  108.56993738   35.3973911  -129.5569402   137.10283439  143.32324377], Best Fitness = 24.38468136409565, Evaluations = 2176
Generation 35: Best Solution = [  -6.29727562 -107.30268656   99.254132     52.16296208  -11.73848448
  108.91584048   35.60276156 -129.49130083  137.08603383  143.47327203], Best Fitness = 24.384132360918134, Evaluations = 2240
Generation 36: Best Solution = [  -6.33540063 -107.44843573   99.39852496   52.00750582  -11.65506984
  108.75182912   35.47298987 -129.47086253  137.12921692  143.45539588], Best Fitness = 24.383789439866494, Evaluations = 2304
Generation 37: Best Solution = [  -6.24860937 -107.46860784   99.37450545   52.02903945  -11.71325333
  108.70463238   35.45570326 -129.52481857  137.14212617  143.41706489], Best Fitness = 24.38289358847111, Evaluations = 2368
Generation 38: Best Solution = [  -6.43518773 -107.38742164   99.26864451   52.11999207  -11.64594615
  108.85238419   35.54372293 -129.46958175  137.1134045   143.44248592], Best Fitness = 24.381920640527074, Evaluations = 2432
Generation 39: Best Solution = [  -6.40929236 -107.36619251   99.32951323   52.06419451  -11.605151
  108.80941509   35.52248678 -129.46398897  137.09888757  143.48863424], Best Fitness = 24.38134099180179, Evaluations = 2496
Generation 40: Best Solution = [  -6.42592363 -107.45553252   99.37283971   52.05835486  -11.6377777
  108.70622684   35.44349493 -129.51622492  137.12545136  143.40805415], Best Fitness = 24.380604476638098, Evaluations = 2560
Generation 41: Best Solution = [  -6.12775155 -107.47546775   99.39507046   51.76777983  -11.47478337
  108.67641056   35.31678201 -129.35576445  137.27785396  143.55133241], Best Fitness = 24.379984998131263, Evaluations = 2624
Generation 42: Best Solution = [  -6.46112105 -107.42265614   99.30366309   52.12323371  -11.67254137
  108.78169228   35.5017325  -129.50411501  137.10797082  143.38337035], Best Fitness = 24.37880656042962, Evaluations = 2688
Generation 43: Best Solution = [  -6.32128526 -107.41943084   99.28560753   52.05614898  -11.67600655
  108.770732     35.48526446 -129.45341451  137.1393112   143.44578127], Best Fitness = 24.3780356589855, Evaluations = 2752
Generation 44: Best Solution = [  -6.40730218 -107.44751471   99.34235357   52.04192721  -11.64073453
  108.72854594   35.45150679 -129.48057744  137.13475546  143.40047429], Best Fitness = 24.377324536249304, Evaluations = 2816
Generation 45: Best Solution = [  -6.39482321 -107.4155378    99.29925279   52.13050732  -11.72325774
  108.75474758   35.50357276 -129.51741499  137.10036131  143.37264162], Best Fitness = 24.376560147826417, Evaluations = 2880
Generation 46: Best Solution = [  -6.31798865 -107.4843447    99.36284572   51.99260635  -11.6657001
  108.66656614   35.40479872 -129.46937437  137.15757789  143.40348551], Best Fitness = 24.375695083855632, Evaluations = 2944
Generation 47: Best Solution = [  -6.38236442 -107.42709877   99.30134499   52.07594976  -11.67972474
  108.73680818   35.47147747 -129.47850674  137.12269708  143.39679422], Best Fitness = 24.374792492679333, Evaluations = 3008
Generation 48: Best Solution = [  -6.36194861 -107.40775435   99.29731908   52.07075916  -11.67899468
  108.73843871   35.47986588 -129.47722623  137.12325751  143.40645651], Best Fitness = 24.374237979416698, Evaluations = 3072
Generation 49: Best Solution = [  -6.35709805 -107.40795837   99.30314075   52.08001994  -11.68859026
  108.7185566    35.47786518 -129.4825565   137.12116128  143.40045981], Best Fitness = 24.373462408985215, Evaluations = 3136
Generation 50: Best Solution = [  -6.36329531 -107.40375778   99.29757278   52.08543284  -11.68294267
  108.73102008   35.48324579 -129.48091841  137.11188451  143.39760352], Best Fitness = 24.372934501532537, Evaluations = 3200
Generation 51: Best Solution = [  -6.40672608 -107.38386297   99.26594134   52.11908477  -11.67470069
  108.77570649   35.50609221 -129.48079451  137.08318481  143.39419432], Best Fitness = 24.371940928511044, Evaluations = 3264
Generation 52: Best Solution = [  -6.44075883 -107.38383766   99.25912647   52.13245765  -11.66741755
  108.7611004    35.51876527 -129.49787637  137.07115563  143.37859752], Best Fitness = 24.370609440990833, Evaluations = 3328
Generation 53: Best Solution = [  -6.40026821 -107.3864618    99.27056819   52.11185258  -11.67791814
  108.741199     35.49754075 -129.49096582  137.08674284  143.39053508], Best Fitness = 24.370700086379983, Evaluations = 3392
Generation 54: Best Solution = [  -6.44101514 -107.39954618   99.30805739   52.09420183  -11.66151892
  108.71927988   35.47605439 -129.49590653  137.0825413   143.37254026], Best Fitness = 24.37000583294034, Evaluations = 3456
Generation 55: Best Solution = [  -6.39858287 -107.39278681   99.27824148   52.10034404  -11.68487472
  108.73891329   35.50158005 -129.48587921  137.08460425  143.37028465], Best Fitness = 24.369159418650757, Evaluations = 3520
Generation 56: Best Solution = [  -6.40662668 -107.38501542   99.28143933   52.09369982  -11.67468212
  108.73636721   35.49961963 -129.48144078  137.08053755  143.3772894 ], Best Fitness = 24.368477961853106, Evaluations = 3584
Generation 57: Best Solution = [  -6.30959847 -107.33344008   99.22708963   52.09133206  -11.69657916
  108.79750628   35.53448827 -129.43806214  137.08919908  143.42114443], Best Fitness = 24.367690477304624, Evaluations = 3648
Generation 58: Best Solution = [  -6.35218123 -107.37576157   99.26212756   52.0912032   -11.69200788
  108.73190412   35.51707234 -129.46152413  137.09212062  143.37845307], Best Fitness = 24.366523783428935, Evaluations = 3712
Generation 59: Best Solution = [  -6.30365223 -107.33914722   99.23841601   52.09566109  -11.68428718
  108.77486557   35.51454741 -129.4295793   137.08532901  143.41552783], Best Fitness = 24.36579303444468, Evaluations = 3776
Generation 60: Best Solution = [  -6.3108874  -107.34766753   99.23374591   52.08976943  -11.70309972
  108.77532168   35.52173859 -129.424558    137.09298995  143.39845231], Best Fitness = 24.365092242471263, Evaluations = 3840
Generation 61: Best Solution = [  -6.27414961 -107.32854059   99.23608208   52.08099111  -11.70149919
  108.77277951   35.52625062 -129.41226133  137.08939701  143.4209696 ], Best Fitness = 24.364379839243743, Evaluations = 3904
Generation 62: Best Solution = [  -6.34041378 -107.34195968   99.23485699   52.0879212   -11.66763957
  108.76218827   35.50179003 -129.44452009  137.07524957  143.39681198], Best Fitness = 24.363583650874173, Evaluations = 3968
Generation 63: Best Solution = [  -6.35412315 -107.35504402   99.24825731   52.09289084  -11.66961436
  108.75677711   35.48557348 -129.44433169  137.07176703  143.37689191], Best Fitness = 24.36286461043201, Evaluations = 4032
Generation 64: Best Solution = [  -6.31696226 -107.33257584   99.2490003    52.08087157  -11.69045782
  108.75284389   35.51771408 -129.4291257   137.07165263  143.39186281], Best Fitness = 24.361842516135876, Evaluations = 4096
Generation 65: Best Solution = [  -6.32214984 -107.33307953   99.24560048   52.07848905  -11.68788988
  108.7616316    35.51734644 -129.4160848   137.07475642  143.39140569], Best Fitness = 24.36145738147417, Evaluations = 4160
Generation 66: Best Solution = [  -6.32611522 -107.32819011   99.23970379   52.07743733  -11.68226093
  108.77466102   35.50921397 -129.4071152   137.07320125  143.38624547], Best Fitness = 24.36036816967818, Evaluations = 4224
Generation 67: Best Solution = [  -6.35408636 -107.33437525   99.25720801   52.07479538  -11.68254999
  108.76391788   35.4972167  -129.41954388  137.06622033  143.36611377], Best Fitness = 24.35965571577823, Evaluations = 4288
Generation 68: Best Solution = [  -6.3465642  -107.32502339   99.22713      52.0765979   -11.68073766
  108.76753765   35.49230582 -129.42334385  137.06355364  143.38343724], Best Fitness = 24.359092732853245, Evaluations = 4352
Generation 69: Best Solution = [  -6.31466216 -107.3160966    99.2137602    52.06145867  -11.69634664
  108.76683223   35.52020441 -129.42000825  137.06103114  143.38864451], Best Fitness = 24.357986580868744, Evaluations = 4416
Generation 70: Best Solution = [  -6.34556982 -107.31796418   99.21252773   52.08002842  -11.68072476
  108.76478331   35.48852716 -129.4189022   137.0612757   143.38401599], Best Fitness = 24.357459284656443, Evaluations = 4480
Generation 71: Best Solution = [  -6.33487201 -107.32193121   99.20591562   52.07950572  -11.68575176
  108.75428599   35.50671685 -129.42500004  137.05534734  143.37959434], Best Fitness = 24.35674727249281, Evaluations = 4544
Generation 72: Best Solution = [  -6.2782378  -107.29775576   99.18721519   52.05135261  -11.70899372
  108.75797504   35.54302261 -129.41718664  137.06320648  143.39773597], Best Fitness = 24.355913664856725, Evaluations = 4608
Generation 73: Best Solution = [  -6.28560096 -107.30110715   99.18985165   52.06442969  -11.688177
  108.75205216   35.52601063 -129.40346217  137.06043093  143.39940204], Best Fitness = 24.354917605606193, Evaluations = 4672
Generation 74: Best Solution = [  -6.29789041 -107.28516514   99.17389069   52.05859323  -11.68824878
  108.75939013   35.51504966 -129.40339058  137.06442121  143.40092303], Best Fitness = 24.353721478736542, Evaluations = 4736
Generation 75: Best Solution = [  -6.24724563 -107.28317631   99.17039478   52.05113648  -11.70733685
  108.73783747   35.55044593 -129.41336174  137.06817388  143.39740451], Best Fitness = 24.353278556092402, Evaluations = 4800
Generation 76: Best Solution = [  -6.24391282 -107.27887895   99.17721445   52.05442728  -11.71443825
  108.73912366   35.55564858 -129.39315559  137.07031575  143.39339769], Best Fitness = 24.35223532772571, Evaluations = 4864
Generation 77: Best Solution = [  -6.25996201 -107.27144257   99.17062484   52.04531983  -11.68928086
  108.73774232   35.53963365 -129.39288582  137.06463574  143.40824046], Best Fitness = 24.3514983158985, Evaluations = 4928
Generation 78: Best Solution = [  -6.25722349 -107.29072381   99.19411636   52.05235207  -11.69774006
  108.72537435   35.55283232 -129.39270084  137.06207726  143.37558119], Best Fitness = 24.350939991046314, Evaluations = 4992
Generation 79: Best Solution = [  -6.25833574 -107.28757321   99.17842248   52.05664265  -11.70589376
  108.73734597   35.56295742 -129.37014008  137.06368151  143.3806036 ], Best Fitness = 24.35002260737619, Evaluations = 5056
Generation 80: Best Solution = [  -6.24752711 -107.28370855   99.17848761   52.05651992  -11.70994332
  108.72659696   35.57087256 -129.38372031  137.06112987  143.37119056], Best Fitness = 24.349367218935186, Evaluations = 5120
Generation 81: Best Solution = [  -6.29332206 -107.28524244   99.15838714   52.04847877  -11.69937045
  108.74033665   35.55384556 -129.37819712  137.05722204  143.37814075], Best Fitness = 24.348654606990188, Evaluations = 5184
Generation 82: Best Solution = [  -6.27312514 -107.28513645   99.17903016   52.04057077  -11.69859186
  108.72278661   35.56196285 -129.37912504  137.05657858  143.37287572], Best Fitness = 24.34822650392233, Evaluations = 5248
Generation 83: Best Solution = [  -6.25911692 -107.27149549   99.16998468   52.04895257  -11.69553326
  108.73212397   35.55034006 -129.38377361  137.05017497  143.37075091], Best Fitness = 24.347212841054336, Evaluations = 5312
Generation 84: Best Solution = [  -6.26697561 -107.27465865   99.18063818   52.03970345  -11.69682719
  108.71780292   35.56439334 -129.37075953  137.04716631  143.37590053], Best Fitness = 24.346522346216478, Evaluations = 5376
Generation 85: Best Solution = [  -6.25597519 -107.2701655    99.15897775   52.03526237  -11.69830557
  108.71745472   35.56582535 -129.36690645  137.0736738   143.36208578], Best Fitness = 24.345587223318102, Evaluations = 5440
Generation 86: Best Solution = [  -6.28930951 -107.27932586   99.16290649   52.02228412  -11.68881575
  108.71416621   35.56306816 -129.36652993  137.05369953  143.37010201], Best Fitness = 24.344981503790084, Evaluations = 5504
Generation 87: Best Solution = [  -6.24908335 -107.26855948   99.1688172    52.03031821  -11.69751079
  108.72236437   35.55059034 -129.37351789  137.03420333  143.37361216], Best Fitness = 24.34444544553285, Evaluations = 5568
Generation 88: Best Solution = [  -6.26971135 -107.28377719   99.16866167   52.02841098  -11.69493995
  108.70623356   35.57140592 -129.35257103  137.05623175  143.35329984], Best Fitness = 24.343424080019865, Evaluations = 5632
Generation 89: Best Solution = [  -6.26611799 -107.27816979   99.15585212   52.02242582  -11.69317633
  108.71627024   35.55770782 -129.35784712  137.04675191  143.35675074], Best Fitness = 24.34255435520797, Evaluations = 5696
Generation 90: Best Solution = [  -6.25158215 -107.26515295   99.15925188   52.03292366  -11.7058301
  108.71570878   35.55660775 -129.35558584  137.03645681  143.35774242], Best Fitness = 24.341512324817714, Evaluations = 5760
Generation 91: Best Solution = [  -6.26165644 -107.28410872   99.15461479   52.03001149  -11.68284935
  108.71065779   35.54512232 -129.36408894  137.04486281  143.34034678], Best Fitness = 24.3414896672876, Evaluations = 5824
Generation 92: Best Solution = [  -6.27067148 -107.27406081   99.15955197   52.03004584  -11.69075856
  108.70970232   35.55045505 -129.35429997  137.0258645   143.35969723], Best Fitness = 24.34082349009094, Evaluations = 5888
Generation 93: Best Solution = [  -6.24729632 -107.2837164    99.16624933   52.03366103  -11.69315604
  108.71181725   35.5472865  -129.33829413  137.0308864   143.34643709], Best Fitness = 24.34012900479075, Evaluations = 5952
Generation 94: Best Solution = [  -6.25297008 -107.27716526   99.16375835   52.03822741  -11.69851971
  108.69585467   35.55170051 -129.35362229  137.0368144   143.33306097], Best Fitness = 24.339427751283758, Evaluations = 6016
Generation 95: Best Solution = [  -6.27047767 -107.26268017   99.15608803   52.03508889  -11.70054292
  108.70750803   35.55176985 -129.35840672  137.03407162  143.32841515], Best Fitness = 24.338666364496568, Evaluations = 6080
Generation 96: Best Solution = [  -6.28064793 -107.25471538   99.16098926   52.04184531  -11.70654094
  108.70039572   35.55911933 -129.36534546  137.01556267  143.32803958], Best Fitness = 24.337647400733253, Evaluations = 6144
Generation 97: Best Solution = [  -6.26166735 -107.25751518   99.17249425   52.02298786  -11.70381161
  108.69719625   35.57933982 -129.352221    137.00671705  143.33712517], Best Fitness = 24.33722611378835, Evaluations = 6208
Generation 98: Best Solution = [  -6.26731837 -107.26021291   99.17347045   52.01895939  -11.70588246
  108.69157523   35.57223605 -129.34581938  137.00442818  143.3349181 ], Best Fitness = 24.336188787981428, Evaluations = 6272
Generation 99: Best Solution = [  -6.24378111 -107.2766886    99.15418856   52.02391194  -11.69018435
  108.69225122   35.56646497 -129.32351467  137.02224919  143.32794119], Best Fitness = 24.335289395483468, Evaluations = 6336
Generation 100: Best Solution = [  -6.25656013 -107.26943688   99.15296407   52.02353872  -11.69178179
  108.69689167   35.54316885 -129.33430703  137.01804595  143.32044538], Best Fitness = 24.334568909636065, Evaluations = 6400
Generation 101: Best Solution = [  -6.25452457 -107.25990266   99.15953538   52.00750998  -11.70056657
  108.69239995   35.55310929 -129.33114179  137.01465614  143.3264808 ], Best Fitness = 24.333946471596345, Evaluations = 6464
Generation 102: Best Solution = [  -6.26556658 -107.2523023    99.16319048   52.0185783   -11.70004304
  108.6842411    35.54785733 -129.34047142  137.01735346  143.30961278], Best Fitness = 24.333053224466042, Evaluations = 6528
Generation 103: Best Solution = [  -6.26167475 -107.25544914   99.16034278   52.01516359  -11.68835051
  108.67076607   35.55057451 -129.34099437  137.01604479  143.31294973], Best Fitness = 24.33241889571135, Evaluations = 6592
Generation 104: Best Solution = [  -6.26246969 -107.26083308   99.14299727   52.0027791   -11.6844871
  108.67043883   35.55754684 -129.34083101  137.01901896  143.31109816], Best Fitness = 24.33166076890285, Evaluations = 6656
Generation 105: Best Solution = [  -6.25576223 -107.25966681   99.16174472   52.01608332  -11.68583408
  108.67109975   35.56379491 -129.32084705  137.00014655  143.31249564], Best Fitness = 24.330591569289435, Evaluations = 6720
Generation 106: Best Solution = [  -6.26333382 -107.25237935   99.14855517   52.01320405  -11.69347278
  108.66362208   35.55605587 -129.32403504  137.01428288  143.30673684], Best Fitness = 24.329713357436702, Evaluations = 6784
Generation 107: Best Solution = [  -6.25683859 -107.24770066   99.16191946   52.02865611  -11.69837451
  108.66351298   35.5544277  -129.31084993  136.9945735   143.31442324], Best Fitness = 24.328909282306576, Evaluations = 6848
Generation 108: Best Solution = [  -6.25389373 -107.24050219   99.14868787   52.02511591  -11.70304555
  108.67396246   35.5345095  -129.32382083  136.98438355  143.30915457], Best Fitness = 24.327756278596407, Evaluations = 6912
Generation 109: Best Solution = [  -6.2584253  -107.23763882   99.15060395   52.02021294  -11.69778005
  108.67123582   35.53604922 -129.3274361   136.97900149  143.29701206], Best Fitness = 24.326424796475887, Evaluations = 6976
Generation 110: Best Solution = [  -6.26113005 -107.23890662   99.14078247   52.01701301  -11.69791021
  108.66125053   35.54713281 -129.31840772  136.99003346  143.3044594 ], Best Fitness = 24.326286899209073, Evaluations = 7040
Generation 111: Best Solution = [  -6.26601166 -107.23993456   99.15139009   52.0102319   -11.67659929
  108.65692743   35.55188025 -129.31003083  136.99792087  143.28973754], Best Fitness = 24.32537250773619, Evaluations = 7104
Generation 112: Best Solution = [  -6.26130787 -107.24285426   99.14336237   52.02200643  -11.7053149
  108.66026791   35.53488624 -129.30816589  136.97714237  143.29144111], Best Fitness = 24.324072947696834, Evaluations = 7168
Generation 113: Best Solution = [  -6.26489042 -107.23485039   99.14485766   52.00431486  -11.67667701
  108.66365578   35.52737064 -129.32353218  136.99129789  143.2772319 ], Best Fitness = 24.32404736010534, Evaluations = 7232
Generation 114: Best Solution = [  -6.26824394 -107.23180438   99.13683783   52.00364712  -11.67928275
  108.65974688   35.53829084 -129.32770462  136.98664477  143.27544057], Best Fitness = 24.323299303675796, Evaluations = 7296
Generation 115: Best Solution = [  -6.25726715 -107.22974547   99.15452686   52.00916786  -11.68581504
  108.64861176   35.52569219 -129.31715321  136.98643895  143.2727017 ], Best Fitness = 24.322502424349537, Evaluations = 7360
Generation 116: Best Solution = [  -6.26131279 -107.22668291   99.14203827   52.01661511  -11.68692982
  108.6522628    35.54149351 -129.30437133  136.98293868  143.2775547 ], Best Fitness = 24.321720293734582, Evaluations = 7424
Generation 117: Best Solution = [  -6.25942014 -107.21824571   99.15230466   52.01276402  -11.69089005
  108.65634212   35.54630882 -129.29808915  136.97568018  143.2717599 ], Best Fitness = 24.3206986576432, Evaluations = 7488
Generation 118: Best Solution = [  -6.2953879  -107.22088632   99.11854789   51.99869207  -11.68379785
  108.64747543   35.54730907 -129.30742892  136.98009668  143.28272325], Best Fitness = 24.320078405003528, Evaluations = 7552
Generation 119: Best Solution = [  -6.25990143 -107.20987933   99.14563259   52.00977557  -11.69307732
  108.63592002   35.54695483 -129.3058326   136.96854103  143.26627049], Best Fitness = 24.318369255633403, Evaluations = 7616
Generation 120: Best Solution = [  -6.26204702 -107.22088256   99.13681132   52.01613419  -11.68520917
  108.62462119   35.53376525 -129.29951583  136.96290441  143.27141013], Best Fitness = 24.31739538112955, Evaluations = 7680
Generation 121: Best Solution = [  -6.27448461 -107.22458433   99.12705294   52.00160731  -11.68904291
  108.63054433   35.53819483 -129.29775763  136.96800771  143.26801173], Best Fitness = 24.317170616554368, Evaluations = 7744
Generation 122: Best Solution = [  -6.27190873 -107.21225744   99.13457629   52.00904985  -11.68919296
  108.63097017   35.54065754 -129.30028452  136.96837826  143.25796792], Best Fitness = 24.316597429272708, Evaluations = 7808
Generation 123: Best Solution = [  -6.26729162 -107.21442217   99.13805071   52.01288805  -11.68047714
  108.64080019   35.53235736 -129.28159251  136.95634033  143.26736909], Best Fitness = 24.31600140005821, Evaluations = 7872
Generation 124: Best Solution = [  -6.27427294 -107.21229086   99.13060588   52.00555713  -11.7001171
  108.63246863   35.53991902 -129.2993874   136.94599589  143.26141935], Best Fitness = 24.315144576214205, Evaluations = 7936
Generation 125: Best Solution = [  -6.27575749 -107.21362358   99.13255756   52.01393494  -11.7041595
  108.62587908   35.54893164 -129.27630589  136.94446518  143.26694663], Best Fitness = 24.31419537606892, Evaluations = 8000
Generation 126: Best Solution = [  -6.27553558 -107.21557073   99.13157137   52.00332692  -11.6860207
  108.61788337   35.54034849 -129.29543381  136.93889207  143.25881598], Best Fitness = 24.313539000459286, Evaluations = 8064
Generation 127: Best Solution = [  -6.25626698 -107.20518437   99.12856311   51.98241551  -11.68498475
  108.62976957   35.54933757 -129.29161571  136.93588319  143.26238758], Best Fitness = 24.312838251264246, Evaluations = 8128
Generation 128: Best Solution = [  -6.27591664 -107.21316291   99.11862412   52.00432591  -11.69218129
  108.62646662   35.55065381 -129.28475165  136.92882482  143.25971963], Best Fitness = 24.312192995122423, Evaluations = 8192
Generation 129: Best Solution = [  -6.26838498 -107.1970398    99.12070329   52.00746249  -11.68688511
  108.63114208   35.54672913 -129.28250149  136.94687704  143.24253369], Best Fitness = 24.3114634814133, Evaluations = 8256
Generation 130: Best Solution = [  -6.25992126 -107.19014084   99.12498739   52.00098406  -11.69697238
  108.62727072   35.55554993 -129.27668121  136.92910625  143.25816027], Best Fitness = 24.310685809848863, Evaluations = 8320
Generation 131: Best Solution = [  -6.27459834 -107.19086703   99.11131386   51.99460529  -11.69301979
  108.62531934   35.53822649 -129.27714616  136.93818648  143.24499697], Best Fitness = 24.309167533663754, Evaluations = 8384
Generation 132: Best Solution = [  -6.281036   -107.20168283   99.11040871   51.99773929  -11.68337134
  108.62717845   35.54057236 -129.26773422  136.94143051  143.23292788], Best Fitness = 24.308644371500225, Evaluations = 8448
Generation 133: Best Solution = [  -6.26695619 -107.18709764   99.11867141   52.00465006  -11.69534136
  108.61895834   35.55419936 -129.26758451  136.92838024  143.24534038], Best Fitness = 24.308288750313913, Evaluations = 8512
Generation 134: Best Solution = [  -6.27235546 -107.18333781   99.11163525   52.00659167  -11.7015624
  108.61274694   35.5464239  -129.2696256   136.93096528  143.24107621], Best Fitness = 24.307355132529622, Evaluations = 8576
Generation 135: Best Solution = [  -6.26604522 -107.18262797   99.11197223   52.00718062  -11.70008742
  108.60754429   35.55063291 -129.26253324  136.92845633  143.23921224], Best Fitness = 24.306361803940014, Evaluations = 8640
Generation 136: Best Solution = [  -6.25029575 -107.1832563    99.1155287    52.0146474   -11.69969857
  108.60085637   35.55203771 -129.25389769  136.91975834  143.2410869 ], Best Fitness = 24.305385152356862, Evaluations = 8704
Generation 137: Best Solution = [  -6.26532511 -107.16032902   99.11284755   51.99765391  -11.70539166
  108.60580172   35.532761   -129.26128092  136.91739601  143.25723152], Best Fitness = 24.305051268432504, Evaluations = 8768
Generation 138: Best Solution = [  -6.25886434 -107.15258719   99.10337483   52.00497534  -11.71211768
  108.60143001   35.54393017 -129.25484855  136.9184875   143.25830144], Best Fitness = 24.304077575879063, Evaluations = 8832
Generation 139: Best Solution = [  -6.24487237 -107.16006871   99.10493892   52.00704069  -11.70148004
  108.59942183   35.53778167 -129.25139053  136.9070123   143.2542389 ], Best Fitness = 24.30301047378442, Evaluations = 8896
Generation 140: Best Solution = [  -6.24901604 -107.15729832   99.10570551   52.00849558  -11.70013631
  108.59457034   35.54080309 -129.24925906  136.90728789  143.25419144], Best Fitness = 24.302613428757976, Evaluations = 8960
Generation 141: Best Solution = [  -6.26257924 -107.16384527   99.10339369   52.02368943  -11.70242702
  108.58619595   35.54004092 -129.24735384  136.891054    143.25197201], Best Fitness = 24.301469532802095, Evaluations = 9024
Generation 142: Best Solution = [  -6.27597206 -107.15819353   99.10072712   52.00623377  -11.70423209
  108.58845672   35.55505017 -129.26357015  136.89464616  143.23024567], Best Fitness = 24.300724707015647, Evaluations = 9088
Generation 143: Best Solution = [  -6.26725603 -107.16364113   99.09702453   51.99500048  -11.69704944
  108.58804447   35.56231262 -129.25421123  136.89080579  143.23041972], Best Fitness = 24.29974023539472, Evaluations = 9152
Generation 144: Best Solution = [  -6.26692444 -107.16163722   99.09195238   52.02281565  -11.68984097
  108.58475561   35.55174941 -129.25098483  136.89375001  143.22123925], Best Fitness = 24.299030275926473, Evaluations = 9216
Generation 145: Best Solution = [  -6.26976588 -107.15418158   99.09206886   51.97942949  -11.69769947
  108.57664304   35.55717673 -129.25965015  136.89205848  143.22773581], Best Fitness = 24.298112901952805, Evaluations = 9280
Generation 146: Best Solution = [  -6.27585754 -107.16369568   99.08861171   51.99874183  -11.68891563
  108.58319714   35.55098693 -129.25613852  136.88138112  143.22175131], Best Fitness = 24.297807430874105, Evaluations = 9344
Generation 147: Best Solution = [  -6.26958628 -107.16624206   99.08851684   52.01288912  -11.68564695
  108.57381882   35.55473623 -129.24131407  136.88841137  143.21381696], Best Fitness = 24.29678389751669, Evaluations = 9408
Generation 148: Best Solution = [  -6.2704213  -107.15810791   99.07524425   51.9966923   -11.68715988
  108.57733117   35.56991637 -129.23743689  136.88364612  143.21990691], Best Fitness = 24.295610990013888, Evaluations = 9472
Generation 149: Best Solution = [  -6.27723257 -107.15622549   99.08566008   51.99262284  -11.68355375
  108.5762317    35.55560906 -129.24087025  136.88626604  143.20723574], Best Fitness = 24.295085928698004, Evaluations = 9536
Generation 150: Best Solution = [  -6.2784792  -107.15095363   99.08396754   51.98507518  -11.68796965
  108.56791066   35.5632005  -129.25925989  136.88460485  143.1945428 ], Best Fitness = 24.294377756415013, Evaluations = 9600
Generation 151: Best Solution = [  -6.27226343 -107.145346     99.06768048   52.00190642  -11.67955119
  108.57120683   35.55329131 -129.24707072  136.90137884  143.1871961 ], Best Fitness = 24.293456449102912, Evaluations = 9664
Generation 152: Best Solution = [  -6.27533496 -107.144046     99.05834351   52.00220804  -11.67384559
  108.56815609   35.54320779 -129.24140247  136.90469147  143.19038783], Best Fitness = 24.292652388947545, Evaluations = 9728
Generation 153: Best Solution = [  -6.28064442 -107.13265905   99.0573516    51.98168503  -11.69241587
  108.57669211   35.56107675 -129.2494036   136.89107265  143.18325407], Best Fitness = 24.291443653636144, Evaluations = 9792
Generation 154: Best Solution = [  -6.27383251 -107.14240788   99.05345398   51.97883793  -11.68332208
  108.57003142   35.57304657 -129.24961662  136.86918795  143.19232718], Best Fitness = 24.290690571313938, Evaluations = 9856
Generation 155: Best Solution = [  -6.28222906 -107.13716582   99.07461391   51.98487546  -11.69879563
  108.55297721   35.59845858 -129.25537649  136.91159255  143.12984843], Best Fitness = 24.28994617719846, Evaluations = 9920
Generation 156: Best Solution = [  -6.2761252  -107.14176826   99.0622535    51.97352946  -11.70661845
  108.55392008   35.59167341 -129.24392766  136.89759067  143.1533438 ], Best Fitness = 24.289269257610176, Evaluations = 9984
Generation 157: Best Solution = [  -6.28325469 -107.12663518   99.05860896   51.99925974  -11.68835228
  108.5443786    35.58334442 -129.23834788  136.92733553  143.13232611], Best Fitness = 24.288315697450056, Evaluations = 10048
