Algorithm: Cross-Entropy Method
Objective Function: Rosenbrock
Dimension: 10
Population Size: 128
Max Evaluations: 10000

Generation 1: Best Solution = [-1.05079749  4.80289474 -2.02933429  2.57858111  0.6441908   4.12380216
  5.04845498 -3.2358653  -4.87456056 -5.        ], Best Fitness = 272749.110768426, Evaluations = 128
Generation 2: Best Solution = [ 2.36257332  0.90934578 -1.21356912  3.13248086  3.0404599   2.97603427
  1.03988259 -0.34824726 -2.77417189 -5.        ], Best Fitness = 34697.6554986502, Evaluations = 256
Generation 3: Best Solution = [ 0.92067436 -1.8603632   1.72368275  1.85333002 -1.31804628  0.63218935
  2.76864957  0.08911453 -0.10045628 -1.64164653], Best Fitness = 10136.543238777196, Evaluations = 384
Generation 4: Best Solution = [ 0.68606309 -0.97668654  1.23435077 -0.95667402  1.1550368   0.29029198
  0.79284582  0.41802903 -1.54409731 -2.95235115], Best Fitness = 4160.51852276424, Evaluations = 512
Generation 5: Best Solution = [-0.90510931  0.66445366 -0.00581963  1.56498128  1.62795105  0.4906784
  1.46580763  1.5914397   0.3416434  -1.05857277], Best Fitness = 1607.1514446720662, Evaluations = 640
Generation 6: Best Solution = [-0.05981082  0.82512447  0.50270589  0.99654215  1.28116851  1.64648405
  1.45249009  1.12422219  0.25489595 -1.66633666], Best Fitness = 794.0005480634567, Evaluations = 768
Generation 7: Best Solution = [ 0.33871826  0.21770458  0.42833125  0.64222986  0.70574257  0.7765004
  1.53298833  0.70176334  0.19673675 -1.60337035], Best Fitness = 692.2001962944951, Evaluations = 896
Generation 8: Best Solution = [ 0.14102908  0.24183219  0.44275864  0.38667978  0.68543859  1.64228955
  1.2772013   1.04064323  0.97035584 -0.40941185], Best Fitness = 612.3896999913388, Evaluations = 1024
Generation 9: Best Solution = [ 0.02936607  0.37352388  0.61073664  0.8235158   0.81563689  0.42312898
  1.12484112  1.30521685  0.49909865 -0.39820523], Best Fitness = 342.9792169114596, Evaluations = 1152
Generation 10: Best Solution = [ 0.32022537  0.34757624  0.96457876  0.89960083  0.91301048  0.72108367
  1.19283061  1.05798533  0.51481782 -0.26617696], Best Fitness = 204.2460206825477, Evaluations = 1280
Generation 11: Best Solution = [ 0.25044497  0.27455967  0.57178552  0.35696315  0.89711308  0.90206372
  1.15167136  0.86234914  0.23725409 -0.7962377 ], Best Fitness = 223.01029795992906, Evaluations = 1408
Generation 12: Best Solution = [ 0.47012875  0.32387952  0.63280531  0.92225634  1.08200922  1.09703431
  1.2511775   0.91931401  0.24684717 -0.49009361], Best Fitness = 171.72198040732928, Evaluations = 1536
Generation 13: Best Solution = [ 0.65435887  0.3090953   0.57495073  0.63439002  1.03815855  1.12777208
  1.2216944   0.99884989  0.53150129 -0.19055538], Best Fitness = 144.22873395736696, Evaluations = 1664
Generation 14: Best Solution = [ 0.66531121  0.67638739  0.79038806  0.90008655  1.01159669  1.01574226
  1.1427649   0.9798127   0.286918   -0.29674762], Best Fitness = 100.536859821318, Evaluations = 1792
Generation 15: Best Solution = [ 0.74273046  0.62879843  0.81323073  0.87408178  1.0290415   1.04108299
  1.17819103  0.95110687  0.36376207 -0.31425568], Best Fitness = 99.515458658109, Evaluations = 1920
Generation 16: Best Solution = [ 0.93374832  0.66725763  0.89198743  0.9558501   0.96243449  1.01484934
  1.15866407  0.91590747  0.36408982 -0.27690905], Best Fitness = 87.4679978448865, Evaluations = 2048
Generation 17: Best Solution = [ 0.89279901  0.7471103   0.82116066  0.86366869  0.96390486  1.01014071
  1.14764635  0.91839352  0.40143365 -0.34506526], Best Fitness = 79.35263164474541, Evaluations = 2176
Generation 18: Best Solution = [ 0.94182405  0.82553812  0.90759141  0.92877872  0.94723959  0.971045
  1.14112171  0.93435919  0.28622147 -0.30973839], Best Fitness = 75.66763914257075, Evaluations = 2304
Generation 19: Best Solution = [ 0.80026063  0.667567    0.81224052  0.88318125  0.97119839  1.02796136
  1.13398587  0.89556446  0.34322725 -0.19110045], Best Fitness = 69.96825848545018, Evaluations = 2432
Generation 20: Best Solution = [ 0.84148847  0.69135828  0.83555694  0.88306251  1.01253762  1.01706971
  1.13480225  0.89522692  0.35154983 -0.17319755], Best Fitness = 67.73243867965952, Evaluations = 2560
Generation 21: Best Solution = [ 0.87061903  0.76065677  0.8608101   0.89709412  0.98306515  0.99172987
  1.12426446  0.94572793  0.3409352  -0.21404418], Best Fitness = 67.85111076945196, Evaluations = 2688
Generation 22: Best Solution = [ 0.84687192  0.73254194  0.83715986  0.89943443  0.98028652  0.98821291
  1.11730119  0.91386801  0.32866071 -0.21147066], Best Fitness = 65.6432264794215, Evaluations = 2816
Generation 23: Best Solution = [ 0.86659382  0.75357424  0.85998854  0.90983077  0.99654719  1.01686698
  1.12894685  0.93220445  0.34054197 -0.19454379], Best Fitness = 65.08756675112494, Evaluations = 2944
Generation 24: Best Solution = [ 0.84777294  0.73164214  0.8542155   0.87808714  0.98761545  1.01454429
  1.116065    0.89708955  0.3276997  -0.21835231], Best Fitness = 64.11046584608968, Evaluations = 3072
Generation 25: Best Solution = [ 0.83842939  0.7232038   0.84570318  0.88930149  0.98335359  1.01096053
  1.1107382   0.90616253  0.35149275 -0.20016226], Best Fitness = 62.0156225575803, Evaluations = 3200
Generation 26: Best Solution = [ 0.87559708  0.76634629  0.85661926  0.89320439  0.97457871  1.00190502
  1.11242077  0.91281906  0.34194579 -0.223688  ], Best Fitness = 61.2058297843189, Evaluations = 3328
Generation 27: Best Solution = [ 0.84510493  0.70929945  0.83565475  0.90085352  0.97973937  1.00828243
  1.08918019  0.89731286  0.34176194 -0.21101641], Best Fitness = 59.92392062177569, Evaluations = 3456
Generation 28: Best Solution = [ 0.82948905  0.70829353  0.81979004  0.90088234  0.97915305  1.0117335
  1.09960244  0.88905783  0.33750648 -0.17052764], Best Fitness = 58.52913668073364, Evaluations = 3584
Generation 29: Best Solution = [ 0.83887787  0.72084338  0.82413204  0.90467364  0.9851403   1.01287865
  1.09278332  0.9066697   0.34667451 -0.16236711], Best Fitness = 57.228253402294406, Evaluations = 3712
Generation 30: Best Solution = [ 0.83826656  0.76050094  0.848682    0.93059543  0.98674214  0.9941838
  1.09629816  0.89872196  0.33405652 -0.1931121 ], Best Fitness = 56.21232455441558, Evaluations = 3840
Generation 31: Best Solution = [ 0.83659006  0.74988159  0.84381695  0.89999117  0.99908738  1.02006028
  1.09017618  0.89675865  0.33782148 -0.17613311], Best Fitness = 54.842645809262045, Evaluations = 3968
Generation 32: Best Solution = [ 0.85934251  0.74478606  0.84313456  0.91002938  0.98909665  0.98678597
  1.08687333  0.89775344  0.36579662 -0.17552559], Best Fitness = 53.687304604526354, Evaluations = 4096
Generation 33: Best Solution = [ 0.84319249  0.76106352  0.84490102  0.90708127  0.99123425  1.01553419
  1.08525981  0.90009764  0.35186422 -0.18323757], Best Fitness = 52.976144296416926, Evaluations = 4224
Generation 34: Best Solution = [ 0.83828572  0.7404322   0.83861898  0.90921079  0.98332603  0.99869604
  1.07865569  0.89222258  0.35082788 -0.1622243 ], Best Fitness = 51.91991764935244, Evaluations = 4352
Generation 35: Best Solution = [ 0.83607484  0.74018955  0.84348476  0.88198091  0.98522148  0.99844257
  1.0732863   0.87760118  0.35977571 -0.16272089], Best Fitness = 50.24348591741227, Evaluations = 4480
Generation 36: Best Solution = [ 0.85891868  0.74900486  0.84977253  0.90141163  0.99063913  0.99491337
  1.07533794  0.88769746  0.37313927 -0.16485769], Best Fitness = 49.68957727864753, Evaluations = 4608
Generation 37: Best Solution = [ 0.85984832  0.75602968  0.8480477   0.89091407  0.99126577  1.00834412
  1.0701158   0.88065947  0.36911708 -0.16820037], Best Fitness = 48.188802495021235, Evaluations = 4736
Generation 38: Best Solution = [ 0.85417373  0.75870362  0.83871768  0.90762587  0.9873271   1.01621626
  1.0658174   0.8860216   0.36297006 -0.15117951], Best Fitness = 46.73411191027552, Evaluations = 4864
Generation 39: Best Solution = [ 0.85469624  0.74301867  0.84762337  0.90802918  0.98482297  1.0031395
  1.0570282   0.88052864  0.36605733 -0.15259641], Best Fitness = 46.39083165555643, Evaluations = 4992
Generation 40: Best Solution = [ 0.84620007  0.75758441  0.84855298  0.90936325  0.98198107  0.98711703
  1.06002206  0.87237121  0.3579851  -0.14549546], Best Fitness = 45.08031810860892, Evaluations = 5120
Generation 41: Best Solution = [ 0.86217569  0.76399558  0.84237555  0.91932344  0.9946815   1.00027053
  1.05130557  0.88079345  0.36662807 -0.14796614], Best Fitness = 43.91613340132511, Evaluations = 5248
Generation 42: Best Solution = [ 0.8484218   0.76557578  0.84440191  0.91011698  0.99620987  0.99858152
  1.04995529  0.86548381  0.36626389 -0.15410003], Best Fitness = 42.97524762197783, Evaluations = 5376
Generation 43: Best Solution = [ 0.85884482  0.77015324  0.85292698  0.90562953  0.99650162  0.98496031
  1.05567404  0.85922861  0.38543165 -0.14431524], Best Fitness = 41.92104774611526, Evaluations = 5504
Generation 44: Best Solution = [ 0.87228659  0.77413308  0.85419953  0.9157483   0.9905682   0.9944399
  1.05036499  0.86871096  0.38026137 -0.14224656], Best Fitness = 40.93020972172546, Evaluations = 5632
Generation 45: Best Solution = [ 0.86776505  0.77773857  0.8531353   0.91272522  0.98056416  0.99094401
  1.04181834  0.8618746   0.38768823 -0.1360923 ], Best Fitness = 38.565545429841464, Evaluations = 5760
Generation 46: Best Solution = [ 0.85938384  0.76935447  0.86582064  0.91313288  0.97710484  1.01030428
  1.04560734  0.8481582   0.3815059  -0.1303634 ], Best Fitness = 38.238762970824624, Evaluations = 5888
Generation 47: Best Solution = [ 0.88059779  0.77922012  0.85371768  0.91760423  0.98134519  0.99377909
  1.03382629  0.86827015  0.40169242 -0.12666316], Best Fitness = 37.081938815833766, Evaluations = 6016
Generation 48: Best Solution = [ 0.88444741  0.79372328  0.85318148  0.903869    0.98928073  1.0147006
  1.03262004  0.85401078  0.39921415 -0.13858041], Best Fitness = 35.94232639791916, Evaluations = 6144
Generation 49: Best Solution = [ 0.88040974  0.78596177  0.8425091   0.91704311  0.98747967  0.99852892
  1.02293182  0.85563489  0.38851734 -0.12855149], Best Fitness = 35.36994535041682, Evaluations = 6272
Generation 50: Best Solution = [ 0.87122358  0.78433684  0.8589583   0.92010216  0.98216583  1.00558558
  1.01389546  0.84927625  0.38369678 -0.12615414], Best Fitness = 33.89132242571288, Evaluations = 6400
Generation 51: Best Solution = [ 0.86422681  0.78477256  0.85675659  0.91739837  0.97414496  0.9979238
  1.01694709  0.84999786  0.39030675 -0.1147214 ], Best Fitness = 33.39592005564881, Evaluations = 6528
Generation 52: Best Solution = [ 0.87126011  0.79078069  0.8597076   0.9179406   0.97565209  1.00074063
  1.0142935   0.84265314  0.39165921 -0.1145544 ], Best Fitness = 32.08197851330593, Evaluations = 6656
Generation 53: Best Solution = [ 0.87746859  0.79289756  0.85460623  0.91974377  0.96994849  0.99061526
  1.01042955  0.84585419  0.40567061 -0.11073297], Best Fitness = 31.321224938547495, Evaluations = 6784
Generation 54: Best Solution = [ 0.87887388  0.80074762  0.85525867  0.91462232  0.98243327  1.00281911
  1.00257701  0.82355924  0.39184399 -0.13427058], Best Fitness = 30.556631969101886, Evaluations = 6912
Generation 55: Best Solution = [ 0.8652136   0.80230362  0.85956039  0.92723528  0.97533969  0.99635007
  1.00146777  0.84018208  0.3936802  -0.10452437], Best Fitness = 29.65197104250756, Evaluations = 7040
Generation 56: Best Solution = [ 0.86968769  0.80679815  0.86269438  0.92015174  0.97357815  1.00024252
  1.00607469  0.83419069  0.39226892 -0.10663524], Best Fitness = 29.37099166472662, Evaluations = 7168
Generation 57: Best Solution = [ 0.87733317  0.80016598  0.86241497  0.93509948  0.97337004  0.9953897
  1.00027694  0.83888568  0.4097042  -0.09531669], Best Fitness = 28.5450221550134, Evaluations = 7296
Generation 58: Best Solution = [ 0.88373086  0.8122435   0.85081137  0.92768789  0.97852828  0.98514296
  1.0003521   0.83655048  0.4118826  -0.09574253], Best Fitness = 27.936301514803805, Evaluations = 7424
Generation 59: Best Solution = [ 0.88835737  0.80977703  0.85198929  0.92514521  0.97059625  0.98778992
  0.99500396  0.83401162  0.41011299 -0.09116857], Best Fitness = 27.188939026373966, Evaluations = 7552
Generation 60: Best Solution = [ 0.88447582  0.81455155  0.84072777  0.92910012  0.98220338  0.98644043
  0.98777402  0.83758754  0.4066144  -0.07305288], Best Fitness = 26.416709414705302, Evaluations = 7680
Generation 61: Best Solution = [ 0.88488891  0.81959032  0.84794842  0.92244746  0.9851993   0.97981077
  0.98428528  0.83443893  0.41654736 -0.08281203], Best Fitness = 25.893192777071402, Evaluations = 7808
Generation 62: Best Solution = [ 0.89659945  0.81664752  0.86326275  0.9353788   0.98169666  0.97741342
  0.98844343  0.82879324  0.42246149 -0.08864523], Best Fitness = 25.511783973832486, Evaluations = 7936
Generation 63: Best Solution = [ 0.87901145  0.82221627  0.87577653  0.93225233  0.98411028  0.98018468
  0.97795203  0.83349872  0.42640366 -0.0881658 ], Best Fitness = 24.755504626561738, Evaluations = 8064
Generation 64: Best Solution = [ 0.87877781  0.81291017  0.8602357   0.92271004  0.9802995   0.98647677
  0.96433151  0.8263871   0.41155724 -0.07462302], Best Fitness = 24.057286369336225, Evaluations = 8192
Generation 65: Best Solution = [ 0.88777846  0.81572517  0.86325092  0.92837822  0.9828644   0.97720837
  0.96875568  0.8186229   0.4125392  -0.06956461], Best Fitness = 23.11185402622079, Evaluations = 8320
Generation 66: Best Solution = [ 0.88520344  0.8163202   0.86189319  0.92867886  0.97408466  0.97854167
  0.96653027  0.80695126  0.40891794 -0.08014974], Best Fitness = 22.79147278793397, Evaluations = 8448
Generation 67: Best Solution = [ 0.89967313  0.84360968  0.87359194  0.9099201   0.97878242  0.9864596
  0.9784747   0.8280049   0.42499353 -0.06848543], Best Fitness = 22.342108626192896, Evaluations = 8576
Generation 68: Best Solution = [ 0.88876639  0.8390525   0.85859531  0.90906763  0.97577591  0.98117722
  0.96845365  0.82457346  0.42528355 -0.05859324], Best Fitness = 21.836403622189433, Evaluations = 8704
Generation 69: Best Solution = [ 0.89081676  0.83865966  0.86947835  0.91355861  0.98186581  0.9830324
  0.97596787  0.82450416  0.42623803 -0.04515167], Best Fitness = 21.29751484940276, Evaluations = 8832
Generation 70: Best Solution = [ 0.90402435  0.83504799  0.88070595  0.91943548  0.98318503  0.97726588
  0.96523532  0.81432736  0.42383427 -0.05769472], Best Fitness = 20.545525011199537, Evaluations = 8960
Generation 71: Best Solution = [ 0.88690925  0.84264991  0.88657847  0.92284081  0.97990311  0.98363269
  0.96269978  0.81458996  0.43540348 -0.05710096], Best Fitness = 19.96524204051901, Evaluations = 9088
Generation 72: Best Solution = [ 0.89207468  0.84473279  0.87871461  0.92714701  0.9870172   0.99610334
  0.9547362   0.81326362  0.42886563 -0.04365145], Best Fitness = 19.152099706723305, Evaluations = 9216
Generation 73: Best Solution = [ 0.90266627  0.85104589  0.88951235  0.93822964  0.98627602  0.98611378
  0.96535436  0.81477245  0.44076838 -0.04656015], Best Fitness = 18.714239661014492, Evaluations = 9344
Generation 74: Best Solution = [ 0.88992664  0.84746526  0.88536827  0.92864841  0.98502686  0.98930869
  0.95371853  0.7985904   0.42513027 -0.04785995], Best Fitness = 18.20643630795422, Evaluations = 9472
Generation 75: Best Solution = [ 0.8960189   0.84937069  0.87897749  0.93650396  0.98940421  0.99410481
  0.95810297  0.79756514  0.43087099 -0.03804731], Best Fitness = 17.846255338302154, Evaluations = 9600
Generation 76: Best Solution = [ 0.88429541  0.8490632   0.88401106  0.93056071  0.97768773  0.97988325
  0.95335394  0.79443209  0.43098783 -0.03189395], Best Fitness = 17.119672065070947, Evaluations = 9728
Generation 77: Best Solution = [ 0.89404187  0.85816344  0.87790811  0.93411577  0.98079392  0.97962154
  0.94586993  0.78883829  0.42954191 -0.03994292], Best Fitness = 16.53504469931033, Evaluations = 9856
Generation 78: Best Solution = [ 0.88518376  0.85035096  0.88634515  0.93008517  0.98360535  0.98181005
  0.95987287  0.7837146   0.43106636 -0.0149383 ], Best Fitness = 16.331142599071512, Evaluations = 9984
Generation 79: Best Solution = [ 0.89165615  0.85774961  0.88502333  0.9364289   0.97168383  0.96559542
  0.93902214  0.78952098  0.42728661 -0.03090524], Best Fitness = 15.595703103888997, Evaluations = 10112
