Algorithm: Differential Evolution
Objective Function: Ackley
Dimension: 10
Population Size: 32
Max Evaluations: 10000

Generation 0: Best Solution = [ -8.34403373   2.48570719 -10.93093735   6.65864734  16.70194829
  -3.99761541  -3.81914507   1.72139669   6.30972073 -27.95499435], Best Fitness = 19.763526148422784, Evaluations = 32
Generation 1: Best Solution = [ -8.34403373   2.48570719 -10.93093735   6.65864734  16.70194829
  -3.99761541  -3.81914507   1.72139669   6.30972073 -27.95499435], Best Fitness = 19.763526148422784, Evaluations = 64
Generation 2: Best Solution = [ -8.34403373   2.48570719 -10.93093735   6.65864734  16.70194829
  -3.99761541  -3.81914507   1.72139669   6.30972073 -27.95499435], Best Fitness = 19.763526148422784, Evaluations = 96
Generation 3: Best Solution = [ -8.34403373   2.48570719 -10.93093735   6.65864734  16.70194829
  -3.99761541  -3.81914507   1.72139669   6.30972073 -27.95499435], Best Fitness = 19.763526148422784, Evaluations = 128
Generation 4: Best Solution = [ -3.34155369 -13.77325101  -1.94585425   1.51490898 -14.72572746
   3.47368141   1.85261435  -7.08185323   9.68266371 -22.92354008], Best Fitness = 19.247063262815235, Evaluations = 160
Generation 5: Best Solution = [ -3.34155369 -13.77325101  -1.94585425   1.51490898 -14.72572746
   3.47368141   1.85261435  -7.08185323   9.68266371 -22.92354008], Best Fitness = 19.247063262815235, Evaluations = 192
Generation 6: Best Solution = [ -3.34155369 -13.77325101  -1.94585425   1.51490898 -14.72572746
   3.47368141   1.85261435  -7.08185323   9.68266371 -22.92354008], Best Fitness = 19.247063262815235, Evaluations = 224
Generation 7: Best Solution = [ -3.34155369 -13.77325101  -1.94585425   1.51490898 -14.72572746
   3.47368141   1.85261435  -7.08185323   9.68266371 -22.92354008], Best Fitness = 19.247063262815235, Evaluations = 256
Generation 8: Best Solution = [ -3.34155369 -13.77325101  -1.94585425   1.51490898 -14.72572746
   3.47368141   1.85261435  -7.08185323   9.68266371 -22.92354008], Best Fitness = 19.247063262815235, Evaluations = 288
Generation 9: Best Solution = [  7.10953778   2.23867442 -10.93093735  -8.91165819  10.79916463
  -6.9430239    6.13151334   1.72139669   2.49945897 -27.95499435], Best Fitness = 19.03876316437593, Evaluations = 320
Generation 10: Best Solution = [  7.10953778   2.23867442 -10.93093735  -8.91165819  10.79916463
  -6.9430239    6.13151334   1.72139669   2.49945897 -27.95499435], Best Fitness = 19.03876316437593, Evaluations = 352
Generation 11: Best Solution = [ -4.55818342   2.04676893  11.71477486   4.34352261  -9.29015879
   5.61588663  -7.31571087  11.00406775 -10.21262578   8.07455159], Best Fitness = 17.697877019318742, Evaluations = 384
Generation 12: Best Solution = [ -4.55818342   2.04676893  11.71477486   4.34352261  -9.29015879
   5.61588663  -7.31571087  11.00406775 -10.21262578   8.07455159], Best Fitness = 17.697877019318742, Evaluations = 416
Generation 13: Best Solution = [ -4.55818342   2.04676893  11.71477486   4.34352261  -9.29015879
   5.61588663  -7.31571087  11.00406775 -10.21262578   8.07455159], Best Fitness = 17.697877019318742, Evaluations = 448
Generation 14: Best Solution = [ -4.55818342   2.04676893  11.71477486   4.34352261  -9.29015879
   5.61588663  -7.31571087  11.00406775 -10.21262578   8.07455159], Best Fitness = 17.697877019318742, Evaluations = 480
Generation 15: Best Solution = [ -4.55818342   2.04676893  11.71477486   4.34352261  -9.29015879
   5.61588663  -7.31571087  11.00406775 -10.21262578   8.07455159], Best Fitness = 17.697877019318742, Evaluations = 512
Generation 16: Best Solution = [ -4.55818342   2.04676893  11.71477486   4.34352261  -9.29015879
   5.61588663  -7.31571087  11.00406775 -10.21262578   8.07455159], Best Fitness = 17.697877019318742, Evaluations = 544
Generation 17: Best Solution = [ -1.06820441   6.69393672 -18.41395853  -6.23641704   3.99985305
  -9.3987702   -3.80110134   1.4912241    5.26556267   5.36044689], Best Fitness = 17.610913807265305, Evaluations = 576
Generation 18: Best Solution = [ -1.06820441   6.69393672 -18.41395853  -6.23641704   3.99985305
  -9.3987702   -3.80110134   1.4912241    5.26556267   5.36044689], Best Fitness = 17.610913807265305, Evaluations = 608
Generation 19: Best Solution = [ -1.06820441   6.69393672 -18.41395853  -6.23641704   3.99985305
  -9.3987702   -3.80110134   1.4912241    5.26556267   5.36044689], Best Fitness = 17.51473251895568, Evaluations = 640
Generation 20: Best Solution = [ -7.80416322   0.87954958  11.71477486  -7.56067561  -9.29015879
   5.61588663  -7.31571087  -3.7240277  -10.21262578  -3.39220873], Best Fitness = 17.420396062673195, Evaluations = 672
Generation 21: Best Solution = [ -7.80416322   0.87954958  11.71477486  -7.56067561  -9.29015879
   5.61588663  -7.31571087  -3.7240277  -10.21262578  -3.39220873], Best Fitness = 17.420396062673195, Evaluations = 704
Generation 22: Best Solution = [ -7.80416322   0.87954958  11.71477486  -7.56067561  -9.29015879
   5.61588663  -7.31571087  -3.7240277  -10.21262578  -3.39220873], Best Fitness = 17.420396062673195, Evaluations = 736
Generation 23: Best Solution = [-4.58053557  0.80758012  4.14750417  7.98191287 10.76377801 -1.60840857
  9.12582741 -0.75235915  2.56362087  1.02239229], Best Fitness = 15.055210408719695, Evaluations = 768
Generation 24: Best Solution = [-4.58053557  0.80758012  4.14750417  7.98191287 10.76377801 -1.60840857
  9.12582741 -0.75235915  2.56362087  1.02239229], Best Fitness = 15.055210408719695, Evaluations = 800
Generation 25: Best Solution = [-4.58053557  0.80758012  4.14750417  7.98191287 10.76377801 -1.60840857
  9.12582741 -0.75235915  2.56362087  1.02239229], Best Fitness = 15.055210408719695, Evaluations = 832
Generation 26: Best Solution = [-4.58053557  0.80758012  4.14750417  7.98191287 10.76377801 -1.60840857
  9.12582741 -0.75235915  2.56362087  1.02239229], Best Fitness = 15.055210408719695, Evaluations = 864
Generation 27: Best Solution = [-5.02233466  0.3970687  -1.78437424  3.86950357 -3.94005668 12.27659067
  4.84155346 -5.24058043 -4.85157468 -6.1975651 ], Best Fitness = 14.894914206433711, Evaluations = 896
Generation 28: Best Solution = [ 4.83153897  7.90946879 -2.05857156  1.66201246 -7.78051995  1.74998789
 -4.06291186  0.16420686 -8.52194334  0.16497479], Best Fitness = 13.96211235368991, Evaluations = 928
Generation 29: Best Solution = [ 4.83153897  7.90946879 -2.05857156  1.66201246 -7.78051995  1.74998789
 -4.06291186  0.16420686 -8.52194334  0.16497479], Best Fitness = 13.96211235368991, Evaluations = 960
Generation 30: Best Solution = [ 4.83153897  7.90946879 -2.05857156  1.66201246 -7.78051995  1.74998789
 -4.06291186  0.16420686 -8.52194334  0.16497479], Best Fitness = 13.96211235368991, Evaluations = 992
Generation 31: Best Solution = [ 4.83153897  7.90946879 -2.05857156  1.66201246 -7.78051995  1.74998789
 -4.06291186  0.16420686 -8.52194334  0.16497479], Best Fitness = 13.96211235368991, Evaluations = 1024
Generation 32: Best Solution = [ 4.83153897  7.90946879 -2.05857156  1.66201246 -7.78051995  1.74998789
 -4.06291186  0.16420686 -8.52194334  0.16497479], Best Fitness = 13.96211235368991, Evaluations = 1056
Generation 33: Best Solution = [ 4.83153897  7.90946879 -2.05857156  1.66201246 -7.78051995  1.74998789
 -4.06291186  0.16420686 -8.52194334  0.16497479], Best Fitness = 13.96211235368991, Evaluations = 1088
Generation 34: Best Solution = [ 4.83153897  7.90946879 -2.05857156  1.66201246 -7.78051995  1.74998789
 -4.06291186  0.16420686 -8.52194334  0.16497479], Best Fitness = 13.96211235368991, Evaluations = 1120
Generation 35: Best Solution = [ 4.83153897  7.90946879 -2.05857156  1.66201246 -7.78051995  1.74998789
 -4.06291186  0.16420686 -8.52194334  0.16497479], Best Fitness = 13.96211235368991, Evaluations = 1152
Generation 36: Best Solution = [-0.80737112 -7.19098948  0.10662388 -0.53495709 -2.74024753  3.61825917
  6.45430992  3.56807451  7.37610811 -0.92348688], Best Fitness = 13.394399241087589, Evaluations = 1184
Generation 37: Best Solution = [ 4.32475679 -0.08329256 -0.49503139  0.75278301 -4.8451703  -8.17971597
 -1.82827068  0.58052135  3.19359204 -4.62638465], Best Fitness = 12.417195335999534, Evaluations = 1216
Generation 38: Best Solution = [ 2.83161245  4.88802951  5.99428446  3.82519919 -5.65928873 -4.12679024
 -2.02055482 -0.22325324  1.21811805  2.57647237], Best Fitness = 11.953529341845075, Evaluations = 1248
Generation 39: Best Solution = [ 2.83161245  4.88802951  5.99428446  3.82519919 -5.65928873 -4.12679024
 -2.02055482 -0.22325324  1.21811805  2.57647237], Best Fitness = 11.953529341845075, Evaluations = 1280
Generation 40: Best Solution = [ 2.83161245  4.88802951  5.99428446  3.82519919 -5.65928873 -4.12679024
 -2.02055482 -0.22325324  1.21811805  2.57647237], Best Fitness = 11.9332519604904, Evaluations = 1312
Generation 41: Best Solution = [ 2.83161245  4.88802951  5.99428446  3.82519919 -5.65928873 -4.12679024
 -2.02055482 -0.22325324  1.21811805  2.57647237], Best Fitness = 11.9332519604904, Evaluations = 1344
Generation 42: Best Solution = [-6.06042652  2.9892579  -0.49503139  0.75278301 -4.8451703   0.82537017
 -0.39732498  0.58052135  3.19359204  3.06297524], Best Fitness = 10.599127979822727, Evaluations = 1376
Generation 43: Best Solution = [-6.06042652  2.9892579  -0.49503139  0.75278301 -4.8451703   0.82537017
 -0.39732498  0.58052135  3.19359204  3.06297524], Best Fitness = 10.599127979822727, Evaluations = 1408
Generation 44: Best Solution = [-0.03379301 -4.07537896  0.10662388 -0.53495709 -2.74024753 -2.29940625
 -2.05511814 -3.49543026 -5.01618298 -0.92348688], Best Fitness = 9.663570179866973, Evaluations = 1440
Generation 45: Best Solution = [-0.03379301 -4.07537896  0.10662388 -0.53495709 -2.74024753 -2.29940625
 -2.05511814 -3.49543026 -5.01618298 -0.92348688], Best Fitness = 9.663570179866973, Evaluations = 1472
Generation 46: Best Solution = [-0.03379301 -4.07537896  0.10662388 -0.53495709 -2.74024753 -2.29940625
 -2.05511814 -3.49543026 -5.01618298 -0.92348688], Best Fitness = 9.663570179866973, Evaluations = 1504
Generation 47: Best Solution = [-0.03379301 -4.07537896  0.10662388 -0.53495709 -2.74024753 -2.29940625
 -2.05511814 -3.49543026 -5.01618298 -0.92348688], Best Fitness = 9.663570179866973, Evaluations = 1536
Generation 48: Best Solution = [-0.03379301 -4.07537896  0.10662388 -0.53495709 -2.74024753 -2.29940625
 -2.05511814 -3.49543026 -5.01618298 -0.92348688], Best Fitness = 9.663570179866973, Evaluations = 1568
Generation 49: Best Solution = [-0.03379301 -4.07537896  0.10662388 -0.53495709 -2.74024753 -2.29940625
 -2.05511814 -3.49543026 -5.01618298 -0.92348688], Best Fitness = 9.663570179866973, Evaluations = 1600
Generation 50: Best Solution = [-0.03379301 -4.07537896  0.10662388 -0.53495709 -2.74024753 -2.29940625
 -2.05511814 -3.49543026 -5.01618298 -0.92348688], Best Fitness = 9.663570179866973, Evaluations = 1632
Generation 51: Best Solution = [-3.2144281  -3.28944052  1.62008655 -3.95577143  2.9188685   3.08844949
 -1.94357476 -0.75715061  0.73326742  0.80468587], Best Fitness = 9.243053520095348, Evaluations = 1664
Generation 52: Best Solution = [-3.2144281  -3.28944052  1.62008655 -3.95577143  2.9188685   3.08844949
 -1.94357476 -0.75715061  0.73326742  0.80468587], Best Fitness = 9.243053520095348, Evaluations = 1696
Generation 53: Best Solution = [-3.2144281  -3.28944052  1.62008655 -3.95577143  2.9188685   3.08844949
 -1.94357476 -0.75715061  0.73326742  0.80468587], Best Fitness = 9.243053520095348, Evaluations = 1728
Generation 54: Best Solution = [-3.2144281  -3.28944052  1.62008655 -3.95577143  2.9188685   3.08844949
 -1.94357476 -0.75715061  0.73326742  0.80468587], Best Fitness = 9.243053520095348, Evaluations = 1760
Generation 55: Best Solution = [-1.85096839 -0.22572602 -2.12870717  0.01927615 -5.21084998 -0.20916422
 -1.02117485 -0.18634322  3.12628854 -1.06122025], Best Fitness = 7.955531576322217, Evaluations = 1792
Generation 56: Best Solution = [-1.85096839 -0.22572602 -2.12870717  0.01927615 -5.21084998 -0.20916422
 -1.02117485 -0.18634322  3.12628854 -1.06122025], Best Fitness = 7.955531576322217, Evaluations = 1824
Generation 57: Best Solution = [-1.85096839 -0.22572602 -2.12870717  0.01927615 -5.21084998 -0.20916422
 -1.02117485 -0.18634322  3.12628854 -1.06122025], Best Fitness = 7.955531576322217, Evaluations = 1856
Generation 58: Best Solution = [-1.85096839 -0.22572602 -2.12870717  0.01927615 -5.21084998 -0.20916422
 -1.02117485 -0.18634322  3.12628854 -1.06122025], Best Fitness = 7.863977223121747, Evaluations = 1888
Generation 59: Best Solution = [-1.85096839 -0.22572602 -2.12870717  0.01927615 -5.21084998 -0.20916422
 -1.02117485 -0.18634322  3.12628854 -1.06122025], Best Fitness = 7.863977223121747, Evaluations = 1920
Generation 60: Best Solution = [-1.85096839 -0.22572602 -2.12870717  0.01927615 -5.21084998 -0.20916422
 -1.02117485 -0.18634322  3.12628854 -1.06122025], Best Fitness = 7.863977223121747, Evaluations = 1952
Generation 61: Best Solution = [-1.85096839 -0.22572602 -2.12870717  0.01927615 -5.21084998 -0.20916422
 -1.02117485 -0.18634322  3.12628854 -1.06122025], Best Fitness = 7.863977223121747, Evaluations = 1984
Generation 62: Best Solution = [-1.85096839 -0.22572602 -2.12870717  0.01927615 -5.21084998 -0.20916422
 -1.02117485 -0.18634322  3.12628854 -1.06122025], Best Fitness = 7.863977223121747, Evaluations = 2016
Generation 63: Best Solution = [-1.85096839 -0.22572602 -2.12870717  0.01927615 -5.21084998 -0.20916422
 -1.02117485 -0.18634322  3.12628854 -1.06122025], Best Fitness = 7.863977223121747, Evaluations = 2048
Generation 64: Best Solution = [-1.85096839 -0.22572602 -2.12870717  0.01927615 -5.21084998 -0.20916422
 -1.02117485 -0.18634322  3.12628854 -1.06122025], Best Fitness = 7.863977223121747, Evaluations = 2080
Generation 65: Best Solution = [-1.85096839 -0.22572602 -2.12870717  0.01927615 -5.21084998 -0.20916422
 -1.02117485 -0.18634322  3.12628854 -1.06122025], Best Fitness = 7.863977223121747, Evaluations = 2112
Generation 66: Best Solution = [-1.85096839 -0.22572602 -2.12870717  0.01927615 -5.21084998 -0.20916422
 -1.02117485 -0.18634322  3.12628854 -1.06122025], Best Fitness = 7.863977223121747, Evaluations = 2144
Generation 67: Best Solution = [-0.66200959 -0.11911354 -2.20575863  1.94171082  2.02157656  0.02897063
 -0.91200023 -3.45191755 -0.79394667  1.90104404], Best Fitness = 7.039148711971119, Evaluations = 2176
Generation 68: Best Solution = [-0.66200959 -0.11911354 -2.20575863  1.94171082  2.02157656  0.02897063
 -0.91200023 -3.45191755 -0.79394667  1.90104404], Best Fitness = 7.039148711971119, Evaluations = 2208
Generation 69: Best Solution = [ 1.3250397   2.52945183 -0.95408687  0.79588321  0.22871058 -3.02787069
  0.24113699  0.22326846  1.22803222  1.04147523], Best Fitness = 6.561330382936635, Evaluations = 2240
Generation 70: Best Solution = [ 1.3250397   2.52945183 -0.95408687  0.79588321  0.22871058 -3.02787069
  0.24113699  0.22326846  1.22803222  1.04147523], Best Fitness = 5.973113219375033, Evaluations = 2272
Generation 71: Best Solution = [ 1.3250397   2.52945183 -0.95408687  0.79588321  0.22871058 -3.02787069
  0.24113699  0.22326846  1.22803222  1.04147523], Best Fitness = 5.973113219375033, Evaluations = 2304
Generation 72: Best Solution = [ 1.3250397   2.52945183 -0.95408687  0.79588321  0.22871058 -3.02787069
  0.24113699  0.22326846  1.22803222  1.04147523], Best Fitness = 5.973113219375033, Evaluations = 2336
Generation 73: Best Solution = [ 1.3250397   2.52945183 -0.95408687  0.79588321  0.22871058 -3.02787069
  0.24113699  0.22326846  1.22803222  1.04147523], Best Fitness = 5.973113219375033, Evaluations = 2368
Generation 74: Best Solution = [ 1.3250397   2.52945183 -0.95408687  0.79588321  0.22871058 -3.02787069
  0.24113699  0.22326846  1.22803222  1.04147523], Best Fitness = 5.973113219375033, Evaluations = 2400
Generation 75: Best Solution = [ 1.3250397   2.52945183 -0.95408687  0.79588321  0.22871058 -3.02787069
  0.24113699  0.22326846  1.22803222  1.04147523], Best Fitness = 5.973113219375033, Evaluations = 2432
Generation 76: Best Solution = [ 1.3250397   2.52945183 -0.95408687  0.79588321  0.22871058 -3.02787069
  0.24113699  0.22326846  1.22803222  1.04147523], Best Fitness = 5.973113219375033, Evaluations = 2464
Generation 77: Best Solution = [ 1.3250397   2.52945183 -0.95408687  0.79588321  0.22871058 -3.02787069
  0.24113699  0.22326846  1.22803222  1.04147523], Best Fitness = 5.973113219375033, Evaluations = 2496
Generation 78: Best Solution = [ 1.3250397   2.52945183 -0.95408687  0.79588321  0.22871058 -3.02787069
  0.24113699  0.22326846  1.22803222  1.04147523], Best Fitness = 5.973113219375033, Evaluations = 2528
Generation 79: Best Solution = [-0.01853408  2.03057009  0.82392642 -0.57470488  1.07587611  0.1894208
  0.91573331 -0.59328275  2.02987117 -0.56157006], Best Fitness = 5.312890850171456, Evaluations = 2560
Generation 80: Best Solution = [-0.08551436 -0.25646745  1.9107767  -0.16698759 -0.80080249 -0.56948565
 -0.67047903  0.52732458  0.73326742  0.35845503], Best Fitness = 4.673975340864029, Evaluations = 2592
Generation 81: Best Solution = [-0.08551436 -0.25646745  1.9107767  -0.16698759 -0.80080249 -0.56948565
 -0.67047903  0.52732458  0.73326742  0.35845503], Best Fitness = 4.673975340864029, Evaluations = 2624
Generation 82: Best Solution = [-0.08551436 -0.25646745  1.9107767  -0.16698759 -0.80080249 -0.56948565
 -0.67047903  0.52732458  0.73326742  0.35845503], Best Fitness = 4.673975340864029, Evaluations = 2656
Generation 83: Best Solution = [-0.08551436 -0.25646745  1.9107767  -0.16698759 -0.80080249 -0.56948565
 -0.67047903  0.52732458  0.73326742  0.35845503], Best Fitness = 4.673975340864029, Evaluations = 2688
Generation 84: Best Solution = [-0.08551436 -0.25646745  1.9107767  -0.16698759 -0.80080249 -0.56948565
 -0.67047903  0.52732458  0.73326742  0.35845503], Best Fitness = 4.673975340864029, Evaluations = 2720
Generation 85: Best Solution = [-0.64300031  0.77014282  0.96388063 -1.82882845  0.02702982  0.93899527
 -1.01224647 -0.07649141  0.06340422  1.4892226 ], Best Fitness = 4.650321939694855, Evaluations = 2752
Generation 86: Best Solution = [-0.64300031  0.77014282  0.96388063 -1.82882845  0.02702982  0.93899527
 -1.01224647 -0.07649141  0.06340422  1.4892226 ], Best Fitness = 4.650321939694855, Evaluations = 2784
Generation 87: Best Solution = [-1.2141146   0.28957442  1.7827091   1.1592768  -0.18112538 -0.71330005
 -0.20793699  0.86199542  0.31438944  0.02554767], Best Fitness = 4.627387163115117, Evaluations = 2816
Generation 88: Best Solution = [-1.2141146   0.28957442  1.7827091   1.1592768  -0.18112538 -0.71330005
 -0.20793699  0.86199542  0.31438944  0.02554767], Best Fitness = 4.627387163115117, Evaluations = 2848
Generation 89: Best Solution = [ 0.14142066 -0.31115603  1.09583732  0.44396758 -0.28874784 -0.20916422
  1.35721427 -0.09479111  1.12495965  0.56657979], Best Fitness = 4.359993125498356, Evaluations = 2880
Generation 90: Best Solution = [-0.64300031  0.77014282  0.96388063  0.26335653  0.02702982  0.12627184
 -1.01224647 -0.07649141  0.06340422 -0.77152247], Best Fitness = 3.342783110913953, Evaluations = 2912
Generation 91: Best Solution = [-0.64300031  0.77014282  0.96388063  0.26335653  0.02702982  0.12627184
 -1.01224647 -0.07649141  0.06340422 -0.77152247], Best Fitness = 3.342783110913953, Evaluations = 2944
Generation 92: Best Solution = [-0.64300031  0.77014282  0.96388063  0.26335653  0.02702982  0.12627184
 -1.01224647 -0.07649141  0.06340422 -0.77152247], Best Fitness = 3.342783110913953, Evaluations = 2976
Generation 93: Best Solution = [-0.64300031  0.77014282  0.96388063  0.26335653  0.02702982  0.12627184
 -1.01224647 -0.07649141  0.06340422 -0.77152247], Best Fitness = 3.342783110913953, Evaluations = 3008
Generation 94: Best Solution = [-0.64300031  0.77014282  0.96388063  0.26335653  0.02702982  0.12627184
 -1.01224647 -0.07649141  0.06340422 -0.77152247], Best Fitness = 3.342783110913953, Evaluations = 3040
Generation 95: Best Solution = [-0.64300031  0.77014282  0.96388063  0.26335653  0.02702982  0.12627184
 -1.01224647 -0.07649141  0.06340422 -0.77152247], Best Fitness = 3.342783110913953, Evaluations = 3072
Generation 96: Best Solution = [-0.64300031  0.77014282  0.96388063  0.26335653  0.02702982  0.12627184
 -1.01224647 -0.07649141  0.06340422 -0.77152247], Best Fitness = 3.342783110913953, Evaluations = 3104
Generation 97: Best Solution = [-1.26246119  0.17922988 -0.02577255 -0.92651172 -0.18928669  1.02349767
 -0.03542587  0.20658333 -0.03509527 -0.1781045 ], Best Fitness = 3.1244802906072207, Evaluations = 3136
Generation 98: Best Solution = [-1.26246119  0.17922988 -0.02577255 -0.92651172 -0.18928669  1.02349767
 -0.03542587  0.20658333 -0.03509527 -0.1781045 ], Best Fitness = 3.1244802906072207, Evaluations = 3168
Generation 99: Best Solution = [-1.26246119  0.17922988 -0.02577255 -0.92651172 -0.18928669  1.02349767
 -0.03542587  0.20658333 -0.03509527 -0.1781045 ], Best Fitness = 3.1244802906072207, Evaluations = 3200
Generation 100: Best Solution = [-1.26246119  0.17922988 -0.02577255 -0.92651172 -0.18928669  1.02349767
 -0.03542587  0.20658333 -0.03509527 -0.1781045 ], Best Fitness = 3.1244802906072207, Evaluations = 3232
Generation 101: Best Solution = [-1.26246119  0.17922988 -0.02577255 -0.92651172 -0.18928669  1.02349767
 -0.03542587  0.20658333 -0.03509527 -0.1781045 ], Best Fitness = 3.1244802906072207, Evaluations = 3264
Generation 102: Best Solution = [ 0.17650795  0.28319284 -0.03082536  0.11183705  0.28566323 -0.33437805
 -0.06446354 -0.29050347  0.14192567 -0.0094195 ], Best Fitness = 2.1020089132059927, Evaluations = 3296
Generation 103: Best Solution = [ 0.17650795  0.28319284 -0.03082536  0.11183705  0.28566323 -0.33437805
 -0.06446354 -0.29050347  0.14192567 -0.0094195 ], Best Fitness = 2.1020089132059927, Evaluations = 3328
Generation 104: Best Solution = [ 0.17650795  0.28319284 -0.03082536  0.11183705  0.28566323 -0.33437805
 -0.06446354 -0.29050347  0.14192567 -0.0094195 ], Best Fitness = 2.1020089132059927, Evaluations = 3360
Generation 105: Best Solution = [ 0.17650795  0.28319284 -0.03082536  0.11183705  0.28566323 -0.33437805
 -0.06446354 -0.29050347  0.14192567 -0.0094195 ], Best Fitness = 2.1020089132059927, Evaluations = 3392
Generation 106: Best Solution = [ 0.17650795  0.28319284 -0.03082536  0.11183705  0.28566323 -0.33437805
 -0.06446354 -0.29050347  0.14192567 -0.0094195 ], Best Fitness = 2.1020089132059927, Evaluations = 3424
Generation 107: Best Solution = [ 0.17650795  0.28319284 -0.03082536  0.11183705  0.28566323 -0.33437805
 -0.06446354 -0.29050347  0.14192567 -0.0094195 ], Best Fitness = 2.1020089132059927, Evaluations = 3456
Generation 108: Best Solution = [ 0.17650795  0.28319284 -0.03082536  0.11183705  0.28566323 -0.33437805
 -0.06446354 -0.29050347  0.14192567 -0.0094195 ], Best Fitness = 2.1020089132059927, Evaluations = 3488
Generation 109: Best Solution = [ 0.17650795  0.28319284 -0.03082536  0.11183705  0.28566323 -0.33437805
 -0.06446354 -0.29050347  0.14192567 -0.0094195 ], Best Fitness = 2.1020089132059927, Evaluations = 3520
Generation 110: Best Solution = [ 0.17650795  0.28319284 -0.03082536  0.11183705  0.28566323 -0.33437805
 -0.06446354 -0.29050347  0.14192567 -0.0094195 ], Best Fitness = 2.1020089132059927, Evaluations = 3552
Generation 111: Best Solution = [ 0.17650795  0.28319284 -0.03082536  0.11183705  0.28566323 -0.33437805
 -0.06446354 -0.29050347  0.14192567 -0.0094195 ], Best Fitness = 2.1020089132059927, Evaluations = 3584
Generation 112: Best Solution = [ 0.17650795  0.28319284 -0.03082536  0.11183705  0.28566323 -0.33437805
 -0.06446354 -0.29050347  0.14192567 -0.0094195 ], Best Fitness = 2.1020089132059927, Evaluations = 3616
Generation 113: Best Solution = [ 0.17650795  0.28319284 -0.03082536  0.11183705  0.28566323 -0.33437805
 -0.06446354 -0.29050347  0.14192567 -0.0094195 ], Best Fitness = 2.1020089132059927, Evaluations = 3648
Generation 114: Best Solution = [ 0.17650795  0.28319284 -0.03082536  0.11183705  0.28566323 -0.33437805
 -0.06446354 -0.29050347  0.14192567 -0.0094195 ], Best Fitness = 2.1020089132059927, Evaluations = 3680
Generation 115: Best Solution = [ 0.17650795  0.28319284 -0.03082536  0.11183705  0.28566323 -0.33437805
 -0.06446354 -0.29050347  0.14192567 -0.0094195 ], Best Fitness = 2.1020089132059927, Evaluations = 3712
Generation 116: Best Solution = [ 0.17650795  0.28319284 -0.03082536  0.11183705  0.28566323 -0.33437805
 -0.06446354 -0.29050347  0.14192567 -0.0094195 ], Best Fitness = 2.1020089132059927, Evaluations = 3744
Generation 117: Best Solution = [ 0.17650795  0.28319284 -0.03082536  0.11183705  0.28566323 -0.33437805
 -0.06446354 -0.29050347  0.14192567 -0.0094195 ], Best Fitness = 2.1020089132059927, Evaluations = 3776
Generation 118: Best Solution = [ 0.17650795  0.28319284 -0.03082536  0.11183705  0.28566323 -0.33437805
 -0.06446354 -0.29050347  0.14192567 -0.0094195 ], Best Fitness = 1.9805903512764726, Evaluations = 3808
Generation 119: Best Solution = [ 0.17650795  0.28319284 -0.03082536  0.11183705  0.28566323 -0.33437805
 -0.06446354 -0.29050347  0.14192567 -0.0094195 ], Best Fitness = 1.9805903512764726, Evaluations = 3840
Generation 120: Best Solution = [-0.12762736  0.11667088 -0.18028259  0.10375861 -0.02350783 -0.98546171
 -0.19175078 -0.04343058  0.00906908 -0.15388629], Best Fitness = 1.882711068922465, Evaluations = 3872
Generation 121: Best Solution = [-0.12762736  0.11667088 -0.18028259  0.10375861 -0.02350783 -0.98546171
 -0.19175078 -0.04343058  0.00906908 -0.15388629], Best Fitness = 1.882711068922465, Evaluations = 3904
Generation 122: Best Solution = [-0.12762736  0.11667088 -0.18028259  0.10375861 -0.02350783 -0.98546171
 -0.19175078 -0.04343058  0.00906908 -0.15388629], Best Fitness = 1.882711068922465, Evaluations = 3936
Generation 123: Best Solution = [-0.12762736  0.11667088 -0.18028259  0.10375861 -0.02350783 -0.98546171
 -0.19175078 -0.04343058  0.00906908 -0.15388629], Best Fitness = 1.882711068922465, Evaluations = 3968
Generation 124: Best Solution = [-0.12762736  0.11667088 -0.18028259  0.10375861 -0.02350783 -0.98546171
 -0.19175078 -0.04343058  0.00906908 -0.15388629], Best Fitness = 1.882711068922465, Evaluations = 4000
Generation 125: Best Solution = [-0.12762736  0.11667088 -0.18028259  0.10375861 -0.02350783 -0.98546171
 -0.19175078 -0.04343058  0.00906908 -0.15388629], Best Fitness = 1.8600022958562374, Evaluations = 4032
Generation 126: Best Solution = [-0.12762736  0.11667088 -0.18028259  0.10375861 -0.02350783 -0.98546171
 -0.19175078 -0.04343058  0.00906908 -0.15388629], Best Fitness = 1.8600022958562374, Evaluations = 4064
Generation 127: Best Solution = [-0.01473497 -0.05529371  0.22779408 -0.10059208  0.04757377 -0.04417441
  0.09466281 -0.1451003   0.30428725 -0.07007684], Best Fitness = 1.2960633936547272, Evaluations = 4096
Generation 128: Best Solution = [-0.01473497 -0.05529371  0.22779408 -0.10059208  0.04757377 -0.04417441
  0.09466281 -0.1451003   0.30428725 -0.07007684], Best Fitness = 1.2036447649540247, Evaluations = 4128
Generation 129: Best Solution = [-0.01473497 -0.05529371  0.22779408 -0.10059208  0.04757377 -0.04417441
  0.09466281 -0.1451003   0.30428725 -0.07007684], Best Fitness = 1.2036447649540247, Evaluations = 4160
Generation 130: Best Solution = [-0.01473497 -0.05529371  0.22779408 -0.10059208  0.04757377 -0.04417441
  0.09466281 -0.1451003   0.30428725 -0.07007684], Best Fitness = 1.2036447649540247, Evaluations = 4192
Generation 131: Best Solution = [-0.01473497 -0.05529371  0.22779408 -0.10059208  0.04757377 -0.04417441
  0.09466281 -0.1451003   0.30428725 -0.07007684], Best Fitness = 1.2036447649540247, Evaluations = 4224
Generation 132: Best Solution = [-0.01473497 -0.05529371  0.22779408 -0.10059208  0.04757377 -0.04417441
  0.09466281 -0.1451003   0.30428725 -0.07007684], Best Fitness = 1.2036447649540247, Evaluations = 4256
Generation 133: Best Solution = [ 0.03229078  0.03853863  0.09656763  0.00631267 -0.29613486 -0.0770976
 -0.03542587  0.03557288 -0.03812631 -0.05222874], Best Fitness = 0.8582883912375903, Evaluations = 4288
Generation 134: Best Solution = [ 0.03229078  0.03853863  0.09656763  0.00631267 -0.29613486 -0.0770976
 -0.03542587  0.03557288 -0.03812631 -0.05222874], Best Fitness = 0.8582883912375903, Evaluations = 4320
Generation 135: Best Solution = [ 0.03229078  0.03853863  0.09656763  0.00631267 -0.29613486 -0.0770976
 -0.03542587  0.03557288 -0.03812631 -0.05222874], Best Fitness = 0.8582883912375903, Evaluations = 4352
Generation 136: Best Solution = [-0.04169612  0.058273   -0.01389182 -0.05267258  0.0746479  -0.15970502
 -0.03106923  0.14405442  0.11041742  0.00494045], Best Fitness = 0.6852706955769574, Evaluations = 4384
Generation 137: Best Solution = [-0.04169612  0.058273   -0.01389182 -0.05267258  0.0746479  -0.15970502
 -0.03106923  0.14405442  0.11041742  0.00494045], Best Fitness = 0.6852706955769574, Evaluations = 4416
Generation 138: Best Solution = [-0.04169612  0.058273   -0.01389182 -0.05267258  0.0746479  -0.15970502
 -0.03106923  0.14405442  0.11041742  0.00494045], Best Fitness = 0.6852706955769574, Evaluations = 4448
Generation 139: Best Solution = [-0.09996577  0.14980803  0.01074361 -0.05870631 -0.11654962  0.02501166
  0.02965381 -0.04325888 -0.05250747  0.12879565], Best Fitness = 0.6824775497935076, Evaluations = 4480
Generation 140: Best Solution = [-0.09996577  0.14980803  0.01074361 -0.05870631 -0.11654962  0.02501166
  0.02965381 -0.04325888 -0.05250747  0.12879565], Best Fitness = 0.6824775497935076, Evaluations = 4512
Generation 141: Best Solution = [-0.09996577  0.14980803  0.01074361 -0.05870631 -0.11654962  0.02501166
  0.02965381 -0.04325888 -0.05250747  0.12879565], Best Fitness = 0.6824775497935076, Evaluations = 4544
Generation 142: Best Solution = [ 0.08880566  0.18825294 -0.01727278 -0.08552307 -0.03725089 -0.11480397
 -0.02069548 -0.03472092 -0.01432105  0.01914108], Best Fitness = 0.6434453069587538, Evaluations = 4576
Generation 143: Best Solution = [ 0.08880566  0.18825294 -0.01727278 -0.08552307 -0.03725089 -0.11480397
 -0.02069548 -0.03472092 -0.01432105  0.01914108], Best Fitness = 0.6434453069587538, Evaluations = 4608
Generation 144: Best Solution = [ 0.08880566  0.18825294 -0.01727278 -0.08552307 -0.03725089 -0.11480397
 -0.02069548 -0.03472092 -0.01432105  0.01914108], Best Fitness = 0.6434453069587538, Evaluations = 4640
Generation 145: Best Solution = [ 0.08880566  0.18825294 -0.01727278 -0.08552307 -0.03725089 -0.11480397
 -0.02069548 -0.03472092 -0.01432105  0.01914108], Best Fitness = 0.6434453069587538, Evaluations = 4672
Generation 146: Best Solution = [ 0.08880566  0.18825294 -0.01727278 -0.08552307 -0.03725089 -0.11480397
 -0.02069548 -0.03472092 -0.01432105  0.01914108], Best Fitness = 0.6434453069587538, Evaluations = 4704
Generation 147: Best Solution = [ 0.08880566  0.18825294 -0.01727278 -0.08552307 -0.03725089 -0.11480397
 -0.02069548 -0.03472092 -0.01432105  0.01914108], Best Fitness = 0.6434453069587538, Evaluations = 4736
Generation 148: Best Solution = [ 0.08880566  0.18825294 -0.01727278 -0.08552307 -0.03725089 -0.11480397
 -0.02069548 -0.03472092 -0.01432105  0.01914108], Best Fitness = 0.6434453069587538, Evaluations = 4768
Generation 149: Best Solution = [ 0.08880566  0.18825294 -0.01727278 -0.08552307 -0.03725089 -0.11480397
 -0.02069548 -0.03472092 -0.01432105  0.01914108], Best Fitness = 0.6434453069587538, Evaluations = 4800
Generation 150: Best Solution = [ 0.11256942 -0.06574788  0.05626113  0.04290289  0.04683503 -0.03475047
 -0.01956792 -0.10779268  0.05973352  0.01827999], Best Fitness = 0.4627041356988504, Evaluations = 4832
Generation 151: Best Solution = [ 0.11256942 -0.06574788  0.05626113  0.04290289  0.04683503 -0.03475047
 -0.01956792 -0.10779268  0.05973352  0.01827999], Best Fitness = 0.4627041356988504, Evaluations = 4864
Generation 152: Best Solution = [ 0.11256942 -0.06574788  0.05626113  0.04290289  0.04683503 -0.03475047
 -0.01956792 -0.10779268  0.05973352  0.01827999], Best Fitness = 0.4627041356988504, Evaluations = 4896
Generation 153: Best Solution = [ 0.11256942 -0.06574788  0.05626113  0.04290289  0.04683503 -0.03475047
 -0.01956792 -0.10779268  0.05973352  0.01827999], Best Fitness = 0.4627041356988504, Evaluations = 4928
Generation 154: Best Solution = [ 0.00330396  0.0473553   0.04989018  0.1113789   0.03761702 -0.03071304
  0.09022963 -0.04521231 -0.02895544 -0.05975159], Best Fitness = 0.4050656564346551, Evaluations = 4960
Generation 155: Best Solution = [ 0.00330396  0.0473553   0.04989018  0.1113789   0.03761702 -0.03071304
  0.09022963 -0.04521231 -0.02895544 -0.05975159], Best Fitness = 0.4050656564346551, Evaluations = 4992
Generation 156: Best Solution = [ 0.00330396  0.0473553   0.04989018  0.1113789   0.03761702 -0.03071304
  0.09022963 -0.04521231 -0.02895544 -0.05975159], Best Fitness = 0.4050656564346551, Evaluations = 5024
Generation 157: Best Solution = [ 0.00330396  0.0473553   0.04989018  0.1113789   0.03761702 -0.03071304
  0.09022963 -0.04521231 -0.02895544 -0.05975159], Best Fitness = 0.4050656564346551, Evaluations = 5056
Generation 158: Best Solution = [ 0.00330396  0.0473553   0.04989018  0.1113789   0.03761702 -0.03071304
  0.09022963 -0.04521231 -0.02895544 -0.05975159], Best Fitness = 0.4050656564346551, Evaluations = 5088
Generation 159: Best Solution = [-0.03186742  0.09522163  0.00934419 -0.00928526  0.06326044  0.03454469
 -0.06631588 -0.10800439 -0.03460615  0.03637996], Best Fitness = 0.40439594888585306, Evaluations = 5120
Generation 160: Best Solution = [-0.04415092 -0.07908679  0.10735876 -0.00505217 -0.00621362 -0.02794668
 -0.02616253 -0.01502102 -0.09232333 -0.04918928], Best Fitness = 0.3908593739412649, Evaluations = 5152
Generation 161: Best Solution = [ 0.02354121  0.03294121  0.04997982 -0.00928526  0.07043671  0.02210607
  0.1189521   0.05839869 -0.02895531  0.02022008], Best Fitness = 0.3569057284169692, Evaluations = 5184
Generation 162: Best Solution = [ 0.02354121  0.03294121  0.04997982 -0.00928526  0.07043671  0.02210607
  0.1189521   0.05839869 -0.02895531  0.02022008], Best Fitness = 0.3569057284169692, Evaluations = 5216
Generation 163: Best Solution = [ 0.02354121  0.03294121  0.04997982 -0.00928526  0.07043671  0.02210607
  0.1189521   0.05839869 -0.02895531  0.02022008], Best Fitness = 0.3569057284169692, Evaluations = 5248
Generation 164: Best Solution = [ 0.02136821 -0.0034248   0.01921352 -0.05115129 -0.00700939  0.03540043
  0.03144463 -0.07547972  0.02495014 -0.04461725], Best Fitness = 0.22298717551638747, Evaluations = 5280
Generation 165: Best Solution = [ 0.02136821 -0.0034248   0.01921352 -0.05115129 -0.00700939  0.03540043
  0.03144463 -0.07547972  0.02495014 -0.04461725], Best Fitness = 0.22298717551638747, Evaluations = 5312
Generation 166: Best Solution = [ 0.02136821 -0.0034248   0.01921352 -0.05115129 -0.00700939  0.03540043
  0.03144463 -0.07547972  0.02495014 -0.04461725], Best Fitness = 0.22298717551638747, Evaluations = 5344
Generation 167: Best Solution = [ 0.02136821 -0.0034248   0.01921352 -0.05115129 -0.00700939  0.03540043
  0.03144463 -0.07547972  0.02495014 -0.04461725], Best Fitness = 0.22298717551638747, Evaluations = 5376
Generation 168: Best Solution = [ 0.02136821 -0.0034248   0.01921352 -0.05115129 -0.00700939  0.03540043
  0.03144463 -0.07547972  0.02495014 -0.04461725], Best Fitness = 0.22298717551638747, Evaluations = 5408
Generation 169: Best Solution = [ 0.02136821 -0.0034248   0.01921352 -0.05115129 -0.00700939  0.03540043
  0.03144463 -0.07547972  0.02495014 -0.04461725], Best Fitness = 0.22298717551638747, Evaluations = 5440
Generation 170: Best Solution = [-0.00383996 -0.03223733 -0.06155599  0.00681349  0.0502815   0.00303448
  0.0340719  -0.03611808  0.01233277 -0.03772046], Best Fitness = 0.19537194407204028, Evaluations = 5472
Generation 171: Best Solution = [-0.00383996 -0.03223733 -0.06155599  0.00681349  0.0502815   0.00303448
  0.0340719  -0.03611808  0.01233277 -0.03772046], Best Fitness = 0.19537194407204028, Evaluations = 5504
Generation 172: Best Solution = [-0.00383996 -0.03223733 -0.06155599  0.00681349  0.0502815   0.00303448
  0.0340719  -0.03611808  0.01233277 -0.03772046], Best Fitness = 0.19537194407204028, Evaluations = 5536
Generation 173: Best Solution = [-0.00383996 -0.03223733 -0.06155599  0.00681349  0.0502815   0.00303448
  0.0340719  -0.03611808  0.01233277 -0.03772046], Best Fitness = 0.19537194407204028, Evaluations = 5568
Generation 174: Best Solution = [-0.00383996 -0.03223733 -0.06155599  0.00681349  0.0502815   0.00303448
  0.0340719  -0.03611808  0.01233277 -0.03772046], Best Fitness = 0.19537194407204028, Evaluations = 5600
Generation 175: Best Solution = [ 0.0348223   0.01262232  0.06070646 -0.0263667   0.01970917 -0.0325234
 -0.02275761 -0.01292786 -0.00775001  0.03791025], Best Fitness = 0.17167890150996756, Evaluations = 5632
Generation 176: Best Solution = [ 0.0348223   0.01262232  0.06070646 -0.0263667   0.01970917 -0.0325234
 -0.02275761 -0.01292786 -0.00775001  0.03791025], Best Fitness = 0.17167890150996756, Evaluations = 5664
Generation 177: Best Solution = [ 0.02136821 -0.0034248   0.01921352 -0.04352544 -0.00700939 -0.0083324
  0.03144463  0.01931913  0.01774966 -0.04461725], Best Fitness = 0.13645543591175313, Evaluations = 5696
Generation 178: Best Solution = [ 0.02136821 -0.0034248   0.01921352 -0.04352544 -0.00700939 -0.0083324
  0.03144463  0.01931913  0.01774966 -0.04461725], Best Fitness = 0.13645543591175313, Evaluations = 5728
Generation 179: Best Solution = [ 0.02136821 -0.0034248   0.01921352 -0.04352544 -0.00700939 -0.0083324
  0.03144463  0.01931913  0.01774966 -0.04461725], Best Fitness = 0.13645543591175313, Evaluations = 5760
Generation 180: Best Solution = [ 0.02136821 -0.0034248   0.01921352 -0.04352544 -0.00700939 -0.0083324
  0.03144463  0.01931913  0.01774966 -0.04461725], Best Fitness = 0.13645543591175313, Evaluations = 5792
Generation 181: Best Solution = [ 0.02136821 -0.0034248   0.01921352 -0.04352544 -0.00700939 -0.0083324
  0.03144463  0.01931913  0.01774966 -0.04461725], Best Fitness = 0.13645543591175313, Evaluations = 5824
Generation 182: Best Solution = [ 0.02136821 -0.0034248   0.01921352 -0.04352544 -0.00700939 -0.0083324
  0.03144463  0.01931913  0.01774966 -0.04461725], Best Fitness = 0.13645543591175313, Evaluations = 5856
Generation 183: Best Solution = [ 0.02136821 -0.0034248   0.01921352 -0.04352544 -0.00700939 -0.0083324
  0.03144463  0.01931913  0.01774966 -0.04461725], Best Fitness = 0.13645543591175313, Evaluations = 5888
Generation 184: Best Solution = [ 0.02136821 -0.0034248   0.01921352 -0.04352544 -0.00700939 -0.0083324
  0.03144463  0.01931913  0.01774966 -0.04461725], Best Fitness = 0.13645543591175313, Evaluations = 5920
Generation 185: Best Solution = [ 0.02136821 -0.0034248   0.01921352 -0.04352544 -0.00700939 -0.0083324
  0.03144463  0.01931913  0.01774966 -0.04461725], Best Fitness = 0.13645543591175313, Evaluations = 5952
Generation 186: Best Solution = [-0.00423046 -0.02650149 -0.01925802  0.01646548  0.00820707  0.03594091
 -0.02283611 -0.02599014  0.03082754 -0.0135389 ], Best Fitness = 0.11660591946807175, Evaluations = 5984
Generation 187: Best Solution = [-0.00423046 -0.02650149 -0.01925802  0.01646548  0.00820707  0.03594091
 -0.02283611 -0.02599014  0.03082754 -0.0135389 ], Best Fitness = 0.11660591946807175, Evaluations = 6016
Generation 188: Best Solution = [-0.00423046 -0.02650149 -0.01925802  0.01646548  0.00820707  0.03594091
 -0.02283611 -0.02599014  0.03082754 -0.0135389 ], Best Fitness = 0.11660591946807175, Evaluations = 6048
Generation 189: Best Solution = [-0.02468161 -0.01853199  0.01750279  0.01795333 -0.02765368  0.0010513
 -0.00635687 -0.02690452  0.01860216  0.03734401], Best Fitness = 0.1137577188049943, Evaluations = 6080
Generation 190: Best Solution = [-0.00423046  0.01972491 -0.01925802  0.014006    0.00820707 -0.00351794
 -0.02283611  0.01820048  0.03082754 -0.0135389 ], Best Fitness = 0.08585686827475714, Evaluations = 6112
Generation 191: Best Solution = [ 1.63808931e-02 -1.00489686e-02  6.65614478e-05  1.11925500e-03
  3.67459261e-02  1.40265102e-02 -5.62578788e-04  1.56057923e-02
 -1.18376727e-02  2.15484534e-02], Best Fitness = 0.08117473931455921, Evaluations = 6144
Generation 192: Best Solution = [ 1.63808931e-02 -1.00489686e-02  6.65614478e-05  1.11925500e-03
  3.67459261e-02  1.40265102e-02 -5.62578788e-04  1.56057923e-02
 -1.18376727e-02  2.15484534e-02], Best Fitness = 0.08117473931455921, Evaluations = 6176
Generation 193: Best Solution = [ 1.63808931e-02 -1.00489686e-02  6.65614478e-05  1.11925500e-03
  3.67459261e-02  1.40265102e-02 -5.62578788e-04  1.56057923e-02
 -1.18376727e-02  2.15484534e-02], Best Fitness = 0.08117473931455921, Evaluations = 6208
Generation 194: Best Solution = [ 1.63808931e-02 -1.00489686e-02  6.65614478e-05  1.11925500e-03
  3.67459261e-02  1.40265102e-02 -5.62578788e-04  1.56057923e-02
 -1.18376727e-02  2.15484534e-02], Best Fitness = 0.08117473931455921, Evaluations = 6240
Generation 195: Best Solution = [ 1.63808931e-02 -1.00489686e-02  6.65614478e-05  1.11925500e-03
  3.67459261e-02  1.40265102e-02 -5.62578788e-04  1.56057923e-02
 -1.18376727e-02  2.15484534e-02], Best Fitness = 0.08117473931455921, Evaluations = 6272
Generation 196: Best Solution = [ 1.63808931e-02 -1.00489686e-02  6.65614478e-05  1.11925500e-03
  3.67459261e-02  1.40265102e-02 -5.62578788e-04  1.56057923e-02
 -1.18376727e-02  2.15484534e-02], Best Fitness = 0.08117473931455921, Evaluations = 6304
Generation 197: Best Solution = [ 1.63808931e-02 -1.00489686e-02  6.65614478e-05  1.11925500e-03
  3.67459261e-02  1.40265102e-02 -5.62578788e-04  1.56057923e-02
 -1.18376727e-02  2.15484534e-02], Best Fitness = 0.08117473931455921, Evaluations = 6336
Generation 198: Best Solution = [ 1.63808931e-02 -1.00489686e-02  6.65614478e-05  1.11925500e-03
  3.67459261e-02  1.40265102e-02 -5.62578788e-04  1.56057923e-02
 -1.18376727e-02  2.15484534e-02], Best Fitness = 0.08117473931455921, Evaluations = 6368
Generation 199: Best Solution = [-0.00649874  0.00119023  0.02929069 -0.00089199 -0.01713428  0.0113364
  0.0176103  -0.02002751 -0.01436111 -0.00509122], Best Fitness = 0.07226867552356397, Evaluations = 6400
Generation 200: Best Solution = [-0.00649874  0.00119023  0.02929069 -0.00089199 -0.01713428  0.0113364
  0.0176103  -0.02002751 -0.01436111 -0.00509122], Best Fitness = 0.07226867552356397, Evaluations = 6432
Generation 201: Best Solution = [ 0.0071288  -0.02381201  0.01927949 -0.01714985 -0.00367042  0.00193789
 -0.02722218 -0.01092327  0.00246194  0.00364503], Best Fitness = 0.07063574934582961, Evaluations = 6464
Generation 202: Best Solution = [ 0.0071288  -0.02381201  0.01927949 -0.01714985 -0.00367042  0.00193789
 -0.02722218 -0.01092327  0.00246194  0.00364503], Best Fitness = 0.07063574934582961, Evaluations = 6496
Generation 203: Best Solution = [ 0.0071288  -0.02381201  0.01927949 -0.01714985 -0.00367042  0.00193789
 -0.02722218 -0.01092327  0.00246194  0.00364503], Best Fitness = 0.07063574934582961, Evaluations = 6528
Generation 204: Best Solution = [ 0.0071288  -0.02381201  0.01927949 -0.01714985 -0.00367042  0.00193789
 -0.02722218 -0.01092327  0.00246194  0.00364503], Best Fitness = 0.07063574934582961, Evaluations = 6560
Generation 205: Best Solution = [ 0.02769005  0.00509563  0.00287931 -0.00666061  0.00086361  0.01775398
  0.02485888 -0.00804833 -0.00309349 -0.00447264], Best Fitness = 0.06469299714872223, Evaluations = 6592
Generation 206: Best Solution = [ 0.00884141 -0.00816689  0.01707641 -0.00792454  0.0094001  -0.01498553
 -0.00264057 -0.0090067  -0.00621847 -0.00259041], Best Fitness = 0.04392695653693979, Evaluations = 6624
Generation 207: Best Solution = [ 0.01051846 -0.0045466  -0.00767501 -0.01290078  0.01195379  0.00501733
 -0.00224066 -0.00227536  0.00957852  0.01465777], Best Fitness = 0.041169269389691454, Evaluations = 6656
Generation 208: Best Solution = [ 0.01051846 -0.0045466  -0.00767501 -0.01290078  0.01195379  0.00501733
 -0.00224066 -0.00227536  0.00957852  0.01465777], Best Fitness = 0.041169269389691454, Evaluations = 6688
Generation 209: Best Solution = [ 0.01051846 -0.0045466  -0.00767501 -0.01290078  0.01195379  0.00501733
 -0.00224066 -0.00227536  0.00957852  0.01465777], Best Fitness = 0.041169269389691454, Evaluations = 6720
Generation 210: Best Solution = [ 0.01051846 -0.0045466  -0.00767501 -0.01290078  0.01195379  0.00501733
 -0.00224066 -0.00227536  0.00957852  0.01465777], Best Fitness = 0.041169269389691454, Evaluations = 6752
Generation 211: Best Solution = [ 0.01051846 -0.0045466  -0.00767501 -0.01290078  0.01195379  0.00501733
 -0.00224066 -0.00227536  0.00957852  0.01465777], Best Fitness = 0.041169269389691454, Evaluations = 6784
Generation 212: Best Solution = [ 0.01051846 -0.0045466  -0.00767501 -0.01290078  0.01195379  0.00501733
 -0.00224066 -0.00227536  0.00957852  0.01465777], Best Fitness = 0.041169269389691454, Evaluations = 6816
Generation 213: Best Solution = [-4.71103496e-03 -7.13178166e-03 -4.56836951e-03 -1.71498546e-02
  4.61043230e-03  1.93788655e-03 -1.76469524e-02 -8.51200317e-05
 -2.14180736e-03  3.64502957e-03], Best Fitness = 0.03841122735326197, Evaluations = 6848
Generation 214: Best Solution = [-8.51061866e-03  8.60401915e-03  7.72831327e-03 -1.23454599e-02
 -1.91891524e-03 -4.74417719e-04 -1.07832344e-02  5.46453726e-03
  8.42395543e-05 -4.05369596e-04], Best Fitness = 0.031240014122858373, Evaluations = 6880
Generation 215: Best Solution = [-8.51061866e-03  8.60401915e-03  7.72831327e-03 -1.23454599e-02
 -1.91891524e-03 -4.74417719e-04 -1.07832344e-02  5.46453726e-03
  8.42395543e-05 -4.05369596e-04], Best Fitness = 0.031240014122858373, Evaluations = 6912
Generation 216: Best Solution = [-8.51061866e-03  8.60401915e-03  7.72831327e-03 -1.23454599e-02
 -1.91891524e-03 -4.74417719e-04 -1.07832344e-02  5.46453726e-03
  8.42395543e-05 -4.05369596e-04], Best Fitness = 0.031240014122858373, Evaluations = 6944
Generation 217: Best Solution = [-8.51061866e-03  8.60401915e-03  7.72831327e-03 -1.23454599e-02
 -1.91891524e-03 -4.74417719e-04 -1.07832344e-02  5.46453726e-03
  8.42395543e-05 -4.05369596e-04], Best Fitness = 0.031240014122858373, Evaluations = 6976
Generation 218: Best Solution = [-8.51061866e-03  8.60401915e-03  7.72831327e-03 -1.23454599e-02
 -1.91891524e-03 -4.74417719e-04 -1.07832344e-02  5.46453726e-03
  8.42395543e-05 -4.05369596e-04], Best Fitness = 0.031240014122858373, Evaluations = 7008
Generation 219: Best Solution = [-8.51061866e-03  8.60401915e-03  7.72831327e-03 -1.23454599e-02
 -1.91891524e-03 -4.74417719e-04 -1.07832344e-02  5.46453726e-03
  8.42395543e-05 -4.05369596e-04], Best Fitness = 0.031240014122858373, Evaluations = 7040
Generation 220: Best Solution = [-8.51061866e-03  8.60401915e-03  7.72831327e-03 -1.23454599e-02
 -1.91891524e-03 -4.74417719e-04 -1.07832344e-02  5.46453726e-03
  8.42395543e-05 -4.05369596e-04], Best Fitness = 0.031240014122858373, Evaluations = 7072
Generation 221: Best Solution = [-0.0064704   0.00162035  0.00370409 -0.00354811  0.00037245 -0.01421318
 -0.00186548 -0.00583519 -0.0031791   0.0050582 ], Best Fitness = 0.025376874751362966, Evaluations = 7104
Generation 222: Best Solution = [-0.0064704   0.00162035  0.00370409 -0.00354811  0.00037245 -0.01421318
 -0.00186548 -0.00583519 -0.0031791   0.0050582 ], Best Fitness = 0.01652496087062305, Evaluations = 7136
Generation 223: Best Solution = [-0.0064704   0.00162035  0.00370409 -0.00354811  0.00037245 -0.01421318
 -0.00186548 -0.00583519 -0.0031791   0.0050582 ], Best Fitness = 0.01652496087062305, Evaluations = 7168
Generation 224: Best Solution = [-0.0064704   0.00162035  0.00370409 -0.00354811  0.00037245 -0.01421318
 -0.00186548 -0.00583519 -0.0031791   0.0050582 ], Best Fitness = 0.01652496087062305, Evaluations = 7200
Generation 225: Best Solution = [-0.0064704   0.00162035  0.00370409 -0.00354811  0.00037245 -0.01421318
 -0.00186548 -0.00583519 -0.0031791   0.0050582 ], Best Fitness = 0.01652496087062305, Evaluations = 7232
Generation 226: Best Solution = [-0.0064704   0.00162035  0.00370409 -0.00354811  0.00037245 -0.01421318
 -0.00186548 -0.00583519 -0.0031791   0.0050582 ], Best Fitness = 0.01652496087062305, Evaluations = 7264
Generation 227: Best Solution = [-0.0064704   0.00162035  0.00370409 -0.00354811  0.00037245 -0.01421318
 -0.00186548 -0.00583519 -0.0031791   0.0050582 ], Best Fitness = 0.01652496087062305, Evaluations = 7296
Generation 228: Best Solution = [-0.0064704   0.00162035  0.00370409 -0.00354811  0.00037245 -0.01421318
 -0.00186548 -0.00583519 -0.0031791   0.0050582 ], Best Fitness = 0.01652496087062305, Evaluations = 7328
Generation 229: Best Solution = [-0.0064704   0.00162035  0.00370409 -0.00354811  0.00037245 -0.01421318
 -0.00186548 -0.00583519 -0.0031791   0.0050582 ], Best Fitness = 0.01652496087062305, Evaluations = 7360
Generation 230: Best Solution = [-0.0064704   0.00162035  0.00370409 -0.00354811  0.00037245 -0.01421318
 -0.00186548 -0.00583519 -0.0031791   0.0050582 ], Best Fitness = 0.01652496087062305, Evaluations = 7392
Generation 231: Best Solution = [-0.0064704   0.00162035  0.00370409 -0.00354811  0.00037245 -0.01421318
 -0.00186548 -0.00583519 -0.0031791   0.0050582 ], Best Fitness = 0.01652496087062305, Evaluations = 7424
Generation 232: Best Solution = [-0.0064704   0.00162035  0.00370409 -0.00354811  0.00037245 -0.01421318
 -0.00186548 -0.00583519 -0.0031791   0.0050582 ], Best Fitness = 0.01652496087062305, Evaluations = 7456
Generation 233: Best Solution = [-0.0064704   0.00162035  0.00370409 -0.00354811  0.00037245 -0.01421318
 -0.00186548 -0.00583519 -0.0031791   0.0050582 ], Best Fitness = 0.01652496087062305, Evaluations = 7488
Generation 234: Best Solution = [-0.0064704   0.00162035  0.00370409 -0.00354811  0.00037245 -0.01421318
 -0.00186548 -0.00583519 -0.0031791   0.0050582 ], Best Fitness = 0.01652496087062305, Evaluations = 7520
Generation 235: Best Solution = [-0.00248349 -0.0035802  -0.00697979  0.00177182 -0.00239132 -0.00085664
  0.00197651  0.00542743  0.00558788 -0.00053259], Best Fitness = 0.015838919079801617, Evaluations = 7552
Generation 236: Best Solution = [-0.00248349 -0.00351779  0.00352437  0.00177182 -0.00239132 -0.00085664
  0.00197651  0.00542743  0.00027656  0.00476721], Best Fitness = 0.012955076269542065, Evaluations = 7584
Generation 237: Best Solution = [-0.00248349 -0.00351779  0.00352437  0.00177182 -0.00239132 -0.00085664
  0.00197651  0.00542743  0.00027656  0.00476721], Best Fitness = 0.012955076269542065, Evaluations = 7616
Generation 238: Best Solution = [-0.00248349 -0.00351779  0.00352437  0.00177182 -0.00239132 -0.00085664
  0.00197651  0.00542743  0.00027656  0.00476721], Best Fitness = 0.012955076269542065, Evaluations = 7648
Generation 239: Best Solution = [-0.00248349 -0.00351779  0.00352437  0.00177182 -0.00239132 -0.00085664
  0.00197651  0.00542743  0.00027656  0.00476721], Best Fitness = 0.012955076269542065, Evaluations = 7680
Generation 240: Best Solution = [-0.00397452 -0.00219648  0.00060426  0.00317695  0.00223475  0.00156243
  0.00131067  0.00222844 -0.00336917 -0.00039555], Best Fitness = 0.009827206917699005, Evaluations = 7712
Generation 241: Best Solution = [-0.00397452 -0.00219648  0.00060426  0.00317695  0.00223475  0.00156243
  0.00131067  0.00222844 -0.00336917 -0.00039555], Best Fitness = 0.009827206917699005, Evaluations = 7744
Generation 242: Best Solution = [-0.00397452 -0.00219648  0.00060426  0.00317695  0.00223475  0.00156243
  0.00131067  0.00222844 -0.00336917 -0.00039555], Best Fitness = 0.009827206917699005, Evaluations = 7776
Generation 243: Best Solution = [-0.00397452 -0.00219648  0.00060426  0.00317695  0.00223475  0.00156243
  0.00131067  0.00222844 -0.00336917 -0.00039555], Best Fitness = 0.009827206917699005, Evaluations = 7808
Generation 244: Best Solution = [-0.00397452 -0.00219648  0.00060426  0.00317695  0.00223475  0.00156243
  0.00131067  0.00222844 -0.00336917 -0.00039555], Best Fitness = 0.009827206917699005, Evaluations = 7840
Generation 245: Best Solution = [-0.00397452 -0.00219648  0.00060426  0.00317695  0.00223475  0.00156243
  0.00131067  0.00222844 -0.00336917 -0.00039555], Best Fitness = 0.009827206917699005, Evaluations = 7872
Generation 246: Best Solution = [-0.00397452 -0.00219648  0.00060426  0.00317695  0.00223475  0.00156243
  0.00131067  0.00222844 -0.00336917 -0.00039555], Best Fitness = 0.009827206917699005, Evaluations = 7904
Generation 247: Best Solution = [-0.00397452 -0.00219648  0.00060426  0.00317695  0.00223475  0.00156243
  0.00131067  0.00222844 -0.00336917 -0.00039555], Best Fitness = 0.009827206917699005, Evaluations = 7936
Generation 248: Best Solution = [-0.00397452 -0.00219648  0.00060426  0.00317695  0.00223475  0.00156243
  0.00131067  0.00222844 -0.00336917 -0.00039555], Best Fitness = 0.009827206917699005, Evaluations = 7968
Generation 249: Best Solution = [-0.00397452 -0.00219648  0.00060426  0.00317695  0.00223475  0.00156243
  0.00131067  0.00222844 -0.00336917 -0.00039555], Best Fitness = 0.009827206917699005, Evaluations = 8000
Generation 250: Best Solution = [ 0.0017275   0.00364059 -0.00201651  0.000996    0.00203313  0.00238336
  0.00038378  0.00186689 -0.00161356 -0.00204141], Best Fitness = 0.008371071088366211, Evaluations = 8032
Generation 251: Best Solution = [ 0.0017275   0.00364059 -0.00201651  0.000996    0.00203313  0.00238336
  0.00038378  0.00186689 -0.00161356 -0.00204141], Best Fitness = 0.008371071088366211, Evaluations = 8064
Generation 252: Best Solution = [ 0.0017275   0.00364059 -0.00201651  0.000996    0.00203313  0.00238336
  0.00038378  0.00186689 -0.00161356 -0.00204141], Best Fitness = 0.008371071088366211, Evaluations = 8096
Generation 253: Best Solution = [ 0.0017275   0.00364059 -0.00201651  0.000996    0.00203313  0.00238336
  0.00038378  0.00186689 -0.00161356 -0.00204141], Best Fitness = 0.008371071088366211, Evaluations = 8128
Generation 254: Best Solution = [ 0.0017275   0.00364059 -0.00201651  0.000996    0.00203313  0.00238336
  0.00038378  0.00186689 -0.00161356 -0.00204141], Best Fitness = 0.008371071088366211, Evaluations = 8160
Generation 255: Best Solution = [-0.00279712 -0.00217931  0.00405571 -0.00013827 -0.00102925  0.00139296
  0.00097163 -0.00144279 -0.00059303 -0.00076364], Best Fitness = 0.007781335172169168, Evaluations = 8192
Generation 256: Best Solution = [-0.00279712 -0.00217931  0.00405571 -0.00013827 -0.00102925  0.00139296
  0.00097163 -0.00144279 -0.00059303 -0.00076364], Best Fitness = 0.007781335172169168, Evaluations = 8224
Generation 257: Best Solution = [-0.00279712 -0.00217931  0.00405571 -0.00013827 -0.00102925  0.00139296
  0.00097163 -0.00144279 -0.00059303 -0.00076364], Best Fitness = 0.007781335172169168, Evaluations = 8256
Generation 258: Best Solution = [ 0.00320248  0.00291385 -0.00115596 -0.000679    0.00091499 -0.00040042
  0.00088487  0.00128683 -0.00317362 -0.00059248], Best Fitness = 0.007602432179183882, Evaluations = 8288
Generation 259: Best Solution = [-0.00054968  0.00030071 -0.00184657  0.00070919 -0.00070582  0.00097904
  0.00118496  0.00266976  0.00297453  0.00159983], Best Fitness = 0.006549488805696502, Evaluations = 8320
Generation 260: Best Solution = [ 0.00065146 -0.00067514 -0.00209387 -0.00110513 -0.00040424  0.00088872
 -0.00135733  0.00051868 -0.00212416  0.00222532], Best Fitness = 0.005616985701003774, Evaluations = 8352
Generation 261: Best Solution = [ 0.00065146 -0.00067514 -0.00209387 -0.00110513 -0.00040424  0.00088872
 -0.00135733  0.00051868 -0.00212416  0.00222532], Best Fitness = 0.005616985701003774, Evaluations = 8384
Generation 262: Best Solution = [ 0.00065146 -0.00067514 -0.00209387 -0.00110513 -0.00040424  0.00088872
 -0.00135733  0.00051868 -0.00212416  0.00222532], Best Fitness = 0.005616985701003774, Evaluations = 8416
Generation 263: Best Solution = [-3.39293971e-04 -5.97787913e-04 -1.37665759e-03  1.84572666e-03
  3.87805824e-04  1.28946577e-03 -4.84324894e-05  3.12511438e-03
 -5.93032570e-04 -8.00053192e-04], Best Fitness = 0.005515893744672429, Evaluations = 8448
Generation 264: Best Solution = [-7.96847708e-04 -8.80832089e-05 -8.91686264e-04  6.31327582e-04
 -1.92670948e-03 -1.55490847e-03 -1.87823939e-03  6.91491016e-04
 -1.19116855e-03  1.85080977e-03], Best Fitness = 0.005276722925263488, Evaluations = 8480
Generation 265: Best Solution = [-8.95277939e-04  6.17868224e-04  6.05840087e-04 -1.67590280e-03
 -3.61367226e-05 -3.17005012e-04 -3.77966266e-04 -1.04896634e-03
 -1.85657887e-03  4.43840093e-04], Best Fitness = 0.003917152314894867, Evaluations = 8512
Generation 266: Best Solution = [-8.95277939e-04  6.17868224e-04  6.05840087e-04 -1.67590280e-03
 -3.61367226e-05 -3.17005012e-04 -3.77966266e-04 -1.04896634e-03
 -1.85657887e-03  4.43840093e-04], Best Fitness = 0.003917152314894867, Evaluations = 8544
Generation 267: Best Solution = [-8.95277939e-04  6.17868224e-04  6.05840087e-04 -1.67590280e-03
 -3.61367226e-05 -3.17005012e-04 -3.77966266e-04 -1.04896634e-03
 -1.85657887e-03  4.43840093e-04], Best Fitness = 0.003917152314894867, Evaluations = 8576
Generation 268: Best Solution = [-8.95277939e-04  6.17868224e-04  6.05840087e-04 -1.67590280e-03
 -3.61367226e-05 -3.17005012e-04 -3.77966266e-04 -1.04896634e-03
 -1.85657887e-03  4.43840093e-04], Best Fitness = 0.003917152314894867, Evaluations = 8608
Generation 269: Best Solution = [ 0.0008405  -0.00010925  0.00020469  0.00136984  0.00070411  0.00020815
 -0.00145965 -0.00079252 -0.00037221 -0.00043657], Best Fitness = 0.003199079003000538, Evaluations = 8640
Generation 270: Best Solution = [ 0.0008405  -0.00010925  0.00020469  0.00136984  0.00070411  0.00020815
 -0.00145965 -0.00079252 -0.00037221 -0.00043657], Best Fitness = 0.003199079003000538, Evaluations = 8672
Generation 271: Best Solution = [ 0.0008405  -0.00010925  0.00020469  0.00136984  0.00070411  0.00020815
 -0.00145965 -0.00079252 -0.00037221 -0.00043657], Best Fitness = 0.003199079003000538, Evaluations = 8704
Generation 272: Best Solution = [ 0.0008405  -0.00010925  0.00020469  0.00136984  0.00070411  0.00020815
 -0.00145965 -0.00079252 -0.00037221 -0.00043657], Best Fitness = 0.003199079003000538, Evaluations = 8736
Generation 273: Best Solution = [ 0.0008405  -0.00010925  0.00020469  0.00136984  0.00070411  0.00020815
 -0.00145965 -0.00079252 -0.00037221 -0.00043657], Best Fitness = 0.003199079003000538, Evaluations = 8768
Generation 274: Best Solution = [ 0.0008405  -0.00010925  0.00020469  0.00136984  0.00070411  0.00020815
 -0.00145965 -0.00079252 -0.00037221 -0.00043657], Best Fitness = 0.003199079003000538, Evaluations = 8800
Generation 275: Best Solution = [ 8.19657423e-05 -1.94787019e-04 -6.62087251e-04 -6.88649406e-04
  4.31750546e-04 -1.59166999e-03 -2.17980428e-05  7.23809391e-04
 -5.42183849e-04 -7.74397861e-04], Best Fitness = 0.002882336298072108, Evaluations = 8832
Generation 276: Best Solution = [ 8.19657423e-05 -1.94787019e-04 -6.62087251e-04 -6.88649406e-04
  4.31750546e-04 -1.59166999e-03 -2.17980428e-05  7.23809391e-04
 -5.42183849e-04 -7.74397861e-04], Best Fitness = 0.002882336298072108, Evaluations = 8864
Generation 277: Best Solution = [ 8.19657423e-05 -1.94787019e-04 -6.62087251e-04 -6.88649406e-04
  4.31750546e-04 -1.59166999e-03 -2.17980428e-05  7.23809391e-04
 -5.42183849e-04 -7.74397861e-04], Best Fitness = 0.002882336298072108, Evaluations = 8896
Generation 278: Best Solution = [ 0.00016588 -0.00010925 -0.00034926  0.00126069  0.00042263  0.00020815
 -0.00145965 -0.00079252 -0.00037221 -0.00043657], Best Fitness = 0.002872445099765475, Evaluations = 8928
Generation 279: Best Solution = [ 8.19657423e-05 -1.94787019e-04  6.70349006e-04  3.15764958e-04
  4.31750546e-04 -9.53507465e-04  8.06880566e-04 -3.67245442e-04
 -5.42183849e-04 -1.11530526e-03], Best Fitness = 0.0025553385630350256, Evaluations = 8960
Generation 280: Best Solution = [ 8.19657423e-05 -1.94787019e-04  6.70349006e-04  3.15764958e-04
  4.31750546e-04 -9.53507465e-04  8.06880566e-04 -3.67245442e-04
 -5.42183849e-04 -1.11530526e-03], Best Fitness = 0.0025553385630350256, Evaluations = 8992
Generation 281: Best Solution = [ 8.66183920e-05 -6.75141652e-04 -8.96189206e-04  6.69205832e-04
  3.95404155e-04  8.88720343e-04 -3.53371891e-04  1.22644354e-04
  7.27407101e-04 -5.40958305e-05], Best Fitness = 0.002326838856636204, Evaluations = 9024
Generation 282: Best Solution = [ 8.66183920e-05 -6.75141652e-04 -8.96189206e-04  6.69205832e-04
  3.95404155e-04  8.88720343e-04 -3.53371891e-04  1.22644354e-04
  7.27407101e-04 -5.40958305e-05], Best Fitness = 0.002326838856636204, Evaluations = 9056
Generation 283: Best Solution = [ 8.66183920e-05 -6.75141652e-04 -8.96189206e-04  6.69205832e-04
  3.95404155e-04  8.88720343e-04 -3.53371891e-04  1.22644354e-04
  7.27407101e-04 -5.40958305e-05], Best Fitness = 0.002326838856636204, Evaluations = 9088
Generation 284: Best Solution = [ 1.02558606e-04 -8.80832089e-05  3.51184027e-04 -2.99443081e-04
 -6.08170611e-06 -1.00128395e-04 -1.23408869e-03  7.76339089e-04
  6.48330077e-04  2.15108586e-04], Best Fitness = 0.0021443599420760684, Evaluations = 9120
Generation 285: Best Solution = [ 1.02558606e-04 -8.80832089e-05  3.51184027e-04 -2.99443081e-04
 -6.08170611e-06 -1.00128395e-04 -1.23408869e-03  7.76339089e-04
  6.48330077e-04  2.15108586e-04], Best Fitness = 0.0021443599420760684, Evaluations = 9152
Generation 286: Best Solution = [ 1.02558606e-04 -8.80832089e-05  3.51184027e-04 -2.99443081e-04
 -6.08170611e-06 -1.00128395e-04 -1.23408869e-03  7.76339089e-04
  6.48330077e-04  2.15108586e-04], Best Fitness = 0.0021443599420760684, Evaluations = 9184
Generation 287: Best Solution = [-9.37942328e-05 -2.19263902e-04  3.46181578e-04  1.38243850e-04
  2.16952464e-04 -7.62174547e-04  2.63210730e-04 -5.29141360e-05
 -7.31787064e-04 -5.08690428e-04], Best Fitness = 0.0016534651709076975, Evaluations = 9216
Generation 288: Best Solution = [-9.37942328e-05 -2.19263902e-04  3.46181578e-04  1.38243850e-04
  2.16952464e-04 -7.62174547e-04  2.63210730e-04 -5.29141360e-05
 -7.31787064e-04 -5.08690428e-04], Best Fitness = 0.0016534651709076975, Evaluations = 9248
Generation 289: Best Solution = [-9.37942328e-05 -2.19263902e-04  3.46181578e-04  1.38243850e-04
  2.16952464e-04 -7.62174547e-04  2.63210730e-04 -5.29141360e-05
 -7.31787064e-04 -5.08690428e-04], Best Fitness = 0.0016534651709076975, Evaluations = 9280
Generation 290: Best Solution = [-2.34150723e-04 -5.60727183e-04  7.93275561e-05  3.87933253e-04
  5.77052183e-04  1.91503306e-04 -3.59162865e-04 -6.31475052e-04
 -3.79074396e-04  1.06917461e-04], Best Fitness = 0.001597659261936446, Evaluations = 9312
Generation 291: Best Solution = [ 1.02558606e-04 -8.80832089e-05 -2.16354345e-04  5.38554789e-05
 -3.29328186e-04  7.96298485e-04  1.36094809e-04  2.65985988e-04
  9.49506927e-05  4.27567725e-04], Best Fitness = 0.0013274096834945404, Evaluations = 9344
Generation 292: Best Solution = [ 1.02558606e-04 -8.80832089e-05 -2.16354345e-04  5.38554789e-05
 -3.29328186e-04  7.96298485e-04  1.36094809e-04  2.65985988e-04
  9.49506927e-05  4.27567725e-04], Best Fitness = 0.0013274096834945404, Evaluations = 9376
Generation 293: Best Solution = [ 1.02558606e-04 -8.80832089e-05 -2.16354345e-04  5.38554789e-05
 -3.29328186e-04  7.96298485e-04  1.36094809e-04  2.65985988e-04
  9.49506927e-05  4.27567725e-04], Best Fitness = 0.0013274096834945404, Evaluations = 9408
Generation 294: Best Solution = [ 4.38092646e-04 -1.40439850e-05  6.10159029e-05  5.04974663e-04
  4.62274305e-04 -2.84642682e-04 -2.03770728e-04  4.15879353e-04
 -5.75638111e-05  1.26903445e-04], Best Fitness = 0.001257069278463252, Evaluations = 9440
Generation 295: Best Solution = [ 4.38092646e-04 -1.40439850e-05  6.10159029e-05  5.04974663e-04
  4.62274305e-04 -2.84642682e-04 -2.03770728e-04  4.15879353e-04
 -5.75638111e-05  1.26903445e-04], Best Fitness = 0.001257069278463252, Evaluations = 9472
Generation 296: Best Solution = [ 4.38092646e-04 -1.40439850e-05  6.10159029e-05  5.04974663e-04
  4.62274305e-04 -2.84642682e-04 -2.03770728e-04  4.15879353e-04
 -5.75638111e-05  1.26903445e-04], Best Fitness = 0.001257069278463252, Evaluations = 9504
Generation 297: Best Solution = [ 4.38092646e-04 -1.40439850e-05  6.10159029e-05  5.04974663e-04
  4.62274305e-04 -2.84642682e-04 -2.03770728e-04  4.15879353e-04
 -5.75638111e-05  1.26903445e-04], Best Fitness = 0.001257069278463252, Evaluations = 9536
Generation 298: Best Solution = [ 4.38092646e-04 -1.40439850e-05  6.10159029e-05  5.04974663e-04
  4.62274305e-04 -2.84642682e-04 -2.03770728e-04  4.15879353e-04
 -5.75638111e-05  1.26903445e-04], Best Fitness = 0.001257069278463252, Evaluations = 9568
Generation 299: Best Solution = [ 8.66183920e-05 -3.56991926e-04  3.38827300e-04  4.00955733e-04
 -1.44363796e-04 -2.00034656e-04 -3.53371891e-04  1.98229784e-04
  1.79523951e-04 -2.35069459e-04], Best Fitness = 0.0010794143818384505, Evaluations = 9600
Generation 300: Best Solution = [ 8.66183920e-05 -3.56991926e-04  3.38827300e-04  4.00955733e-04
 -1.44363796e-04 -2.00034656e-04 -3.53371891e-04  1.98229784e-04
  1.79523951e-04 -2.35069459e-04], Best Fitness = 0.0010794143818384505, Evaluations = 9632
Generation 301: Best Solution = [ 8.66183920e-05 -3.56991926e-04  3.38827300e-04  4.00955733e-04
 -1.44363796e-04 -2.00034656e-04 -3.53371891e-04  1.98229784e-04
  1.79523951e-04 -2.35069459e-04], Best Fitness = 0.0010794143818384505, Evaluations = 9664
Generation 302: Best Solution = [ 4.60962119e-04 -1.08273773e-04  1.01612614e-04  2.82742808e-04
  8.95226149e-05 -8.33547695e-05 -2.86472608e-05  2.52041897e-04
  2.18045599e-04 -3.72039472e-04], Best Fitness = 0.0009662018487799351, Evaluations = 9696
Generation 303: Best Solution = [ 4.60962119e-04 -1.08273773e-04  1.01612614e-04  2.82742808e-04
  8.95226149e-05 -8.33547695e-05 -2.86472608e-05  2.52041897e-04
  2.18045599e-04 -3.72039472e-04], Best Fitness = 0.0009662018487799351, Evaluations = 9728
Generation 304: Best Solution = [ 4.60962119e-04 -1.08273773e-04  1.01612614e-04  2.82742808e-04
  8.95226149e-05 -8.33547695e-05 -2.86472608e-05  2.52041897e-04
  2.18045599e-04 -3.72039472e-04], Best Fitness = 0.0009538533063992993, Evaluations = 9760
Generation 305: Best Solution = [ 4.60962119e-04 -1.08273773e-04  1.01612614e-04  2.82742808e-04
  8.95226149e-05 -8.33547695e-05 -2.86472608e-05  2.52041897e-04
  2.18045599e-04 -3.72039472e-04], Best Fitness = 0.0009538533063992993, Evaluations = 9792
Generation 306: Best Solution = [ 4.60962119e-04 -1.08273773e-04  1.01612614e-04  2.82742808e-04
  8.95226149e-05 -8.33547695e-05 -2.86472608e-05  2.52041897e-04
  2.18045599e-04 -3.72039472e-04], Best Fitness = 0.0009538533063992993, Evaluations = 9824
Generation 307: Best Solution = [ 4.60962119e-04 -1.08273773e-04  1.01612614e-04  2.82742808e-04
  8.95226149e-05 -8.33547695e-05 -2.86472608e-05  2.52041897e-04
  2.18045599e-04 -3.72039472e-04], Best Fitness = 0.0009538533063992993, Evaluations = 9856
Generation 308: Best Solution = [-5.84211836e-05 -3.11002740e-04 -1.16033817e-04  1.45248260e-04
  2.62630714e-04  1.78280168e-04 -1.29908748e-04 -2.04057341e-04
  4.56692260e-05  1.24908820e-04], Best Fitness = 0.0007078143666636727, Evaluations = 9888
Generation 309: Best Solution = [-5.84211836e-05 -3.11002740e-04 -1.16033817e-04  1.45248260e-04
  2.62630714e-04  1.78280168e-04 -1.29908748e-04 -2.04057341e-04
  4.56692260e-05  1.24908820e-04], Best Fitness = 0.0007078143666636727, Evaluations = 9920
Generation 310: Best Solution = [-5.84211836e-05 -3.11002740e-04 -1.16033817e-04  1.45248260e-04
  2.62630714e-04  1.78280168e-04 -1.29908748e-04 -2.04057341e-04
  4.56692260e-05  1.24908820e-04], Best Fitness = 0.0007078143666636727, Evaluations = 9952
Generation 311: Best Solution = [-5.84211836e-05 -3.11002740e-04 -1.16033817e-04  1.45248260e-04
  2.62630714e-04  1.78280168e-04 -1.29908748e-04 -2.04057341e-04
  4.56692260e-05  1.24908820e-04], Best Fitness = 0.0007078143666636727, Evaluations = 9984
Generation 312: Best Solution = [-5.84211836e-05 -3.11002740e-04 -1.16033817e-04  1.45248260e-04
  2.62630714e-04  1.78280168e-04 -1.29908748e-04 -2.04057341e-04
  4.56692260e-05  1.24908820e-04], Best Fitness = 0.0007078143666636727, Evaluations = 10016
