Algorithm: Differential Evolution
Objective Function: Ackley
Dimension: 10
Population Size: 32
Max Evaluations: 10000

Generation 0: Best Solution = [  4.74364861  22.68716787  -8.01788409  -6.16477358 -13.78603146
  16.75539046 -14.09973018  -0.83645057 -20.07467764  -8.41210915], Best Fitness = 20.02396896751753, Evaluations = 32
Generation 1: Best Solution = [  4.74364861  22.68716787  -8.01788409  -6.16477358 -13.78603146
  16.75539046 -14.09973018  -0.83645057 -20.07467764  -8.41210915], Best Fitness = 20.02396896751753, Evaluations = 64
Generation 2: Best Solution = [  4.74364861  22.68716787  -8.01788409  -6.16477358 -13.78603146
  16.75539046 -14.09973018  -0.83645057 -20.07467764  -8.41210915], Best Fitness = 20.02396896751753, Evaluations = 96
Generation 3: Best Solution = [  4.74364861  -2.40245783  -8.01788409  -6.16477358   3.11761895
  16.75539046 -14.09973018  -0.83645057  14.14501157  -8.41210915], Best Fitness = 18.406582015911464, Evaluations = 128
Generation 4: Best Solution = [  4.74364861  -2.40245783  -8.01788409  -6.16477358   3.11761895
  16.75539046 -14.09973018  -0.83645057  14.14501157  -8.41210915], Best Fitness = 18.406582015911464, Evaluations = 160
Generation 5: Best Solution = [  4.74364861  -2.40245783  -8.01788409  -6.16477358   3.11761895
  16.75539046 -14.09973018  -0.83645057  14.14501157  -8.41210915], Best Fitness = 18.406582015911464, Evaluations = 192
Generation 6: Best Solution = [  4.74364861  -2.40245783  -8.01788409  -6.16477358   3.11761895
  16.75539046 -14.09973018  -0.83645057  14.14501157  -8.41210915], Best Fitness = 18.406582015911464, Evaluations = 224
Generation 7: Best Solution = [  4.74364861  -2.40245783  -8.01788409  -6.16477358   3.11761895
  16.75539046 -14.09973018  -0.83645057  14.14501157  -8.41210915], Best Fitness = 18.406582015911464, Evaluations = 256
Generation 8: Best Solution = [  4.74364861  -2.40245783  -8.01788409  -6.16477358   3.11761895
  16.75539046 -14.09973018  -0.83645057  14.14501157  -8.41210915], Best Fitness = 18.406582015911464, Evaluations = 288
Generation 9: Best Solution = [  4.74364861  -2.40245783  -8.01788409  -6.16477358   3.11761895
  16.75539046 -14.09973018  -0.83645057  14.14501157  -8.41210915], Best Fitness = 18.406582015911464, Evaluations = 320
Generation 10: Best Solution = [-16.23518274   0.69775984  10.15822456  -8.36532673  -0.94616634
  -8.4430702   -8.80217977   5.85669433  -1.82161337 -11.66702941], Best Fitness = 18.167427157430783, Evaluations = 352
Generation 11: Best Solution = [-16.23518274   0.69775984  10.15822456  -8.36532673  -0.94616634
  -8.4430702   -8.80217977   5.85669433  -1.82161337 -11.66702941], Best Fitness = 18.167427157430783, Evaluations = 384
Generation 12: Best Solution = [-16.23518274   0.69775984  10.15822456  -8.36532673  -0.94616634
  -8.4430702   -8.80217977   5.85669433  -1.82161337 -11.66702941], Best Fitness = 18.167427157430783, Evaluations = 416
Generation 13: Best Solution = [-16.23518274   0.69775984  10.15822456  -8.36532673  -0.94616634
  -8.4430702   -8.80217977   5.85669433  -1.82161337 -11.66702941], Best Fitness = 18.167427157430783, Evaluations = 448
Generation 14: Best Solution = [-16.23518274   0.69775984  10.15822456  -8.36532673  -0.94616634
  -8.4430702   -8.80217977   5.85669433  -1.82161337 -11.66702941], Best Fitness = 18.167427157430783, Evaluations = 480
Generation 15: Best Solution = [-16.23518274   0.69775984  10.15822456  -8.36532673  -0.94616634
  -8.4430702   -8.80217977   5.85669433  -1.82161337 -11.66702941], Best Fitness = 18.167427157430783, Evaluations = 512
Generation 16: Best Solution = [-16.23518274   0.69775984  10.15822456  -8.36532673  -0.94616634
  -8.4430702   -8.80217977   5.85669433  -1.82161337 -11.66702941], Best Fitness = 18.167427157430783, Evaluations = 544
Generation 17: Best Solution = [-16.23518274   0.69775984  10.15822456  -8.36532673  -0.94616634
  -8.4430702   -8.80217977   5.85669433  -1.82161337 -11.66702941], Best Fitness = 18.167427157430783, Evaluations = 576
Generation 18: Best Solution = [-16.23518274   0.69775984  10.15822456  -8.36532673  -0.94616634
  -8.4430702   -8.80217977   5.85669433  -1.82161337 -11.66702941], Best Fitness = 18.167427157430783, Evaluations = 608
Generation 19: Best Solution = [-16.23518274   0.69775984  10.15822456  -8.36532673  -0.94616634
  -8.4430702   -8.80217977   5.85669433  -1.82161337 -11.66702941], Best Fitness = 18.167427157430783, Evaluations = 640
Generation 20: Best Solution = [  3.51446249   7.4928217    0.52034651   8.67242073   4.28116473
  -5.38773878  -3.15021596  11.22661893  -2.9876299  -11.52656682], Best Fitness = 16.942054104986475, Evaluations = 672
Generation 21: Best Solution = [  3.51446249   7.4928217    0.52034651   8.67242073   4.28116473
  -5.38773878  -3.15021596  11.22661893  -2.9876299  -11.52656682], Best Fitness = 16.942054104986475, Evaluations = 704
Generation 22: Best Solution = [  3.51446249   7.4928217    0.52034651   8.67242073   4.28116473
  -5.38773878  -3.15021596  11.22661893  -2.9876299  -11.52656682], Best Fitness = 16.942054104986475, Evaluations = 736
Generation 23: Best Solution = [  3.51446249   7.4928217    0.52034651   8.67242073   4.28116473
  -5.38773878  -3.15021596  11.22661893  -2.9876299  -11.52656682], Best Fitness = 16.47971007539315, Evaluations = 768
Generation 24: Best Solution = [  3.51446249   7.4928217    0.52034651   8.67242073   4.28116473
  -5.38773878  -3.15021596  11.22661893  -2.9876299  -11.52656682], Best Fitness = 16.47971007539315, Evaluations = 800
Generation 25: Best Solution = [ 5.52091541 -9.59336408  2.5943714   7.35616358  5.9511754   6.06811926
 -0.12394172 -6.18508736 -3.10434832 -4.87913738], Best Fitness = 15.219381556803034, Evaluations = 832
Generation 26: Best Solution = [ 5.52091541 -9.59336408  2.5943714   7.35616358  5.9511754   6.06811926
 -0.12394172 -6.18508736 -3.10434832 -4.87913738], Best Fitness = 15.219381556803034, Evaluations = 864
Generation 27: Best Solution = [ 5.52091541 -9.59336408  2.5943714   7.35616358  5.9511754   6.06811926
 -0.12394172 -6.18508736 -3.10434832 -4.87913738], Best Fitness = 15.219381556803034, Evaluations = 896
Generation 28: Best Solution = [ 5.52091541 -9.59336408  2.5943714   7.35616358  5.9511754   6.06811926
 -0.12394172 -6.18508736 -3.10434832 -4.87913738], Best Fitness = 15.219381556803034, Evaluations = 928
Generation 29: Best Solution = [ 5.52091541 -9.59336408  2.5943714   7.35616358  5.9511754   6.06811926
 -0.12394172 -6.18508736 -3.10434832 -4.87913738], Best Fitness = 14.332808235568063, Evaluations = 960
Generation 30: Best Solution = [ 5.52091541 -9.59336408  2.5943714   7.35616358  5.9511754   6.06811926
 -0.12394172 -6.18508736 -3.10434832 -4.87913738], Best Fitness = 14.332808235568063, Evaluations = 992
Generation 31: Best Solution = [ 2.78848615  3.54266299  0.31384831 -0.2864948  -3.23298718 -4.92599827
 -6.7820992  -2.58005548 -6.87830992  5.21990068], Best Fitness = 13.217016600991549, Evaluations = 1024
Generation 32: Best Solution = [ 2.78848615  3.54266299  0.31384831 -0.2864948  -3.23298718 -4.92599827
 -6.7820992  -2.58005548 -6.87830992  5.21990068], Best Fitness = 13.217016600991549, Evaluations = 1056
Generation 33: Best Solution = [ 2.78848615  3.54266299  0.31384831 -0.2864948  -3.23298718 -4.92599827
 -6.7820992  -2.58005548 -6.87830992  5.21990068], Best Fitness = 13.217016600991549, Evaluations = 1088
Generation 34: Best Solution = [ 2.78848615  3.54266299  0.31384831 -0.2864948  -3.23298718 -4.92599827
 -6.7820992  -2.58005548 -6.87830992  5.21990068], Best Fitness = 13.217016600991549, Evaluations = 1120
Generation 35: Best Solution = [ 2.78848615  3.54266299  0.31384831 -0.2864948  -3.23298718 -4.92599827
 -6.7820992  -2.58005548 -6.87830992  5.21990068], Best Fitness = 13.217016600991549, Evaluations = 1152
Generation 36: Best Solution = [-3.3332128  -1.57481457 -4.88622027  4.23267137 -0.33233638 -1.01487397
  1.043772    7.51942934 -0.19008799  5.51578436], Best Fitness = 12.436261344913062, Evaluations = 1184
Generation 37: Best Solution = [-3.3332128  -1.57481457 -4.88622027  4.23267137 -0.33233638 -1.01487397
  1.043772    7.51942934 -0.19008799  5.51578436], Best Fitness = 12.436261344913062, Evaluations = 1216
Generation 38: Best Solution = [-4.1819723  -3.65357908  1.8940143   0.67885346  0.63423721 -3.00754791
 -3.33535325  7.62476266  2.01408179 -2.29777183], Best Fitness = 11.797347662788356, Evaluations = 1248
Generation 39: Best Solution = [-4.1819723  -3.65357908  1.8940143   0.67885346  0.63423721 -3.00754791
 -3.33535325  7.62476266  2.01408179 -2.29777183], Best Fitness = 11.797347662788356, Evaluations = 1280
Generation 40: Best Solution = [-4.1819723  -3.65357908  1.8940143   0.67885346  0.63423721 -3.00754791
 -3.33535325  7.62476266  2.01408179 -2.29777183], Best Fitness = 11.797347662788356, Evaluations = 1312
Generation 41: Best Solution = [-3.07786287  0.69775984 -5.17625233  0.59936305  1.1707498  -2.34089844
  1.29279353 -1.37429985  5.21677929 -4.20123816], Best Fitness = 10.860780439094338, Evaluations = 1344
Generation 42: Best Solution = [ 1.23217169 -1.57481457 -4.88622027 -1.17419032 -1.65639195 -1.01487397
  2.07839659  1.81214398 -0.19008799  5.51578436], Best Fitness = 9.821521629344536, Evaluations = 1376
Generation 43: Best Solution = [ 1.23217169 -1.57481457 -4.88622027 -1.17419032 -1.65639195 -1.01487397
  2.07839659  1.81214398 -0.19008799  5.51578436], Best Fitness = 9.821521629344536, Evaluations = 1408
Generation 44: Best Solution = [ 1.23217169 -1.57481457 -4.88622027 -1.17419032 -1.65639195 -1.01487397
  2.07839659  1.81214398 -0.19008799  5.51578436], Best Fitness = 9.821521629344536, Evaluations = 1440
Generation 45: Best Solution = [ 1.23217169 -1.57481457 -4.88622027 -1.17419032 -1.65639195 -1.01487397
  2.07839659  1.81214398 -0.19008799  5.51578436], Best Fitness = 9.821521629344536, Evaluations = 1472
Generation 46: Best Solution = [ 1.23217169 -1.57481457 -4.88622027 -1.17419032 -1.65639195 -1.01487397
  2.07839659  1.81214398 -0.19008799  5.51578436], Best Fitness = 9.821521629344536, Evaluations = 1504
Generation 47: Best Solution = [ 1.23217169 -1.57481457 -4.88622027 -1.17419032 -1.65639195 -1.01487397
  2.07839659  1.81214398 -0.19008799  5.51578436], Best Fitness = 9.821521629344536, Evaluations = 1536
Generation 48: Best Solution = [-3.24019962  2.38916257  2.17312157 -0.87174286  0.24162575 -0.39412066
  2.2833661  -0.60449261  4.22849961 -1.88505566], Best Fitness = 8.906663217923892, Evaluations = 1568
Generation 49: Best Solution = [-3.24019962  2.38916257  2.17312157 -0.87174286  0.24162575 -0.39412066
  2.2833661  -0.60449261  4.22849961 -1.88505566], Best Fitness = 8.906663217923892, Evaluations = 1600
Generation 50: Best Solution = [-3.24019962  2.38916257  2.17312157 -0.87174286  0.24162575 -0.39412066
  2.2833661  -0.60449261  4.22849961 -1.88505566], Best Fitness = 8.906663217923892, Evaluations = 1632
Generation 51: Best Solution = [-1.8746403  -4.57759625 -3.90425579 -0.2864948   0.76623665 -0.04311217
 -3.15070141  0.11101037 -1.91545928  0.21238792], Best Fitness = 8.672852315253172, Evaluations = 1664
Generation 52: Best Solution = [-1.8746403  -4.57759625 -3.90425579 -0.2864948   0.76623665 -0.04311217
 -3.15070141  0.11101037 -1.91545928  0.21238792], Best Fitness = 8.672852315253172, Evaluations = 1696
Generation 53: Best Solution = [-1.8746403  -4.57759625 -3.90425579 -0.2864948   0.76623665 -0.04311217
 -3.15070141  0.11101037 -1.91545928  0.21238792], Best Fitness = 8.672852315253172, Evaluations = 1728
Generation 54: Best Solution = [ 1.72698154 -2.52265813 -2.30723937 -2.6594919  -0.64338551  0.61900197
 -1.85003435 -3.03558915 -0.12901875  1.93818649], Best Fitness = 8.260759068001754, Evaluations = 1760
Generation 55: Best Solution = [ 1.72698154 -2.52265813 -2.30723937 -2.6594919  -0.64338551  0.61900197
 -1.85003435 -3.03558915 -0.12901875  1.93818649], Best Fitness = 8.260759068001754, Evaluations = 1792
Generation 56: Best Solution = [ 1.72698154 -2.52265813 -2.30723937 -2.6594919  -0.64338551  0.61900197
 -1.85003435 -3.03558915 -0.12901875  1.93818649], Best Fitness = 8.260759068001754, Evaluations = 1824
Generation 57: Best Solution = [ 1.72698154 -2.52265813 -2.30723937 -2.6594919  -0.64338551  0.61900197
 -1.85003435 -3.03558915 -0.12901875  1.93818649], Best Fitness = 8.260759068001754, Evaluations = 1856
Generation 58: Best Solution = [-4.0139439  -1.09503652 -0.95387048 -2.06985438 -0.96963062 -2.76908471
  2.76909435 -2.30578752 -1.14763315 -1.24720477], Best Fitness = 8.073979731272845, Evaluations = 1888
Generation 59: Best Solution = [-4.0139439  -1.09503652 -0.95387048 -2.06985438 -0.96963062 -2.76908471
  2.76909435 -2.30578752 -1.14763315 -1.24720477], Best Fitness = 7.563786994434073, Evaluations = 1920
Generation 60: Best Solution = [ 0.42059029 -1.09503652 -1.40142698 -0.9582406  -0.11044028  0.53267972
  2.76909435 -2.30578752 -0.58119062 -1.17719319], Best Fitness = 6.639547862261658, Evaluations = 1952
Generation 61: Best Solution = [ 0.42059029 -1.09503652 -1.40142698 -0.9582406  -0.11044028  0.53267972
  2.76909435 -2.30578752 -0.58119062 -1.17719319], Best Fitness = 6.639547862261658, Evaluations = 1984
Generation 62: Best Solution = [ 0.42059029 -1.09503652 -1.40142698 -0.9582406  -0.11044028  0.53267972
  2.76909435 -2.30578752 -0.58119062 -1.17719319], Best Fitness = 6.639547862261658, Evaluations = 2016
Generation 63: Best Solution = [ 2.17514918 -0.6344769  -0.19792699  1.01139311  0.72705409 -1.95619741
 -1.26594149 -1.35342614 -0.43414741  0.42482034], Best Fitness = 6.036516081537492, Evaluations = 2048
Generation 64: Best Solution = [ 2.17514918 -0.6344769  -0.19792699  1.01139311  0.72705409 -1.95619741
 -1.26594149 -1.35342614 -0.43414741  0.42482034], Best Fitness = 6.036516081537492, Evaluations = 2080
Generation 65: Best Solution = [ 2.34730213 -0.14958132  1.55454058  0.0814705  -1.66633575  0.04001612
 -0.65659876 -0.94200264  0.71687215 -0.34047564], Best Fitness = 5.7467797610548885, Evaluations = 2112
Generation 66: Best Solution = [ 2.34730213 -0.14958132  1.55454058  0.0814705  -1.66633575  0.04001612
 -0.65659876 -0.94200264  0.71687215 -0.34047564], Best Fitness = 5.7467797610548885, Evaluations = 2144
Generation 67: Best Solution = [ 0.43688596  0.90421014 -0.28484356  0.21380703 -0.84346692  1.23600588
 -0.94833735  1.88519026 -2.1113223   0.66601375], Best Fitness = 5.472651617058151, Evaluations = 2176
Generation 68: Best Solution = [ 0.43688596  0.90421014 -0.28484356  0.21380703 -0.84346692  1.23600588
 -0.94833735  1.88519026 -2.1113223   0.66601375], Best Fitness = 5.472651617058151, Evaluations = 2208
Generation 69: Best Solution = [ 0.43688596  0.90421014 -0.28484356  0.21380703 -0.84346692  1.23600588
 -0.94833735  1.88519026 -2.1113223   0.66601375], Best Fitness = 5.472651617058151, Evaluations = 2240
Generation 70: Best Solution = [ 0.43688596  0.90421014 -0.28484356  0.21380703 -0.84346692  1.23600588
 -0.94833735  1.88519026 -2.1113223   0.66601375], Best Fitness = 5.472651617058151, Evaluations = 2272
Generation 71: Best Solution = [-0.56439873  0.15250187 -1.32943247  0.54530842 -1.75387724 -0.47264002
  0.48241196 -0.60663137 -1.12061634 -0.51943675], Best Fitness = 5.3431472985177635, Evaluations = 2304
Generation 72: Best Solution = [-0.56439873  0.15250187 -1.32943247  0.54530842 -1.75387724 -0.47264002
  0.48241196 -0.60663137 -1.12061634 -0.51943675], Best Fitness = 5.3431472985177635, Evaluations = 2336
Generation 73: Best Solution = [-0.56439873  0.15250187 -1.32943247  0.54530842 -1.75387724 -0.47264002
  0.48241196 -0.60663137 -1.12061634 -0.51943675], Best Fitness = 5.3431472985177635, Evaluations = 2368
Generation 74: Best Solution = [-0.56439873  0.15250187 -1.32943247  0.54530842 -1.75387724 -0.47264002
  0.48241196 -0.60663137 -1.12061634 -0.51943675], Best Fitness = 5.3431472985177635, Evaluations = 2400
Generation 75: Best Solution = [-0.56439873  0.15250187 -1.32943247  0.54530842 -1.75387724 -0.47264002
  0.48241196 -0.60663137 -1.12061634 -0.51943675], Best Fitness = 5.3431472985177635, Evaluations = 2432
Generation 76: Best Solution = [ 1.20439181  0.84031068 -0.19792699 -0.73962701 -0.39060987 -1.95619741
 -0.35402178 -0.1039633  -0.43414741  0.42482034], Best Fitness = 4.88024100076888, Evaluations = 2464
Generation 77: Best Solution = [ 0.40432524 -1.4213057  -0.8534965   0.12750415  0.70715309 -0.95620137
  0.47146674  0.13824595 -0.88567761 -0.28232928], Best Fitness = 4.411285130153203, Evaluations = 2496
Generation 78: Best Solution = [ 0.40432524 -1.4213057  -0.8534965   0.12750415  0.70715309 -0.95620137
  0.47146674  0.13824595 -0.88567761 -0.28232928], Best Fitness = 4.411285130153203, Evaluations = 2528
Generation 79: Best Solution = [ 0.40432524 -1.4213057  -0.8534965   0.12750415  0.70715309 -0.95620137
  0.47146674  0.13824595 -0.88567761 -0.28232928], Best Fitness = 4.411285130153203, Evaluations = 2560
Generation 80: Best Solution = [ 0.40432524 -1.4213057  -0.8534965   0.12750415  0.70715309 -0.95620137
  0.47146674  0.13824595 -0.88567761 -0.28232928], Best Fitness = 4.411285130153203, Evaluations = 2592
Generation 81: Best Solution = [ 0.40432524 -1.4213057  -0.8534965   0.12750415  0.70715309 -0.95620137
  0.47146674  0.13824595 -0.88567761 -0.28232928], Best Fitness = 4.411285130153203, Evaluations = 2624
Generation 82: Best Solution = [ 0.87388     0.39440619 -0.9768275  -0.96492562 -1.08143974 -0.07145727
 -0.77927747 -0.80219987 -1.19448767 -1.01373339], Best Fitness = 4.2020774533014595, Evaluations = 2656
Generation 83: Best Solution = [ 0.87388     0.39440619 -0.9768275  -0.96492562 -1.08143974 -0.07145727
 -0.77927747 -0.80219987 -1.19448767 -1.01373339], Best Fitness = 4.191363633113234, Evaluations = 2688
Generation 84: Best Solution = [ 0.87388     0.39440619 -0.9768275  -0.96492562 -1.08143974 -0.07145727
 -0.77927747 -0.80219987 -1.19448767 -1.01373339], Best Fitness = 4.191363633113234, Evaluations = 2720
Generation 85: Best Solution = [ 0.10757293 -1.21592461  0.01214142 -0.08417918  0.45253758 -1.14961958
 -0.98795057 -1.16684302 -0.1153316   0.06355668], Best Fitness = 3.6868398223252794, Evaluations = 2752
Generation 86: Best Solution = [-0.1396911   1.01811444  0.04059379  1.14765897  0.01823048 -0.84769749
 -0.53573769  0.02273686  0.69019602  0.38208005], Best Fitness = 3.650922416221459, Evaluations = 2784
Generation 87: Best Solution = [-0.1396911   1.01811444  0.04059379  1.14765897  0.01823048 -0.84769749
 -0.53573769  0.02273686  0.69019602  0.38208005], Best Fitness = 3.650922416221459, Evaluations = 2816
Generation 88: Best Solution = [-0.1396911   1.01811444  0.04059379  1.14765897  0.01823048 -0.84769749
 -0.53573769  0.02273686  0.69019602  0.38208005], Best Fitness = 3.650922416221459, Evaluations = 2848
Generation 89: Best Solution = [-0.1396911   1.01811444  0.04059379  1.14765897  0.01823048 -0.84769749
 -0.53573769  0.02273686  0.69019602  0.38208005], Best Fitness = 3.650922416221459, Evaluations = 2880
Generation 90: Best Solution = [ 0.37522538  0.41939883 -0.09427545 -0.11290954 -0.20408824  0.01134665
  0.81923403 -0.57527903  0.04816273  0.06951596], Best Fitness = 2.8477261333682695, Evaluations = 2912
Generation 91: Best Solution = [ 0.37522538  0.41939883 -0.09427545 -0.11290954 -0.20408824  0.01134665
  0.81923403 -0.57527903  0.04816273  0.06951596], Best Fitness = 2.8477261333682695, Evaluations = 2944
Generation 92: Best Solution = [ 0.37522538  0.41939883 -0.09427545 -0.11290954 -0.20408824  0.01134665
  0.81923403 -0.57527903  0.04816273  0.06951596], Best Fitness = 2.8477261333682695, Evaluations = 2976
Generation 93: Best Solution = [ 0.37522538  0.41939883 -0.09427545 -0.11290954 -0.20408824  0.01134665
  0.81923403 -0.57527903  0.04816273  0.06951596], Best Fitness = 2.8477261333682695, Evaluations = 3008
Generation 94: Best Solution = [ 0.37522538  0.41939883 -0.09427545 -0.11290954 -0.20408824  0.01134665
  0.81923403 -0.57527903  0.04816273  0.06951596], Best Fitness = 2.8477261333682695, Evaluations = 3040
Generation 95: Best Solution = [ 0.37522538  0.41939883 -0.09427545 -0.11290954 -0.20408824  0.01134665
  0.81923403 -0.57527903  0.04816273  0.06951596], Best Fitness = 2.8477261333682695, Evaluations = 3072
Generation 96: Best Solution = [ 0.37522538  0.41939883 -0.09427545 -0.11290954 -0.20408824  0.01134665
  0.81923403 -0.57527903  0.04816273  0.06951596], Best Fitness = 2.8477261333682695, Evaluations = 3104
Generation 97: Best Solution = [ 0.37522538  0.41939883 -0.09427545 -0.11290954 -0.20408824  0.01134665
  0.81923403 -0.57527903  0.04816273  0.06951596], Best Fitness = 2.8477261333682695, Evaluations = 3136
Generation 98: Best Solution = [ 0.37522538  0.41939883 -0.09427545 -0.11290954 -0.20408824  0.01134665
  0.81923403 -0.57527903  0.04816273  0.06951596], Best Fitness = 2.5928998648681625, Evaluations = 3168
Generation 99: Best Solution = [ 0.37522538  0.41939883 -0.09427545 -0.11290954 -0.20408824  0.01134665
  0.81923403 -0.57527903  0.04816273  0.06951596], Best Fitness = 2.5928998648681625, Evaluations = 3200
Generation 100: Best Solution = [ 0.37522538  0.41939883 -0.09427545 -0.11290954 -0.20408824  0.01134665
  0.81923403 -0.57527903  0.04816273  0.06951596], Best Fitness = 2.5928998648681625, Evaluations = 3232
Generation 101: Best Solution = [ 0.37522538  0.41939883 -0.09427545 -0.11290954 -0.20408824  0.01134665
  0.81923403 -0.57527903  0.04816273  0.06951596], Best Fitness = 2.5928998648681625, Evaluations = 3264
Generation 102: Best Solution = [ 1.13131221 -0.22324748  0.07910357 -0.01725134 -0.06199144 -0.95812349
 -0.20945053 -0.1513595   0.03546877 -0.13300105], Best Fitness = 2.5323608250282814, Evaluations = 3296
Generation 103: Best Solution = [ 1.13131221 -0.22324748  0.07910357 -0.01725134 -0.06199144 -0.95812349
 -0.20945053 -0.1513595   0.03546877 -0.13300105], Best Fitness = 2.5323608250282814, Evaluations = 3328
Generation 104: Best Solution = [ 1.13131221 -0.22324748  0.07910357 -0.01725134 -0.06199144 -0.95812349
 -0.20945053 -0.1513595   0.03546877 -0.13300105], Best Fitness = 2.5323608250282814, Evaluations = 3360
Generation 105: Best Solution = [ 1.13131221 -0.22324748  0.07910357 -0.01725134 -0.06199144 -0.95812349
 -0.20945053 -0.1513595   0.03546877 -0.13300105], Best Fitness = 2.5323608250282814, Evaluations = 3392
Generation 106: Best Solution = [ 1.13131221 -0.22324748  0.07910357 -0.01725134 -0.06199144 -0.95812349
 -0.20945053 -0.1513595   0.03546877 -0.13300105], Best Fitness = 2.5323608250282814, Evaluations = 3424
Generation 107: Best Solution = [ 0.16194561 -0.36607081  0.15710905  0.12161467  0.27130711 -0.0114876
 -0.1292657  -0.13414049 -0.10263917  0.38756364], Best Fitness = 2.1627076621354786, Evaluations = 3456
Generation 108: Best Solution = [ 0.16194561 -0.36607081  0.15710905  0.12161467  0.27130711 -0.0114876
 -0.1292657  -0.13414049 -0.10263917  0.38756364], Best Fitness = 2.1627076621354786, Evaluations = 3488
Generation 109: Best Solution = [ 0.16194561 -0.36607081  0.15710905  0.12161467  0.27130711 -0.0114876
 -0.1292657  -0.13414049 -0.10263917  0.38756364], Best Fitness = 2.1627076621354786, Evaluations = 3520
Generation 110: Best Solution = [ 0.16194561 -0.36607081  0.15710905  0.12161467  0.27130711 -0.0114876
 -0.1292657  -0.13414049 -0.10263917  0.38756364], Best Fitness = 2.1627076621354786, Evaluations = 3552
Generation 111: Best Solution = [ 0.15579596  0.07075905  0.169291   -0.10232401  0.02217942 -0.42178515
  0.1418993  -0.50287254  0.12338523  0.0266929 ], Best Fitness = 2.1035159413432827, Evaluations = 3584
Generation 112: Best Solution = [ 0.15579596  0.07075905  0.169291   -0.10232401  0.02217942 -0.42178515
  0.1418993  -0.50287254  0.12338523  0.0266929 ], Best Fitness = 2.1035159413432827, Evaluations = 3616
Generation 113: Best Solution = [ 0.15579596  0.07075905  0.169291   -0.10232401  0.02217942 -0.42178515
  0.1418993  -0.50287254  0.12338523  0.0266929 ], Best Fitness = 2.1035159413432827, Evaluations = 3648
Generation 114: Best Solution = [ 0.15579596  0.07075905  0.169291   -0.10232401  0.02217942 -0.42178515
  0.1418993  -0.50287254  0.12338523  0.0266929 ], Best Fitness = 2.1035159413432827, Evaluations = 3680
Generation 115: Best Solution = [ 0.15579596  0.07075905  0.169291   -0.10232401  0.02217942 -0.42178515
  0.1418993  -0.50287254  0.12338523  0.0266929 ], Best Fitness = 2.1035159413432827, Evaluations = 3712
Generation 116: Best Solution = [-0.10973153 -0.10260627  0.13568151  0.41447302 -0.04064976 -0.16257124
  0.24224408  0.09639876 -0.25420046  0.03803604], Best Fitness = 1.8818638129155443, Evaluations = 3744
Generation 117: Best Solution = [-0.10973153 -0.10260627  0.13568151  0.41447302 -0.04064976 -0.16257124
  0.24224408  0.09639876 -0.25420046  0.03803604], Best Fitness = 1.8818638129155443, Evaluations = 3776
Generation 118: Best Solution = [ 0.09942008 -0.09154376  0.02882667  0.00792239 -0.0244526  -0.10586202
 -0.24337934  0.61639752  0.06059903  0.17470581], Best Fitness = 1.7582922791691051, Evaluations = 3808
Generation 119: Best Solution = [-0.2476589  -0.01743815  0.23296784 -0.02708875 -0.10810241 -0.16615445
 -0.01128908 -0.18353756 -0.24898343 -0.15754583], Best Fitness = 1.6667881908340196, Evaluations = 3840
Generation 120: Best Solution = [-0.07102501  0.07615527  0.09576605 -0.04888868 -0.16663971 -0.12839504
  0.00551383 -0.17113194 -0.11448401 -0.29784286], Best Fitness = 1.3206407361111308, Evaluations = 3872
Generation 121: Best Solution = [-0.07102501  0.07615527  0.09576605 -0.04888868 -0.16663971 -0.12839504
  0.00551383 -0.17113194 -0.11448401 -0.29784286], Best Fitness = 1.3206407361111308, Evaluations = 3904
Generation 122: Best Solution = [-0.07102501  0.07615527  0.09576605 -0.04888868 -0.16663971 -0.12839504
  0.00551383 -0.17113194 -0.11448401 -0.29784286], Best Fitness = 1.3058526273642639, Evaluations = 3936
Generation 123: Best Solution = [-0.07102501  0.07615527  0.09576605 -0.04888868 -0.16663971 -0.12839504
  0.00551383 -0.17113194 -0.11448401 -0.29784286], Best Fitness = 1.3058526273642639, Evaluations = 3968
Generation 124: Best Solution = [-0.07102501  0.07615527  0.09576605 -0.04888868 -0.16663971 -0.12839504
  0.00551383 -0.17113194 -0.11448401 -0.29784286], Best Fitness = 1.3058526273642639, Evaluations = 4000
Generation 125: Best Solution = [ 0.01888664  0.16589182 -0.14321721 -0.19931518 -0.05850312 -0.14386689
  0.25520857  0.00441609  0.00330539 -0.08119105], Best Fitness = 1.2751205682873423, Evaluations = 4032
Generation 126: Best Solution = [ 0.01888664  0.16589182 -0.14321721 -0.19931518 -0.05850312 -0.14386689
  0.25520857  0.00441609  0.00330539 -0.08119105], Best Fitness = 1.2751205682873423, Evaluations = 4064
Generation 127: Best Solution = [ 0.01888664  0.16589182 -0.14321721 -0.19931518 -0.05850312 -0.14386689
  0.25520857  0.00441609  0.00330539 -0.08119105], Best Fitness = 1.2751205682873423, Evaluations = 4096
Generation 128: Best Solution = [-0.07838032 -0.10260627  0.03281749  0.03376833 -0.04064976 -0.10111877
 -0.12173002  0.2183297   0.12101173 -0.08859453], Best Fitness = 0.94017471298783, Evaluations = 4128
Generation 129: Best Solution = [-0.07838032 -0.10260627  0.03281749  0.03376833 -0.04064976 -0.10111877
 -0.12173002  0.2183297   0.12101173 -0.08859453], Best Fitness = 0.94017471298783, Evaluations = 4160
Generation 130: Best Solution = [-0.07838032 -0.10260627  0.03281749  0.03376833 -0.04064976 -0.10111877
 -0.12173002  0.2183297   0.12101173 -0.08859453], Best Fitness = 0.94017471298783, Evaluations = 4192
Generation 131: Best Solution = [-0.07838032 -0.10260627  0.03281749  0.03376833 -0.04064976 -0.10111877
 -0.12173002  0.2183297   0.12101173 -0.08859453], Best Fitness = 0.94017471298783, Evaluations = 4224
Generation 132: Best Solution = [-0.07838032 -0.10260627  0.03281749  0.03376833 -0.04064976 -0.10111877
 -0.12173002  0.2183297   0.12101173 -0.08859453], Best Fitness = 0.94017471298783, Evaluations = 4256
Generation 133: Best Solution = [-0.07838032 -0.10260627  0.03281749  0.03376833 -0.04064976 -0.10111877
 -0.12173002  0.2183297   0.12101173 -0.08859453], Best Fitness = 0.6676031254049133, Evaluations = 4288
Generation 134: Best Solution = [-0.07838032 -0.10260627  0.03281749  0.03376833 -0.04064976 -0.10111877
 -0.12173002  0.2183297   0.12101173 -0.08859453], Best Fitness = 0.6676031254049133, Evaluations = 4320
Generation 135: Best Solution = [ 0.1410753   0.06806162 -0.06224267 -0.03385233  0.11921608 -0.07681555
 -0.07596313 -0.07554854 -0.00975333 -0.05310024], Best Fitness = 0.6291108293517031, Evaluations = 4352
Generation 136: Best Solution = [ 0.1410753   0.06806162 -0.06224267 -0.03385233  0.11921608 -0.07681555
 -0.07596313 -0.07554854 -0.00975333 -0.05310024], Best Fitness = 0.6291108293517031, Evaluations = 4384
Generation 137: Best Solution = [ 0.1410753   0.06806162 -0.06224267 -0.03385233  0.11921608 -0.07681555
 -0.07596313 -0.07554854 -0.00975333 -0.05310024], Best Fitness = 0.6291108293517031, Evaluations = 4416
Generation 138: Best Solution = [ 0.1410753   0.06806162 -0.06224267 -0.03385233  0.11921608 -0.07681555
 -0.07596313 -0.07554854 -0.00975333 -0.05310024], Best Fitness = 0.5622117464259095, Evaluations = 4448
Generation 139: Best Solution = [ 0.1410753   0.06806162 -0.06224267 -0.03385233  0.11921608 -0.07681555
 -0.07596313 -0.07554854 -0.00975333 -0.05310024], Best Fitness = 0.5622117464259095, Evaluations = 4480
Generation 140: Best Solution = [ 0.1410753   0.06806162 -0.06224267 -0.03385233  0.11921608 -0.07681555
 -0.07596313 -0.07554854 -0.00975333 -0.05310024], Best Fitness = 0.5622117464259095, Evaluations = 4512
Generation 141: Best Solution = [ 0.1410753   0.06806162 -0.06224267 -0.03385233  0.11921608 -0.07681555
 -0.07596313 -0.07554854 -0.00975333 -0.05310024], Best Fitness = 0.5622117464259095, Evaluations = 4544
Generation 142: Best Solution = [ 0.1410753   0.06806162 -0.06224267 -0.03385233  0.11921608 -0.07681555
 -0.07596313 -0.07554854 -0.00975333 -0.05310024], Best Fitness = 0.5622117464259095, Evaluations = 4576
Generation 143: Best Solution = [ 0.1410753   0.06806162 -0.06224267 -0.03385233  0.11921608 -0.07681555
 -0.07596313 -0.07554854 -0.00975333 -0.05310024], Best Fitness = 0.5622117464259095, Evaluations = 4608
Generation 144: Best Solution = [ 0.06305258  0.04513414  0.00387668  0.14330336  0.07339148 -0.04169034
  0.11247253  0.0589134   0.0411429   0.05374305], Best Fitness = 0.559339599158545, Evaluations = 4640
Generation 145: Best Solution = [ 0.06305258  0.04513414  0.00387668  0.14330336  0.07339148 -0.04169034
  0.11247253  0.0589134   0.0411429   0.05374305], Best Fitness = 0.559339599158545, Evaluations = 4672
Generation 146: Best Solution = [ 0.06305258  0.04513414  0.00387668  0.14330336  0.07339148 -0.04169034
  0.11247253  0.0589134   0.0411429   0.05374305], Best Fitness = 0.559339599158545, Evaluations = 4704
Generation 147: Best Solution = [-0.18759651  0.00336567 -0.06126236 -0.05674304  0.00490154  0.05980246
  0.00549157 -0.02723277 -0.0295083  -0.01975304], Best Fitness = 0.499781197287295, Evaluations = 4736
Generation 148: Best Solution = [-0.18759651  0.00336567 -0.06126236 -0.05674304  0.00490154  0.05980246
  0.00549157 -0.02723277 -0.0295083  -0.01975304], Best Fitness = 0.499781197287295, Evaluations = 4768
Generation 149: Best Solution = [-0.18759651  0.00336567 -0.06126236 -0.05674304  0.00490154  0.05980246
  0.00549157 -0.02723277 -0.0295083  -0.01975304], Best Fitness = 0.499781197287295, Evaluations = 4800
Generation 150: Best Solution = [-0.18759651  0.00336567 -0.06126236 -0.05674304  0.00490154  0.05980246
  0.00549157 -0.02723277 -0.0295083  -0.01975304], Best Fitness = 0.499781197287295, Evaluations = 4832
Generation 151: Best Solution = [-0.18759651  0.00336567 -0.06126236 -0.05674304  0.00490154  0.05980246
  0.00549157 -0.02723277 -0.0295083  -0.01975304], Best Fitness = 0.499781197287295, Evaluations = 4864
Generation 152: Best Solution = [-0.0598677  -0.05427102 -0.05544686  0.00420198  0.01161049 -0.02482667
  0.10044498  0.04369024  0.0307808   0.09114909], Best Fitness = 0.3848032266238772, Evaluations = 4896
Generation 153: Best Solution = [-0.0598677  -0.05427102 -0.05544686  0.00420198  0.01161049 -0.02482667
  0.10044498  0.04369024  0.0307808   0.09114909], Best Fitness = 0.3848032266238772, Evaluations = 4928
Generation 154: Best Solution = [-0.0598677  -0.05427102 -0.05544686  0.00420198  0.01161049 -0.02482667
  0.10044498  0.04369024  0.0307808   0.09114909], Best Fitness = 0.3848032266238772, Evaluations = 4960
Generation 155: Best Solution = [-0.0598677  -0.05427102 -0.05544686  0.00420198  0.01161049 -0.02482667
  0.10044498  0.04369024  0.0307808   0.09114909], Best Fitness = 0.3848032266238772, Evaluations = 4992
Generation 156: Best Solution = [-0.07464922 -0.0111477  -0.01562803 -0.0738757   0.09618349  0.00481375
 -0.01051565  0.04859043 -0.06101961 -0.06434509], Best Fitness = 0.37988154442679134, Evaluations = 5024
Generation 157: Best Solution = [ 0.06412511  0.01875315 -0.10280586 -0.05784593  0.03329044 -0.00980264
  0.01253696  0.06588451 -0.03711666  0.02110699], Best Fitness = 0.33536236296923194, Evaluations = 5056
Generation 158: Best Solution = [-0.03046139  0.02103101  0.08624745 -0.02974668 -0.00577646  0.02407068
 -0.00630171  0.01051269  0.07509799  0.07597033], Best Fitness = 0.2989630814095148, Evaluations = 5088
Generation 159: Best Solution = [-0.0195759  -0.05672497  0.03419009  0.0391924  -0.01800368  0.0188847
  0.01276678 -0.00888706  0.01142941  0.07370177], Best Fitness = 0.2095703517235603, Evaluations = 5120
Generation 160: Best Solution = [-0.0195759  -0.05672497  0.03419009  0.0391924  -0.01800368  0.0188847
  0.01276678 -0.00888706  0.01142941  0.07370177], Best Fitness = 0.2095703517235603, Evaluations = 5152
Generation 161: Best Solution = [-0.06606308  0.04513414  0.02120069  0.00665328  0.01352257  0.0192251
  0.03302267  0.00602252  0.0411429   0.03956404], Best Fitness = 0.1993579248766939, Evaluations = 5184
Generation 162: Best Solution = [-0.04650439 -0.00159901  0.01617802 -0.03555373  0.01130024  0.01172774
  0.02391514  0.04216496  0.03708251  0.03590891], Best Fitness = 0.16692346415083792, Evaluations = 5216
Generation 163: Best Solution = [-0.04650439 -0.00159901  0.01617802 -0.03555373  0.01130024  0.01172774
  0.02391514  0.04216496  0.03708251  0.03590891], Best Fitness = 0.16692346415083792, Evaluations = 5248
Generation 164: Best Solution = [-0.04650439 -0.00159901  0.01617802 -0.03555373  0.01130024  0.01172774
  0.02391514  0.04216496  0.03708251  0.03590891], Best Fitness = 0.15415516523310346, Evaluations = 5280
Generation 165: Best Solution = [-0.04650439 -0.00159901  0.01617802 -0.03555373  0.01130024  0.01172774
  0.02391514  0.04216496  0.03708251  0.03590891], Best Fitness = 0.15415516523310346, Evaluations = 5312
Generation 166: Best Solution = [-0.04650439 -0.00159901  0.01617802 -0.03555373  0.01130024  0.01172774
  0.02391514  0.04216496  0.03708251  0.03590891], Best Fitness = 0.15415516523310346, Evaluations = 5344
Generation 167: Best Solution = [-0.04650439 -0.00159901  0.01617802 -0.03555373  0.01130024  0.01172774
  0.02391514  0.04216496  0.03708251  0.03590891], Best Fitness = 0.15415516523310346, Evaluations = 5376
Generation 168: Best Solution = [-0.04650439 -0.00159901  0.01617802 -0.03555373  0.01130024  0.01172774
  0.02391514  0.04216496  0.03708251  0.03590891], Best Fitness = 0.15415516523310346, Evaluations = 5408
Generation 169: Best Solution = [-0.04650439 -0.00159901  0.01617802 -0.03555373  0.01130024  0.01172774
  0.02391514  0.04216496  0.03708251  0.03590891], Best Fitness = 0.15415516523310346, Evaluations = 5440
Generation 170: Best Solution = [-0.04650439 -0.00159901  0.01617802 -0.03555373  0.01130024  0.01172774
  0.02391514  0.04216496  0.03708251  0.03590891], Best Fitness = 0.15415516523310346, Evaluations = 5472
Generation 171: Best Solution = [-0.02632112 -0.00511293  0.0285754   0.04091815 -0.01557224 -0.03204646
  0.0293752  -0.01917937  0.04234983 -0.01071505], Best Fitness = 0.15051356461288679, Evaluations = 5504
Generation 172: Best Solution = [ 0.01786299 -0.01557064  0.01639211 -0.01866222  0.01202832  0.00491059
  0.04714482 -0.01335168  0.00987425 -0.0356705 ], Best Fitness = 0.11749053348784999, Evaluations = 5536
Generation 173: Best Solution = [ 0.01786299 -0.01557064  0.01639211 -0.01866222  0.01202832  0.00491059
  0.04714482 -0.01335168  0.00987425 -0.0356705 ], Best Fitness = 0.11749053348784999, Evaluations = 5568
Generation 174: Best Solution = [ 0.00898728  0.01875315 -0.00873646  0.02280212  0.0198593  -0.03780685
  0.02599785 -0.01071297  0.00328724 -0.00734732], Best Fitness = 0.09664453680525087, Evaluations = 5600
Generation 175: Best Solution = [ 0.00898728  0.01875315 -0.00873646  0.02280212  0.0198593  -0.03780685
  0.02599785 -0.01071297  0.00328724 -0.00734732], Best Fitness = 0.09664453680525087, Evaluations = 5632
Generation 176: Best Solution = [ 0.00898728  0.01875315 -0.00873646  0.02280212  0.0198593  -0.03780685
  0.02599785 -0.01071297  0.00328724 -0.00734732], Best Fitness = 0.09664453680525087, Evaluations = 5664
Generation 177: Best Solution = [ 0.00898728  0.01875315 -0.00873646  0.02280212  0.0198593  -0.03780685
  0.02599785 -0.01071297  0.00328724 -0.00734732], Best Fitness = 0.09664453680525087, Evaluations = 5696
Generation 178: Best Solution = [ 0.00898728  0.01875315 -0.00873646  0.02280212  0.0198593  -0.03780685
  0.02599785 -0.01071297  0.00328724 -0.00734732], Best Fitness = 0.09664453680525087, Evaluations = 5728
Generation 179: Best Solution = [ 0.00898728  0.01875315 -0.00873646  0.02280212  0.0198593  -0.03780685
  0.02599785 -0.01071297  0.00328724 -0.00734732], Best Fitness = 0.09664453680525087, Evaluations = 5760
Generation 180: Best Solution = [ 0.00898728  0.01875315 -0.00873646  0.02280212  0.0198593  -0.03780685
  0.02599785 -0.01071297  0.00328724 -0.00734732], Best Fitness = 0.09664453680525087, Evaluations = 5792
Generation 181: Best Solution = [ 0.03099962  0.0026471   0.01756243 -0.00030363  0.02584604 -0.03204646
 -0.00410874  0.01532963  0.00076856 -0.00790568], Best Fitness = 0.08991519764459044, Evaluations = 5824
Generation 182: Best Solution = [ 0.03099962  0.0026471   0.01756243 -0.00030363  0.02584604 -0.03204646
 -0.00410874  0.01532963  0.00076856 -0.00790568], Best Fitness = 0.08991519764459044, Evaluations = 5856
Generation 183: Best Solution = [ 0.03099962  0.0026471   0.01756243 -0.00030363  0.02584604 -0.03204646
 -0.00410874  0.01532963  0.00076856 -0.00790568], Best Fitness = 0.08991519764459044, Evaluations = 5888
Generation 184: Best Solution = [ 0.00288365  0.0062009  -0.00733192  0.00264789  0.04800349 -0.01728089
  0.00201362  0.01673452  0.00698564  0.01021112], Best Fitness = 0.0875817248584565, Evaluations = 5920
Generation 185: Best Solution = [ 0.02446153 -0.01867587 -0.00086461 -0.00567222  0.01753618 -0.0216137
 -0.0151647  -0.02623404  0.01806915  0.01109482], Best Fitness = 0.08723560561080435, Evaluations = 5952
Generation 186: Best Solution = [ 0.00898728 -0.01872017 -0.00873646  0.02280212  0.0198593   0.02027688
  0.02599785 -0.01071297  0.00328724 -0.00734732], Best Fitness = 0.07984488093885078, Evaluations = 5984
Generation 187: Best Solution = [-0.01119015  0.01489854 -0.01694254 -0.02523117 -0.00671615 -0.00453323
  0.02417319 -0.00081217 -0.01341962 -0.0181288 ], Best Fitness = 0.07525036361986936, Evaluations = 6016
Generation 188: Best Solution = [-0.01119015  0.01489854 -0.01694254 -0.02523117 -0.00671615 -0.00453323
  0.02417319 -0.00081217 -0.01341962 -0.0181288 ], Best Fitness = 0.07525036361986936, Evaluations = 6048
Generation 189: Best Solution = [ 0.03099962  0.0026471   0.00095447  0.00123042 -0.001717   -0.03204646
 -0.00410874  0.00495314 -0.00603573 -0.00790568], Best Fitness = 0.06986577824789864, Evaluations = 6080
Generation 190: Best Solution = [ 1.67981630e-03 -2.15488857e-02 -8.70193487e-03  2.21395049e-02
  3.73758797e-03 -2.94171683e-03 -1.23059997e-05  1.04330948e-02
  1.43858503e-03  1.26235495e-02], Best Fitness = 0.05310358385166625, Evaluations = 6112
Generation 191: Best Solution = [ 1.67981630e-03 -2.15488857e-02 -8.70193487e-03  2.21395049e-02
  3.73758797e-03 -2.94171683e-03 -1.23059997e-05  1.04330948e-02
  1.43858503e-03  1.26235495e-02], Best Fitness = 0.05310358385166625, Evaluations = 6144
Generation 192: Best Solution = [ 1.67981630e-03 -2.15488857e-02 -8.70193487e-03  2.21395049e-02
  3.73758797e-03 -2.94171683e-03 -1.23059997e-05  1.04330948e-02
  1.43858503e-03  1.26235495e-02], Best Fitness = 0.05310358385166625, Evaluations = 6176
Generation 193: Best Solution = [ 1.67981630e-03 -2.15488857e-02 -8.70193487e-03  2.21395049e-02
  3.73758797e-03 -2.94171683e-03 -1.23059997e-05  1.04330948e-02
  1.43858503e-03  1.26235495e-02], Best Fitness = 0.05310358385166625, Evaluations = 6208
Generation 194: Best Solution = [ 1.67981630e-03 -2.15488857e-02 -8.70193487e-03  2.21395049e-02
  3.73758797e-03 -2.94171683e-03 -1.23059997e-05  1.04330948e-02
  1.43858503e-03  1.26235495e-02], Best Fitness = 0.05310358385166625, Evaluations = 6240
Generation 195: Best Solution = [ 0.0043821  -0.00669502 -0.01831455  0.00909724 -0.00366501  0.00771591
 -0.00046367 -0.01483049 -0.01098142  0.02027584], Best Fitness = 0.05267582789896652, Evaluations = 6272
Generation 196: Best Solution = [-0.0082469   0.01333401 -0.00835318  0.00363072  0.00347262  0.02044723
 -0.00069085 -0.00020177  0.00690218 -0.0202039 ], Best Fitness = 0.05055325517777165, Evaluations = 6304
Generation 197: Best Solution = [-0.01077417  0.0026471  -0.00130401 -0.00141841  0.01272301 -0.01005996
  0.00330323  0.0053143  -0.00603573 -0.00790568], Best Fitness = 0.031873723121475184, Evaluations = 6336
Generation 198: Best Solution = [-0.01077417  0.0026471  -0.00130401 -0.00141841  0.01272301 -0.01005996
  0.00330323  0.0053143  -0.00603573 -0.00790568], Best Fitness = 0.031873723121475184, Evaluations = 6368
Generation 199: Best Solution = [-0.01077417  0.0026471  -0.00130401 -0.00141841  0.01272301 -0.01005996
  0.00330323  0.0053143  -0.00603573 -0.00790568], Best Fitness = 0.031873723121475184, Evaluations = 6400
Generation 200: Best Solution = [-0.01077417  0.0026471  -0.00130401 -0.00141841  0.01272301 -0.01005996
  0.00330323  0.0053143  -0.00603573 -0.00790568], Best Fitness = 0.031873723121475184, Evaluations = 6432
Generation 201: Best Solution = [-0.01077417  0.0026471  -0.00130401 -0.00141841  0.01272301 -0.01005996
  0.00330323  0.0053143  -0.00603573 -0.00790568], Best Fitness = 0.031873723121475184, Evaluations = 6464
Generation 202: Best Solution = [-0.00112593  0.00115015  0.00990295  0.00207802 -0.00285085  0.00270785
 -0.00873827 -0.01202201 -0.0090577  -0.00133565], Best Fitness = 0.028343868883184076, Evaluations = 6496
Generation 203: Best Solution = [-0.00112593  0.00115015  0.00990295  0.00207802 -0.00285085  0.00270785
 -0.00873827 -0.01202201 -0.0090577  -0.00133565], Best Fitness = 0.028343868883184076, Evaluations = 6528
Generation 204: Best Solution = [-0.00112593  0.00115015  0.00990295  0.00207802 -0.00285085  0.00270785
 -0.00873827 -0.01202201 -0.0090577  -0.00133565], Best Fitness = 0.028343868883184076, Evaluations = 6560
Generation 205: Best Solution = [ 0.00666272  0.00121135 -0.00105561  0.00613827 -0.00640866 -0.00962623
 -0.00289503 -0.00256638 -0.00581896  0.00631992], Best Fitness = 0.023803701764653074, Evaluations = 6592
Generation 206: Best Solution = [ 0.00666272  0.00121135 -0.00105561  0.00613827 -0.00640866 -0.00962623
 -0.00289503 -0.00256638 -0.00581896  0.00631992], Best Fitness = 0.023803701764653074, Evaluations = 6624
Generation 207: Best Solution = [ 0.00218992  0.00115015 -0.0069071   0.00207802 -0.00285085  0.00270785
 -0.00873827 -0.00363631  0.00963725 -0.00133565], Best Fitness = 0.021683933326095417, Evaluations = 6656
Generation 208: Best Solution = [ 0.00218992  0.00115015 -0.0069071   0.00207802 -0.00285085  0.00270785
 -0.00873827 -0.00363631  0.00963725 -0.00133565], Best Fitness = 0.021683933326095417, Evaluations = 6688
Generation 209: Best Solution = [ 0.00218992  0.00115015 -0.0069071   0.00207802 -0.00285085  0.00270785
 -0.00873827 -0.00363631  0.00963725 -0.00133565], Best Fitness = 0.021683933326095417, Evaluations = 6720
Generation 210: Best Solution = [ 0.00218992  0.00115015 -0.0069071   0.00207802 -0.00285085  0.00270785
 -0.00873827 -0.00363631  0.00963725 -0.00133565], Best Fitness = 0.021683933326095417, Evaluations = 6752
Generation 211: Best Solution = [ 0.00010959 -0.00334449 -0.00470533 -0.0050055  -0.00123492 -0.00120991
 -0.00816922  0.0059304  -0.00350556 -0.00181479], Best Fitness = 0.01786951698357031, Evaluations = 6784
Generation 212: Best Solution = [ 0.00010959 -0.00334449 -0.00470533 -0.0050055  -0.00123492 -0.00120991
 -0.00816922  0.0059304  -0.00350556 -0.00181479], Best Fitness = 0.01786951698357031, Evaluations = 6816
Generation 213: Best Solution = [ 0.00010959 -0.00334449 -0.00470533 -0.0050055  -0.00123492 -0.00120991
 -0.00816922  0.0059304  -0.00350556 -0.00181479], Best Fitness = 0.01786951698357031, Evaluations = 6848
Generation 214: Best Solution = [ 0.00010959 -0.00334449 -0.00470533 -0.0050055  -0.00123492 -0.00120991
 -0.00816922  0.0059304  -0.00350556 -0.00181479], Best Fitness = 0.01786951698357031, Evaluations = 6880
Generation 215: Best Solution = [ 0.00010959 -0.00334449 -0.00470533 -0.0050055  -0.00123492 -0.00120991
 -0.00816922  0.0059304  -0.00350556 -0.00181479], Best Fitness = 0.01786951698357031, Evaluations = 6912
Generation 216: Best Solution = [ 0.00010959 -0.00334449 -0.00470533 -0.0050055  -0.00123492 -0.00120991
 -0.00816922  0.0059304  -0.00350556 -0.00181479], Best Fitness = 0.01786951698357031, Evaluations = 6944
Generation 217: Best Solution = [ 0.00010959 -0.00334449 -0.00470533 -0.0050055  -0.00123492 -0.00120991
 -0.00816922  0.0059304  -0.00350556 -0.00181479], Best Fitness = 0.01786951698357031, Evaluations = 6976
Generation 218: Best Solution = [ 0.00010959 -0.00334449 -0.00470533 -0.0050055  -0.00123492 -0.00120991
 -0.00816922  0.0059304  -0.00350556 -0.00181479], Best Fitness = 0.01786951698357031, Evaluations = 7008
Generation 219: Best Solution = [ 0.00010959 -0.00334449 -0.00470533 -0.0050055  -0.00123492 -0.00120991
 -0.00816922  0.0059304  -0.00350556 -0.00181479], Best Fitness = 0.01719856251603291, Evaluations = 7040
Generation 220: Best Solution = [ 0.00010959 -0.00334449 -0.00470533 -0.0050055  -0.00123492 -0.00120991
 -0.00816922  0.0059304  -0.00350556 -0.00181479], Best Fitness = 0.01719856251603291, Evaluations = 7072
Generation 221: Best Solution = [ 0.0003497   0.00413804 -0.00872591 -0.00217199  0.00141136 -0.00395677
 -0.00251899  0.00435941 -0.00167401 -0.001399  ], Best Fitness = 0.016053328033688974, Evaluations = 7104
Generation 222: Best Solution = [ 0.0003497   0.00413804 -0.00872591 -0.00217199  0.00141136 -0.00395677
 -0.00251899  0.00435941 -0.00167401 -0.001399  ], Best Fitness = 0.016053328033688974, Evaluations = 7136
Generation 223: Best Solution = [ 0.0003497   0.00413804 -0.00872591 -0.00217199  0.00141136 -0.00395677
 -0.00251899  0.00435941 -0.00167401 -0.001399  ], Best Fitness = 0.016053328033688974, Evaluations = 7168
Generation 224: Best Solution = [-0.00432287 -0.00022997  0.00293895  0.00150036  0.00418427 -0.0035184
  0.00010221 -0.00050449  0.00232642 -0.00490865], Best Fitness = 0.0124278835971805, Evaluations = 7200
Generation 225: Best Solution = [-0.00432287 -0.00022997  0.00293895  0.00150036  0.00418427 -0.0035184
  0.00010221 -0.00050449  0.00232642 -0.00490865], Best Fitness = 0.0124278835971805, Evaluations = 7232
Generation 226: Best Solution = [-0.00432287 -0.00022997  0.00293895  0.00150036  0.00418427 -0.0035184
  0.00010221 -0.00050449  0.00232642 -0.00490865], Best Fitness = 0.0124278835971805, Evaluations = 7264
Generation 227: Best Solution = [ 2.67493647e-03  2.71098706e-06 -1.87122817e-04 -9.80242767e-04
 -3.83034740e-03 -3.59813388e-03  2.58607155e-03 -4.77573486e-03
  2.11499201e-03  3.30739875e-04], Best Fitness = 0.010943396581222675, Evaluations = 7296
Generation 228: Best Solution = [ 2.67493647e-03  2.71098706e-06 -1.87122817e-04 -9.80242767e-04
 -3.83034740e-03 -3.59813388e-03  2.58607155e-03 -4.77573486e-03
  2.11499201e-03  3.30739875e-04], Best Fitness = 0.010943396581222675, Evaluations = 7328
Generation 229: Best Solution = [ 2.67493647e-03  2.71098706e-06 -1.87122817e-04 -9.80242767e-04
 -3.83034740e-03 -3.59813388e-03  2.58607155e-03 -4.77573486e-03
  2.11499201e-03  3.30739875e-04], Best Fitness = 0.010943396581222675, Evaluations = 7360
Generation 230: Best Solution = [-0.00237564  0.00045428  0.00232711 -0.00141841 -0.00082964 -0.00312901
  0.00073554  0.003829    0.00291311 -0.00188489], Best Fitness = 0.009304637726888831, Evaluations = 7392
Generation 231: Best Solution = [-0.00237564  0.00045428  0.00232711 -0.00141841 -0.00082964 -0.00312901
  0.00073554  0.003829    0.00291311 -0.00188489], Best Fitness = 0.009304637726888831, Evaluations = 7424
Generation 232: Best Solution = [-0.00237564  0.00045428  0.00232711 -0.00141841 -0.00082964 -0.00312901
  0.00073554  0.003829    0.00291311 -0.00188489], Best Fitness = 0.009304637726888831, Evaluations = 7456
Generation 233: Best Solution = [-0.00237564  0.00045428  0.00232711 -0.00141841 -0.00082964 -0.00312901
  0.00073554  0.003829    0.00291311 -0.00188489], Best Fitness = 0.009304637726888831, Evaluations = 7488
Generation 234: Best Solution = [-0.00237564  0.00045428  0.00232711 -0.00141841 -0.00082964 -0.00312901
  0.00073554  0.003829    0.00291311 -0.00188489], Best Fitness = 0.009304637726888831, Evaluations = 7520
Generation 235: Best Solution = [ 2.67493647e-03  2.71098706e-06 -1.87122817e-04  9.46093828e-04
 -1.31185721e-03 -3.59813388e-03  2.58607155e-03 -8.27821791e-04
  2.11499201e-03  3.30739875e-04], Best Fitness = 0.007636930001627906, Evaluations = 7552
Generation 236: Best Solution = [ 2.67493647e-03  2.71098706e-06 -1.87122817e-04  9.46093828e-04
 -1.31185721e-03 -3.59813388e-03  2.58607155e-03 -8.27821791e-04
  2.11499201e-03  3.30739875e-04], Best Fitness = 0.006645532582016944, Evaluations = 7584
Generation 237: Best Solution = [ 2.67493647e-03  2.71098706e-06 -1.87122817e-04  9.46093828e-04
 -1.31185721e-03 -3.59813388e-03  2.58607155e-03 -8.27821791e-04
  2.11499201e-03  3.30739875e-04], Best Fitness = 0.006645532582016944, Evaluations = 7616
Generation 238: Best Solution = [ 2.67493647e-03  2.71098706e-06 -1.87122817e-04  9.46093828e-04
 -1.31185721e-03 -3.59813388e-03  2.58607155e-03 -8.27821791e-04
  2.11499201e-03  3.30739875e-04], Best Fitness = 0.006645532582016944, Evaluations = 7648
Generation 239: Best Solution = [ 2.67493647e-03  2.71098706e-06 -1.87122817e-04  9.46093828e-04
 -1.31185721e-03 -3.59813388e-03  2.58607155e-03 -8.27821791e-04
  2.11499201e-03  3.30739875e-04], Best Fitness = 0.006645532582016944, Evaluations = 7680
Generation 240: Best Solution = [ 2.67493647e-03  2.71098706e-06 -1.87122817e-04  9.46093828e-04
 -1.31185721e-03 -3.59813388e-03  2.58607155e-03 -8.27821791e-04
  2.11499201e-03  3.30739875e-04], Best Fitness = 0.006645532582016944, Evaluations = 7712
Generation 241: Best Solution = [ 2.67493647e-03  2.71098706e-06 -1.87122817e-04  9.46093828e-04
 -1.31185721e-03 -3.59813388e-03  2.58607155e-03 -8.27821791e-04
  2.11499201e-03  3.30739875e-04], Best Fitness = 0.006645532582016944, Evaluations = 7744
Generation 242: Best Solution = [ 2.67493647e-03  2.71098706e-06 -1.87122817e-04  9.46093828e-04
 -1.31185721e-03 -3.59813388e-03  2.58607155e-03 -8.27821791e-04
  2.11499201e-03  3.30739875e-04], Best Fitness = 0.006645532582016944, Evaluations = 7776
Generation 243: Best Solution = [-0.00175055 -0.00053143  0.00154873 -0.0014123   0.00089876 -0.00060017
 -0.00115202 -0.00218539 -0.00138053 -0.00268795], Best Fitness = 0.006343645384188523, Evaluations = 7808
Generation 244: Best Solution = [-0.00175055 -0.00053143  0.00154873 -0.0014123   0.00089876 -0.00060017
 -0.00115202 -0.00218539 -0.00138053 -0.00268795], Best Fitness = 0.006343645384188523, Evaluations = 7840
Generation 245: Best Solution = [-0.00175055 -0.00053143  0.00154873 -0.0014123   0.00089876 -0.00060017
 -0.00115202 -0.00218539 -0.00138053 -0.00268795], Best Fitness = 0.006343645384188523, Evaluations = 7872
Generation 246: Best Solution = [-0.00175055 -0.00053143  0.00154873 -0.0014123   0.00089876 -0.00060017
 -0.00115202 -0.00218539 -0.00138053 -0.00268795], Best Fitness = 0.006343645384188523, Evaluations = 7904
Generation 247: Best Solution = [ 0.00180338  0.00068112  0.00017038  0.00094609  0.0004691   0.00010777
  0.00085904 -0.00063301  0.00211499  0.00228895], Best Fitness = 0.005099390965505268, Evaluations = 7936
Generation 248: Best Solution = [ 0.00180338  0.00068112  0.00017038  0.00094609  0.0004691   0.00010777
  0.00085904 -0.00063301  0.00211499  0.00228895], Best Fitness = 0.005099390965505268, Evaluations = 7968
Generation 249: Best Solution = [ 0.00180338  0.00068112  0.00017038  0.00094609  0.0004691   0.00010777
  0.00085904 -0.00063301  0.00211499  0.00228895], Best Fitness = 0.005099390965505268, Evaluations = 8000
Generation 250: Best Solution = [ 0.00180338  0.00068112  0.00017038  0.00094609  0.0004691   0.00010777
  0.00085904 -0.00063301  0.00211499  0.00228895], Best Fitness = 0.005099390965505268, Evaluations = 8032
Generation 251: Best Solution = [ 0.00180338  0.00068112  0.00017038  0.00094609  0.0004691   0.00010777
  0.00085904 -0.00063301  0.00211499  0.00228895], Best Fitness = 0.005099390965505268, Evaluations = 8064
Generation 252: Best Solution = [ 0.00180338  0.00068112  0.00017038  0.00094609  0.0004691   0.00010777
  0.00085904 -0.00063301  0.00211499  0.00228895], Best Fitness = 0.005099390965505268, Evaluations = 8096
Generation 253: Best Solution = [ 0.00052119 -0.00052968  0.0003185  -0.00182947  0.00068512  0.00127775
 -0.00173857 -0.00055071 -0.00121292  0.00203469], Best Fitness = 0.0049855477674296544, Evaluations = 8128
Generation 254: Best Solution = [ 0.00052119 -0.00052968  0.0003185  -0.00182947  0.00068512  0.00127775
 -0.00173857 -0.00055071 -0.00121292  0.00203469], Best Fitness = 0.0049855477674296544, Evaluations = 8160
Generation 255: Best Solution = [ 0.00052119 -0.00052968  0.0003185  -0.00182947  0.00068512  0.00127775
 -0.00173857 -0.00055071 -0.00121292  0.00203469], Best Fitness = 0.0049855477674296544, Evaluations = 8192
Generation 256: Best Solution = [ 0.00052119 -0.00052968  0.0003185  -0.00182947  0.00068512  0.00127775
 -0.00173857 -0.00055071 -0.00121292  0.00203469], Best Fitness = 0.0049855477674296544, Evaluations = 8224
Generation 257: Best Solution = [-1.69823456e-05 -5.59698148e-04 -1.28268936e-03  2.17167752e-03
 -3.39757984e-04  1.28702739e-03 -1.45834803e-03  7.77838493e-04
 -1.32535334e-04  2.29804392e-04], Best Fitness = 0.00430237647281162, Evaluations = 8256
Generation 258: Best Solution = [ 0.00150014  0.00041997  0.00118399  0.00039925 -0.00058516  0.00078389
  0.00023657 -0.00171964 -0.00147351  0.00065539], Best Fitness = 0.004166475923991886, Evaluations = 8288
Generation 259: Best Solution = [ 0.00150014  0.00041997  0.00118399  0.00039925 -0.00058516  0.00078389
  0.00023657 -0.00171964 -0.00147351  0.00065539], Best Fitness = 0.004166475923991886, Evaluations = 8320
Generation 260: Best Solution = [-2.99367586e-05 -1.08137045e-03 -8.49903891e-04 -5.86649763e-04
 -1.99218941e-04  6.75532197e-04  1.21554164e-03 -1.60127014e-03
 -4.54321414e-04 -1.70239652e-03], Best Fitness = 0.004028328370278889, Evaluations = 8352
Generation 261: Best Solution = [-2.99367586e-05 -1.08137045e-03 -8.49903891e-04 -5.86649763e-04
 -1.99218941e-04  6.75532197e-04  1.21554164e-03 -1.60127014e-03
 -4.54321414e-04 -1.70239652e-03], Best Fitness = 0.004028328370278889, Evaluations = 8384
Generation 262: Best Solution = [-2.99367586e-05 -1.08137045e-03 -8.49903891e-04 -5.86649763e-04
 -1.99218941e-04  6.75532197e-04  1.21554164e-03 -1.60127014e-03
 -4.54321414e-04 -1.70239652e-03], Best Fitness = 0.00290910316902826, Evaluations = 8416
Generation 263: Best Solution = [-2.99367586e-05 -1.08137045e-03 -8.49903891e-04 -5.86649763e-04
 -1.99218941e-04  6.75532197e-04  1.21554164e-03 -1.60127014e-03
 -4.54321414e-04 -1.70239652e-03], Best Fitness = 0.00271308934158343, Evaluations = 8448
Generation 264: Best Solution = [-2.99367586e-05 -1.08137045e-03 -8.49903891e-04 -5.86649763e-04
 -1.99218941e-04  6.75532197e-04  1.21554164e-03 -1.60127014e-03
 -4.54321414e-04 -1.70239652e-03], Best Fitness = 0.00271308934158343, Evaluations = 8480
Generation 265: Best Solution = [-2.99367586e-05 -1.08137045e-03 -8.49903891e-04 -5.86649763e-04
 -1.99218941e-04  6.75532197e-04  1.21554164e-03 -1.60127014e-03
 -4.54321414e-04 -1.70239652e-03], Best Fitness = 0.00271308934158343, Evaluations = 8512
Generation 266: Best Solution = [-2.99367586e-05 -1.08137045e-03 -8.49903891e-04 -5.86649763e-04
 -1.99218941e-04  6.75532197e-04  1.21554164e-03 -1.60127014e-03
 -4.54321414e-04 -1.70239652e-03], Best Fitness = 0.00271308934158343, Evaluations = 8544
Generation 267: Best Solution = [-2.99367586e-05 -1.08137045e-03 -8.49903891e-04 -5.86649763e-04
 -1.99218941e-04  6.75532197e-04  1.21554164e-03 -1.60127014e-03
 -4.54321414e-04 -1.70239652e-03], Best Fitness = 0.00271308934158343, Evaluations = 8576
Generation 268: Best Solution = [-2.99367586e-05 -1.08137045e-03 -8.49903891e-04 -5.86649763e-04
 -1.99218941e-04  6.75532197e-04  1.21554164e-03 -1.60127014e-03
 -4.54321414e-04 -1.70239652e-03], Best Fitness = 0.00271308934158343, Evaluations = 8608
Generation 269: Best Solution = [-2.99367586e-05 -1.08137045e-03 -8.49903891e-04 -5.86649763e-04
 -1.99218941e-04  6.75532197e-04  1.21554164e-03 -1.60127014e-03
 -4.54321414e-04 -1.70239652e-03], Best Fitness = 0.00271308934158343, Evaluations = 8640
Generation 270: Best Solution = [-2.99367586e-05 -1.08137045e-03 -8.49903891e-04 -5.86649763e-04
 -1.99218941e-04  6.75532197e-04  1.21554164e-03 -1.60127014e-03
 -4.54321414e-04 -1.70239652e-03], Best Fitness = 0.00271308934158343, Evaluations = 8672
Generation 271: Best Solution = [-2.99367586e-05 -1.08137045e-03 -8.49903891e-04 -5.86649763e-04
 -1.99218941e-04  6.75532197e-04  1.21554164e-03 -1.60127014e-03
 -4.54321414e-04 -1.70239652e-03], Best Fitness = 0.00271308934158343, Evaluations = 8704
Generation 272: Best Solution = [-2.99367586e-05 -1.08137045e-03 -8.49903891e-04 -5.86649763e-04
 -1.99218941e-04  6.75532197e-04  1.21554164e-03 -1.60127014e-03
 -4.54321414e-04 -1.70239652e-03], Best Fitness = 0.00271308934158343, Evaluations = 8736
Generation 273: Best Solution = [ 2.57538107e-04  5.43748487e-05 -2.88983545e-04 -7.89539000e-04
  7.65970387e-04 -3.78483416e-04  4.35376824e-04  8.18405880e-05
 -7.34379635e-04 -1.64280810e-04], Best Fitness = 0.0019173081242311873, Evaluations = 8768
Generation 274: Best Solution = [ 2.57538107e-04  5.43748487e-05 -2.88983545e-04 -7.89539000e-04
  7.65970387e-04 -3.78483416e-04  4.35376824e-04  8.18405880e-05
 -7.34379635e-04 -1.64280810e-04], Best Fitness = 0.0019173081242311873, Evaluations = 8800
Generation 275: Best Solution = [ 2.57538107e-04  5.43748487e-05 -2.88983545e-04 -7.89539000e-04
  7.65970387e-04 -3.78483416e-04  4.35376824e-04  8.18405880e-05
 -7.34379635e-04 -1.64280810e-04], Best Fitness = 0.0019173081242311873, Evaluations = 8832
Generation 276: Best Solution = [-2.99367586e-05 -2.81145657e-04  7.95562563e-04  4.23295177e-04
 -4.07575615e-04  6.62092168e-06 -1.95634034e-04  1.90885534e-04
 -4.54321414e-04  6.96969112e-04], Best Fitness = 0.0017185594967163986, Evaluations = 8864
Generation 277: Best Solution = [-2.99367586e-05 -2.81145657e-04  7.95562563e-04  4.23295177e-04
 -4.07575615e-04  6.62092168e-06 -1.95634034e-04  1.90885534e-04
 -4.54321414e-04  6.96969112e-04], Best Fitness = 0.0017185594967163986, Evaluations = 8896
Generation 278: Best Solution = [-2.99367586e-05 -2.81145657e-04  7.95562563e-04  4.23295177e-04
 -4.07575615e-04  6.62092168e-06 -1.95634034e-04  1.90885534e-04
 -4.54321414e-04  6.96969112e-04], Best Fitness = 0.0017185594967163986, Evaluations = 8928
Generation 279: Best Solution = [-2.99367586e-05 -2.81145657e-04  7.95562563e-04  4.23295177e-04
 -4.07575615e-04  6.62092168e-06 -1.95634034e-04  1.90885534e-04
 -4.54321414e-04  6.96969112e-04], Best Fitness = 0.0017185594967163986, Evaluations = 8960
Generation 280: Best Solution = [-2.99367586e-05 -2.81145657e-04  7.95562563e-04  4.23295177e-04
 -4.07575615e-04  6.62092168e-06 -1.95634034e-04  1.90885534e-04
 -4.54321414e-04  6.96969112e-04], Best Fitness = 0.0017185594967163986, Evaluations = 8992
Generation 281: Best Solution = [-2.99367586e-05 -2.81145657e-04  7.95562563e-04  4.23295177e-04
 -4.07575615e-04  6.62092168e-06 -1.95634034e-04  1.90885534e-04
 -4.54321414e-04  6.96969112e-04], Best Fitness = 0.0016170799156864923, Evaluations = 9024
Generation 282: Best Solution = [-2.99367586e-05 -2.81145657e-04  7.95562563e-04  4.23295177e-04
 -4.07575615e-04  6.62092168e-06 -1.95634034e-04  1.90885534e-04
 -4.54321414e-04  6.96969112e-04], Best Fitness = 0.0011926489702216436, Evaluations = 9056
Generation 283: Best Solution = [-2.99367586e-05 -2.81145657e-04  7.95562563e-04  4.23295177e-04
 -4.07575615e-04  6.62092168e-06 -1.95634034e-04  1.90885534e-04
 -4.54321414e-04  6.96969112e-04], Best Fitness = 0.0011926489702216436, Evaluations = 9088
Generation 284: Best Solution = [-2.99367586e-05 -2.81145657e-04  7.95562563e-04  4.23295177e-04
 -4.07575615e-04  6.62092168e-06 -1.95634034e-04  1.90885534e-04
 -4.54321414e-04  6.96969112e-04], Best Fitness = 0.0011926489702216436, Evaluations = 9120
Generation 285: Best Solution = [-2.99367586e-05 -2.81145657e-04  7.95562563e-04  4.23295177e-04
 -4.07575615e-04  6.62092168e-06 -1.95634034e-04  1.90885534e-04
 -4.54321414e-04  6.96969112e-04], Best Fitness = 0.0011926489702216436, Evaluations = 9152
Generation 286: Best Solution = [-2.99367586e-05 -2.81145657e-04  7.95562563e-04  4.23295177e-04
 -4.07575615e-04  6.62092168e-06 -1.95634034e-04  1.90885534e-04
 -4.54321414e-04  6.96969112e-04], Best Fitness = 0.0011926489702216436, Evaluations = 9184
Generation 287: Best Solution = [-2.99367586e-05 -2.81145657e-04  7.95562563e-04  4.23295177e-04
 -4.07575615e-04  6.62092168e-06 -1.95634034e-04  1.90885534e-04
 -4.54321414e-04  6.96969112e-04], Best Fitness = 0.0011926489702216436, Evaluations = 9216
Generation 288: Best Solution = [-2.99367586e-05 -2.81145657e-04  7.95562563e-04  4.23295177e-04
 -4.07575615e-04  6.62092168e-06 -1.95634034e-04  1.90885534e-04
 -4.54321414e-04  6.96969112e-04], Best Fitness = 0.0011926489702216436, Evaluations = 9248
Generation 289: Best Solution = [-3.41122606e-04  2.14460964e-04  1.58269099e-04 -3.88188819e-05
 -4.75693415e-04 -3.78111968e-04  1.80213382e-04 -3.62866167e-04
  8.17328400e-05 -1.21885506e-04], Best Fitness = 0.0010949075854331802, Evaluations = 9280
Generation 290: Best Solution = [-3.41122606e-04  2.14460964e-04  1.58269099e-04 -3.88188819e-05
 -4.75693415e-04 -3.78111968e-04  1.80213382e-04 -3.62866167e-04
  8.17328400e-05 -1.21885506e-04], Best Fitness = 0.0010949075854331802, Evaluations = 9312
Generation 291: Best Solution = [-3.41122606e-04  2.14460964e-04  1.58269099e-04 -3.88188819e-05
 -4.75693415e-04 -3.78111968e-04  1.80213382e-04 -3.62866167e-04
  8.17328400e-05 -1.21885506e-04], Best Fitness = 0.0010949075854331802, Evaluations = 9344
Generation 292: Best Solution = [-3.41122606e-04  2.14460964e-04  1.58269099e-04 -3.88188819e-05
 -4.75693415e-04 -3.78111968e-04  1.80213382e-04 -3.62866167e-04
  8.17328400e-05 -1.21885506e-04], Best Fitness = 0.0010949075854331802, Evaluations = 9376
Generation 293: Best Solution = [-3.41122606e-04  2.14460964e-04  1.58269099e-04 -3.88188819e-05
 -4.75693415e-04 -3.78111968e-04  1.80213382e-04 -3.62866167e-04
  8.17328400e-05 -1.21885506e-04], Best Fitness = 0.0010949075854331802, Evaluations = 9408
Generation 294: Best Solution = [-3.41122606e-04  2.14460964e-04  1.58269099e-04 -3.88188819e-05
 -4.75693415e-04 -3.78111968e-04  1.80213382e-04 -3.62866167e-04
  8.17328400e-05 -1.21885506e-04], Best Fitness = 0.0010949075854331802, Evaluations = 9440
Generation 295: Best Solution = [-3.41122606e-04  2.14460964e-04  1.58269099e-04 -3.88188819e-05
 -4.75693415e-04 -3.78111968e-04  1.80213382e-04 -3.62866167e-04
  8.17328400e-05 -1.21885506e-04], Best Fitness = 0.0010949075854331802, Evaluations = 9472
Generation 296: Best Solution = [ 1.48370802e-04 -2.81145657e-04 -4.20827040e-04  2.85081784e-04
  3.28520380e-05  1.34781878e-05  1.53696658e-04 -1.66768670e-05
  4.25460967e-04  6.02889446e-05], Best Fitness = 0.0009573793347645854, Evaluations = 9504
Generation 297: Best Solution = [ 1.48370802e-04 -2.81145657e-04 -4.20827040e-04  2.85081784e-04
  3.28520380e-05  1.34781878e-05  1.53696658e-04 -1.66768670e-05
  4.25460967e-04  6.02889446e-05], Best Fitness = 0.0009573793347645854, Evaluations = 9536
Generation 298: Best Solution = [ 1.33453621e-05  2.83215208e-04  7.92591679e-05 -2.76144922e-04
 -1.31872206e-04  8.61905805e-05 -3.17517333e-04 -7.27256126e-05
 -6.38805802e-05 -9.77866914e-05], Best Fitness = 0.0007030593958146092, Evaluations = 9568
Generation 299: Best Solution = [ 1.33453621e-05  2.83215208e-04  7.92591679e-05 -2.76144922e-04
 -1.31872206e-04  8.61905805e-05 -3.17517333e-04 -7.27256126e-05
 -6.38805802e-05 -9.77866914e-05], Best Fitness = 0.0007030593958146092, Evaluations = 9600
Generation 300: Best Solution = [ 1.33453621e-05  2.83215208e-04  7.92591679e-05 -2.76144922e-04
 -1.31872206e-04  8.61905805e-05 -3.17517333e-04 -7.27256126e-05
 -6.38805802e-05 -9.77866914e-05], Best Fitness = 0.0007030593958146092, Evaluations = 9632
Generation 301: Best Solution = [-3.00458817e-04  2.50949805e-04 -4.41952611e-05  5.93176086e-05
  9.67415820e-05 -2.82929819e-04 -1.54099082e-04 -1.50479731e-04
 -7.81308304e-05  2.34589641e-05], Best Fitness = 0.0006957817525479193, Evaluations = 9664
Generation 302: Best Solution = [-3.00458817e-04  2.50949805e-04 -4.41952611e-05  5.93176086e-05
  9.67415820e-05 -2.82929819e-04 -1.54099082e-04 -1.50479731e-04
 -7.81308304e-05  2.34589641e-05], Best Fitness = 0.0006957817525479193, Evaluations = 9696
Generation 303: Best Solution = [-3.00458817e-04  2.50949805e-04 -4.41952611e-05  5.93176086e-05
  9.67415820e-05 -2.82929819e-04 -1.54099082e-04 -1.50479731e-04
 -7.81308304e-05  2.34589641e-05], Best Fitness = 0.0006957817525479193, Evaluations = 9728
Generation 304: Best Solution = [-3.00458817e-04  2.50949805e-04 -4.41952611e-05  5.93176086e-05
  9.67415820e-05 -2.82929819e-04 -1.54099082e-04 -1.50479731e-04
 -7.81308304e-05  2.34589641e-05], Best Fitness = 0.0006957817525479193, Evaluations = 9760
Generation 305: Best Solution = [-3.00458817e-04  2.50949805e-04 -4.41952611e-05  5.93176086e-05
  9.67415820e-05 -2.82929819e-04 -1.54099082e-04 -1.50479731e-04
 -7.81308304e-05  2.34589641e-05], Best Fitness = 0.0006957817525479193, Evaluations = 9792
Generation 306: Best Solution = [-3.00458817e-04  2.50949805e-04 -4.41952611e-05  5.93176086e-05
  9.67415820e-05 -2.82929819e-04 -1.54099082e-04 -1.50479731e-04
 -7.81308304e-05  2.34589641e-05], Best Fitness = 0.0006957817525479193, Evaluations = 9824
Generation 307: Best Solution = [ 3.57138273e-05  9.53280987e-05  5.91473912e-05 -5.01895762e-05
 -8.11502690e-05 -1.60011888e-04 -2.73399062e-05 -4.50614633e-04
  1.69634551e-06  5.17003725e-05], Best Fitness = 0.0006401650874114928, Evaluations = 9856
Generation 308: Best Solution = [-9.60684109e-05 -2.18487159e-04  1.12237057e-04 -1.23589419e-04
 -1.28299309e-04 -6.58717835e-05  1.87838265e-04  2.11016934e-04
  1.99073506e-05  3.54989876e-05], Best Fitness = 0.0005481416687200813, Evaluations = 9888
Generation 309: Best Solution = [-8.52773156e-06  8.16866527e-05 -1.09802540e-04 -2.02048426e-04
 -1.46526297e-05  8.17336587e-06 -2.96723922e-04  1.44951662e-05
 -9.53720414e-05 -1.46381282e-04], Best Fitness = 0.0005356449546529696, Evaluations = 9920
Generation 310: Best Solution = [-8.52773156e-06  8.16866527e-05 -1.09802540e-04 -2.02048426e-04
 -1.46526297e-05  8.17336587e-06 -2.96723922e-04  1.44951662e-05
 -9.53720414e-05 -1.46381282e-04], Best Fitness = 0.0005356449546529696, Evaluations = 9952
Generation 311: Best Solution = [-6.11418376e-05 -2.18487159e-04 -1.66605872e-06 -1.23589419e-04
 -1.28299309e-04 -6.58717835e-05  7.36850739e-05  2.11016934e-04
  1.99073506e-05 -2.33343290e-05], Best Fitness = 0.00047139699326992357, Evaluations = 9984
Generation 312: Best Solution = [-6.11418376e-05 -2.18487159e-04 -1.66605872e-06 -1.23589419e-04
 -1.28299309e-04 -6.58717835e-05  7.36850739e-05  2.11016934e-04
  1.99073506e-05 -2.33343290e-05], Best Fitness = 0.00047139699326992357, Evaluations = 10016
