Algorithm: Differential Evolution
Objective Function: Ackley
Dimension: 10
Population Size: 64
Max Evaluations: 10000

Generation 0: Best Solution = [ 11.96845676  -9.27827121  18.2934532   13.8530616   10.21741893
  -2.61555053   0.99149532  14.31264162   3.78315473 -23.3231625 ], Best Fitness = 20.061537261534298, Evaluations = 64
Generation 1: Best Solution = [-22.10711947  -0.98724378   2.92651607   9.81421146  18.57041125
   2.16250601  16.13484582  -9.03187152  -5.38622049   8.48121431], Best Fitness = 19.52692375852673, Evaluations = 128
Generation 2: Best Solution = [ -4.54230594  16.56408118   4.04729759 -20.34661453   6.30022126
   5.85486469  -7.96416881   3.65007534   6.83697883   1.33264441], Best Fitness = 18.870948831281968, Evaluations = 192
Generation 3: Best Solution = [ -4.54230594  16.56408118   4.04729759 -20.34661453   6.30022126
   5.85486469  -7.96416881   3.65007534   6.83697883   1.33264441], Best Fitness = 18.870948831281968, Evaluations = 256
Generation 4: Best Solution = [11.96845676 -9.27827121 18.75592859 13.8530616   7.72958611  0.36825752
  0.99149532  9.3392756   1.0148714  -5.38258655], Best Fitness = 18.72830971223689, Evaluations = 320
Generation 5: Best Solution = [11.96845676 -9.27827121 18.75592859 13.8530616   7.72958611  0.36825752
  0.99149532  9.3392756   1.0148714  -5.38258655], Best Fitness = 18.72830971223689, Evaluations = 384
Generation 6: Best Solution = [11.96845676 -9.27827121 18.75592859 13.8530616   7.72958611  0.36825752
  0.99149532  9.3392756   1.0148714  -5.38258655], Best Fitness = 18.72830971223689, Evaluations = 448
Generation 7: Best Solution = [  9.89310315  -1.37333428   1.406116     2.45207929   3.3663713
   9.28328281  -4.9067369  -14.55737228  -5.13391386  -9.5992548 ], Best Fitness = 17.48549784615934, Evaluations = 512
Generation 8: Best Solution = [  9.89310315  -1.37333428   1.406116     2.45207929   3.3663713
   9.28328281  -4.9067369  -14.55737228  -5.13391386  -9.5992548 ], Best Fitness = 17.48549784615934, Evaluations = 576
Generation 9: Best Solution = [  9.89310315  -1.37333428   1.406116     2.45207929   3.3663713
   9.28328281  -4.9067369  -14.55737228  -5.13391386  -9.5992548 ], Best Fitness = 17.48549784615934, Evaluations = 640
Generation 10: Best Solution = [  9.89310315  -1.37333428   1.406116     2.45207929   3.3663713
   9.28328281  -4.9067369  -14.55737228  -5.13391386  -9.5992548 ], Best Fitness = 17.48549784615934, Evaluations = 704
Generation 11: Best Solution = [  9.89310315  -1.37333428   1.406116     2.45207929   3.3663713
   9.28328281  -4.9067369  -14.55737228  -5.13391386  -9.5992548 ], Best Fitness = 17.48549784615934, Evaluations = 768
Generation 12: Best Solution = [14.94616052 -0.79731265  5.45176079 -0.76525332 12.55006311 -8.3071748
  6.07822462  1.23078846 -1.90964391 -5.37799207], Best Fitness = 17.171498881617605, Evaluations = 832
Generation 13: Best Solution = [14.94616052 -0.79731265  5.45176079 -0.76525332 12.55006311 -8.3071748
  6.07822462  1.23078846 -1.90964391 -5.37799207], Best Fitness = 17.171498881617605, Evaluations = 896
Generation 14: Best Solution = [14.94616052 -0.79731265  5.45176079 -0.76525332 12.55006311 -8.3071748
  6.07822462  1.23078846 -1.90964391 -5.37799207], Best Fitness = 15.276901150419636, Evaluations = 960
Generation 15: Best Solution = [14.94616052 -0.79731265  5.45176079 -0.76525332 12.55006311 -8.3071748
  6.07822462  1.23078846 -1.90964391 -5.37799207], Best Fitness = 15.276901150419636, Evaluations = 1024
Generation 16: Best Solution = [14.94616052 -0.79731265  5.45176079 -0.76525332 12.55006311 -8.3071748
  6.07822462  1.23078846 -1.90964391 -5.37799207], Best Fitness = 15.276901150419636, Evaluations = 1088
Generation 17: Best Solution = [14.94616052 -0.79731265  5.45176079 -0.76525332 12.55006311 -8.3071748
  6.07822462  1.23078846 -1.90964391 -5.37799207], Best Fitness = 15.276901150419636, Evaluations = 1152
Generation 18: Best Solution = [14.94616052 -0.79731265  5.45176079 -0.76525332 12.55006311 -8.3071748
  6.07822462  1.23078846 -1.90964391 -5.37799207], Best Fitness = 15.276901150419636, Evaluations = 1216
Generation 19: Best Solution = [14.94616052 -0.79731265  5.45176079 -0.76525332 12.55006311 -8.3071748
  6.07822462  1.23078846 -1.90964391 -5.37799207], Best Fitness = 15.276901150419636, Evaluations = 1280
Generation 20: Best Solution = [14.94616052 -0.79731265  5.45176079 -0.76525332 12.55006311 -8.3071748
  6.07822462  1.23078846 -1.90964391 -5.37799207], Best Fitness = 15.276901150419636, Evaluations = 1344
Generation 21: Best Solution = [14.94616052 -0.79731265  5.45176079 -0.76525332 12.55006311 -8.3071748
  6.07822462  1.23078846 -1.90964391 -5.37799207], Best Fitness = 15.276901150419636, Evaluations = 1408
Generation 22: Best Solution = [14.94616052 -0.79731265  5.45176079 -0.76525332 12.55006311 -8.3071748
  6.07822462  1.23078846 -1.90964391 -5.37799207], Best Fitness = 15.276901150419636, Evaluations = 1472
Generation 23: Best Solution = [-5.92617239 -4.29134332  2.41821043  2.93487879  0.72522182  7.43298963
  3.86510805  6.83587674 11.36192059 -1.16912329], Best Fitness = 15.154159361348032, Evaluations = 1536
Generation 24: Best Solution = [-5.92617239 -4.29134332  2.41821043  2.93487879  0.72522182  7.43298963
  3.86510805  6.83587674 11.36192059 -1.16912329], Best Fitness = 15.154159361348032, Evaluations = 1600
Generation 25: Best Solution = [ 1.97760117 -7.64169136  2.11933192  1.66715245 -1.74255494  9.79986821
  3.71995297  2.50395069 10.08393908 -4.99422889], Best Fitness = 15.047779560965928, Evaluations = 1664
Generation 26: Best Solution = [-2.10815373  4.15697492 -9.19927094  0.15864063 -0.50853148  5.67880927
  1.98005666  7.63475223  4.44275701  7.87586481], Best Fitness = 14.72496179420697, Evaluations = 1728
Generation 27: Best Solution = [-2.10815373  4.15697492 -9.19927094  0.15864063 -0.50853148  5.67880927
  1.98005666  7.63475223  4.44275701  7.87586481], Best Fitness = 14.619378270410454, Evaluations = 1792
Generation 28: Best Solution = [-2.10815373  4.15697492 -9.19927094  0.15864063 -0.50853148  5.67880927
  1.98005666  7.63475223  4.44275701  7.87586481], Best Fitness = 14.619378270410454, Evaluations = 1856
Generation 29: Best Solution = [-0.84527133 -4.29134332  2.41821043  2.93487879 -0.10589977 -0.96270737
  3.86510805  6.83587674 -3.76121086 -1.16912329], Best Fitness = 10.999481542765073, Evaluations = 1920
Generation 30: Best Solution = [-0.84527133 -4.29134332  2.41821043  2.93487879 -0.10589977 -0.96270737
  3.86510805  6.83587674 -3.76121086 -1.16912329], Best Fitness = 10.999481542765073, Evaluations = 1984
Generation 31: Best Solution = [-0.84527133 -4.29134332  2.41821043  2.93487879 -0.10589977 -0.96270737
  3.86510805  6.83587674 -3.76121086 -1.16912329], Best Fitness = 10.999481542765073, Evaluations = 2048
Generation 32: Best Solution = [-0.84527133 -4.29134332  2.41821043  2.93487879 -0.10589977 -0.96270737
  3.86510805  6.83587674 -3.76121086 -1.16912329], Best Fitness = 10.999481542765073, Evaluations = 2112
Generation 33: Best Solution = [-0.84527133 -4.29134332  2.41821043  2.93487879 -0.10589977 -0.96270737
  3.86510805  6.83587674 -3.76121086 -1.16912329], Best Fitness = 10.999481542765073, Evaluations = 2176
Generation 34: Best Solution = [-0.84527133 -4.29134332  2.41821043  2.93487879 -0.10589977 -0.96270737
  3.86510805  6.83587674 -3.76121086 -1.16912329], Best Fitness = 10.999481542765073, Evaluations = 2240
Generation 35: Best Solution = [-0.84527133 -4.29134332  2.41821043  2.93487879 -0.10589977 -0.96270737
  3.86510805  6.83587674 -3.76121086 -1.16912329], Best Fitness = 10.999481542765073, Evaluations = 2304
Generation 36: Best Solution = [-0.84527133 -4.29134332  2.41821043  2.93487879 -0.10589977 -0.96270737
  3.86510805  6.83587674 -3.76121086 -1.16912329], Best Fitness = 10.999481542765073, Evaluations = 2368
Generation 37: Best Solution = [-0.84527133 -4.29134332  2.41821043  2.93487879 -0.10589977 -0.96270737
  3.86510805  6.83587674 -3.76121086 -1.16912329], Best Fitness = 10.999481542765073, Evaluations = 2432
Generation 38: Best Solution = [-0.84527133 -4.29134332  2.41821043  2.93487879 -0.10589977 -0.96270737
  3.86510805  6.83587674 -3.76121086 -1.16912329], Best Fitness = 10.999481542765073, Evaluations = 2496
Generation 39: Best Solution = [-0.84527133 -4.29134332  2.41821043  2.93487879 -0.10589977 -0.96270737
  3.86510805  6.83587674 -3.76121086 -1.16912329], Best Fitness = 10.999481542765073, Evaluations = 2560
Generation 40: Best Solution = [-0.84527133 -4.29134332  2.41821043  2.93487879 -0.10589977 -0.96270737
  3.86510805  6.83587674 -3.76121086 -1.16912329], Best Fitness = 10.999481542765073, Evaluations = 2624
Generation 41: Best Solution = [-0.84527133 -4.29134332  2.41821043  2.93487879 -0.10589977 -0.96270737
  3.86510805  6.83587674 -3.76121086 -1.16912329], Best Fitness = 10.999481542765073, Evaluations = 2688
Generation 42: Best Solution = [ 1.87436292  3.69691572 -0.1434644   4.14616022  2.28128851 -1.72398144
  1.73344175  4.47578854  3.2133718   2.90217867], Best Fitness = 10.402697740925774, Evaluations = 2752
Generation 43: Best Solution = [-2.7688688   2.95362009  2.46519593  2.08725219 -0.08500544 -1.98111263
  4.64226558  3.05221568  2.17939427 -3.6323856 ], Best Fitness = 10.007279480689949, Evaluations = 2816
Generation 44: Best Solution = [-2.7688688   2.95362009  2.46519593  2.08725219 -0.08500544 -1.98111263
  4.64226558  3.05221568  2.17939427 -3.6323856 ], Best Fitness = 9.798998552221983, Evaluations = 2880
Generation 45: Best Solution = [-2.7688688   2.95362009  2.46519593  2.08725219 -0.08500544 -1.98111263
  4.64226558  3.05221568  2.17939427 -3.6323856 ], Best Fitness = 9.798998552221983, Evaluations = 2944
Generation 46: Best Solution = [-2.7688688   2.95362009  2.46519593  2.08725219 -0.08500544 -1.98111263
  4.64226558  3.05221568  2.17939427 -3.6323856 ], Best Fitness = 9.798998552221983, Evaluations = 3008
Generation 47: Best Solution = [-2.7688688   2.95362009  2.46519593  2.08725219 -0.08500544 -1.98111263
  4.64226558  3.05221568  2.17939427 -3.6323856 ], Best Fitness = 9.798998552221983, Evaluations = 3072
Generation 48: Best Solution = [-2.7688688   2.95362009  2.46519593  2.08725219 -0.08500544 -1.98111263
  4.64226558  3.05221568  2.17939427 -3.6323856 ], Best Fitness = 9.798998552221983, Evaluations = 3136
Generation 49: Best Solution = [-4.39636531 -0.11157102  4.2204289  -0.98280783  2.77137015  1.9433923
 -2.03061308  0.82245515  2.04949463  3.32377448], Best Fitness = 9.405733667400977, Evaluations = 3200
Generation 50: Best Solution = [-0.41203477  1.93131964 -1.69241512  0.88140784  2.77977595  1.66952016
  1.99835127 -2.87223704  1.64343879 -3.48567341], Best Fitness = 8.620427674332296, Evaluations = 3264
Generation 51: Best Solution = [ 1.03824087  2.71422704 -1.88165994  4.10251193 -1.46414739  2.088741
 -1.56005331 -0.64799742 -1.0043687   0.11524064], Best Fitness = 7.989182325165938, Evaluations = 3328
Generation 52: Best Solution = [ 1.03824087  2.71422704 -1.88165994  4.10251193 -1.46414739  2.088741
 -1.56005331 -0.64799742 -1.0043687   0.11524064], Best Fitness = 7.989182325165938, Evaluations = 3392
Generation 53: Best Solution = [ 1.03824087  2.71422704 -1.88165994  4.10251193 -1.46414739  2.088741
 -1.56005331 -0.64799742 -1.0043687   0.11524064], Best Fitness = 7.427175060807425, Evaluations = 3456
Generation 54: Best Solution = [ 1.06699646  1.05071408  0.94144642 -2.53789348  0.10972131 -1.22133561
 -2.94946925  1.39604317  1.86210585 -1.07893645], Best Fitness = 6.701381289484388, Evaluations = 3520
Generation 55: Best Solution = [ 1.06699646  1.05071408  0.94144642 -2.53789348  0.10972131 -1.22133561
 -2.94946925  1.39604317  1.86210585 -1.07893645], Best Fitness = 6.701381289484388, Evaluations = 3584
Generation 56: Best Solution = [ 1.06699646  1.05071408  0.94144642 -2.53789348  0.10972131 -1.22133561
 -2.94946925  1.39604317  1.86210585 -1.07893645], Best Fitness = 6.701381289484388, Evaluations = 3648
Generation 57: Best Solution = [ 1.06699646  1.05071408  0.94144642 -2.53789348  0.10972131 -1.22133561
 -2.94946925  1.39604317  1.86210585 -1.07893645], Best Fitness = 6.701381289484388, Evaluations = 3712
Generation 58: Best Solution = [ 1.06699646  1.05071408  0.94144642 -2.53789348  0.10972131 -1.22133561
 -2.94946925  1.39604317  1.86210585 -1.07893645], Best Fitness = 6.701381289484388, Evaluations = 3776
Generation 59: Best Solution = [ 1.06699646  1.05071408  0.94144642 -2.53789348  0.10972131 -1.22133561
 -2.94946925  1.39604317  1.86210585 -1.07893645], Best Fitness = 6.701381289484388, Evaluations = 3840
Generation 60: Best Solution = [ 1.06699646  1.05071408  0.94144642 -2.53789348  0.10972131 -1.22133561
 -2.94946925  1.39604317  1.86210585 -1.07893645], Best Fitness = 6.701381289484388, Evaluations = 3904
Generation 61: Best Solution = [-1.12254124  2.205987   -2.17224017 -0.04526379  1.03884906 -1.4072488
 -0.42841387 -0.04727464  1.53309857  0.67444404], Best Fitness = 6.172221556277048, Evaluations = 3968
Generation 62: Best Solution = [-1.12254124  2.205987   -2.17224017 -0.04526379  1.03884906 -1.4072488
 -0.42841387 -0.04727464  1.53309857  0.67444404], Best Fitness = 6.172221556277048, Evaluations = 4032
Generation 63: Best Solution = [ 1.2913245  -0.70779449 -0.1495896  -2.96807629  0.60756366  1.04345644
  1.77155785  0.19660663  0.27217316  1.09240005], Best Fitness = 6.026925451101064, Evaluations = 4096
Generation 64: Best Solution = [ 1.2913245  -0.70779449 -0.1495896  -2.96807629  0.60756366  1.04345644
  1.77155785  0.19660663  0.27217316  1.09240005], Best Fitness = 6.026925451101064, Evaluations = 4160
Generation 65: Best Solution = [-1.41546384  0.56916369  0.68052189  1.22757957  1.1847655  -1.07191119
  1.19907144 -0.88400841  0.78212788  0.02724041], Best Fitness = 5.130068158055003, Evaluations = 4224
Generation 66: Best Solution = [-1.41546384  0.56916369  0.68052189  1.22757957  1.1847655  -1.07191119
  1.19907144 -0.88400841  0.78212788  0.02724041], Best Fitness = 5.130068158055003, Evaluations = 4288
Generation 67: Best Solution = [-1.41546384  0.56916369  0.68052189  1.22757957  1.1847655  -1.07191119
  1.19907144 -0.88400841  0.78212788  0.02724041], Best Fitness = 5.130068158055003, Evaluations = 4352
Generation 68: Best Solution = [-1.1736594  -0.45682521 -2.1640755   0.68966173  0.43044968 -0.19517248
 -0.23806321  0.50430443  0.49785432 -0.16048006], Best Fitness = 5.116121680788613, Evaluations = 4416
Generation 69: Best Solution = [-1.1736594  -0.45682521 -2.1640755   0.68966173  0.43044968 -0.19517248
 -0.23806321  0.50430443  0.49785432 -0.16048006], Best Fitness = 5.116121680788613, Evaluations = 4480
Generation 70: Best Solution = [-1.1736594  -0.45682521 -2.1640755   0.68966173  0.43044968 -0.19517248
 -0.23806321  0.50430443  0.49785432 -0.16048006], Best Fitness = 5.116121680788613, Evaluations = 4544
Generation 71: Best Solution = [-1.12254124  0.41394274  0.27651142 -0.03085845 -1.27081533 -0.18141529
  0.67589963 -0.04727464  1.53309857  0.72629646], Best Fitness = 4.660309955691734, Evaluations = 4608
Generation 72: Best Solution = [-1.12254124  0.41394274  0.27651142 -0.03085845 -1.27081533 -0.18141529
  0.67589963 -0.04727464  1.53309857  0.72629646], Best Fitness = 4.272229016264202, Evaluations = 4672
Generation 73: Best Solution = [-1.12254124  0.41394274  0.27651142 -0.03085845 -1.27081533 -0.18141529
  0.67589963 -0.04727464  1.53309857  0.72629646], Best Fitness = 4.272229016264202, Evaluations = 4736
Generation 74: Best Solution = [-1.12254124  0.41394274  0.27651142 -0.03085845 -1.27081533 -0.18141529
  0.67589963 -0.04727464  1.53309857  0.72629646], Best Fitness = 4.272229016264202, Evaluations = 4800
Generation 75: Best Solution = [-1.12254124  0.41394274  0.27651142 -0.03085845 -1.27081533 -0.18141529
  0.67589963 -0.04727464  1.53309857  0.72629646], Best Fitness = 4.272229016264202, Evaluations = 4864
Generation 76: Best Solution = [-1.12254124  0.41394274  0.27651142 -0.03085845 -1.27081533 -0.18141529
  0.67589963 -0.04727464  1.53309857  0.72629646], Best Fitness = 4.272229016264202, Evaluations = 4928
Generation 77: Best Solution = [-1.12254124  0.41394274  0.27651142 -0.03085845 -1.27081533 -0.18141529
  0.67589963 -0.04727464  1.53309857  0.72629646], Best Fitness = 4.272229016264202, Evaluations = 4992
Generation 78: Best Solution = [-1.12254124  0.41394274  0.27651142 -0.03085845 -1.27081533 -0.18141529
  0.67589963 -0.04727464  1.53309857  0.72629646], Best Fitness = 4.272229016264202, Evaluations = 5056
Generation 79: Best Solution = [-1.12254124  0.41394274  0.27651142 -0.03085845 -1.27081533 -0.18141529
  0.67589963 -0.04727464  1.53309857  0.72629646], Best Fitness = 4.272229016264202, Evaluations = 5120
Generation 80: Best Solution = [-1.12254124  0.41394274  0.27651142 -0.03085845 -1.27081533 -0.18141529
  0.67589963 -0.04727464  1.53309857  0.72629646], Best Fitness = 4.272229016264202, Evaluations = 5184
Generation 81: Best Solution = [ 0.73000277 -0.42332024  0.58509415  0.13030418  1.12733597 -0.82121887
  0.47422217  0.15656417 -0.7529649   0.17265241], Best Fitness = 4.05672375290451, Evaluations = 5248
Generation 82: Best Solution = [ 0.73000277 -0.42332024  0.58509415  0.13030418  1.12733597 -0.82121887
  0.47422217  0.15656417 -0.7529649   0.17265241], Best Fitness = 4.05672375290451, Evaluations = 5312
Generation 83: Best Solution = [ 0.73000277 -0.42332024  0.58509415  0.13030418  1.12733597 -0.82121887
  0.47422217  0.15656417 -0.7529649   0.17265241], Best Fitness = 4.05672375290451, Evaluations = 5376
Generation 84: Best Solution = [ 1.01792215 -0.24077809  0.61376257  0.32712704  0.00929973  0.88004334
  0.37238597 -0.01625133  1.1725217   0.81314343], Best Fitness = 3.9249929844484055, Evaluations = 5440
Generation 85: Best Solution = [ 1.01792215 -0.24077809  0.61376257  0.32712704  0.00929973  0.88004334
  0.37238597 -0.01625133  1.1725217   0.81314343], Best Fitness = 3.9249929844484055, Evaluations = 5504
Generation 86: Best Solution = [ 1.0874992   0.00529794  0.0036955  -0.94241943  0.90618976 -0.07497819
  0.968821   -1.04177332  0.2696261   0.63730174], Best Fitness = 3.501122292045402, Evaluations = 5568
Generation 87: Best Solution = [ 1.0874992   0.00529794  0.0036955  -0.94241943  0.90618976 -0.07497819
  0.968821   -1.04177332  0.2696261   0.63730174], Best Fitness = 3.501122292045402, Evaluations = 5632
Generation 88: Best Solution = [-0.04449987 -0.59425164  0.05947731 -1.08696053 -0.15170296 -0.02655557
 -0.12700643  0.99675929  0.13063041  0.53042364], Best Fitness = 3.121986787637088, Evaluations = 5696
Generation 89: Best Solution = [-0.04449987 -0.59425164  0.05947731 -1.08696053 -0.15170296 -0.02655557
 -0.12700643  0.99675929  0.13063041  0.53042364], Best Fitness = 3.121986787637088, Evaluations = 5760
Generation 90: Best Solution = [-0.04449987 -0.59425164  0.05947731 -1.08696053 -0.15170296 -0.02655557
 -0.12700643  0.99675929  0.13063041  0.53042364], Best Fitness = 3.121986787637088, Evaluations = 5824
Generation 91: Best Solution = [ 0.46710287 -0.05428523  0.0036955  -0.94241943  0.90618976 -0.07497819
  0.09470505 -0.15397103  0.2696261   0.63730174], Best Fitness = 3.073926144370525, Evaluations = 5888
Generation 92: Best Solution = [ 0.46710287 -0.05428523  0.0036955  -0.94241943  0.90618976 -0.07497819
  0.09470505 -0.15397103  0.2696261   0.63730174], Best Fitness = 3.073926144370525, Evaluations = 5952
Generation 93: Best Solution = [ 0.09114673  1.00996505 -0.54996275  0.10821192  0.09546907  0.19223014
  0.76879912  0.53022441 -0.08771455  0.0212818 ], Best Fitness = 3.0698216370077103, Evaluations = 6016
Generation 94: Best Solution = [ 0.09114673  1.00996505 -0.54996275  0.10821192  0.09546907  0.19223014
  0.76879912  0.53022441 -0.08771455  0.0212818 ], Best Fitness = 3.0698216370077103, Evaluations = 6080
Generation 95: Best Solution = [ 0.09114673  1.00996505 -0.54996275  0.10821192  0.09546907  0.19223014
  0.76879912  0.53022441 -0.08771455  0.0212818 ], Best Fitness = 3.0698216370077103, Evaluations = 6144
Generation 96: Best Solution = [-0.04449987 -0.59425164 -0.11556761 -0.03315239 -0.15170296 -0.02655557
 -0.12700643  0.31806173  0.13063041  0.53042364], Best Fitness = 2.418441325515524, Evaluations = 6208
Generation 97: Best Solution = [-0.04449987 -0.59425164 -0.11556761 -0.03315239 -0.15170296 -0.02655557
 -0.12700643  0.31806173  0.13063041  0.53042364], Best Fitness = 2.418441325515524, Evaluations = 6272
Generation 98: Best Solution = [-0.00449615 -0.24992907 -0.51021109  0.23136242  0.01567532  0.05539532
 -0.03942625  0.02755473  0.17873211  0.32145806], Best Fitness = 2.1146609874120696, Evaluations = 6336
Generation 99: Best Solution = [-0.00449615 -0.24992907 -0.51021109  0.23136242  0.01567532  0.05539532
 -0.03942625  0.02755473  0.17873211  0.32145806], Best Fitness = 2.1146609874120696, Evaluations = 6400
Generation 100: Best Solution = [-0.00449615 -0.24992907 -0.51021109  0.23136242  0.01567532  0.05539532
 -0.03942625  0.02755473  0.17873211  0.32145806], Best Fitness = 2.1146609874120696, Evaluations = 6464
Generation 101: Best Solution = [-0.00449615 -0.24992907 -0.51021109  0.23136242  0.01567532  0.05539532
 -0.03942625  0.02755473  0.17873211  0.32145806], Best Fitness = 2.1146609874120696, Evaluations = 6528
Generation 102: Best Solution = [-0.00449615 -0.24992907 -0.51021109  0.23136242  0.01567532  0.05539532
 -0.03942625  0.02755473  0.17873211  0.32145806], Best Fitness = 2.1146609874120696, Evaluations = 6592
Generation 103: Best Solution = [-0.00449615 -0.24992907 -0.51021109  0.23136242  0.01567532  0.05539532
 -0.03942625  0.02755473  0.17873211  0.32145806], Best Fitness = 2.1146609874120696, Evaluations = 6656
Generation 104: Best Solution = [-0.00449615 -0.24992907 -0.51021109  0.23136242  0.01567532  0.05539532
 -0.03942625  0.02755473  0.17873211  0.32145806], Best Fitness = 2.1146609874120696, Evaluations = 6720
Generation 105: Best Solution = [-0.00449615 -0.24992907 -0.51021109  0.23136242  0.01567532  0.05539532
 -0.03942625  0.02755473  0.17873211  0.32145806], Best Fitness = 2.1146609874120696, Evaluations = 6784
Generation 106: Best Solution = [-0.00449615 -0.24992907 -0.51021109  0.23136242  0.01567532  0.05539532
 -0.03942625  0.02755473  0.17873211  0.32145806], Best Fitness = 2.1146609874120696, Evaluations = 6848
Generation 107: Best Solution = [-0.00449615 -0.24992907 -0.51021109  0.23136242  0.01567532  0.05539532
 -0.03942625  0.02755473  0.17873211  0.32145806], Best Fitness = 2.1146609874120696, Evaluations = 6912
Generation 108: Best Solution = [-0.01492476  0.04069868 -0.17417731  0.1322651   0.07903494 -0.04848613
 -0.8309561  -0.01807389  0.10441166  0.12481516], Best Fitness = 1.5962427598996602, Evaluations = 6976
Generation 109: Best Solution = [-0.01492476  0.04069868 -0.17417731  0.1322651   0.07903494 -0.04848613
 -0.8309561  -0.01807389  0.10441166  0.12481516], Best Fitness = 1.5962427598996602, Evaluations = 7040
Generation 110: Best Solution = [-0.01492476  0.04069868 -0.17417731  0.1322651   0.07903494 -0.04848613
 -0.8309561  -0.01807389  0.10441166  0.12481516], Best Fitness = 1.5962427598996602, Evaluations = 7104
Generation 111: Best Solution = [-0.01492476  0.04069868 -0.17417731  0.1322651   0.07903494 -0.04848613
 -0.8309561  -0.01807389  0.10441166  0.12481516], Best Fitness = 1.5962427598996602, Evaluations = 7168
Generation 112: Best Solution = [-0.01492476  0.04069868 -0.17417731  0.1322651   0.07903494 -0.04848613
 -0.8309561  -0.01807389  0.10441166  0.12481516], Best Fitness = 1.5962427598996602, Evaluations = 7232
Generation 113: Best Solution = [-0.01492476  0.04069868 -0.17417731  0.1322651   0.07903494 -0.04848613
 -0.8309561  -0.01807389  0.10441166  0.12481516], Best Fitness = 1.5962427598996602, Evaluations = 7296
Generation 114: Best Solution = [-0.01492476  0.04069868 -0.17417731  0.1322651   0.07903494 -0.04848613
 -0.8309561  -0.01807389  0.10441166  0.12481516], Best Fitness = 1.5962427598996602, Evaluations = 7360
Generation 115: Best Solution = [-0.06711329 -0.06136539 -0.06934317 -0.10379729  0.11088512  0.1012757
 -0.09664532 -0.28580631  0.23021784 -0.04237688], Best Fitness = 1.2916763374090974, Evaluations = 7424
Generation 116: Best Solution = [-0.06711329 -0.06136539 -0.06934317 -0.10379729  0.11088512  0.1012757
 -0.09664532 -0.28580631  0.23021784 -0.04237688], Best Fitness = 1.2916763374090974, Evaluations = 7488
Generation 117: Best Solution = [-0.06711329 -0.06136539 -0.06934317 -0.10379729  0.11088512  0.1012757
 -0.09664532 -0.28580631  0.23021784 -0.04237688], Best Fitness = 1.2916763374090974, Evaluations = 7552
Generation 118: Best Solution = [-0.06711329 -0.06136539 -0.06934317 -0.10379729  0.11088512  0.1012757
 -0.09664532 -0.28580631  0.23021784 -0.04237688], Best Fitness = 1.2916763374090974, Evaluations = 7616
Generation 119: Best Solution = [-0.06711329 -0.06136539 -0.06934317 -0.10379729  0.11088512  0.1012757
 -0.09664532 -0.28580631  0.23021784 -0.04237688], Best Fitness = 1.2916763374090974, Evaluations = 7680
Generation 120: Best Solution = [-0.06711329 -0.06136539 -0.06934317 -0.10379729  0.11088512  0.1012757
 -0.09664532 -0.28580631  0.23021784 -0.04237688], Best Fitness = 1.2916763374090974, Evaluations = 7744
Generation 121: Best Solution = [-0.06711329 -0.06136539 -0.06934317 -0.10379729  0.11088512  0.1012757
 -0.09664532 -0.28580631  0.23021784 -0.04237688], Best Fitness = 1.2916763374090974, Evaluations = 7808
Generation 122: Best Solution = [-0.06711329 -0.06136539 -0.06934317 -0.10379729  0.11088512  0.1012757
 -0.09664532 -0.28580631  0.23021784 -0.04237688], Best Fitness = 1.2916763374090974, Evaluations = 7872
Generation 123: Best Solution = [-0.02077362 -0.09220502  0.02264843 -0.00779443 -0.22358673 -0.17076696
  0.01576058  0.05699229  0.0768696  -0.18948799], Best Fitness = 1.02735465823783, Evaluations = 7936
Generation 124: Best Solution = [-0.02077362 -0.09220502  0.02264843 -0.00779443 -0.22358673 -0.17076696
  0.01576058  0.05699229  0.0768696  -0.18948799], Best Fitness = 1.02735465823783, Evaluations = 8000
Generation 125: Best Solution = [-0.02077362 -0.09220502  0.02264843 -0.00779443 -0.22358673 -0.17076696
  0.01576058  0.05699229  0.0768696  -0.18948799], Best Fitness = 1.02735465823783, Evaluations = 8064
Generation 126: Best Solution = [-0.05913325  0.04237704  0.10669074 -0.11554125 -0.09397335 -0.0191547
 -0.05639297  0.06301308 -0.044848   -0.03851321], Best Fitness = 0.528469626488445, Evaluations = 8128
Generation 127: Best Solution = [-0.05913325  0.04237704  0.10669074 -0.11554125 -0.09397335 -0.0191547
 -0.05639297  0.06301308 -0.044848   -0.03851321], Best Fitness = 0.528469626488445, Evaluations = 8192
Generation 128: Best Solution = [-0.05913325  0.04237704  0.10669074 -0.11554125 -0.09397335 -0.0191547
 -0.05639297  0.06301308 -0.044848   -0.03851321], Best Fitness = 0.528469626488445, Evaluations = 8256
Generation 129: Best Solution = [-0.05913325  0.04237704  0.10669074 -0.11554125 -0.09397335 -0.0191547
 -0.05639297  0.06301308 -0.044848   -0.03851321], Best Fitness = 0.528469626488445, Evaluations = 8320
Generation 130: Best Solution = [-0.05913325  0.04237704  0.10669074 -0.11554125 -0.09397335 -0.0191547
 -0.05639297  0.06301308 -0.044848   -0.03851321], Best Fitness = 0.528469626488445, Evaluations = 8384
Generation 131: Best Solution = [-0.05913325  0.04237704  0.10669074 -0.11554125 -0.09397335 -0.0191547
 -0.05639297  0.06301308 -0.044848   -0.03851321], Best Fitness = 0.528469626488445, Evaluations = 8448
Generation 132: Best Solution = [-0.05913325  0.04237704  0.10669074 -0.11554125 -0.09397335 -0.0191547
 -0.05639297  0.06301308 -0.044848   -0.03851321], Best Fitness = 0.528469626488445, Evaluations = 8512
Generation 133: Best Solution = [-0.05913325  0.04237704  0.10669074 -0.11554125 -0.09397335 -0.0191547
 -0.05639297  0.06301308 -0.044848   -0.03851321], Best Fitness = 0.528469626488445, Evaluations = 8576
Generation 134: Best Solution = [-0.05913325  0.04237704  0.10669074 -0.11554125 -0.09397335 -0.0191547
 -0.05639297  0.06301308 -0.044848   -0.03851321], Best Fitness = 0.528469626488445, Evaluations = 8640
Generation 135: Best Solution = [-0.05913325  0.04237704  0.10669074 -0.11554125 -0.09397335 -0.0191547
 -0.05639297  0.06301308 -0.044848   -0.03851321], Best Fitness = 0.528469626488445, Evaluations = 8704
Generation 136: Best Solution = [-0.05913325  0.04237704  0.10669074 -0.11554125 -0.09397335 -0.0191547
 -0.05639297  0.06301308 -0.044848   -0.03851321], Best Fitness = 0.528469626488445, Evaluations = 8768
Generation 137: Best Solution = [-0.05913325  0.04237704  0.10669074 -0.11554125 -0.09397335 -0.0191547
 -0.05639297  0.06301308 -0.044848   -0.03851321], Best Fitness = 0.528469626488445, Evaluations = 8832
Generation 138: Best Solution = [-0.05913325  0.04237704  0.10669074 -0.11554125 -0.09397335 -0.0191547
 -0.05639297  0.06301308 -0.044848   -0.03851321], Best Fitness = 0.528469626488445, Evaluations = 8896
Generation 139: Best Solution = [-0.05913325  0.04237704  0.10669074 -0.11554125 -0.09397335 -0.0191547
 -0.05639297  0.06301308 -0.044848   -0.03851321], Best Fitness = 0.528469626488445, Evaluations = 8960
Generation 140: Best Solution = [-0.04333716  0.00938162 -0.09830963 -0.11462362 -0.02135643  0.06831716
 -0.04409464  0.07619233  0.0303945   0.03768428], Best Fitness = 0.4523053840322935, Evaluations = 9024
Generation 141: Best Solution = [-0.04333716  0.00938162 -0.09830963 -0.11462362 -0.02135643  0.06831716
 -0.04409464  0.07619233  0.0303945   0.03768428], Best Fitness = 0.4523053840322935, Evaluations = 9088
Generation 142: Best Solution = [-0.04333716  0.00938162 -0.09830963 -0.11462362 -0.02135643  0.06831716
 -0.04409464  0.07619233  0.0303945   0.03768428], Best Fitness = 0.4523053840322935, Evaluations = 9152
Generation 143: Best Solution = [-0.04333716  0.00938162 -0.09830963 -0.11462362 -0.02135643  0.06831716
 -0.04409464  0.07619233  0.0303945   0.03768428], Best Fitness = 0.4523053840322935, Evaluations = 9216
Generation 144: Best Solution = [-0.04333716  0.00938162 -0.09830963 -0.11462362 -0.02135643  0.06831716
 -0.04409464  0.07619233  0.0303945   0.03768428], Best Fitness = 0.4523053840322935, Evaluations = 9280
Generation 145: Best Solution = [-0.04333716  0.00938162 -0.09830963 -0.11462362 -0.02135643  0.06831716
 -0.04409464  0.07619233  0.0303945   0.03768428], Best Fitness = 0.4523053840322935, Evaluations = 9344
Generation 146: Best Solution = [-0.04333716  0.00938162 -0.09830963 -0.11462362 -0.02135643  0.06831716
 -0.04409464  0.07619233  0.0303945   0.03768428], Best Fitness = 0.4523053840322935, Evaluations = 9408
Generation 147: Best Solution = [-0.04333716  0.00938162 -0.09830963 -0.11462362 -0.02135643  0.06831716
 -0.04409464  0.07619233  0.0303945   0.03768428], Best Fitness = 0.4523053840322935, Evaluations = 9472
Generation 148: Best Solution = [-0.04333716  0.00938162 -0.09830963 -0.11462362 -0.02135643  0.06831716
 -0.04409464  0.07619233  0.0303945   0.03768428], Best Fitness = 0.4523053840322935, Evaluations = 9536
Generation 149: Best Solution = [-0.04333716  0.00938162 -0.09830963 -0.11462362 -0.02135643  0.06831716
 -0.04409464  0.07619233  0.0303945   0.03768428], Best Fitness = 0.4523053840322935, Evaluations = 9600
Generation 150: Best Solution = [-0.04333716  0.00938162 -0.09830963 -0.11462362 -0.02135643  0.06831716
 -0.04409464  0.07619233  0.0303945   0.03768428], Best Fitness = 0.4523053840322935, Evaluations = 9664
Generation 151: Best Solution = [ 0.0237826  -0.02515455 -0.00171151 -0.04580714 -0.0442315   0.00728462
  0.00853692 -0.06910834 -0.04059171 -0.0946341 ], Best Fitness = 0.28865109014406487, Evaluations = 9728
Generation 152: Best Solution = [ 0.0237826  -0.02515455 -0.00171151 -0.04580714 -0.0442315   0.00728462
  0.00853692 -0.06910834 -0.04059171 -0.0946341 ], Best Fitness = 0.28865109014406487, Evaluations = 9792
Generation 153: Best Solution = [ 0.0237826  -0.02515455 -0.00171151 -0.04580714 -0.0442315   0.00728462
  0.00853692 -0.06910834 -0.04059171 -0.0946341 ], Best Fitness = 0.28865109014406487, Evaluations = 9856
Generation 154: Best Solution = [-5.94926869e-02  1.69763210e-02 -5.13244792e-05  4.64566658e-02
  9.55783918e-03  2.19846015e-02  9.23030384e-03 -8.52103778e-02
  5.07648408e-02  4.94087711e-03], Best Fitness = 0.2477064400735931, Evaluations = 9920
Generation 155: Best Solution = [-5.94926869e-02  1.69763210e-02 -5.13244792e-05  4.64566658e-02
  9.55783918e-03  2.19846015e-02  9.23030384e-03 -8.52103778e-02
  5.07648408e-02  4.94087711e-03], Best Fitness = 0.2477064400735931, Evaluations = 9984
Generation 156: Best Solution = [ 0.00055746 -0.06626444 -0.0046521  -0.00067039  0.02843352 -0.0114885
  0.05294998 -0.08404693 -0.025441    0.00562877], Best Fitness = 0.24153108599736273, Evaluations = 10048
