Algorithm: Differential Evolution
Objective Function: Griewank
Dimension: 2
Population Size: 16
Max Evaluations: 2000

Generation 0: Best Solution = [111.25507405 138.71884389], Best Fitness = 8.700006826139541, Evaluations = 16
Generation 1: Best Solution = [104.51451114  28.22840962], Best Fitness = 4.225615916371454, Evaluations = 32
Generation 2: Best Solution = [-78.58421355  -9.44202485], Best Fitness = 3.488883651553377, Evaluations = 48
Generation 3: Best Solution = [-78.58421355  -9.44202485], Best Fitness = 3.488883651553377, Evaluations = 64
Generation 4: Best Solution = [-78.58421355  -9.44202485], Best Fitness = 3.488883651553377, Evaluations = 80
Generation 5: Best Solution = [-14.83405767 -35.10835048], Best Fitness = 1.9749130444818113, Evaluations = 96
Generation 6: Best Solution = [-42.56118407  28.22840962], Best Fitness = 1.5858903699240958, Evaluations = 112
Generation 7: Best Solution = [ 6.93843988 28.22840962], Best Fitness = 0.8593478746588047, Evaluations = 128
Generation 8: Best Solution = [ 6.93843988 28.22840962], Best Fitness = 0.8593478746588047, Evaluations = 144
Generation 9: Best Solution = [ -2.2361849  -30.84933422], Best Fitness = 0.6314919403201101, Evaluations = 160
Generation 10: Best Solution = [ 16.21953393 -31.26589496], Best Fitness = 0.444160247295348, Evaluations = 176
Generation 11: Best Solution = [ 16.21953393 -31.26589496], Best Fitness = 0.444160247295348, Evaluations = 192
Generation 12: Best Solution = [ -2.2361849  -13.28836586], Best Fitness = 0.4282808729846367, Evaluations = 208
Generation 13: Best Solution = [15.28479704 13.49837064], Best Fitness = 0.19872274142077473, Evaluations = 224
Generation 14: Best Solution = [15.28479704 13.49837064], Best Fitness = 0.1574227775519187, Evaluations = 240
Generation 15: Best Solution = [15.28479704 13.49837064], Best Fitness = 0.1574227775519187, Evaluations = 256
Generation 16: Best Solution = [15.28479704 13.49837064], Best Fitness = 0.1574227775519187, Evaluations = 272
Generation 17: Best Solution = [15.28479704 13.49837064], Best Fitness = 0.1574227775519187, Evaluations = 288
Generation 18: Best Solution = [15.28479704 13.49837064], Best Fitness = 0.1574227775519187, Evaluations = 304
Generation 19: Best Solution = [15.28479704 13.49837064], Best Fitness = 0.1574227775519187, Evaluations = 320
Generation 20: Best Solution = [15.28479704 13.49837064], Best Fitness = 0.1574227775519187, Evaluations = 336
Generation 21: Best Solution = [15.28479704 13.49837064], Best Fitness = 0.1574227775519187, Evaluations = 352
Generation 22: Best Solution = [15.28479704 13.49837064], Best Fitness = 0.1574227775519187, Evaluations = 368
Generation 23: Best Solution = [  6.04999146 -17.57149495], Best Fitness = 0.12312334922970292, Evaluations = 384
Generation 24: Best Solution = [  6.04999146 -17.57149495], Best Fitness = 0.12312334922970292, Evaluations = 400
Generation 25: Best Solution = [  6.04999146 -17.57149495], Best Fitness = 0.12312334922970292, Evaluations = 416
Generation 26: Best Solution = [  6.04999146 -17.57149495], Best Fitness = 0.12312334922970292, Evaluations = 432
Generation 27: Best Solution = [-12.5587153   17.67588725], Best Fitness = 0.11985491099689338, Evaluations = 448
Generation 28: Best Solution = [-12.5587153   17.67588725], Best Fitness = 0.11985491099689338, Evaluations = 464
Generation 29: Best Solution = [-12.5587153   17.67588725], Best Fitness = 0.11985491099689338, Evaluations = 480
Generation 30: Best Solution = [  0.2531166  -17.57149495], Best Fitness = 0.11873751099813434, Evaluations = 496
Generation 31: Best Solution = [  0.2531166  -17.57149495], Best Fitness = 0.11873751099813434, Evaluations = 512
Generation 32: Best Solution = [-2.79782931 13.47162042], Best Fitness = 0.11064227628926548, Evaluations = 528
Generation 33: Best Solution = [-2.79782931 13.47162042], Best Fitness = 0.11064227628926548, Evaluations = 544
Generation 34: Best Solution = [-2.79782931 13.47162042], Best Fitness = 0.11064227628926548, Evaluations = 560
Generation 35: Best Solution = [-2.79782931 13.47162042], Best Fitness = 0.11064227628926548, Evaluations = 576
Generation 36: Best Solution = [  3.12095979 -13.63535689], Best Fitness = 0.07254912780773926, Evaluations = 592
Generation 37: Best Solution = [  3.12095979 -13.63535689], Best Fitness = 0.07254912780773926, Evaluations = 608
Generation 38: Best Solution = [  3.12095979 -13.63535689], Best Fitness = 0.07254912780773926, Evaluations = 624
Generation 39: Best Solution = [  3.12095979 -13.63535689], Best Fitness = 0.07254912780773926, Evaluations = 640
Generation 40: Best Solution = [  3.12095979 -13.63535689], Best Fitness = 0.07254912780773926, Evaluations = 656
Generation 41: Best Solution = [  3.12095979 -13.63535689], Best Fitness = 0.07254912780773926, Evaluations = 672
Generation 42: Best Solution = [  3.12095979 -13.63535689], Best Fitness = 0.07254912780773926, Evaluations = 688
Generation 43: Best Solution = [  3.12095979 -13.63535689], Best Fitness = 0.07254912780773926, Evaluations = 704
Generation 44: Best Solution = [  3.12095979 -13.63535689], Best Fitness = 0.01212132466257887, Evaluations = 720
Generation 45: Best Solution = [  3.12095979 -13.63535689], Best Fitness = 0.01212132466257887, Evaluations = 736
Generation 46: Best Solution = [  3.12095979 -13.63535689], Best Fitness = 0.01212132466257887, Evaluations = 752
Generation 47: Best Solution = [  3.12095979 -13.63535689], Best Fitness = 0.01212132466257887, Evaluations = 768
Generation 48: Best Solution = [  3.12095979 -13.63535689], Best Fitness = 0.01212132466257887, Evaluations = 784
Generation 49: Best Solution = [  3.12095979 -13.63535689], Best Fitness = 0.01212132466257887, Evaluations = 800
Generation 50: Best Solution = [  3.12095979 -13.63535689], Best Fitness = 0.01212132466257887, Evaluations = 816
Generation 51: Best Solution = [  3.12095979 -13.63535689], Best Fitness = 0.01212132466257887, Evaluations = 832
Generation 52: Best Solution = [  3.12095979 -13.63535689], Best Fitness = 0.01212132466257887, Evaluations = 848
Generation 53: Best Solution = [  3.12095979 -13.63535689], Best Fitness = 0.01212132466257887, Evaluations = 864
Generation 54: Best Solution = [  3.12095979 -13.63535689], Best Fitness = 0.01212132466257887, Evaluations = 880
Generation 55: Best Solution = [  3.12095979 -13.63535689], Best Fitness = 0.01212132466257887, Evaluations = 896
Generation 56: Best Solution = [  3.12095979 -13.63535689], Best Fitness = 0.01212132466257887, Evaluations = 912
Generation 57: Best Solution = [  3.12095979 -13.63535689], Best Fitness = 0.01212132466257887, Evaluations = 928
Generation 58: Best Solution = [  3.12095979 -13.63535689], Best Fitness = 0.01212132466257887, Evaluations = 944
Generation 59: Best Solution = [  3.12095979 -13.63535689], Best Fitness = 0.01212132466257887, Evaluations = 960
Generation 60: Best Solution = [  3.12095979 -13.63535689], Best Fitness = 0.01212132466257887, Evaluations = 976
Generation 61: Best Solution = [  3.12095979 -13.63535689], Best Fitness = 0.01212132466257887, Evaluations = 992
Generation 62: Best Solution = [  3.12095979 -13.63535689], Best Fitness = 0.01212132466257887, Evaluations = 1008
Generation 63: Best Solution = [  3.12095979 -13.63535689], Best Fitness = 0.01212132466257887, Evaluations = 1024
Generation 64: Best Solution = [  3.12095979 -13.63535689], Best Fitness = 0.01212132466257887, Evaluations = 1040
Generation 65: Best Solution = [  3.12095979 -13.63535689], Best Fitness = 0.01212132466257887, Evaluations = 1056
Generation 66: Best Solution = [  3.12095979 -13.63535689], Best Fitness = 0.01212132466257887, Evaluations = 1072
Generation 67: Best Solution = [  3.12095979 -13.63535689], Best Fitness = 0.007668017220924028, Evaluations = 1088
Generation 68: Best Solution = [  3.12095979 -13.63535689], Best Fitness = 0.007668017220924028, Evaluations = 1104
Generation 69: Best Solution = [  3.12095979 -13.63535689], Best Fitness = 0.007668017220924028, Evaluations = 1120
Generation 70: Best Solution = [  3.12095979 -13.63535689], Best Fitness = 0.007668017220924028, Evaluations = 1136
Generation 71: Best Solution = [  3.12095979 -13.63535689], Best Fitness = 0.007668017220924028, Evaluations = 1152
Generation 72: Best Solution = [  3.12095979 -13.63535689], Best Fitness = 0.007668017220924028, Evaluations = 1168
Generation 73: Best Solution = [  3.12095979 -13.63535689], Best Fitness = 0.007668017220924028, Evaluations = 1184
Generation 74: Best Solution = [  3.12095979 -13.63535689], Best Fitness = 0.007668017220924028, Evaluations = 1200
Generation 75: Best Solution = [  3.12095979 -13.63535689], Best Fitness = 0.007668017220924028, Evaluations = 1216
Generation 76: Best Solution = [  3.12095979 -13.63535689], Best Fitness = 0.007668017220924028, Evaluations = 1232
Generation 77: Best Solution = [  3.12095979 -13.63535689], Best Fitness = 0.007668017220924028, Evaluations = 1248
Generation 78: Best Solution = [  3.12095979 -13.63535689], Best Fitness = 0.007668017220924028, Evaluations = 1264
Generation 79: Best Solution = [  3.12095979 -13.63535689], Best Fitness = 0.007668017220924028, Evaluations = 1280
Generation 80: Best Solution = [  3.12095979 -13.63535689], Best Fitness = 0.007668017220924028, Evaluations = 1296
Generation 81: Best Solution = [  3.12095979 -13.63535689], Best Fitness = 0.007668017220924028, Evaluations = 1312
Generation 82: Best Solution = [  3.12095979 -13.63535689], Best Fitness = 0.007668017220924028, Evaluations = 1328
Generation 83: Best Solution = [  3.12095979 -13.63535689], Best Fitness = 0.007668017220924028, Evaluations = 1344
Generation 84: Best Solution = [  3.12095979 -13.63535689], Best Fitness = 0.007668017220924028, Evaluations = 1360
Generation 85: Best Solution = [  3.12095979 -13.63535689], Best Fitness = 0.007668017220924028, Evaluations = 1376
Generation 86: Best Solution = [  3.12095979 -13.63535689], Best Fitness = 0.007668017220924028, Evaluations = 1392
Generation 87: Best Solution = [  3.12095979 -13.63535689], Best Fitness = 0.007668017220924028, Evaluations = 1408
Generation 88: Best Solution = [  3.12095979 -13.63535689], Best Fitness = 0.0076288356977501914, Evaluations = 1424
Generation 89: Best Solution = [  3.12095979 -13.63535689], Best Fitness = 0.0076288356977501914, Evaluations = 1440
Generation 90: Best Solution = [  3.12095979 -13.63535689], Best Fitness = 0.0076288356977501914, Evaluations = 1456
Generation 91: Best Solution = [  3.12095979 -13.63535689], Best Fitness = 0.0076288356977501914, Evaluations = 1472
Generation 92: Best Solution = [  3.12095979 -13.63535689], Best Fitness = 0.0076288356977501914, Evaluations = 1488
Generation 93: Best Solution = [  3.12095979 -13.63535689], Best Fitness = 0.0076288356977501914, Evaluations = 1504
Generation 94: Best Solution = [  3.12095979 -13.63535689], Best Fitness = 0.0076288356977501914, Evaluations = 1520
Generation 95: Best Solution = [  3.12095979 -13.63535689], Best Fitness = 0.0076288356977501914, Evaluations = 1536
Generation 96: Best Solution = [ 3.15129757 -4.43688198], Best Fitness = 0.007460244271214389, Evaluations = 1552
Generation 97: Best Solution = [ 3.15129757 -4.43688198], Best Fitness = 0.007460244271214389, Evaluations = 1568
Generation 98: Best Solution = [ 3.15129757 -4.43688198], Best Fitness = 0.007460244271214389, Evaluations = 1584
Generation 99: Best Solution = [ 3.15129757 -4.43688198], Best Fitness = 0.007460244271214389, Evaluations = 1600
Generation 100: Best Solution = [ 3.15129757 -4.43688198], Best Fitness = 0.007460244271214389, Evaluations = 1616
Generation 101: Best Solution = [ 3.15129757 -4.43688198], Best Fitness = 0.007460244271214389, Evaluations = 1632
Generation 102: Best Solution = [ 3.15129757 -4.43688198], Best Fitness = 0.007460244271214389, Evaluations = 1648
Generation 103: Best Solution = [ 3.15129757 -4.43688198], Best Fitness = 0.007460244271214389, Evaluations = 1664
Generation 104: Best Solution = [ 3.13864914 -4.42322469], Best Fitness = 0.0074549506134090615, Evaluations = 1680
Generation 105: Best Solution = [ 3.13864914 -4.42322469], Best Fitness = 0.007447975837861942, Evaluations = 1696
Generation 106: Best Solution = [ 3.14176433 -4.43688198], Best Fitness = 0.0073981688007414, Evaluations = 1712
Generation 107: Best Solution = [ 3.14176433 -4.43688198], Best Fitness = 0.0073981688007414, Evaluations = 1728
Generation 108: Best Solution = [ 3.14176433 -4.43688198], Best Fitness = 0.0073981688007414, Evaluations = 1744
Generation 109: Best Solution = [ 3.14176433 -4.43688198], Best Fitness = 0.0073981688007414, Evaluations = 1760
Generation 110: Best Solution = [ 3.14176433 -4.43688198], Best Fitness = 0.0073981688007414, Evaluations = 1776
Generation 111: Best Solution = [ 3.14176433 -4.43688198], Best Fitness = 0.0073981688007414, Evaluations = 1792
Generation 112: Best Solution = [ 3.13872428 -4.4368879 ], Best Fitness = 0.00739748994080347, Evaluations = 1808
Generation 113: Best Solution = [ 3.13872428 -4.4368879 ], Best Fitness = 0.00739748994080347, Evaluations = 1824
Generation 114: Best Solution = [ 3.13872428 -4.4368879 ], Best Fitness = 0.00739748994080347, Evaluations = 1840
Generation 115: Best Solution = [ 3.13872428 -4.4368879 ], Best Fitness = 0.00739748994080347, Evaluations = 1856
Generation 116: Best Solution = [ 3.13966289 -4.43700386], Best Fitness = 0.007396624436956767, Evaluations = 1872
Generation 117: Best Solution = [ 3.13966289 -4.43700386], Best Fitness = 0.007396624436956767, Evaluations = 1888
Generation 118: Best Solution = [ 3.13966289 -4.43700386], Best Fitness = 0.007396624436956767, Evaluations = 1904
Generation 119: Best Solution = [ 3.14038757 -4.43889917], Best Fitness = 0.007396158693396049, Evaluations = 1920
Generation 120: Best Solution = [ 3.13979307 -4.43813174], Best Fitness = 0.007396091171401387, Evaluations = 1936
Generation 121: Best Solution = [ 3.14003293 -4.43875497], Best Fitness = 0.007396064511980827, Evaluations = 1952
Generation 122: Best Solution = [ 3.14003293 -4.43875497], Best Fitness = 0.007396064511980827, Evaluations = 1968
Generation 123: Best Solution = [ 3.14003293 -4.43875497], Best Fitness = 0.007396064511980827, Evaluations = 1984
Generation 124: Best Solution = [ 3.14004156 -4.43843822], Best Fitness = 0.007396040523092173, Evaluations = 2000
