Algorithm: Differential Evolution
Objective Function: Griewank
Dimension: 10
Population Size: 64
Max Evaluations: 10000

Generation 0: Best Solution = [-152.7838208    45.51465799 -200.15144079  121.92347416  305.82180701
  -73.1985244   -69.93063487   31.51971476  115.53443711 -511.87123439], Best Fitness = 116.11739238583927, Evaluations = 64
Generation 1: Best Solution = [ -62.68128342 -163.34472858  158.78677499 -171.7866912   107.17009505
   38.97604746  -64.91754247 -281.39366317 -380.44034957  133.82151991], Best Fitness = 87.09146993418136, Evaluations = 128
Generation 2: Best Solution = [  38.27635774 -136.34170696  212.61611055   27.73881184 -269.63612301
  120.78387071   33.92238183  -12.76990005  102.877333   -342.2732944 ], Best Fitness = 71.59185867031424, Evaluations = 192
Generation 3: Best Solution = [  38.27635774 -136.34170696  212.61611055   27.73881184 -269.63612301
  120.78387071   33.92238183  -12.76990005  102.877333   -342.2732944 ], Best Fitness = 71.59185867031424, Evaluations = 256
Generation 4: Best Solution = [  38.27635774 -136.34170696  212.61611055   27.73881184 -269.63612301
  120.78387071   33.92238183  -12.76990005  102.877333   -342.2732944 ], Best Fitness = 71.59185867031424, Evaluations = 320
Generation 5: Best Solution = [  38.27635774 -136.34170696  212.61611055   27.73881184 -269.63612301
  120.78387071   33.92238183  -12.76990005  102.877333   -342.2732944 ], Best Fitness = 71.59185867031424, Evaluations = 384
Generation 6: Best Solution = [  38.27635774 -136.34170696  212.61611055   27.73881184 -269.63612301
  120.78387071   33.92238183  -12.76990005  102.877333   -342.2732944 ], Best Fitness = 71.59185867031424, Evaluations = 448
Generation 7: Best Solution = [-233.98449179   58.76974374  -42.83627521  138.5697315   160.26453521
  -64.83641922  -81.08330897  152.39077956 -218.68227956  178.03463912], Best Fitness = 55.606601386295225, Evaluations = 512
Generation 8: Best Solution = [-233.98449179   58.76974374  -42.83627521  138.5697315   160.26453521
  -64.83641922  -81.08330897  152.39077956 -218.68227956  178.03463912], Best Fitness = 55.606601386295225, Evaluations = 576
Generation 9: Best Solution = [-233.98449179   58.76974374  -42.83627521  138.5697315   160.26453521
  -64.83641922  -81.08330897  152.39077956 -218.68227956  178.03463912], Best Fitness = 55.606601386295225, Evaluations = 640
Generation 10: Best Solution = [-233.98449179   58.76974374  -42.83627521  138.5697315   160.26453521
  -64.83641922  -81.08330897  152.39077956 -218.68227956  178.03463912], Best Fitness = 45.25055098936192, Evaluations = 704
Generation 11: Best Solution = [-233.98449179   58.76974374  -42.83627521  138.5697315   160.26453521
  -64.83641922  -81.08330897  152.39077956 -218.68227956  178.03463912], Best Fitness = 45.25055098936192, Evaluations = 768
Generation 12: Best Solution = [-233.98449179   58.76974374  -42.83627521  138.5697315   160.26453521
  -64.83641922  -81.08330897  152.39077956 -218.68227956  178.03463912], Best Fitness = 45.25055098936192, Evaluations = 832
Generation 13: Best Solution = [-233.98449179   58.76974374  -42.83627521  138.5697315   160.26453521
  -64.83641922  -81.08330897  152.39077956 -218.68227956  178.03463912], Best Fitness = 45.25055098936192, Evaluations = 896
Generation 14: Best Solution = [  67.33107911 -217.58103356  230.79018206 -127.05827016  140.09634353
   57.63601484  100.94946215  -20.68599959  -11.30877618  -31.17599944], Best Fitness = 39.988044697545746, Evaluations = 960
Generation 15: Best Solution = [  67.33107911 -217.58103356  230.79018206 -127.05827016  140.09634353
   57.63601484  100.94946215  -20.68599959  -11.30877618  -31.17599944], Best Fitness = 39.988044697545746, Evaluations = 1024
Generation 16: Best Solution = [  67.33107911 -217.58103356  230.79018206 -127.05827016  140.09634353
   57.63601484  100.94946215  -20.68599959  -11.30877618  -31.17599944], Best Fitness = 39.988044697545746, Evaluations = 1088
Generation 17: Best Solution = [  67.33107911 -217.58103356  230.79018206 -127.05827016  140.09634353
   57.63601484  100.94946215  -20.68599959  -11.30877618  -31.17599944], Best Fitness = 39.988044697545746, Evaluations = 1152
Generation 18: Best Solution = [  67.33107911 -217.58103356  230.79018206 -127.05827016  140.09634353
   57.63601484  100.94946215  -20.68599959  -11.30877618  -31.17599944], Best Fitness = 39.988044697545746, Evaluations = 1216
Generation 19: Best Solution = [ -40.11339643  134.60998394  116.19155689 -261.85915428 -151.96991934
   23.97186859  -25.01620169   69.63170442 -138.0016819    76.48888213], Best Fitness = 39.96832584159913, Evaluations = 1280
Generation 20: Best Solution = [ -40.11339643  134.60998394  116.19155689 -261.85915428 -151.96991934
   23.97186859  -25.01620169   69.63170442 -138.0016819    76.48888213], Best Fitness = 39.96832584159913, Evaluations = 1344
Generation 21: Best Solution = [ -40.11339643  134.60998394  116.19155689 -261.85915428 -151.96991934
   23.97186859  -25.01620169   69.63170442 -138.0016819    76.48888213], Best Fitness = 39.96832584159913, Evaluations = 1408
Generation 22: Best Solution = [ -40.11339643  134.60998394  116.19155689 -261.85915428 -151.96991934
   23.97186859  -25.01620169   69.63170442 -138.0016819    76.48888213], Best Fitness = 39.96832584159913, Evaluations = 1472
Generation 23: Best Solution = [  15.54061478   89.44073288 -181.26180027  -99.89447993  164.88899074
  -26.63749831  -79.89543828  -20.6050899   -33.42421702   23.27362748], Best Fitness = 22.86006811926851, Evaluations = 1536
Generation 24: Best Solution = [  15.54061478   89.44073288 -181.26180027  -99.89447993  164.88899074
  -26.63749831  -79.89543828  -20.6050899   -33.42421702   23.27362748], Best Fitness = 22.86006811926851, Evaluations = 1600
Generation 25: Best Solution = [  15.54061478   89.44073288 -181.26180027  -99.89447993  164.88899074
  -26.63749831  -79.89543828  -20.6050899   -33.42421702   23.27362748], Best Fitness = 22.86006811926851, Evaluations = 1664
Generation 26: Best Solution = [  15.54061478   89.44073288 -181.26180027  -99.89447993  164.88899074
  -26.63749831  -79.89543828  -20.6050899   -33.42421702   23.27362748], Best Fitness = 22.86006811926851, Evaluations = 1728
Generation 27: Best Solution = [  15.54061478   89.44073288 -181.26180027  -99.89447993  164.88899074
  -26.63749831  -79.89543828  -20.6050899   -33.42421702   23.27362748], Best Fitness = 22.86006811926851, Evaluations = 1792
Generation 28: Best Solution = [  15.54061478   89.44073288 -181.26180027  -99.89447993  164.88899074
  -26.63749831  -79.89543828  -20.6050899   -33.42421702   23.27362748], Best Fitness = 22.86006811926851, Evaluations = 1856
Generation 29: Best Solution = [  -3.40148142   16.64768578  128.60754578   36.10061035  -50.66488543
   55.16717445   39.66543059 -186.39708278   64.87489863   62.69383568], Best Fitness = 17.997838894807646, Evaluations = 1920
Generation 30: Best Solution = [  -3.40148142   16.64768578  128.60754578   36.10061035  -50.66488543
   55.16717445   39.66543059 -186.39708278   64.87489863   62.69383568], Best Fitness = 17.997838894807646, Evaluations = 1984
Generation 31: Best Solution = [  -3.40148142   16.64768578  128.60754578   36.10061035  -50.66488543
   55.16717445   39.66543059 -186.39708278   64.87489863   62.69383568], Best Fitness = 17.997838894807646, Evaluations = 2048
Generation 32: Best Solution = [  -3.40148142   16.64768578  128.60754578   36.10061035  -50.66488543
   55.16717445   39.66543059 -186.39708278   64.87489863   62.69383568], Best Fitness = 17.997838894807646, Evaluations = 2112
Generation 33: Best Solution = [  -3.40148142   16.64768578  128.60754578   36.10061035  -50.66488543
   55.16717445   39.66543059 -186.39708278   64.87489863   62.69383568], Best Fitness = 17.997838894807646, Evaluations = 2176
Generation 34: Best Solution = [  -3.40148142   16.64768578  128.60754578   36.10061035  -50.66488543
   55.16717445   39.66543059 -186.39708278   64.87489863   62.69383568], Best Fitness = 17.997838894807646, Evaluations = 2240
Generation 35: Best Solution = [  -3.40148142   16.64768578  128.60754578   36.10061035  -50.66488543
   55.16717445   39.66543059 -186.39708278   64.87489863   62.69383568], Best Fitness = 17.997838894807646, Evaluations = 2304
Generation 36: Best Solution = [-30.76183758  46.12958538 -13.21246472 -73.65937164  84.58940794
 113.88658867  14.42508564  26.9819764   33.05766648  49.76828276], Best Fitness = 9.326979720798017, Evaluations = 2368
Generation 37: Best Solution = [-30.76183758  46.12958538 -13.21246472 -73.65937164  84.58940794
 113.88658867  14.42508564  26.9819764   33.05766648  49.76828276], Best Fitness = 9.326979720798017, Evaluations = 2432
Generation 38: Best Solution = [-19.77469028 -12.2103591  -52.82502363  22.11493065 -63.28103649
 -82.84652567   3.25936908  -3.81860648  25.04512123  25.78028715], Best Fitness = 5.0013216256128326, Evaluations = 2496
Generation 39: Best Solution = [-19.77469028 -12.2103591  -52.82502363  22.11493065 -63.28103649
 -82.84652567   3.25936908  -3.81860648  25.04512123  25.78028715], Best Fitness = 5.0013216256128326, Evaluations = 2560
Generation 40: Best Solution = [-19.77469028 -12.2103591  -52.82502363  22.11493065 -63.28103649
 -82.84652567   3.25936908  -3.81860648  25.04512123  25.78028715], Best Fitness = 5.0013216256128326, Evaluations = 2624
Generation 41: Best Solution = [-19.77469028 -12.2103591  -52.82502363  22.11493065 -63.28103649
 -82.84652567   3.25936908  -3.81860648  25.04512123  25.78028715], Best Fitness = 5.0013216256128326, Evaluations = 2688
Generation 42: Best Solution = [-19.77469028 -12.2103591  -52.82502363  22.11493065 -63.28103649
 -82.84652567   3.25936908  -3.81860648  25.04512123  25.78028715], Best Fitness = 4.635587085638955, Evaluations = 2752
Generation 43: Best Solution = [-19.77469028 -12.2103591  -52.82502363  22.11493065 -63.28103649
 -82.84652567   3.25936908  -3.81860648  25.04512123  25.78028715], Best Fitness = 4.635587085638955, Evaluations = 2816
Generation 44: Best Solution = [-19.77469028 -12.2103591  -52.82502363  22.11493065 -63.28103649
 -82.84652567   3.25936908  -3.81860648  25.04512123  25.78028715], Best Fitness = 4.635587085638955, Evaluations = 2880
Generation 45: Best Solution = [-19.77469028 -12.2103591  -52.82502363  22.11493065 -63.28103649
 -82.84652567   3.25936908  -3.81860648  25.04512123  25.78028715], Best Fitness = 4.635587085638955, Evaluations = 2944
Generation 46: Best Solution = [-19.77469028 -12.2103591  -52.82502363  22.11493065 -63.28103649
 -82.84652567   3.25936908  -3.81860648  25.04512123  25.78028715], Best Fitness = 4.635587085638955, Evaluations = 3008
Generation 47: Best Solution = [-19.77469028 -12.2103591  -52.82502363  22.11493065 -63.28103649
 -82.84652567   3.25936908  -3.81860648  25.04512123  25.78028715], Best Fitness = 4.635587085638955, Evaluations = 3072
Generation 48: Best Solution = [-19.77469028 -12.2103591  -52.82502363  22.11493065 -63.28103649
 -82.84652567   3.25936908  -3.81860648  25.04512123  25.78028715], Best Fitness = 4.635587085638955, Evaluations = 3136
Generation 49: Best Solution = [-20.8435415   26.40257311  70.02767866 -37.50799708   8.28612507
  45.39461941  14.37711551  36.20385465  49.92287797  -9.98906124], Best Fitness = 4.533576590982471, Evaluations = 3200
Generation 50: Best Solution = [-20.8435415   26.40257311  70.02767866 -37.50799708   8.28612507
  45.39461941  14.37711551  36.20385465  49.92287797  -9.98906124], Best Fitness = 4.533576590982471, Evaluations = 3264
Generation 51: Best Solution = [-20.8435415   26.40257311  70.02767866 -37.50799708   8.28612507
  45.39461941  14.37711551  36.20385465  49.92287797  -9.98906124], Best Fitness = 4.533576590982471, Evaluations = 3328
Generation 52: Best Solution = [-20.8435415   26.40257311  70.02767866 -37.50799708   8.28612507
  45.39461941  14.37711551  36.20385465  49.92287797  -9.98906124], Best Fitness = 4.533576590982471, Evaluations = 3392
Generation 53: Best Solution = [-20.8435415   26.40257311  70.02767866 -37.50799708   8.28612507
  45.39461941  14.37711551  36.20385465  49.92287797  -9.98906124], Best Fitness = 4.533576590982471, Evaluations = 3456
Generation 54: Best Solution = [-20.8435415   26.40257311  70.02767866 -37.50799708   8.28612507
  45.39461941  14.37711551  36.20385465  49.92287797  -9.98906124], Best Fitness = 4.533576590982471, Evaluations = 3520
Generation 55: Best Solution = [ 23.74487173 -18.44929374  -6.61143876 -26.14647247  56.44408734
 -75.95734592  20.46834391  -3.92184837 -11.18908291   2.65020457], Best Fitness = 3.787184434689516, Evaluations = 3584
Generation 56: Best Solution = [ 23.74487173 -18.44929374  -6.61143876 -26.14647247  56.44408734
 -75.95734592  20.46834391  -3.92184837 -11.18908291   2.65020457], Best Fitness = 3.787184434689516, Evaluations = 3648
Generation 57: Best Solution = [ -3.24304945  10.72793564   5.43539037  -9.85219239  61.97040361
 -48.73846739  23.13129046  33.07436565  -0.62241812  30.64170594], Best Fitness = 3.270209206676505, Evaluations = 3712
Generation 58: Best Solution = [-23.5705446  -15.47121575  -1.68686672   7.30465957  36.42943186
  57.73215734 -34.00526107 -16.85324059  36.97770918 -13.83395063], Best Fitness = 3.127588797599162, Evaluations = 3776
Generation 59: Best Solution = [-23.5705446  -15.47121575  -1.68686672   7.30465957  36.42943186
  57.73215734 -34.00526107 -16.85324059  36.97770918 -13.83395063], Best Fitness = 3.127588797599162, Evaluations = 3840
Generation 60: Best Solution = [-23.5705446  -15.47121575  -1.68686672   7.30465957  36.42943186
  57.73215734 -34.00526107 -16.85324059  36.97770918 -13.83395063], Best Fitness = 3.127588797599162, Evaluations = 3904
Generation 61: Best Solution = [-23.5705446  -15.47121575  -1.68686672   7.30465957  36.42943186
  57.73215734 -34.00526107 -16.85324059  36.97770918 -13.83395063], Best Fitness = 3.127588797599162, Evaluations = 3968
Generation 62: Best Solution = [  9.6745055   -5.2618377  -21.41268725  -2.92323465 -10.75744143
  -8.79655721 -39.97894133  63.2660484  -16.56339443  36.32759496], Best Fitness = 2.9961099054456155, Evaluations = 4032
Generation 63: Best Solution = [  9.6745055   -5.2618377  -21.41268725  -2.92323465 -10.75744143
  -8.79655721 -39.97894133  63.2660484  -16.56339443  36.32759496], Best Fitness = 2.9961099054456155, Evaluations = 4096
Generation 64: Best Solution = [ -3.4249422  -18.44929374  -6.61143876 -26.14647247  27.80534804
  48.60044601  20.46834391   8.69175554 -40.78702887   3.41069197], Best Fitness = 2.605077951677777, Evaluations = 4160
Generation 65: Best Solution = [ -3.4249422  -18.44929374  -6.61143876 -26.14647247  27.80534804
  48.60044601  20.46834391   8.69175554 -40.78702887   3.41069197], Best Fitness = 2.605077951677777, Evaluations = 4224
Generation 66: Best Solution = [ 23.4132884  -10.13189374 -35.53695896 -16.05413037 -30.28437249
 -40.16916818 -27.63778041  19.0784384    0.78563424   4.37108432], Best Fitness = 2.462484913181763, Evaluations = 4288
Generation 67: Best Solution = [ 23.4132884  -10.13189374 -35.53695896 -16.05413037 -30.28437249
 -40.16916818 -27.63778041  19.0784384    0.78563424   4.37108432], Best Fitness = 2.462484913181763, Evaluations = 4352
Generation 68: Best Solution = [-15.54380319 -23.40006983 -29.14509977 -29.96768663  13.47878059
  -2.58772621  30.9189341   -9.69571724  -8.68279686 -24.68311253], Best Fitness = 2.111970011627965, Evaluations = 4416
Generation 69: Best Solution = [ -3.01192235  -7.75040996 -15.88774363  17.72103943   6.31586841
  -9.62935268  14.64273646 -14.05797739 -14.96003294  46.33351284], Best Fitness = 1.8783160471887537, Evaluations = 4480
Generation 70: Best Solution = [ -3.01192235  -7.75040996 -15.88774363  17.72103943   6.31586841
  -9.62935268  14.64273646 -14.05797739 -14.96003294  46.33351284], Best Fitness = 1.8783160471887537, Evaluations = 4544
Generation 71: Best Solution = [ -3.01192235  -7.75040996 -15.88774363  17.72103943   6.31586841
  -9.62935268  14.64273646 -14.05797739 -14.96003294  46.33351284], Best Fitness = 1.8783160471887537, Evaluations = 4608
Generation 72: Best Solution = [ -3.01192235  -7.75040996 -15.88774363  17.72103943   6.31586841
  -9.62935268  14.64273646 -14.05797739 -14.96003294  46.33351284], Best Fitness = 1.8783160471887537, Evaluations = 4672
Generation 73: Best Solution = [ -3.01192235  -7.75040996 -15.88774363  17.72103943   6.31586841
  -9.62935268  14.64273646 -14.05797739 -14.96003294  46.33351284], Best Fitness = 1.8783160471887537, Evaluations = 4736
Generation 74: Best Solution = [ -3.01192235  -7.75040996 -15.88774363  17.72103943   6.31586841
  -9.62935268  14.64273646 -14.05797739 -14.96003294  46.33351284], Best Fitness = 1.8783160471887537, Evaluations = 4800
Generation 75: Best Solution = [ 19.5970759    2.01229658   8.47367095  19.34335864 -29.61571971
 -11.82458709 -15.6942128   28.73912842  20.59323079   4.95555023], Best Fitness = 1.8429612593709122, Evaluations = 4864
Generation 76: Best Solution = [ -3.4249422   25.43830099 -10.46639145  16.0954315  -10.83428318
 -21.17943491  20.46834391  22.54585493   1.10650585   3.41069197], Best Fitness = 1.6333137158468731, Evaluations = 4928
Generation 77: Best Solution = [ -3.4249422   25.43830099 -10.46639145  16.0954315  -10.83428318
 -21.17943491  20.46834391  22.54585493   1.10650585   3.41069197], Best Fitness = 1.6333137158468731, Evaluations = 4992
Generation 78: Best Solution = [ -3.4249422   25.43830099 -10.46639145  16.0954315  -10.83428318
 -21.17943491  20.46834391  22.54585493   1.10650585   3.41069197], Best Fitness = 1.6333137158468731, Evaluations = 5056
Generation 79: Best Solution = [ -3.4249422   25.43830099 -10.46639145  16.0954315  -10.83428318
 -21.17943491  20.46834391  22.54585493   1.10650585   3.41069197], Best Fitness = 1.6333137158468731, Evaluations = 5120
Generation 80: Best Solution = [ -3.4249422   25.43830099 -10.46639145  16.0954315  -10.83428318
 -21.17943491  20.46834391  22.54585493   1.10650585   3.41069197], Best Fitness = 1.6333137158468731, Evaluations = 5184
Generation 81: Best Solution = [ -7.74884665  13.39203449  -3.81561151 -19.15185203  -4.88373531
   4.12364446   1.74108287  -9.0594167   22.33413751  30.45350891], Best Fitness = 1.544452437042431, Evaluations = 5248
Generation 82: Best Solution = [ -7.74884665  13.39203449  -3.81561151 -19.15185203  -4.88373531
   4.12364446   1.74108287  -9.0594167   22.33413751  30.45350891], Best Fitness = 1.544452437042431, Evaluations = 5312
Generation 83: Best Solution = [ -7.74884665  13.39203449  -3.81561151 -19.15185203  -4.88373531
   4.12364446   1.74108287  -9.0594167   22.33413751  30.45350891], Best Fitness = 1.544452437042431, Evaluations = 5376
Generation 84: Best Solution = [ -7.74884665  13.39203449  -3.81561151 -19.15185203  -4.88373531
   4.12364446   1.74108287  -9.0594167   22.33413751  30.45350891], Best Fitness = 1.544452437042431, Evaluations = 5440
Generation 85: Best Solution = [ 19.5970759   11.61652379  10.14799176  -9.77329143  -2.28430134
   1.17847535 -15.6942128    2.31169642   1.81704974   4.95555023], Best Fitness = 1.2509386169397099, Evaluations = 5504
Generation 86: Best Solution = [ 19.5970759   11.61652379  10.14799176  -9.77329143  -2.28430134
   1.17847535 -15.6942128    2.31169642   1.81704974   4.95555023], Best Fitness = 1.2509386169397099, Evaluations = 5568
Generation 87: Best Solution = [ -2.28142431  -8.17455332  -3.66576629  -5.56459329  -0.1707728
   4.41659486  15.91302756  -1.9290543   16.83348051 -13.74699628], Best Fitness = 1.2296457448008749, Evaluations = 5632
Generation 88: Best Solution = [ -2.28142431  -8.17455332  -3.66576629  -5.56459329  -0.1707728
   4.41659486  15.91302756  -1.9290543   16.83348051 -13.74699628], Best Fitness = 1.2296457448008749, Evaluations = 5696
Generation 89: Best Solution = [ -2.28142431  -8.17455332  -3.66576629  -5.56459329  -0.1707728
   4.41659486  15.91302756  -1.9290543   16.83348051 -13.74699628], Best Fitness = 1.2296457448008749, Evaluations = 5760
Generation 90: Best Solution = [ -2.28142431  -8.17455332  -3.66576629  -5.56459329  -0.1707728
   4.41659486  15.91302756  -1.9290543   16.83348051 -13.74699628], Best Fitness = 1.2296457448008749, Evaluations = 5824
Generation 91: Best Solution = [ -2.28142431  -8.17455332  -3.66576629  -5.56459329  -0.1707728
   4.41659486  15.91302756  -1.9290543   16.83348051 -13.74699628], Best Fitness = 1.2296457448008749, Evaluations = 5888
Generation 92: Best Solution = [ -2.28142431  -8.17455332  -3.66576629  -5.56459329  -0.1707728
   4.41659486  15.91302756  -1.9290543   16.83348051 -13.74699628], Best Fitness = 1.2296457448008749, Evaluations = 5952
Generation 93: Best Solution = [ 8.3574857   2.53651793 16.40206623 -2.4248215   6.09069992 -4.92006395
  6.15294064  1.37895738 -4.6472748   0.37024349], Best Fitness = 1.1183079121452915, Evaluations = 6016
Generation 94: Best Solution = [ 8.3574857   2.53651793 16.40206623 -2.4248215   6.09069992 -4.92006395
  6.15294064  1.37895738 -4.6472748   0.37024349], Best Fitness = 1.1183079121452915, Evaluations = 6080
Generation 95: Best Solution = [ 8.3574857   2.53651793 16.40206623 -2.4248215   6.09069992 -4.92006395
  6.15294064  1.37895738 -4.6472748   0.37024349], Best Fitness = 1.1183079121452915, Evaluations = 6144
Generation 96: Best Solution = [ 8.3574857   2.53651793 16.40206623 -2.4248215   6.09069992 -4.92006395
  6.15294064  1.37895738 -4.6472748   0.37024349], Best Fitness = 1.1183079121452915, Evaluations = 6208
Generation 97: Best Solution = [ 8.3574857   2.53651793 16.40206623 -2.4248215   6.09069992 -4.92006395
  6.15294064  1.37895738 -4.6472748   0.37024349], Best Fitness = 1.1183079121452915, Evaluations = 6272
Generation 98: Best Solution = [-14.71008922  -2.18710104  10.14799176   4.7195601   -2.28430134
   1.17847535   8.20391044   2.31169642   1.81704974   4.95555023], Best Fitness = 1.1133932695400015, Evaluations = 6336
Generation 99: Best Solution = [-14.71008922  -2.18710104  10.14799176   4.7195601   -2.28430134
   1.17847535   8.20391044   2.31169642   1.81704974   4.95555023], Best Fitness = 1.1133932695400015, Evaluations = 6400
Generation 100: Best Solution = [-14.71008922  -2.18710104  10.14799176   4.7195601   -2.28430134
   1.17847535   8.20391044   2.31169642   1.81704974   4.95555023], Best Fitness = 1.1133932695400015, Evaluations = 6464
Generation 101: Best Solution = [-14.71008922  -2.18710104  10.14799176   4.7195601   -2.28430134
   1.17847535   8.20391044   2.31169642   1.81704974   4.95555023], Best Fitness = 1.1133932695400015, Evaluations = 6528
Generation 102: Best Solution = [-14.71008922  -2.18710104  10.14799176   4.7195601   -2.28430134
   1.17847535   8.20391044   2.31169642   1.81704974   4.95555023], Best Fitness = 1.1133932695400015, Evaluations = 6592
Generation 103: Best Solution = [-14.71008922  -2.18710104  10.14799176   4.7195601   -2.28430134
   1.17847535   8.20391044   2.31169642   1.81704974   4.95555023], Best Fitness = 1.1133932695400015, Evaluations = 6656
Generation 104: Best Solution = [-14.71008922  -2.18710104  10.14799176   4.7195601   -2.28430134
   1.17847535   8.20391044   2.31169642   1.81704974   4.95555023], Best Fitness = 1.1133932695400015, Evaluations = 6720
Generation 105: Best Solution = [ 8.63045545  4.23456594  7.22262337 -0.4189896  -0.78891752 10.87482724
  4.3430372  -8.88807856 -3.71409184  2.86135776], Best Fitness = 1.0946093732211863, Evaluations = 6784
Generation 106: Best Solution = [-3.26024135 -0.68816972  2.36042323 -5.1298729   8.0470609  13.98570092
  1.77143428  1.59724077  4.84311665  3.8086982 ], Best Fitness = 1.085565225537207, Evaluations = 6848
Generation 107: Best Solution = [ 0.41966201 -2.48940628 -1.90234996 -4.52655515 -0.19490973 -2.09290297
  5.92161005  6.63187977  8.98288831 -4.56194207], Best Fitness = 1.0556510497149738, Evaluations = 6912
Generation 108: Best Solution = [ 0.41966201 -2.48940628 -1.90234996 -4.52655515 -0.19490973 -2.09290297
  5.92161005  6.63187977  8.98288831 -4.56194207], Best Fitness = 1.0556510497149738, Evaluations = 6976
Generation 109: Best Solution = [ 6.01960467  5.57886121 12.69819295 -5.86986883  0.93306546  2.22058344
  0.05417485 -0.09080042 -8.80855659 12.33638861], Best Fitness = 0.9937124137803599, Evaluations = 7040
Generation 110: Best Solution = [ 6.01960467  5.57886121 12.69819295 -5.86986883  0.93306546  2.22058344
  0.05417485 -0.09080042 -8.80855659 12.33638861], Best Fitness = 0.9937124137803599, Evaluations = 7104
Generation 111: Best Solution = [ 6.01960467  5.57886121 12.69819295 -5.86986883  0.93306546  2.22058344
  0.05417485 -0.09080042 -8.80855659 12.33638861], Best Fitness = 0.9937124137803599, Evaluations = 7168
Generation 112: Best Solution = [ 6.01960467  5.57886121 12.69819295 -5.86986883  0.93306546  2.22058344
  0.05417485 -0.09080042 -8.80855659 12.33638861], Best Fitness = 0.9937124137803599, Evaluations = 7232
Generation 113: Best Solution = [ 6.01960467  5.57886121 12.69819295 -5.86986883  0.93306546  2.22058344
  0.05417485 -0.09080042 -8.80855659 12.33638861], Best Fitness = 0.9937124137803599, Evaluations = 7296
Generation 114: Best Solution = [  5.58296933  -4.42358179 -11.62845443  -6.28717021   8.14809523
   1.1862492   -8.26317339   2.852596    -2.30121728   1.37152551], Best Fitness = 0.906544297821962, Evaluations = 7360
Generation 115: Best Solution = [  5.58296933  -4.42358179 -11.62845443  -6.28717021   8.14809523
   1.1862492   -8.26317339   2.852596    -2.30121728   1.37152551], Best Fitness = 0.906544297821962, Evaluations = 7424
Generation 116: Best Solution = [  5.58296933  -4.42358179 -11.62845443  -6.28717021   8.14809523
   1.1862492   -8.26317339   2.852596    -2.30121728   1.37152551], Best Fitness = 0.906544297821962, Evaluations = 7488
Generation 117: Best Solution = [  5.58296933  -4.42358179 -11.62845443  -6.28717021   8.14809523
   1.1862492   -8.26317339   2.852596    -2.30121728   1.37152551], Best Fitness = 0.906544297821962, Evaluations = 7552
Generation 118: Best Solution = [  5.58296933  -4.42358179 -11.62845443  -6.28717021   8.14809523
   1.1862492   -8.26317339   2.852596    -2.30121728   1.37152551], Best Fitness = 0.906544297821962, Evaluations = 7616
Generation 119: Best Solution = [  5.58296933  -4.42358179 -11.62845443  -6.28717021   8.14809523
   1.1862492   -8.26317339   2.852596    -2.30121728   1.37152551], Best Fitness = 0.906544297821962, Evaluations = 7680
Generation 120: Best Solution = [  5.58296933  -4.42358179 -11.62845443  -6.28717021   8.14809523
   1.1862492   -8.26317339   2.852596    -2.30121728   1.37152551], Best Fitness = 0.906544297821962, Evaluations = 7744
Generation 121: Best Solution = [  5.58296933  -4.42358179 -11.62845443  -6.28717021   8.14809523
   1.1862492   -8.26317339   2.852596    -2.30121728   1.37152551], Best Fitness = 0.906544297821962, Evaluations = 7808
Generation 122: Best Solution = [  5.58296933  -4.42358179 -11.62845443  -6.28717021   8.14809523
   1.1862492   -8.26317339   2.852596    -2.30121728   1.37152551], Best Fitness = 0.906544297821962, Evaluations = 7872
Generation 123: Best Solution = [  5.58296933  -4.42358179 -11.62845443  -6.28717021   8.14809523
   1.1862492   -8.26317339   2.852596    -2.30121728   1.37152551], Best Fitness = 0.906544297821962, Evaluations = 7936
Generation 124: Best Solution = [ 6.01960467  5.57886121 16.75087909 -5.86986883 -1.17439015  8.41194625
  0.05417485 -0.09080042  1.38485156 -1.73358203], Best Fitness = 0.7123456628973892, Evaluations = 8000
Generation 125: Best Solution = [ 6.01960467  5.57886121 16.75087909 -5.86986883 -1.17439015  8.41194625
  0.05417485 -0.09080042  1.38485156 -1.73358203], Best Fitness = 0.7123456628973892, Evaluations = 8064
Generation 126: Best Solution = [ 3.01939152 -0.22735344  5.80703741 -0.64342401 -5.7153933  -0.57751792
  9.32257796  0.45349329  1.21351539  1.55325123], Best Fitness = 0.49497537734407193, Evaluations = 8128
Generation 127: Best Solution = [ 3.01939152 -0.22735344  5.80703741 -0.64342401 -5.7153933  -0.57751792
  9.32257796  0.45349329  1.21351539  1.55325123], Best Fitness = 0.49497537734407193, Evaluations = 8192
Generation 128: Best Solution = [ 3.01939152 -0.22735344  5.80703741 -0.64342401 -5.7153933  -0.57751792
  9.32257796  0.45349329  1.21351539  1.55325123], Best Fitness = 0.49497537734407193, Evaluations = 8256
Generation 129: Best Solution = [ 3.01939152 -0.22735344  5.80703741 -0.64342401 -5.7153933  -0.57751792
  9.32257796  0.45349329  1.21351539  1.55325123], Best Fitness = 0.49497537734407193, Evaluations = 8320
Generation 130: Best Solution = [ 3.01939152 -0.22735344  5.80703741 -0.64342401 -5.7153933  -0.57751792
  9.32257796  0.45349329  1.21351539  1.55325123], Best Fitness = 0.49497537734407193, Evaluations = 8384
Generation 131: Best Solution = [ 3.01939152 -0.22735344  5.80703741 -0.64342401 -5.7153933  -0.57751792
  9.32257796  0.45349329  1.21351539  1.55325123], Best Fitness = 0.49497537734407193, Evaluations = 8448
Generation 132: Best Solution = [ 3.01939152 -0.22735344  5.80703741 -0.64342401 -5.7153933  -0.57751792
  9.32257796  0.45349329  1.21351539  1.55325123], Best Fitness = 0.49497537734407193, Evaluations = 8512
Generation 133: Best Solution = [ 3.01939152 -0.22735344  5.80703741 -0.64342401 -5.7153933  -0.57751792
  9.32257796  0.45349329  1.21351539  1.55325123], Best Fitness = 0.49497537734407193, Evaluations = 8576
Generation 134: Best Solution = [ 3.01939152 -0.22735344  5.80703741 -0.64342401 -5.7153933  -0.57751792
  9.32257796  0.45349329  1.21351539  1.55325123], Best Fitness = 0.49497537734407193, Evaluations = 8640
Generation 135: Best Solution = [ 3.01939152 -0.22735344  5.80703741 -0.64342401 -5.7153933  -0.57751792
  9.32257796  0.45349329  1.21351539  1.55325123], Best Fitness = 0.49497537734407193, Evaluations = 8704
Generation 136: Best Solution = [ 3.01939152 -0.22735344  5.80703741 -0.64342401 -5.7153933  -0.57751792
  9.32257796  0.45349329  1.21351539  1.55325123], Best Fitness = 0.49497537734407193, Evaluations = 8768
Generation 137: Best Solution = [ 3.01939152 -0.22735344  5.80703741 -0.64342401 -5.7153933  -0.57751792
  9.32257796  0.45349329  1.21351539  1.55325123], Best Fitness = 0.49497537734407193, Evaluations = 8832
Generation 138: Best Solution = [ 3.01939152 -0.22735344  5.80703741 -0.64342401 -5.7153933  -0.57751792
  9.32257796  0.45349329  1.21351539  1.55325123], Best Fitness = 0.49497537734407193, Evaluations = 8896
Generation 139: Best Solution = [ 3.01939152 -0.22735344  5.80703741 -0.64342401 -5.7153933  -0.57751792
  9.32257796  0.45349329  1.21351539  1.55325123], Best Fitness = 0.49497537734407193, Evaluations = 8960
Generation 140: Best Solution = [ 3.01939152 -0.22735344  5.80703741 -0.64342401 -5.7153933  -0.57751792
  9.32257796  0.45349329  1.21351539  1.55325123], Best Fitness = 0.49497537734407193, Evaluations = 9024
Generation 141: Best Solution = [ 3.01939152 -0.22735344  5.80703741 -0.64342401 -5.7153933  -0.57751792
  9.32257796  0.45349329  1.21351539  1.55325123], Best Fitness = 0.46982818640917856, Evaluations = 9088
Generation 142: Best Solution = [ 3.01939152 -0.22735344  5.80703741 -0.64342401 -5.7153933  -0.57751792
  9.32257796  0.45349329  1.21351539  1.55325123], Best Fitness = 0.46982818640917856, Evaluations = 9152
Generation 143: Best Solution = [ 3.01939152 -0.22735344  5.80703741 -0.64342401 -5.7153933  -0.57751792
  9.32257796  0.45349329  1.21351539  1.55325123], Best Fitness = 0.46982818640917856, Evaluations = 9216
Generation 144: Best Solution = [ 3.01939152 -0.22735344  5.80703741 -0.64342401 -5.7153933  -0.57751792
  9.32257796  0.45349329  1.21351539  1.55325123], Best Fitness = 0.46982818640917856, Evaluations = 9280
Generation 145: Best Solution = [ 3.01939152 -0.22735344  5.80703741 -0.64342401 -5.7153933  -0.57751792
  9.32257796  0.45349329  1.21351539  1.55325123], Best Fitness = 0.46982818640917856, Evaluations = 9344
Generation 146: Best Solution = [ 3.01939152 -0.22735344  5.80703741 -0.64342401 -5.7153933  -0.57751792
  9.32257796  0.45349329  1.21351539  1.55325123], Best Fitness = 0.46982818640917856, Evaluations = 9408
Generation 147: Best Solution = [ 3.01939152 -0.22735344  5.80703741 -0.64342401 -5.7153933  -0.57751792
  9.32257796  0.45349329  1.21351539  1.55325123], Best Fitness = 0.46982818640917856, Evaluations = 9472
Generation 148: Best Solution = [ 3.01939152 -0.22735344  5.80703741 -0.64342401 -5.7153933  -0.57751792
  9.32257796  0.45349329  1.21351539  1.55325123], Best Fitness = 0.46982818640917856, Evaluations = 9536
Generation 149: Best Solution = [ 3.01939152 -0.22735344  5.80703741 -0.64342401 -5.7153933  -0.57751792
  9.32257796  0.45349329  1.21351539  1.55325123], Best Fitness = 0.46982818640917856, Evaluations = 9600
Generation 150: Best Solution = [ 3.01939152 -0.22735344  5.80703741 -0.64342401 -5.7153933  -0.57751792
  9.32257796  0.45349329  1.21351539  1.55325123], Best Fitness = 0.46982818640917856, Evaluations = 9664
Generation 151: Best Solution = [ 3.01939152 -0.22735344  5.80703741 -0.64342401 -5.7153933  -0.57751792
  9.32257796  0.45349329  1.21351539  1.55325123], Best Fitness = 0.46982818640917856, Evaluations = 9728
Generation 152: Best Solution = [ 3.01939152 -0.22735344  5.80703741 -0.64342401 -5.7153933  -0.57751792
  9.32257796  0.45349329  1.21351539  1.55325123], Best Fitness = 0.46982818640917856, Evaluations = 9792
Generation 153: Best Solution = [ 3.01939152 -0.22735344  5.80703741 -0.64342401 -5.7153933  -0.57751792
  9.32257796  0.45349329  1.21351539  1.55325123], Best Fitness = 0.46982818640917856, Evaluations = 9856
Generation 154: Best Solution = [ 3.01939152 -0.22735344  5.80703741 -0.64342401 -5.7153933  -0.57751792
  9.32257796  0.45349329  1.21351539  1.55325123], Best Fitness = 0.46982818640917856, Evaluations = 9920
Generation 155: Best Solution = [ 3.01939152 -0.22735344  5.80703741 -0.64342401 -5.7153933  -0.57751792
  9.32257796  0.45349329  1.21351539  1.55325123], Best Fitness = 0.46982818640917856, Evaluations = 9984
Generation 156: Best Solution = [ 3.01939152 -0.22735344  5.80703741 -0.64342401 -5.7153933  -0.57751792
  9.32257796  0.45349329  1.21351539  1.55325123], Best Fitness = 0.46982818640917856, Evaluations = 10048
