Algorithm: Differential Evolution
Objective Function: Griewank
Dimension: 10
Population Size: 128
Max Evaluations: 10000

Generation 0: Best Solution = [ 141.93754159 -106.71745499 -325.75341033  185.14865849  105.99943025
  178.65628369  186.86730497    7.35481728 -316.6710744    32.7535834 ], Best Fitness = 88.85222199800299, Evaluations = 128
Generation 1: Best Solution = [ 141.93754159 -106.71745499 -325.75341033  185.14865849  105.99943025
  178.65628369  186.86730497    7.35481728 -316.6710744    32.7535834 ], Best Fitness = 88.85222199800299, Evaluations = 256
Generation 2: Best Solution = [ 141.93754159 -106.71745499 -325.75341033  185.14865849  105.99943025
  178.65628369  186.86730497    7.35481728 -316.6710744    32.7535834 ], Best Fitness = 88.85222199800299, Evaluations = 384
Generation 3: Best Solution = [ 141.93754159 -106.71745499 -325.75341033  185.14865849  105.99943025
  178.65628369  186.86730497    7.35481728 -316.6710744    32.7535834 ], Best Fitness = 88.85222199800299, Evaluations = 512
Generation 4: Best Solution = [-105.23343174 -369.02150788  -89.57283539  139.39944021  188.89220995
  -21.70591183  -11.84874042  -14.22217953 -142.01927342 -161.71148266], Best Fitness = 65.38011445433641, Evaluations = 640
Generation 5: Best Solution = [-105.23343174 -369.02150788  -89.57283539  139.39944021  188.89220995
  -21.70591183  -11.84874042  -14.22217953 -142.01927342 -161.71148266], Best Fitness = 65.38011445433641, Evaluations = 768
Generation 6: Best Solution = [-105.23343174 -369.02150788  -89.57283539  139.39944021  188.89220995
  -21.70591183  -11.84874042  -14.22217953 -142.01927342 -161.71148266], Best Fitness = 65.38011445433641, Evaluations = 896
Generation 7: Best Solution = [-105.23343174 -369.02150788  -89.57283539  139.39944021  188.89220995
  -21.70591183  -11.84874042  -14.22217953 -142.01927342 -161.71148266], Best Fitness = 65.38011445433641, Evaluations = 1024
Generation 8: Best Solution = [ -31.55480638  -51.88637715  154.12094094    3.18863896 -191.41832173
   90.67635225 -158.82748903  142.42241203  103.9116324   -42.20979511], Best Fitness = 33.59864276953198, Evaluations = 1152
Generation 9: Best Solution = [ -31.55480638  -51.88637715  154.12094094    3.18863896 -191.41832173
   90.67635225 -158.82748903  142.42241203  103.9116324   -42.20979511], Best Fitness = 33.59864276953198, Evaluations = 1280
Generation 10: Best Solution = [ -31.55480638  -51.88637715  154.12094094    3.18863896 -191.41832173
   90.67635225 -158.82748903  142.42241203  103.9116324   -42.20979511], Best Fitness = 33.59864276953198, Evaluations = 1408
Generation 11: Best Solution = [ -31.55480638  -51.88637715  154.12094094    3.18863896 -191.41832173
   90.67635225 -158.82748903  142.42241203  103.9116324   -42.20979511], Best Fitness = 33.59864276953198, Evaluations = 1536
Generation 12: Best Solution = [ -31.55480638  -51.88637715  154.12094094    3.18863896 -191.41832173
   90.67635225 -158.82748903  142.42241203  103.9116324   -42.20979511], Best Fitness = 33.59864276953198, Evaluations = 1664
Generation 13: Best Solution = [ -31.55480638  -51.88637715  154.12094094    3.18863896 -191.41832173
   90.67635225 -158.82748903  142.42241203  103.9116324   -42.20979511], Best Fitness = 33.59864276953198, Evaluations = 1792
Generation 14: Best Solution = [ -31.55480638  -51.88637715  154.12094094    3.18863896 -191.41832173
   90.67635225 -158.82748903  142.42241203  103.9116324   -42.20979511], Best Fitness = 33.59864276953198, Evaluations = 1920
Generation 15: Best Solution = [ -31.55480638  -51.88637715  154.12094094    3.18863896 -191.41832173
   90.67635225 -158.82748903  142.42241203  103.9116324   -42.20979511], Best Fitness = 33.59864276953198, Evaluations = 2048
Generation 16: Best Solution = [-171.8994356   -55.34489213  -84.94636008  -93.34027797  -49.4043498
  -62.01573952  -37.33278361  -44.45187695 -213.43104304  -98.6854789 ], Best Fitness = 29.37250656030798, Evaluations = 2176
Generation 17: Best Solution = [-171.8994356   -55.34489213  -84.94636008  -93.34027797  -49.4043498
  -62.01573952  -37.33278361  -44.45187695 -213.43104304  -98.6854789 ], Best Fitness = 29.37250656030798, Evaluations = 2304
Generation 18: Best Solution = [-171.8994356   -55.34489213  -84.94636008  -93.34027797  -49.4043498
  -62.01573952  -37.33278361  -44.45187695 -213.43104304  -98.6854789 ], Best Fitness = 29.37250656030798, Evaluations = 2432
Generation 19: Best Solution = [-171.8994356   -55.34489213  -84.94636008  -93.34027797  -49.4043498
  -62.01573952  -37.33278361  -44.45187695 -213.43104304  -98.6854789 ], Best Fitness = 29.37250656030798, Evaluations = 2560
Generation 20: Best Solution = [   7.31747955  -34.81133775   19.85192441  258.81565618  -17.0984337
  -46.56649798  -37.45822913  104.65692736 -108.65777252  -36.38743395], Best Fitness = 25.148116673103985, Evaluations = 2688
Generation 21: Best Solution = [   7.31747955  -34.81133775   19.85192441  258.81565618  -17.0984337
  -46.56649798  -37.45822913  104.65692736 -108.65777252  -36.38743395], Best Fitness = 25.148116673103985, Evaluations = 2816
Generation 22: Best Solution = [   7.31747955  -34.81133775   19.85192441  258.81565618  -17.0984337
  -46.56649798  -37.45822913  104.65692736 -108.65777252  -36.38743395], Best Fitness = 25.148116673103985, Evaluations = 2944
Generation 23: Best Solution = [   7.31747955  -34.81133775   19.85192441  258.81565618  -17.0984337
  -46.56649798  -37.45822913  104.65692736 -108.65777252  -36.38743395], Best Fitness = 25.148116673103985, Evaluations = 3072
Generation 24: Best Solution = [ -23.27175462  -17.99776678  154.57880574   86.0186361   -50.75565714
  138.97499221 -109.16129315   17.25512456  111.4030385   125.24490292], Best Fitness = 24.581610523340196, Evaluations = 3200
Generation 25: Best Solution = [ 32.45324521  47.01495118 -46.63384725  -6.51885959 -69.40519568
 -40.25054927 -46.20061243 -78.74424403  13.84793443 -77.24758004], Best Fitness = 7.602793050182778, Evaluations = 3328
Generation 26: Best Solution = [ 32.45324521  47.01495118 -46.63384725  -6.51885959 -69.40519568
 -40.25054927 -46.20061243 -78.74424403  13.84793443 -77.24758004], Best Fitness = 7.602793050182778, Evaluations = 3456
Generation 27: Best Solution = [ 32.45324521  47.01495118 -46.63384725  -6.51885959 -69.40519568
 -40.25054927 -46.20061243 -78.74424403  13.84793443 -77.24758004], Best Fitness = 7.602793050182778, Evaluations = 3584
Generation 28: Best Solution = [ 32.45324521  47.01495118 -46.63384725  -6.51885959 -69.40519568
 -40.25054927 -46.20061243 -78.74424403  13.84793443 -77.24758004], Best Fitness = 7.602793050182778, Evaluations = 3712
Generation 29: Best Solution = [  9.91682885   7.10660322 -45.98023082  29.51263568  67.60199539
 -43.26172997  49.60670522  31.69116884   8.36466574 -81.15825927], Best Fitness = 5.924933292661019, Evaluations = 3840
Generation 30: Best Solution = [  9.91682885   7.10660322 -45.98023082  29.51263568  67.60199539
 -43.26172997  49.60670522  31.69116884   8.36466574 -81.15825927], Best Fitness = 5.924933292661019, Evaluations = 3968
Generation 31: Best Solution = [  9.91682885   7.10660322 -45.98023082  29.51263568  67.60199539
 -43.26172997  49.60670522  31.69116884   8.36466574 -81.15825927], Best Fitness = 5.924933292661019, Evaluations = 4096
Generation 32: Best Solution = [  9.91682885   7.10660322 -45.98023082  29.51263568  67.60199539
 -43.26172997  49.60670522  31.69116884   8.36466574 -81.15825927], Best Fitness = 5.924933292661019, Evaluations = 4224
Generation 33: Best Solution = [  9.91682885   7.10660322 -45.98023082  29.51263568  67.60199539
 -43.26172997  49.60670522  31.69116884   8.36466574 -81.15825927], Best Fitness = 5.924933292661019, Evaluations = 4352
Generation 34: Best Solution = [  9.91682885   7.10660322 -45.98023082  29.51263568  67.60199539
 -43.26172997  49.60670522  31.69116884   8.36466574 -81.15825927], Best Fitness = 5.924933292661019, Evaluations = 4480
Generation 35: Best Solution = [  9.91682885   7.10660322 -45.98023082  29.51263568  67.60199539
 -43.26172997  49.60670522  31.69116884   8.36466574 -81.15825927], Best Fitness = 5.924933292661019, Evaluations = 4608
Generation 36: Best Solution = [  9.91682885   7.10660322 -45.98023082  29.51263568  67.60199539
 -43.26172997  49.60670522  31.69116884   8.36466574 -81.15825927], Best Fitness = 5.924933292661019, Evaluations = 4736
Generation 37: Best Solution = [  9.91682885   7.10660322 -45.98023082  29.51263568  67.60199539
 -43.26172997  49.60670522  31.69116884   8.36466574 -81.15825927], Best Fitness = 5.924933292661019, Evaluations = 4864
Generation 38: Best Solution = [  9.91682885   7.10660322 -45.98023082  29.51263568  67.60199539
 -43.26172997  49.60670522  31.69116884   8.36466574 -81.15825927], Best Fitness = 5.924933292661019, Evaluations = 4992
Generation 39: Best Solution = [  9.91682885   7.10660322 -45.98023082  29.51263568  67.60199539
 -43.26172997  49.60670522  31.69116884   8.36466574 -81.15825927], Best Fitness = 5.924933292661019, Evaluations = 5120
Generation 40: Best Solution = [  9.91682885   7.10660322 -45.98023082  29.51263568  67.60199539
 -43.26172997  49.60670522  31.69116884   8.36466574 -81.15825927], Best Fitness = 5.924933292661019, Evaluations = 5248
Generation 41: Best Solution = [  9.91682885   7.10660322 -45.98023082  29.51263568  67.60199539
 -43.26172997  49.60670522  31.69116884   8.36466574 -81.15825927], Best Fitness = 5.924933292661019, Evaluations = 5376
Generation 42: Best Solution = [  9.91682885   7.10660322 -45.98023082  29.51263568  67.60199539
 -43.26172997  49.60670522  31.69116884   8.36466574 -81.15825927], Best Fitness = 5.924933292661019, Evaluations = 5504
Generation 43: Best Solution = [  9.91682885   7.10660322 -45.98023082  29.51263568  67.60199539
 -43.26172997  49.60670522  31.69116884   8.36466574 -81.15825927], Best Fitness = 5.924933292661019, Evaluations = 5632
Generation 44: Best Solution = [ -6.47745839 -37.22895545   7.68725348 -10.53564145 -54.37047489
  11.3051513   17.22224315  -6.522104   -77.15063441  34.30593033], Best Fitness = 4.037291132580757, Evaluations = 5760
Generation 45: Best Solution = [ -2.31020516  28.50533598  18.92195058  47.24365195   9.11142779
 -15.90449124  -0.79067248  22.67240939  13.25794169 -38.40237255], Best Fitness = 2.477278542073515, Evaluations = 5888
Generation 46: Best Solution = [ -2.31020516  28.50533598  18.92195058  47.24365195   9.11142779
 -15.90449124  -0.79067248  22.67240939  13.25794169 -38.40237255], Best Fitness = 2.477278542073515, Evaluations = 6016
Generation 47: Best Solution = [ -2.31020516  28.50533598  18.92195058  47.24365195   9.11142779
 -15.90449124  -0.79067248  22.67240939  13.25794169 -38.40237255], Best Fitness = 2.477278542073515, Evaluations = 6144
Generation 48: Best Solution = [ -2.31020516  28.50533598  18.92195058  47.24365195   9.11142779
 -15.90449124  -0.79067248  22.67240939  13.25794169 -38.40237255], Best Fitness = 2.477278542073515, Evaluations = 6272
Generation 49: Best Solution = [ -2.31020516  28.50533598  18.92195058  47.24365195   9.11142779
 -15.90449124  -0.79067248  22.67240939  13.25794169 -38.40237255], Best Fitness = 2.477278542073515, Evaluations = 6400
Generation 50: Best Solution = [ -6.47745839 -13.56859453   7.68725348 -10.53564145 -43.02171356
   4.10361296  49.28851518  -6.522104    -4.21037977  -6.58974827], Best Fitness = 2.1999408051132447, Evaluations = 6528
Generation 51: Best Solution = [ -6.47745839 -13.56859453   7.68725348 -10.53564145 -43.02171356
   4.10361296  49.28851518  -6.522104    -4.21037977  -6.58974827], Best Fitness = 2.1999408051132447, Evaluations = 6656
Generation 52: Best Solution = [ -6.47745839 -13.56859453   7.68725348 -10.53564145 -43.02171356
   4.10361296  49.28851518  -6.522104    -4.21037977  -6.58974827], Best Fitness = 2.1999408051132447, Evaluations = 6784
Generation 53: Best Solution = [ -6.47745839 -13.56859453   7.68725348 -10.53564145 -43.02171356
   4.10361296  49.28851518  -6.522104    -4.21037977  -6.58974827], Best Fitness = 2.1999408051132447, Evaluations = 6912
Generation 54: Best Solution = [ -6.47745839 -13.56859453   7.68725348 -10.53564145 -43.02171356
   4.10361296  49.28851518  -6.522104    -4.21037977  -6.58974827], Best Fitness = 2.1999408051132447, Evaluations = 7040
Generation 55: Best Solution = [ -6.47745839 -13.56859453   7.68725348 -10.53564145 -43.02171356
   4.10361296  49.28851518  -6.522104    -4.21037977  -6.58974827], Best Fitness = 1.2789501934714969, Evaluations = 7168
Generation 56: Best Solution = [ -6.47745839 -13.56859453   7.68725348 -10.53564145 -43.02171356
   4.10361296  49.28851518  -6.522104    -4.21037977  -6.58974827], Best Fitness = 1.2789501934714969, Evaluations = 7296
Generation 57: Best Solution = [ -6.47745839 -13.56859453   7.68725348 -10.53564145 -43.02171356
   4.10361296  49.28851518  -6.522104    -4.21037977  -6.58974827], Best Fitness = 1.2789501934714969, Evaluations = 7424
Generation 58: Best Solution = [ -6.47745839 -13.56859453   7.68725348 -10.53564145 -43.02171356
   4.10361296  49.28851518  -6.522104    -4.21037977  -6.58974827], Best Fitness = 1.2789501934714969, Evaluations = 7552
Generation 59: Best Solution = [ -6.47745839 -13.56859453   7.68725348 -10.53564145 -43.02171356
   4.10361296  49.28851518  -6.522104    -4.21037977  -6.58974827], Best Fitness = 1.2789501934714969, Evaluations = 7680
Generation 60: Best Solution = [ -6.47745839 -13.56859453   7.68725348 -10.53564145 -43.02171356
   4.10361296  49.28851518  -6.522104    -4.21037977  -6.58974827], Best Fitness = 1.2789501934714969, Evaluations = 7808
Generation 61: Best Solution = [ -6.47745839 -13.56859453   7.68725348 -10.53564145 -43.02171356
   4.10361296  49.28851518  -6.522104    -4.21037977  -6.58974827], Best Fitness = 1.2789501934714969, Evaluations = 7936
Generation 62: Best Solution = [ -6.47745839 -13.56859453   7.68725348 -10.53564145 -43.02171356
   4.10361296  49.28851518  -6.522104    -4.21037977  -6.58974827], Best Fitness = 1.2789501934714969, Evaluations = 8064
Generation 63: Best Solution = [ -6.47745839 -13.56859453   7.68725348 -10.53564145 -43.02171356
   4.10361296  49.28851518  -6.522104    -4.21037977  -6.58974827], Best Fitness = 1.2789501934714969, Evaluations = 8192
Generation 64: Best Solution = [ -6.47745839 -13.56859453   7.68725348 -10.53564145 -43.02171356
   4.10361296  49.28851518  -6.522104    -4.21037977  -6.58974827], Best Fitness = 1.2789501934714969, Evaluations = 8320
Generation 65: Best Solution = [ -6.47745839 -13.56859453   7.68725348 -10.53564145 -43.02171356
   4.10361296  49.28851518  -6.522104    -4.21037977  -6.58974827], Best Fitness = 1.2789501934714969, Evaluations = 8448
Generation 66: Best Solution = [ -6.47745839 -13.56859453   7.68725348 -10.53564145 -43.02171356
   4.10361296  49.28851518  -6.522104    -4.21037977  -6.58974827], Best Fitness = 1.2789501934714969, Evaluations = 8576
Generation 67: Best Solution = [ -6.47745839 -13.56859453   7.68725348 -10.53564145 -43.02171356
   4.10361296  49.28851518  -6.522104    -4.21037977  -6.58974827], Best Fitness = 1.2789501934714969, Evaluations = 8704
Generation 68: Best Solution = [ -6.47745839 -13.56859453   7.68725348 -10.53564145 -43.02171356
   4.10361296  49.28851518  -6.522104    -4.21037977  -6.58974827], Best Fitness = 1.2789501934714969, Evaluations = 8832
Generation 69: Best Solution = [ -6.47745839 -13.56859453   7.68725348 -10.53564145 -43.02171356
   4.10361296  49.28851518  -6.522104    -4.21037977  -6.58974827], Best Fitness = 1.2789501934714969, Evaluations = 8960
Generation 70: Best Solution = [ -6.47745839 -13.56859453   7.68725348 -10.53564145 -43.02171356
   4.10361296  49.28851518  -6.522104    -4.21037977  -6.58974827], Best Fitness = 1.2789501934714969, Evaluations = 9088
Generation 71: Best Solution = [ -6.47745839 -13.56859453   7.68725348 -10.53564145 -43.02171356
   4.10361296  49.28851518  -6.522104    -4.21037977  -6.58974827], Best Fitness = 1.2789501934714969, Evaluations = 9216
Generation 72: Best Solution = [ -6.47745839 -13.56859453   7.68725348 -10.53564145 -43.02171356
   4.10361296  49.28851518  -6.522104    -4.21037977  -6.58974827], Best Fitness = 1.2789501934714969, Evaluations = 9344
Generation 73: Best Solution = [ -6.47745839 -13.56859453   7.68725348 -10.53564145 -43.02171356
   4.10361296  49.28851518  -6.522104    -4.21037977  -6.58974827], Best Fitness = 1.2789501934714969, Evaluations = 9472
Generation 74: Best Solution = [ -6.47745839 -13.56859453   7.68725348 -10.53564145 -43.02171356
   4.10361296  49.28851518  -6.522104    -4.21037977  -6.58974827], Best Fitness = 1.2789501934714969, Evaluations = 9600
Generation 75: Best Solution = [ -6.47745839 -13.56859453   7.68725348 -10.53564145 -43.02171356
   4.10361296  49.28851518  -6.522104    -4.21037977  -6.58974827], Best Fitness = 1.2789501934714969, Evaluations = 9728
Generation 76: Best Solution = [  5.03837624 -20.696313     9.44747385   2.93950474  -1.03318632
 -15.17421332  12.26783574  -6.15301275  -5.45379835   3.21746048], Best Fitness = 1.2527981510633492, Evaluations = 9856
Generation 77: Best Solution = [  5.03837624 -20.696313     9.44747385   2.93950474  -1.03318632
 -15.17421332  12.26783574  -6.15301275  -5.45379835   3.21746048], Best Fitness = 1.2527981510633492, Evaluations = 9984
Generation 78: Best Solution = [  5.03837624 -20.696313     9.44747385   2.93950474  -1.03318632
 -15.17421332  12.26783574  -6.15301275  -5.45379835   3.21746048], Best Fitness = 1.2527981510633492, Evaluations = 10112
