Algorithm: Differential Evolution
Objective Function: Griewank
Dimension: 10
Population Size: 64
Max Evaluations: 10000

Generation 0: Best Solution = [ 251.20306119 -201.85607601 -327.63177684 -100.22579751 -136.23847821
 -176.88745808 -163.87212454 -111.28162192 -120.27501606  -23.41040513], Best Fitness = 82.33540971121042, Evaluations = 64
Generation 1: Best Solution = [ 251.20306119 -201.85607601 -327.63177684 -100.22579751 -136.23847821
 -176.88745808 -163.87212454 -111.28162192 -120.27501606  -23.41040513], Best Fitness = 82.33540971121042, Evaluations = 128
Generation 2: Best Solution = [ 251.20306119 -201.85607601 -327.63177684 -100.22579751 -136.23847821
 -176.88745808 -163.87212454 -111.28162192 -120.27501606  -23.41040513], Best Fitness = 82.33540971121042, Evaluations = 192
Generation 3: Best Solution = [ 251.20306119 -201.85607601 -327.63177684 -100.22579751 -136.23847821
 -176.88745808 -163.87212454 -111.28162192 -120.27501606  -23.41040513], Best Fitness = 82.33540971121042, Evaluations = 256
Generation 4: Best Solution = [ 251.20306119 -201.85607601 -327.63177684 -100.22579751 -136.23847821
 -176.88745808 -163.87212454 -111.28162192 -120.27501606  -23.41040513], Best Fitness = 82.33540971121042, Evaluations = 320
Generation 5: Best Solution = [ 251.20306119 -201.85607601 -327.63177684 -100.22579751 -136.23847821
 -176.88745808 -163.87212454 -111.28162192 -120.27501606  -23.41040513], Best Fitness = 82.33540971121042, Evaluations = 384
Generation 6: Best Solution = [  83.53740596 -199.49955814   65.96796167  193.41107393   23.71295203
  146.50300463 -233.85795704 -156.18211278   93.83130148  146.32656226], Best Fitness = 55.95511675189201, Evaluations = 448
Generation 7: Best Solution = [  83.53740596 -199.49955814   65.96796167  193.41107393   23.71295203
  146.50300463 -233.85795704 -156.18211278   93.83130148  146.32656226], Best Fitness = 55.95511675189201, Evaluations = 512
Generation 8: Best Solution = [  83.53740596 -199.49955814   65.96796167  193.41107393   23.71295203
  146.50300463 -233.85795704 -156.18211278   93.83130148  146.32656226], Best Fitness = 55.95511675189201, Evaluations = 576
Generation 9: Best Solution = [  83.53740596 -199.49955814   65.96796167  193.41107393   23.71295203
  146.50300463 -233.85795704 -156.18211278   93.83130148  146.32656226], Best Fitness = 55.95511675189201, Evaluations = 640
Generation 10: Best Solution = [  83.53740596 -199.49955814   65.96796167  193.41107393   23.71295203
  146.50300463 -233.85795704 -156.18211278   93.83130148  146.32656226], Best Fitness = 55.95511675189201, Evaluations = 704
Generation 11: Best Solution = [  43.68442674   76.59795826  -61.47170677   28.10934181 -245.37794246
  191.8605987  -222.79399185  -91.60266603   13.6501774   -84.27667607], Best Fitness = 44.67047232188635, Evaluations = 768
Generation 12: Best Solution = [  43.68442674   76.59795826  -61.47170677   28.10934181 -245.37794246
  191.8605987  -222.79399185  -91.60266603   13.6501774   -84.27667607], Best Fitness = 44.67047232188635, Evaluations = 832
Generation 13: Best Solution = [  43.68442674   76.59795826  -61.47170677   28.10934181 -245.37794246
  191.8605987  -222.79399185  -91.60266603   13.6501774   -84.27667607], Best Fitness = 44.67047232188635, Evaluations = 896
Generation 14: Best Solution = [  79.43417115   52.74193187    0.66031574  152.13131338 -208.34233142
 -168.14031773   66.36309904  136.40663729 -146.32417363  -10.74409164], Best Fitness = 38.11884706039597, Evaluations = 960
Generation 15: Best Solution = [ 102.14167322   39.79738168    8.91874498  -64.47823882  -73.70203305
   -9.99508458  232.33045918  164.97865748   -8.98371815 -148.04838948], Best Fitness = 32.24498199119688, Evaluations = 1024
Generation 16: Best Solution = [   3.86907155  -88.71289041 -171.23254208   46.46672735  104.43416949
   -1.66769216   87.81755331  154.37714337  -56.45790564 -114.91913374], Best Fitness = 25.55274353792013, Evaluations = 1088
Generation 17: Best Solution = [   3.86907155  -88.71289041 -171.23254208   46.46672735  104.43416949
   -1.66769216   87.81755331  154.37714337  -56.45790564 -114.91913374], Best Fitness = 25.55274353792013, Evaluations = 1152
Generation 18: Best Solution = [   3.86907155  -88.71289041 -171.23254208   46.46672735  104.43416949
   -1.66769216   87.81755331  154.37714337  -56.45790564 -114.91913374], Best Fitness = 10.026035236558512, Evaluations = 1216
Generation 19: Best Solution = [   3.86907155  -88.71289041 -171.23254208   46.46672735  104.43416949
   -1.66769216   87.81755331  154.37714337  -56.45790564 -114.91913374], Best Fitness = 10.026035236558512, Evaluations = 1280
Generation 20: Best Solution = [   3.86907155  -88.71289041 -171.23254208   46.46672735  104.43416949
   -1.66769216   87.81755331  154.37714337  -56.45790564 -114.91913374], Best Fitness = 10.026035236558512, Evaluations = 1344
Generation 21: Best Solution = [   3.86907155  -88.71289041 -171.23254208   46.46672735  104.43416949
   -1.66769216   87.81755331  154.37714337  -56.45790564 -114.91913374], Best Fitness = 10.026035236558512, Evaluations = 1408
Generation 22: Best Solution = [   3.86907155  -88.71289041 -171.23254208   46.46672735  104.43416949
   -1.66769216   87.81755331  154.37714337  -56.45790564 -114.91913374], Best Fitness = 10.026035236558512, Evaluations = 1472
Generation 23: Best Solution = [   3.86907155  -88.71289041 -171.23254208   46.46672735  104.43416949
   -1.66769216   87.81755331  154.37714337  -56.45790564 -114.91913374], Best Fitness = 10.026035236558512, Evaluations = 1536
Generation 24: Best Solution = [   3.86907155  -88.71289041 -171.23254208   46.46672735  104.43416949
   -1.66769216   87.81755331  154.37714337  -56.45790564 -114.91913374], Best Fitness = 10.026035236558512, Evaluations = 1600
Generation 25: Best Solution = [   3.86907155  -88.71289041 -171.23254208   46.46672735  104.43416949
   -1.66769216   87.81755331  154.37714337  -56.45790564 -114.91913374], Best Fitness = 10.026035236558512, Evaluations = 1664
Generation 26: Best Solution = [   3.86907155  -88.71289041 -171.23254208   46.46672735  104.43416949
   -1.66769216   87.81755331  154.37714337  -56.45790564 -114.91913374], Best Fitness = 10.026035236558512, Evaluations = 1728
Generation 27: Best Solution = [   3.86907155  -88.71289041 -171.23254208   46.46672735  104.43416949
   -1.66769216   87.81755331  154.37714337  -56.45790564 -114.91913374], Best Fitness = 10.026035236558512, Evaluations = 1792
Generation 28: Best Solution = [   3.86907155  -88.71289041 -171.23254208   46.46672735  104.43416949
   -1.66769216   87.81755331  154.37714337  -56.45790564 -114.91913374], Best Fitness = 10.026035236558512, Evaluations = 1856
Generation 29: Best Solution = [   3.86907155  -88.71289041 -171.23254208   46.46672735  104.43416949
   -1.66769216   87.81755331  154.37714337  -56.45790564 -114.91913374], Best Fitness = 10.026035236558512, Evaluations = 1920
Generation 30: Best Solution = [   3.86907155  -88.71289041 -171.23254208   46.46672735  104.43416949
   -1.66769216   87.81755331  154.37714337  -56.45790564 -114.91913374], Best Fitness = 10.026035236558512, Evaluations = 1984
Generation 31: Best Solution = [-79.00495807   9.8238706   35.13447991  46.39497713  57.62646695
  58.09201618  30.89661208 -13.4402899   64.35402149  54.95322962], Best Fitness = 7.179321058874253, Evaluations = 2048
Generation 32: Best Solution = [-79.00495807   9.8238706   35.13447991  46.39497713  57.62646695
  58.09201618  30.89661208 -13.4402899   64.35402149  54.95322962], Best Fitness = 7.179321058874253, Evaluations = 2112
Generation 33: Best Solution = [-10.8547657  -56.22491947  29.85031    -13.79756674   7.82921102
 -27.04198818  13.25200632  26.14590011  58.01801376 -84.01831593], Best Fitness = 5.109362908711508, Evaluations = 2176
Generation 34: Best Solution = [-10.8547657  -56.22491947  29.85031    -13.79756674   7.82921102
 -27.04198818  13.25200632  26.14590011  58.01801376 -84.01831593], Best Fitness = 5.109362908711508, Evaluations = 2240
Generation 35: Best Solution = [-17.74600534  56.96884476  23.53791832  11.74812932 -16.17012368
   3.69881515  54.21515376   1.04124632   8.17177834 -17.30157944], Best Fitness = 2.958785719798515, Evaluations = 2304
Generation 36: Best Solution = [-17.74600534  56.96884476  23.53791832  11.74812932 -16.17012368
   3.69881515  54.21515376   1.04124632   8.17177834 -17.30157944], Best Fitness = 2.958785719798515, Evaluations = 2368
Generation 37: Best Solution = [-17.74600534  56.96884476  23.53791832  11.74812932 -16.17012368
   3.69881515  54.21515376   1.04124632   8.17177834 -17.30157944], Best Fitness = 2.958785719798515, Evaluations = 2432
Generation 38: Best Solution = [-17.74600534  56.96884476  23.53791832  11.74812932 -16.17012368
   3.69881515  54.21515376   1.04124632   8.17177834 -17.30157944], Best Fitness = 2.958785719798515, Evaluations = 2496
Generation 39: Best Solution = [-17.74600534  56.96884476  23.53791832  11.74812932 -16.17012368
   3.69881515  54.21515376   1.04124632   8.17177834 -17.30157944], Best Fitness = 2.958785719798515, Evaluations = 2560
Generation 40: Best Solution = [-17.74600534  56.96884476  23.53791832  11.74812932 -16.17012368
   3.69881515  54.21515376   1.04124632   8.17177834 -17.30157944], Best Fitness = 2.958785719798515, Evaluations = 2624
Generation 41: Best Solution = [-17.74600534  56.96884476  23.53791832  11.74812932 -16.17012368
   3.69881515  54.21515376   1.04124632   8.17177834 -17.30157944], Best Fitness = 2.958785719798515, Evaluations = 2688
Generation 42: Best Solution = [-17.74600534  56.96884476  23.53791832  11.74812932 -16.17012368
   3.69881515  54.21515376   1.04124632   8.17177834 -17.30157944], Best Fitness = 2.958785719798515, Evaluations = 2752
Generation 43: Best Solution = [-17.74600534  56.96884476  23.53791832  11.74812932 -16.17012368
   3.69881515  54.21515376   1.04124632   8.17177834 -17.30157944], Best Fitness = 2.958785719798515, Evaluations = 2816
Generation 44: Best Solution = [-17.74600534  56.96884476  23.53791832  11.74812932 -16.17012368
   3.69881515  54.21515376   1.04124632   8.17177834 -17.30157944], Best Fitness = 2.958785719798515, Evaluations = 2880
Generation 45: Best Solution = [-17.74600534  56.96884476  23.53791832  11.74812932 -16.17012368
   3.69881515  54.21515376   1.04124632   8.17177834 -17.30157944], Best Fitness = 2.958785719798515, Evaluations = 2944
Generation 46: Best Solution = [-17.74600534  56.96884476  23.53791832  11.74812932 -16.17012368
   3.69881515  54.21515376   1.04124632   8.17177834 -17.30157944], Best Fitness = 2.958785719798515, Evaluations = 3008
Generation 47: Best Solution = [-17.74600534  56.96884476  23.53791832  11.74812932 -16.17012368
   3.69881515  54.21515376   1.04124632   8.17177834 -17.30157944], Best Fitness = 2.958785719798515, Evaluations = 3072
Generation 48: Best Solution = [-17.74600534  56.96884476  23.53791832  11.74812932 -16.17012368
   3.69881515  54.21515376   1.04124632   8.17177834 -17.30157944], Best Fitness = 2.958785719798515, Evaluations = 3136
Generation 49: Best Solution = [-17.74600534  56.96884476  23.53791832  11.74812932 -16.17012368
   3.69881515  54.21515376   1.04124632   8.17177834 -17.30157944], Best Fitness = 2.958785719798515, Evaluations = 3200
Generation 50: Best Solution = [-17.74600534  56.96884476  23.53791832  11.74812932 -16.17012368
   3.69881515  54.21515376   1.04124632   8.17177834 -17.30157944], Best Fitness = 2.958785719798515, Evaluations = 3264
Generation 51: Best Solution = [-17.74600534  56.96884476  23.53791832  11.74812932 -16.17012368
   3.69881515  54.21515376   1.04124632   8.17177834 -17.30157944], Best Fitness = 2.958785719798515, Evaluations = 3328
Generation 52: Best Solution = [-17.74600534  56.96884476  23.53791832  11.74812932 -16.17012368
   3.69881515  54.21515376   1.04124632   8.17177834 -17.30157944], Best Fitness = 2.958785719798515, Evaluations = 3392
Generation 53: Best Solution = [-17.74600534  56.96884476  23.53791832  11.74812932 -16.17012368
   3.69881515  54.21515376   1.04124632   8.17177834 -17.30157944], Best Fitness = 2.958785719798515, Evaluations = 3456
Generation 54: Best Solution = [ -1.88898028 -19.24293923  40.27740284  34.56132416   8.07957979
  -0.88989326 -29.04372507  49.41601549  -0.69226742 -23.64328617], Best Fitness = 2.7754122935080625, Evaluations = 3520
Generation 55: Best Solution = [ -1.88898028 -19.24293923  40.27740284  34.56132416   8.07957979
  -0.88989326 -29.04372507  49.41601549  -0.69226742 -23.64328617], Best Fitness = 2.7754122935080625, Evaluations = 3584
Generation 56: Best Solution = [-1.25215339e+00 -6.91082488e+00 -5.54885434e+01  2.19714223e-02
 -2.76567450e+01 -5.21774493e+00 -1.21398906e+01  1.00126705e+01
 -6.55647034e+00  1.64263863e+01], Best Fitness = 2.1195170570570987, Evaluations = 3648
Generation 57: Best Solution = [-1.25215339e+00 -6.91082488e+00 -5.54885434e+01  2.19714223e-02
 -2.76567450e+01 -5.21774493e+00 -1.21398906e+01  1.00126705e+01
 -6.55647034e+00  1.64263863e+01], Best Fitness = 2.1195170570570987, Evaluations = 3712
Generation 58: Best Solution = [-24.34066056 -49.86142954  18.51424681 -10.08471471  -7.89608927
   3.55981056   7.71716042  -5.07318499   3.95791446   2.45841575], Best Fitness = 1.9265000454619274, Evaluations = 3776
Generation 59: Best Solution = [-24.34066056 -49.86142954  18.51424681 -10.08471471  -7.89608927
   3.55981056   7.71716042  -5.07318499   3.95791446   2.45841575], Best Fitness = 1.9265000454619274, Evaluations = 3840
Generation 60: Best Solution = [-24.34066056 -49.86142954  18.51424681 -10.08471471  -7.89608927
   3.55981056   7.71716042  -5.07318499   3.95791446   2.45841575], Best Fitness = 1.9265000454619274, Evaluations = 3904
Generation 61: Best Solution = [-24.34066056 -49.86142954  18.51424681 -10.08471471  -7.89608927
   3.55981056   7.71716042  -5.07318499   3.95791446   2.45841575], Best Fitness = 1.9265000454619274, Evaluations = 3968
Generation 62: Best Solution = [-24.34066056 -49.86142954  18.51424681 -10.08471471  -7.89608927
   3.55981056   7.71716042  -5.07318499   3.95791446   2.45841575], Best Fitness = 1.9265000454619274, Evaluations = 4032
Generation 63: Best Solution = [ -1.25215339  -6.91082488  16.00537049  -7.2773008  -12.23376022
  -4.60284829  10.46908797  20.56896557  -6.55647034  16.42638625], Best Fitness = 1.344689076549993, Evaluations = 4096
Generation 64: Best Solution = [ -1.25215339  -6.91082488  16.00537049  -7.2773008  -12.23376022
  -4.60284829  10.46908797  20.56896557  -6.55647034  16.42638625], Best Fitness = 1.344689076549993, Evaluations = 4160
Generation 65: Best Solution = [ -1.25215339  -6.91082488  16.00537049  -7.2773008  -12.23376022
  -4.60284829  10.46908797  20.56896557  -6.55647034  16.42638625], Best Fitness = 1.344689076549993, Evaluations = 4224
Generation 66: Best Solution = [ -1.25215339  -6.91082488  16.00537049  -7.2773008  -12.23376022
  -4.60284829  10.46908797  20.56896557  -6.55647034  16.42638625], Best Fitness = 1.344689076549993, Evaluations = 4288
Generation 67: Best Solution = [ -1.25215339  -6.91082488  16.00537049  -7.2773008  -12.23376022
  -4.60284829  10.46908797  20.56896557  -6.55647034  16.42638625], Best Fitness = 1.344689076549993, Evaluations = 4352
Generation 68: Best Solution = [ -1.25215339  -6.91082488  16.00537049  -7.2773008  -12.23376022
  -4.60284829  10.46908797  20.56896557  -6.55647034  16.42638625], Best Fitness = 1.344689076549993, Evaluations = 4416
Generation 69: Best Solution = [ -1.25215339  -6.91082488  16.00537049  -7.2773008  -12.23376022
  -4.60284829  10.46908797  20.56896557  -6.55647034  16.42638625], Best Fitness = 1.344689076549993, Evaluations = 4480
Generation 70: Best Solution = [ -1.25215339  -6.91082488  16.00537049  -7.2773008  -12.23376022
  -4.60284829  10.46908797  20.56896557  -6.55647034  16.42638625], Best Fitness = 1.344689076549993, Evaluations = 4544
Generation 71: Best Solution = [ -1.25215339  -6.91082488  16.00537049  -7.2773008  -12.23376022
  -4.60284829  10.46908797  20.56896557  -6.55647034  16.42638625], Best Fitness = 1.344689076549993, Evaluations = 4608
Generation 72: Best Solution = [ -1.25215339  -6.91082488  16.00537049  -7.2773008  -12.23376022
  -4.60284829  10.46908797  20.56896557  -6.55647034  16.42638625], Best Fitness = 1.344689076549993, Evaluations = 4672
Generation 73: Best Solution = [ -1.25215339  -6.91082488  16.00537049  -7.2773008  -12.23376022
  -4.60284829  10.46908797  20.56896557  -6.55647034  16.42638625], Best Fitness = 1.344689076549993, Evaluations = 4736
Generation 74: Best Solution = [ -1.25215339  -6.91082488  16.00537049  -7.2773008  -12.23376022
  -4.60284829  10.46908797  20.56896557  -6.55647034  16.42638625], Best Fitness = 1.2470263287566903, Evaluations = 4800
Generation 75: Best Solution = [ -1.25215339  -6.91082488  16.00537049  -7.2773008  -12.23376022
  -4.60284829  10.46908797  20.56896557  -6.55647034  16.42638625], Best Fitness = 1.2470263287566903, Evaluations = 4864
Generation 76: Best Solution = [ -1.25215339  -6.91082488  16.00537049  -7.2773008  -12.23376022
  -4.60284829  10.46908797  20.56896557  -6.55647034  16.42638625], Best Fitness = 1.2470263287566903, Evaluations = 4928
Generation 77: Best Solution = [ -1.25215339  -6.91082488  16.00537049  -7.2773008  -12.23376022
  -4.60284829  10.46908797  20.56896557  -6.55647034  16.42638625], Best Fitness = 1.2470263287566903, Evaluations = 4992
Generation 78: Best Solution = [ -1.25215339  -6.91082488  16.00537049  -7.2773008  -12.23376022
  -4.60284829  10.46908797  20.56896557  -6.55647034  16.42638625], Best Fitness = 1.2470263287566903, Evaluations = 5056
Generation 79: Best Solution = [ -1.25215339  -6.91082488  16.00537049  -7.2773008  -12.23376022
  -4.60284829  10.46908797  20.56896557  -6.55647034  16.42638625], Best Fitness = 1.2470263287566903, Evaluations = 5120
Generation 80: Best Solution = [ -1.25215339  -6.91082488  16.00537049  -7.2773008  -12.23376022
  -4.60284829  10.46908797  20.56896557  -6.55647034  16.42638625], Best Fitness = 1.2470263287566903, Evaluations = 5184
Generation 81: Best Solution = [ -1.25215339  -6.91082488  16.00537049  -7.2773008  -12.23376022
  -4.60284829  10.46908797  20.56896557  -6.55647034  16.42638625], Best Fitness = 1.2470263287566903, Evaluations = 5248
Generation 82: Best Solution = [ -1.25215339  -6.91082488  16.00537049  -7.2773008  -12.23376022
  -4.60284829  10.46908797  20.56896557  -6.55647034  16.42638625], Best Fitness = 1.2470263287566903, Evaluations = 5312
Generation 83: Best Solution = [  0.72058032  -6.93644713 -14.67677165 -13.97993183   6.15823659
   8.20683932   1.57096583   8.09235169   6.29171373   1.67443692], Best Fitness = 1.1886270451363714, Evaluations = 5376
Generation 84: Best Solution = [  0.72058032  -6.93644713 -14.67677165 -13.97993183   6.15823659
   8.20683932   1.57096583   8.09235169   6.29171373   1.67443692], Best Fitness = 1.1886270451363714, Evaluations = 5440
Generation 85: Best Solution = [  0.72058032  -6.93644713 -14.67677165 -13.97993183   6.15823659
   8.20683932   1.57096583   8.09235169   6.29171373   1.67443692], Best Fitness = 1.1886270451363714, Evaluations = 5504
Generation 86: Best Solution = [  0.72058032  -6.93644713 -14.67677165 -13.97993183   6.15823659
   8.20683932   1.57096583   8.09235169   6.29171373   1.67443692], Best Fitness = 1.1886270451363714, Evaluations = 5568
Generation 87: Best Solution = [  0.72058032  -6.93644713 -14.67677165 -13.97993183   6.15823659
   8.20683932   1.57096583   8.09235169   6.29171373   1.67443692], Best Fitness = 1.1886270451363714, Evaluations = 5632
Generation 88: Best Solution = [  0.72058032  -6.93644713 -14.67677165 -13.97993183   6.15823659
   8.20683932   1.57096583   8.09235169   6.29171373   1.67443692], Best Fitness = 1.1886270451363714, Evaluations = 5696
Generation 89: Best Solution = [  0.72058032  -6.93644713 -14.67677165 -13.97993183   6.15823659
   8.20683932   1.57096583   8.09235169   6.29171373   1.67443692], Best Fitness = 1.1886270451363714, Evaluations = 5760
Generation 90: Best Solution = [ -6.35704993 -14.44546392  -2.62157156  12.72079897   8.62116201
  -2.04190927   8.38317701   1.31706847   1.175341    -4.8487988 ], Best Fitness = 1.1489224957822841, Evaluations = 5824
Generation 91: Best Solution = [ -6.35704993 -14.44546392  -2.62157156  12.72079897   8.62116201
  -2.04190927   8.38317701   1.31706847   1.175341    -4.8487988 ], Best Fitness = 1.0846897266942834, Evaluations = 5888
Generation 92: Best Solution = [ -6.35704993 -14.44546392  -2.62157156  12.72079897   8.62116201
  -2.04190927   8.38317701   1.31706847   1.175341    -4.8487988 ], Best Fitness = 1.0846897266942834, Evaluations = 5952
Generation 93: Best Solution = [ -6.35704993 -14.44546392  -2.62157156  12.72079897   8.62116201
  -2.04190927   8.38317701   1.31706847   1.175341    -4.8487988 ], Best Fitness = 1.0846897266942834, Evaluations = 6016
Generation 94: Best Solution = [ -6.35704993 -14.44546392  -2.62157156  12.72079897   8.62116201
  -2.04190927   8.38317701   1.31706847   1.175341    -4.8487988 ], Best Fitness = 1.0846897266942834, Evaluations = 6080
Generation 95: Best Solution = [ -6.35704993 -14.44546392  -2.62157156  12.72079897   8.62116201
  -2.04190927   8.38317701   1.31706847   1.175341    -4.8487988 ], Best Fitness = 1.0846897266942834, Evaluations = 6144
Generation 96: Best Solution = [ -6.35704993 -14.44546392  -2.62157156  12.72079897   8.62116201
  -2.04190927   8.38317701   1.31706847   1.175341    -4.8487988 ], Best Fitness = 1.0846897266942834, Evaluations = 6208
Generation 97: Best Solution = [ -6.35704993 -14.44546392  -2.62157156  12.72079897   8.62116201
  -2.04190927   8.38317701   1.31706847   1.175341    -4.8487988 ], Best Fitness = 1.0846897266942834, Evaluations = 6272
Generation 98: Best Solution = [ -6.35704993 -14.44546392  -2.62157156  12.72079897   8.62116201
  -2.04190927   8.38317701   1.31706847   1.175341    -4.8487988 ], Best Fitness = 1.0846897266942834, Evaluations = 6336
Generation 99: Best Solution = [ -6.35704993 -14.44546392  -2.62157156  12.72079897   8.62116201
  -2.04190927   8.38317701   1.31706847   1.175341    -4.8487988 ], Best Fitness = 1.0846897266942834, Evaluations = 6400
Generation 100: Best Solution = [ 6.02038245e+00  8.61670313e+00 -9.59689865e+00  4.03754367e+00
  7.13280757e+00  5.70246848e+00  5.40074879e+00 -1.58311209e+00
  2.11211074e+00  7.98664220e-03], Best Fitness = 1.0238060959420086, Evaluations = 6464
Generation 101: Best Solution = [ 6.02038245e+00  8.61670313e+00 -9.59689865e+00  4.03754367e+00
  7.13280757e+00  5.70246848e+00  5.40074879e+00 -1.58311209e+00
  2.11211074e+00  7.98664220e-03], Best Fitness = 1.0238060959420086, Evaluations = 6528
Generation 102: Best Solution = [ 6.02038245e+00  8.61670313e+00 -9.59689865e+00  4.03754367e+00
  7.13280757e+00  5.70246848e+00  5.40074879e+00 -1.58311209e+00
  2.11211074e+00  7.98664220e-03], Best Fitness = 1.0238060959420086, Evaluations = 6592
Generation 103: Best Solution = [ 6.02038245e+00  8.61670313e+00 -9.59689865e+00  4.03754367e+00
  7.13280757e+00  5.70246848e+00  5.40074879e+00 -1.58311209e+00
  2.11211074e+00  7.98664220e-03], Best Fitness = 1.0238060959420086, Evaluations = 6656
Generation 104: Best Solution = [ 6.02038245e+00  8.61670313e+00 -9.59689865e+00  4.03754367e+00
  7.13280757e+00  5.70246848e+00  5.40074879e+00 -1.58311209e+00
  2.11211074e+00  7.98664220e-03], Best Fitness = 1.0238060959420086, Evaluations = 6720
Generation 105: Best Solution = [ 6.02038245e+00  8.61670313e+00 -9.59689865e+00  4.03754367e+00
  7.13280757e+00  5.70246848e+00  5.40074879e+00 -1.58311209e+00
  2.11211074e+00  7.98664220e-03], Best Fitness = 1.0238060959420086, Evaluations = 6784
Generation 106: Best Solution = [ 15.88686212  -8.12014797  11.60041803   7.22442881 -14.52199506
 -15.49202487   1.85228886 -17.96912269  -8.24528796  -9.3518247 ], Best Fitness = 0.8937722370553198, Evaluations = 6848
Generation 107: Best Solution = [ 15.88686212  -8.12014797  11.60041803   7.22442881 -14.52199506
 -15.49202487   1.85228886 -17.96912269  -8.24528796  -9.3518247 ], Best Fitness = 0.8937722370553198, Evaluations = 6912
Generation 108: Best Solution = [ 15.88686212  -8.12014797  11.60041803   7.22442881 -14.52199506
 -15.49202487   1.85228886 -17.96912269  -8.24528796  -9.3518247 ], Best Fitness = 0.8937722370553198, Evaluations = 6976
Generation 109: Best Solution = [ 15.88686212  -8.12014797  11.60041803   7.22442881 -14.52199506
 -15.49202487   1.85228886 -17.96912269  -8.24528796  -9.3518247 ], Best Fitness = 0.8937722370553198, Evaluations = 7040
Generation 110: Best Solution = [ 15.88686212  -8.12014797  11.60041803   7.22442881 -14.52199506
 -15.49202487   1.85228886 -17.96912269  -8.24528796  -9.3518247 ], Best Fitness = 0.8937722370553198, Evaluations = 7104
Generation 111: Best Solution = [ 15.88686212  -8.12014797  11.60041803   7.22442881 -14.52199506
 -15.49202487   1.85228886 -17.96912269  -8.24528796  -9.3518247 ], Best Fitness = 0.8937722370553198, Evaluations = 7168
Generation 112: Best Solution = [ 3.09789325 -3.48209571 12.4894247  12.18638613  6.56675127 -7.05692675
  9.06291542  9.39719627  0.34287629 -0.10637686], Best Fitness = 0.7413778554896076, Evaluations = 7232
Generation 113: Best Solution = [ 3.09789325 -3.48209571 12.4894247  12.18638613  6.56675127 -7.05692675
  9.06291542  9.39719627  0.34287629 -0.10637686], Best Fitness = 0.7413778554896076, Evaluations = 7296
Generation 114: Best Solution = [-9.28157412 -4.66131892  9.24232239  0.80962047 -6.44306257  8.25733451
 -0.13203251  1.10278672 -9.92075413  9.54732852], Best Fitness = 0.6768232396739103, Evaluations = 7360
Generation 115: Best Solution = [-9.28157412 -4.66131892  9.24232239  0.80962047 -6.44306257  8.25733451
 -0.13203251  1.10278672 -9.92075413  9.54732852], Best Fitness = 0.6768232396739103, Evaluations = 7424
Generation 116: Best Solution = [-9.28157412 -4.66131892  9.24232239  0.80962047 -6.44306257  8.25733451
 -0.13203251  1.10278672 -9.92075413  9.54732852], Best Fitness = 0.6768232396739103, Evaluations = 7488
Generation 117: Best Solution = [-9.28157412 -4.66131892  9.24232239  0.80962047 -6.44306257  8.25733451
 -0.13203251  1.10278672 -9.92075413  9.54732852], Best Fitness = 0.6768232396739103, Evaluations = 7552
Generation 118: Best Solution = [-9.28157412 -4.66131892  9.24232239  0.80962047 -6.44306257  8.25733451
 -0.13203251  1.10278672 -9.92075413  9.54732852], Best Fitness = 0.6768232396739103, Evaluations = 7616
Generation 119: Best Solution = [-9.28157412 -4.66131892  9.24232239  0.80962047 -6.44306257  8.25733451
 -0.13203251  1.10278672 -9.92075413  9.54732852], Best Fitness = 0.6768232396739103, Evaluations = 7680
Generation 120: Best Solution = [ 0.12471359  5.31702766 10.14786771 -6.84925071  0.11116698 -0.69884627
  6.54102936 -1.01270789 -9.87361285  1.21097803], Best Fitness = 0.6234776031677807, Evaluations = 7744
Generation 121: Best Solution = [ 0.12471359  5.31702766 10.14786771 -6.84925071  0.11116698 -0.69884627
  6.54102936 -1.01270789 -9.87361285  1.21097803], Best Fitness = 0.6234776031677807, Evaluations = 7808
Generation 122: Best Solution = [ 0.12471359  5.31702766 10.14786771 -6.84925071  0.11116698 -0.69884627
  6.54102936 -1.01270789 -9.87361285  1.21097803], Best Fitness = 0.6234776031677807, Evaluations = 7872
Generation 123: Best Solution = [ 0.12471359  5.31702766 10.14786771 -6.84925071  0.11116698 -0.69884627
  6.54102936 -1.01270789 -9.87361285  1.21097803], Best Fitness = 0.6234776031677807, Evaluations = 7936
Generation 124: Best Solution = [ 0.12471359  5.31702766 10.14786771 -6.84925071  0.11116698 -0.69884627
  6.54102936 -1.01270789 -9.87361285  1.21097803], Best Fitness = 0.6234776031677807, Evaluations = 8000
Generation 125: Best Solution = [ 0.12471359  5.31702766 10.14786771 -6.84925071  0.11116698 -0.69884627
  6.54102936 -1.01270789 -9.87361285  1.21097803], Best Fitness = 0.6234776031677807, Evaluations = 8064
Generation 126: Best Solution = [ 0.12471359  5.31702766 10.14786771 -6.84925071  0.11116698 -0.69884627
  6.54102936 -1.01270789 -9.87361285  1.21097803], Best Fitness = 0.6234776031677807, Evaluations = 8128
Generation 127: Best Solution = [ 0.12471359  5.31702766 10.14786771 -6.84925071  0.11116698 -0.69884627
  6.54102936 -1.01270789 -9.87361285  1.21097803], Best Fitness = 0.6234776031677807, Evaluations = 8192
Generation 128: Best Solution = [ 0.12471359  5.31702766 10.14786771 -6.84925071  0.11116698 -0.69884627
  6.54102936 -1.01270789 -9.87361285  1.21097803], Best Fitness = 0.6234776031677807, Evaluations = 8256
Generation 129: Best Solution = [ 9.39361329 -4.0756007  10.58369753 -1.3829055   7.01029085 -5.95983668
 -0.43014095 -0.36379367  0.86663014 -0.4756734 ], Best Fitness = 0.5599012741623576, Evaluations = 8320
Generation 130: Best Solution = [ 9.39361329 -4.0756007  10.58369753 -1.3829055   7.01029085 -5.95983668
 -0.43014095 -0.36379367  0.86663014 -0.4756734 ], Best Fitness = 0.5599012741623576, Evaluations = 8384
Generation 131: Best Solution = [ 9.39361329 -4.0756007  10.58369753 -1.3829055   7.01029085 -5.95983668
 -0.43014095 -0.36379367  0.86663014 -0.4756734 ], Best Fitness = 0.5599012741623576, Evaluations = 8448
Generation 132: Best Solution = [ 9.39361329 -4.0756007  10.58369753 -1.3829055   7.01029085 -5.95983668
 -0.43014095 -0.36379367  0.86663014 -0.4756734 ], Best Fitness = 0.5599012741623576, Evaluations = 8512
Generation 133: Best Solution = [ 9.39361329 -4.0756007  10.58369753 -1.3829055   7.01029085 -5.95983668
 -0.43014095 -0.36379367  0.86663014 -0.4756734 ], Best Fitness = 0.5599012741623576, Evaluations = 8576
Generation 134: Best Solution = [ 9.39361329 -4.0756007  10.58369753 -1.3829055   7.01029085 -5.95983668
 -0.43014095 -0.36379367  0.86663014 -0.4756734 ], Best Fitness = 0.5599012741623576, Evaluations = 8640
Generation 135: Best Solution = [ 9.39361329 -4.0756007  10.58369753 -1.3829055   7.01029085 -5.95983668
 -0.43014095 -0.36379367  0.86663014 -0.4756734 ], Best Fitness = 0.5599012741623576, Evaluations = 8704
Generation 136: Best Solution = [ 9.39361329 -4.0756007  10.58369753 -1.3829055   7.01029085 -5.95983668
 -0.43014095 -0.36379367  0.86663014 -0.4756734 ], Best Fitness = 0.5599012741623576, Evaluations = 8768
Generation 137: Best Solution = [ 9.39361329 -4.0756007  10.58369753 -1.3829055   7.01029085 -5.95983668
 -0.43014095 -0.36379367  0.86663014 -0.4756734 ], Best Fitness = 0.5599012741623576, Evaluations = 8832
Generation 138: Best Solution = [ 9.39361329 -4.0756007  10.58369753 -1.3829055   7.01029085 -5.95983668
 -0.43014095 -0.36379367  0.86663014 -0.4756734 ], Best Fitness = 0.5599012741623576, Evaluations = 8896
Generation 139: Best Solution = [ 9.39361329 -4.0756007  10.58369753 -1.3829055   7.01029085 -5.95983668
 -0.43014095 -0.36379367  0.86663014 -0.4756734 ], Best Fitness = 0.5599012741623576, Evaluations = 8960
Generation 140: Best Solution = [ 9.39361329 -4.0756007  10.58369753 -1.3829055   7.01029085 -5.95983668
 -0.43014095 -0.36379367  0.86663014 -0.4756734 ], Best Fitness = 0.5599012741623576, Evaluations = 9024
Generation 141: Best Solution = [ 0.12471359  5.31702766 -0.02891762  5.53657034  0.11116698 -0.69884627
 -7.99958409  9.69294217  2.11538329  0.49876165], Best Fitness = 0.5384605851415457, Evaluations = 9088
Generation 142: Best Solution = [ 0.12471359  5.31702766 -0.02891762  5.53657034  0.11116698 -0.69884627
 -7.99958409  9.69294217  2.11538329  0.49876165], Best Fitness = 0.5384605851415457, Evaluations = 9152
Generation 143: Best Solution = [ 0.12471359  5.31702766 -0.02891762  5.53657034  0.11116698 -0.69884627
 -7.99958409  9.69294217  2.11538329  0.49876165], Best Fitness = 0.5384605851415457, Evaluations = 9216
Generation 144: Best Solution = [ 0.12471359  5.31702766 -0.02891762  5.53657034  0.11116698 -0.69884627
 -7.99958409  9.69294217  2.11538329  0.49876165], Best Fitness = 0.5384605851415457, Evaluations = 9280
Generation 145: Best Solution = [ 0.12471359  5.31702766 -0.02891762  5.53657034  0.11116698 -0.69884627
 -7.99958409  9.69294217  2.11538329  0.49876165], Best Fitness = 0.5384605851415457, Evaluations = 9344
Generation 146: Best Solution = [ 0.12471359  5.31702766 -0.02891762  5.53657034  0.11116698 -0.69884627
 -7.99958409  9.69294217  2.11538329  0.49876165], Best Fitness = 0.5384605851415457, Evaluations = 9408
Generation 147: Best Solution = [ 0.12471359  5.31702766 -0.02891762  5.53657034  0.11116698 -0.69884627
 -7.99958409  9.69294217  2.11538329  0.49876165], Best Fitness = 0.5384605851415457, Evaluations = 9472
Generation 148: Best Solution = [ 0.12471359  5.31702766 -0.02891762  5.53657034  0.11116698 -0.69884627
 -7.99958409  9.69294217  2.11538329  0.49876165], Best Fitness = 0.5384605851415457, Evaluations = 9536
Generation 149: Best Solution = [ 0.12471359  5.31702766 -0.02891762  5.53657034  0.11116698 -0.69884627
 -7.99958409  9.69294217  2.11538329  0.49876165], Best Fitness = 0.5384605851415457, Evaluations = 9600
Generation 150: Best Solution = [ 0.12471359  5.31702766 -0.02891762  5.53657034  0.11116698 -0.69884627
 -7.99958409  9.69294217  2.11538329  0.49876165], Best Fitness = 0.5384605851415457, Evaluations = 9664
Generation 151: Best Solution = [ 0.12471359  5.31702766 -0.02891762  5.53657034  0.11116698 -0.69884627
 -7.99958409  9.69294217  2.11538329  0.49876165], Best Fitness = 0.5384605851415457, Evaluations = 9728
Generation 152: Best Solution = [ 0.12471359  5.31702766 -0.02891762  5.53657034  0.11116698 -0.69884627
 -7.99958409  9.69294217  2.11538329  0.49876165], Best Fitness = 0.5384605851415457, Evaluations = 9792
Generation 153: Best Solution = [ 0.12471359  5.31702766 -0.02891762  5.53657034  0.11116698 -0.69884627
 -7.99958409  9.69294217  2.11538329  0.49876165], Best Fitness = 0.5384605851415457, Evaluations = 9856
Generation 154: Best Solution = [ 0.12471359  5.31702766 -0.02891762  5.53657034  0.11116698 -0.69884627
 -7.99958409  9.69294217  2.11538329  0.49876165], Best Fitness = 0.5384605851415457, Evaluations = 9920
Generation 155: Best Solution = [ 0.12471359  5.31702766 -0.02891762  5.53657034  0.11116698 -0.69884627
 -7.99958409  9.69294217  2.11538329  0.49876165], Best Fitness = 0.5384605851415457, Evaluations = 9984
Generation 156: Best Solution = [ 0.12471359  5.31702766 -0.02891762  5.53657034  0.11116698 -0.69884627
 -7.99958409  9.69294217  2.11538329  0.49876165], Best Fitness = 0.5384605851415457, Evaluations = 10048
