Algorithm: Differential Evolution
Objective Function: Rastrigin
Dimension: 10
Population Size: 128
Max Evaluations: 10000

Generation 0: Best Solution = [ 3.68812803 -0.0110729   3.09333949  0.80686641  0.98256511 -2.52889481
 -2.99185759  1.33436546 -1.1798415  -0.15853566], Best Fitness = 110.58210484595637, Evaluations = 128
Generation 1: Best Solution = [ 3.68812803 -0.0110729   3.09333949  0.80686641  0.98256511 -2.52889481
 -2.99185759  1.33436546 -1.1798415  -0.15853566], Best Fitness = 110.58210484595637, Evaluations = 256
Generation 2: Best Solution = [ 3.68812803 -0.0110729   3.09333949  0.80686641  0.98256511 -2.52889481
 -2.99185759  1.33436546 -1.1798415  -0.15853566], Best Fitness = 110.58210484595637, Evaluations = 384
Generation 3: Best Solution = [ 3.68812803 -0.0110729   3.09333949  0.80686641  0.98256511 -2.52889481
 -2.99185759  1.33436546 -1.1798415  -0.15853566], Best Fitness = 110.58210484595637, Evaluations = 512
Generation 4: Best Solution = [ 2.10936646 -0.97437594  0.63001553 -1.04083071  2.55797002 -0.07786131
  1.24339234 -1.68858754 -2.33770656  2.03015978], Best Fitness = 106.26362552014339, Evaluations = 640
Generation 5: Best Solution = [-1.68656253 -2.07658097  0.21888306  1.03777361 -0.86982248 -1.30257656
 -1.76684299  3.97968517 -3.86593297 -0.21711946], Best Fitness = 104.76453461822142, Evaluations = 768
Generation 6: Best Solution = [-1.17045898 -1.8523653   1.94534152 -0.25341928 -1.878243    0.89613425
  4.75697049  1.68040838 -0.71281079 -2.04501967], Best Fitness = 104.48339612882698, Evaluations = 896
Generation 7: Best Solution = [ 1.51313349  1.19480842  1.01562103 -0.09764546  0.048586    1.18165381
  0.87921492  5.12        0.17995032 -2.07434145], Best Fitness = 84.48258583506514, Evaluations = 1024
Generation 8: Best Solution = [ 1.51313349  1.19480842  1.01562103 -0.09764546  0.048586    1.18165381
  0.87921492  5.12        0.17995032 -2.07434145], Best Fitness = 84.48258583506514, Evaluations = 1152
Generation 9: Best Solution = [-0.05730755 -1.89848969 -0.05060269  4.64688164 -2.92710755  1.02705154
 -1.9795591   0.86424346 -0.15324559 -2.77386696], Best Fitness = 83.82752276587155, Evaluations = 1280
Generation 10: Best Solution = [-0.05730755 -1.89848969 -0.05060269  4.64688164 -2.92710755  1.02705154
 -1.9795591   0.86424346 -0.15324559 -2.77386696], Best Fitness = 83.82752276587155, Evaluations = 1408
Generation 11: Best Solution = [-0.05730755 -1.89848969 -0.05060269  4.64688164 -2.92710755  1.02705154
 -1.9795591   0.86424346 -0.15324559 -2.77386696], Best Fitness = 83.82752276587155, Evaluations = 1536
Generation 12: Best Solution = [ 9.69932704e-02 -4.09816989e+00 -4.26485089e+00  1.82627181e+00
 -8.82323287e-01  3.06527279e+00 -2.04760053e+00 -3.92671823e-03
  1.30034002e-01  1.00795665e+00], Best Fitness = 80.74839010761433, Evaluations = 1664
Generation 13: Best Solution = [ 9.69932704e-02 -4.09816989e+00 -4.26485089e+00  1.82627181e+00
 -8.82323287e-01  3.06527279e+00 -2.04760053e+00 -3.92671823e-03
  1.30034002e-01  1.00795665e+00], Best Fitness = 80.74839010761433, Evaluations = 1792
Generation 14: Best Solution = [ 9.69932704e-02 -4.09816989e+00 -4.26485089e+00  1.82627181e+00
 -8.82323287e-01  3.06527279e+00 -2.04760053e+00 -3.92671823e-03
  1.30034002e-01  1.00795665e+00], Best Fitness = 80.74839010761433, Evaluations = 1920
Generation 15: Best Solution = [ 9.69932704e-02 -4.09816989e+00 -4.26485089e+00  1.82627181e+00
 -8.82323287e-01  3.06527279e+00 -2.04760053e+00 -3.92671823e-03
  1.30034002e-01  1.00795665e+00], Best Fitness = 80.74839010761433, Evaluations = 2048
Generation 16: Best Solution = [ 0.99294144 -1.17867287 -2.90826574 -1.12831777  0.82761896  1.00226769
  1.23622326 -0.96026684  1.40992478 -0.04120781], Best Fitness = 62.14061585968008, Evaluations = 2176
Generation 17: Best Solution = [ 0.99294144 -1.17867287 -2.90826574 -1.12831777  0.82761896  1.00226769
  1.23622326 -0.96026684  1.40992478 -0.04120781], Best Fitness = 62.14061585968008, Evaluations = 2304
Generation 18: Best Solution = [-1.95500634  0.9944389  -1.07734169 -2.79423343 -0.94779922  0.96612798
  0.11196046 -0.93794232  5.12       -0.1283749 ], Best Fitness = 61.22539536125592, Evaluations = 2432
Generation 19: Best Solution = [-1.95500634  0.9944389  -1.07734169 -2.79423343 -0.94779922  0.96612798
  0.11196046 -0.93794232  5.12       -0.1283749 ], Best Fitness = 61.22539536125592, Evaluations = 2560
Generation 20: Best Solution = [-1.95500634  0.9944389  -1.07734169 -2.79423343 -0.94779922  0.96612798
  0.11196046 -0.93794232  5.12       -0.1283749 ], Best Fitness = 61.22539536125592, Evaluations = 2688
Generation 21: Best Solution = [-1.95500634  0.9944389  -1.07734169 -2.79423343 -0.94779922  0.96612798
  0.11196046 -0.93794232  5.12       -0.1283749 ], Best Fitness = 61.22539536125592, Evaluations = 2816
Generation 22: Best Solution = [-1.95500634  0.9944389  -1.07734169 -2.79423343 -0.94779922  0.96612798
  0.11196046 -0.93794232  5.12       -0.1283749 ], Best Fitness = 61.22539536125592, Evaluations = 2944
Generation 23: Best Solution = [-1.95500634  0.9944389  -1.07734169 -2.79423343 -0.94779922  0.96612798
  0.11196046 -0.93794232  5.12       -0.1283749 ], Best Fitness = 61.22539536125592, Evaluations = 3072
Generation 24: Best Solution = [-1.95500634  0.9944389  -1.07734169 -2.79423343 -0.94779922  0.96612798
  0.11196046 -0.93794232  5.12       -0.1283749 ], Best Fitness = 61.22539536125592, Evaluations = 3200
Generation 25: Best Solution = [-1.95500634  0.9944389  -1.07734169 -2.79423343 -0.94779922  0.96612798
  0.11196046 -0.93794232  5.12       -0.1283749 ], Best Fitness = 61.22539536125592, Evaluations = 3328
Generation 26: Best Solution = [-1.95500634  0.9944389  -1.07734169 -2.79423343 -0.94779922  0.96612798
  0.11196046 -0.93794232  5.12       -0.1283749 ], Best Fitness = 61.22539536125592, Evaluations = 3456
Generation 27: Best Solution = [-1.95500634  0.9944389  -1.07734169 -2.79423343 -0.94779922  0.96612798
  0.11196046 -0.93794232  5.12       -0.1283749 ], Best Fitness = 61.22539536125592, Evaluations = 3584
Generation 28: Best Solution = [-0.12743628  0.95392956 -0.08160449  2.05739882  0.26754679  0.9891022
 -0.04318066 -1.38136131  0.7774943   3.01469691], Best Fitness = 60.36303165680589, Evaluations = 3712
Generation 29: Best Solution = [ 0.65177716  0.89767785 -2.06542727 -0.99992989  0.06602376 -1.83164511
  1.84389078 -1.10128339 -1.07912027  0.78274761], Best Fitness = 56.364574754890725, Evaluations = 3840
Generation 30: Best Solution = [ 0.65177716  0.89767785 -2.06542727 -0.99992989  0.06602376 -1.83164511
  1.84389078 -1.10128339 -1.07912027  0.78274761], Best Fitness = 56.364574754890725, Evaluations = 3968
Generation 31: Best Solution = [ 0.65177716  0.89767785 -2.06542727 -0.99992989  0.06602376 -1.83164511
  1.84389078 -1.10128339 -1.07912027  0.78274761], Best Fitness = 56.364574754890725, Evaluations = 4096
Generation 32: Best Solution = [ 0.65177716  0.89767785 -2.06542727 -0.99992989  0.06602376 -1.83164511
  1.84389078 -1.10128339 -1.07912027  0.78274761], Best Fitness = 56.364574754890725, Evaluations = 4224
Generation 33: Best Solution = [ 0.65177716  0.89767785 -2.06542727 -0.99992989  0.06602376 -1.83164511
  1.84389078 -1.10128339 -1.07912027  0.78274761], Best Fitness = 56.364574754890725, Evaluations = 4352
Generation 34: Best Solution = [ 0.65177716  0.89767785 -2.06542727 -0.99992989  0.06602376 -1.83164511
  1.84389078 -1.10128339 -1.07912027  0.78274761], Best Fitness = 56.364574754890725, Evaluations = 4480
Generation 35: Best Solution = [ 0.65177716  0.89767785 -2.06542727 -0.99992989  0.06602376 -1.83164511
  1.84389078 -1.10128339 -1.07912027  0.78274761], Best Fitness = 56.364574754890725, Evaluations = 4608
Generation 36: Best Solution = [ 0.65177716  0.89767785 -2.06542727 -0.99992989  0.06602376 -1.83164511
  1.84389078 -1.10128339 -1.07912027  0.78274761], Best Fitness = 56.364574754890725, Evaluations = 4736
Generation 37: Best Solution = [ 0.65177716  0.89767785 -2.06542727 -0.99992989  0.06602376 -1.83164511
  1.84389078 -1.10128339 -1.07912027  0.78274761], Best Fitness = 56.364574754890725, Evaluations = 4864
Generation 38: Best Solution = [ 0.65177716  0.89767785 -2.06542727 -0.99992989  0.06602376 -1.83164511
  1.84389078 -1.10128339 -1.07912027  0.78274761], Best Fitness = 56.364574754890725, Evaluations = 4992
Generation 39: Best Solution = [ 0.65177716  0.89767785 -2.06542727 -0.99992989  0.06602376 -1.83164511
  1.84389078 -1.10128339 -1.07912027  0.78274761], Best Fitness = 56.364574754890725, Evaluations = 5120
Generation 40: Best Solution = [ 2.10045265  1.95566604  2.09128799 -0.06127454 -0.99151893  0.38439371
  2.05662376  1.03377893 -0.88091094 -1.82098926], Best Fitness = 54.47745377849753, Evaluations = 5248
Generation 41: Best Solution = [ 1.10717189  1.1677956   1.03863717 -0.94011811  0.05835139  1.09457901
 -0.22886452  0.94460977 -3.01897871 -1.65331535], Best Fitness = 54.216616896285274, Evaluations = 5376
Generation 42: Best Solution = [ 1.10717189  1.1677956   1.03863717 -0.94011811  0.05835139  1.09457901
 -0.22886452  0.94460977 -3.01897871 -1.65331535], Best Fitness = 54.216616896285274, Evaluations = 5504
Generation 43: Best Solution = [ 0.06870833  0.06291637  0.26369381  0.99507143  2.88426273 -2.99272285
  0.9428482  -3.04728794 -0.86192233  1.08799958], Best Fitness = 51.63745150223971, Evaluations = 5632
Generation 44: Best Solution = [-0.91860855 -2.01362159  0.99890478  1.86745721 -0.88232329 -2.14024308
 -2.04760053 -0.74290991  0.130034    1.00795665], Best Fitness = 45.41496188650636, Evaluations = 5760
Generation 45: Best Solution = [-0.91860855 -2.01362159  0.99890478  1.86745721 -0.88232329 -2.14024308
 -2.04760053 -0.74290991  0.130034    1.00795665], Best Fitness = 45.41496188650636, Evaluations = 5888
Generation 46: Best Solution = [-0.91860855 -2.01362159  0.99890478  1.86745721 -0.88232329 -2.14024308
 -2.04760053 -0.74290991  0.130034    1.00795665], Best Fitness = 45.41496188650636, Evaluations = 6016
Generation 47: Best Solution = [-0.91860855 -2.01362159  0.99890478  1.86745721 -0.88232329 -2.14024308
 -2.04760053 -0.74290991  0.130034    1.00795665], Best Fitness = 45.41496188650636, Evaluations = 6144
Generation 48: Best Solution = [-0.91860855 -2.01362159  0.99890478  1.86745721 -0.88232329 -2.14024308
 -2.04760053 -0.74290991  0.130034    1.00795665], Best Fitness = 45.41496188650636, Evaluations = 6272
Generation 49: Best Solution = [ 0.95458194 -1.12371302 -0.09743008 -1.12831777 -0.84123397  1.00226769
 -0.9233084   1.06799746 -2.97731519 -0.94151819], Best Fitness = 32.46695460213215, Evaluations = 6400
Generation 50: Best Solution = [ 0.95458194 -1.12371302 -0.09743008 -1.12831777 -0.84123397  1.00226769
 -0.9233084   1.06799746 -2.97731519 -0.94151819], Best Fitness = 32.46695460213215, Evaluations = 6528
Generation 51: Best Solution = [ 0.95458194 -1.12371302 -0.09743008 -1.12831777 -0.84123397  1.00226769
 -0.9233084   1.06799746 -2.97731519 -0.94151819], Best Fitness = 32.46695460213215, Evaluations = 6656
Generation 52: Best Solution = [ 0.95458194 -1.12371302 -0.09743008 -1.12831777 -0.84123397  1.00226769
 -0.9233084   1.06799746 -2.97731519 -0.94151819], Best Fitness = 32.46695460213215, Evaluations = 6784
Generation 53: Best Solution = [ 0.95458194 -1.12371302 -0.09743008 -1.12831777 -0.84123397  1.00226769
 -0.9233084   1.06799746 -2.97731519 -0.94151819], Best Fitness = 32.46695460213215, Evaluations = 6912
Generation 54: Best Solution = [ 0.95458194 -1.12371302 -0.09743008 -1.12831777 -0.84123397  1.00226769
 -0.9233084   1.06799746 -2.97731519 -0.94151819], Best Fitness = 32.46695460213215, Evaluations = 7040
Generation 55: Best Solution = [ 0.95458194 -1.12371302 -0.09743008 -1.12831777 -0.84123397  1.00226769
 -0.9233084   1.06799746 -2.97731519 -0.94151819], Best Fitness = 32.46695460213215, Evaluations = 7168
Generation 56: Best Solution = [ 0.95458194 -1.12371302 -0.09743008 -1.12831777 -0.84123397  1.00226769
 -0.9233084   1.06799746 -2.97731519 -0.94151819], Best Fitness = 32.46695460213215, Evaluations = 7296
Generation 57: Best Solution = [ 0.95458194 -1.12371302 -0.09743008 -1.12831777 -0.84123397  1.00226769
 -0.9233084   1.06799746 -2.97731519 -0.94151819], Best Fitness = 32.46695460213215, Evaluations = 7424
Generation 58: Best Solution = [ 0.95458194 -1.12371302 -0.09743008 -1.12831777 -0.84123397  1.00226769
 -0.9233084   1.06799746 -2.97731519 -0.94151819], Best Fitness = 32.46695460213215, Evaluations = 7552
Generation 59: Best Solution = [ 0.95458194 -1.12371302 -0.09743008 -1.12831777 -0.84123397  1.00226769
 -0.9233084   1.06799746 -2.97731519 -0.94151819], Best Fitness = 32.46695460213215, Evaluations = 7680
Generation 60: Best Solution = [ 0.95458194 -1.12371302 -0.09743008 -1.12831777 -0.84123397  1.00226769
 -0.9233084   1.06799746 -2.97731519 -0.94151819], Best Fitness = 32.46695460213215, Evaluations = 7808
Generation 61: Best Solution = [ 0.95458194 -1.12371302 -0.09743008 -1.12831777 -0.84123397  1.00226769
 -0.9233084   1.06799746 -2.97731519 -0.94151819], Best Fitness = 32.46695460213215, Evaluations = 7936
Generation 62: Best Solution = [ 0.95458194 -1.12371302 -0.09743008 -1.12831777 -0.84123397  1.00226769
 -0.9233084   1.06799746 -2.97731519 -0.94151819], Best Fitness = 32.46695460213215, Evaluations = 8064
Generation 63: Best Solution = [ 0.95458194 -1.12371302 -0.09743008 -1.12831777 -0.84123397  1.00226769
 -0.9233084   1.06799746 -2.97731519 -0.94151819], Best Fitness = 32.46695460213215, Evaluations = 8192
Generation 64: Best Solution = [ 0.95458194 -1.12371302 -0.09743008 -1.12831777 -0.84123397  1.00226769
 -0.9233084   1.06799746 -2.97731519 -0.94151819], Best Fitness = 32.46695460213215, Evaluations = 8320
Generation 65: Best Solution = [ 0.95458194 -1.12371302 -0.09743008 -1.12831777 -0.84123397  1.00226769
 -0.9233084   1.06799746 -2.97731519 -0.94151819], Best Fitness = 32.46695460213215, Evaluations = 8448
Generation 66: Best Solution = [ 0.95458194 -1.12371302 -0.09743008 -1.12831777 -0.84123397  1.00226769
 -0.9233084   1.06799746 -2.97731519 -0.94151819], Best Fitness = 32.46695460213215, Evaluations = 8576
Generation 67: Best Solution = [ 0.95458194 -1.12371302 -0.09743008 -1.12831777 -0.84123397  1.00226769
 -0.9233084   1.06799746 -2.97731519 -0.94151819], Best Fitness = 32.46695460213215, Evaluations = 8704
Generation 68: Best Solution = [ 0.95458194 -1.12371302 -0.09743008 -1.12831777 -0.84123397  1.00226769
 -0.9233084   1.06799746 -2.97731519 -0.94151819], Best Fitness = 32.46695460213215, Evaluations = 8832
Generation 69: Best Solution = [ 0.95458194 -1.12371302 -0.09743008 -1.12831777 -0.84123397  1.00226769
 -0.9233084   1.06799746 -2.97731519 -0.94151819], Best Fitness = 32.46695460213215, Evaluations = 8960
Generation 70: Best Solution = [ 0.95458194 -1.12371302 -0.09743008 -1.12831777 -0.84123397  1.00226769
 -0.9233084   1.06799746 -2.97731519 -0.94151819], Best Fitness = 32.46695460213215, Evaluations = 9088
Generation 71: Best Solution = [ 0.95458194 -1.12371302 -0.09743008 -1.12831777 -0.84123397  1.00226769
 -0.9233084   1.06799746 -2.97731519 -0.94151819], Best Fitness = 32.46695460213215, Evaluations = 9216
Generation 72: Best Solution = [ 0.95458194 -1.12371302 -0.09743008 -1.12831777 -0.84123397  1.00226769
 -0.9233084   1.06799746 -2.97731519 -0.94151819], Best Fitness = 32.46695460213215, Evaluations = 9344
Generation 73: Best Solution = [ 0.95458194 -1.12371302 -0.09743008 -1.12831777 -0.84123397  1.00226769
 -0.9233084   1.06799746 -2.97731519 -0.94151819], Best Fitness = 32.46695460213215, Evaluations = 9472
Generation 74: Best Solution = [ 0.95458194 -1.12371302 -0.09743008 -1.12831777 -0.84123397  1.00226769
 -0.9233084   1.06799746 -2.97731519 -0.94151819], Best Fitness = 32.46695460213215, Evaluations = 9600
Generation 75: Best Solution = [ 0.95458194 -1.12371302 -0.09743008 -1.12831777 -0.84123397  1.00226769
 -0.9233084   1.06799746 -2.97731519 -0.94151819], Best Fitness = 32.46695460213215, Evaluations = 9728
Generation 76: Best Solution = [ 0.95458194 -1.12371302 -0.09743008 -1.12831777 -0.84123397  1.00226769
 -0.9233084   1.06799746 -2.97731519 -0.94151819], Best Fitness = 32.46695460213215, Evaluations = 9856
Generation 77: Best Solution = [ 0.95458194 -1.12371302 -0.09743008 -1.12831777 -0.84123397  1.00226769
 -0.9233084   1.06799746 -2.97731519 -0.94151819], Best Fitness = 32.46695460213215, Evaluations = 9984
Generation 78: Best Solution = [ 0.95458194 -1.12371302 -0.09743008 -1.12831777 -0.84123397  1.00226769
 -0.9233084   1.06799746 -2.97731519 -0.94151819], Best Fitness = 32.46695460213215, Evaluations = 10112
