Algorithm: Differential Evolution
Objective Function: Sphere
Dimension: 10
Population Size: 32
Max Evaluations: 10000

Generation 0: Best Solution = [-1.78194969 -0.60689008  0.75113807  2.89329175  3.75662659  1.51871941
  0.71535923 -2.05015048  0.02291618 -0.39189041], Best Fitness = 33.76671685561026, Evaluations = 32
Generation 1: Best Solution = [-1.78194969 -0.60689008  0.75113807  2.89329175  3.75662659  1.51871941
  0.71535923 -2.05015048  0.02291618 -0.39189041], Best Fitness = 33.76671685561026, Evaluations = 64
Generation 2: Best Solution = [-1.78194969 -0.60689008  0.75113807  2.89329175  3.75662659  1.51871941
  0.71535923 -2.05015048  0.02291618 -0.39189041], Best Fitness = 33.76671685561026, Evaluations = 96
Generation 3: Best Solution = [ 1.08851567 -3.30777156 -1.43300931 -0.45984656 -0.92700158 -1.79316951
 -1.59788729 -1.12364957 -0.61018884 -2.31867221], Best Fitness = 28.030385817114066, Evaluations = 128
Generation 4: Best Solution = [ 0.23811549 -1.7723098   0.69706912 -0.40451389 -0.52101102  1.60993141
 -3.2011588  -2.21087865  1.41192454  0.30548933], Best Fitness = 23.932906216685797, Evaluations = 160
Generation 5: Best Solution = [ 0.23811549 -1.7723098   0.69706912 -0.40451389 -0.52101102  1.60993141
 -3.2011588  -2.21087865  1.41192454  0.30548933], Best Fitness = 23.932906216685797, Evaluations = 192
Generation 6: Best Solution = [ 0.23811549 -1.7723098   0.69706912 -0.40451389 -0.52101102  1.60993141
 -3.2011588  -2.21087865  1.41192454  0.30548933], Best Fitness = 23.932906216685797, Evaluations = 224
Generation 7: Best Solution = [ 0.23811549 -1.7723098   0.69706912 -0.40451389 -0.52101102  1.60993141
 -3.2011588  -2.21087865  1.41192454  0.30548933], Best Fitness = 23.932906216685797, Evaluations = 256
Generation 8: Best Solution = [ 0.23811549 -1.7723098   0.69706912 -0.40451389 -0.52101102  1.60993141
 -3.2011588  -2.21087865  1.41192454  0.30548933], Best Fitness = 23.932906216685797, Evaluations = 288
Generation 9: Best Solution = [ 0.23811549 -1.7723098   0.69706912 -0.40451389 -0.52101102  1.60993141
 -3.2011588  -2.21087865  1.41192454  0.30548933], Best Fitness = 23.932906216685797, Evaluations = 320
Generation 10: Best Solution = [ 0.23811549 -1.7723098   0.69706912 -0.40451389 -0.52101102  1.60993141
 -3.2011588  -2.21087865  1.41192454  0.30548933], Best Fitness = 23.932906216685797, Evaluations = 352
Generation 11: Best Solution = [-1.04841979 -2.21100877  1.50230686  0.88298833  0.61339187 -0.9181038
  0.61770872 -2.1183362   0.84722397  0.19200707], Best Fitness = 15.867069748124011, Evaluations = 384
Generation 12: Best Solution = [-1.04841979 -2.21100877  1.50230686  0.88298833  0.61339187 -0.9181038
  0.61770872 -2.1183362   0.84722397  0.19200707], Best Fitness = 15.867069748124011, Evaluations = 416
Generation 13: Best Solution = [-1.04841979 -2.21100877  1.50230686  0.88298833  0.61339187 -0.9181038
  0.61770872 -2.1183362   0.84722397  0.19200707], Best Fitness = 15.867069748124011, Evaluations = 448
Generation 14: Best Solution = [-1.04841979 -2.21100877  1.50230686  0.88298833  0.61339187 -0.9181038
  0.61770872 -2.1183362   0.84722397  0.19200707], Best Fitness = 15.867069748124011, Evaluations = 480
Generation 15: Best Solution = [-1.04841979 -2.21100877  1.50230686  0.88298833  0.61339187 -0.9181038
  0.61770872 -2.1183362   0.84722397  0.19200707], Best Fitness = 15.867069748124011, Evaluations = 512
Generation 16: Best Solution = [-1.04841979 -2.21100877  1.50230686  0.88298833  0.61339187 -0.9181038
  0.61770872 -2.1183362   0.84722397  0.19200707], Best Fitness = 15.867069748124011, Evaluations = 544
Generation 17: Best Solution = [-1.04841979 -2.21100877  1.50230686  0.88298833  0.61339187 -0.9181038
  0.61770872 -2.1183362   0.84722397  0.19200707], Best Fitness = 15.867069748124011, Evaluations = 576
Generation 18: Best Solution = [-0.81627846 -1.35578417  0.10019174 -0.70718081 -0.33781176 -0.57150191
 -0.1224868  -0.7013738   1.38052731 -0.62557189], Best Fitness = 6.259459591157299, Evaluations = 608
Generation 19: Best Solution = [-0.81627846 -1.35578417  0.10019174 -0.70718081 -0.33781176 -0.57150191
 -0.1224868  -0.7013738   1.38052731 -0.62557189], Best Fitness = 6.259459591157299, Evaluations = 640
Generation 20: Best Solution = [-0.81627846 -1.35578417  0.10019174 -0.70718081 -0.33781176 -0.57150191
 -0.1224868  -0.7013738   1.38052731 -0.62557189], Best Fitness = 6.259459591157299, Evaluations = 672
Generation 21: Best Solution = [-0.81627846 -1.35578417  0.10019174 -0.70718081 -0.33781176 -0.57150191
 -0.1224868  -0.7013738   1.38052731 -0.62557189], Best Fitness = 6.259459591157299, Evaluations = 704
Generation 22: Best Solution = [-0.81627846 -1.35578417  0.10019174 -0.70718081 -0.33781176 -0.57150191
 -0.1224868  -0.7013738   1.38052731 -0.62557189], Best Fitness = 6.259459591157299, Evaluations = 736
Generation 23: Best Solution = [-0.81627846 -1.35578417  0.10019174 -0.70718081 -0.33781176 -0.57150191
 -0.1224868  -0.7013738   1.38052731 -0.62557189], Best Fitness = 6.259459591157299, Evaluations = 768
Generation 24: Best Solution = [-0.81627846 -1.35578417  0.10019174 -0.70718081 -0.33781176 -0.57150191
 -0.1224868  -0.7013738   1.38052731 -0.62557189], Best Fitness = 6.259459591157299, Evaluations = 800
Generation 25: Best Solution = [-0.81627846 -1.35578417  0.10019174 -0.70718081 -0.33781176 -0.57150191
 -0.1224868  -0.7013738   1.38052731 -0.62557189], Best Fitness = 6.259459591157299, Evaluations = 832
Generation 26: Best Solution = [-0.81627846 -1.35578417  0.10019174 -0.70718081 -0.33781176 -0.57150191
 -0.1224868  -0.7013738   1.38052731 -0.62557189], Best Fitness = 6.259459591157299, Evaluations = 864
Generation 27: Best Solution = [-0.81627846 -1.35578417  0.10019174 -0.70718081 -0.33781176 -0.57150191
 -0.1224868  -0.7013738   1.38052731 -0.62557189], Best Fitness = 6.259459591157299, Evaluations = 896
Generation 28: Best Solution = [ 0.41249972  0.3918302   0.13477219 -0.33427603  0.78131247 -1.84724633
  0.7733881   0.88100301 -0.28583115  0.50098883], Best Fitness = 6.183343826404153, Evaluations = 928
Generation 29: Best Solution = [ 0.56781216  0.44229807  0.65540088 -0.4688513   0.85286705 -0.32805867
 -0.20366123  0.9376206  -1.12026429  0.96901452], Best Fitness = 5.117006264158693, Evaluations = 960
Generation 30: Best Solution = [-0.03642315  1.16324885  0.05254293  0.5617338  -1.01027256  0.40588351
  0.93386878  0.76750305 -0.41187256 -0.77439097], Best Fitness = 5.088664417043492, Evaluations = 992
Generation 31: Best Solution = [ 0.41249972  0.3918302   0.92298975 -0.33427603  0.98414638 -0.16299738
 -0.04281922  0.23755967 -0.28583115  0.50098883], Best Fitness = 2.673407045351797, Evaluations = 1024
Generation 32: Best Solution = [ 0.41249972  0.3918302   0.92298975 -0.33427603  0.98414638 -0.16299738
 -0.04281922  0.23755967 -0.28583115  0.50098883], Best Fitness = 2.673407045351797, Evaluations = 1056
Generation 33: Best Solution = [ 0.41249972  0.3918302   0.92298975 -0.33427603  0.98414638 -0.16299738
 -0.04281922  0.23755967 -0.28583115  0.50098883], Best Fitness = 2.673407045351797, Evaluations = 1088
Generation 34: Best Solution = [ 0.41249972  0.3918302   0.92298975 -0.33427603  0.98414638 -0.16299738
 -0.04281922  0.23755967 -0.28583115  0.50098883], Best Fitness = 2.673407045351797, Evaluations = 1120
Generation 35: Best Solution = [-0.14382628  0.27213669  0.59534084 -0.05184539 -0.26020141  0.22113134
  0.51658315  0.4056234  -0.66236929  0.10263158], Best Fitness = 1.4491216959604483, Evaluations = 1152
Generation 36: Best Solution = [-0.14382628  0.27213669  0.59534084 -0.05184539 -0.26020141  0.22113134
  0.51658315  0.4056234  -0.66236929  0.10263158], Best Fitness = 1.4491216959604483, Evaluations = 1184
Generation 37: Best Solution = [-0.14382628  0.27213669  0.59534084 -0.05184539 -0.26020141  0.22113134
  0.51658315  0.4056234  -0.66236929  0.10263158], Best Fitness = 1.4491216959604483, Evaluations = 1216
Generation 38: Best Solution = [-0.14382628  0.27213669  0.59534084 -0.05184539 -0.26020141  0.22113134
  0.51658315  0.4056234  -0.66236929  0.10263158], Best Fitness = 1.4491216959604483, Evaluations = 1248
Generation 39: Best Solution = [-0.14382628  0.27213669  0.59534084 -0.05184539 -0.26020141  0.22113134
  0.51658315  0.4056234  -0.66236929  0.10263158], Best Fitness = 1.4491216959604483, Evaluations = 1280
Generation 40: Best Solution = [-0.14382628  0.27213669  0.59534084 -0.05184539 -0.26020141  0.22113134
  0.51658315  0.4056234  -0.66236929  0.10263158], Best Fitness = 1.4491216959604483, Evaluations = 1312
Generation 41: Best Solution = [-0.14382628  0.27213669  0.59534084 -0.05184539 -0.26020141  0.22113134
  0.51658315  0.4056234  -0.66236929  0.10263158], Best Fitness = 1.4491216959604483, Evaluations = 1344
Generation 42: Best Solution = [-0.14382628  0.27213669  0.59534084 -0.05184539 -0.26020141  0.22113134
  0.51658315  0.4056234  -0.66236929  0.10263158], Best Fitness = 1.4491216959604483, Evaluations = 1376
Generation 43: Best Solution = [-0.14382628  0.27213669  0.59534084 -0.05184539 -0.26020141  0.22113134
  0.51658315  0.4056234  -0.66236929  0.10263158], Best Fitness = 1.4491216959604483, Evaluations = 1408
Generation 44: Best Solution = [-0.14382628  0.27213669  0.59534084 -0.05184539 -0.26020141  0.22113134
  0.51658315  0.4056234  -0.66236929  0.10263158], Best Fitness = 1.4491216959604483, Evaluations = 1440
Generation 45: Best Solution = [ 0.45470404 -0.44427095  0.08606528  0.07528311 -0.09832523 -0.12002082
 -0.47909908  0.05557183 -0.5054086  -0.05075197], Best Fitness = 0.9319178316046655, Evaluations = 1472
Generation 46: Best Solution = [ 0.45470404 -0.44427095  0.08606528  0.07528311 -0.09832523 -0.12002082
 -0.47909908  0.05557183 -0.5054086  -0.05075197], Best Fitness = 0.9319178316046655, Evaluations = 1504
Generation 47: Best Solution = [ 0.45470404 -0.44427095  0.08606528  0.07528311 -0.09832523 -0.12002082
 -0.47909908  0.05557183 -0.5054086  -0.05075197], Best Fitness = 0.9319178316046655, Evaluations = 1536
Generation 48: Best Solution = [ 0.45470404 -0.44427095  0.08606528  0.07528311 -0.09832523 -0.12002082
 -0.47909908  0.05557183 -0.5054086  -0.05075197], Best Fitness = 0.874915992348409, Evaluations = 1568
Generation 49: Best Solution = [ 0.45470404 -0.44427095  0.08606528  0.07528311 -0.09832523 -0.12002082
 -0.47909908  0.05557183 -0.5054086  -0.05075197], Best Fitness = 0.874915992348409, Evaluations = 1600
Generation 50: Best Solution = [ 0.45470404 -0.44427095  0.08606528  0.07528311 -0.09832523 -0.12002082
 -0.47909908  0.05557183 -0.5054086  -0.05075197], Best Fitness = 0.874915992348409, Evaluations = 1632
Generation 51: Best Solution = [ 0.45470404 -0.44427095  0.08606528  0.07528311 -0.09832523 -0.12002082
 -0.47909908  0.05557183 -0.5054086  -0.05075197], Best Fitness = 0.874915992348409, Evaluations = 1664
Generation 52: Best Solution = [ 0.07544949 -0.13217722 -0.14686013  0.34423301  0.35875277  0.11495415
  0.33668846  0.19066982  0.61525534 -0.17908846], Best Fitness = 0.8654716215526914, Evaluations = 1696
Generation 53: Best Solution = [ 0.07544949 -0.13217722 -0.14686013  0.34423301  0.35875277  0.11495415
  0.33668846  0.19066982  0.61525534 -0.17908846], Best Fitness = 0.8654716215526914, Evaluations = 1728
Generation 54: Best Solution = [ 0.07544949 -0.13217722 -0.14686013  0.34423301  0.35875277  0.11495415
  0.33668846  0.19066982  0.61525534 -0.17908846], Best Fitness = 0.8654716215526914, Evaluations = 1760
Generation 55: Best Solution = [ 0.16215517  0.36105757  0.17321845  0.12159555 -0.19789817  0.1293484
  0.16367546  0.2271426   0.32111827  0.48765984], Best Fitness = 0.6766541525107485, Evaluations = 1792
Generation 56: Best Solution = [ 0.18065213 -0.3211979   0.01616277  0.11425346 -0.32279904  0.43756758
  0.00771666  0.34476386  0.2562695  -0.01809423], Best Fitness = 0.6297061087577582, Evaluations = 1824
Generation 57: Best Solution = [ 0.18065213 -0.3211979   0.01616277  0.11425346 -0.32279904  0.43756758
  0.00771666  0.34476386  0.2562695  -0.01809423], Best Fitness = 0.5629806700133204, Evaluations = 1856
Generation 58: Best Solution = [ 0.18065213 -0.3211979   0.01616277  0.11425346 -0.32279904  0.43756758
  0.00771666  0.34476386  0.2562695  -0.01809423], Best Fitness = 0.5629806700133204, Evaluations = 1888
Generation 59: Best Solution = [ 0.18065213 -0.3211979   0.01616277  0.11425346 -0.32279904  0.43756758
  0.00771666  0.34476386  0.2562695  -0.01809423], Best Fitness = 0.5629806700133204, Evaluations = 1920
Generation 60: Best Solution = [ 0.18065213 -0.3211979   0.01616277  0.11425346 -0.32279904  0.43756758
  0.00771666  0.34476386  0.2562695  -0.01809423], Best Fitness = 0.5629806700133204, Evaluations = 1952
Generation 61: Best Solution = [ 0.0006956  -0.33542425 -0.07170939  0.24395352 -0.1297402   0.25340071
 -0.20691792  0.16680299 -0.06897155 -0.10411528], Best Fitness = 0.34444523827770673, Evaluations = 1984
Generation 62: Best Solution = [ 0.0006956  -0.33542425 -0.07170939  0.24395352 -0.1297402   0.25340071
 -0.20691792  0.16680299 -0.06897155 -0.10411528], Best Fitness = 0.34444523827770673, Evaluations = 2016
Generation 63: Best Solution = [ 0.0006956  -0.33542425 -0.07170939  0.24395352 -0.1297402   0.25340071
 -0.20691792  0.16680299 -0.06897155 -0.10411528], Best Fitness = 0.23089249809440268, Evaluations = 2048
Generation 64: Best Solution = [ 0.0006956  -0.33542425 -0.07170939  0.24395352 -0.1297402   0.25340071
 -0.20691792  0.16680299 -0.06897155 -0.10411528], Best Fitness = 0.23089249809440268, Evaluations = 2080
Generation 65: Best Solution = [ 0.0006956  -0.33542425 -0.07170939  0.24395352 -0.1297402   0.25340071
 -0.20691792  0.16680299 -0.06897155 -0.10411528], Best Fitness = 0.23089249809440268, Evaluations = 2112
Generation 66: Best Solution = [ 0.0006956  -0.33542425 -0.07170939  0.24395352 -0.1297402   0.25340071
 -0.20691792  0.16680299 -0.06897155 -0.10411528], Best Fitness = 0.23089249809440268, Evaluations = 2144
Generation 67: Best Solution = [ 0.0006956  -0.33542425 -0.07170939  0.24395352 -0.1297402   0.25340071
 -0.20691792  0.16680299 -0.06897155 -0.10411528], Best Fitness = 0.23089249809440268, Evaluations = 2176
Generation 68: Best Solution = [ 0.0006956  -0.33542425 -0.07170939  0.24395352 -0.1297402   0.25340071
 -0.20691792  0.16680299 -0.06897155 -0.10411528], Best Fitness = 0.23089249809440268, Evaluations = 2208
Generation 69: Best Solution = [ 0.0006956  -0.33542425 -0.07170939  0.24395352 -0.1297402   0.25340071
 -0.20691792  0.16680299 -0.06897155 -0.10411528], Best Fitness = 0.16883959264043144, Evaluations = 2240
Generation 70: Best Solution = [ 0.0006956  -0.33542425 -0.07170939  0.24395352 -0.1297402   0.25340071
 -0.20691792  0.16680299 -0.06897155 -0.10411528], Best Fitness = 0.16883959264043144, Evaluations = 2272
Generation 71: Best Solution = [ 0.0006956  -0.33542425 -0.07170939  0.24395352 -0.1297402   0.25340071
 -0.20691792  0.16680299 -0.06897155 -0.10411528], Best Fitness = 0.16883959264043144, Evaluations = 2304
Generation 72: Best Solution = [-0.05881041  0.1150356  -0.17572486  0.01200654  0.08362436  0.05811513
 -0.07175199  0.08194343  0.213328   -0.16883333], Best Fitness = 0.14396223991955903, Evaluations = 2336
Generation 73: Best Solution = [-0.05881041  0.1150356  -0.17572486  0.01200654  0.08362436  0.05811513
 -0.07175199  0.08194343  0.213328   -0.16883333], Best Fitness = 0.14396223991955903, Evaluations = 2368
Generation 74: Best Solution = [-0.05881041  0.1150356  -0.17572486  0.01200654  0.08362436  0.05811513
 -0.07175199  0.08194343  0.213328   -0.16883333], Best Fitness = 0.14396223991955903, Evaluations = 2400
Generation 75: Best Solution = [ 0.00714124 -0.14461365 -0.01194947  0.05602074 -0.1297402   0.00176586
  0.05972989  0.16179762 -0.02704451 -0.10411528], Best Fitness = 0.08239838061896665, Evaluations = 2432
Generation 76: Best Solution = [ 0.00714124 -0.14461365 -0.01194947  0.05602074 -0.1297402   0.00176586
  0.05972989  0.16179762 -0.02704451 -0.10411528], Best Fitness = 0.08239838061896665, Evaluations = 2464
Generation 77: Best Solution = [ 0.00714124 -0.14461365 -0.01194947  0.05602074 -0.1297402   0.00176586
  0.05972989  0.16179762 -0.02704451 -0.10411528], Best Fitness = 0.08239838061896665, Evaluations = 2496
Generation 78: Best Solution = [ 0.00714124 -0.14461365 -0.01194947  0.05602074 -0.1297402   0.00176586
  0.05972989  0.16179762 -0.02704451 -0.10411528], Best Fitness = 0.08239838061896665, Evaluations = 2528
Generation 79: Best Solution = [ 0.00714124 -0.14461365 -0.01194947  0.05602074 -0.1297402   0.00176586
  0.05972989  0.16179762 -0.02704451 -0.10411528], Best Fitness = 0.08239838061896665, Evaluations = 2560
Generation 80: Best Solution = [ 0.00714124 -0.14461365 -0.01194947  0.05602074 -0.1297402   0.00176586
  0.05972989  0.16179762 -0.02704451 -0.10411528], Best Fitness = 0.08239838061896665, Evaluations = 2592
Generation 81: Best Solution = [ 0.00714124 -0.14461365 -0.01194947  0.05602074 -0.1297402   0.00176586
  0.05972989  0.16179762 -0.02704451 -0.10411528], Best Fitness = 0.08239838061896665, Evaluations = 2624
Generation 82: Best Solution = [ 0.00714124 -0.14461365 -0.01194947  0.05602074 -0.1297402   0.00176586
  0.05972989  0.16179762 -0.02704451 -0.10411528], Best Fitness = 0.08239838061896665, Evaluations = 2656
Generation 83: Best Solution = [ 0.00714124 -0.14461365 -0.01194947  0.05602074 -0.1297402   0.00176586
  0.05972989  0.16179762 -0.02704451 -0.10411528], Best Fitness = 0.08239838061896665, Evaluations = 2688
Generation 84: Best Solution = [ 0.00714124 -0.14461365 -0.01194947  0.05602074 -0.1297402   0.00176586
  0.05972989  0.16179762 -0.02704451 -0.10411528], Best Fitness = 0.08239838061896665, Evaluations = 2720
Generation 85: Best Solution = [-0.05562143 -0.00561161  0.04636101  0.06224525 -0.05638487  0.12317767
 -0.13215833 -0.06365202 -0.03631639 -0.037974  ], Best Fitness = 0.051779347301390596, Evaluations = 2752
Generation 86: Best Solution = [-0.05562143 -0.00561161  0.04636101  0.06224525 -0.05638487  0.12317767
 -0.13215833 -0.06365202 -0.03631639 -0.037974  ], Best Fitness = 0.051779347301390596, Evaluations = 2784
Generation 87: Best Solution = [-0.05562143 -0.00561161  0.04636101  0.06224525 -0.05638487  0.12317767
 -0.13215833 -0.06365202 -0.03631639 -0.037974  ], Best Fitness = 0.051779347301390596, Evaluations = 2816
Generation 88: Best Solution = [-0.05562143 -0.00561161  0.04636101  0.06224525 -0.05638487  0.12317767
 -0.13215833 -0.06365202 -0.03631639 -0.037974  ], Best Fitness = 0.051779347301390596, Evaluations = 2848
Generation 89: Best Solution = [-0.05562143 -0.00561161  0.04636101  0.06224525 -0.05638487  0.12317767
 -0.13215833 -0.06365202 -0.03631639 -0.037974  ], Best Fitness = 0.051779347301390596, Evaluations = 2880
Generation 90: Best Solution = [-0.05562143 -0.00561161  0.04636101  0.06224525 -0.05638487  0.12317767
 -0.13215833 -0.06365202 -0.03631639 -0.037974  ], Best Fitness = 0.051779347301390596, Evaluations = 2912
Generation 91: Best Solution = [-0.0715433  -0.03985167  0.01096743  0.15282421  0.04234095  0.10593992
  0.03767222  0.02359515 -0.01882317  0.00967694], Best Fitness = 0.04562202901233464, Evaluations = 2944
Generation 92: Best Solution = [-0.0715433  -0.03985167  0.01096743  0.15282421  0.04234095  0.10593992
  0.03767222  0.02359515 -0.01882317  0.00967694], Best Fitness = 0.04562202901233464, Evaluations = 2976
Generation 93: Best Solution = [ 0.11988805  0.07195293 -0.00130651  0.01713155  0.03597746 -0.08554085
  0.00124587 -0.00079429 -0.03859632 -0.00524471], Best Fitness = 0.02997654599253941, Evaluations = 3008
Generation 94: Best Solution = [ 0.11988805  0.07195293 -0.00130651  0.01713155  0.03597746 -0.08554085
  0.00124587 -0.00079429 -0.03859632 -0.00524471], Best Fitness = 0.02566322891737993, Evaluations = 3040
Generation 95: Best Solution = [ 0.11988805  0.07195293 -0.00130651  0.01713155  0.03597746 -0.08554085
  0.00124587 -0.00079429 -0.03859632 -0.00524471], Best Fitness = 0.02566322891737993, Evaluations = 3072
Generation 96: Best Solution = [ 0.11988805  0.07195293 -0.00130651  0.01713155  0.03597746 -0.08554085
  0.00124587 -0.00079429 -0.03859632 -0.00524471], Best Fitness = 0.02566322891737993, Evaluations = 3104
Generation 97: Best Solution = [ 0.11988805  0.07195293 -0.00130651  0.01713155  0.03597746 -0.08554085
  0.00124587 -0.00079429 -0.03859632 -0.00524471], Best Fitness = 0.02566322891737993, Evaluations = 3136
Generation 98: Best Solution = [ 0.11988805  0.07195293 -0.00130651  0.01713155  0.03597746 -0.08554085
  0.00124587 -0.00079429 -0.03859632 -0.00524471], Best Fitness = 0.02566322891737993, Evaluations = 3168
Generation 99: Best Solution = [ 0.11988805  0.07195293 -0.00130651  0.01713155  0.03597746 -0.08554085
  0.00124587 -0.00079429 -0.03859632 -0.00524471], Best Fitness = 0.02566322891737993, Evaluations = 3200
Generation 100: Best Solution = [-0.04024171  0.00719927 -0.04569251  0.07255172  0.02658624 -0.03034931
  0.00419591  0.01372037 -0.03661294 -0.01067833], Best Fitness = 0.012311079060066791, Evaluations = 3232
Generation 101: Best Solution = [-0.04024171  0.00719927 -0.04569251  0.07255172  0.02658624 -0.03034931
  0.00419591  0.01372037 -0.03661294 -0.01067833], Best Fitness = 0.012311079060066791, Evaluations = 3264
Generation 102: Best Solution = [-0.04024171  0.00719927 -0.04569251  0.07255172  0.02658624 -0.03034931
  0.00419591  0.01372037 -0.03661294 -0.01067833], Best Fitness = 0.012311079060066791, Evaluations = 3296
Generation 103: Best Solution = [-0.04024171  0.00719927 -0.04569251  0.07255172  0.02658624 -0.03034931
  0.00419591  0.01372037 -0.03661294 -0.01067833], Best Fitness = 0.012311079060066791, Evaluations = 3328
Generation 104: Best Solution = [-0.04024171  0.00719927 -0.04569251  0.07255172  0.02658624 -0.03034931
  0.00419591  0.01372037 -0.03661294 -0.01067833], Best Fitness = 0.012311079060066791, Evaluations = 3360
Generation 105: Best Solution = [-0.04024171  0.00719927 -0.04569251  0.07255172  0.02658624 -0.03034931
  0.00419591  0.01372037 -0.03661294 -0.01067833], Best Fitness = 0.012311079060066791, Evaluations = 3392
Generation 106: Best Solution = [-0.04024171  0.00719927 -0.04569251  0.07255172  0.02658624 -0.03034931
  0.00419591  0.01372037 -0.03661294 -0.01067833], Best Fitness = 0.012311079060066791, Evaluations = 3424
Generation 107: Best Solution = [-0.04024171  0.00719927 -0.04569251  0.07255172  0.02658624 -0.03034931
  0.00419591  0.01372037 -0.03661294 -0.01067833], Best Fitness = 0.012311079060066791, Evaluations = 3456
Generation 108: Best Solution = [-0.04024171  0.00719927 -0.04569251  0.07255172  0.02658624 -0.03034931
  0.00419591  0.01372037 -0.03661294 -0.01067833], Best Fitness = 0.012311079060066791, Evaluations = 3488
Generation 109: Best Solution = [-0.04024171  0.00719927 -0.04569251  0.07255172  0.02658624 -0.03034931
  0.00419591  0.01372037 -0.03661294 -0.01067833], Best Fitness = 0.012311079060066791, Evaluations = 3520
Generation 110: Best Solution = [-0.04024171  0.00719927 -0.04569251  0.07255172  0.02658624 -0.03034931
  0.00419591  0.01372037 -0.03661294 -0.01067833], Best Fitness = 0.012311079060066791, Evaluations = 3552
Generation 111: Best Solution = [-0.04024171  0.00719927 -0.04569251  0.07255172  0.02658624 -0.03034931
  0.00419591  0.01372037 -0.03661294 -0.01067833], Best Fitness = 0.012311079060066791, Evaluations = 3584
Generation 112: Best Solution = [-0.04024171  0.00719927 -0.04569251  0.07255172  0.02658624 -0.03034931
  0.00419591  0.01372037 -0.03661294 -0.01067833], Best Fitness = 0.012311079060066791, Evaluations = 3616
Generation 113: Best Solution = [-0.00337671 -0.01812811  0.01246938  0.01898673  0.07014455 -0.03794347
  0.04145074  0.02578174  0.02839121  0.00990821], Best Fitness = 0.010503071662374337, Evaluations = 3648
Generation 114: Best Solution = [-0.00337671 -0.01812811  0.01246938  0.01898673  0.07014455 -0.03794347
  0.04145074  0.02578174  0.02839121  0.00990821], Best Fitness = 0.010503071662374337, Evaluations = 3680
Generation 115: Best Solution = [-0.00337671 -0.01812811  0.01246938  0.01898673  0.07014455 -0.03794347
  0.04145074  0.02578174  0.02839121  0.00990821], Best Fitness = 0.010503071662374337, Evaluations = 3712
Generation 116: Best Solution = [-0.00337671 -0.01812811  0.01246938  0.01898673  0.07014455 -0.03794347
  0.04145074  0.02578174  0.02839121  0.00990821], Best Fitness = 0.010503071662374337, Evaluations = 3744
Generation 117: Best Solution = [-0.00337671 -0.01812811  0.01246938  0.01898673  0.07014455 -0.03794347
  0.04145074  0.02578174  0.02839121  0.00990821], Best Fitness = 0.009809400744156132, Evaluations = 3776
Generation 118: Best Solution = [-0.00774813  0.02356088 -0.01470968 -0.01565008 -0.00710058  0.01551007
  0.03246113 -0.034645    0.01260612 -0.05856686], Best Fitness = 0.007210420546930444, Evaluations = 3808
Generation 119: Best Solution = [-0.00774813  0.02356088 -0.01470968 -0.01565008 -0.00710058  0.01551007
  0.03246113 -0.034645    0.01260612 -0.05856686], Best Fitness = 0.007210420546930444, Evaluations = 3840
Generation 120: Best Solution = [-0.00774813  0.02356088 -0.01470968 -0.01565008 -0.00710058  0.01551007
  0.03246113 -0.034645    0.01260612 -0.05856686], Best Fitness = 0.007210420546930444, Evaluations = 3872
Generation 121: Best Solution = [-0.00774813  0.02356088 -0.01470968 -0.01565008 -0.00710058  0.01551007
  0.03246113 -0.034645    0.01260612 -0.05856686], Best Fitness = 0.007210420546930444, Evaluations = 3904
Generation 122: Best Solution = [-0.00774813  0.02356088 -0.01470968 -0.01565008 -0.00710058  0.01551007
  0.03246113 -0.034645    0.01260612 -0.05856686], Best Fitness = 0.007210420546930444, Evaluations = 3936
Generation 123: Best Solution = [-0.00552988 -0.02190426  0.01563195  0.00946647 -0.02234834 -0.00931869
 -0.01957719  0.04224124  0.04836255  0.00057566], Best Fitness = 0.005937490289339219, Evaluations = 3968
Generation 124: Best Solution = [-0.00552988 -0.02190426  0.01563195  0.00946647 -0.02234834 -0.00931869
 -0.01957719  0.04224124  0.04836255  0.00057566], Best Fitness = 0.005937490289339219, Evaluations = 4000
Generation 125: Best Solution = [-0.00552988 -0.02190426  0.01563195  0.00946647 -0.02234834 -0.00931869
 -0.01957719  0.04224124  0.04836255  0.00057566], Best Fitness = 0.005775028832416144, Evaluations = 4032
Generation 126: Best Solution = [-0.00552988 -0.02190426  0.01563195  0.00946647 -0.02234834 -0.00931869
 -0.01957719  0.04224124  0.04836255  0.00057566], Best Fitness = 0.005775028832416144, Evaluations = 4064
Generation 127: Best Solution = [-0.00552988 -0.02190426  0.01563195  0.00946647 -0.02234834 -0.00931869
 -0.01957719  0.04224124  0.04836255  0.00057566], Best Fitness = 0.004790022992980325, Evaluations = 4096
Generation 128: Best Solution = [ 0.00524913  0.01894088 -0.01164171 -0.01211766  0.00237593 -0.02452378
 -0.03611244  0.01238604 -0.04061592  0.01604691], Best Fitness = 0.004640416736924502, Evaluations = 4128
Generation 129: Best Solution = [ 0.01266557 -0.00317831 -0.03354021  0.00393957  0.02747808 -0.01780562
 -0.01936682  0.02453002 -0.0149987   0.01154469], Best Fitness = 0.0037181055869602653, Evaluations = 4160
Generation 130: Best Solution = [ 0.01266557 -0.00317831 -0.03354021  0.00393957  0.02747808 -0.01780562
 -0.01936682  0.02453002 -0.0149987   0.01154469], Best Fitness = 0.0037181055869602653, Evaluations = 4192
Generation 131: Best Solution = [-0.00040986  0.0164976   0.01376833  0.01189017 -0.01727409 -0.02022718
 -0.02527922  0.00944233 -0.02889412  0.01507174], Best Fitness = 0.0031010393471503995, Evaluations = 4224
Generation 132: Best Solution = [-0.00040986  0.0164976   0.01376833  0.01189017 -0.01727409 -0.02022718
 -0.02527922  0.00944233 -0.02889412  0.01507174], Best Fitness = 0.0031010393471503995, Evaluations = 4256
Generation 133: Best Solution = [-0.01512742 -0.00790487  0.01576002 -0.00113566 -0.01833143 -0.01723018
  0.00514147 -0.00017255 -0.02337439 -0.0240523 ], Best Fitness = 0.0023252534469012523, Evaluations = 4288
Generation 134: Best Solution = [-0.01512742 -0.00790487  0.01576002 -0.00113566 -0.01833143 -0.01723018
  0.00514147 -0.00017255 -0.02337439 -0.0240523 ], Best Fitness = 0.0015189879150934672, Evaluations = 4320
Generation 135: Best Solution = [-0.01512742 -0.00790487  0.01576002 -0.00113566 -0.01833143 -0.01723018
  0.00514147 -0.00017255 -0.02337439 -0.0240523 ], Best Fitness = 0.0015189879150934672, Evaluations = 4352
Generation 136: Best Solution = [-0.01512742 -0.00790487  0.01576002 -0.00113566 -0.01833143 -0.01723018
  0.00514147 -0.00017255 -0.02337439 -0.0240523 ], Best Fitness = 0.0015189879150934672, Evaluations = 4384
Generation 137: Best Solution = [-0.01512742 -0.00790487  0.01576002 -0.00113566 -0.01833143 -0.01723018
  0.00514147 -0.00017255 -0.02337439 -0.0240523 ], Best Fitness = 0.0015189879150934672, Evaluations = 4416
Generation 138: Best Solution = [-0.01512742 -0.00790487  0.01576002 -0.00113566 -0.01833143 -0.01723018
  0.00514147 -0.00017255 -0.02337439 -0.0240523 ], Best Fitness = 0.0009418112043898307, Evaluations = 4448
Generation 139: Best Solution = [-0.01512742 -0.00790487  0.01576002 -0.00113566 -0.01833143 -0.01723018
  0.00514147 -0.00017255 -0.02337439 -0.0240523 ], Best Fitness = 0.0009418112043898307, Evaluations = 4480
Generation 140: Best Solution = [-0.01512742 -0.00790487  0.01576002 -0.00113566 -0.01833143 -0.01723018
  0.00514147 -0.00017255 -0.02337439 -0.0240523 ], Best Fitness = 0.0009418112043898307, Evaluations = 4512
Generation 141: Best Solution = [-0.01512742 -0.00790487  0.01576002 -0.00113566 -0.01833143 -0.01723018
  0.00514147 -0.00017255 -0.02337439 -0.0240523 ], Best Fitness = 0.0009418112043898307, Evaluations = 4544
Generation 142: Best Solution = [-0.01512742 -0.00790487  0.01576002 -0.00113566 -0.01833143 -0.01723018
  0.00514147 -0.00017255 -0.02337439 -0.0240523 ], Best Fitness = 0.0009418112043898307, Evaluations = 4576
Generation 143: Best Solution = [-0.01512742 -0.00790487  0.01576002 -0.00113566 -0.01833143 -0.01723018
  0.00514147 -0.00017255 -0.02337439 -0.0240523 ], Best Fitness = 0.0009418112043898307, Evaluations = 4608
Generation 144: Best Solution = [-0.01512742 -0.00790487  0.01576002 -0.00113566 -0.01833143 -0.01723018
  0.00514147 -0.00017255 -0.02337439 -0.0240523 ], Best Fitness = 0.0009418112043898307, Evaluations = 4640
Generation 145: Best Solution = [-0.01512742 -0.00790487  0.01576002 -0.00113566 -0.01833143 -0.01723018
  0.00514147 -0.00017255 -0.02337439 -0.0240523 ], Best Fitness = 0.0009418112043898307, Evaluations = 4672
Generation 146: Best Solution = [-0.01512742 -0.00790487  0.01576002 -0.00113566 -0.01833143 -0.01723018
  0.00514147 -0.00017255 -0.02337439 -0.0240523 ], Best Fitness = 0.0009418112043898307, Evaluations = 4704
Generation 147: Best Solution = [-0.01512742 -0.00790487  0.01576002 -0.00113566 -0.01833143 -0.01723018
  0.00514147 -0.00017255 -0.02337439 -0.0240523 ], Best Fitness = 0.0009418112043898307, Evaluations = 4736
Generation 148: Best Solution = [-0.00830173  0.01395825 -0.00765465  0.0026995  -0.00490751  0.00364114
 -0.00751956 -0.01061311  0.0014099   0.00153395], Best Fitness = 0.0005404965821115971, Evaluations = 4768
Generation 149: Best Solution = [-0.00830173  0.01395825 -0.00765465  0.0026995  -0.00490751  0.00364114
 -0.00751956 -0.01061311  0.0014099   0.00153395], Best Fitness = 0.0005404965821115971, Evaluations = 4800
Generation 150: Best Solution = [-0.00830173  0.01395825 -0.00765465  0.0026995  -0.00490751  0.00364114
 -0.00751956 -0.01061311  0.0014099   0.00153395], Best Fitness = 0.0005404965821115971, Evaluations = 4832
Generation 151: Best Solution = [-0.00830173  0.01395825 -0.00765465  0.0026995  -0.00490751  0.00364114
 -0.00751956 -0.01061311  0.0014099   0.00153395], Best Fitness = 0.0005404965821115971, Evaluations = 4864
Generation 152: Best Solution = [ 0.00479424  0.00796037  0.00204153 -0.00979059  0.00698929  0.00496029
  0.00409959  0.01324004  0.00114142  0.00548283], Best Fitness = 0.0004833000074021877, Evaluations = 4896
Generation 153: Best Solution = [ 0.00479424  0.00796037  0.00204153 -0.00979059  0.00698929  0.00496029
  0.00409959  0.01324004  0.00114142  0.00548283], Best Fitness = 0.0004833000074021877, Evaluations = 4928
Generation 154: Best Solution = [ 0.00479424  0.00796037  0.00204153 -0.00979059  0.00698929  0.00496029
  0.00409959  0.01324004  0.00114142  0.00548283], Best Fitness = 0.0004833000074021877, Evaluations = 4960
Generation 155: Best Solution = [ 0.00479424  0.00796037  0.00204153 -0.00979059  0.00698929  0.00496029
  0.00409959  0.01324004  0.00114142  0.00548283], Best Fitness = 0.0004833000074021877, Evaluations = 4992
Generation 156: Best Solution = [ 0.00479424  0.00796037  0.00204153 -0.00979059  0.00698929  0.00496029
  0.00409959  0.01324004  0.00114142  0.00548283], Best Fitness = 0.0004833000074021877, Evaluations = 5024
Generation 157: Best Solution = [ 0.01050643  0.00395648 -0.00410691  0.00022823 -0.00133883 -0.00035941
 -0.00328085  0.01125701  0.00541862  0.00242897], Best Fitness = 0.0003176249811128946, Evaluations = 5056
Generation 158: Best Solution = [ 0.01050643  0.00395648 -0.00410691  0.00022823 -0.00133883 -0.00035941
 -0.00328085  0.01125701  0.00541862  0.00242897], Best Fitness = 0.0003176249811128946, Evaluations = 5088
Generation 159: Best Solution = [ 0.01050643  0.00395648 -0.00410691  0.00022823 -0.00133883 -0.00035941
 -0.00328085  0.01125701  0.00541862  0.00242897], Best Fitness = 0.0003176249811128946, Evaluations = 5120
Generation 160: Best Solution = [ 0.01050643  0.00395648 -0.00410691  0.00022823 -0.00133883 -0.00035941
 -0.00328085  0.01125701  0.00541862  0.00242897], Best Fitness = 0.00029428616243424275, Evaluations = 5152
Generation 161: Best Solution = [ 0.01050643  0.00395648 -0.00410691  0.00022823 -0.00133883 -0.00035941
 -0.00328085  0.01125701  0.00541862  0.00242897], Best Fitness = 0.00029428616243424275, Evaluations = 5184
Generation 162: Best Solution = [ 0.01050643  0.00395648 -0.00410691  0.00022823 -0.00133883 -0.00035941
 -0.00328085  0.01125701  0.00541862  0.00242897], Best Fitness = 0.00029428616243424275, Evaluations = 5216
Generation 163: Best Solution = [ 0.01050643  0.00395648 -0.00410691  0.00022823 -0.00133883 -0.00035941
 -0.00328085  0.01125701  0.00541862  0.00242897], Best Fitness = 0.00029428616243424275, Evaluations = 5248
Generation 164: Best Solution = [ 0.00066966  0.00593935  0.00225683  0.00123412 -0.00096206 -0.00561893
  0.00190242 -0.00717106  0.00397045  0.00675161], Best Fitness = 0.0001912305890174443, Evaluations = 5280
Generation 165: Best Solution = [ 0.00066966  0.00593935  0.00225683  0.00123412 -0.00096206 -0.00561893
  0.00190242 -0.00717106  0.00397045  0.00675161], Best Fitness = 0.0001912305890174443, Evaluations = 5312
Generation 166: Best Solution = [ 0.00066966  0.00593935  0.00225683  0.00123412 -0.00096206 -0.00561893
  0.00190242 -0.00717106  0.00397045  0.00675161], Best Fitness = 0.0001912305890174443, Evaluations = 5344
Generation 167: Best Solution = [ 0.00066966  0.00593935  0.00225683  0.00123412 -0.00096206 -0.00561893
  0.00190242 -0.00717106  0.00397045  0.00675161], Best Fitness = 0.0001912305890174443, Evaluations = 5376
Generation 168: Best Solution = [-0.00287589 -0.00071602 -0.0057222   0.00229459 -0.00159018 -0.0036523
 -0.00628268  0.00589913  0.00576617  0.00257936], Best Fitness = 0.00017683376699357563, Evaluations = 5408
Generation 169: Best Solution = [ 2.77859399e-03 -5.63643170e-04 -7.61306476e-04 -1.50359302e-03
 -4.46035688e-03  8.06165983e-03 -2.90270542e-03 -5.31961226e-05
 -2.97195564e-03 -4.97842803e-03], Best Fitness = 0.00013780959497569368, Evaluations = 5440
Generation 170: Best Solution = [ 2.77859399e-03 -5.63643170e-04 -7.61306476e-04 -1.50359302e-03
 -4.46035688e-03  8.06165983e-03 -2.90270542e-03 -5.31961226e-05
 -2.97195564e-03 -4.97842803e-03], Best Fitness = 0.00013780959497569368, Evaluations = 5472
Generation 171: Best Solution = [ 2.77859399e-03 -5.63643170e-04 -7.61306476e-04 -1.50359302e-03
 -4.46035688e-03  8.06165983e-03 -2.90270542e-03 -5.31961226e-05
 -2.97195564e-03 -4.97842803e-03], Best Fitness = 0.00013780959497569368, Evaluations = 5504
Generation 172: Best Solution = [ 2.77859399e-03 -5.63643170e-04 -7.61306476e-04 -1.50359302e-03
 -4.46035688e-03  8.06165983e-03 -2.90270542e-03 -5.31961226e-05
 -2.97195564e-03 -4.97842803e-03], Best Fitness = 0.00013780959497569368, Evaluations = 5536
Generation 173: Best Solution = [-0.00354668  0.00030153  0.00050714  0.00579    -0.0053085   0.0010989
  0.00016717  0.00691358  0.00063402 -0.0027431 ], Best Fitness = 0.0001315910631780364, Evaluations = 5568
Generation 174: Best Solution = [-0.00354668  0.00030153  0.00050714  0.00579    -0.0053085   0.0010989
  0.00016717  0.00691358  0.00063402 -0.0027431 ], Best Fitness = 0.0001315910631780364, Evaluations = 5600
Generation 175: Best Solution = [-0.00354668  0.00030153  0.00050714  0.00579    -0.0053085   0.0010989
  0.00016717  0.00691358  0.00063402 -0.0027431 ], Best Fitness = 0.0001315910631780364, Evaluations = 5632
Generation 176: Best Solution = [-0.00037425 -0.00119243  0.00054856  0.00056091 -0.00100206  0.00443978
 -0.00102981 -0.00379235 -0.00080365 -0.00278081], Best Fitness = 4.671443279506163e-05, Evaluations = 5664
Generation 177: Best Solution = [-0.00037425 -0.00119243  0.00054856  0.00056091 -0.00100206  0.00443978
 -0.00102981 -0.00379235 -0.00080365 -0.00278081], Best Fitness = 4.671443279506163e-05, Evaluations = 5696
Generation 178: Best Solution = [-0.00037425 -0.00119243  0.00054856  0.00056091 -0.00100206  0.00443978
 -0.00102981 -0.00379235 -0.00080365 -0.00278081], Best Fitness = 4.671443279506163e-05, Evaluations = 5728
Generation 179: Best Solution = [-0.00037425 -0.00119243  0.00054856  0.00056091 -0.00100206  0.00443978
 -0.00102981 -0.00379235 -0.00080365 -0.00278081], Best Fitness = 4.671443279506163e-05, Evaluations = 5760
Generation 180: Best Solution = [-0.00037425 -0.00119243  0.00054856  0.00056091 -0.00100206  0.00443978
 -0.00102981 -0.00379235 -0.00080365 -0.00278081], Best Fitness = 4.671443279506163e-05, Evaluations = 5792
Generation 181: Best Solution = [-0.00037425 -0.00119243  0.00054856  0.00056091 -0.00100206  0.00443978
 -0.00102981 -0.00379235 -0.00080365 -0.00278081], Best Fitness = 4.671443279506163e-05, Evaluations = 5824
Generation 182: Best Solution = [-0.00037425 -0.00119243  0.00054856  0.00056091 -0.00100206  0.00443978
 -0.00102981 -0.00379235 -0.00080365 -0.00278081], Best Fitness = 4.671443279506163e-05, Evaluations = 5856
Generation 183: Best Solution = [-0.00037425 -0.00119243  0.00054856  0.00056091 -0.00100206  0.00443978
 -0.00102981 -0.00379235 -0.00080365 -0.00278081], Best Fitness = 4.671443279506163e-05, Evaluations = 5888
Generation 184: Best Solution = [-0.00037425 -0.00119243  0.00054856  0.00056091 -0.00100206  0.00443978
 -0.00102981 -0.00379235 -0.00080365 -0.00278081], Best Fitness = 4.671443279506163e-05, Evaluations = 5920
Generation 185: Best Solution = [-0.00037425 -0.00119243  0.00054856  0.00056091 -0.00100206  0.00443978
 -0.00102981 -0.00379235 -0.00080365 -0.00278081], Best Fitness = 4.671443279506163e-05, Evaluations = 5952
Generation 186: Best Solution = [-0.00037425 -0.00119243  0.00054856  0.00056091 -0.00100206  0.00443978
 -0.00102981 -0.00379235 -0.00080365 -0.00278081], Best Fitness = 4.671443279506163e-05, Evaluations = 5984
Generation 187: Best Solution = [-0.00037425 -0.00119243  0.00054856  0.00056091 -0.00100206  0.00443978
 -0.00102981 -0.00379235 -0.00080365 -0.00278081], Best Fitness = 4.671443279506163e-05, Evaluations = 6016
Generation 188: Best Solution = [-0.00037425 -0.00119243  0.00054856  0.00056091 -0.00100206  0.00443978
 -0.00102981 -0.00379235 -0.00080365 -0.00278081], Best Fitness = 4.671443279506163e-05, Evaluations = 6048
Generation 189: Best Solution = [ 0.00129639 -0.00259782 -0.00125068 -0.00141934  0.00018606  0.00108145
  0.00108436 -0.00139405 -0.00149913 -0.00158593], Best Fitness = 2.1093943369629734e-05, Evaluations = 6080
Generation 190: Best Solution = [ 0.00129639 -0.00259782 -0.00125068 -0.00141934  0.00018606  0.00108145
  0.00108436 -0.00139405 -0.00149913 -0.00158593], Best Fitness = 2.1093943369629734e-05, Evaluations = 6112
Generation 191: Best Solution = [ 0.00129639 -0.00259782 -0.00125068 -0.00141934  0.00018606  0.00108145
  0.00108436 -0.00139405 -0.00149913 -0.00158593], Best Fitness = 2.1093943369629734e-05, Evaluations = 6144
Generation 192: Best Solution = [ 0.00129639 -0.00259782 -0.00125068 -0.00141934  0.00018606  0.00108145
  0.00108436 -0.00139405 -0.00149913 -0.00158593], Best Fitness = 2.1093943369629734e-05, Evaluations = 6176
Generation 193: Best Solution = [ 0.00129639 -0.00259782 -0.00125068 -0.00141934  0.00018606  0.00108145
  0.00108436 -0.00139405 -0.00149913 -0.00158593], Best Fitness = 1.786212387266383e-05, Evaluations = 6208
Generation 194: Best Solution = [ 0.00129639 -0.00259782 -0.00125068 -0.00141934  0.00018606  0.00108145
  0.00108436 -0.00139405 -0.00149913 -0.00158593], Best Fitness = 1.786212387266383e-05, Evaluations = 6240
Generation 195: Best Solution = [ 0.00129639 -0.00259782 -0.00125068 -0.00141934  0.00018606  0.00108145
  0.00108436 -0.00139405 -0.00149913 -0.00158593], Best Fitness = 1.786212387266383e-05, Evaluations = 6272
Generation 196: Best Solution = [ 0.00129639 -0.00259782 -0.00125068 -0.00141934  0.00018606  0.00108145
  0.00108436 -0.00139405 -0.00149913 -0.00158593], Best Fitness = 1.786212387266383e-05, Evaluations = 6304
Generation 197: Best Solution = [ 0.00129639 -0.00259782 -0.00125068 -0.00141934  0.00018606  0.00108145
  0.00108436 -0.00139405 -0.00149913 -0.00158593], Best Fitness = 1.786212387266383e-05, Evaluations = 6336
Generation 198: Best Solution = [ 0.00129639 -0.00259782 -0.00125068 -0.00141934  0.00018606  0.00108145
  0.00108436 -0.00139405 -0.00149913 -0.00158593], Best Fitness = 1.786212387266383e-05, Evaluations = 6368
Generation 199: Best Solution = [ 0.00129639 -0.00259782 -0.00125068 -0.00141934  0.00018606  0.00108145
  0.00108436 -0.00139405 -0.00149913 -0.00158593], Best Fitness = 1.786212387266383e-05, Evaluations = 6400
Generation 200: Best Solution = [ 0.00129639 -0.00259782 -0.00125068 -0.00141934  0.00018606  0.00108145
  0.00108436 -0.00139405 -0.00149913 -0.00158593], Best Fitness = 1.786212387266383e-05, Evaluations = 6432
Generation 201: Best Solution = [ 0.00129639 -0.00259782 -0.00125068 -0.00141934  0.00018606  0.00108145
  0.00108436 -0.00139405 -0.00149913 -0.00158593], Best Fitness = 1.786212387266383e-05, Evaluations = 6464
Generation 202: Best Solution = [-0.00047622 -0.00087648 -0.00125068 -0.00065043  0.00049995  0.00108145
 -0.00099241 -0.00099832 -0.00120865 -0.00234586], Best Fitness = 1.3347172011688465e-05, Evaluations = 6496
Generation 203: Best Solution = [-0.00047622 -0.00087648 -0.00125068 -0.00065043  0.00049995  0.00108145
 -0.00099241 -0.00099832 -0.00120865 -0.00234586], Best Fitness = 1.3347172011688465e-05, Evaluations = 6528
Generation 204: Best Solution = [-0.00123416 -0.00086012  0.00144704  0.00143338 -0.00162871  0.00110386
  0.0014084  -0.00067624 -0.00049668 -0.0004333 ], Best Fitness = 1.3157952300082735e-05, Evaluations = 6560
Generation 205: Best Solution = [-0.00123416 -0.00086012  0.00144704  0.00143338 -0.00162871  0.00110386
  0.0014084  -0.00067624 -0.00049668 -0.0004333 ], Best Fitness = 1.3157952300082735e-05, Evaluations = 6592
Generation 206: Best Solution = [ 1.80926375e-03 -9.44294175e-04 -4.52316332e-04  1.85219377e-03
 -9.68158676e-04 -6.98302388e-04  2.69624648e-04 -5.27463000e-05
  4.23336905e-04  1.67014570e-03], Best Fitness = 1.226937651546185e-05, Evaluations = 6624
Generation 207: Best Solution = [ 8.85266202e-04  5.53247122e-04  9.24563834e-05  1.61992212e-04
  2.93471379e-04 -1.58985455e-03 -9.64830990e-04  9.93553247e-04
 -9.54466884e-04  3.10216544e-04], Best Fitness = 6.66361945184699e-06, Evaluations = 6656
Generation 208: Best Solution = [ 8.85266202e-04  5.53247122e-04  9.24563834e-05  1.61992212e-04
  2.93471379e-04 -1.58985455e-03 -9.64830990e-04  9.93553247e-04
 -9.54466884e-04  3.10216544e-04], Best Fitness = 6.66361945184699e-06, Evaluations = 6688
Generation 209: Best Solution = [ 8.85266202e-04  5.53247122e-04  9.24563834e-05  1.61992212e-04
  2.93471379e-04 -1.58985455e-03 -9.64830990e-04  9.93553247e-04
 -9.54466884e-04  3.10216544e-04], Best Fitness = 6.66361945184699e-06, Evaluations = 6720
Generation 210: Best Solution = [ 8.85266202e-04  5.53247122e-04  9.24563834e-05  1.61992212e-04
  2.93471379e-04 -1.58985455e-03 -9.64830990e-04  9.93553247e-04
 -9.54466884e-04  3.10216544e-04], Best Fitness = 6.66361945184699e-06, Evaluations = 6752
Generation 211: Best Solution = [ 8.85266202e-04  5.53247122e-04  9.24563834e-05  1.61992212e-04
  2.93471379e-04 -1.58985455e-03 -9.64830990e-04  9.93553247e-04
 -9.54466884e-04  3.10216544e-04], Best Fitness = 6.66361945184699e-06, Evaluations = 6784
Generation 212: Best Solution = [-1.00171824e-03  4.00909130e-05  2.02299074e-04 -1.65766716e-03
  5.10171883e-04  6.50009478e-04  1.32234429e-03  2.99319049e-04
 -3.33762894e-05  4.67991593e-04], Best Fitness = 6.534936122898607e-06, Evaluations = 6816
Generation 213: Best Solution = [-1.00171824e-03  4.00909130e-05  2.02299074e-04 -1.65766716e-03
  5.10171883e-04  6.50009478e-04  1.32234429e-03  2.99319049e-04
 -3.33762894e-05  4.67991593e-04], Best Fitness = 6.534936122898607e-06, Evaluations = 6848
Generation 214: Best Solution = [-1.00171824e-03  4.00909130e-05  2.02299074e-04 -1.65766716e-03
  5.10171883e-04  6.50009478e-04  1.32234429e-03  2.99319049e-04
 -3.33762894e-05  4.67991593e-04], Best Fitness = 6.534936122898607e-06, Evaluations = 6880
Generation 215: Best Solution = [-1.00171824e-03  4.00909130e-05  2.02299074e-04 -1.65766716e-03
  5.10171883e-04  6.50009478e-04  1.32234429e-03  2.99319049e-04
 -3.33762894e-05  4.67991593e-04], Best Fitness = 6.534936122898607e-06, Evaluations = 6912
Generation 216: Best Solution = [-1.00171824e-03  4.00909130e-05  2.02299074e-04 -1.65766716e-03
  5.10171883e-04  6.50009478e-04  1.32234429e-03  2.99319049e-04
 -3.33762894e-05  4.67991593e-04], Best Fitness = 6.534936122898607e-06, Evaluations = 6944
Generation 217: Best Solution = [ 1.43139725e-04 -9.44742043e-05 -1.91514263e-04  1.36610254e-03
 -4.44209657e-04 -7.92430421e-04 -8.59534423e-04  3.21158455e-04
 -5.11260502e-04 -1.26009022e-03], Best Fitness = 5.448753242072879e-06, Evaluations = 6976
Generation 218: Best Solution = [ 1.43139725e-04 -9.44742043e-05 -1.91514263e-04  1.36610254e-03
 -4.44209657e-04 -7.92430421e-04 -8.59534423e-04  3.21158455e-04
 -5.11260502e-04 -1.26009022e-03], Best Fitness = 5.397103482587321e-06, Evaluations = 7008
Generation 219: Best Solution = [ 1.43139725e-04 -9.44742043e-05 -1.91514263e-04  1.36610254e-03
 -4.44209657e-04 -7.92430421e-04 -8.59534423e-04  3.21158455e-04
 -5.11260502e-04 -1.26009022e-03], Best Fitness = 2.064972837814311e-06, Evaluations = 7040
Generation 220: Best Solution = [ 1.43139725e-04 -9.44742043e-05 -1.91514263e-04  1.36610254e-03
 -4.44209657e-04 -7.92430421e-04 -8.59534423e-04  3.21158455e-04
 -5.11260502e-04 -1.26009022e-03], Best Fitness = 2.064972837814311e-06, Evaluations = 7072
Generation 221: Best Solution = [ 1.43139725e-04 -9.44742043e-05 -1.91514263e-04  1.36610254e-03
 -4.44209657e-04 -7.92430421e-04 -8.59534423e-04  3.21158455e-04
 -5.11260502e-04 -1.26009022e-03], Best Fitness = 2.064972837814311e-06, Evaluations = 7104
Generation 222: Best Solution = [ 1.43139725e-04 -9.44742043e-05 -1.91514263e-04  1.36610254e-03
 -4.44209657e-04 -7.92430421e-04 -8.59534423e-04  3.21158455e-04
 -5.11260502e-04 -1.26009022e-03], Best Fitness = 2.064972837814311e-06, Evaluations = 7136
Generation 223: Best Solution = [ 1.43139725e-04 -9.44742043e-05 -1.91514263e-04  1.36610254e-03
 -4.44209657e-04 -7.92430421e-04 -8.59534423e-04  3.21158455e-04
 -5.11260502e-04 -1.26009022e-03], Best Fitness = 2.064972837814311e-06, Evaluations = 7168
Generation 224: Best Solution = [ 1.43139725e-04 -9.44742043e-05 -1.91514263e-04  1.36610254e-03
 -4.44209657e-04 -7.92430421e-04 -8.59534423e-04  3.21158455e-04
 -5.11260502e-04 -1.26009022e-03], Best Fitness = 2.064972837814311e-06, Evaluations = 7200
Generation 225: Best Solution = [ 1.43139725e-04 -9.44742043e-05 -1.91514263e-04  1.36610254e-03
 -4.44209657e-04 -7.92430421e-04 -8.59534423e-04  3.21158455e-04
 -5.11260502e-04 -1.26009022e-03], Best Fitness = 2.064972837814311e-06, Evaluations = 7232
Generation 226: Best Solution = [ 1.43139725e-04 -9.44742043e-05 -1.91514263e-04  1.36610254e-03
 -4.44209657e-04 -7.92430421e-04 -8.59534423e-04  3.21158455e-04
 -5.11260502e-04 -1.26009022e-03], Best Fitness = 2.064972837814311e-06, Evaluations = 7264
Generation 227: Best Solution = [ 1.43139725e-04 -9.44742043e-05 -1.91514263e-04  1.36610254e-03
 -4.44209657e-04 -7.92430421e-04 -8.59534423e-04  3.21158455e-04
 -5.11260502e-04 -1.26009022e-03], Best Fitness = 2.064972837814311e-06, Evaluations = 7296
Generation 228: Best Solution = [ 1.43139725e-04 -9.44742043e-05 -1.91514263e-04  1.36610254e-03
 -4.44209657e-04 -7.92430421e-04 -8.59534423e-04  3.21158455e-04
 -5.11260502e-04 -1.26009022e-03], Best Fitness = 2.064972837814311e-06, Evaluations = 7328
Generation 229: Best Solution = [ 1.43139725e-04 -9.44742043e-05 -1.91514263e-04  1.36610254e-03
 -4.44209657e-04 -7.92430421e-04 -8.59534423e-04  3.21158455e-04
 -5.11260502e-04 -1.26009022e-03], Best Fitness = 2.064972837814311e-06, Evaluations = 7360
Generation 230: Best Solution = [ 1.43139725e-04 -9.44742043e-05 -1.91514263e-04  1.36610254e-03
 -4.44209657e-04 -7.92430421e-04 -8.59534423e-04  3.21158455e-04
 -5.11260502e-04 -1.26009022e-03], Best Fitness = 2.064972837814311e-06, Evaluations = 7392
Generation 231: Best Solution = [ 1.43139725e-04 -9.44742043e-05 -1.91514263e-04  1.36610254e-03
 -4.44209657e-04 -7.92430421e-04 -8.59534423e-04  3.21158455e-04
 -5.11260502e-04 -1.26009022e-03], Best Fitness = 2.064972837814311e-06, Evaluations = 7424
Generation 232: Best Solution = [ 7.85598897e-05 -4.60215130e-04  2.10541469e-04  7.95301884e-04
 -1.98449256e-04 -3.60872382e-04  2.32932078e-04 -5.50884353e-04
 -1.81905267e-04 -6.26280557e-04], Best Fitness = 1.8474611875000036e-06, Evaluations = 7456
Generation 233: Best Solution = [ 7.85598897e-05 -4.60215130e-04  2.10541469e-04  7.95301884e-04
 -1.98449256e-04 -3.60872382e-04  2.32932078e-04 -5.50884353e-04
 -1.81905267e-04 -6.26280557e-04], Best Fitness = 1.8474611875000036e-06, Evaluations = 7488
Generation 234: Best Solution = [-1.51995074e-04 -1.17259565e-04 -2.71767522e-04 -2.40075432e-04
  2.20842460e-04 -9.04986541e-04  6.12520121e-04 -2.49039177e-04
  2.07249091e-04  2.18249844e-05], Best Fitness = 1.5167480636356004e-06, Evaluations = 7520
Generation 235: Best Solution = [-1.51995074e-04 -1.17259565e-04 -2.71767522e-04 -2.40075432e-04
  2.20842460e-04 -9.04986541e-04  6.12520121e-04 -2.49039177e-04
  2.07249091e-04  2.18249844e-05], Best Fitness = 1.5167480636356004e-06, Evaluations = 7552
Generation 236: Best Solution = [-1.51995074e-04 -1.17259565e-04 -2.71767522e-04 -2.40075432e-04
  2.20842460e-04 -9.04986541e-04  6.12520121e-04 -2.49039177e-04
  2.07249091e-04  2.18249844e-05], Best Fitness = 1.5167480636356004e-06, Evaluations = 7584
Generation 237: Best Solution = [-2.32458018e-04  1.45510757e-04 -3.01214992e-04  7.51495873e-05
 -8.23604959e-04  1.45700632e-04  1.07528790e-04  5.61860467e-04
  1.16696066e-05  1.88424191e-04], Best Fitness = 1.2340313264404718e-06, Evaluations = 7616
Generation 238: Best Solution = [ 9.71709908e-05 -3.26113441e-04 -1.51395206e-04  1.30585321e-05
  8.82540805e-04  1.91389622e-04  4.30558721e-04  2.10973988e-04
  4.98202801e-05  1.68127231e-04], Best Fitness = 1.2150311336541241e-06, Evaluations = 7648
Generation 239: Best Solution = [-2.25407498e-04 -3.86538630e-04 -3.01214992e-04  7.51495873e-05
  8.81327944e-05  1.45700632e-04  1.07528790e-04  5.61860467e-04
  3.27309128e-04  1.88424191e-04], Best Fitness = 7.954792141758674e-07, Evaluations = 7680
Generation 240: Best Solution = [-2.25407498e-04 -3.86538630e-04 -3.01214992e-04  7.51495873e-05
  8.81327944e-05  1.45700632e-04  1.07528790e-04  5.61860467e-04
  3.27309128e-04  1.88424191e-04], Best Fitness = 7.954792141758674e-07, Evaluations = 7712
Generation 241: Best Solution = [-2.25407498e-04 -3.86538630e-04 -3.01214992e-04  7.51495873e-05
  8.81327944e-05  1.45700632e-04  1.07528790e-04  5.61860467e-04
  3.27309128e-04  1.88424191e-04], Best Fitness = 7.954792141758674e-07, Evaluations = 7744
Generation 242: Best Solution = [-2.25407498e-04 -3.86538630e-04 -3.01214992e-04  7.51495873e-05
  8.81327944e-05  1.45700632e-04  1.07528790e-04  5.61860467e-04
  3.27309128e-04  1.88424191e-04], Best Fitness = 7.954792141758674e-07, Evaluations = 7776
Generation 243: Best Solution = [-2.25407498e-04 -3.86538630e-04 -3.01214992e-04  7.51495873e-05
  8.81327944e-05  1.45700632e-04  1.07528790e-04  5.61860467e-04
  3.27309128e-04  1.88424191e-04], Best Fitness = 7.954792141758674e-07, Evaluations = 7808
Generation 244: Best Solution = [-2.25407498e-04 -3.86538630e-04 -3.01214992e-04  7.51495873e-05
  8.81327944e-05  1.45700632e-04  1.07528790e-04  5.61860467e-04
  3.27309128e-04  1.88424191e-04], Best Fitness = 7.954792141758674e-07, Evaluations = 7840
Generation 245: Best Solution = [-2.25407498e-04 -3.86538630e-04 -3.01214992e-04  7.51495873e-05
  8.81327944e-05  1.45700632e-04  1.07528790e-04  5.61860467e-04
  3.27309128e-04  1.88424191e-04], Best Fitness = 7.954792141758674e-07, Evaluations = 7872
Generation 246: Best Solution = [-2.25407498e-04 -3.86538630e-04 -3.01214992e-04  7.51495873e-05
  8.81327944e-05  1.45700632e-04  1.07528790e-04  5.61860467e-04
  3.27309128e-04  1.88424191e-04], Best Fitness = 3.3357085256654154e-07, Evaluations = 7904
Generation 247: Best Solution = [-2.25407498e-04 -3.86538630e-04 -3.01214992e-04  7.51495873e-05
  8.81327944e-05  1.45700632e-04  1.07528790e-04  5.61860467e-04
  3.27309128e-04  1.88424191e-04], Best Fitness = 3.3357085256654154e-07, Evaluations = 7936
Generation 248: Best Solution = [-2.25407498e-04 -3.86538630e-04 -3.01214992e-04  7.51495873e-05
  8.81327944e-05  1.45700632e-04  1.07528790e-04  5.61860467e-04
  3.27309128e-04  1.88424191e-04], Best Fitness = 3.3357085256654154e-07, Evaluations = 7968
Generation 249: Best Solution = [-2.25407498e-04 -3.86538630e-04 -3.01214992e-04  7.51495873e-05
  8.81327944e-05  1.45700632e-04  1.07528790e-04  5.61860467e-04
  3.27309128e-04  1.88424191e-04], Best Fitness = 3.3357085256654154e-07, Evaluations = 8000
Generation 250: Best Solution = [-2.25407498e-04 -3.86538630e-04 -3.01214992e-04  7.51495873e-05
  8.81327944e-05  1.45700632e-04  1.07528790e-04  5.61860467e-04
  3.27309128e-04  1.88424191e-04], Best Fitness = 3.3357085256654154e-07, Evaluations = 8032
Generation 251: Best Solution = [-2.25407498e-04 -3.86538630e-04 -3.01214992e-04  7.51495873e-05
  8.81327944e-05  1.45700632e-04  1.07528790e-04  5.61860467e-04
  3.27309128e-04  1.88424191e-04], Best Fitness = 3.3357085256654154e-07, Evaluations = 8064
Generation 252: Best Solution = [-2.25407498e-04 -3.86538630e-04 -3.01214992e-04  7.51495873e-05
  8.81327944e-05  1.45700632e-04  1.07528790e-04  5.61860467e-04
  3.27309128e-04  1.88424191e-04], Best Fitness = 3.3357085256654154e-07, Evaluations = 8096
Generation 253: Best Solution = [-2.25407498e-04 -3.86538630e-04 -3.01214992e-04  7.51495873e-05
  8.81327944e-05  1.45700632e-04  1.07528790e-04  5.61860467e-04
  3.27309128e-04  1.88424191e-04], Best Fitness = 3.3357085256654154e-07, Evaluations = 8128
Generation 254: Best Solution = [-2.25407498e-04 -3.86538630e-04 -3.01214992e-04  7.51495873e-05
  8.81327944e-05  1.45700632e-04  1.07528790e-04  5.61860467e-04
  3.27309128e-04  1.88424191e-04], Best Fitness = 3.3357085256654154e-07, Evaluations = 8160
Generation 255: Best Solution = [-2.25407498e-04 -3.86538630e-04 -3.01214992e-04  7.51495873e-05
  8.81327944e-05  1.45700632e-04  1.07528790e-04  5.61860467e-04
  3.27309128e-04  1.88424191e-04], Best Fitness = 3.3357085256654154e-07, Evaluations = 8192
Generation 256: Best Solution = [-2.25407498e-04 -3.86538630e-04 -3.01214992e-04  7.51495873e-05
  8.81327944e-05  1.45700632e-04  1.07528790e-04  5.61860467e-04
  3.27309128e-04  1.88424191e-04], Best Fitness = 3.3357085256654154e-07, Evaluations = 8224
Generation 257: Best Solution = [-2.25407498e-04 -3.86538630e-04 -3.01214992e-04  7.51495873e-05
  8.81327944e-05  1.45700632e-04  1.07528790e-04  5.61860467e-04
  3.27309128e-04  1.88424191e-04], Best Fitness = 3.3357085256654154e-07, Evaluations = 8256
Generation 258: Best Solution = [-2.25407498e-04 -3.86538630e-04 -3.01214992e-04  7.51495873e-05
  8.81327944e-05  1.45700632e-04  1.07528790e-04  5.61860467e-04
  3.27309128e-04  1.88424191e-04], Best Fitness = 3.3357085256654154e-07, Evaluations = 8288
Generation 259: Best Solution = [-2.25407498e-04 -3.86538630e-04 -3.01214992e-04  7.51495873e-05
  8.81327944e-05  1.45700632e-04  1.07528790e-04  5.61860467e-04
  3.27309128e-04  1.88424191e-04], Best Fitness = 3.3357085256654154e-07, Evaluations = 8320
Generation 260: Best Solution = [-2.25407498e-04 -3.86538630e-04 -3.01214992e-04  7.51495873e-05
  8.81327944e-05  1.45700632e-04  1.07528790e-04  5.61860467e-04
  3.27309128e-04  1.88424191e-04], Best Fitness = 3.3357085256654154e-07, Evaluations = 8352
Generation 261: Best Solution = [ 1.41787520e-04  2.24676352e-05  2.78427089e-04  8.19799210e-05
 -3.57933952e-05  1.92342067e-06 -2.48371531e-04  1.22981234e-04
  7.44817976e-05  3.41236575e-04], Best Fitness = 3.0493845337373145e-07, Evaluations = 8384
Generation 262: Best Solution = [-4.09633218e-05  8.37850246e-05 -1.71976430e-04  2.13558324e-04
 -1.11320750e-04  1.00161960e-04  9.33578642e-05 -1.78521551e-04
  8.13299119e-05  3.49919953e-04], Best Fitness = 2.7594986543671877e-07, Evaluations = 8416
Generation 263: Best Solution = [-4.09633218e-05  8.37850246e-05 -1.71976430e-04  2.13558324e-04
 -1.11320750e-04  1.00161960e-04  9.33578642e-05 -1.78521551e-04
  8.13299119e-05  3.49919953e-04], Best Fitness = 2.7594986543671877e-07, Evaluations = 8448
Generation 264: Best Solution = [-2.26149094e-04  8.76649155e-05  1.44313851e-04 -1.74779442e-04
  5.87002098e-05  9.90873501e-05  2.02936431e-04 -1.53414755e-04
  1.20165092e-04 -1.32523537e-04], Best Fitness = 2.201883276190428e-07, Evaluations = 8480
Generation 265: Best Solution = [-2.16198722e-04  3.34350141e-05  7.81784197e-06  1.04845529e-05
 -2.44283216e-05  6.12721870e-05  1.81820818e-04  1.11924014e-04
  1.52845562e-04  9.28725202e-05], Best Fitness = 1.2995472161606262e-07, Evaluations = 8512
Generation 266: Best Solution = [-5.77372413e-05 -1.76530942e-04  7.72723863e-05  6.83005195e-05
  1.58232220e-04 -8.91999448e-05 -2.11790326e-05 -1.20353838e-04
  2.71512253e-07 -1.74687686e-04], Best Fitness = 1.2357626981948544e-07, Evaluations = 8544
Generation 267: Best Solution = [-5.77372413e-05 -1.76530942e-04  7.72723863e-05  6.83005195e-05
  1.58232220e-04 -8.91999448e-05 -2.11790326e-05 -1.20353838e-04
  2.71512253e-07 -1.74687686e-04], Best Fitness = 1.2357626981948544e-07, Evaluations = 8576
Generation 268: Best Solution = [-5.77372413e-05 -1.76530942e-04  7.72723863e-05  6.83005195e-05
  1.58232220e-04 -8.91999448e-05 -2.11790326e-05 -1.20353838e-04
  2.71512253e-07 -1.74687686e-04], Best Fitness = 1.2357626981948544e-07, Evaluations = 8608
Generation 269: Best Solution = [-5.77372413e-05 -1.76530942e-04  7.72723863e-05  6.83005195e-05
  1.58232220e-04 -8.91999448e-05 -2.11790326e-05 -1.20353838e-04
  2.71512253e-07 -1.74687686e-04], Best Fitness = 1.2357626981948544e-07, Evaluations = 8640
Generation 270: Best Solution = [-5.77372413e-05 -1.76530942e-04  7.72723863e-05  6.83005195e-05
  1.58232220e-04 -8.91999448e-05 -2.11790326e-05 -1.20353838e-04
  2.71512253e-07 -1.74687686e-04], Best Fitness = 1.2357626981948544e-07, Evaluations = 8672
Generation 271: Best Solution = [-5.77372413e-05 -1.76530942e-04  7.72723863e-05  6.83005195e-05
  1.58232220e-04 -8.91999448e-05 -2.11790326e-05 -1.20353838e-04
  2.71512253e-07 -1.74687686e-04], Best Fitness = 1.2357626981948544e-07, Evaluations = 8704
Generation 272: Best Solution = [-1.27711638e-04  5.49059615e-05  1.13022466e-04 -8.02548434e-05
  3.75186418e-05  1.62199401e-04 -5.57183834e-05 -8.85303954e-06
  2.12966011e-04  2.65274210e-05], Best Fitness = 1.1549727933315557e-07, Evaluations = 8736
Generation 273: Best Solution = [-1.27711638e-04  5.49059615e-05  1.13022466e-04 -8.02548434e-05
  3.75186418e-05  1.62199401e-04 -5.57183834e-05 -8.85303954e-06
  2.12966011e-04  2.65274210e-05], Best Fitness = 1.1549727933315557e-07, Evaluations = 8768
Generation 274: Best Solution = [-1.27711638e-04  5.49059615e-05  1.13022466e-04 -8.02548434e-05
  3.75186418e-05  1.62199401e-04 -5.57183834e-05 -8.85303954e-06
  2.12966011e-04  2.65274210e-05], Best Fitness = 1.1549727933315557e-07, Evaluations = 8800
Generation 275: Best Solution = [-1.49588135e-04 -9.16307141e-05  7.09915773e-05 -1.09142598e-04
  6.46669325e-05 -1.37935227e-04 -7.76057746e-05  1.14745606e-04
  7.20977585e-05 -1.10047592e-05], Best Fitness = 9.544104986466797e-08, Evaluations = 8832
Generation 276: Best Solution = [-1.84162871e-05  1.52580619e-04  8.30812957e-05  9.45387554e-05
 -7.07586433e-05 -1.77218715e-05 -1.67732393e-05  6.26196248e-06
  2.09679928e-04  4.09948369e-05], Best Fitness = 9.074773583661296e-08, Evaluations = 8864
Generation 277: Best Solution = [-1.84162871e-05  1.52580619e-04  8.30812957e-05  9.45387554e-05
 -7.07586433e-05 -1.77218715e-05 -1.67732393e-05  6.26196248e-06
  2.09679928e-04  4.09948369e-05], Best Fitness = 6.748849249677811e-08, Evaluations = 8896
Generation 278: Best Solution = [-1.84162871e-05  1.52580619e-04  8.30812957e-05  9.45387554e-05
 -7.07586433e-05 -1.77218715e-05 -1.67732393e-05  6.26196248e-06
  2.09679928e-04  4.09948369e-05], Best Fitness = 6.748849249677811e-08, Evaluations = 8928
Generation 279: Best Solution = [-1.84162871e-05  1.52580619e-04  8.30812957e-05  9.45387554e-05
 -7.07586433e-05 -1.77218715e-05 -1.67732393e-05  6.26196248e-06
  2.09679928e-04  4.09948369e-05], Best Fitness = 6.748849249677811e-08, Evaluations = 8960
Generation 280: Best Solution = [-5.77372413e-05  1.10372703e-05 -1.06450882e-04 -7.09653324e-05
 -5.78271206e-05 -1.90716501e-04 -6.26407340e-06  1.65132181e-05
 -2.21376726e-06  3.07820935e-05], Best Fitness = 6.08044018291769e-08, Evaluations = 8992
Generation 281: Best Solution = [-5.94162109e-06 -7.70623515e-06  8.97270074e-05  2.33619474e-05
 -1.02233825e-04  4.76680615e-05  1.18551103e-04  9.76851806e-05
  2.81561959e-05  9.58116324e-07], Best Fitness = 4.5805852376375086e-08, Evaluations = 9024
Generation 282: Best Solution = [-5.94162109e-06 -7.70623515e-06  8.97270074e-05  2.33619474e-05
 -1.02233825e-04  4.76680615e-05  1.18551103e-04  9.76851806e-05
  2.81561959e-05  9.58116324e-07], Best Fitness = 4.5805852376375086e-08, Evaluations = 9056
Generation 283: Best Solution = [-5.94162109e-06 -7.70623515e-06  8.97270074e-05  2.33619474e-05
 -1.02233825e-04  4.76680615e-05  1.18551103e-04  9.76851806e-05
  2.81561959e-05  9.58116324e-07], Best Fitness = 4.5805852376375086e-08, Evaluations = 9088
Generation 284: Best Solution = [-5.94162109e-06 -7.70623515e-06  8.97270074e-05  2.33619474e-05
 -1.02233825e-04  4.76680615e-05  1.18551103e-04  9.76851806e-05
  2.81561959e-05  9.58116324e-07], Best Fitness = 4.5805852376375086e-08, Evaluations = 9120
Generation 285: Best Solution = [-5.94162109e-06 -7.70623515e-06  8.97270074e-05  2.33619474e-05
 -1.02233825e-04  4.76680615e-05  1.18551103e-04  9.76851806e-05
  2.81561959e-05  9.58116324e-07], Best Fitness = 4.5805852376375086e-08, Evaluations = 9152
Generation 286: Best Solution = [-1.12811151e-04  5.01481413e-05 -4.96177005e-05 -4.64440739e-05
  9.39706751e-06  2.93749436e-05  8.46460919e-06 -9.96631205e-05
 -3.79551548e-05  2.71141935e-05], Best Fitness = 3.299151279364311e-08, Evaluations = 9184
Generation 287: Best Solution = [-1.12811151e-04  5.01481413e-05 -4.96177005e-05 -4.64440739e-05
  9.39706751e-06  2.93749436e-05  8.46460919e-06 -9.96631205e-05
 -3.79551548e-05  2.71141935e-05], Best Fitness = 3.299151279364311e-08, Evaluations = 9216
Generation 288: Best Solution = [-1.12811151e-04  5.01481413e-05 -4.96177005e-05 -4.64440739e-05
  9.39706751e-06  2.93749436e-05  8.46460919e-06 -9.96631205e-05
 -3.79551548e-05  2.71141935e-05], Best Fitness = 3.299151279364311e-08, Evaluations = 9248
Generation 289: Best Solution = [-1.12811151e-04  5.01481413e-05 -4.96177005e-05 -4.64440739e-05
  9.39706751e-06  2.93749436e-05  8.46460919e-06 -9.96631205e-05
 -3.79551548e-05  2.71141935e-05], Best Fitness = 3.299151279364311e-08, Evaluations = 9280
Generation 290: Best Solution = [-1.12811151e-04  5.01481413e-05 -4.96177005e-05 -4.64440739e-05
  9.39706751e-06  2.93749436e-05  8.46460919e-06 -9.96631205e-05
 -3.79551548e-05  2.71141935e-05], Best Fitness = 3.299151279364311e-08, Evaluations = 9312
Generation 291: Best Solution = [-1.84162871e-05  4.64779908e-06  8.30812957e-05 -1.09057990e-05
  2.09944854e-05 -1.77218715e-05  7.51298492e-05 -6.70359355e-05
 -1.15426733e-04  1.25919603e-05], Best Fitness = 3.175723198594986e-08, Evaluations = 9344
Generation 292: Best Solution = [-1.84162871e-05  4.64779908e-06  8.30812957e-05 -1.09057990e-05
  2.09944854e-05 -1.77218715e-05  7.51298492e-05 -6.70359355e-05
 -1.15426733e-04  1.25919603e-05], Best Fitness = 3.175723198594986e-08, Evaluations = 9376
Generation 293: Best Solution = [-4.93664513e-05 -3.46466856e-05  2.36506815e-05  6.40999339e-05
 -7.66109975e-08 -1.09017493e-05  4.90327761e-05 -4.49378480e-05
  3.90549728e-05  2.74640532e-05], Best Fitness = 1.5127638042696038e-08, Evaluations = 9408
Generation 294: Best Solution = [ 3.74480045e-05  8.96103259e-06 -1.07153986e-05  2.32281553e-05
 -2.66779216e-05  1.31892494e-05  9.29761222e-06  4.74655061e-06
 -4.17275495e-05 -8.68540014e-05], Best Fitness = 1.2416469191706978e-08, Evaluations = 9440
Generation 295: Best Solution = [ 3.74480045e-05  8.96103259e-06 -1.07153986e-05  2.32281553e-05
 -2.66779216e-05  1.31892494e-05  9.29761222e-06  4.74655061e-06
 -4.17275495e-05 -8.68540014e-05], Best Fitness = 1.2416469191706978e-08, Evaluations = 9472
Generation 296: Best Solution = [ 3.74480045e-05  8.96103259e-06 -1.07153986e-05  2.32281553e-05
 -2.66779216e-05  1.31892494e-05  9.29761222e-06  4.74655061e-06
 -4.17275495e-05 -8.68540014e-05], Best Fitness = 1.2416469191706978e-08, Evaluations = 9504
Generation 297: Best Solution = [ 3.74480045e-05  8.96103259e-06 -1.07153986e-05  2.32281553e-05
 -2.66779216e-05  1.31892494e-05  9.29761222e-06  4.74655061e-06
 -4.17275495e-05 -8.68540014e-05], Best Fitness = 1.2416469191706978e-08, Evaluations = 9536
Generation 298: Best Solution = [ 5.52837358e-05 -1.57313754e-05  3.33828454e-05  1.40047636e-05
 -3.35577345e-05 -1.98332405e-05  8.46460919e-06 -2.09963530e-06
 -5.94211867e-05 -3.11981459e-06], Best Fitness = 9.750463105135437e-09, Evaluations = 9568
Generation 299: Best Solution = [ 2.68089086e-05 -1.96396181e-06  2.27673091e-05  1.29880130e-06
 -4.51483968e-05  4.19895861e-06  4.22318906e-05  9.71391956e-06
 -4.16138546e-05  1.77801398e-05], Best Fitness = 7.22436004629406e-09, Evaluations = 9600
Generation 300: Best Solution = [ 2.68089086e-05 -1.96396181e-06  2.27673091e-05  1.29880130e-06
 -4.51483968e-05  4.19895861e-06  4.22318906e-05  9.71391956e-06
 -4.16138546e-05  1.77801398e-05], Best Fitness = 7.22436004629406e-09, Evaluations = 9632
Generation 301: Best Solution = [-4.00517202e-05  1.54843953e-06  5.98009131e-05  1.29050235e-05
  1.89251782e-05  1.21318213e-05  3.21519144e-05  1.96589052e-06
 -5.26910684e-06 -1.47289857e-05], Best Fitness = 7.136887077499266e-09, Evaluations = 9664
Generation 302: Best Solution = [-4.00517202e-05  1.54843953e-06  5.98009131e-05  1.29050235e-05
  1.89251782e-05  1.21318213e-05  3.21519144e-05  1.96589052e-06
 -5.26910684e-06 -1.47289857e-05], Best Fitness = 7.136887077499266e-09, Evaluations = 9696
Generation 303: Best Solution = [-4.00517202e-05  1.54843953e-06  5.98009131e-05  1.29050235e-05
  1.89251782e-05  1.21318213e-05  3.21519144e-05  1.96589052e-06
 -5.26910684e-06 -1.47289857e-05], Best Fitness = 7.136887077499266e-09, Evaluations = 9728
Generation 304: Best Solution = [-4.00517202e-05  1.54843953e-06  5.98009131e-05  1.29050235e-05
  1.89251782e-05  1.21318213e-05  3.21519144e-05  1.96589052e-06
 -5.26910684e-06 -1.47289857e-05], Best Fitness = 7.136887077499266e-09, Evaluations = 9760
Generation 305: Best Solution = [-4.00517202e-05  1.54843953e-06  5.98009131e-05  1.29050235e-05
  1.89251782e-05  1.21318213e-05  3.21519144e-05  1.96589052e-06
 -5.26910684e-06 -1.47289857e-05], Best Fitness = 7.136887077499266e-09, Evaluations = 9792
Generation 306: Best Solution = [-4.00517202e-05  1.54843953e-06  5.98009131e-05  1.29050235e-05
  1.89251782e-05  1.21318213e-05  3.21519144e-05  1.96589052e-06
 -5.26910684e-06 -1.47289857e-05], Best Fitness = 7.136887077499266e-09, Evaluations = 9824
Generation 307: Best Solution = [-4.00517202e-05  1.54843953e-06  5.98009131e-05  1.29050235e-05
  1.89251782e-05  1.21318213e-05  3.21519144e-05  1.96589052e-06
 -5.26910684e-06 -1.47289857e-05], Best Fitness = 7.136887077499266e-09, Evaluations = 9856
Generation 308: Best Solution = [-4.00517202e-05  1.54843953e-06  5.98009131e-05  1.29050235e-05
  1.89251782e-05  1.21318213e-05  3.21519144e-05  1.96589052e-06
 -5.26910684e-06 -1.47289857e-05], Best Fitness = 7.136887077499266e-09, Evaluations = 9888
Generation 309: Best Solution = [-2.24094855e-06  3.42318221e-05  2.50275023e-05 -4.17888330e-05
 -3.36521416e-05  3.18087076e-05 -5.54347645e-06 -8.41765842e-06
 -7.12235146e-06  1.45974225e-05], Best Fitness = 6.0591821804348815e-09, Evaluations = 9920
Generation 310: Best Solution = [-2.24094855e-06  3.42318221e-05  2.50275023e-05 -4.17888330e-05
 -3.36521416e-05  3.18087076e-05 -5.54347645e-06 -8.41765842e-06
 -7.12235146e-06  1.45974225e-05], Best Fitness = 6.0591821804348815e-09, Evaluations = 9952
Generation 311: Best Solution = [-2.24094855e-06  3.42318221e-05  2.50275023e-05 -4.17888330e-05
 -3.36521416e-05  3.18087076e-05 -5.54347645e-06 -8.41765842e-06
 -7.12235146e-06  1.45974225e-05], Best Fitness = 6.0591821804348815e-09, Evaluations = 9984
Generation 312: Best Solution = [-1.24790251e-05  4.04461125e-07 -2.26196410e-05 -2.60382825e-05
 -1.93636461e-06 -1.09017493e-05 -1.01138132e-05  2.41172657e-05
  3.83325046e-05  1.99703363e-05], Best Fitness = 4.0202545780220955e-09, Evaluations = 10016
