Algorithm: Differential Evolution
Objective Function: Sphere
Dimension: 2
Population Size: 16
Max Evaluations: 2000

Generation 0: Best Solution = [1.23342466 0.24902544], Best Fitness = 1.5833500521161925, Evaluations = 16
Generation 1: Best Solution = [1.23342466 0.24902544], Best Fitness = 1.5833500521161925, Evaluations = 32
Generation 2: Best Solution = [-0.43126628 -0.06287067], Best Fitness = 0.18994332885548912, Evaluations = 48
Generation 3: Best Solution = [ 0.14008869 -0.27715671], Best Fitness = 0.09644067953975768, Evaluations = 64
Generation 4: Best Solution = [ 0.14008869 -0.27715671], Best Fitness = 0.09644067953975768, Evaluations = 80
Generation 5: Best Solution = [ 0.14008869 -0.27715671], Best Fitness = 0.09644067953975768, Evaluations = 96
Generation 6: Best Solution = [ 0.14008869 -0.27715671], Best Fitness = 0.09644067953975768, Evaluations = 112
Generation 7: Best Solution = [ 0.14008869 -0.27715671], Best Fitness = 0.027420221640727778, Evaluations = 128
Generation 8: Best Solution = [ 0.14008869 -0.27715671], Best Fitness = 0.027420221640727778, Evaluations = 144
Generation 9: Best Solution = [ 0.14008869 -0.27715671], Best Fitness = 0.027420221640727778, Evaluations = 160
Generation 10: Best Solution = [-0.12901409 -0.06591585], Best Fitness = 0.020989535581239067, Evaluations = 176
Generation 11: Best Solution = [-0.10054349  0.08204665], Best Fitness = 0.016840645475514403, Evaluations = 192
Generation 12: Best Solution = [-0.02787264  0.04276703], Best Fitness = 0.002605902607707526, Evaluations = 208
Generation 13: Best Solution = [ 0.02813447 -0.01467821], Best Fitness = 0.0010069982928419372, Evaluations = 224
Generation 14: Best Solution = [ 0.02813447 -0.01467821], Best Fitness = 0.0010069982928419372, Evaluations = 240
Generation 15: Best Solution = [ 0.02813447 -0.01467821], Best Fitness = 0.0010069982928419372, Evaluations = 256
Generation 16: Best Solution = [ 0.02813447 -0.01467821], Best Fitness = 0.0007935643411012709, Evaluations = 272
Generation 17: Best Solution = [ 0.02813447 -0.01467821], Best Fitness = 0.0007935643411012709, Evaluations = 288
Generation 18: Best Solution = [0.02316109 0.00606975], Best Fitness = 0.0005732781672339946, Evaluations = 304
Generation 19: Best Solution = [ 0.01057541 -0.00170251], Best Fitness = 0.00011473787174112321, Evaluations = 320
Generation 20: Best Solution = [ 0.01057541 -0.00170251], Best Fitness = 0.00011473787174112321, Evaluations = 336
Generation 21: Best Solution = [ 0.01057541 -0.00170251], Best Fitness = 0.00011473787174112321, Evaluations = 352
Generation 22: Best Solution = [ 0.01057541 -0.00170251], Best Fitness = 0.00011473787174112321, Evaluations = 368
Generation 23: Best Solution = [-0.00869584  0.00465083], Best Fitness = 9.724788921617374e-05, Evaluations = 384
Generation 24: Best Solution = [ 0.00686775 -0.00372423], Best Fitness = 6.103586766278849e-05, Evaluations = 400
Generation 25: Best Solution = [ 0.00686775 -0.00372423], Best Fitness = 3.606839170160108e-05, Evaluations = 416
Generation 26: Best Solution = [ 0.00686775 -0.00372423], Best Fitness = 2.0773985362981333e-05, Evaluations = 432
Generation 27: Best Solution = [ 0.00686775 -0.00372423], Best Fitness = 2.0773985362981333e-05, Evaluations = 448
Generation 28: Best Solution = [ 0.00289921 -0.00256603], Best Fitness = 1.4989930432445257e-05, Evaluations = 464
Generation 29: Best Solution = [0.00106003 0.00164493], Best Fitness = 3.829453056566622e-06, Evaluations = 480
Generation 30: Best Solution = [0.00106003 0.00164493], Best Fitness = 3.829453056566622e-06, Evaluations = 496
Generation 31: Best Solution = [0.00106003 0.00164493], Best Fitness = 3.829453056566622e-06, Evaluations = 512
Generation 32: Best Solution = [0.00106003 0.00164493], Best Fitness = 3.829453056566622e-06, Evaluations = 528
Generation 33: Best Solution = [0.00106003 0.00164493], Best Fitness = 3.829453056566622e-06, Evaluations = 544
Generation 34: Best Solution = [0.00106003 0.00164493], Best Fitness = 2.862816841735692e-06, Evaluations = 560
Generation 35: Best Solution = [-0.00055741 -0.00101079], Best Fitness = 1.3323999156691797e-06, Evaluations = 576
Generation 36: Best Solution = [-5.57412959e-04  2.04311188e-05], Best Fitness = 3.111266375288775e-07, Evaluations = 592
Generation 37: Best Solution = [ 0.00023221 -0.00030093], Best Fitness = 1.4448201426559725e-07, Evaluations = 608
Generation 38: Best Solution = [ 0.00023221 -0.00030093], Best Fitness = 1.4448201426559725e-07, Evaluations = 624
Generation 39: Best Solution = [ 0.00023221 -0.00030093], Best Fitness = 1.4448201426559725e-07, Evaluations = 640
Generation 40: Best Solution = [-7.64016805e-05 -2.09437092e-04], Best Fitness = 4.9701112289715184e-08, Evaluations = 656
Generation 41: Best Solution = [-7.64016805e-05 -2.09437092e-04], Best Fitness = 4.9701112289715184e-08, Evaluations = 672
Generation 42: Best Solution = [-7.64016805e-05 -2.09437092e-04], Best Fitness = 4.9701112289715184e-08, Evaluations = 688
Generation 43: Best Solution = [-7.64016805e-05 -2.09437092e-04], Best Fitness = 4.9701112289715184e-08, Evaluations = 704
Generation 44: Best Solution = [-7.64016805e-05 -2.09437092e-04], Best Fitness = 4.9701112289715184e-08, Evaluations = 720
Generation 45: Best Solution = [-1.33684900e-05 -6.72285165e-05], Best Fitness = 4.698389957915983e-09, Evaluations = 736
Generation 46: Best Solution = [-1.33684900e-05 -6.72285165e-05], Best Fitness = 4.698389957915983e-09, Evaluations = 752
Generation 47: Best Solution = [-3.83471377e-05 -1.34451353e-05], Best Fitness = 1.651274629607236e-09, Evaluations = 768
Generation 48: Best Solution = [-3.83471377e-05 -1.34451353e-05], Best Fitness = 1.5092948866719851e-09, Evaluations = 784
Generation 49: Best Solution = [-3.83471377e-05 -1.34451353e-05], Best Fitness = 1.5092948866719851e-09, Evaluations = 800
Generation 50: Best Solution = [-3.83471377e-05 -1.34451353e-05], Best Fitness = 1.5092948866719851e-09, Evaluations = 816
Generation 51: Best Solution = [-9.56766811e-06 -3.32784650e-06], Best Fitness = 1.026148354688481e-10, Evaluations = 832
Generation 52: Best Solution = [-3.25778258e-06  9.30486008e-07], Best Fitness = 1.1478951567082323e-11, Evaluations = 848
Generation 53: Best Solution = [-3.25778258e-06  9.30486008e-07], Best Fitness = 1.1478951567082323e-11, Evaluations = 864
Generation 54: Best Solution = [-3.25778258e-06  9.30486008e-07], Best Fitness = 1.1478951567082323e-11, Evaluations = 880
Generation 55: Best Solution = [-3.25778258e-06  9.30486008e-07], Best Fitness = 1.1478951567082323e-11, Evaluations = 896
Generation 56: Best Solution = [-3.25778258e-06  9.30486008e-07], Best Fitness = 2.0832503644446716e-12, Evaluations = 912
Generation 57: Best Solution = [-3.25778258e-06  9.30486008e-07], Best Fitness = 2.0832503644446716e-12, Evaluations = 928
Generation 58: Best Solution = [-3.25778258e-06  9.30486008e-07], Best Fitness = 2.0832503644446716e-12, Evaluations = 944
Generation 59: Best Solution = [-3.25778258e-06  9.30486008e-07], Best Fitness = 2.0832503644446716e-12, Evaluations = 960
Generation 60: Best Solution = [-3.25778258e-06  9.30486008e-07], Best Fitness = 2.0832503644446716e-12, Evaluations = 976
Generation 61: Best Solution = [-3.25778258e-06  9.30486008e-07], Best Fitness = 2.0832503644446716e-12, Evaluations = 992
Generation 62: Best Solution = [-3.25778258e-06  9.30486008e-07], Best Fitness = 2.0832503644446716e-12, Evaluations = 1008
Generation 63: Best Solution = [-3.25778258e-06  9.30486008e-07], Best Fitness = 2.0832503644446716e-12, Evaluations = 1024
Generation 64: Best Solution = [-3.25778258e-06  9.30486008e-07], Best Fitness = 2.0832503644446716e-12, Evaluations = 1040
Generation 65: Best Solution = [-3.25778258e-06  9.30486008e-07], Best Fitness = 2.0832503644446716e-12, Evaluations = 1056
Generation 66: Best Solution = [-3.25778258e-06  9.30486008e-07], Best Fitness = 2.0832503644446716e-12, Evaluations = 1072
Generation 67: Best Solution = [-3.25778258e-06  9.30486008e-07], Best Fitness = 2.0832503644446716e-12, Evaluations = 1088
Generation 68: Best Solution = [-3.25778258e-06  9.30486008e-07], Best Fitness = 2.0832503644446716e-12, Evaluations = 1104
Generation 69: Best Solution = [-3.25778258e-06  9.30486008e-07], Best Fitness = 2.0832503644446716e-12, Evaluations = 1120
Generation 70: Best Solution = [8.77659651e-07 3.50869693e-07], Best Fitness = 8.933960044310712e-13, Evaluations = 1136
Generation 71: Best Solution = [8.77659651e-07 3.50869693e-07], Best Fitness = 8.933960044310712e-13, Evaluations = 1152
Generation 72: Best Solution = [-3.00788027e-07  9.94588576e-08], Best Fitness = 1.00365501543979e-13, Evaluations = 1168
Generation 73: Best Solution = [-3.00788027e-07  9.94588576e-08], Best Fitness = 1.00365501543979e-13, Evaluations = 1184
Generation 74: Best Solution = [-3.00788027e-07  9.94588576e-08], Best Fitness = 1.00365501543979e-13, Evaluations = 1200
Generation 75: Best Solution = [-3.00788027e-07  9.94588576e-08], Best Fitness = 1.00365501543979e-13, Evaluations = 1216
Generation 76: Best Solution = [ 2.88502255e-07 -6.57279535e-08], Best Fitness = 8.755371505409782e-14, Evaluations = 1232
Generation 77: Best Solution = [ 2.88502255e-07 -6.57279535e-08], Best Fitness = 8.755371505409782e-14, Evaluations = 1248
Generation 78: Best Solution = [ 2.88502255e-07 -6.57279535e-08], Best Fitness = 8.755371505409782e-14, Evaluations = 1264
Generation 79: Best Solution = [6.00340909e-08 4.60789563e-08], Best Fitness = 5.727362279155986e-15, Evaluations = 1280
Generation 80: Best Solution = [6.00340909e-08 4.60789563e-08], Best Fitness = 3.0810798985947342e-15, Evaluations = 1296
Generation 81: Best Solution = [6.00340909e-08 4.60789563e-08], Best Fitness = 3.0810798985947342e-15, Evaluations = 1312
Generation 82: Best Solution = [6.00340909e-08 4.60789563e-08], Best Fitness = 3.0810798985947342e-15, Evaluations = 1328
Generation 83: Best Solution = [6.00340909e-08 4.60789563e-08], Best Fitness = 1.3536134257094332e-15, Evaluations = 1344
Generation 84: Best Solution = [ 7.69763570e-09 -1.30151921e-08], Best Fitness = 2.2864882096738545e-16, Evaluations = 1360
Generation 85: Best Solution = [-3.42455523e-09  1.20755192e-08], Best Fitness = 1.575457417051224e-16, Evaluations = 1376
Generation 86: Best Solution = [-3.42455523e-09  1.20755192e-08], Best Fitness = 1.575457417051224e-16, Evaluations = 1392
Generation 87: Best Solution = [-3.42455523e-09  1.20755192e-08], Best Fitness = 1.575457417051224e-16, Evaluations = 1408
Generation 88: Best Solution = [-3.42455523e-09  1.20755192e-08], Best Fitness = 1.575457417051224e-16, Evaluations = 1424
Generation 89: Best Solution = [-3.42455523e-09  1.20755192e-08], Best Fitness = 1.575457417051224e-16, Evaluations = 1440
Generation 90: Best Solution = [-3.42455523e-09  1.20755192e-08], Best Fitness = 1.575457417051224e-16, Evaluations = 1456
Generation 91: Best Solution = [-3.65846654e-09  8.82327977e-09], Best Fitness = 9.123464327466439e-17, Evaluations = 1472
Generation 92: Best Solution = [-3.65846654e-09  8.82327977e-09], Best Fitness = 9.123464327466439e-17, Evaluations = 1488
Generation 93: Best Solution = [-3.65846654e-09  8.82327977e-09], Best Fitness = 9.123464327466439e-17, Evaluations = 1504
Generation 94: Best Solution = [ 2.57032002e-09 -1.50377930e-09], Best Fitness = 8.86789721512638e-18, Evaluations = 1520
Generation 95: Best Solution = [ 2.57032002e-09 -1.50377930e-09], Best Fitness = 8.86789721512638e-18, Evaluations = 1536
Generation 96: Best Solution = [ 2.57032002e-09 -1.50377930e-09], Best Fitness = 8.86789721512638e-18, Evaluations = 1552
Generation 97: Best Solution = [ 9.68622526e-10 -1.36508584e-09], Best Fitness = 2.8016889511450186e-18, Evaluations = 1568
Generation 98: Best Solution = [ 9.68622526e-10 -1.36508584e-09], Best Fitness = 2.8016889511450186e-18, Evaluations = 1584
Generation 99: Best Solution = [ 9.68622526e-10 -1.36508584e-09], Best Fitness = 2.8016889511450186e-18, Evaluations = 1600
Generation 100: Best Solution = [ 9.68622526e-10 -1.36508584e-09], Best Fitness = 9.785624020064399e-19, Evaluations = 1616
Generation 101: Best Solution = [-6.95697520e-10 -4.42113393e-10], Best Fitness = 6.794592912962486e-19, Evaluations = 1632
Generation 102: Best Solution = [-2.65029544e-11 -6.30460997e-10], Best Fitness = 3.9818347592129294e-19, Evaluations = 1648
Generation 103: Best Solution = [-4.55730035e-10  5.87883509e-11], Best Fitness = 2.1114593523953365e-19, Evaluations = 1664
Generation 104: Best Solution = [-2.00807015e-11  3.71687074e-10], Best Fitness = 1.3855451532798148e-19, Evaluations = 1680
Generation 105: Best Solution = [3.17975461e-10 5.87883509e-11], Best Fitness = 1.0456446420027243e-19, Evaluations = 1696
Generation 106: Best Solution = [3.17975461e-10 5.87883509e-11], Best Fitness = 1.0456446420027243e-19, Evaluations = 1712
Generation 107: Best Solution = [ 2.14521317e-10 -2.07976246e-10], Best Fitness = 8.927351417146715e-20, Evaluations = 1728
Generation 108: Best Solution = [ 2.27114263e-11 -1.71794787e-10], Best Fitness = 3.0029257793608284e-20, Evaluations = 1744
Generation 109: Best Solution = [9.36725869e-12 1.33219663e-10], Best Fitness = 1.7835224165104216e-20, Evaluations = 1760
Generation 110: Best Solution = [9.36725869e-12 1.33219663e-10], Best Fitness = 1.7835224165104216e-20, Evaluations = 1776
Generation 111: Best Solution = [-1.91883176e-11  5.87883509e-11], Best Fitness = 3.8242617362797616e-21, Evaluations = 1792
Generation 112: Best Solution = [-1.91883176e-11  5.87883509e-11], Best Fitness = 2.29772479461439e-21, Evaluations = 1808
Generation 113: Best Solution = [-1.91883176e-11  5.87883509e-11], Best Fitness = 2.29772479461439e-21, Evaluations = 1824
Generation 114: Best Solution = [-1.91883176e-11  5.87883509e-11], Best Fitness = 2.29772479461439e-21, Evaluations = 1840
Generation 115: Best Solution = [-9.84740028e-12 -2.52647661e-11], Best Fitness = 7.352797005989326e-22, Evaluations = 1856
Generation 116: Best Solution = [-9.84740028e-12 -2.52647661e-11], Best Fitness = 7.352797005989326e-22, Evaluations = 1872
Generation 117: Best Solution = [-1.91883176e-11 -1.78137201e-11], Best Fitness = 6.855201580600923e-22, Evaluations = 1888
Generation 118: Best Solution = [1.89603464e-11 3.87554266e-12], Best Fitness = 3.7451456543446673e-22, Evaluations = 1904
Generation 119: Best Solution = [1.89603464e-11 3.87554266e-12], Best Fitness = 3.6697463766937085e-22, Evaluations = 1920
Generation 120: Best Solution = [1.89603464e-11 3.87554266e-12], Best Fitness = 3.6697463766937085e-22, Evaluations = 1936
Generation 121: Best Solution = [1.89603464e-11 3.87554266e-12], Best Fitness = 3.6697463766937085e-22, Evaluations = 1952
Generation 122: Best Solution = [ 5.06785661e-12 -2.93223961e-12], Best Fitness = 3.4281199791582125e-23, Evaluations = 1968
Generation 123: Best Solution = [ 5.06785661e-12 -2.93223961e-12], Best Fitness = 3.4281199791582125e-23, Evaluations = 1984
Generation 124: Best Solution = [-8.26027523e-13  4.34994517e-13], Best Fitness = 8.71541698450572e-25, Evaluations = 2000
