Algorithm: Differential Evolution
Objective Function: Sphere
Dimension: 10
Population Size: 128
Max Evaluations: 10000

Generation 0: Best Solution = [ 2.14359946 -1.72250518 -2.79579116 -0.85526014 -1.16256835 -1.50943964
 -1.39837546 -0.94960317 -1.0263468  -0.19976879], Best Fitness = 23.690429505423616, Evaluations = 128
Generation 1: Best Solution = [ 2.14359946 -1.72250518 -2.79579116 -0.85526014 -1.16256835 -1.50943964
 -1.39837546 -0.94960317 -1.0263468  -0.19976879], Best Fitness = 23.690429505423616, Evaluations = 256
Generation 2: Best Solution = [-0.52725224 -0.17313053  2.08138221  0.4382992  -2.38906965  1.04482521
 -1.92419586 -0.41718123 -0.10645234 -0.14902827], Best Fitness = 15.541652145290353, Evaluations = 384
Generation 3: Best Solution = [-0.52725224 -0.17313053  2.08138221  0.4382992  -2.38906965  1.04482521
 -1.92419586 -0.41718123 -0.10645234 -0.14902827], Best Fitness = 15.541652145290353, Evaluations = 512
Generation 4: Best Solution = [-0.52725224 -0.17313053  2.08138221  0.4382992  -2.38906965  1.04482521
 -1.92419586 -0.41718123 -0.10645234 -0.14902827], Best Fitness = 15.541652145290353, Evaluations = 640
Generation 5: Best Solution = [-0.52725224 -0.17313053  2.08138221  0.4382992  -2.38906965  1.04482521
 -1.92419586 -0.41718123 -0.10645234 -0.14902827], Best Fitness = 15.541652145290353, Evaluations = 768
Generation 6: Best Solution = [-0.52725224 -0.17313053  2.08138221  0.4382992  -2.38906965  1.04482521
 -1.92419586 -0.41718123 -0.10645234 -0.14902827], Best Fitness = 15.541652145290353, Evaluations = 896
Generation 7: Best Solution = [ 0.89378214  0.31885477  0.698284    1.9116385   0.98316719  0.37071097
 -0.53458535 -0.08713305 -0.39262284 -0.03826785], Best Fitness = 6.595512331607332, Evaluations = 1024
Generation 8: Best Solution = [ 0.89378214  0.31885477  0.698284    1.9116385   0.98316719  0.37071097
 -0.53458535 -0.08713305 -0.39262284 -0.03826785], Best Fitness = 6.595512331607332, Evaluations = 1152
Generation 9: Best Solution = [ 0.89378214  0.31885477  0.698284    1.9116385   0.98316719  0.37071097
 -0.53458535 -0.08713305 -0.39262284 -0.03826785], Best Fitness = 6.595512331607332, Evaluations = 1280
Generation 10: Best Solution = [ 0.89378214  0.31885477  0.698284    1.9116385   0.98316719  0.37071097
 -0.53458535 -0.08713305 -0.39262284 -0.03826785], Best Fitness = 6.595512331607332, Evaluations = 1408
Generation 11: Best Solution = [ 0.89378214  0.31885477  0.698284    1.9116385   0.98316719  0.37071097
 -0.53458535 -0.08713305 -0.39262284 -0.03826785], Best Fitness = 6.372553571418675, Evaluations = 1536
Generation 12: Best Solution = [ 0.89378214  0.31885477  0.698284    1.9116385   0.98316719  0.37071097
 -0.53458535 -0.08713305 -0.39262284 -0.03826785], Best Fitness = 6.372553571418675, Evaluations = 1664
Generation 13: Best Solution = [ 0.89378214  0.31885477  0.698284    1.9116385   0.98316719  0.37071097
 -0.53458535 -0.08713305 -0.39262284 -0.03826785], Best Fitness = 6.372553571418675, Evaluations = 1792
Generation 14: Best Solution = [ 0.89378214  0.31885477  0.698284    1.9116385   0.98316719  0.37071097
 -0.53458535 -0.08713305 -0.39262284 -0.03826785], Best Fitness = 6.372553571418675, Evaluations = 1920
Generation 15: Best Solution = [ 0.89378214  0.31885477  0.698284    1.9116385   0.98316719  0.37071097
 -0.53458535 -0.08713305 -0.39262284 -0.03826785], Best Fitness = 6.372553571418675, Evaluations = 2048
Generation 16: Best Solution = [ 0.89378214  0.31885477  0.698284    1.9116385   0.98316719  0.37071097
 -0.53458535 -0.08713305 -0.39262284 -0.03826785], Best Fitness = 6.372553571418675, Evaluations = 2176
Generation 17: Best Solution = [ 0.89378214  0.31885477  0.698284    1.9116385   0.98316719  0.37071097
 -0.53458535 -0.08713305 -0.39262284 -0.03826785], Best Fitness = 6.372553571418675, Evaluations = 2304
Generation 18: Best Solution = [ 0.89378214  0.31885477  0.698284    1.9116385   0.98316719  0.37071097
 -0.53458535 -0.08713305 -0.39262284 -0.03826785], Best Fitness = 6.372553571418675, Evaluations = 2432
Generation 19: Best Solution = [ 0.89378214  0.31885477  0.698284    1.9116385   0.98316719  0.37071097
 -0.53458535 -0.08713305 -0.39262284 -0.03826785], Best Fitness = 6.372553571418675, Evaluations = 2560
Generation 20: Best Solution = [ 0.89378214  0.31885477  0.698284    1.9116385   0.98316719  0.37071097
 -0.53458535 -0.08713305 -0.39262284 -0.03826785], Best Fitness = 6.372553571418675, Evaluations = 2688
Generation 21: Best Solution = [ 0.89378214  0.31885477  0.698284    1.9116385   0.98316719  0.37071097
 -0.53458535 -0.08713305 -0.39262284 -0.03826785], Best Fitness = 6.372553571418675, Evaluations = 2816
Generation 22: Best Solution = [ 0.89378214  0.31885477  0.698284    1.9116385   0.98316719  0.37071097
 -0.53458535 -0.08713305 -0.39262284 -0.03826785], Best Fitness = 6.372553571418675, Evaluations = 2944
Generation 23: Best Solution = [ 0.09075134 -0.21719764  0.27564858 -0.4198123   0.57189287  0.20093407
 -1.04419836 -0.8237346  -1.41632229  1.14440655], Best Fitness = 5.759595160746268, Evaluations = 3072
Generation 24: Best Solution = [ 0.09075134 -0.21719764  0.27564858 -0.4198123   0.57189287  0.20093407
 -1.04419836 -0.8237346  -1.41632229  1.14440655], Best Fitness = 5.759595160746268, Evaluations = 3200
Generation 25: Best Solution = [ 0.09075134 -0.21719764  0.27564858 -0.4198123   0.57189287  0.20093407
 -1.04419836 -0.8237346  -1.41632229  1.14440655], Best Fitness = 5.759595160746268, Evaluations = 3328
Generation 26: Best Solution = [-0.1707256  -0.68544837  0.55063615  0.58998062 -1.32427885  0.57375965
  0.00872592 -0.62750143  0.48211704 -0.49862212], Best Fitness = 4.1080736445497985, Evaluations = 3456
Generation 27: Best Solution = [-0.1707256  -0.68544837  0.55063615  0.58998062 -1.32427885  0.57375965
  0.00872592 -0.62750143  0.48211704 -0.49862212], Best Fitness = 4.1080736445497985, Evaluations = 3584
Generation 28: Best Solution = [-0.1707256  -0.68544837  0.55063615  0.58998062 -1.32427885  0.57375965
  0.00872592 -0.62750143  0.48211704 -0.49862212], Best Fitness = 4.1080736445497985, Evaluations = 3712
Generation 29: Best Solution = [ 0.2716906  -0.11288248 -0.18138467  0.98972023  0.1752529   0.40308342
 -0.59525355  0.63405659  1.16615648 -0.17441428], Best Fitness = 3.438890417625491, Evaluations = 3840
Generation 30: Best Solution = [-1.04181662  0.29827532 -0.01581145 -0.29195619 -0.54381269 -0.4730468
  0.03222259 -0.71642326  0.55954137 -0.3407229 ], Best Fitness = 2.7228231932262523, Evaluations = 3968
Generation 31: Best Solution = [-1.04181662  0.29827532 -0.01581145 -0.29195619 -0.54381269 -0.4730468
  0.03222259 -0.71642326  0.55954137 -0.3407229 ], Best Fitness = 2.7228231932262523, Evaluations = 4096
Generation 32: Best Solution = [-1.04181662  0.29827532 -0.01581145 -0.29195619 -0.54381269 -0.4730468
  0.03222259 -0.71642326  0.55954137 -0.3407229 ], Best Fitness = 2.7228231932262523, Evaluations = 4224
Generation 33: Best Solution = [-0.06816856 -0.61666451  0.67254345 -0.92571912 -0.05893695  0.11368679
  0.05992506 -0.25258379 -0.68062062  0.1248995 ], Best Fitness = 2.2568247929913623, Evaluations = 4352
Generation 34: Best Solution = [-0.06816856 -0.61666451  0.67254345 -0.92571912 -0.05893695  0.11368679
  0.05992506 -0.25258379 -0.68062062  0.1248995 ], Best Fitness = 2.2568247929913623, Evaluations = 4480
Generation 35: Best Solution = [-0.06816856 -0.61666451  0.67254345 -0.92571912 -0.05893695  0.11368679
  0.05992506 -0.25258379 -0.68062062  0.1248995 ], Best Fitness = 2.2568247929913623, Evaluations = 4608
Generation 36: Best Solution = [-0.83316472  0.0170628   0.52043313 -0.36850753  0.74733512 -0.22941161
 -0.5588578  -0.15559663 -0.22828325 -0.22225651], Best Fitness = 2.1502860527913272, Evaluations = 4736
Generation 37: Best Solution = [-0.83316472  0.0170628   0.52043313 -0.36850753  0.74733512 -0.22941161
 -0.5588578  -0.15559663 -0.22828325 -0.22225651], Best Fitness = 2.1502860527913272, Evaluations = 4864
Generation 38: Best Solution = [-0.29650167  0.22273602 -0.19502367 -0.2009577   0.30115949 -0.17700912
 -0.68667632 -0.91873424 -0.25279035  0.32162081], Best Fitness = 1.8209119494181198, Evaluations = 4992
Generation 39: Best Solution = [-0.29650167  0.22273602 -0.19502367 -0.2009577   0.30115949 -0.17700912
 -0.68667632 -0.91873424 -0.25279035  0.32162081], Best Fitness = 1.8209119494181198, Evaluations = 5120
Generation 40: Best Solution = [ 0.25683627  0.35045736  0.0618221  -0.85114277  0.53171388  0.02584743
 -0.30650757 -0.47191075 -0.36253963 -0.02811954], Best Fitness = 1.6493113046293484, Evaluations = 5248
Generation 41: Best Solution = [-0.19760772  0.50712527  0.26985052 -0.55944085  0.14217418  0.06384276
  0.43678263  0.28815677  0.55016611  0.38440513], Best Fitness = 1.4305710555393039, Evaluations = 5376
Generation 42: Best Solution = [-0.19760772  0.50712527  0.26985052 -0.55944085  0.14217418  0.06384276
  0.43678263  0.28815677  0.55016611  0.38440513], Best Fitness = 1.4305710555393039, Evaluations = 5504
Generation 43: Best Solution = [-0.19760772  0.50712527  0.26985052 -0.55944085  0.14217418  0.06384276
  0.43678263  0.28815677  0.55016611  0.38440513], Best Fitness = 1.4305710555393039, Evaluations = 5632
Generation 44: Best Solution = [ 0.3747294   0.22273602 -0.19502367 -0.2009577   0.30115949  0.27981667
 -0.68667632 -0.05293384 -0.25279035  0.32162081], Best Fitness = 1.0791153625971253, Evaluations = 5760
Generation 45: Best Solution = [ 0.10272214  0.12267784 -0.563674   -0.55761695  0.28147861  0.22532975
  0.08388758  0.20176683  0.2560903  -0.08039829], Best Fitness = 0.9040635356007092, Evaluations = 5888
Generation 46: Best Solution = [ 0.28933186  0.20484914 -0.26328679  0.19170729 -0.43291689 -0.04738496
 -0.08107157  0.03979282 -0.34702143 -0.1112096 ], Best Fitness = 0.562357594082831, Evaluations = 6016
Generation 47: Best Solution = [ 0.28933186  0.20484914 -0.26328679  0.19170729 -0.43291689 -0.04738496
 -0.08107157  0.03979282 -0.34702143 -0.1112096 ], Best Fitness = 0.562357594082831, Evaluations = 6144
Generation 48: Best Solution = [ 0.28933186  0.20484914 -0.26328679  0.19170729 -0.43291689 -0.04738496
 -0.08107157  0.03979282 -0.34702143 -0.1112096 ], Best Fitness = 0.562357594082831, Evaluations = 6272
Generation 49: Best Solution = [ 0.28933186  0.20484914 -0.26328679  0.19170729 -0.43291689 -0.04738496
 -0.08107157  0.03979282 -0.34702143 -0.1112096 ], Best Fitness = 0.562357594082831, Evaluations = 6400
Generation 50: Best Solution = [ 0.28933186  0.20484914 -0.26328679  0.19170729 -0.43291689 -0.04738496
 -0.08107157  0.03979282 -0.34702143 -0.1112096 ], Best Fitness = 0.562357594082831, Evaluations = 6528
Generation 51: Best Solution = [ 0.28933186  0.20484914 -0.26328679  0.19170729 -0.43291689 -0.04738496
 -0.08107157  0.03979282 -0.34702143 -0.1112096 ], Best Fitness = 0.562357594082831, Evaluations = 6656
Generation 52: Best Solution = [ 0.28933186  0.20484914 -0.26328679  0.19170729 -0.43291689 -0.04738496
 -0.08107157  0.03979282 -0.34702143 -0.1112096 ], Best Fitness = 0.562357594082831, Evaluations = 6784
Generation 53: Best Solution = [ 0.28933186  0.20484914 -0.26328679  0.19170729 -0.43291689 -0.04738496
 -0.08107157  0.03979282 -0.34702143 -0.1112096 ], Best Fitness = 0.562357594082831, Evaluations = 6912
Generation 54: Best Solution = [-0.04374735 -0.00884407 -0.3544486   0.01653668 -0.10781468  0.23432425
  0.07913621 -0.19183723 -0.11425073 -0.0183553 ], Best Fitness = 0.25088538731580456, Evaluations = 7040
Generation 55: Best Solution = [-0.04374735 -0.00884407 -0.3544486   0.01653668 -0.10781468  0.23432425
  0.07913621 -0.19183723 -0.11425073 -0.0183553 ], Best Fitness = 0.25088538731580456, Evaluations = 7168
Generation 56: Best Solution = [-0.04374735 -0.00884407 -0.3544486   0.01653668 -0.10781468  0.23432425
  0.07913621 -0.19183723 -0.11425073 -0.0183553 ], Best Fitness = 0.25088538731580456, Evaluations = 7296
Generation 57: Best Solution = [-0.04374735 -0.00884407 -0.3544486   0.01653668 -0.10781468  0.23432425
  0.07913621 -0.19183723 -0.11425073 -0.0183553 ], Best Fitness = 0.25088538731580456, Evaluations = 7424
Generation 58: Best Solution = [-0.04374735 -0.00884407 -0.3544486   0.01653668 -0.10781468  0.23432425
  0.07913621 -0.19183723 -0.11425073 -0.0183553 ], Best Fitness = 0.25088538731580456, Evaluations = 7552
Generation 59: Best Solution = [-0.04374735 -0.00884407 -0.3544486   0.01653668 -0.10781468  0.23432425
  0.07913621 -0.19183723 -0.11425073 -0.0183553 ], Best Fitness = 0.25088538731580456, Evaluations = 7680
Generation 60: Best Solution = [-0.04374735 -0.00884407 -0.3544486   0.01653668 -0.10781468  0.23432425
  0.07913621 -0.19183723 -0.11425073 -0.0183553 ], Best Fitness = 0.25088538731580456, Evaluations = 7808
Generation 61: Best Solution = [-0.04374735 -0.00884407 -0.3544486   0.01653668 -0.10781468  0.23432425
  0.07913621 -0.19183723 -0.11425073 -0.0183553 ], Best Fitness = 0.25088538731580456, Evaluations = 7936
Generation 62: Best Solution = [-0.04374735 -0.00884407 -0.3544486   0.01653668 -0.10781468  0.23432425
  0.07913621 -0.19183723 -0.11425073 -0.0183553 ], Best Fitness = 0.25088538731580456, Evaluations = 8064
Generation 63: Best Solution = [-0.04374735 -0.00884407 -0.3544486   0.01653668 -0.10781468  0.23432425
  0.07913621 -0.19183723 -0.11425073 -0.0183553 ], Best Fitness = 0.25088538731580456, Evaluations = 8192
Generation 64: Best Solution = [ 0.0387907   0.01552987 -0.02257598  0.03349066  0.14501373 -0.09821338
 -0.07668832 -0.24500958 -0.18292804 -0.16228491], Best Fitness = 0.15976189872790375, Evaluations = 8320
Generation 65: Best Solution = [ 0.0387907   0.01552987 -0.02257598  0.03349066  0.14501373 -0.09821338
 -0.07668832 -0.24500958 -0.18292804 -0.16228491], Best Fitness = 0.15976189872790375, Evaluations = 8448
Generation 66: Best Solution = [ 0.0387907   0.01552987 -0.02257598  0.03349066  0.14501373 -0.09821338
 -0.07668832 -0.24500958 -0.18292804 -0.16228491], Best Fitness = 0.15976189872790375, Evaluations = 8576
Generation 67: Best Solution = [ 0.0387907   0.01552987 -0.02257598  0.03349066  0.14501373 -0.09821338
 -0.07668832 -0.24500958 -0.18292804 -0.16228491], Best Fitness = 0.15976189872790375, Evaluations = 8704
Generation 68: Best Solution = [ 0.0387907   0.01552987 -0.02257598  0.03349066  0.14501373 -0.09821338
 -0.07668832 -0.24500958 -0.18292804 -0.16228491], Best Fitness = 0.15976189872790375, Evaluations = 8832
Generation 69: Best Solution = [ 0.0387907   0.01552987 -0.02257598  0.03349066  0.14501373 -0.09821338
 -0.07668832 -0.24500958 -0.18292804 -0.16228491], Best Fitness = 0.15976189872790375, Evaluations = 8960
Generation 70: Best Solution = [ 0.0387907   0.01552987 -0.02257598  0.03349066  0.14501373 -0.09821338
 -0.07668832 -0.24500958 -0.18292804 -0.16228491], Best Fitness = 0.15976189872790375, Evaluations = 9088
Generation 71: Best Solution = [ 0.0387907   0.01552987 -0.02257598  0.03349066  0.14501373 -0.09821338
 -0.07668832 -0.24500958 -0.18292804 -0.16228491], Best Fitness = 0.15976189872790375, Evaluations = 9216
Generation 72: Best Solution = [ 0.0387907   0.01552987 -0.02257598  0.03349066  0.14501373 -0.09821338
 -0.07668832 -0.24500958 -0.18292804 -0.16228491], Best Fitness = 0.15976189872790375, Evaluations = 9344
Generation 73: Best Solution = [ 0.05697729 -0.03524527 -0.13168004  0.21471211 -0.01335038  0.11229797
  0.16978175 -0.05454499 -0.0332106  -0.06123659], Best Fitness = 0.11737249087192807, Evaluations = 9472
Generation 74: Best Solution = [ 0.05697729 -0.03524527 -0.13168004  0.21471211 -0.01335038  0.11229797
  0.16978175 -0.05454499 -0.0332106  -0.06123659], Best Fitness = 0.11737249087192807, Evaluations = 9600
Generation 75: Best Solution = [ 0.05697729 -0.03524527 -0.13168004  0.21471211 -0.01335038  0.11229797
  0.16978175 -0.05454499 -0.0332106  -0.06123659], Best Fitness = 0.11737249087192807, Evaluations = 9728
Generation 76: Best Solution = [-0.1161914  -0.14744254  0.02645862 -0.06624387  0.10642313 -0.04984869
  0.00094366 -0.16271371 -0.01185556 -0.14605227], Best Fitness = 0.10208728705320277, Evaluations = 9856
Generation 77: Best Solution = [-0.08365449 -0.2318078   0.09775239  0.06591113 -0.02493901 -0.05412866
  0.02942569  0.02068278  0.07130617  0.01006562], Best Fitness = 0.08466414126671006, Evaluations = 9984
Generation 78: Best Solution = [-0.08365449 -0.2318078   0.09775239  0.06591113 -0.02493901 -0.05412866
  0.02942569  0.02068278  0.07130617  0.01006562], Best Fitness = 0.08466414126671006, Evaluations = 10112
