Algorithm: Differential Evolution
Objective Function: Sphere
Dimension: 2
Population Size: 128
Max Evaluations: 2000

Generation 0: Best Solution = [0.62344267 0.6464622 ], Best Fitness = 0.8065941294391992, Evaluations = 128
Generation 1: Best Solution = [ 0.36020326 -0.49624402], Best Fitness = 0.37600451420860254, Evaluations = 256
Generation 2: Best Solution = [0.18579727 0.08570371], Best Fitness = 0.04186575262569095, Evaluations = 384
Generation 3: Best Solution = [0.18579727 0.08570371], Best Fitness = 0.04186575262569095, Evaluations = 512
Generation 4: Best Solution = [0.18579727 0.08570371], Best Fitness = 0.04186575262569095, Evaluations = 640
Generation 5: Best Solution = [-0.14692032 -0.12014633], Best Fitness = 0.03602072074741793, Evaluations = 768
Generation 6: Best Solution = [-0.14692032 -0.12014633], Best Fitness = 0.03602072074741793, Evaluations = 896
Generation 7: Best Solution = [0.02961822 0.11583348], Best Fitness = 0.014294633658586854, Evaluations = 1024
Generation 8: Best Solution = [ 0.08732534 -0.02537892], Best Fitness = 0.008269804056116003, Evaluations = 1152
Generation 9: Best Solution = [ 0.02204894 -0.05453715], Best Fitness = 0.0034604566328834967, Evaluations = 1280
Generation 10: Best Solution = [ 0.00921663 -0.01468389], Best Fitness = 0.00030056293964953666, Evaluations = 1408
Generation 11: Best Solution = [ 0.00921663 -0.01468389], Best Fitness = 0.00030056293964953666, Evaluations = 1536
Generation 12: Best Solution = [ 0.00921663 -0.01468389], Best Fitness = 0.00030056293964953666, Evaluations = 1664
Generation 13: Best Solution = [ 0.00921663 -0.01468389], Best Fitness = 0.00030056293964953666, Evaluations = 1792
Generation 14: Best Solution = [ 0.01013968 -0.01231938], Best Fitness = 0.00025458032401301864, Evaluations = 1920
Generation 15: Best Solution = [ 0.01013968 -0.01231938], Best Fitness = 0.00025458032401301864, Evaluations = 2048
