Algorithm: Differential Evolution
Objective Function: Sphere
Dimension: 10
Population Size: 64
Max Evaluations: 10000

Generation 0: Best Solution = [-3.21516047 -2.22545495  1.40813905  2.12508385 -1.43723622 -2.14693902
  0.27252348 -0.77283471 -2.39699252 -1.17388048], Best Fitness = 36.25884970951908, Evaluations = 64
Generation 1: Best Solution = [-3.21516047 -2.22545495  1.40813905  2.12508385 -1.43723622 -2.14693902
  0.27252348 -0.77283471 -2.39699252 -1.17388048], Best Fitness = 36.25884970951908, Evaluations = 128
Generation 2: Best Solution = [-3.21516047 -2.22545495  1.40813905  2.12508385 -1.43723622 -2.14693902
  0.27252348 -0.77283471 -2.39699252 -1.17388048], Best Fitness = 36.25884970951908, Evaluations = 192
Generation 3: Best Solution = [ 2.01312418 -1.07256111 -1.88123324 -0.75653353 -0.53220966  0.75949964
  1.36526565 -0.42003418  1.90205421  1.10964703], Best Fitness = 17.064030349902463, Evaluations = 256
Generation 4: Best Solution = [ 2.01312418 -1.07256111 -1.88123324 -0.75653353 -0.53220966  0.75949964
  1.36526565 -0.42003418  1.90205421  1.10964703], Best Fitness = 17.064030349902463, Evaluations = 320
Generation 5: Best Solution = [ 2.01312418 -1.07256111 -1.88123324 -0.75653353 -0.53220966  0.75949964
  1.36526565 -0.42003418  1.90205421  1.10964703], Best Fitness = 16.18394982181604, Evaluations = 384
Generation 6: Best Solution = [ 2.01312418 -1.07256111 -1.88123324 -0.75653353 -0.53220966  0.75949964
  1.36526565 -0.42003418  1.90205421  1.10964703], Best Fitness = 16.18394982181604, Evaluations = 448
Generation 7: Best Solution = [ 2.01312418 -1.07256111 -1.88123324 -0.75653353 -0.53220966  0.75949964
  1.36526565 -0.42003418  1.90205421  1.10964703], Best Fitness = 16.18394982181604, Evaluations = 512
Generation 8: Best Solution = [ 2.01312418 -1.07256111 -1.88123324 -0.75653353 -0.53220966  0.75949964
  1.36526565 -0.42003418  1.90205421  1.10964703], Best Fitness = 16.18394982181604, Evaluations = 576
Generation 9: Best Solution = [ 2.01312418 -1.07256111 -1.88123324 -0.75653353 -0.53220966  0.75949964
  1.36526565 -0.42003418  1.90205421  1.10964703], Best Fitness = 16.18394982181604, Evaluations = 640
Generation 10: Best Solution = [ 2.01312418 -1.07256111 -1.88123324 -0.75653353 -0.53220966  0.75949964
  1.36526565 -0.42003418  1.90205421  1.10964703], Best Fitness = 16.18394982181604, Evaluations = 704
Generation 11: Best Solution = [ 2.01312418 -1.07256111 -1.88123324 -0.75653353 -0.53220966  0.75949964
  1.36526565 -0.42003418  1.90205421  1.10964703], Best Fitness = 16.18394982181604, Evaluations = 768
Generation 12: Best Solution = [ 2.01312418 -1.07256111 -1.88123324 -0.75653353 -0.53220966  0.75949964
  1.36526565 -0.42003418  1.90205421  1.10964703], Best Fitness = 16.18394982181604, Evaluations = 832
Generation 13: Best Solution = [-0.62888241 -0.11912585 -0.36114612  0.01938014  0.94890439 -1.83695617
  1.04942766 -1.58510227  0.84336367 -0.10494687], Best Fitness = 9.15143741380021, Evaluations = 896
Generation 14: Best Solution = [-0.62888241 -0.11912585 -0.36114612  0.01938014  0.94890439 -1.83695617
  1.04942766 -1.58510227  0.84336367 -0.10494687], Best Fitness = 9.15143741380021, Evaluations = 960
Generation 15: Best Solution = [-0.62888241 -0.11912585 -0.36114612  0.01938014  0.94890439 -1.83695617
  1.04942766 -1.58510227  0.84336367 -0.10494687], Best Fitness = 9.15143741380021, Evaluations = 1024
Generation 16: Best Solution = [ 0.02732796 -0.58296143 -0.91969505  0.56766055 -0.1311755  -0.10955481
  0.00851651 -1.0142199  -0.43143013 -1.01679868], Best Fitness = 3.7866036509831393, Evaluations = 1088
Generation 17: Best Solution = [ 0.02732796 -0.58296143 -0.91969505  0.56766055 -0.1311755  -0.10955481
  0.00851651 -1.0142199  -0.43143013 -1.01679868], Best Fitness = 3.7866036509831393, Evaluations = 1152
Generation 18: Best Solution = [ 0.02732796 -0.58296143 -0.91969505  0.56766055 -0.1311755  -0.10955481
  0.00851651 -1.0142199  -0.43143013 -1.01679868], Best Fitness = 3.7866036509831393, Evaluations = 1216
Generation 19: Best Solution = [ 0.02732796 -0.58296143 -0.91969505  0.56766055 -0.1311755  -0.10955481
  0.00851651 -1.0142199  -0.43143013 -1.01679868], Best Fitness = 3.7866036509831393, Evaluations = 1280
Generation 20: Best Solution = [ 0.86264303 -0.3244643   0.86527956  0.73340811 -0.08705291  0.64263776
 -0.25985914  0.78161625  0.6531581   0.32341967], Best Fitness = 3.766254286938778, Evaluations = 1344
Generation 21: Best Solution = [ 0.86264303 -0.3244643   0.86527956  0.73340811 -0.08705291  0.64263776
 -0.25985914  0.78161625  0.6531581   0.32341967], Best Fitness = 3.766254286938778, Evaluations = 1408
Generation 22: Best Solution = [ 0.86264303 -0.3244643   0.86527956  0.73340811 -0.08705291  0.64263776
 -0.25985914  0.78161625  0.6531581   0.32341967], Best Fitness = 3.766254286938778, Evaluations = 1472
Generation 23: Best Solution = [ 0.86264303 -0.3244643   0.86527956  0.73340811 -0.08705291  0.64263776
 -0.25985914  0.78161625  0.6531581   0.32341967], Best Fitness = 3.766254286938778, Evaluations = 1536
Generation 24: Best Solution = [ 0.86264303 -0.3244643   0.86527956  0.73340811 -0.08705291  0.64263776
 -0.25985914  0.78161625  0.6531581   0.32341967], Best Fitness = 3.766254286938778, Evaluations = 1600
Generation 25: Best Solution = [ 0.86264303 -0.3244643   0.86527956  0.73340811 -0.08705291  0.64263776
 -0.25985914  0.78161625  0.6531581   0.32341967], Best Fitness = 3.766254286938778, Evaluations = 1664
Generation 26: Best Solution = [ 0.86264303 -0.3244643   0.86527956  0.73340811 -0.08705291  0.64263776
 -0.25985914  0.78161625  0.6531581   0.32341967], Best Fitness = 3.766254286938778, Evaluations = 1728
Generation 27: Best Solution = [ 0.86264303 -0.3244643   0.86527956  0.73340811 -0.08705291  0.64263776
 -0.25985914  0.78161625  0.6531581   0.32341967], Best Fitness = 3.766254286938778, Evaluations = 1792
Generation 28: Best Solution = [ 0.86264303 -0.3244643   0.86527956  0.73340811 -0.08705291  0.64263776
 -0.25985914  0.78161625  0.6531581   0.32341967], Best Fitness = 3.766254286938778, Evaluations = 1856
Generation 29: Best Solution = [ 0.86264303 -0.3244643   0.86527956  0.73340811 -0.08705291  0.64263776
 -0.25985914  0.78161625  0.6531581   0.32341967], Best Fitness = 3.766254286938778, Evaluations = 1920
Generation 30: Best Solution = [ 0.86264303 -0.3244643   0.86527956  0.73340811 -0.08705291  0.64263776
 -0.25985914  0.78161625  0.6531581   0.32341967], Best Fitness = 3.766254286938778, Evaluations = 1984
Generation 31: Best Solution = [-0.01044947 -0.41867979  0.01069862  0.05967244  0.50843333 -0.26234689
 -0.49306503 -0.31338514 -0.13716908  0.9540693 ], Best Fitness = 1.7767945273495598, Evaluations = 2048
Generation 32: Best Solution = [-0.01044947 -0.41867979  0.01069862  0.05967244  0.50843333 -0.26234689
 -0.49306503 -0.31338514 -0.13716908  0.9540693 ], Best Fitness = 1.7767945273495598, Evaluations = 2112
Generation 33: Best Solution = [-0.01044947 -0.41867979  0.01069862  0.05967244  0.50843333 -0.26234689
 -0.49306503 -0.31338514 -0.13716908  0.9540693 ], Best Fitness = 1.7767945273495598, Evaluations = 2176
Generation 34: Best Solution = [-0.01044947 -0.41867979  0.01069862  0.05967244  0.50843333 -0.26234689
 -0.49306503 -0.31338514 -0.13716908  0.9540693 ], Best Fitness = 1.7767945273495598, Evaluations = 2240
Generation 35: Best Solution = [-0.01044947 -0.41867979  0.01069862  0.05967244  0.50843333 -0.26234689
 -0.49306503 -0.31338514 -0.13716908  0.9540693 ], Best Fitness = 1.7767945273495598, Evaluations = 2304
Generation 36: Best Solution = [-0.01044947 -0.41867979  0.01069862  0.05967244  0.50843333 -0.26234689
 -0.49306503 -0.31338514 -0.13716908  0.9540693 ], Best Fitness = 1.7767945273495598, Evaluations = 2368
Generation 37: Best Solution = [-0.01044947 -0.41867979  0.01069862  0.05967244  0.50843333 -0.26234689
 -0.49306503 -0.31338514 -0.13716908  0.9540693 ], Best Fitness = 1.7767945273495598, Evaluations = 2432
Generation 38: Best Solution = [-0.01044947 -0.41867979  0.01069862  0.05967244  0.50843333 -0.26234689
 -0.49306503 -0.31338514 -0.13716908  0.9540693 ], Best Fitness = 1.7767945273495598, Evaluations = 2496
Generation 39: Best Solution = [-0.01044947 -0.41867979  0.01069862  0.05967244  0.50843333 -0.26234689
 -0.49306503 -0.31338514 -0.13716908  0.9540693 ], Best Fitness = 1.7767945273495598, Evaluations = 2560
Generation 40: Best Solution = [-0.01044947 -0.41867979  0.01069862  0.05967244  0.50843333 -0.26234689
 -0.49306503 -0.31338514 -0.13716908  0.9540693 ], Best Fitness = 1.74071255490039, Evaluations = 2624
Generation 41: Best Solution = [ 0.13499769  0.41209812 -0.03365781 -0.16135789  0.2217735  -0.17221004
  0.37929087  0.51436843  0.31347647  0.3996947 ], Best Fitness = 0.9605180385064838, Evaluations = 2688
Generation 42: Best Solution = [ 0.13499769  0.41209812 -0.03365781 -0.16135789  0.2217735  -0.17221004
  0.37929087  0.51436843  0.31347647  0.3996947 ], Best Fitness = 0.9605180385064838, Evaluations = 2752
Generation 43: Best Solution = [ 0.13499769  0.41209812 -0.03365781 -0.16135789  0.2217735  -0.17221004
  0.37929087  0.51436843  0.31347647  0.3996947 ], Best Fitness = 0.9605180385064838, Evaluations = 2816
Generation 44: Best Solution = [ 0.13499769  0.41209812 -0.03365781 -0.16135789  0.2217735  -0.17221004
  0.37929087  0.51436843  0.31347647  0.3996947 ], Best Fitness = 0.9605180385064838, Evaluations = 2880
Generation 45: Best Solution = [ 0.13499769  0.41209812 -0.03365781 -0.16135789  0.2217735  -0.17221004
  0.37929087  0.51436843  0.31347647  0.3996947 ], Best Fitness = 0.9605180385064838, Evaluations = 2944
Generation 46: Best Solution = [ 0.13499769  0.41209812 -0.03365781 -0.16135789  0.2217735  -0.17221004
  0.37929087  0.51436843  0.31347647  0.3996947 ], Best Fitness = 0.9605180385064838, Evaluations = 3008
Generation 47: Best Solution = [ 0.13499769  0.41209812 -0.03365781 -0.16135789  0.2217735  -0.17221004
  0.37929087  0.51436843  0.31347647  0.3996947 ], Best Fitness = 0.9605180385064838, Evaluations = 3072
Generation 48: Best Solution = [ 0.13499769  0.41209812 -0.03365781 -0.16135789  0.2217735  -0.17221004
  0.37929087  0.51436843  0.31347647  0.3996947 ], Best Fitness = 0.9605180385064838, Evaluations = 3136
Generation 49: Best Solution = [ 0.13499769  0.41209812 -0.03365781 -0.16135789  0.2217735  -0.17221004
  0.37929087  0.51436843  0.31347647  0.3996947 ], Best Fitness = 0.9605180385064838, Evaluations = 3200
Generation 50: Best Solution = [ 0.13499769  0.41209812 -0.03365781 -0.16135789  0.2217735  -0.17221004
  0.37929087  0.51436843  0.31347647  0.3996947 ], Best Fitness = 0.9605180385064838, Evaluations = 3264
Generation 51: Best Solution = [ 0.13499769  0.41209812 -0.03365781 -0.16135789  0.2217735  -0.17221004
  0.37929087  0.51436843  0.31347647  0.3996947 ], Best Fitness = 0.9605180385064838, Evaluations = 3328
Generation 52: Best Solution = [ 0.13499769  0.41209812 -0.03365781 -0.16135789  0.2217735  -0.17221004
  0.37929087  0.51436843  0.31347647  0.3996947 ], Best Fitness = 0.9605180385064838, Evaluations = 3392
Generation 53: Best Solution = [-0.31019213 -0.06742094 -0.47954229 -0.14185774 -0.17555713 -0.22135036
  0.12090854 -0.30772127 -0.11921034 -0.42340946], Best Fitness = 0.7334633935615821, Evaluations = 3456
Generation 54: Best Solution = [-0.31019213 -0.06742094 -0.47954229 -0.14185774 -0.17555713 -0.22135036
  0.12090854 -0.30772127 -0.11921034 -0.42340946], Best Fitness = 0.7334633935615821, Evaluations = 3520
Generation 55: Best Solution = [-0.31019213 -0.06742094 -0.47954229 -0.14185774 -0.17555713 -0.22135036
  0.12090854 -0.30772127 -0.11921034 -0.42340946], Best Fitness = 0.7334633935615821, Evaluations = 3584
Generation 56: Best Solution = [ 0.13499769  0.41209812 -0.21021269 -0.16135789  0.2217735  -0.17221004
  0.37929087 -0.19513299  0.31347647  0.13922274], Best Fitness = 0.6367036849268903, Evaluations = 3648
Generation 57: Best Solution = [ 0.13499769  0.41209812 -0.21021269 -0.16135789  0.2217735  -0.17221004
  0.37929087 -0.19513299  0.31347647  0.13922274], Best Fitness = 0.37067229135708624, Evaluations = 3712
Generation 58: Best Solution = [ 0.13499769  0.41209812 -0.21021269 -0.16135789  0.2217735  -0.17221004
  0.37929087 -0.19513299  0.31347647  0.13922274], Best Fitness = 0.37067229135708624, Evaluations = 3776
Generation 59: Best Solution = [ 0.13499769  0.41209812 -0.21021269 -0.16135789  0.2217735  -0.17221004
  0.37929087 -0.19513299  0.31347647  0.13922274], Best Fitness = 0.37067229135708624, Evaluations = 3840
Generation 60: Best Solution = [ 0.13499769  0.41209812 -0.21021269 -0.16135789  0.2217735  -0.17221004
  0.37929087 -0.19513299  0.31347647  0.13922274], Best Fitness = 0.37067229135708624, Evaluations = 3904
Generation 61: Best Solution = [ 0.13499769  0.41209812 -0.21021269 -0.16135789  0.2217735  -0.17221004
  0.37929087 -0.19513299  0.31347647  0.13922274], Best Fitness = 0.37067229135708624, Evaluations = 3968
Generation 62: Best Solution = [ 0.13499769  0.41209812 -0.21021269 -0.16135789  0.2217735  -0.17221004
  0.37929087 -0.19513299  0.31347647  0.13922274], Best Fitness = 0.37067229135708624, Evaluations = 4032
Generation 63: Best Solution = [ 0.20269714 -0.01047714 -0.27044013  0.18754203 -0.28509855  0.03578168
  0.12603571 -0.00697006  0.16648626 -0.28321573], Best Fitness = 0.355929689506689, Evaluations = 4096
Generation 64: Best Solution = [ 0.20269714 -0.01047714 -0.27044013  0.18754203 -0.28509855  0.03578168
  0.12603571 -0.00697006  0.16648626 -0.28321573], Best Fitness = 0.355929689506689, Evaluations = 4160
Generation 65: Best Solution = [-0.25126555  0.07639591 -0.09793565  0.239515   -0.11003154  0.21203422
 -0.00776272  0.19925753 -0.22284709 -0.15447155], Best Fitness = 0.306281103266291, Evaluations = 4224
Generation 66: Best Solution = [-0.25126555  0.07639591 -0.09793565  0.239515   -0.11003154  0.21203422
 -0.00776272  0.19925753 -0.22284709 -0.15447155], Best Fitness = 0.306281103266291, Evaluations = 4288
Generation 67: Best Solution = [-0.25126555  0.07639591 -0.09793565  0.239515   -0.11003154  0.21203422
 -0.00776272  0.19925753 -0.22284709 -0.15447155], Best Fitness = 0.306281103266291, Evaluations = 4352
Generation 68: Best Solution = [-0.03487093 -0.22117075  0.01726596 -0.00704099  0.24479558  0.22917834
  0.24802383  0.09435753  0.11937996 -0.10807874], Best Fitness = 0.25927950657810445, Evaluations = 4416
Generation 69: Best Solution = [-0.03487093 -0.22117075  0.01726596 -0.00704099  0.24479558  0.22917834
  0.24802383  0.09435753  0.11937996 -0.10807874], Best Fitness = 0.25927950657810445, Evaluations = 4480
Generation 70: Best Solution = [-0.14002239  0.0006504   0.05834747 -0.09082109  0.02667042 -0.02430165
  0.28905674 -0.16104832  0.17032128  0.08624844], Best Fitness = 0.17849996175756444, Evaluations = 4544
Generation 71: Best Solution = [-0.14002239  0.0006504   0.05834747 -0.09082109  0.02667042 -0.02430165
  0.28905674 -0.16104832  0.17032128  0.08624844], Best Fitness = 0.17849996175756444, Evaluations = 4608
Generation 72: Best Solution = [-0.14002239  0.0006504   0.05834747 -0.09082109  0.02667042 -0.02430165
  0.28905674 -0.16104832  0.17032128  0.08624844], Best Fitness = 0.1753612160962819, Evaluations = 4672
Generation 73: Best Solution = [-0.14002239  0.0006504   0.05834747 -0.09082109  0.02667042 -0.02430165
  0.28905674 -0.16104832  0.17032128  0.08624844], Best Fitness = 0.1753612160962819, Evaluations = 4736
Generation 74: Best Solution = [ 0.04689315  0.19787903  0.08520669  0.02136385 -0.10348905 -0.1485423
  0.05027788 -0.02450319 -0.25269112  0.12010163], Best Fitness = 0.1632519421032271, Evaluations = 4800
Generation 75: Best Solution = [ 0.04689315  0.19787903  0.08520669  0.02136385 -0.10348905 -0.1485423
  0.05027788 -0.02450319 -0.25269112  0.12010163], Best Fitness = 0.1632519421032271, Evaluations = 4864
Generation 76: Best Solution = [ 0.02745574  0.18571023  0.0313449   0.12334986 -0.18102769 -0.08787009
  0.05445834 -0.12008005  0.03931904  0.0042707 ], Best Fitness = 0.1108811316692176, Evaluations = 4928
Generation 77: Best Solution = [ 0.02745574  0.18571023  0.0313449   0.12334986 -0.18102769 -0.08787009
  0.05445834 -0.12008005  0.03931904  0.0042707 ], Best Fitness = 0.1108811316692176, Evaluations = 4992
Generation 78: Best Solution = [ 0.02745574  0.18571023  0.0313449   0.12334986 -0.18102769 -0.08787009
  0.05445834 -0.12008005  0.03931904  0.0042707 ], Best Fitness = 0.1108811316692176, Evaluations = 5056
Generation 79: Best Solution = [ 0.02745574  0.18571023  0.0313449   0.12334986 -0.18102769 -0.08787009
  0.05445834 -0.12008005  0.03931904  0.0042707 ], Best Fitness = 0.1108811316692176, Evaluations = 5120
Generation 80: Best Solution = [ 0.02745574  0.18571023  0.0313449   0.12334986 -0.18102769 -0.08787009
  0.05445834 -0.12008005  0.03931904  0.0042707 ], Best Fitness = 0.1108811316692176, Evaluations = 5184
Generation 81: Best Solution = [ 0.04689315  0.19787903  0.08520669 -0.02825737 -0.10348905 -0.1485423
  0.06823526 -0.02450319 -0.08348528  0.12010163], Best Fitness = 0.10883918461747336, Evaluations = 5248
Generation 82: Best Solution = [ 0.04689315  0.19787903  0.08520669 -0.02825737 -0.10348905 -0.1485423
  0.06823526 -0.02450319 -0.08348528  0.12010163], Best Fitness = 0.0675315658506444, Evaluations = 5312
Generation 83: Best Solution = [ 0.05267985  0.15198485 -0.03374468 -0.00166896  0.10350885  0.0724496
 -0.06775944 -0.0427381  -0.01832672 -0.12731461], Best Fitness = 0.06594184264571501, Evaluations = 5376
Generation 84: Best Solution = [ 0.05267985  0.15198485 -0.03374468 -0.00166896  0.10350885  0.0724496
 -0.06775944 -0.0427381  -0.01832672 -0.12731461], Best Fitness = 0.06594184264571501, Evaluations = 5440
Generation 85: Best Solution = [ 0.05267985  0.15198485 -0.03374468 -0.00166896  0.10350885  0.0724496
 -0.06775944 -0.0427381  -0.01832672 -0.12731461], Best Fitness = 0.06594184264571501, Evaluations = 5504
Generation 86: Best Solution = [ 0.03816453  0.06878226  0.0893818   0.12198703 -0.00916058 -0.01818443
  0.13689732  0.08656251 -0.00192546  0.08601019], Best Fitness = 0.0631074633596872, Evaluations = 5568
Generation 87: Best Solution = [ 0.00775033 -0.02199878 -0.02140188 -0.08053329  0.00858245 -0.08808239
 -0.07867222  0.09706542 -0.00260394  0.01889741], Best Fitness = 0.03129473691182155, Evaluations = 5632
Generation 88: Best Solution = [ 0.00775033 -0.02199878 -0.02140188 -0.08053329  0.00858245 -0.08808239
 -0.07867222  0.09706542 -0.00260394  0.01889741], Best Fitness = 0.03129473691182155, Evaluations = 5696
Generation 89: Best Solution = [ 0.00775033 -0.02199878 -0.02140188 -0.08053329  0.00858245 -0.08808239
 -0.07867222  0.09706542 -0.00260394  0.01889741], Best Fitness = 0.03129473691182155, Evaluations = 5760
Generation 90: Best Solution = [ 0.00775033 -0.02199878 -0.02140188 -0.08053329  0.00858245 -0.08808239
 -0.07867222  0.09706542 -0.00260394  0.01889741], Best Fitness = 0.03129473691182155, Evaluations = 5824
Generation 91: Best Solution = [ 0.00775033 -0.02199878 -0.02140188 -0.08053329  0.00858245 -0.08808239
 -0.07867222  0.09706542 -0.00260394  0.01889741], Best Fitness = 0.03129473691182155, Evaluations = 5888
Generation 92: Best Solution = [ 0.00775033 -0.02199878 -0.02140188 -0.08053329  0.00858245 -0.08808239
 -0.07867222  0.09706542 -0.00260394  0.01889741], Best Fitness = 0.03129473691182155, Evaluations = 5952
Generation 93: Best Solution = [ 0.00775033 -0.02199878 -0.02140188 -0.08053329  0.00858245 -0.08808239
 -0.07867222  0.09706542 -0.00260394  0.01889741], Best Fitness = 0.03129473691182155, Evaluations = 6016
Generation 94: Best Solution = [ 0.01421873 -0.08245522  0.0391797   0.01809432 -0.02054935  0.00639408
 -0.03952771 -0.02450319  0.0466166   0.12010163], Best Fitness = 0.028087004609609792, Evaluations = 6080
Generation 95: Best Solution = [ 0.01421873 -0.01993105  0.0391797   0.01809432  0.02010966  0.00639408
 -0.04526437 -0.02450319  0.0466166  -0.10994782], Best Fitness = 0.01981805482732848, Evaluations = 6144
Generation 96: Best Solution = [ 0.01421873 -0.01993105  0.0391797   0.01809432  0.02010966  0.00639408
 -0.04526437 -0.02450319  0.0466166  -0.10994782], Best Fitness = 0.01981805482732848, Evaluations = 6208
Generation 97: Best Solution = [ 0.01421873 -0.01993105  0.0391797   0.01809432  0.02010966  0.00639408
 -0.04526437 -0.02450319  0.0466166  -0.10994782], Best Fitness = 0.01981805482732848, Evaluations = 6272
Generation 98: Best Solution = [ 0.01421873 -0.01993105  0.0391797   0.01809432  0.02010966  0.00639408
 -0.04526437 -0.02450319  0.0466166  -0.10994782], Best Fitness = 0.01981805482732848, Evaluations = 6336
Generation 99: Best Solution = [ 0.01421873 -0.01993105  0.0391797   0.01809432  0.02010966  0.00639408
 -0.04526437 -0.02450319  0.0466166  -0.10994782], Best Fitness = 0.01981805482732848, Evaluations = 6400
Generation 100: Best Solution = [ 0.01421873 -0.01993105  0.0391797   0.01809432  0.02010966  0.00639408
 -0.04526437 -0.02450319  0.0466166  -0.10994782], Best Fitness = 0.01981805482732848, Evaluations = 6464
Generation 101: Best Solution = [ 0.01421873 -0.01993105  0.0391797   0.01809432  0.02010966  0.00639408
 -0.04526437 -0.02450319  0.0466166  -0.10994782], Best Fitness = 0.01981805482732848, Evaluations = 6528
Generation 102: Best Solution = [ 0.01421873 -0.01993105  0.0391797   0.01809432  0.02010966  0.00639408
 -0.04526437 -0.02450319  0.0466166  -0.10994782], Best Fitness = 0.01981805482732848, Evaluations = 6592
Generation 103: Best Solution = [ 0.03649315  0.07039442  0.03610935  0.02927872  0.0409572  -0.02262258
  0.00459013 -0.03410806  0.05439582 -0.05652698], Best Fitness = 0.01797616189999714, Evaluations = 6656
Generation 104: Best Solution = [ 0.02836612  0.06878226  0.01332201  0.05162212 -0.00916058 -0.01818443
 -0.01066908 -0.0053967  -0.00192546  0.08601019], Best Fitness = 0.016336956786198384, Evaluations = 6720
Generation 105: Best Solution = [ 0.02836612  0.06878226  0.01332201  0.05162212 -0.00916058 -0.01818443
 -0.01066908 -0.0053967  -0.00192546  0.08601019], Best Fitness = 0.016336956786198384, Evaluations = 6784
Generation 106: Best Solution = [ 0.05208791  0.03546836 -0.00248718 -0.01084265  0.01033938 -0.01771833
  0.02595218 -0.02677798 -0.01185031  0.06176564], Best Fitness = 0.00986174572570707, Evaluations = 6848
Generation 107: Best Solution = [ 0.05208791  0.03546836 -0.00248718 -0.01084265  0.01033938 -0.01771833
  0.02595218 -0.02677798 -0.01185031  0.06176564], Best Fitness = 0.00986174572570707, Evaluations = 6912
Generation 108: Best Solution = [ 0.05208791  0.03546836 -0.00248718 -0.01084265  0.01033938 -0.01771833
  0.02595218 -0.02677798 -0.01185031  0.06176564], Best Fitness = 0.00986174572570707, Evaluations = 6976
Generation 109: Best Solution = [ 0.05208791  0.03546836 -0.00248718 -0.01084265  0.01033938 -0.01771833
  0.02595218 -0.02677798 -0.01185031  0.06176564], Best Fitness = 0.00986174572570707, Evaluations = 7040
Generation 110: Best Solution = [ 0.05208791  0.03546836 -0.00248718 -0.01084265  0.01033938 -0.01771833
  0.02595218 -0.02677798 -0.01185031  0.06176564], Best Fitness = 0.00986174572570707, Evaluations = 7104
Generation 111: Best Solution = [-0.02905155  0.0055833   0.00990631 -0.04716124 -0.01630286  0.04159529
 -0.03240453 -0.0229081   0.01704078  0.01601797], Best Fitness = 0.007315233357459294, Evaluations = 7168
Generation 112: Best Solution = [-0.02905155  0.0055833   0.00990631 -0.04716124 -0.01630286  0.04159529
 -0.03240453 -0.0229081   0.01704078  0.01601797], Best Fitness = 0.007315233357459294, Evaluations = 7232
Generation 113: Best Solution = [-0.02905155  0.0055833   0.00990631 -0.04716124 -0.01630286  0.04159529
 -0.03240453 -0.0229081   0.01704078  0.01601797], Best Fitness = 0.007315233357459294, Evaluations = 7296
Generation 114: Best Solution = [-0.03246958  0.00795     0.00731983  0.0141939  -0.00430892 -0.02820775
 -0.01689849  0.00066451  0.03253231  0.05220247], Best Fitness = 0.006256217053929862, Evaluations = 7360
Generation 115: Best Solution = [-0.03246958  0.00795     0.00731983  0.0141939  -0.00430892 -0.02820775
 -0.01689849  0.00066451  0.03253231  0.05220247], Best Fitness = 0.006256217053929862, Evaluations = 7424
Generation 116: Best Solution = [-0.03246958  0.00795     0.00731983  0.0141939  -0.00430892 -0.02820775
 -0.01689849  0.00066451  0.03253231  0.05220247], Best Fitness = 0.006256217053929862, Evaluations = 7488
Generation 117: Best Solution = [-0.03246958  0.00795     0.00731983  0.0141939  -0.00430892 -0.02820775
 -0.01689849  0.00066451  0.03253231  0.05220247], Best Fitness = 0.006256217053929862, Evaluations = 7552
Generation 118: Best Solution = [-0.02702292  0.00779216  0.00018677 -0.00143418  0.0071107   0.0130669
 -0.02245     0.00571994  0.01367176 -0.05564798], Best Fitness = 0.004834688940761878, Evaluations = 7616
Generation 119: Best Solution = [-0.02702292  0.00779216  0.00018677 -0.00143418  0.0071107   0.0130669
 -0.02245     0.00571994  0.01367176 -0.05564798], Best Fitness = 0.004834688940761878, Evaluations = 7680
Generation 120: Best Solution = [ 0.03448809  0.02998499 -0.00073683  0.01541372  0.00873452 -0.02300803
 -0.01126613  0.01331345 -0.00756521 -0.02703732], Best Fitness = 0.004024738033998382, Evaluations = 7744
Generation 121: Best Solution = [ 0.03448809  0.02998499 -0.00073683  0.01541372  0.00873452 -0.02300803
 -0.01126613  0.01331345 -0.00756521 -0.02703732], Best Fitness = 0.004024738033998382, Evaluations = 7808
Generation 122: Best Solution = [ 0.03448809  0.02998499 -0.00073683  0.01541372  0.00873452 -0.02300803
 -0.01126613  0.01331345 -0.00756521 -0.02703732], Best Fitness = 0.004024738033998382, Evaluations = 7872
Generation 123: Best Solution = [ 0.03448809  0.02998499 -0.00073683  0.01541372  0.00873452 -0.02300803
 -0.01126613  0.01331345 -0.00756521 -0.02703732], Best Fitness = 0.004024738033998382, Evaluations = 7936
Generation 124: Best Solution = [ 0.03448809  0.02998499 -0.00073683  0.01541372  0.00873452 -0.02300803
 -0.01126613  0.01331345 -0.00756521 -0.02703732], Best Fitness = 0.004024738033998382, Evaluations = 8000
Generation 125: Best Solution = [ 0.03448809  0.02998499 -0.00073683  0.01541372  0.00873452 -0.02300803
 -0.01126613  0.01331345 -0.00756521 -0.02703732], Best Fitness = 0.004024738033998382, Evaluations = 8064
Generation 126: Best Solution = [-0.03387785  0.00029766 -0.00268277 -0.00624499 -0.00485466  0.00803459
 -0.00822505 -0.00297583  0.02489802 -0.00923765], Best Fitness = 0.0020638695610957496, Evaluations = 8128
Generation 127: Best Solution = [-0.03387785  0.00029766 -0.00268277 -0.00624499 -0.00485466  0.00803459
 -0.00822505 -0.00297583  0.02489802 -0.00923765], Best Fitness = 0.0020638695610957496, Evaluations = 8192
Generation 128: Best Solution = [-0.03387785  0.00029766 -0.00268277 -0.00624499 -0.00485466  0.00803459
 -0.00822505 -0.00297583  0.02489802 -0.00923765], Best Fitness = 0.0020638695610957496, Evaluations = 8256
Generation 129: Best Solution = [-0.03387785  0.00029766 -0.00268277 -0.00624499 -0.00485466  0.00803459
 -0.00822505 -0.00297583  0.02489802 -0.00923765], Best Fitness = 0.0020638695610957496, Evaluations = 8320
Generation 130: Best Solution = [-0.00406515  0.00446719 -0.01111452  0.00892366 -0.00602524 -0.01594866
  0.02722537 -0.02396608 -0.00045388 -0.01242307], Best Fitness = 0.0020004413842144675, Evaluations = 8384
Generation 131: Best Solution = [-0.00406515  0.00446719 -0.01111452  0.00892366 -0.00602524 -0.01594866
  0.02722537 -0.02396608 -0.00045388 -0.01242307], Best Fitness = 0.0020004413842144675, Evaluations = 8448
Generation 132: Best Solution = [-0.02702292  0.00779216 -0.00199035 -0.00143418  0.0071107   0.0130669
 -0.00714483  0.00363693 -0.00118404  0.00430433], Best Fitness = 0.001102485405859705, Evaluations = 8512
Generation 133: Best Solution = [-0.02702292  0.00779216 -0.00199035 -0.00143418  0.0071107   0.0130669
 -0.00714483  0.00363693 -0.00118404  0.00430433], Best Fitness = 0.001102485405859705, Evaluations = 8576
Generation 134: Best Solution = [ 0.0057197  -0.01282197 -0.01628017  0.00308319  0.01825341  0.00246455
  0.00199364  0.0134801  -0.00345558  0.00523269], Best Fitness = 0.001035939054334506, Evaluations = 8640
Generation 135: Best Solution = [ 0.0057197  -0.01282197 -0.01628017  0.00308319  0.01825341  0.00246455
  0.00199364  0.0134801  -0.00345558  0.00523269], Best Fitness = 0.001035939054334506, Evaluations = 8704
Generation 136: Best Solution = [ 0.0057197  -0.01282197 -0.01628017  0.00308319  0.01825341  0.00246455
  0.00199364  0.0134801  -0.00345558  0.00523269], Best Fitness = 0.001035939054334506, Evaluations = 8768
Generation 137: Best Solution = [ 0.0057197  -0.01282197 -0.01628017  0.00308319  0.01825341  0.00246455
  0.00199364  0.0134801  -0.00345558  0.00523269], Best Fitness = 0.001035939054334506, Evaluations = 8832
Generation 138: Best Solution = [ 0.0057197  -0.01282197 -0.01628017  0.00308319  0.01825341  0.00246455
  0.00199364  0.0134801  -0.00345558  0.00523269], Best Fitness = 0.001035939054334506, Evaluations = 8896
Generation 139: Best Solution = [ 0.0057197  -0.01282197 -0.01628017  0.00308319  0.01825341  0.00246455
  0.00199364  0.0134801  -0.00345558  0.00523269], Best Fitness = 0.001035939054334506, Evaluations = 8960
Generation 140: Best Solution = [ 0.0057197  -0.01282197 -0.01628017  0.00308319  0.01825341  0.00246455
  0.00199364  0.0134801  -0.00345558  0.00523269], Best Fitness = 0.001035939054334506, Evaluations = 9024
Generation 141: Best Solution = [ 0.0057197  -0.01282197 -0.01628017  0.00308319  0.01825341  0.00246455
  0.00199364  0.0134801  -0.00345558  0.00523269], Best Fitness = 0.001035939054334506, Evaluations = 9088
Generation 142: Best Solution = [ 0.01151889 -0.01390762  0.00609126 -0.00215854  0.00961678  0.0007403
 -0.001325   -0.0064114  -0.00796592 -0.01801873], Best Fitness = 0.0008918923265751723, Evaluations = 9152
Generation 143: Best Solution = [ 0.01151889 -0.01390762  0.00609126 -0.00215854  0.00961678  0.0007403
 -0.001325   -0.0064114  -0.00796592 -0.01801873], Best Fitness = 0.0008918923265751723, Evaluations = 9216
Generation 144: Best Solution = [-0.00528899  0.00446719  0.00256641  0.00892366 -0.00602524  0.00084879
  0.00968918 -0.01496983 -0.00648115 -0.0014929 ], Best Fitness = 0.0005333815518796943, Evaluations = 9280
Generation 145: Best Solution = [-0.00528899  0.00446719  0.00256641  0.00892366 -0.00602524  0.00084879
  0.00968918 -0.01496983 -0.00648115 -0.0014929 ], Best Fitness = 0.0005333815518796943, Evaluations = 9344
Generation 146: Best Solution = [-0.00528899  0.00446719  0.00256641  0.00892366 -0.00602524  0.00084879
  0.00968918 -0.01496983 -0.00648115 -0.0014929 ], Best Fitness = 0.0005333815518796943, Evaluations = 9408
Generation 147: Best Solution = [-0.00141101 -0.01199696  0.00182429  0.0132596   0.01050344 -0.00117952
  0.00396717  0.00391285 -0.00298823 -0.00635601], Best Fitness = 0.0005171537018586582, Evaluations = 9472
Generation 148: Best Solution = [ 0.0092748   0.00779216 -0.00199035 -0.00143418 -0.00178887  0.0130669
 -0.00714483 -0.01083779 -0.00118404  0.00430433], Best Fitness = 0.0005151375862568503, Evaluations = 9536
Generation 149: Best Solution = [-0.00402033  0.00189789  0.00202595  0.00086293 -0.01052545  0.00154767
 -0.01578682  0.00258391 -0.00074547 -0.00662752], Best Fitness = 0.0004381745484036086, Evaluations = 9600
Generation 150: Best Solution = [-0.00402033  0.00189789  0.00202595  0.00086293 -0.01052545  0.00154767
 -0.01578682  0.00258391 -0.00074547 -0.00662752], Best Fitness = 0.0004381745484036086, Evaluations = 9664
Generation 151: Best Solution = [ 0.0004113   0.00692382  0.0032347   0.00170342 -0.00622462  0.00310093
  0.01026336 -0.0011952   0.00474179 -0.00155008], Best Fitness = 0.00024148748461126746, Evaluations = 9728
Generation 152: Best Solution = [ 0.0004113   0.00692382  0.0032347   0.00170342 -0.00622462  0.00310093
  0.01026336 -0.0011952   0.00474179 -0.00155008], Best Fitness = 0.00024148748461126746, Evaluations = 9792
Generation 153: Best Solution = [-0.00402033  0.00189789  0.00255592  0.00033803 -0.01052545  0.00154767
  0.00711226  0.00258391 -0.00074547 -0.00662752], Best Fitness = 0.00024133302198319298, Evaluations = 9856
Generation 154: Best Solution = [-0.00402033  0.00189789  0.00255592  0.00033803 -0.01052545  0.00154767
  0.00711226  0.00258391 -0.00074547 -0.00662752], Best Fitness = 0.00024133302198319298, Evaluations = 9920
Generation 155: Best Solution = [-0.00402033  0.00189789  0.00255592  0.00033803 -0.01052545  0.00154767
  0.00711226  0.00258391 -0.00074547 -0.00662752], Best Fitness = 0.00024133302198319298, Evaluations = 9984
Generation 156: Best Solution = [-0.00402033  0.00189789  0.00255592  0.00033803 -0.01052545  0.00154767
  0.00711226  0.00258391 -0.00074547 -0.00662752], Best Fitness = 0.00024133302198319298, Evaluations = 10048
