Algorithm: Cross-Entropy Method
Objective Function: Ackley
Dimension: 10
Population Size: 32
Max Evaluations: 10000

Generation 1: Best Solution = [-32.768        8.13355544  -2.18836611  32.768       -6.18229541
 -32.768      -10.12308371  -2.80914746  -2.97153777  -1.01467065], Best Fitness = 20.606184135682675, Evaluations = 32
Generation 2: Best Solution = [-17.93043372   5.93074522 -11.38179415   5.06822257 -10.2941671
 -23.76592764  -4.34369476   8.16298771  -5.62244153  -4.86111552], Best Fitness = 19.52935995713393, Evaluations = 64
Generation 3: Best Solution = [-16.49270263   0.3381857   -2.94394401  12.98835712 -11.73864803
 -24.44252838  -4.68031196   7.1187809   -5.37629322   0.34450307], Best Fitness = 19.79285543359185, Evaluations = 96
Generation 4: Best Solution = [-13.79539471   5.90509858  -2.7747559   11.08465541 -10.20697787
 -26.30251818  -1.33185085   6.78620951  -8.1130924   -2.81433857], Best Fitness = 19.28105599542406, Evaluations = 128
Generation 5: Best Solution = [-14.68762426   1.98870794   1.790114    14.03451046  -6.89949666
 -23.66941314   1.70771964   7.22480626 -11.04376236  -2.3137814 ], Best Fitness = 19.201512849526505, Evaluations = 160
Generation 6: Best Solution = [-1.30571283e+01  3.68005226e+00  4.46010025e+00  1.79987204e+01
 -8.06077504e+00 -2.31186188e+01  1.08122023e-02  5.29048554e+00
 -1.10874237e+01  5.41076092e+00], Best Fitness = 19.342683908611765, Evaluations = 192
Generation 7: Best Solution = [-16.93571365   3.37535855   4.04295085  15.18194315  -7.21540917
 -24.82930555   1.41970203   4.86529927  -7.94245829  -2.87797299], Best Fitness = 19.24083331822448, Evaluations = 224
Generation 8: Best Solution = [-13.85299945   0.74661593   0.20510128  13.99337859  -6.86333771
 -22.42523193   0.91557005   9.0013519  -12.39932313   0.86093331], Best Fitness = 19.035728950949235, Evaluations = 256
Generation 9: Best Solution = [-15.07210423  -1.24401128   0.16011161  13.5462536   -6.86596743
 -21.89721567  -0.35468981  10.0456386  -12.04892682  -0.81884788], Best Fitness = 19.00507040584118, Evaluations = 288
Generation 10: Best Solution = [-14.82380809  -0.68849878  -0.43273569  13.11583543  -6.86156153
 -22.19536875   0.08885072  10.00046069 -12.12657919  -0.95778405], Best Fitness = 18.88816566345267, Evaluations = 320
Generation 11: Best Solution = [-15.87537854  -0.04951448   0.33211215  12.94027734  -6.56683733
 -22.95274526   0.70604116   9.01356744 -10.99404087  -3.31258989], Best Fitness = 19.07197244557543, Evaluations = 352
Generation 12: Best Solution = [-1.52645286e+01  6.81581398e-01 -7.27317957e-03  1.30652500e+01
 -6.90534676e+00 -2.31596320e+01  8.63474722e-01  8.81934413e+00
 -1.11242923e+01 -1.82752457e+00], Best Fitness = 18.81585256197779, Evaluations = 384
Generation 13: Best Solution = [-15.19951501  -1.02265385   0.2114334   13.14105603  -6.1169919
 -22.07217775   0.83530115   9.81679532 -12.20981564  -2.74682684], Best Fitness = 18.80443832106078, Evaluations = 416
Generation 14: Best Solution = [-14.28359533  -0.77924224  -0.10528745  13.44586427  -6.30905972
 -21.88523348   0.92118244  10.00586597 -12.90446248  -0.94769471], Best Fitness = 18.9540279793178, Evaluations = 448
Generation 15: Best Solution = [-14.41366948  -0.96411436  -0.16761935  13.22857917  -6.07534062
 -21.81843016   1.0153199   10.11757136 -12.98461946  -1.7957916 ], Best Fitness = 18.76349101567027, Evaluations = 480
Generation 16: Best Solution = [-14.78282897  -0.91449436  -0.07598906  13.14188773  -6.1060198
 -21.95725814   0.99614989   9.95762849 -12.56653951  -2.08844341], Best Fitness = 18.563075567151827, Evaluations = 512
Generation 17: Best Solution = [-14.63096324  -1.00227013  -0.07968493  13.17616239  -6.03112745
 -21.85725556   1.0171704   10.05242657 -12.78416571  -2.11994528], Best Fitness = 18.579068379372156, Evaluations = 544
Generation 18: Best Solution = [-1.49557890e+01 -9.78734411e-01  9.39316823e-03  1.31254137e+01
 -6.09870648e+00 -2.19718828e+01  9.27427757e-01  9.92313280e+00
 -1.24159118e+01 -2.27493494e+00], Best Fitness = 18.56882739264799, Evaluations = 576
Generation 19: Best Solution = [-14.8838837   -0.93471931  -0.05523069  13.10667214  -6.09569823
 -21.97075074   0.99266735   9.94933277 -12.48185264  -2.21681348], Best Fitness = 18.541254073644083, Evaluations = 608
Generation 20: Best Solution = [-14.92556583  -0.96030635  -0.03018957  13.10352015  -6.08659361
 -21.97084568   0.97077029   9.93646979 -12.42132903  -2.23123786], Best Fitness = 18.489425998493292, Evaluations = 640
Generation 21: Best Solution = [-14.96818067  -0.93335951  -0.03254749  13.0864981   -6.1037639
 -22.00216346   0.97567546   9.920687   -12.3670124   -2.25819576], Best Fitness = 18.48190641071307, Evaluations = 672
Generation 22: Best Solution = [-1.50047303e+01 -9.25256042e-01 -1.44927083e-02  1.30728501e+01
 -6.10421894e+00 -2.20110790e+01  9.78259215e-01  9.90679748e+00
 -1.23133112e+01 -2.28204766e+00], Best Fitness = 18.452968876745018, Evaluations = 704
Generation 23: Best Solution = [-15.0004552   -0.93641474  -0.02773688  13.06683983  -6.10766644
 -22.00076318   0.96607503   9.90443323 -12.31319029  -2.27657267], Best Fitness = 18.44402224442413, Evaluations = 736
Generation 24: Best Solution = [-1.50216134e+01 -9.25975902e-01 -7.24096109e-03  1.30655801e+01
 -6.10630075e+00 -2.20075384e+01  9.68268462e-01  9.90572348e+00
 -1.22886031e+01 -2.29821285e+00], Best Fitness = 18.443528102407257, Evaluations = 768
Generation 25: Best Solution = [-1.50155461e+01 -9.21662171e-01 -1.65180103e-03  1.30701114e+01
 -6.10329860e+00 -2.20125429e+01  9.83371800e-01  9.90372781e+00
 -1.22912022e+01 -2.28450559e+00], Best Fitness = 18.430721582459054, Evaluations = 800
Generation 26: Best Solution = [-1.50131940e+01 -9.24662515e-01 -4.17777123e-03  1.30594610e+01
 -6.09569504e+00 -2.20133797e+01  9.74023160e-01  9.90756590e+00
 -1.22928051e+01 -2.28919796e+00], Best Fitness = 18.42391962838854, Evaluations = 832
Generation 27: Best Solution = [-1.50182478e+01 -9.26356155e-01 -2.01145480e-03  1.30735616e+01
 -6.09576141e+00 -2.20052870e+01  9.69461356e-01  9.91089788e+00
 -1.22841294e+01 -2.28618815e+00], Best Fitness = 18.414620263565414, Evaluations = 864
Generation 28: Best Solution = [-1.50101971e+01 -9.34181356e-01 -1.62292416e-02  1.30779679e+01
 -6.09139669e+00 -2.20038692e+01  9.74512818e-01  9.91167552e+00
 -1.23023764e+01 -2.26566534e+00], Best Fitness = 18.405266725219757, Evaluations = 896
Generation 29: Best Solution = [-1.50110289e+01 -9.34638588e-01 -4.37087825e-03  1.30680932e+01
 -6.08645307e+00 -2.20203989e+01  9.70717884e-01  9.91393361e+00
 -1.22920807e+01 -2.27331495e+00], Best Fitness = 18.39380852001658, Evaluations = 928
Generation 30: Best Solution = [-1.50099320e+01 -9.31578138e-01 -1.71042083e-03  1.30652191e+01
 -6.08874998e+00 -2.20220982e+01  9.74838635e-01  9.90982705e+00
 -1.22824068e+01 -2.27243274e+00], Best Fitness = 18.383584724814213, Evaluations = 960
Generation 31: Best Solution = [-1.50235806e+01 -9.34656364e-01 -4.62983460e-03  1.30707370e+01
 -6.08982365e+00 -2.20109571e+01  9.70879865e-01  9.92019381e+00
 -1.22851004e+01 -2.26069917e+00], Best Fitness = 18.369119661787117, Evaluations = 992
Generation 32: Best Solution = [-1.50184104e+01 -9.39628225e-01 -4.82174243e-03  1.30720367e+01
 -6.09457611e+00 -2.20096594e+01  9.67648946e-01  9.91808371e+00
 -1.22816087e+01 -2.25394734e+00], Best Fitness = 18.358133944397032, Evaluations = 1024
Generation 33: Best Solution = [-1.49934734e+01 -9.39629570e-01  3.70578695e-03  1.30705028e+01
 -6.08446177e+00 -2.20089045e+01  9.73476190e-01  9.91088109e+00
 -1.22751986e+01 -2.25669269e+00], Best Fitness = 18.345105229156587, Evaluations = 1056
Generation 34: Best Solution = [-1.49995540e+01 -9.36139582e-01  5.75128007e-03  1.30645147e+01
 -6.08071263e+00 -2.20163301e+01  9.79559439e-01  9.90724262e+00
 -1.22710554e+01 -2.24728555e+00], Best Fitness = 18.32572554597842, Evaluations = 1088
Generation 35: Best Solution = [-1.49948280e+01 -9.43064192e-01  8.11880088e-03  1.30679011e+01
 -6.07875796e+00 -2.20158657e+01  9.85802259e-01  9.91068339e+00
 -1.22670343e+01 -2.24261416e+00], Best Fitness = 18.307977655680418, Evaluations = 1120
Generation 36: Best Solution = [-1.50243750e+01 -9.38683092e-01  4.73070208e-03  1.30689796e+01
 -6.07237574e+00 -2.20162301e+01  9.91897544e-01  9.91255450e+00
 -1.22691083e+01 -2.23343218e+00], Best Fitness = 18.299613512836782, Evaluations = 1152
Generation 37: Best Solution = [-1.50324311e+01 -9.39490827e-01  9.31486475e-04  1.30762351e+01
 -6.06036402e+00 -2.20186972e+01  1.01326667e+00  9.91948897e+00
 -1.22496414e+01 -2.22939946e+00], Best Fitness = 18.263505067951368, Evaluations = 1184
Generation 38: Best Solution = [-1.50322473e+01 -9.34312856e-01  6.69701988e-03  1.30712339e+01
 -6.06516374e+00 -2.20098577e+01  1.00833984e+00  9.92184045e+00
 -1.22460316e+01 -2.23111061e+00], Best Fitness = 18.25906642270033, Evaluations = 1216
Generation 39: Best Solution = [-1.50282471e+01 -9.40739812e-01  1.27324424e-02  1.30697056e+01
 -6.07811892e+00 -2.20118520e+01  1.01064911e+00  9.92110702e+00
 -1.22370064e+01 -2.23495148e+00], Best Fitness = 18.255498671407114, Evaluations = 1248
Generation 40: Best Solution = [-1.50272796e+01 -9.38165379e-01  5.63233106e-03  1.30683837e+01
 -6.06497451e+00 -2.20085501e+01  1.01224866e+00  9.93243273e+00
 -1.22327319e+01 -2.22997167e+00], Best Fitness = 18.227172700396096, Evaluations = 1280
Generation 41: Best Solution = [-1.50391878e+01 -9.41259008e-01 -9.85057994e-03  1.30776087e+01
 -6.07046445e+00 -2.20046139e+01  1.00954363e+00  9.92924906e+00
 -1.22214715e+01 -2.22829601e+00], Best Fitness = 18.22204585749097, Evaluations = 1312
Generation 42: Best Solution = [-1.50287556e+01 -9.36918520e-01 -1.34421707e-02  1.30684580e+01
 -6.05872821e+00 -2.19989673e+01  1.00345425e+00  9.92658679e+00
 -1.22322042e+01 -2.21885268e+00], Best Fitness = 18.210848443289894, Evaluations = 1344
Generation 43: Best Solution = [-1.50285611e+01 -9.47873473e-01 -2.44239938e-03  1.30658942e+01
 -6.05136014e+00 -2.19946878e+01  1.00398173e+00  9.92383638e+00
 -1.22389399e+01 -2.21055940e+00], Best Fitness = 18.19908608817143, Evaluations = 1376
Generation 44: Best Solution = [-1.50402317e+01 -9.56654169e-01 -1.49812227e-02  1.30705427e+01
 -6.05438390e+00 -2.20039203e+01  1.01644935e+00  9.93516745e+00
 -1.22171303e+01 -2.21679735e+00], Best Fitness = 18.177909158179734, Evaluations = 1408
Generation 45: Best Solution = [-1.50289487e+01 -9.49479041e-01 -1.34974844e-02  1.30647262e+01
 -6.06072347e+00 -2.19961158e+01  1.01214974e+00  9.93213242e+00
 -1.22153758e+01 -2.21497688e+00], Best Fitness = 18.171374517044672, Evaluations = 1440
Generation 46: Best Solution = [-1.50325618e+01 -9.61865557e-01 -1.60241356e-02  1.30632829e+01
 -6.05342133e+00 -2.20008608e+01  1.00896749e+00  9.92572875e+00
 -1.22112483e+01 -2.21578437e+00], Best Fitness = 18.162374000988482, Evaluations = 1472
Generation 47: Best Solution = [-1.50341207e+01 -9.60865473e-01 -1.33539500e-02  1.30615709e+01
 -6.05560948e+00 -2.20000001e+01  1.00569066e+00  9.93031204e+00
 -1.22096738e+01 -2.21339566e+00], Best Fitness = 18.154437540600238, Evaluations = 1504
Generation 48: Best Solution = [-1.50365686e+01 -9.56742157e-01 -8.23297491e-03  1.30605591e+01
 -6.05805354e+00 -2.19951281e+01  1.01029739e+00  9.93794616e+00
 -1.22039942e+01 -2.21284043e+00], Best Fitness = 18.144093972315925, Evaluations = 1536
Generation 49: Best Solution = [-1.50255982e+01 -9.57792818e-01 -1.87636588e-02  1.30564216e+01
 -6.05261001e+00 -2.20078748e+01  1.01177612e+00  9.93711927e+00
 -1.22075962e+01 -2.20007467e+00], Best Fitness = 18.125363452703585, Evaluations = 1568
Generation 50: Best Solution = [-1.50249863e+01 -9.59496361e-01 -1.89045086e-02  1.30588730e+01
 -6.04597472e+00 -2.20105884e+01  1.00526475e+00  9.93943857e+00
 -1.22071898e+01 -2.19777958e+00], Best Fitness = 18.117899290750934, Evaluations = 1600
Generation 51: Best Solution = [-1.50348892e+01 -9.52282713e-01 -1.33943621e-02  1.30381930e+01
 -6.05405150e+00 -2.20051584e+01  1.00576525e+00  9.94592862e+00
 -1.21959452e+01 -2.19925937e+00], Best Fitness = 18.0988745799032, Evaluations = 1632
Generation 52: Best Solution = [-1.50279177e+01 -9.56024837e-01 -2.14515356e-02  1.30438194e+01
 -6.05002897e+00 -2.20083108e+01  1.01115186e+00  9.94104833e+00
 -1.21969842e+01 -2.18836367e+00], Best Fitness = 18.086227829379578, Evaluations = 1664
Generation 53: Best Solution = [-1.50315740e+01 -9.51546422e-01 -1.63479252e-02  1.30474077e+01
 -6.05720171e+00 -2.19975271e+01  1.01320666e+00  9.94252341e+00
 -1.21868006e+01 -2.18567769e+00], Best Fitness = 18.073838718444424, Evaluations = 1696
Generation 54: Best Solution = [-1.50239769e+01 -9.55815066e-01 -1.63951483e-02  1.30536359e+01
 -6.05392797e+00 -2.20135369e+01  1.00935291e+00  9.94020931e+00
 -1.21932495e+01 -2.17751641e+00], Best Fitness = 18.072289241803187, Evaluations = 1728
Generation 55: Best Solution = [-1.50249232e+01 -9.46270504e-01 -1.19707249e-02  1.30487207e+01
 -6.04879791e+00 -2.20082363e+01  1.02145364e+00  9.93332598e+00
 -1.21939374e+01 -2.16751034e+00], Best Fitness = 18.063326373694064, Evaluations = 1760
Generation 56: Best Solution = [-15.01989321  -0.95874337  -0.02745996  13.04173877  -6.04789641
 -22.01174646   1.00695371   9.94364891 -12.19136817  -2.17497543], Best Fitness = 18.055145890738725, Evaluations = 1792
Generation 57: Best Solution = [-1.50232337e+01 -9.56649845e-01 -1.05069312e-02  1.30550386e+01
 -6.05246484e+00 -2.20069171e+01  1.00812675e+00  9.93682821e+00
 -1.21842344e+01 -2.16798344e+00], Best Fitness = 18.04595242582599, Evaluations = 1824
Generation 58: Best Solution = [-1.50210373e+01 -9.55400696e-01 -1.27617617e-02  1.30573474e+01
 -6.07024557e+00 -2.19931797e+01  1.01136329e+00  9.94518099e+00
 -1.21782432e+01 -2.16227067e+00], Best Fitness = 18.036876614064653, Evaluations = 1856
Generation 59: Best Solution = [-1.50227725e+01 -9.63579023e-01 -1.54651970e-02  1.30528640e+01
 -6.04827612e+00 -2.20192923e+01  1.02090231e+00  9.94604821e+00
 -1.21788542e+01 -2.16290495e+00], Best Fitness = 18.026296375261772, Evaluations = 1888
Generation 60: Best Solution = [-1.50207791e+01 -9.65040305e-01 -1.60461034e-02  1.30498112e+01
 -6.05264846e+00 -2.20010350e+01  1.01190499e+00  9.94512983e+00
 -1.21786883e+01 -2.16132724e+00], Best Fitness = 18.019159080766165, Evaluations = 1920
Generation 61: Best Solution = [-1.50137670e+01 -9.72349892e-01 -1.29152645e-02  1.30401788e+01
 -6.05082043e+00 -2.19983176e+01  1.00692088e+00  9.93483040e+00
 -1.21807444e+01 -2.15674396e+00], Best Fitness = 18.011114965370957, Evaluations = 1952
Generation 62: Best Solution = [-1.50116464e+01 -9.71683699e-01  3.76903965e-04  1.30644987e+01
 -6.05925471e+00 -2.20051150e+01  1.01868993e+00  9.93669359e+00
 -1.21545598e+01 -2.16229543e+00], Best Fitness = 18.000424040265045, Evaluations = 1984
Generation 63: Best Solution = [-1.50073809e+01 -9.70253807e-01 -3.87265484e-03  1.30573545e+01
 -6.04467981e+00 -2.20145617e+01  1.01347375e+00  9.92902065e+00
 -1.21576798e+01 -2.15423128e+00], Best Fitness = 17.987411944788317, Evaluations = 2016
Generation 64: Best Solution = [-1.50200750e+01 -9.65753346e-01 -6.47947188e-04  1.30615520e+01
 -6.07013318e+00 -2.19870916e+01  1.01643254e+00  9.93113930e+00
 -1.21402096e+01 -2.14577174e+00], Best Fitness = 17.971521954534012, Evaluations = 2048
Generation 65: Best Solution = [-1.50202595e+01 -9.65470456e-01 -1.85266550e-02  1.30546097e+01
 -6.04801263e+00 -2.20024570e+01  1.01036149e+00  9.93083722e+00
 -1.21532058e+01 -2.14634422e+00], Best Fitness = 17.97354988680264, Evaluations = 2080
Generation 66: Best Solution = [-1.49969432e+01 -9.71294530e-01  1.84018331e-03  1.30615624e+01
 -6.04992786e+00 -2.20023063e+01  1.01195841e+00  9.93045617e+00
 -1.21447420e+01 -2.15070400e+00], Best Fitness = 17.966787378034333, Evaluations = 2112
Generation 67: Best Solution = [-1.50095978e+01 -9.67037055e-01 -1.04018003e-02  1.30577326e+01
 -6.05027630e+00 -2.20084304e+01  1.01012602e+00  9.93540157e+00
 -1.21410740e+01 -2.14827285e+00], Best Fitness = 17.957662737278728, Evaluations = 2144
Generation 68: Best Solution = [-1.50123347e+01 -9.59802435e-01 -9.19295302e-03  1.30608933e+01
 -6.05639277e+00 -2.20065021e+01  1.01229999e+00  9.93671462e+00
 -1.21343153e+01 -2.14380800e+00], Best Fitness = 17.95110802916182, Evaluations = 2176
Generation 69: Best Solution = [-1.50021719e+01 -9.67127757e-01 -4.31585249e-03  1.30563589e+01
 -6.04934424e+00 -2.20073099e+01  1.01181557e+00  9.94102783e+00
 -1.21380135e+01 -2.14471190e+00], Best Fitness = 17.943708575537748, Evaluations = 2208
Generation 70: Best Solution = [-1.50080771e+01 -9.66501315e-01 -1.80393395e-03  1.30526452e+01
 -6.03697026e+00 -2.20041966e+01  1.02031935e+00  9.92901995e+00
 -1.21305376e+01 -2.14003940e+00], Best Fitness = 17.929888644773992, Evaluations = 2240
Generation 71: Best Solution = [-1.50067793e+01 -9.70024931e-01  3.68141596e-03  1.30513393e+01
 -6.03906740e+00 -2.20035526e+01  1.01660417e+00  9.93452107e+00
 -1.21326226e+01 -2.13629734e+00], Best Fitness = 17.92267327574205, Evaluations = 2272
Generation 72: Best Solution = [-1.50115511e+01 -9.69090351e-01 -5.04235427e-03  1.30517590e+01
 -6.04442446e+00 -2.20139877e+01  1.01581713e+00  9.93562197e+00
 -1.21242069e+01 -2.13366046e+00], Best Fitness = 17.914303710081928, Evaluations = 2304
Generation 73: Best Solution = [-1.49989631e+01 -9.71467571e-01  1.95204063e-03  1.30481865e+01
 -6.02576859e+00 -2.20080088e+01  1.02611390e+00  9.93881186e+00
 -1.21331538e+01 -2.12743948e+00], Best Fitness = 17.905812549543857, Evaluations = 2336
Generation 74: Best Solution = [-1.50117186e+01 -9.54838937e-01 -6.02437438e-03  1.30450862e+01
 -6.03060814e+00 -2.20220484e+01  1.01205047e+00  9.94219122e+00
 -1.21171344e+01 -2.12872335e+00], Best Fitness = 17.894921141522914, Evaluations = 2368
Generation 75: Best Solution = [-1.50053553e+01 -9.61615705e-01  3.83382946e-03  1.30453101e+01
 -6.03168853e+00 -2.20075369e+01  1.02131298e+00  9.94330468e+00
 -1.21254756e+01 -2.12164241e+00], Best Fitness = 17.890635555498317, Evaluations = 2400
Generation 76: Best Solution = [-1.50126548e+01 -9.58690999e-01 -9.17825576e-03  1.30447712e+01
 -6.03157836e+00 -2.20152139e+01  1.01737243e+00  9.94336241e+00
 -1.21168441e+01 -2.12062520e+00], Best Fitness = 17.882690564785488, Evaluations = 2432
Generation 77: Best Solution = [-1.50124125e+01 -9.66656177e-01 -4.72772748e-03  1.30503355e+01
 -6.02892719e+00 -2.20171163e+01  1.01957276e+00  9.95273660e+00
 -1.21141471e+01 -2.12088287e+00], Best Fitness = 17.87526728146996, Evaluations = 2464
Generation 78: Best Solution = [-1.50047393e+01 -9.65440408e-01 -8.51626377e-03  1.30492879e+01
 -6.03128080e+00 -2.20107474e+01  1.01744390e+00  9.96067388e+00
 -1.21141358e+01 -2.11746203e+00], Best Fitness = 17.866232888739198, Evaluations = 2496
Generation 79: Best Solution = [-1.50154573e+01 -9.66264640e-01  4.26922674e-05  1.30402670e+01
 -6.02771459e+00 -2.20164417e+01  1.01516416e+00  9.94802259e+00
 -1.21146186e+01 -2.10428220e+00], Best Fitness = 17.854673656795114, Evaluations = 2528
Generation 80: Best Solution = [-1.50095731e+01 -9.64905778e-01  1.35071935e-02  1.30385019e+01
 -6.01891750e+00 -2.20205978e+01  1.01113466e+00  9.95724338e+00
 -1.21132338e+01 -2.10397314e+00], Best Fitness = 17.84665329481905, Evaluations = 2560
Generation 81: Best Solution = [-1.50137577e+01 -9.58661429e-01 -4.80715057e-03  1.30502488e+01
 -6.02243402e+00 -2.20115720e+01  1.01117265e+00  9.95693600e+00
 -1.21077927e+01 -2.09204946e+00], Best Fitness = 17.836336662475382, Evaluations = 2592
Generation 82: Best Solution = [-1.50143458e+01 -9.67428490e-01  7.91131155e-03  1.30487179e+01
 -6.01914879e+00 -2.20192863e+01  1.01329813e+00  9.95339768e+00
 -1.21088165e+01 -2.08670272e+00], Best Fitness = 17.83188424498219, Evaluations = 2624
Generation 83: Best Solution = [-1.50101755e+01 -9.65472325e-01 -9.60093185e-03  1.30421253e+01
 -6.02253312e+00 -2.20004894e+01  1.02332793e+00  9.95581773e+00
 -1.21065499e+01 -2.08069456e+00], Best Fitness = 17.81918641900719, Evaluations = 2656
Generation 84: Best Solution = [-1.50068243e+01 -9.73726159e-01 -4.34094386e-04  1.30491790e+01
 -6.02337391e+00 -2.20040188e+01  1.01931222e+00  9.95931778e+00
 -1.21077890e+01 -2.07552674e+00], Best Fitness = 17.815020408657674, Evaluations = 2688
Generation 85: Best Solution = [-1.50019304e+01 -9.78110284e-01  5.03969560e-03  1.30418741e+01
 -6.02506859e+00 -2.20157523e+01  1.01744537e+00  9.96708918e+00
 -1.21072191e+01 -2.06498304e+00], Best Fitness = 17.801495923190892, Evaluations = 2720
Generation 86: Best Solution = [-1.50027229e+01 -9.81414898e-01 -1.02945656e-03  1.30463020e+01
 -6.02146103e+00 -2.20067078e+01  1.01179283e+00  9.96458885e+00
 -1.21028287e+01 -2.06328033e+00], Best Fitness = 17.794275083834794, Evaluations = 2752
Generation 87: Best Solution = [-1.50005196e+01 -9.85508200e-01 -3.97276103e-03  1.30369685e+01
 -6.02735370e+00 -2.20049292e+01  1.02193518e+00  9.94980309e+00
 -1.20931180e+01 -2.05652566e+00], Best Fitness = 17.784113502522263, Evaluations = 2784
Generation 88: Best Solution = [-1.49947515e+01 -9.71316868e-01 -2.21723212e-03  1.30371983e+01
 -6.01723035e+00 -2.20083014e+01  1.02107861e+00  9.95371296e+00
 -1.20891665e+01 -2.05825230e+00], Best Fitness = 17.780315655264246, Evaluations = 2816
Generation 89: Best Solution = [-1.50060784e+01 -9.79917962e-01  2.31961286e-03  1.30383779e+01
 -6.02696664e+00 -2.20040096e+01  1.02023025e+00  9.95517589e+00
 -1.20817264e+01 -2.05997801e+00], Best Fitness = 17.774844236168533, Evaluations = 2848
Generation 90: Best Solution = [-1.50074230e+01 -9.85718289e-01  1.23342652e-03  1.30272559e+01
 -6.02665238e+00 -2.20044093e+01  1.03265799e+00  9.95311746e+00
 -1.20771350e+01 -2.05439023e+00], Best Fitness = 17.766707783765526, Evaluations = 2880
Generation 91: Best Solution = [-1.50051120e+01 -9.91602888e-01  6.44602877e-04  1.30322187e+01
 -6.03032338e+00 -2.20109094e+01  1.02204794e+00  9.96171690e+00
 -1.20796092e+01 -2.05223510e+00], Best Fitness = 17.764248118517262, Evaluations = 2912
Generation 92: Best Solution = [-1.50002542e+01 -9.87287434e-01  3.90408544e-03  1.30369542e+01
 -6.01609767e+00 -2.20077611e+01  1.03380074e+00  9.95666131e+00
 -1.20725137e+01 -2.05412444e+00], Best Fitness = 17.762525909710302, Evaluations = 2944
Generation 93: Best Solution = [-1.50033431e+01 -9.83789880e-01  1.86201502e-03  1.30253189e+01
 -6.02145467e+00 -2.20066095e+01  1.03059987e+00  9.96694104e+00
 -1.20793229e+01 -2.04709803e+00], Best Fitness = 17.75692917807155, Evaluations = 2976
Generation 94: Best Solution = [-1.49996592e+01 -9.93357984e-01 -1.95527750e-03  1.30305319e+01
 -6.01126574e+00 -2.20044584e+01  1.02956545e+00  9.97291645e+00
 -1.20787928e+01 -2.04366227e+00], Best Fitness = 17.750963091541998, Evaluations = 3008
Generation 95: Best Solution = [-1.50002829e+01 -9.92979391e-01 -3.96189905e-03  1.30325261e+01
 -6.01768089e+00 -2.20032892e+01  1.02508831e+00  9.96377617e+00
 -1.20661916e+01 -2.04475395e+00], Best Fitness = 17.74475906814477, Evaluations = 3040
Generation 96: Best Solution = [-1.50023373e+01 -9.90228943e-01 -1.03670723e-02  1.30340408e+01
 -6.01954385e+00 -2.20049865e+01  1.02393725e+00  9.96593444e+00
 -1.20538311e+01 -2.04884067e+00], Best Fitness = 17.739644239280352, Evaluations = 3072
Generation 97: Best Solution = [-1.49955260e+01 -9.97380473e-01 -6.94315499e-03  1.30299120e+01
 -6.01990977e+00 -2.20014389e+01  1.02330728e+00  9.96030837e+00
 -1.20494332e+01 -2.04881857e+00], Best Fitness = 17.735731093956883, Evaluations = 3104
Generation 98: Best Solution = [-1.50022301e+01 -9.91033701e-01 -3.44054986e-03  1.30267558e+01
 -6.01256423e+00 -2.20002144e+01  1.02388625e+00  9.97518070e+00
 -1.20595211e+01 -2.03803881e+00], Best Fitness = 17.730542180638917, Evaluations = 3136
Generation 99: Best Solution = [-1.49912585e+01 -9.97892425e-01 -8.05492562e-03  1.30275855e+01
 -6.01264725e+00 -2.20000138e+01  1.02453616e+00  9.96882419e+00
 -1.20470230e+01 -2.04059007e+00], Best Fitness = 17.72568729684156, Evaluations = 3168
Generation 100: Best Solution = [-1.49882160e+01 -9.92568265e-01 -2.44176676e-03  1.30246644e+01
 -6.01539009e+00 -2.19993491e+01  1.02153466e+00  9.97303170e+00
 -1.20445607e+01 -2.03867885e+00], Best Fitness = 17.721234728857524, Evaluations = 3200
Generation 101: Best Solution = [-1.49947863e+01 -1.00180885e+00 -8.57036707e-03  1.30166819e+01
 -6.00936012e+00 -2.19985963e+01  1.01968642e+00  9.96559343e+00
 -1.20461620e+01 -2.03140678e+00], Best Fitness = 17.717760673048268, Evaluations = 3232
Generation 102: Best Solution = [-1.50003595e+01 -1.00847783e+00 -1.91788177e-03  1.30170681e+01
 -6.01665279e+00 -2.20029244e+01  1.01854531e+00  9.96957145e+00
 -1.20441498e+01 -2.02497039e+00], Best Fitness = 17.71526565663666, Evaluations = 3264
Generation 103: Best Solution = [-1.49942293e+01 -1.00863296e+00  3.47762330e-03  1.30222606e+01
 -6.01467280e+00 -2.19923724e+01  1.01703769e+00  9.97416709e+00
 -1.20407527e+01 -2.02900147e+00], Best Fitness = 17.713403623073994, Evaluations = 3296
Generation 104: Best Solution = [-1.49902451e+01 -1.00082793e+00 -9.57672796e-03  1.30103700e+01
 -6.00839529e+00 -2.19960831e+01  1.02104377e+00  9.97179210e+00
 -1.20360341e+01 -2.02708763e+00], Best Fitness = 17.70860762906254, Evaluations = 3328
Generation 105: Best Solution = [-1.49917115e+01 -1.00052969e+00 -6.89798310e-03  1.30080346e+01
 -6.00098515e+00 -2.19964315e+01  1.02238715e+00  9.97286198e+00
 -1.20336171e+01 -2.01949805e+00], Best Fitness = 17.70450979859445, Evaluations = 3360
Generation 106: Best Solution = [-1.49943898e+01 -9.91294253e-01 -8.43097644e-03  1.30137278e+01
 -5.99668550e+00 -2.19880710e+01  1.02023797e+00  9.97690410e+00
 -1.20275665e+01 -2.02082928e+00], Best Fitness = 17.702415357742165, Evaluations = 3392
Generation 107: Best Solution = [-1.49893132e+01 -9.91901478e-01 -4.58210885e-03  1.30104164e+01
 -6.00300564e+00 -2.19914473e+01  1.01414221e+00  9.97872976e+00
 -1.20255553e+01 -2.01785191e+00], Best Fitness = 17.69889355029256, Evaluations = 3424
Generation 108: Best Solution = [-1.49876893e+01 -9.88865618e-01 -4.69168882e-03  1.30100534e+01
 -6.00852896e+00 -2.19892742e+01  1.00284029e+00  9.98226579e+00
 -1.20273948e+01 -2.01168720e+00], Best Fitness = 17.697664436540872, Evaluations = 3456
Generation 109: Best Solution = [-1.49908749e+01 -1.00090303e+00 -1.91808466e-03  1.30109224e+01
 -6.00927554e+00 -2.19928225e+01  1.01089759e+00  9.98442256e+00
 -1.20216677e+01 -2.01525519e+00], Best Fitness = 17.696117396050617, Evaluations = 3488
Generation 110: Best Solution = [-1.49976129e+01 -1.00053717e+00 -5.90741448e-05  1.30095460e+01
 -6.00494676e+00 -2.19877537e+01  1.00756892e+00  9.98025953e+00
 -1.20208229e+01 -2.00786462e+00], Best Fitness = 17.69454360873174, Evaluations = 3520
Generation 111: Best Solution = [-1.49982695e+01 -9.93868660e-01 -5.51847420e-03  1.30092306e+01
 -6.00461069e+00 -2.19846751e+01  1.00548225e+00  9.98625098e+00
 -1.20203554e+01 -2.00291384e+00], Best Fitness = 17.69356862980614, Evaluations = 3552
Generation 112: Best Solution = [-1.49897178e+01 -9.94819303e-01 -7.64972041e-03  1.30080983e+01
 -6.01095975e+00 -2.19865153e+01  1.00689281e+00  9.98814374e+00
 -1.20135244e+01 -2.00827379e+00], Best Fitness = 17.69277967961611, Evaluations = 3584
Generation 113: Best Solution = [-1.50040630e+01 -9.97924307e-01 -1.58197826e-03  1.30058886e+01
 -5.99085792e+00 -2.19813531e+01  1.00210198e+00  9.99365589e+00
 -1.20127022e+01 -2.00814115e+00], Best Fitness = 17.69149285971125, Evaluations = 3616
Generation 114: Best Solution = [-1.49989759e+01 -1.00028384e+00 -4.59177617e-03  1.30040605e+01
 -5.99846647e+00 -2.19782584e+01  1.00191643e+00  9.98741632e+00
 -1.20032896e+01 -2.00586519e+00], Best Fitness = 17.68998596957741, Evaluations = 3648
Generation 115: Best Solution = [-1.49914006e+01 -1.00012476e+00 -1.96038675e-03  1.30061029e+01
 -6.00081494e+00 -2.19861204e+01  1.00576840e+00  9.98739906e+00
 -1.20022674e+01 -2.00620720e+00], Best Fitness = 17.689435086728256, Evaluations = 3680
Generation 116: Best Solution = [-1.49963315e+01 -9.96534630e-01 -5.22805718e-03  1.29994654e+01
 -6.00030907e+00 -2.19846300e+01  1.00192989e+00  9.98684046e+00
 -1.20032624e+01 -2.00217050e+00], Best Fitness = 17.688854269036113, Evaluations = 3712
Generation 117: Best Solution = [-1.49925750e+01 -9.96381355e-01 -2.30186664e-03  1.30026541e+01
 -6.00004438e+00 -2.19832722e+01  1.00503940e+00  9.99120012e+00
 -1.20003092e+01 -2.00286906e+00], Best Fitness = 17.68865475588885, Evaluations = 3744
Generation 118: Best Solution = [-1.49916364e+01 -9.99205348e-01  3.70722622e-03  1.29994790e+01
 -5.99596875e+00 -2.19846487e+01  9.95138965e-01  9.98914091e+00
 -1.20007871e+01 -2.00225684e+00], Best Fitness = 17.688408581362314, Evaluations = 3776
Generation 119: Best Solution = [-1.49930012e+01 -9.98514289e-01 -2.00499154e-03  1.29997640e+01
 -5.99716480e+00 -2.19873710e+01  9.91565641e-01  9.99476675e+00
 -1.20001738e+01 -2.00371617e+00], Best Fitness = 17.688207865279036, Evaluations = 3808
Generation 120: Best Solution = [-1.49890606e+01 -9.95496961e-01 -7.86149178e-04  1.29969054e+01
 -5.99781772e+00 -2.19888638e+01  9.96598899e-01  9.99267819e+00
 -1.19984042e+01 -2.00400981e+00], Best Fitness = 17.687930767877486, Evaluations = 3840
Generation 121: Best Solution = [-1.49894269e+01 -9.99426030e-01 -3.13596396e-03  1.29937169e+01
 -5.99813030e+00 -2.19923791e+01  9.98567176e-01  9.99392046e+00
 -1.20000530e+01 -1.99838836e+00], Best Fitness = 17.68770565707978, Evaluations = 3872
Generation 122: Best Solution = [-1.49940050e+01 -1.00036633e+00 -3.57370620e-03  1.29929510e+01
 -5.99929153e+00 -2.19951947e+01  9.97172348e-01  9.99722204e+00
 -1.19921719e+01 -1.99650368e+00], Best Fitness = 17.68768533692272, Evaluations = 3904
Generation 123: Best Solution = [-1.49966846e+01 -1.00095218e+00 -2.18937113e-03  1.29978149e+01
 -6.00005061e+00 -2.19979458e+01  9.98621957e-01  9.99656697e+00
 -1.19936413e+01 -2.00271542e+00], Best Fitness = 17.687851422461346, Evaluations = 3936
Generation 124: Best Solution = [-1.49913744e+01 -9.99758758e-01  2.21003367e-03  1.29950456e+01
 -6.00392222e+00 -2.19959269e+01  9.97831018e-01  9.99649475e+00
 -1.19951571e+01 -1.99881889e+00], Best Fitness = 17.687783233999344, Evaluations = 3968
Generation 125: Best Solution = [-1.49942806e+01 -9.92269375e-01  5.77421191e-04  1.29912772e+01
 -5.99809261e+00 -2.19911417e+01  1.00004581e+00  9.99573448e+00
 -1.19967713e+01 -1.99770634e+00], Best Fitness = 17.687751580734947, Evaluations = 4000
Generation 126: Best Solution = [-1.49936574e+01 -9.97470962e-01 -3.52201092e-03  1.29932958e+01
 -6.00047776e+00 -2.19932493e+01  9.98958338e-01  9.98925622e+00
 -1.19945193e+01 -2.00083329e+00], Best Fitness = 17.687800047895593, Evaluations = 4032
Generation 127: Best Solution = [-1.49920553e+01 -1.00277473e+00  4.59838636e-04  1.29924582e+01
 -5.99740936e+00 -2.19909770e+01  1.00113582e+00  9.99817199e+00
 -1.19928904e+01 -1.99981027e+00], Best Fitness = 17.687540501924506, Evaluations = 4064
Generation 128: Best Solution = [-1.49916182e+01 -9.97203286e-01 -9.76524681e-04  1.29942137e+01
 -5.99988504e+00 -2.19925721e+01  1.00153831e+00  9.99539558e+00
 -1.19946302e+01 -2.00115206e+00], Best Fitness = 17.687517212569247, Evaluations = 4096
Generation 129: Best Solution = [-1.49948224e+01 -9.99439458e-01  3.65985088e-03  1.29959220e+01
 -5.99557378e+00 -2.19921499e+01  1.00311512e+00  9.99387813e+00
 -1.19908301e+01 -2.00013336e+00], Best Fitness = 17.687673378737287, Evaluations = 4128
Generation 130: Best Solution = [-1.49970977e+01 -9.97684408e-01 -1.05837999e-03  1.29930520e+01
 -5.99375157e+00 -2.19929889e+01  9.99465706e-01  9.99508348e+00
 -1.19920983e+01 -1.99898282e+00], Best Fitness = 17.687613252112197, Evaluations = 4160
Generation 131: Best Solution = [-1.49942372e+01 -9.97776541e-01 -2.64193309e-03  1.29945852e+01
 -5.99484023e+00 -2.19943506e+01  9.98222209e-01  9.99087094e+00
 -1.19966338e+01 -1.99712369e+00], Best Fitness = 17.687701986234266, Evaluations = 4192
Generation 132: Best Solution = [-1.49960076e+01 -9.98884234e-01  3.40795648e-03  1.29953739e+01
 -5.99842104e+00 -2.19916329e+01  9.97501271e-01  9.99571485e+00
 -1.19919166e+01 -1.99521803e+00], Best Fitness = 17.687626614568345, Evaluations = 4224
Generation 133: Best Solution = [-1.49892467e+01 -9.98030945e-01 -8.64565348e-04  1.29945628e+01
 -5.99857387e+00 -2.19902150e+01  1.00048839e+00  9.99806106e+00
 -1.19953920e+01 -2.00082625e+00], Best Fitness = 17.687556852479954, Evaluations = 4256
Generation 134: Best Solution = [-1.49936671e+01 -1.00144439e+00  1.89006490e-03  1.29945126e+01
 -6.00119026e+00 -2.19899713e+01  1.00350800e+00  9.99821235e+00
 -1.19955119e+01 -2.00061511e+00], Best Fitness = 17.687601659224722, Evaluations = 4288
Generation 135: Best Solution = [-1.49926108e+01 -9.97266439e-01  1.85368800e-03  1.29997114e+01
 -5.99685471e+00 -2.19881647e+01  9.98986676e-01  9.99420701e+00
 -1.19999493e+01 -1.99767707e+00], Best Fitness = 17.687758884614286, Evaluations = 4320
Generation 136: Best Solution = [-1.49936193e+01 -9.97918064e-01  2.35030531e-03  1.29941038e+01
 -5.99507351e+00 -2.19895246e+01  1.00044329e+00  9.99198934e+00
 -1.19951526e+01 -1.99858671e+00], Best Fitness = 17.68755611957226, Evaluations = 4352
Generation 137: Best Solution = [-1.49944367e+01 -9.98547140e-01  3.76510732e-04  1.29923368e+01
 -5.99981785e+00 -2.19890083e+01  9.93584419e-01  9.99410476e+00
 -1.20006423e+01 -1.99902636e+00], Best Fitness = 17.687831329920623, Evaluations = 4384
Generation 138: Best Solution = [-1.49971032e+01 -1.00139491e+00 -4.39970507e-03  1.29944935e+01
 -5.99418915e+00 -2.19923713e+01  1.00366278e+00  9.99846503e+00
 -1.19942788e+01 -1.99670759e+00], Best Fitness = 17.687768633709776, Evaluations = 4416
Generation 139: Best Solution = [-1.49928149e+01 -1.00181715e+00  1.52386248e-03  1.29963383e+01
 -5.99747124e+00 -2.19862380e+01  1.00214733e+00  9.99438843e+00
 -1.19997967e+01 -2.00316823e+00], Best Fitness = 17.687803944921118, Evaluations = 4448
Generation 140: Best Solution = [-1.49995318e+01 -1.00165185e+00  1.48067299e-03  1.29966977e+01
 -5.99672289e+00 -2.19911507e+01  1.00216314e+00  9.99626915e+00
 -1.19962211e+01 -1.99895949e+00], Best Fitness = 17.68762983551041, Evaluations = 4480
Generation 141: Best Solution = [-1.49987640e+01 -1.00122908e+00 -4.30918259e-04  1.29924952e+01
 -5.99544132e+00 -2.19875590e+01  9.99864882e-01  9.99378959e+00
 -1.19969834e+01 -1.99849019e+00], Best Fitness = 17.687674282991853, Evaluations = 4512
Generation 142: Best Solution = [-1.50007176e+01 -1.00047169e+00 -9.93964585e-04  1.29916297e+01
 -5.99557469e+00 -2.19885790e+01  9.98854568e-01  9.99387732e+00
 -1.19946745e+01 -1.99977439e+00], Best Fitness = 17.687761043629855, Evaluations = 4544
Generation 143: Best Solution = [-1.49981279e+01 -9.96272268e-01 -2.86452548e-03  1.29944690e+01
 -5.99819043e+00 -2.19931546e+01  9.99516081e-01  9.99310955e+00
 -1.20001288e+01 -1.99982829e+00], Best Fitness = 17.687761436205072, Evaluations = 4576
Generation 144: Best Solution = [-1.49931046e+01 -9.96116952e-01 -5.04935787e-03  1.29953918e+01
 -5.99783161e+00 -2.19942678e+01  1.00224212e+00  9.99321753e+00
 -1.19912817e+01 -2.00164020e+00], Best Fitness = 17.687818689446637, Evaluations = 4608
Generation 145: Best Solution = [-1.49965353e+01 -9.96996929e-01 -1.33356724e-03  1.29923801e+01
 -5.99676857e+00 -2.19922941e+01  1.00473788e+00  9.99242338e+00
 -1.19937971e+01 -1.99787567e+00], Best Fitness = 17.68771872732221, Evaluations = 4640
Generation 146: Best Solution = [-1.49925826e+01 -9.99599628e-01  1.22641707e-03  1.29951043e+01
 -6.00470892e+00 -2.19903120e+01  9.97586850e-01  9.99500993e+00
 -1.19940386e+01 -1.99764236e+00], Best Fitness = 17.687708493953377, Evaluations = 4672
Generation 147: Best Solution = [-1.49878505e+01 -9.99004882e-01  1.57387507e-03  1.29942238e+01
 -5.99900608e+00 -2.19891174e+01  9.98211404e-01  9.99630699e+00
 -1.19938616e+01 -1.99756410e+00], Best Fitness = 17.687654658410334, Evaluations = 4704
Generation 148: Best Solution = [-1.49914812e+01 -9.92997305e-01  8.27684642e-04  1.29943520e+01
 -5.99692146e+00 -2.19932757e+01  1.00426354e+00  9.99747806e+00
 -1.19948124e+01 -1.99994756e+00], Best Fitness = 17.68779701806589, Evaluations = 4736
Generation 149: Best Solution = [-1.49954868e+01 -1.00318665e+00 -7.49955629e-04  1.29930916e+01
 -5.99922430e+00 -2.19907053e+01  1.00115047e+00  9.99632057e+00
 -1.19913517e+01 -2.00167274e+00], Best Fitness = 17.68760724758553, Evaluations = 4768
Generation 150: Best Solution = [-1.49953356e+01 -9.98935103e-01  3.84559673e-03  1.29922264e+01
 -5.99480588e+00 -2.19917009e+01  1.00264077e+00  9.99532933e+00
 -1.19902882e+01 -1.99946762e+00], Best Fitness = 17.687718376534924, Evaluations = 4800
Generation 151: Best Solution = [-1.49971203e+01 -1.00238532e+00  2.26759697e-04  1.29980183e+01
 -5.99795583e+00 -2.19898407e+01  1.00291113e+00  9.99495003e+00
 -1.19959284e+01 -1.99905764e+00], Best Fitness = 17.687594387321223, Evaluations = 4832
Generation 152: Best Solution = [-1.49920963e+01 -9.98629672e-01 -5.11466460e-03  1.29928116e+01
 -5.99328587e+00 -2.19903200e+01  9.99968365e-01  9.99630343e+00
 -1.19924377e+01 -1.99780947e+00], Best Fitness = 17.687709015970167, Evaluations = 4864
Generation 153: Best Solution = [-1.49946685e+01 -9.99174627e-01  1.64878200e-03  1.29989301e+01
 -5.99495506e+00 -2.19899453e+01  1.00551077e+00  9.99677469e+00
 -1.19975206e+01 -2.00074632e+00], Best Fitness = 17.687754237208527, Evaluations = 4896
Generation 154: Best Solution = [-1.49906645e+01 -9.97237066e-01  3.22533891e-03  1.29968638e+01
 -5.99357397e+00 -2.19902317e+01  9.99893366e-01  9.99654365e+00
 -1.19984716e+01 -1.99928553e+00], Best Fitness = 17.687686273003916, Evaluations = 4928
Generation 155: Best Solution = [-1.49934267e+01 -9.98460599e-01 -1.06335061e-03  1.29952645e+01
 -5.99262099e+00 -2.19883564e+01  1.00047064e+00  9.99678721e+00
 -1.19928631e+01 -2.00389708e+00], Best Fitness = 17.687713741520046, Evaluations = 4960
Generation 156: Best Solution = [-1.49932300e+01 -9.98554808e-01 -6.95739296e-04  1.29968268e+01
 -5.99546811e+00 -2.19854881e+01  9.96067301e-01  9.99189762e+00
 -1.19954093e+01 -1.99836310e+00], Best Fitness = 17.687760167081937, Evaluations = 4992
Generation 157: Best Solution = [-1.49894481e+01 -1.00079228e+00  7.74539353e-03  1.29919901e+01
 -5.99720262e+00 -2.19902223e+01  9.96590080e-01  9.99854553e+00
 -1.19938227e+01 -1.99836745e+00], Best Fitness = 17.687952455361525, Evaluations = 5024
Generation 158: Best Solution = [-1.49925681e+01 -1.00074129e+00  3.08065609e-03  1.29935394e+01
 -5.99137100e+00 -2.19879182e+01  1.00040543e+00  9.99831970e+00
 -1.19944123e+01 -1.99910785e+00], Best Fitness = 17.687745321594054, Evaluations = 5056
Generation 159: Best Solution = [-1.49917823e+01 -9.96585450e-01  5.28332771e-03  1.29930571e+01
 -6.00002088e+00 -2.19916344e+01  9.96377493e-01  9.99561205e+00
 -1.19979485e+01 -2.00084648e+00], Best Fitness = 17.687751783868627, Evaluations = 5088
Generation 160: Best Solution = [-1.49913223e+01 -1.00140253e+00 -1.01251917e-03  1.29975435e+01
 -5.99767117e+00 -2.19936609e+01  1.00153685e+00  9.99739800e+00
 -1.19943886e+01 -2.00309241e+00], Best Fitness = 17.687616190869626, Evaluations = 5120
Generation 161: Best Solution = [-1.49965831e+01 -9.98307367e-01  2.40868703e-04  1.29956048e+01
 -5.99875654e+00 -2.19946448e+01  9.97641918e-01  9.99396743e+00
 -1.19935102e+01 -2.00134986e+00], Best Fitness = 17.68756868029878, Evaluations = 5152
Generation 162: Best Solution = [-1.49928904e+01 -1.00255904e+00  1.60564624e-03  1.29923677e+01
 -5.99144455e+00 -2.19892572e+01  9.98627955e-01  9.99844638e+00
 -1.19949214e+01 -1.99548928e+00], Best Fitness = 17.68780049613646, Evaluations = 5184
Generation 163: Best Solution = [-1.49944658e+01 -1.00117132e+00  1.86576349e-03  1.29998030e+01
 -5.99326000e+00 -2.19919960e+01  9.96508284e-01  9.99660067e+00
 -1.19910822e+01 -2.00059409e+00], Best Fitness = 17.687792928366687, Evaluations = 5216
Generation 164: Best Solution = [-1.49915564e+01 -1.00310700e+00 -8.75389328e-04  1.29918842e+01
 -5.99530460e+00 -2.19953529e+01  9.98319305e-01  9.99949085e+00
 -1.19937349e+01 -1.99907726e+00], Best Fitness = 17.68772083205418, Evaluations = 5248
Generation 165: Best Solution = [-1.49946334e+01 -9.96546507e-01 -3.60458916e-03  1.29946131e+01
 -5.99321330e+00 -2.19894380e+01  9.96781164e-01  9.99991805e+00
 -1.19954187e+01 -2.00049801e+00], Best Fitness = 17.687742739981335, Evaluations = 5280
Generation 166: Best Solution = [-1.49970243e+01 -1.00184169e+00  1.34636178e-03  1.29939974e+01
 -5.99377027e+00 -2.19867632e+01  9.99263995e-01  9.99399775e+00
 -1.19948385e+01 -1.99856873e+00], Best Fitness = 17.687664663551434, Evaluations = 5312
Generation 167: Best Solution = [-1.49926876e+01 -9.98911428e-01 -6.30588071e-04  1.29956388e+01
 -5.99811401e+00 -2.19930612e+01  1.00577954e+00  9.99465381e+00
 -1.19963453e+01 -1.99412955e+00], Best Fitness = 17.687763813952646, Evaluations = 5344
Generation 168: Best Solution = [-1.49945551e+01 -9.97811806e-01  5.86618246e-04  1.29936475e+01
 -5.99517948e+00 -2.19927877e+01  1.00392930e+00  9.99623941e+00
 -1.19966049e+01 -1.99740779e+00], Best Fitness = 17.68756800249647, Evaluations = 5376
Generation 169: Best Solution = [-1.49919734e+01 -1.00133151e+00  5.89144165e-03  1.29940210e+01
 -5.99630189e+00 -2.19928084e+01  9.99966387e-01  9.99768110e+00
 -1.19999537e+01 -2.00037371e+00], Best Fitness = 17.687761485969233, Evaluations = 5408
Generation 170: Best Solution = [-1.49936086e+01 -9.96639556e-01  3.71924596e-03  1.29956653e+01
 -5.99652550e+00 -2.19895446e+01  1.00342804e+00  9.99312463e+00
 -1.19959069e+01 -1.99967737e+00], Best Fitness = 17.687640370237876, Evaluations = 5440
Generation 171: Best Solution = [-1.49901678e+01 -1.00184948e+00 -6.31359383e-04  1.29938213e+01
 -6.00173883e+00 -2.19871074e+01  1.00097115e+00  9.99770965e+00
 -1.19946545e+01 -1.99530007e+00], Best Fitness = 17.687770034897312, Evaluations = 5472
Generation 172: Best Solution = [-1.49924877e+01 -9.99069501e-01  6.44415364e-04  1.29956489e+01
 -5.99731032e+00 -2.19887180e+01  9.98348941e-01  9.99248980e+00
 -1.19928031e+01 -1.99579135e+00], Best Fitness = 17.68758739196065, Evaluations = 5504
Generation 173: Best Solution = [-1.49925555e+01 -1.00323831e+00  5.26405350e-04  1.29982842e+01
 -5.99912454e+00 -2.19894858e+01  9.98644841e-01  9.99511241e+00
 -1.19947012e+01 -2.00468817e+00], Best Fitness = 17.68771558139584, Evaluations = 5536
Generation 174: Best Solution = [-1.49937927e+01 -1.00042810e+00  8.56608171e-04  1.29964973e+01
 -5.99971779e+00 -2.19897881e+01  9.93450725e-01  9.99395384e+00
 -1.19964867e+01 -2.00008120e+00], Best Fitness = 17.687662935883967, Evaluations = 5568
Generation 175: Best Solution = [-1.49916454e+01 -9.98431895e-01  2.38018084e-03  1.29964657e+01
 -5.99342032e+00 -2.19906619e+01  9.97994662e-01  9.99610108e+00
 -1.19937902e+01 -1.99859001e+00], Best Fitness = 17.687570709515747, Evaluations = 5600
Generation 176: Best Solution = [-1.49961427e+01 -9.98832718e-01  9.79886464e-04  1.29962516e+01
 -5.99714688e+00 -2.19939128e+01  9.98356416e-01  9.99430214e+00
 -1.19952287e+01 -1.99970902e+00], Best Fitness = 17.687476431650502, Evaluations = 5632
Generation 177: Best Solution = [-1.49965514e+01 -9.98325443e-01 -1.96441746e-04  1.29941644e+01
 -5.99511764e+00 -2.19935982e+01  9.98847923e-01  9.99485949e+00
 -1.19937136e+01 -2.00075469e+00], Best Fitness = 17.687511325612387, Evaluations = 5664
Generation 178: Best Solution = [-1.49943402e+01 -9.99386928e-01 -5.29378960e-03  1.29979466e+01
 -6.00061008e+00 -2.19892379e+01  9.96363955e-01  9.99623374e+00
 -1.19953741e+01 -2.00093569e+00], Best Fitness = 17.687712837916255, Evaluations = 5696
Generation 179: Best Solution = [-1.49940873e+01 -9.97727683e-01 -2.69159919e-03  1.29930383e+01
 -5.99387111e+00 -2.19894506e+01  9.94725187e-01  9.99709935e+00
 -1.19954335e+01 -2.00103443e+00], Best Fitness = 17.68768420680871, Evaluations = 5728
Generation 180: Best Solution = [-1.49964008e+01 -9.99507194e-01 -9.02658353e-04  1.29934021e+01
 -5.99766342e+00 -2.19895088e+01  1.00066073e+00  9.99898578e+00
 -1.19941695e+01 -2.00096824e+00], Best Fitness = 17.6875040005202, Evaluations = 5760
Generation 181: Best Solution = [-1.49907717e+01 -9.97504422e-01  2.61270722e-03  1.29957691e+01
 -5.99820098e+00 -2.19902087e+01  1.00435740e+00  9.99988659e+00
 -1.19963543e+01 -1.99942305e+00], Best Fitness = 17.687704682627828, Evaluations = 5792
Generation 182: Best Solution = [-1.49957036e+01 -1.00335626e+00 -4.99813537e-04  1.29961562e+01
 -5.99424871e+00 -2.19943089e+01  9.98470214e-01  9.99679679e+00
 -1.19932238e+01 -2.00168665e+00], Best Fitness = 17.68764544236265, Evaluations = 5824
Generation 183: Best Solution = [-1.49951585e+01 -9.98609796e-01  2.60342675e-04  1.29950502e+01
 -5.99745625e+00 -2.19901106e+01  9.99030021e-01  9.99881005e+00
 -1.19919079e+01 -1.99834789e+00], Best Fitness = 17.687492304559246, Evaluations = 5856
Generation 184: Best Solution = [-1.49922168e+01 -9.96593432e-01  4.13272771e-04  1.29904503e+01
 -5.99675783e+00 -2.19894888e+01  9.99332812e-01  9.99890876e+00
 -1.19920359e+01 -2.00221430e+00], Best Fitness = 17.687702031458862, Evaluations = 5888
Generation 185: Best Solution = [-1.49965302e+01 -9.98892660e-01 -5.56012109e-03  1.29925693e+01
 -6.00208991e+00 -2.19909467e+01  1.00281157e+00  9.99465596e+00
 -1.19949027e+01 -1.99670931e+00], Best Fitness = 17.68780339626961, Evaluations = 5920
Generation 186: Best Solution = [-1.49958639e+01 -1.00039017e+00 -2.62423255e-04  1.29974432e+01
 -5.99401228e+00 -2.19921566e+01  9.99280768e-01  1.00017954e+01
 -1.19990795e+01 -2.00054687e+00], Best Fitness = 17.68777119299809, Evaluations = 5952
Generation 187: Best Solution = [-1.49931497e+01 -9.97797468e-01 -3.65674107e-03  1.29945282e+01
 -5.99402310e+00 -2.19925287e+01  9.97607825e-01  9.99624764e+00
 -1.19967308e+01 -2.00254815e+00], Best Fitness = 17.687632487835618, Evaluations = 5984
Generation 188: Best Solution = [-1.49974622e+01 -1.00053154e+00  1.61685157e-04  1.29969318e+01
 -5.99675359e+00 -2.19914324e+01  1.00008472e+00  9.99758285e+00
 -1.19978890e+01 -1.99705634e+00], Best Fitness = 17.68754206094274, Evaluations = 6016
Generation 189: Best Solution = [-1.49966312e+01 -1.00397253e+00 -3.05941872e-04  1.29943442e+01
 -5.99529474e+00 -2.19919055e+01  9.97561654e-01  9.99802380e+00
 -1.19945669e+01 -2.00228439e+00], Best Fitness = 17.687636485697677, Evaluations = 6048
Generation 190: Best Solution = [-1.49945536e+01 -9.96256750e-01  7.51305368e-04  1.29934829e+01
 -5.99521347e+00 -2.19958519e+01  1.00332280e+00  9.99198896e+00
 -1.19953830e+01 -1.99856821e+00], Best Fitness = 17.6877501371687, Evaluations = 6080
Generation 191: Best Solution = [-1.49931178e+01 -9.99662651e-01 -1.80443729e-03  1.29938054e+01
 -5.99653192e+00 -2.19924183e+01  9.99422338e-01  9.99295382e+00
 -1.19925920e+01 -1.99874251e+00], Best Fitness = 17.68749523192401, Evaluations = 6112
Generation 192: Best Solution = [-1.49974994e+01 -9.96387132e-01 -9.70339534e-04  1.29974246e+01
 -5.99685049e+00 -2.19884569e+01  1.00270033e+00  9.99604875e+00
 -1.19917279e+01 -1.99713628e+00], Best Fitness = 17.687711965704526, Evaluations = 6144
Generation 193: Best Solution = [-1.49919659e+01 -9.96045890e-01 -7.44302674e-03  1.29953244e+01
 -5.99503922e+00 -2.19881983e+01  9.97903732e-01  9.99645209e+00
 -1.19972015e+01 -2.00154177e+00], Best Fitness = 17.68790593009997, Evaluations = 6176
Generation 194: Best Solution = [-1.49953969e+01 -9.98489023e-01  2.59552480e-03  1.29962069e+01
 -5.99932139e+00 -2.19909031e+01  1.00032019e+00  9.99630801e+00
 -1.19922108e+01 -1.99982607e+00], Best Fitness = 17.687500082005272, Evaluations = 6208
Generation 195: Best Solution = [-1.49943440e+01 -9.96797117e-01  2.46357160e-03  1.29890712e+01
 -6.00060263e+00 -2.19909769e+01  9.99259461e-01  9.99615886e+00
 -1.19977570e+01 -1.99949283e+00], Best Fitness = 17.687702756028084, Evaluations = 6240
Generation 196: Best Solution = [-1.49913276e+01 -9.95331449e-01 -1.48791153e-03  1.29968907e+01
 -5.99620031e+00 -2.19901801e+01  9.97793710e-01  9.99563562e+00
 -1.19950353e+01 -1.99617991e+00], Best Fitness = 17.687621313448865, Evaluations = 6272
Generation 197: Best Solution = [-1.49896230e+01 -1.00221032e+00 -6.40835731e-04  1.29927153e+01
 -6.00019969e+00 -2.19923716e+01  9.95719056e-01  9.99254847e+00
 -1.19945447e+01 -2.00142902e+00], Best Fitness = 17.68774859324299, Evaluations = 6304
Generation 198: Best Solution = [-1.49934289e+01 -9.97434571e-01  5.55825764e-03  1.29967439e+01
 -6.00101827e+00 -2.19955895e+01  9.98026997e-01  9.99877810e+00
 -1.19953362e+01 -1.99879805e+00], Best Fitness = 17.68780088847464, Evaluations = 6336
Generation 199: Best Solution = [-1.49937546e+01 -9.99626963e-01 -2.88343673e-03  1.29979407e+01
 -5.99479763e+00 -2.19908468e+01  1.00515681e+00  9.99862340e+00
 -1.19955881e+01 -1.99942075e+00], Best Fitness = 17.687710795620465, Evaluations = 6368
Generation 200: Best Solution = [-1.49943700e+01 -1.00387669e+00 -2.33696592e-03  1.29950233e+01
 -5.99766624e+00 -2.19936766e+01  9.98671362e-01  9.99493933e+00
 -1.19929027e+01 -2.00105155e+00], Best Fitness = 17.687585305789845, Evaluations = 6400
Generation 201: Best Solution = [-1.49963710e+01 -9.97307277e-01  3.90950615e-03  1.29922365e+01
 -5.99844135e+00 -2.19898686e+01  1.00225384e+00  9.99922246e+00
 -1.19969903e+01 -1.99890112e+00], Best Fitness = 17.68766654468893, Evaluations = 6432
Generation 202: Best Solution = [-1.49950952e+01 -9.96963012e-01  2.18451763e-03  1.29922054e+01
 -5.99485602e+00 -2.19872668e+01  1.00137048e+00  9.99934910e+00
 -1.19972085e+01 -1.99913847e+00], Best Fitness = 17.687693781757364, Evaluations = 6464
Generation 203: Best Solution = [-1.49966132e+01 -9.99691949e-01 -2.68208374e-03  1.29957216e+01
 -5.99611906e+00 -2.19885274e+01  1.00221875e+00  9.99295646e+00
 -1.19968681e+01 -1.99768932e+00], Best Fitness = 17.687610015359066, Evaluations = 6496
Generation 204: Best Solution = [-1.49963059e+01 -9.99930326e-01  1.56842137e-04  1.29929371e+01
 -5.99750052e+00 -2.19902792e+01  9.96889269e-01  9.99739434e+00
 -1.20010090e+01 -2.00098620e+00], Best Fitness = 17.687666861930847, Evaluations = 6528
Generation 205: Best Solution = [-1.49956665e+01 -9.97247121e-01 -9.96157859e-04  1.29963354e+01
 -5.99745646e+00 -2.19848795e+01  9.96426831e-01  9.99484224e+00
 -1.19970266e+01 -2.00095754e+00], Best Fitness = 17.68773856607352, Evaluations = 6560
Generation 206: Best Solution = [-1.49915566e+01 -9.96686846e-01 -4.30334531e-03  1.29943011e+01
 -6.00014634e+00 -2.19869642e+01  1.00112691e+00  9.99911582e+00
 -1.19934109e+01 -2.00191056e+00], Best Fitness = 17.687796624966836, Evaluations = 6592
Generation 207: Best Solution = [-1.49958765e+01 -9.98321105e-01  4.50868368e-03  1.29938806e+01
 -5.99724337e+00 -2.19891462e+01  1.00076299e+00  1.00006362e+01
 -1.19937714e+01 -2.00281845e+00], Best Fitness = 17.68773479204987, Evaluations = 6624
Generation 208: Best Solution = [-1.49943143e+01 -9.97638237e-01 -9.37935896e-05  1.29918035e+01
 -5.99720293e+00 -2.19904254e+01  9.97355237e-01  9.99503481e+00
 -1.19978459e+01 -2.00251093e+00], Best Fitness = 17.687568403776076, Evaluations = 6656
Generation 209: Best Solution = [-1.49965959e+01 -9.99272416e-01 -3.02052713e-03  1.29980436e+01
 -6.00352073e+00 -2.19908120e+01  9.97903570e-01  9.99772813e+00
 -1.19960794e+01 -1.99684219e+00], Best Fitness = 17.68776273021164, Evaluations = 6688
Generation 210: Best Solution = [-1.49915569e+01 -1.00363719e+00 -2.13296538e-03  1.29956944e+01
 -6.00078276e+00 -2.19927543e+01  1.00083750e+00  9.99650094e+00
 -1.19890604e+01 -2.00056586e+00], Best Fitness = 17.68780367370296, Evaluations = 6720
Generation 211: Best Solution = [-1.49921130e+01 -1.00133306e+00  3.75023240e-03  1.29937735e+01
 -5.99973755e+00 -2.19887833e+01  1.00327807e+00  9.99344894e+00
 -1.19930775e+01 -1.99968565e+00], Best Fitness = 17.687671463682065, Evaluations = 6752
Generation 212: Best Solution = [-1.49901455e+01 -9.96388409e-01 -1.10486256e-03  1.29956011e+01
 -5.99984401e+00 -2.19912752e+01  9.96171747e-01  9.99586465e+00
 -1.19986419e+01 -1.99813973e+00], Best Fitness = 17.68767130222785, Evaluations = 6784
Generation 213: Best Solution = [-1.49975416e+01 -9.97581652e-01  1.85616476e-03  1.29910270e+01
 -5.99992174e+00 -2.19931783e+01  1.00131826e+00  9.99582057e+00
 -1.19921311e+01 -1.99607425e+00], Best Fitness = 17.68771939115366, Evaluations = 6816
Generation 214: Best Solution = [-1.49966294e+01 -1.00169890e+00  3.28584137e-03  1.29925051e+01
 -5.99933873e+00 -2.19908094e+01  1.00024235e+00  9.99298632e+00
 -1.19940922e+01 -2.00208745e+00], Best Fitness = 17.687632744772372, Evaluations = 6848
Generation 215: Best Solution = [-1.49929159e+01 -9.98234837e-01  1.04164742e-03  1.29929434e+01
 -5.99641837e+00 -2.19861698e+01  9.98382893e-01  9.99552076e+00
 -1.19912398e+01 -1.99901058e+00], Best Fitness = 17.687643211119234, Evaluations = 6880
Generation 216: Best Solution = [-1.49940204e+01 -1.00150584e+00  1.95817241e-03  1.29922488e+01
 -5.99942127e+00 -2.19906802e+01  1.00151333e+00  9.99571464e+00
 -1.19975485e+01 -1.99664454e+00], Best Fitness = 17.687545471231243, Evaluations = 6912
Generation 217: Best Solution = [-1.49933503e+01 -1.00258406e+00  5.12020383e-04  1.29969420e+01
 -5.99952105e+00 -2.19943537e+01  9.99597765e-01  9.99625529e+00
 -1.19928892e+01 -2.00044891e+00], Best Fitness = 17.687553041568293, Evaluations = 6944
Generation 218: Best Solution = [-1.49973909e+01 -1.00083479e+00 -8.60190670e-04  1.29937784e+01
 -5.99593439e+00 -2.19950550e+01  9.99168429e-01  9.99768141e+00
 -1.19953503e+01 -1.99475285e+00], Best Fitness = 17.68766280990364, Evaluations = 6976
Generation 219: Best Solution = [-1.49995473e+01 -9.99419105e-01  2.72653335e-03  1.29921227e+01
 -5.99934647e+00 -2.19959844e+01  1.00022766e+00  9.99662820e+00
 -1.19942510e+01 -1.99894802e+00], Best Fitness = 17.68775839183096, Evaluations = 7008
Generation 220: Best Solution = [-1.49924770e+01 -1.00448693e+00  2.63016272e-03  1.29983832e+01
 -5.99801999e+00 -2.19891418e+01  9.98949380e-01  9.99666142e+00
 -1.19945196e+01 -2.00226696e+00], Best Fitness = 17.687694260734425, Evaluations = 7040
Generation 221: Best Solution = [-1.49975061e+01 -9.99253388e-01 -6.97791646e-04  1.29943476e+01
 -5.99432073e+00 -2.19877078e+01  9.95275958e-01  9.99996307e+00
 -1.19938655e+01 -1.99945648e+00], Best Fitness = 17.687754237986447, Evaluations = 7072
Generation 222: Best Solution = [-1.49964694e+01 -9.98298860e-01 -3.03601874e-03  1.29936523e+01
 -5.99873609e+00 -2.19892572e+01  9.94473650e-01  9.99844982e+00
 -1.19960559e+01 -2.00044878e+00], Best Fitness = 17.687677421332275, Evaluations = 7104
Generation 223: Best Solution = [-1.49956351e+01 -1.00236991e+00 -7.81042551e-04  1.29922306e+01
 -5.99858678e+00 -2.19924892e+01  1.00286479e+00  9.99824397e+00
 -1.19965347e+01 -1.99719246e+00], Best Fitness = 17.687590195058654, Evaluations = 7136
Generation 224: Best Solution = [-1.49958824e+01 -9.99637702e-01 -1.77345810e-03  1.29950456e+01
 -5.99697085e+00 -2.19892243e+01  1.00049464e+00  9.99468031e+00
 -1.19948792e+01 -1.99392506e+00], Best Fitness = 17.68758925958786, Evaluations = 7168
Generation 225: Best Solution = [-1.49935323e+01 -9.98255726e-01  1.48619472e-04  1.29918518e+01
 -5.99962285e+00 -2.19914111e+01  9.96908758e-01  9.99560749e+00
 -1.19915233e+01 -2.00088943e+00], Best Fitness = 17.68757386641234, Evaluations = 7200
Generation 226: Best Solution = [-1.49948830e+01 -9.96676751e-01 -5.35621118e-03  1.29960251e+01
 -5.99893088e+00 -2.19910479e+01  9.98189649e-01  9.99674499e+00
 -1.19942541e+01 -1.99557827e+00], Best Fitness = 17.68767700521252, Evaluations = 7232
Generation 227: Best Solution = [-1.49958783e+01 -9.99017813e-01 -2.18103354e-03  1.29948035e+01
 -5.99812039e+00 -2.19946610e+01  9.97368681e-01  9.99412101e+00
 -1.19929365e+01 -1.99824822e+00], Best Fitness = 17.687556514805028, Evaluations = 7264
Generation 228: Best Solution = [-1.49911791e+01 -9.99125380e-01  6.76525040e-04  1.29942369e+01
 -5.99838175e+00 -2.19929299e+01  1.00102183e+00  1.00006800e+01
 -1.19938170e+01 -2.00037957e+00], Best Fitness = 17.68757997840466, Evaluations = 7296
Generation 229: Best Solution = [-1.49974541e+01 -1.00210989e+00 -4.30473656e-03  1.29931593e+01
 -5.99853762e+00 -2.19912914e+01  1.00210823e+00  9.99489965e+00
 -1.19958652e+01 -1.99503482e+00], Best Fitness = 17.68771866082824, Evaluations = 7328
Generation 230: Best Solution = [-1.49959127e+01 -1.00111489e+00  1.77119033e-03  1.29981345e+01
 -5.99667937e+00 -2.19935009e+01  1.00117302e+00  9.99286386e+00
 -1.19926636e+01 -1.99897173e+00], Best Fitness = 17.687608709035594, Evaluations = 7360
Generation 231: Best Solution = [-1.49939998e+01 -1.00321772e+00 -1.79725186e-03  1.29935129e+01
 -6.00161317e+00 -2.19921701e+01  1.00110188e+00  9.99525228e+00
 -1.19927522e+01 -2.00278373e+00], Best Fitness = 17.68767061578692, Evaluations = 7392
Generation 232: Best Solution = [-1.49916631e+01 -9.98281343e-01 -2.34252511e-03  1.29968699e+01
 -5.99779964e+00 -2.19871718e+01  9.97732503e-01  9.99198180e+00
 -1.19938090e+01 -2.00180166e+00], Best Fitness = 17.687696471379184, Evaluations = 7424
Generation 233: Best Solution = [-1.49915381e+01 -9.93425498e-01  3.49305778e-04  1.29922188e+01
 -5.99956359e+00 -2.19937875e+01  1.00215056e+00  9.99757430e+00
 -1.19933779e+01 -1.99926471e+00], Best Fitness = 17.687762625047, Evaluations = 7456
Generation 234: Best Solution = [-1.49927830e+01 -9.96606380e-01  2.30245984e-05  1.29967139e+01
 -5.99713635e+00 -2.19855168e+01  9.96979575e-01  9.99970092e+00
 -1.19997685e+01 -2.00023528e+00], Best Fitness = 17.687844131078286, Evaluations = 7488
Generation 235: Best Solution = [-1.49952104e+01 -1.00175443e+00  2.82693713e-03  1.29941703e+01
 -6.00409878e+00 -2.19929166e+01  1.00358155e+00  9.99810365e+00
 -1.19939600e+01 -1.99603079e+00], Best Fitness = 17.687857544694047, Evaluations = 7520
Generation 236: Best Solution = [-1.49995312e+01 -1.00216477e+00 -2.13752327e-03  1.29920830e+01
 -5.99620028e+00 -2.19953362e+01  9.96161859e-01  9.99843012e+00
 -1.19955874e+01 -1.99931704e+00], Best Fitness = 17.687828056891554, Evaluations = 7552
Generation 237: Best Solution = [-1.49921217e+01 -1.00348452e+00  3.04072971e-03  1.29958228e+01
 -5.99650097e+00 -2.19858664e+01  9.97166238e-01  9.99868587e+00
 -1.19980525e+01 -1.99685804e+00], Best Fitness = 17.68782378630777, Evaluations = 7584
Generation 238: Best Solution = [-1.49916326e+01 -1.00093142e+00  1.46876128e-03  1.29932863e+01
 -6.00179034e+00 -2.19918667e+01  1.00126443e+00  9.99570949e+00
 -1.19975793e+01 -1.99988916e+00], Best Fitness = 17.687574793623323, Evaluations = 7616
Generation 239: Best Solution = [-1.49982596e+01 -1.00627542e+00  1.67361976e-03  1.29964419e+01
 -5.99691476e+00 -2.19898688e+01  1.00010903e+00  9.99447332e+00
 -1.19975470e+01 -2.00018562e+00], Best Fitness = 17.687792973073808, Evaluations = 7648
Generation 240: Best Solution = [-1.49980038e+01 -9.95556989e-01 -2.06070288e-03  1.29910708e+01
 -5.99934430e+00 -2.19927763e+01  9.97079696e-01  9.99848820e+00
 -1.19953152e+01 -1.99831419e+00], Best Fitness = 17.687738750888396, Evaluations = 7680
Generation 241: Best Solution = [-1.49937373e+01 -1.00358444e+00  1.17343650e-03  1.29923882e+01
 -5.99648412e+00 -2.19952586e+01  9.97887506e-01  9.99806245e+00
 -1.19931449e+01 -1.99983390e+00], Best Fitness = 17.687649090309723, Evaluations = 7712
Generation 242: Best Solution = [-1.49924861e+01 -1.00302939e+00 -2.40950405e-03  1.29952464e+01
 -5.99635795e+00 -2.19884102e+01  9.99906494e-01  9.99531375e+00
 -1.19942575e+01 -1.99559913e+00], Best Fitness = 17.687601413848988, Evaluations = 7744
Generation 243: Best Solution = [-1.49958213e+01 -1.00150534e+00 -8.65231193e-04  1.29945069e+01
 -5.99489164e+00 -2.19918584e+01  9.98530698e-01  9.99763700e+00
 -1.19920426e+01 -1.99665519e+00], Best Fitness = 17.687558749627506, Evaluations = 7776
Generation 244: Best Solution = [-1.49940109e+01 -9.98144031e-01  1.94055617e-03  1.29934075e+01
 -5.99450289e+00 -2.19953316e+01  9.95701622e-01  1.00014801e+01
 -1.19951800e+01 -2.00387829e+00], Best Fitness = 17.68791151254936, Evaluations = 7808
Generation 245: Best Solution = [-1.49970061e+01 -1.00150026e+00 -5.33057359e-03  1.29989773e+01
 -5.99877032e+00 -2.19931901e+01  1.00048162e+00  9.99413739e+00
 -1.19974957e+01 -1.99803562e+00], Best Fitness = 17.687767080246225, Evaluations = 7840
Generation 246: Best Solution = [-1.49946207e+01 -1.00005982e+00 -2.47734953e-03  1.29931233e+01
 -5.99432255e+00 -2.19927028e+01  9.99201606e-01  9.99579397e+00
 -1.20008783e+01 -2.00214582e+00], Best Fitness = 17.68770805447172, Evaluations = 7872
Generation 247: Best Solution = [-1.49970217e+01 -1.00003263e+00 -2.84212899e-03  1.29937272e+01
 -5.99531533e+00 -2.19907596e+01  1.00108361e+00  9.99507563e+00
 -1.19931102e+01 -1.99680565e+00], Best Fitness = 17.68756570763531, Evaluations = 7904
Generation 248: Best Solution = [-1.49939162e+01 -1.00129211e+00 -3.63842914e-03  1.29931280e+01
 -5.99431726e+00 -2.19905872e+01  9.98841084e-01  9.99505592e+00
 -1.19986224e+01 -2.00194391e+00], Best Fitness = 17.687638908271317, Evaluations = 7936
Generation 249: Best Solution = [-1.49946459e+01 -9.98499864e-01 -2.27994030e-03  1.29910922e+01
 -5.99686391e+00 -2.19864916e+01  9.98290534e-01  9.99238601e+00
 -1.19984685e+01 -2.00049502e+00], Best Fitness = 17.687743816443852, Evaluations = 7968
Generation 250: Best Solution = [-1.49925376e+01 -9.94847186e-01 -3.52571483e-03  1.29929888e+01
 -5.99636142e+00 -2.19919972e+01  9.98716491e-01  9.99723953e+00
 -1.19932421e+01 -2.00166220e+00], Best Fitness = 17.687660708646202, Evaluations = 8000
Generation 251: Best Solution = [-1.49957443e+01 -1.00210258e+00  2.25822174e-03  1.29956205e+01
 -6.00041219e+00 -2.19892314e+01  9.97445862e-01  9.99686222e+00
 -1.19909387e+01 -1.99946484e+00], Best Fitness = 17.68763723204288, Evaluations = 8032
Generation 252: Best Solution = [-1.49985745e+01 -9.98071616e-01  5.08483951e-03  1.29925316e+01
 -6.00077184e+00 -2.19934916e+01  9.99926768e-01  9.99587440e+00
 -1.19953803e+01 -1.99694945e+00], Best Fitness = 17.68776768653313, Evaluations = 8064
Generation 253: Best Solution = [-1.49955427e+01 -9.98328772e-01 -2.25367753e-03  1.29957235e+01
 -6.00099378e+00 -2.19903023e+01  9.96238524e-01  9.99952747e+00
 -1.19980390e+01 -2.00036244e+00], Best Fitness = 17.687663580528262, Evaluations = 8096
Generation 254: Best Solution = [-1.49987785e+01 -9.99636260e-01  1.75078887e-04  1.29955708e+01
 -5.99902103e+00 -2.19911911e+01  1.00115922e+00  9.99601819e+00
 -1.19973855e+01 -2.00205273e+00], Best Fitness = 17.687585319910745, Evaluations = 8128
Generation 255: Best Solution = [-1.49949781e+01 -9.99396026e-01  5.21658368e-04  1.29935167e+01
 -5.99578719e+00 -2.19920543e+01  1.00060773e+00  9.99111898e+00
 -1.19947561e+01 -1.99510369e+00], Best Fitness = 17.687628116351988, Evaluations = 8160
Generation 256: Best Solution = [-1.49895147e+01 -1.00532559e+00  7.35592486e-04  1.29932243e+01
 -6.00014603e+00 -2.19925696e+01  9.99775496e-01  9.99749789e+00
 -1.19952312e+01 -1.99672997e+00], Best Fitness = 17.687756282503646, Evaluations = 8192
Generation 257: Best Solution = [-1.49869492e+01 -1.00317480e+00  2.08577195e-03  1.29964166e+01
 -5.99794104e+00 -2.19944236e+01  1.00136495e+00  9.99641755e+00
 -1.19929665e+01 -1.99877720e+00], Best Fitness = 17.687840596701616, Evaluations = 8224
Generation 258: Best Solution = [-1.49940951e+01 -9.95794501e-01  2.12387780e-04  1.29938980e+01
 -5.99917087e+00 -2.19921168e+01  1.00023493e+00  9.99397547e+00
 -1.19943907e+01 -2.00049551e+00], Best Fitness = 17.687503380472567, Evaluations = 8256
Generation 259: Best Solution = [-1.49946581e+01 -9.97529842e-01  1.35252722e-03  1.29945737e+01
 -5.99899466e+00 -2.19905611e+01  9.94953231e-01  9.99355707e+00
 -1.19949843e+01 -2.00133806e+00], Best Fitness = 17.68758724266171, Evaluations = 8288
Generation 260: Best Solution = [-1.49957138e+01 -9.98739976e-01  3.11502267e-04  1.29920247e+01
 -5.99942082e+00 -2.19884603e+01  1.00230559e+00  9.99709843e+00
 -1.19920467e+01 -2.00154696e+00], Best Fitness = 17.687614640634344, Evaluations = 8320
Generation 261: Best Solution = [-1.49953041e+01 -1.00043851e+00  1.45909038e-03  1.29910242e+01
 -6.00055502e+00 -2.19911933e+01  9.99493300e-01  9.99542049e+00
 -1.19903247e+01 -2.00207784e+00], Best Fitness = 17.687687904698283, Evaluations = 8352
Generation 262: Best Solution = [-1.49942928e+01 -1.00065253e+00 -4.59775540e-03  1.29919480e+01
 -5.99880501e+00 -2.19898978e+01  9.98259336e-01  9.99171045e+00
 -1.19959147e+01 -1.99912071e+00], Best Fitness = 17.687657935038487, Evaluations = 8384
Generation 263: Best Solution = [-1.49940086e+01 -9.97985607e-01  1.94760724e-04  1.29934034e+01
 -6.00073684e+00 -2.19908195e+01  9.98568283e-01  9.99569915e+00
 -1.19927606e+01 -1.99814807e+00], Best Fitness = 17.68748885416788, Evaluations = 8416
Generation 264: Best Solution = [-1.49938803e+01 -9.97641429e-01  2.74433907e-04  1.29936269e+01
 -6.00164656e+00 -2.19899863e+01  9.97487068e-01  9.99603515e+00
 -1.19915416e+01 -1.99852140e+00], Best Fitness = 17.68758893351722, Evaluations = 8448
Generation 265: Best Solution = [-1.49949878e+01 -9.98040551e-01  1.87175436e-03  1.29927787e+01
 -5.99223064e+00 -2.19869294e+01  9.96623864e-01  9.99923922e+00
 -1.19908212e+01 -1.99787494e+00], Best Fitness = 17.68789356525093, Evaluations = 8480
Generation 266: Best Solution = [-1.49945240e+01 -1.00277969e+00  5.16192186e-03  1.29962111e+01
 -5.99753574e+00 -2.19901409e+01  9.99257932e-01  9.99885857e+00
 -1.19914931e+01 -1.99757804e+00], Best Fitness = 17.68771418769735, Evaluations = 8512
Generation 267: Best Solution = [-1.49934776e+01 -9.93675025e-01 -2.69644619e-05  1.29953857e+01
 -5.99571760e+00 -2.19924861e+01  9.97174379e-01  9.99635928e+00
 -1.19941218e+01 -1.99478245e+00], Best Fitness = 17.6877293359892, Evaluations = 8544
Generation 268: Best Solution = [-1.49931123e+01 -1.00364171e+00  3.96716389e-04  1.29915221e+01
 -5.99982232e+00 -2.19905651e+01  9.98481160e-01  1.00017295e+01
 -1.19983530e+01 -1.99910127e+00], Best Fitness = 17.68778165894105, Evaluations = 8576
Generation 269: Best Solution = [-1.49860744e+01 -9.99494238e-01  1.66566071e-03  1.29911573e+01
 -5.99923577e+00 -2.19907757e+01  1.00012173e+00  9.99531199e+00
 -1.19922345e+01 -1.99926383e+00], Best Fitness = 17.68785532318603, Evaluations = 8608
Generation 270: Best Solution = [-1.49901529e+01 -1.00444354e+00  1.58729395e-04  1.29953742e+01
 -5.99809835e+00 -2.19910723e+01  1.00027565e+00  9.99847193e+00
 -1.19932727e+01 -2.00195520e+00], Best Fitness = 17.687670955753468, Evaluations = 8640
Generation 271: Best Solution = [-1.49973658e+01 -1.00288156e+00  1.92377684e-03  1.29961271e+01
 -5.99424027e+00 -2.19895267e+01  9.96635694e-01  9.99176443e+00
 -1.19955891e+01 -1.99524637e+00], Best Fitness = 17.68781796461468, Evaluations = 8672
Generation 272: Best Solution = [-1.49976678e+01 -9.99782783e-01  1.90183488e-03  1.29954855e+01
 -6.00173439e+00 -2.19894198e+01  1.00372403e+00  9.99394263e+00
 -1.19953262e+01 -1.99634326e+00], Best Fitness = 17.687727259629327, Evaluations = 8704
Generation 273: Best Solution = [-1.49977823e+01 -1.00133963e+00  4.00345912e-03  1.29962071e+01
 -5.99924824e+00 -2.19912988e+01  9.97900070e-01  9.99397031e+00
 -1.19941133e+01 -2.00168025e+00], Best Fitness = 17.68764765299308, Evaluations = 8736
Generation 274: Best Solution = [-1.49998359e+01 -9.98756045e-01 -2.48139334e-03  1.29898899e+01
 -5.99927830e+00 -2.19891868e+01  1.00018348e+00  9.99267371e+00
 -1.19947917e+01 -1.99577757e+00], Best Fitness = 17.687877006972435, Evaluations = 8768
Generation 275: Best Solution = [-1.49936709e+01 -9.98426926e-01 -5.42329828e-03  1.29935605e+01
 -5.99845072e+00 -2.19886083e+01  9.99389199e-01  9.99147464e+00
 -1.19924929e+01 -1.99669792e+00], Best Fitness = 17.68776317326363, Evaluations = 8800
Generation 276: Best Solution = [-1.49914403e+01 -1.00425644e+00  3.35150014e-04  1.29931143e+01
 -5.99465315e+00 -2.19884743e+01  9.99764648e-01  9.99236870e+00
 -1.19926987e+01 -1.99712047e+00], Best Fitness = 17.68774753235302, Evaluations = 8832
Generation 277: Best Solution = [-1.49919420e+01 -9.98188385e-01  6.39225866e-05  1.29944833e+01
 -5.99530515e+00 -2.19899174e+01  1.00027498e+00  9.99367334e+00
 -1.19921996e+01 -1.99520414e+00], Best Fitness = 17.6876029237127, Evaluations = 8864
Generation 278: Best Solution = [-1.49957603e+01 -1.00063957e+00  1.07705235e-03  1.29989131e+01
 -5.99492752e+00 -2.19930404e+01  1.00237633e+00  9.99647198e+00
 -1.19953293e+01 -2.00293059e+00], Best Fitness = 17.687659564987538, Evaluations = 8896
Generation 279: Best Solution = [-1.49964870e+01 -1.00000525e+00  3.60776383e-03  1.29986774e+01
 -5.99478181e+00 -2.19907646e+01  9.99844428e-01  9.99730089e+00
 -1.19974537e+01 -2.00083480e+00], Best Fitness = 17.68764551289149, Evaluations = 8928
Generation 280: Best Solution = [-1.49966954e+01 -9.99532223e-01  9.20823316e-04  1.29962119e+01
 -5.99950101e+00 -2.19891913e+01  1.00355305e+00  9.99796380e+00
 -1.19964470e+01 -2.00159534e+00], Best Fitness = 17.687605283026045, Evaluations = 8960
Generation 281: Best Solution = [-1.49944191e+01 -9.99947371e-01  1.13829424e-03  1.29935079e+01
 -5.99846944e+00 -2.19911156e+01  1.00048931e+00  1.00015079e+01
 -1.19967887e+01 -1.99741934e+00], Best Fitness = 17.687585596121618, Evaluations = 8992
Generation 282: Best Solution = [-1.49949086e+01 -1.00066648e+00  2.55237542e-03  1.30002052e+01
 -5.99605100e+00 -2.19898102e+01  9.94550954e-01  9.99834213e+00
 -1.19973099e+01 -1.99919028e+00], Best Fitness = 17.687781894111755, Evaluations = 9024
Generation 283: Best Solution = [-1.49919647e+01 -1.00297529e+00  1.73868069e-03  1.29933809e+01
 -5.99894614e+00 -2.19866985e+01  9.95189155e-01  1.00006638e+01
 -1.19937481e+01 -1.99811294e+00], Best Fitness = 17.687833627549512, Evaluations = 9056
Generation 284: Best Solution = [-1.49947345e+01 -9.96234428e-01 -1.37360600e-03  1.29973045e+01
 -5.99690754e+00 -2.19905920e+01  9.96571584e-01  9.99546284e+00
 -1.19930835e+01 -1.99839324e+00], Best Fitness = 17.687556840865586, Evaluations = 9088
Generation 285: Best Solution = [-1.49975017e+01 -1.00052424e+00 -2.86149319e-04  1.29932958e+01
 -5.99410045e+00 -2.19907095e+01  9.97465513e-01  9.99752597e+00
 -1.19910424e+01 -1.99791987e+00], Best Fitness = 17.68765491466167, Evaluations = 9120
Generation 286: Best Solution = [-1.49956740e+01 -9.99200894e-01 -2.27608923e-03  1.29943100e+01
 -6.00046093e+00 -2.19885424e+01  9.98698054e-01  9.99388056e+00
 -1.19990115e+01 -1.99820841e+00], Best Fitness = 17.68760486288239, Evaluations = 9152
Generation 287: Best Solution = [-1.49918484e+01 -9.97705469e-01 -1.08655148e-03  1.29956670e+01
 -5.99702744e+00 -2.19894067e+01  1.00247025e+00  9.99566436e+00
 -1.19957705e+01 -2.00317521e+00], Best Fitness = 17.68757130249563, Evaluations = 9184
Generation 288: Best Solution = [-1.49954165e+01 -1.00168040e+00 -4.53216482e-03  1.29972533e+01
 -5.99586050e+00 -2.19937768e+01  9.99684682e-01  9.99448776e+00
 -1.19991721e+01 -2.00015591e+00], Best Fitness = 17.687696510567264, Evaluations = 9216
Generation 289: Best Solution = [-1.49942212e+01 -1.00286617e+00  1.04024246e-03  1.29952093e+01
 -5.99891558e+00 -2.19927955e+01  9.97966226e-01  9.99456268e+00
 -1.19972620e+01 -2.00054669e+00], Best Fitness = 17.687511586025423, Evaluations = 9248
Generation 290: Best Solution = [-1.49944835e+01 -9.98891851e-01 -1.03543651e-03  1.29982325e+01
 -5.99940838e+00 -2.19942441e+01  9.97772929e-01  1.00017507e+01
 -1.19939037e+01 -1.99895973e+00], Best Fitness = 17.687711017088603, Evaluations = 9280
Generation 291: Best Solution = [-1.49904326e+01 -1.00053700e+00  2.77310308e-03  1.29979226e+01
 -5.99875714e+00 -2.19906913e+01  9.98535526e-01  9.99613689e+00
 -1.19995517e+01 -1.99842872e+00], Best Fitness = 17.687652505631288, Evaluations = 9312
Generation 292: Best Solution = [-1.49976157e+01 -1.00268302e+00  4.28272962e-04  1.29980998e+01
 -5.99799164e+00 -2.19918072e+01  9.99778108e-01  9.99575118e+00
 -1.19966140e+01 -1.99828778e+00], Best Fitness = 17.68756532417198, Evaluations = 9344
Generation 293: Best Solution = [-1.49927379e+01 -1.00283062e+00  1.46811281e-03  1.29947695e+01
 -5.99299043e+00 -2.19912681e+01  1.00153972e+00  9.99539519e+00
 -1.19945905e+01 -2.00259227e+00], Best Fitness = 17.68764259397392, Evaluations = 9376
Generation 294: Best Solution = [-1.49927489e+01 -9.98330535e-01  1.39240205e-03  1.29925080e+01
 -5.99926600e+00 -2.19971286e+01  1.00027279e+00  1.00000757e+01
 -1.19956103e+01 -1.99926109e+00], Best Fitness = 17.687717834882463, Evaluations = 9408
Generation 295: Best Solution = [-1.49948055e+01 -9.99772945e-01  3.51242299e-03  1.30002683e+01
 -5.99657422e+00 -2.19948784e+01  1.00040722e+00  9.99607743e+00
 -1.19958641e+01 -1.99938420e+00], Best Fitness = 17.687680776324758, Evaluations = 9440
Generation 296: Best Solution = [-1.49925073e+01 -1.00239710e+00  1.76203808e-03  1.29915590e+01
 -5.99849895e+00 -2.19885761e+01  1.00040525e+00  9.99579194e+00
 -1.19959068e+01 -1.99898793e+00], Best Fitness = 17.687541227647483, Evaluations = 9472
Generation 297: Best Solution = [-1.49954697e+01 -1.00218060e+00  1.46065575e-03  1.29948977e+01
 -5.99926725e+00 -2.19901584e+01  1.00040965e+00  9.99292652e+00
 -1.19961498e+01 -1.99954118e+00], Best Fitness = 17.687505735637657, Evaluations = 9504
Generation 298: Best Solution = [-1.49925935e+01 -1.00134455e+00  1.29192256e-03  1.29971339e+01
 -5.99684249e+00 -2.19932441e+01  9.98173475e-01  9.99275672e+00
 -1.19910585e+01 -2.00197451e+00], Best Fitness = 17.68765783152248, Evaluations = 9536
Generation 299: Best Solution = [-1.49963590e+01 -9.98126491e-01 -4.10872473e-04  1.29951561e+01
 -5.99823378e+00 -2.19957254e+01  9.98352243e-01  9.99428407e+00
 -1.19918008e+01 -1.99700751e+00], Best Fitness = 17.687633509941737, Evaluations = 9568
Generation 300: Best Solution = [-1.49923042e+01 -9.97194080e-01  6.09092332e-04  1.29942937e+01
 -5.99946056e+00 -2.19966067e+01  9.98229259e-01  9.99535455e+00
 -1.19951880e+01 -1.99727533e+00], Best Fitness = 17.687623901769435, Evaluations = 9600
Generation 301: Best Solution = [-1.49971542e+01 -1.00399026e+00  1.98537500e-03  1.29912530e+01
 -5.99756925e+00 -2.19896517e+01  9.95656281e-01  9.99315221e+00
 -1.19933233e+01 -1.99527676e+00], Best Fitness = 17.687853123627775, Evaluations = 9632
Generation 302: Best Solution = [-1.49903870e+01 -1.00275505e+00  6.83656079e-04  1.29923874e+01
 -5.99886409e+00 -2.19965890e+01  9.97223177e-01  9.99805653e+00
 -1.19930857e+01 -1.99852339e+00], Best Fitness = 17.68776743974922, Evaluations = 9664
Generation 303: Best Solution = [-1.49971156e+01 -1.00338284e+00  3.67849269e-03  1.29965541e+01
 -5.99592934e+00 -2.19938640e+01  9.97746547e-01  9.99372870e+00
 -1.19919503e+01 -1.99518993e+00], Best Fitness = 17.687826566941315, Evaluations = 9696
Generation 304: Best Solution = [-1.49980762e+01 -1.00192852e+00  8.48216575e-04  1.29923533e+01
 -5.99769194e+00 -2.19893028e+01  9.99118352e-01  9.99491736e+00
 -1.19917864e+01 -1.99754453e+00], Best Fitness = 17.68762476008742, Evaluations = 9728
Generation 305: Best Solution = [-1.49921761e+01 -9.97098365e-01 -4.74482380e-03  1.29940004e+01
 -5.99128270e+00 -2.19925527e+01  9.98095404e-01  9.99622920e+00
 -1.19946234e+01 -2.00063420e+00], Best Fitness = 17.687791348896305, Evaluations = 9760
Generation 306: Best Solution = [-1.49928983e+01 -9.97231057e-01  8.84040353e-04  1.29914577e+01
 -5.99903563e+00 -2.19883803e+01  9.95930457e-01  9.99408900e+00
 -1.19982432e+01 -2.00254337e+00], Best Fitness = 17.687722285492296, Evaluations = 9792
Generation 307: Best Solution = [-1.49936969e+01 -9.95973995e-01  2.46450834e-03  1.29920114e+01
 -5.99756188e+00 -2.19947823e+01  9.95400218e-01  9.99437479e+00
 -1.19948126e+01 -1.99834133e+00], Best Fitness = 17.687694350058088, Evaluations = 9824
Generation 308: Best Solution = [-1.49933170e+01 -9.98794118e-01 -9.47208563e-04  1.29970767e+01
 -6.00054174e+00 -2.19894674e+01  9.98499071e-01  9.99596905e+00
 -1.19956290e+01 -2.00353351e+00], Best Fitness = 17.68757586011363, Evaluations = 9856
Generation 309: Best Solution = [-1.49927484e+01 -9.98456493e-01 -2.37265683e-04  1.29940394e+01
 -5.99817606e+00 -2.19941680e+01  9.98911806e-01  9.99682818e+00
 -1.19948784e+01 -2.00024645e+00], Best Fitness = 17.687447052009805, Evaluations = 9888
Generation 310: Best Solution = [-1.49935606e+01 -1.00053671e+00 -8.43779295e-04  1.29936598e+01
 -5.99758845e+00 -2.19903068e+01  1.00266858e+00  9.99138199e+00
 -1.19981375e+01 -1.99815260e+00], Best Fitness = 17.687604436403046, Evaluations = 9920
Generation 311: Best Solution = [-1.49939233e+01 -9.96947699e-01  1.23828319e-04  1.29927487e+01
 -5.99777089e+00 -2.19898992e+01  1.00196855e+00  9.99385750e+00
 -1.19936092e+01 -2.00448957e+00], Best Fitness = 17.687654587751474, Evaluations = 9952
Generation 312: Best Solution = [-1.49952307e+01 -1.00225570e+00 -1.75174676e-03  1.29949135e+01
 -5.99890081e+00 -2.19923782e+01  9.95233181e-01  9.99156073e+00
 -1.19954776e+01 -2.00406519e+00], Best Fitness = 17.6877810034284, Evaluations = 9984
Generation 313: Best Solution = [-1.49949332e+01 -9.98161348e-01 -1.70612522e-03  1.29947204e+01
 -5.99871452e+00 -2.19949424e+01  9.98336344e-01  9.99779489e+00
 -1.19941721e+01 -1.99578963e+00], Best Fitness = 17.687573588278845, Evaluations = 10016
