Algorithm: Cross-Entropy Method
Objective Function: Rastrigin
Dimension: 10
Population Size: 128
Max Evaluations: 10000

Generation 1: Best Solution = [-0.76443659 -0.0236848   0.95489395  2.07417454 -0.9888714   5.0578132
  2.76229607 -4.53151932  2.18244634  2.01106123], Best Fitness = 115.61641558509072, Evaluations = 128
Generation 2: Best Solution = [ 0.5777012   0.83594673 -4.13636969 -2.38061683 -3.03161389 -2.07002134
  1.82376526 -0.02205109  2.00955474 -1.0117647 ], Best Fitness = 96.95118469098834, Evaluations = 256
Generation 3: Best Solution = [ 0.01983518  2.11077012 -2.1485029  -0.12988764 -3.11041747  1.15156218
  0.18169767 -1.64728307  2.28894859  0.80461588], Best Fitness = 85.7474828547447, Evaluations = 384
Generation 4: Best Solution = [-1.90576388  0.99348277 -2.2414045   0.63254489 -3.32271951  2.01257863
  0.91474735 -1.90148714  2.06626172  0.88436013], Best Fitness = 83.6154456708456, Evaluations = 512
Generation 5: Best Solution = [-1.87154782  0.53449038 -2.90606842 -1.86732829 -3.11365293 -0.95208032
  2.95024529  1.0119276   1.02653825  1.04323889], Best Fitness = 69.92272586713207, Evaluations = 640
Generation 6: Best Solution = [-0.82011576  0.86335235 -2.93226863  0.07752462 -2.9739841   1.79943285
  1.35302351 -0.67435402  0.8962744  -0.18486713], Best Fitness = 82.23720653661775, Evaluations = 768
Generation 7: Best Solution = [-0.98051626  0.90696186 -2.83607278 -0.0250899  -3.09027628  1.18039853
  0.90817795  0.14984006  0.08078304  1.29445651], Best Fitness = 57.09291618951234, Evaluations = 896
Generation 8: Best Solution = [-0.11973506  2.68690301 -2.01978851  0.56221161 -2.09431202  1.06002341
  0.84306079 -0.06674712  1.02271778 -0.93502025], Best Fitness = 64.33628571434936, Evaluations = 1024
Generation 9: Best Solution = [-0.92453707  1.82398095 -2.12926541 -1.1889921  -1.83264547  1.07887268
  1.0125337  -1.32331638  1.94582353  0.89565243], Best Fitness = 61.38191447533571, Evaluations = 1152
Generation 10: Best Solution = [-1.12843768  0.93842193 -2.07400574 -0.08602286 -3.04897961  1.2304546
  0.93119043 -0.23722528  0.31626944  1.11965528], Best Fitness = 61.96318712607862, Evaluations = 1280
Generation 11: Best Solution = [-9.63925081e-01  9.72210097e-01 -2.93392394e+00  1.04055794e-03
 -2.79133786e+00  1.08893582e+00  8.55770783e-01 -5.62573745e-01
  8.98475269e-01  2.93612594e-01], Best Fitness = 69.35468741654594, Evaluations = 1408
Generation 12: Best Solution = [-0.12412413  1.89881368 -2.21095662 -0.14678146 -2.02609341  0.33522644
  1.10525734 -1.15271325  0.97164066  1.29074479], Best Fitness = 68.5803352519155, Evaluations = 1536
Generation 13: Best Solution = [-0.95090064  1.71589735 -2.11971041 -0.00431464 -2.87381115  0.81143866
  1.90999655 -0.12498226  0.92520884  0.60442189], Best Fitness = 70.15352850988297, Evaluations = 1664
Generation 14: Best Solution = [-0.88667662  1.81224568 -1.99810595 -0.1195749  -2.51179257  1.01484763
  0.91142324 -0.81872603  1.10400624  0.755605  ], Best Fitness = 69.0654784144244, Evaluations = 1792
Generation 15: Best Solution = [-0.08669594  2.12675755 -1.90982506 -0.06116431 -2.02109214  2.27882935
  0.83317242 -1.29959571  0.9420138  -0.00327094], Best Fitness = 58.099448222793086, Evaluations = 1920
Generation 16: Best Solution = [-0.24556238  1.97712396 -1.93296648  0.21145216 -2.12100026  1.09474234
  1.03693585 -0.82005029  0.94024006  0.96878927], Best Fitness = 46.68705226563345, Evaluations = 2048
Generation 17: Best Solution = [-0.23439908  1.96149981 -1.86694928  0.10579767 -1.88849675  1.23877756
  1.00486677 -0.85006089  1.03961927  1.07636943], Best Fitness = 48.421296369610765, Evaluations = 2176
Generation 18: Best Solution = [ 0.01742725  2.00803463 -1.99862134  0.0248288  -1.95027939  0.76668504
  1.04692543 -0.94129916  1.03241202  1.13911878], Best Fitness = 31.290467139913872, Evaluations = 2304
Generation 19: Best Solution = [ 0.16494793  2.04159302 -1.92191173 -0.01177005 -2.02822466  0.87964215
  0.942444   -0.96128702  0.99950049  1.07124395], Best Fitness = 27.99791835136533, Evaluations = 2432
Generation 20: Best Solution = [ 0.03972662  1.91561741 -1.93361326  0.00884594 -1.99866303  0.95571525
  0.94437546 -1.0008097   1.00956349  1.06314618], Best Fitness = 20.70129943478682, Evaluations = 2560
Generation 21: Best Solution = [ 0.03645097  2.04523749 -1.96368806  0.06185839 -1.97563909  0.98727896
  0.96170741 -0.96419341  0.94181775  0.97993789], Best Fitness = 19.72034237660486, Evaluations = 2688
Generation 22: Best Solution = [ 0.04717127  2.00195182 -1.94464362  0.00826152 -1.95587331  1.02152512
  0.98151977 -1.00457142  1.03733359  1.00471037], Best Fitness = 18.59070966754065, Evaluations = 2816
Generation 23: Best Solution = [ 0.01308461  1.96317869 -1.98156263 -0.0231736  -1.99543361  1.00535402
  0.99766096 -1.02430809  0.97763332  0.96798108], Best Fitness = 17.611737734097986, Evaluations = 2944
Generation 24: Best Solution = [-0.01493129  1.97488375 -1.99471066  0.00393441 -1.98382119  0.98840792
  0.97062508 -0.97061794  0.98478053  1.02269044], Best Fitness = 17.43353738873337, Evaluations = 3072
Generation 25: Best Solution = [ 0.01237919  1.99830337 -1.97401839 -0.00621124 -1.99704131  1.01091263
  0.98597798 -1.00651773  1.00810038  0.98581355], Best Fitness = 17.170013802064574, Evaluations = 3200
Generation 26: Best Solution = [-0.0096558   1.98746479 -1.98491949 -0.01432772 -1.98590134  0.98394579
  0.98809075 -1.00668311  0.99121414  0.98632121], Best Fitness = 17.06097817009224, Evaluations = 3328
Generation 27: Best Solution = [ 0.00304976  1.98903805 -1.97947064 -0.00750611 -1.98532725  0.98551725
  0.98780432 -0.99469965  1.00478117  0.98438174], Best Fitness = 17.022283477701592, Evaluations = 3456
Generation 28: Best Solution = [ 0.00469338  1.98531437 -1.98651715 -0.00605043 -1.98770729  0.99211319
  0.99839151 -0.99422152  0.99073073  0.99700242], Best Fitness = 16.941768651070433, Evaluations = 3584
Generation 29: Best Solution = [ 6.28256565e-03  1.99161805e+00 -1.99117573e+00 -8.43564217e-04
 -1.98928491e+00  9.92579528e-01  9.91393257e-01 -9.94201643e-01
  9.92880875e-01  1.00039522e+00], Best Fitness = 16.933704062353, Evaluations = 3712
Generation 30: Best Solution = [-1.89319706e-03  1.98634152e+00 -1.98757179e+00 -2.43881442e-03
 -1.99368155e+00  9.96478994e-01  9.98378679e-01 -9.91653948e-01
  9.95920022e-01  9.98235379e-01], Best Fitness = 16.929857536797357, Evaluations = 3840
Generation 31: Best Solution = [ 3.74151626e-03  1.98808230e+00 -1.99281265e+00  1.98122242e-03
 -1.98783797e+00  9.96490206e-01  9.93381269e-01 -9.96722475e-01
  9.94616079e-01  9.93534359e-01], Best Fitness = 16.92302640719946, Evaluations = 3968
Generation 32: Best Solution = [ 2.32966183e-03  1.99045512e+00 -1.98983912e+00  1.68928124e-03
 -1.98373213e+00  9.90307617e-01  9.95474868e-01 -9.93738047e-01
  9.97063374e-01  9.96819993e-01], Best Fitness = 16.929747909135145, Evaluations = 4096
Generation 33: Best Solution = [-1.78579667e-03  1.99326307e+00 -1.98850966e+00  2.91256542e-03
 -1.99141984e+00  9.94431607e-01  9.91835979e-01 -9.95688170e-01
  9.93013120e-01  9.95452176e-01], Best Fitness = 16.92256046277899, Evaluations = 4224
Generation 34: Best Solution = [ 5.37709000e-04  1.98783766e+00 -1.99060592e+00  3.03130185e-03
 -1.99245502e+00  9.91111323e-01  9.92323643e-01 -9.92277469e-01
  9.96327999e-01  9.97891048e-01], Best Fitness = 16.926210105143326, Evaluations = 4352
Generation 35: Best Solution = [-2.69557702e-04  1.99186517e+00 -1.98712243e+00  3.85397778e-03
 -1.98890687e+00  9.93333805e-01  9.94200877e-01 -9.94354200e-01
  9.93663293e-01  9.90260502e-01], Best Fitness = 16.925163282593218, Evaluations = 4480
Generation 36: Best Solution = [ 1.38016461e-03  1.98883794e+00 -1.98795145e+00 -9.25696571e-04
 -1.98790196e+00  9.93566423e-01  9.95156594e-01 -9.92899435e-01
  9.96181930e-01  9.93495040e-01], Best Fitness = 16.91858043520685, Evaluations = 4608
Generation 37: Best Solution = [ 1.52473218e-03  1.98759547e+00 -1.99134836e+00 -3.14939557e-03
 -1.98917435e+00  9.94815019e-01  9.96626504e-01 -9.94982009e-01
  9.91928280e-01  9.90272459e-01], Best Fitness = 16.92502569852985, Evaluations = 4736
Generation 38: Best Solution = [ 0.00264645  1.99193483 -1.98598471 -0.00263498 -1.98950576  0.99747706
  0.99628891 -0.99584871  0.99666732  0.99363241], Best Fitness = 16.923644686199168, Evaluations = 4864
Generation 39: Best Solution = [ 1.26144614e-03  1.98708948e+00 -1.99218218e+00 -1.10384703e-03
 -1.98819895e+00  9.93112765e-01  9.93527379e-01 -9.93259144e-01
  9.99077013e-01  9.97114890e-01], Best Fitness = 16.923965212063052, Evaluations = 4992
Generation 40: Best Solution = [ 7.44209538e-04  1.98958430e+00 -1.98920090e+00  1.63562856e-03
 -1.98994321e+00  9.91127425e-01  9.94707106e-01 -9.96434894e-01
  9.93047071e-01  9.96232231e-01], Best Fitness = 16.919451727629976, Evaluations = 5120
Generation 41: Best Solution = [-0.00394094  1.98708548 -1.9858635  -0.00436082 -1.9916066   0.99437133
  0.99595755 -0.9951549   0.99530367  0.99501626], Best Fitness = 16.926834335093332, Evaluations = 5248
Generation 42: Best Solution = [-3.65319609e-04  1.99127456e+00 -1.99047297e+00  3.62189616e-03
 -1.99091854e+00  9.96887002e-01  9.94972626e-01 -9.96950651e-01
  9.94006270e-01  9.98255540e-01], Best Fitness = 16.921408099914302, Evaluations = 5376
Generation 43: Best Solution = [ 4.72870598e-03  1.98996913e+00 -1.99223835e+00  1.35240621e-03
 -1.98797944e+00  9.91901691e-01  9.94668017e-01 -9.94954166e-01
  9.97136197e-01  9.96894242e-01], Best Fitness = 16.92445203038254, Evaluations = 5504
Generation 44: Best Solution = [ 1.56464135e-03  1.98820623e+00 -1.99142114e+00 -3.79724695e-03
 -1.98801378e+00  9.97674999e-01  9.98334171e-01 -9.94886009e-01
  9.95832028e-01  9.96521256e-01], Best Fitness = 16.92373517743718, Evaluations = 5632
Generation 45: Best Solution = [ 3.50974337e-03  1.98766659e+00 -1.99083796e+00 -5.14450616e-05
 -1.99192706e+00  9.94418180e-01  9.97830182e-01 -9.92606316e-01
  9.93685173e-01  9.93890256e-01], Best Fitness = 16.922043143536413, Evaluations = 5760
Generation 46: Best Solution = [ 2.82443654e-03  1.98564020e+00 -1.98626245e+00  9.83173448e-04
 -1.99226304e+00  9.96580362e-01  9.92688704e-01 -9.96738332e-01
  9.96829347e-01  9.96292792e-01], Best Fitness = 16.92662329390187, Evaluations = 5888
Generation 47: Best Solution = [ 1.01901054e-03  1.98830198e+00 -1.99285728e+00 -4.03482946e-03
 -1.99090663e+00  9.94369678e-01  9.98489072e-01 -9.94624654e-01
  9.90570855e-01  9.94177206e-01], Best Fitness = 16.926651742462454, Evaluations = 6016
Generation 48: Best Solution = [ 7.59442142e-04  1.99319813e+00 -1.98871011e+00 -3.17817632e-03
 -1.98806524e+00  9.93587256e-01  9.95091660e-01 -9.89371272e-01
  9.97374182e-01  9.93983906e-01], Best Fitness = 16.927416602327128, Evaluations = 6144
Generation 49: Best Solution = [ 1.49181501e-03  1.99152230e+00 -1.99262204e+00  1.54894932e-03
 -1.99361888e+00  9.97636202e-01  9.95357761e-01 -9.95080608e-01
  9.95826012e-01  9.92734217e-01], Best Fitness = 16.92248222425266, Evaluations = 6272
Generation 50: Best Solution = [ 2.22602418e-03  1.99117877e+00 -1.99082892e+00 -1.09485243e-04
 -1.98955257e+00  9.99225145e-01  9.95255780e-01 -9.98940713e-01
  9.95499402e-01  9.93518695e-01], Best Fitness = 16.923025886707464, Evaluations = 6400
Generation 51: Best Solution = [-2.56666327e-03  1.98763088e+00 -1.98890991e+00 -6.74172178e-04
 -1.98805484e+00  9.95970341e-01  9.93954967e-01 -9.91991025e-01
  9.90841330e-01  9.92100826e-01], Best Fitness = 16.924726069236826, Evaluations = 6528
Generation 52: Best Solution = [-1.63284048e-03  1.98772596e+00 -1.98738465e+00  2.75200854e-03
 -1.98797625e+00  9.96086881e-01  9.96280944e-01 -9.97052224e-01
  9.95112491e-01  9.93911192e-01], Best Fitness = 16.920963416255333, Evaluations = 6656
Generation 53: Best Solution = [-1.85646417e-03  1.99180871e+00 -1.98653433e+00 -3.38164119e-03
 -1.99300859e+00  9.97460786e-01  9.94026351e-01 -9.95815171e-01
  9.97572036e-01  9.95567176e-01], Best Fitness = 16.92509799927481, Evaluations = 6784
Generation 54: Best Solution = [-2.20855082e-03  1.98961229e+00 -1.99250508e+00 -2.48660682e-05
 -1.99124964e+00  9.95596833e-01  9.92011104e-01 -9.99844615e-01
  9.95578162e-01  9.97123485e-01], Best Fitness = 16.924503847694794, Evaluations = 6912
Generation 55: Best Solution = [-4.79648642e-04  1.99043946e+00 -1.99025483e+00 -5.20502046e-04
 -1.99287812e+00  9.99340831e-01  9.93422853e-01 -9.95742404e-01
  9.96011093e-01  9.92254954e-01], Best Fitness = 16.922275972140937, Evaluations = 7040
Generation 56: Best Solution = [-0.00463024  1.98910065 -1.98998553 -0.00207327 -1.98663673  0.99332474
  0.99128918 -0.99312266  0.99376437  0.99681834], Best Fitness = 16.926484969296425, Evaluations = 7168
Generation 57: Best Solution = [ 2.23025156e-03  1.98916998e+00 -1.98863065e+00 -1.13540825e-04
 -1.98883362e+00  9.94233573e-01  9.92744568e-01 -9.89718265e-01
  9.95708820e-01  9.95070237e-01], Best Fitness = 16.922575998697198, Evaluations = 7296
Generation 58: Best Solution = [-1.82758900e-03  1.99014075e+00 -1.98900278e+00 -4.23203979e-04
 -1.98820818e+00  9.96247123e-01  9.89223154e-01 -9.94577287e-01
  9.96692643e-01  9.97891389e-01], Best Fitness = 16.924915903720517, Evaluations = 7424
Generation 59: Best Solution = [-2.82021294e-03  1.98740431e+00 -1.99263194e+00  3.50854354e-04
 -1.99001201e+00  9.97204130e-01  9.98334742e-01 -9.95611023e-01
  9.98650440e-01  9.97542689e-01], Best Fitness = 16.9259754339503, Evaluations = 7552
Generation 60: Best Solution = [-1.93283551e-03  1.98918568e+00 -1.99043598e+00 -4.24296768e-03
 -1.99132704e+00  9.92134213e-01  9.96550207e-01 -9.92548497e-01
  9.96960832e-01  9.93604091e-01], Best Fitness = 16.92355092844231, Evaluations = 7680
Generation 61: Best Solution = [ 1.92726699e-03  1.98789675e+00 -1.98681882e+00  1.00356852e-03
 -1.98823011e+00  9.96809293e-01  9.95889547e-01 -9.93696854e-01
  9.96484917e-01  9.97986815e-01], Best Fitness = 16.921930890488397, Evaluations = 7808
Generation 62: Best Solution = [-7.33189812e-04  1.98758401e+00 -1.99159093e+00  2.73935135e-03
 -1.98631005e+00  9.93005981e-01  9.92422810e-01 -9.95343649e-01
  9.98137066e-01  9.96588982e-01], Best Fitness = 16.92467393415039, Evaluations = 7936
Generation 63: Best Solution = [ 0.00376114  1.9880189  -1.99129536  0.00266676 -1.99262604  0.99378349
  0.99662246 -0.99614435  0.99360335  0.99264117], Best Fitness = 16.923583742998332, Evaluations = 8064
Generation 64: Best Solution = [ 3.12163442e-05  1.99087696e+00 -1.98899465e+00 -2.96276542e-03
 -1.99084286e+00  9.91221158e-01  9.94478755e-01 -9.94713998e-01
  9.92516298e-01  9.94146014e-01], Best Fitness = 16.920693132188774, Evaluations = 8192
Generation 65: Best Solution = [-4.59340747e-04  1.98823817e+00 -1.98944965e+00 -9.98836394e-04
 -1.99256640e+00  9.90690595e-01  9.93628749e-01 -9.95559876e-01
  9.91001021e-01  9.95480233e-01], Best Fitness = 16.923713068940017, Evaluations = 8320
Generation 66: Best Solution = [ 6.51516687e-04  1.99116419e+00 -1.98953508e+00  3.25569471e-03
 -1.98689553e+00  9.95693804e-01  9.92153109e-01 -9.93785081e-01
  9.92730066e-01  9.94185905e-01], Best Fitness = 16.921659248830807, Evaluations = 8448
Generation 67: Best Solution = [-1.13871468e-03  1.98858295e+00 -1.98988824e+00 -1.09501895e-03
 -1.99208186e+00  9.91618927e-01  9.91214126e-01 -9.98991765e-01
  9.93533878e-01  9.93542981e-01], Best Fitness = 16.92508281380806, Evaluations = 8576
Generation 68: Best Solution = [-1.50606610e-03  1.99108681e+00 -1.98929229e+00 -8.26967602e-04
 -1.98868584e+00  9.94595022e-01  9.97052129e-01 -9.94334190e-01
  9.97895883e-01  9.98779077e-01], Best Fitness = 16.9211001364111, Evaluations = 8704
Generation 69: Best Solution = [ 8.25441443e-04  1.99187484e+00 -1.98694203e+00 -6.15491596e-04
 -1.98501153e+00  9.92717872e-01  9.97435188e-01 -9.96005830e-01
  9.95404675e-01  9.94640882e-01], Best Fitness = 16.924248590224607, Evaluations = 8832
Generation 70: Best Solution = [-2.27148357e-03  1.99096732e+00 -1.98624314e+00 -6.29110310e-04
 -1.99350930e+00  9.96152133e-01  9.95097577e-01 -9.93006820e-01
  9.94674027e-01  9.92614123e-01], Best Fitness = 16.92298590143281, Evaluations = 8960
Generation 71: Best Solution = [-3.39715475e-03  1.99101387e+00 -1.98833067e+00 -1.73237741e-03
 -1.98884110e+00  9.91667111e-01  9.95257237e-01 -9.95907942e-01
  9.95259038e-01  9.95867006e-01], Best Fitness = 16.92066204817641, Evaluations = 9088
Generation 72: Best Solution = [-2.99491433e-03  1.98905841e+00 -1.99356837e+00  3.97869049e-04
 -1.98931330e+00  9.94089177e-01  9.94842917e-01 -9.92031793e-01
  9.94834024e-01  9.95724131e-01], Best Fitness = 16.920932988978336, Evaluations = 9216
Generation 73: Best Solution = [ 8.36746396e-04  1.99154255e+00 -1.99248208e+00  5.24084345e-04
 -1.98916500e+00  9.95895536e-01  9.94132039e-01 -9.97573180e-01
  9.95301335e-01  9.94201617e-01], Best Fitness = 16.918229336208555, Evaluations = 9344
Generation 74: Best Solution = [-9.00791412e-04  1.98946781e+00 -1.98846282e+00 -1.55913632e-03
 -1.98627822e+00  9.94330345e-01  9.95346846e-01 -9.93700033e-01
  9.96655625e-01  9.94867844e-01], Best Fitness = 16.918995424098668, Evaluations = 9472
Generation 75: Best Solution = [-1.39487828e-03  1.98870027e+00 -1.98695114e+00  1.67421495e-03
 -1.99369069e+00  9.97963503e-01  9.93223446e-01 -9.98106187e-01
  9.95630132e-01  9.94749156e-01], Best Fitness = 16.92453570478051, Evaluations = 9600
Generation 76: Best Solution = [-1.73764247e-03  1.98827590e+00 -1.98770020e+00  1.50583108e-03
 -1.98904669e+00  9.93342737e-01  9.97139202e-01 -9.97245140e-01
  9.98358331e-01  9.90636067e-01], Best Fitness = 16.92547813478903, Evaluations = 9728
Generation 77: Best Solution = [ 1.66600560e-03  1.99253909e+00 -1.99085295e+00 -1.44717388e-03
 -1.99019495e+00  9.96988287e-01  9.95839097e-01 -9.97603682e-01
  9.94691098e-01  9.96825692e-01], Best Fitness = 16.91987645516147, Evaluations = 9856
Generation 78: Best Solution = [ 7.19362703e-04  1.98991135e+00 -1.99036743e+00  4.07860494e-05
 -1.99437691e+00  9.96128876e-01  9.90163288e-01 -9.94861432e-01
  9.91818452e-01  9.95612801e-01], Best Fitness = 16.92525286764554, Evaluations = 9984
Generation 79: Best Solution = [ 1.26963810e-03  1.98878489e+00 -1.99096640e+00  1.20714389e-03
 -1.99376129e+00  9.96689289e-01  9.94072422e-01 -9.98657748e-01
  9.93668520e-01  9.93987693e-01], Best Fitness = 16.9222846126151, Evaluations = 10112
