Algorithm: Cross-Entropy Method
Objective Function: Sphere
Dimension: 10
Population Size: 128
Max Evaluations: 10000

Generation 1: Best Solution = [-3.24687048  0.15209162 -2.08669978  0.52418378 -3.76055958 -3.42770766
 -2.46321789  1.18794384 -1.79757943 -0.21773739], Best Fitness = 51.84272685958387, Evaluations = 128
Generation 2: Best Solution = [-2.01312367 -1.72984867 -1.77475169  2.07629351 -2.02009916  0.06717224
 -0.92748448  2.30255416 -0.92984362  1.85640812], Best Fitness = 29.063937723696856, Evaluations = 256
Generation 3: Best Solution = [-3.0564685  -0.67614929 -0.28622087  0.41529908 -0.18583134  0.41844642
 -1.61340061  2.78187424  0.51990976  0.32696982], Best Fitness = 20.98230516404187, Evaluations = 384
Generation 4: Best Solution = [-1.66614941 -0.49028249 -1.03686223  1.66425948 -0.8978928  -3.11369593
 -0.76492666  0.6347251  -0.18380077  0.6979187 ], Best Fitness = 18.87144944726225, Evaluations = 512
Generation 5: Best Solution = [-0.94623661 -0.60029825 -0.69905803  1.58625838 -1.30516066 -1.53135594
 -0.79708668  2.16060703 -0.24410658  0.97481424], Best Fitness = 14.622535547118819, Evaluations = 640
Generation 6: Best Solution = [-1.83445938 -0.59713226  0.51839057 -0.063369   -1.20057069 -1.89429187
 -0.5608597   1.79140762 -0.08896408  0.54390703], Best Fitness = 12.851718551530366, Evaluations = 768
Generation 7: Best Solution = [-0.52617272 -0.3465281  -0.3484066   1.02601579 -1.08281303 -2.38981773
 -0.90673891  1.53799342 -0.63397443  0.56476836], Best Fitness = 12.363233983402658, Evaluations = 896
Generation 8: Best Solution = [-1.55184719 -0.561175   -0.17820813  0.54176899 -1.17296794 -1.74100607
 -0.60116685  1.76607428 -0.47743446  0.51468738], Best Fitness = 11.428641497405307, Evaluations = 1024
Generation 9: Best Solution = [-0.9533484  -0.85357442  0.01298993  0.3911092  -1.44133592 -1.52527663
 -1.24938848  1.65505374 -0.59239839  0.42852962], Best Fitness = 11.029263561988255, Evaluations = 1152
Generation 10: Best Solution = [-1.2637374  -0.96091952 -0.01291354  0.5981223  -1.0856786  -1.54880385
 -0.9592865   1.6934024  -0.48314003  0.59130283], Best Fitness = 10.826712573290289, Evaluations = 1280
Generation 11: Best Solution = [-1.1207722  -0.68591357 -0.02444573  0.65172481 -1.44299876 -1.54672768
 -1.02667305  1.60003219 -0.48915835  0.40935951], Best Fitness = 10.647574169838885, Evaluations = 1408
Generation 12: Best Solution = [-1.04509978 -0.71157409 -0.05354255  0.45594986 -1.16502074 -1.66022212
 -1.03859838  1.80739618 -0.38224428  0.41772318], Best Fitness = 10.588910017197826, Evaluations = 1536
Generation 13: Best Solution = [-1.12196405 -0.65436342 -0.11267718  0.75418274 -1.23570074 -1.58985243
 -0.98719977  1.63920695 -0.54338539  0.46050196], Best Fitness = 10.491962198643522, Evaluations = 1664
Generation 14: Best Solution = [-1.14863571 -0.77620259 -0.11320805  0.64330012 -1.16132232 -1.52520945
 -1.0009307   1.75584457 -0.37186268  0.4231568 ], Best Fitness = 10.425634945507063, Evaluations = 1792
Generation 15: Best Solution = [-1.12801784 -0.71730171 -0.07635904  0.60054748 -1.1534333  -1.5375489
 -1.01891982  1.78400882 -0.39837326  0.37965714], Best Fitness = 10.37162483163319, Evaluations = 1920
Generation 16: Best Solution = [-1.05515276 -0.73121648 -0.11134867  0.60994511 -1.1542758  -1.56722482
 -1.01131404  1.77278052 -0.39888198  0.46048586], Best Fitness = 10.357663602364559, Evaluations = 2048
Generation 17: Best Solution = [-1.12136601 -0.73348775 -0.14143548  0.56806374 -1.19066589 -1.55633477
 -0.98194872  1.73307805 -0.39027497  0.47856177], Best Fitness = 10.327148346053178, Evaluations = 2176
Generation 18: Best Solution = [-1.11161009 -0.74055316 -0.13334725  0.55812302 -1.1879377  -1.58318102
 -0.9958223   1.72441727 -0.34841048  0.4175186 ], Best Fitness = 10.292025483946617, Evaluations = 2304
Generation 19: Best Solution = [-1.09303529 -0.70705295 -0.16433377  0.55136672 -1.1627494  -1.60132482
 -0.96090113  1.74924348 -0.40481968  0.42461767], Best Fitness = 10.269251082970705, Evaluations = 2432
Generation 20: Best Solution = [-1.08940907 -0.73626676 -0.1264449   0.54220843 -1.14334507 -1.60683064
 -0.98717656  1.72510908 -0.40248736  0.42781677], Best Fitness = 10.223563963207708, Evaluations = 2560
Generation 21: Best Solution = [-1.13053193 -0.79831212 -0.10127524  0.51741595 -1.16819011 -1.56665265
 -0.96713327  1.71866288 -0.34648931  0.40390023], Best Fitness = 10.184788350344073, Evaluations = 2688
Generation 22: Best Solution = [-1.09769925 -0.76398599 -0.11283541  0.52396722 -1.16115733 -1.58578943
 -0.98489488  1.70886294 -0.3967754   0.40596414], Best Fitness = 10.151374263349322, Evaluations = 2816
Generation 23: Best Solution = [-1.06458177 -0.73086816 -0.11133451  0.57332973 -1.14215864 -1.56187983
 -1.00961166  1.71989734 -0.43490702  0.42326083], Best Fitness = 10.098256351436065, Evaluations = 2944
Generation 24: Best Solution = [-1.08623487 -0.77151764 -0.09946819  0.60410524 -1.20321742 -1.53084738
 -0.96780162  1.67105831 -0.43660196  0.45054262], Best Fitness = 10.063894363405868, Evaluations = 3072
Generation 25: Best Solution = [-1.10149541 -0.74607236 -0.09608363  0.54863939 -1.14308858 -1.54870921
 -0.99030021  1.71172751 -0.38726062  0.42273976], Best Fitness = 10.024690314961292, Evaluations = 3200
Generation 26: Best Solution = [-1.08048188 -0.76796344 -0.12469954  0.58633318 -1.19135812 -1.52219098
 -0.95051907  1.68064203 -0.44082779  0.46030913], Best Fitness = 9.987202854766009, Evaluations = 3328
Generation 27: Best Solution = [-1.06747317 -0.74427779 -0.11856522  0.55871682 -1.1690725  -1.55766084
 -0.96312219  1.68506124 -0.42593311  0.43868778], Best Fitness = 9.953610121199103, Evaluations = 3456
Generation 28: Best Solution = [-1.04901972 -0.74196518 -0.11784496  0.54210041 -1.19748571 -1.55503562
 -1.00013048  1.64837263 -0.41961898  0.45353151], Best Fitness = 9.909987028680462, Evaluations = 3584
Generation 29: Best Solution = [-1.08794552 -0.76665727 -0.09930893  0.54151093 -1.17097486 -1.5416866
 -0.95897203  1.67382859 -0.3871445   0.41115325], Best Fitness = 9.862722237405706, Evaluations = 3712
Generation 30: Best Solution = [-1.07257364 -0.74308807 -0.13342099  0.51906251 -1.16979233 -1.54529691
 -0.99702212  1.66777347 -0.39901754  0.42505258], Best Fitness = 9.861583925724979, Evaluations = 3840
Generation 31: Best Solution = [-1.07163547 -0.73740304 -0.11551152  0.50778974 -1.15352322 -1.56840817
 -0.96501994  1.67400168 -0.38290519  0.40917564], Best Fitness = 9.80146531414488, Evaluations = 3968
Generation 32: Best Solution = [-1.07068979 -0.75390492 -0.13329224  0.55550487 -1.1838427  -1.53070858
 -0.95125858  1.65686003 -0.41326445  0.41013355], Best Fitness = 9.774729077306503, Evaluations = 4096
Generation 33: Best Solution = [-1.0515782  -0.72226592 -0.14104276  0.54788205 -1.16267846 -1.53715317
 -0.98634318  1.64920175 -0.40578409  0.42839267], Best Fitness = 9.7031339100957, Evaluations = 4224
Generation 34: Best Solution = [-1.04775568 -0.70889981 -0.13735901  0.52976355 -1.14341564 -1.55365876
 -0.99600899  1.65443121 -0.40702913  0.42872573], Best Fitness = 9.69975771065063, Evaluations = 4352
Generation 35: Best Solution = [-1.04401579 -0.70178258 -0.15029924  0.50938217 -1.15153222 -1.54556433
 -1.00795849  1.65502707 -0.38473495  0.41575785], Best Fitness = 9.65529383862626, Evaluations = 4480
Generation 36: Best Solution = [-1.06034975 -0.74807475 -0.13115858  0.52955665 -1.14157868 -1.532088
 -0.98283812  1.65324913 -0.37134623  0.40452243], Best Fitness = 9.632825620580771, Evaluations = 4608
Generation 37: Best Solution = [-1.05688085 -0.7489929  -0.11785388  0.55140564 -1.14787695 -1.5313364
 -0.93735396  1.65239772 -0.40801215  0.40721362], Best Fitness = 9.599885396168427, Evaluations = 4736
Generation 38: Best Solution = [-1.04569154 -0.72180241 -0.11265305  0.53188901 -1.13663536 -1.52553928
 -0.9723308   1.6625306  -0.39205903  0.39992897], Best Fitness = 9.552364842312883, Evaluations = 4864
Generation 39: Best Solution = [-1.03413329 -0.72139078 -0.13975838  0.55402563 -1.14973823 -1.53261814
 -0.97391776  1.6332794  -0.41498502  0.40148206], Best Fitness = 9.536647297107779, Evaluations = 4992
Generation 40: Best Solution = [-1.04029294 -0.75142121 -0.13426258  0.56633173 -1.14330369 -1.51448749
 -0.95479986  1.63689498 -0.41147291  0.39565692], Best Fitness = 9.503339300701361, Evaluations = 5120
Generation 41: Best Solution = [-1.05070167 -0.76933274 -0.12873027  0.60004918 -1.12640008 -1.50343937
 -0.93548607  1.6365363  -0.407551    0.36762255], Best Fitness = 9.45621384849249, Evaluations = 5248
Generation 42: Best Solution = [-1.03397097 -0.73050391 -0.13209565  0.58740064 -1.15006166 -1.50122722
 -0.93506653  1.63131314 -0.42701645  0.38266646], Best Fitness = 9.405854346234406, Evaluations = 5376
Generation 43: Best Solution = [-1.02684169 -0.75952304 -0.13772841  0.56694591 -1.13336962 -1.5000456
 -0.96809936  1.62487248 -0.40017772  0.37627207], Best Fitness = 9.38548917192761, Evaluations = 5504
Generation 44: Best Solution = [-1.04731961 -0.75694028 -0.13119885  0.60178886 -1.11522733 -1.49098286
 -0.93470886  1.63405016 -0.39944933  0.36168282], Best Fitness = 9.350136628819937, Evaluations = 5632
Generation 45: Best Solution = [-1.03734897 -0.75816832 -0.14334077  0.59615774 -1.11285739 -1.49540689
 -0.93579896  1.63073055 -0.40050742  0.35618391], Best Fitness = 9.323831027539912, Evaluations = 5760
Generation 46: Best Solution = [-1.04235429 -0.77789654 -0.14138749  0.55323272 -1.10499186 -1.49579268
 -0.94316068  1.62336892 -0.38455157  0.36746908], Best Fitness = 9.283877253582116, Evaluations = 5888
Generation 47: Best Solution = [-1.05011347 -0.80489961 -0.14187413  0.54381245 -1.08217477 -1.48660905
 -0.9407119   1.62267593 -0.36833926  0.3680388 ], Best Fitness = 9.236713048591625, Evaluations = 6016
Generation 48: Best Solution = [-1.03745787 -0.7593067  -0.14127691  0.54351757 -1.09857117 -1.49436484
 -0.96319575  1.60927741 -0.37203672  0.38895877], Best Fitness = 9.215441014399708, Evaluations = 6144
Generation 49: Best Solution = [-1.03209821 -0.75561819 -0.11762596  0.52211051 -1.12039793 -1.48362992
 -0.92887037  1.63817792 -0.36883068  0.3644335 ], Best Fitness = 9.194344987342843, Evaluations = 6272
Generation 50: Best Solution = [-1.03248354 -0.7387742  -0.14296898  0.53334495 -1.09962987 -1.48160144
 -0.94921382  1.61950793 -0.39007485  0.3756949 ], Best Fitness = 9.138153076716991, Evaluations = 6400
Generation 51: Best Solution = [-1.01285077 -0.73992956 -0.13391553  0.56984571 -1.12089078 -1.48145034
 -0.91201536  1.62351464 -0.39022126  0.36386693], Best Fitness = 9.119354719956911, Evaluations = 6528
Generation 52: Best Solution = [-1.04796399 -0.78094315 -0.14216313  0.51857055 -1.07954158 -1.48432691
 -0.92221473  1.61457676 -0.36580036  0.35590544], Best Fitness = 9.083679588531712, Evaluations = 6656
Generation 53: Best Solution = [-1.04376969 -0.77085807 -0.15550876  0.51216666 -1.08609531 -1.47555215
 -0.91913488  1.6148928  -0.37557392  0.36431081], Best Fitness = 9.053497974611142, Evaluations = 6784
Generation 54: Best Solution = [-1.02872624 -0.75755525 -0.15804343  0.56446927 -1.0983909  -1.47099252
 -0.89723302  1.60907364 -0.38081607  0.35260595], Best Fitness = 9.009549388830605, Evaluations = 6912
Generation 55: Best Solution = [-1.03563571 -0.748965   -0.14135432  0.51953966 -1.08290537 -1.47861282
 -0.91722566  1.60326277 -0.3863569   0.3640064 ], Best Fitness = 8.975899013383055, Evaluations = 7040
Generation 56: Best Solution = [-1.0358183  -0.74812981 -0.1490982   0.52564932 -1.08851219 -1.46905506
 -0.92629151  1.59481793 -0.36592062  0.36076372], Best Fitness = 8.939645354784563, Evaluations = 7168
Generation 57: Best Solution = [-1.03232798 -0.75911227 -0.11955115  0.55254489 -1.09370076 -1.48037479
 -0.90487888  1.57540438 -0.37726124  0.35838834], Best Fitness = 8.920714672730249, Evaluations = 7296
Generation 58: Best Solution = [-1.01660048 -0.74593736 -0.13765952  0.53612761 -1.0794839  -1.47072157
 -0.92429289  1.59157802 -0.3684922   0.3570475 ], Best Fitness = 8.87529683173044, Evaluations = 7424
Generation 59: Best Solution = [-1.02611194 -0.75990671 -0.14120838  0.51155575 -1.08744194 -1.46498295
 -0.92310196  1.57785463 -0.37307757  0.37132114], Best Fitness = 8.859506760474597, Evaluations = 7552
Generation 60: Best Solution = [-1.02891172 -0.74868112 -0.10869047  0.49306236 -1.07066772 -1.47560186
 -0.93349327  1.57511929 -0.3800154   0.36423807], Best Fitness = 8.827328603193715, Evaluations = 7680
Generation 61: Best Solution = [-1.0222782  -0.75048107 -0.10070276  0.51335392 -1.08030533 -1.48071573
 -0.92682647  1.56057501 -0.36749115  0.3537401 ], Best Fitness = 8.796109993331747, Evaluations = 7808
Generation 62: Best Solution = [-1.02121135 -0.7629652  -0.13807535  0.50671128 -1.09087633 -1.47258472
 -0.89857941  1.55218726 -0.36429289  0.36088881], Best Fitness = 8.73900685729634, Evaluations = 7936
Generation 63: Best Solution = [-1.03263028 -0.73552404 -0.11565277  0.49268071 -1.06463057 -1.4585671
 -0.92299116  1.57775552 -0.3627058   0.35910975], Best Fitness = 8.726027462128567, Evaluations = 8064
Generation 64: Best Solution = [-1.01274166 -0.74663482 -0.11175614  0.50101255 -1.08353999 -1.46491049
 -0.91157072  1.55943466 -0.36911173  0.34448314], Best Fitness = 8.684343629204536, Evaluations = 8192
Generation 65: Best Solution = [-1.02184963 -0.72075167 -0.11908657  0.5283567  -1.07063749 -1.45708252
 -0.90670708  1.55395819 -0.38510778  0.35968834], Best Fitness = 8.640943647538654, Evaluations = 8320
Generation 66: Best Solution = [-1.02729945 -0.71938187 -0.1194793   0.53617296 -1.07956057 -1.45288912
 -0.90113752  1.54039995 -0.38310704  0.36798986], Best Fitness = 8.618017380016441, Evaluations = 8448
Generation 67: Best Solution = [-1.02708499 -0.72185949 -0.11509158  0.5305214  -1.07326407 -1.4441866
 -0.8997046   1.55045005 -0.37078492  0.36562372], Best Fitness = 8.592780309792703, Evaluations = 8576
Generation 68: Best Solution = [-1.00672212 -0.72520895 -0.10200392  0.52145557 -1.06393319 -1.43203643
 -0.91816936  1.56602893 -0.35811253  0.35839196], Best Fitness = 8.556591327014004, Evaluations = 8704
Generation 69: Best Solution = [-1.01877567 -0.72271002 -0.09802974  0.49947585 -1.06148742 -1.43417668
 -0.91158761  1.56150383 -0.36041676  0.35732915], Best Fitness = 8.529788436639215, Evaluations = 8832
Generation 70: Best Solution = [-1.01239838 -0.7201611  -0.12183956  0.50586745 -1.07813829 -1.43672293
 -0.8804737   1.5527802  -0.36858374  0.3692082 ], Best Fitness = 8.499413176096128, Evaluations = 8960
Generation 71: Best Solution = [-1.00391574 -0.71429359 -0.1157049   0.4956239  -1.06820972 -1.42708106
 -0.90025479  1.56326534 -0.37164679  0.35986166], Best Fitness = 8.476604117311783, Evaluations = 9088
Generation 72: Best Solution = [-1.01700995 -0.73386883 -0.11820048  0.51854081 -1.07183712 -1.42295157
 -0.88973124  1.53788025 -0.36678324  0.3588264 ], Best Fitness = 8.449338284955658, Evaluations = 9216
Generation 73: Best Solution = [-1.00778538 -0.7005961  -0.11988257  0.48022035 -1.06438947 -1.42728203
 -0.88910045  1.5567219  -0.37417081  0.36116139], Best Fitness = 8.405832626873387, Evaluations = 9344
Generation 74: Best Solution = [-0.99942801 -0.71223951 -0.11447129  0.49475786 -1.06412605 -1.42038493
 -0.8795149   1.55711977 -0.37209617  0.36498974], Best Fitness = 8.383729588902941, Evaluations = 9472
Generation 75: Best Solution = [-0.99200382 -0.69138166 -0.09677959  0.49602785 -1.05322275 -1.41192409
 -0.89964668  1.55466443 -0.37618031  0.35647479], Best Fitness = 8.315229423721874, Evaluations = 9600
Generation 76: Best Solution = [-1.00123446 -0.67955387 -0.09654786  0.48285512 -1.03812008 -1.41759724
 -0.90133836  1.55901696 -0.36772515  0.3667633 ], Best Fitness = 8.306691522351011, Evaluations = 9728
Generation 77: Best Solution = [-0.99055134 -0.7099914  -0.11704034  0.48801612 -1.05952429 -1.41202409
 -0.89153319  1.53380838 -0.3598222   0.36542798], Best Fitness = 8.263950867111927, Evaluations = 9856
Generation 78: Best Solution = [-1.00168264 -0.70874531 -0.0963722   0.49560183 -1.04849674 -1.42075021
 -0.87550021  1.52645574 -0.35162339  0.37153196], Best Fitness = 8.236716120893036, Evaluations = 9984
Generation 79: Best Solution = [-0.99764269 -0.65736387 -0.09355748  0.48821843 -1.03382781 -1.41188448
 -0.8855929   1.55253997 -0.35920188  0.35379514], Best Fitness = 8.185598269127945, Evaluations = 10112
