Algorithm: Cross-Entropy Method
Objective Function: Griewank
Dimension: 10
Population Size: 32
Max Evaluations: 10000

Generation 1: Best Solution = [-380.49263458   17.82323635 -244.53513103   61.42778665 -440.69057577
 -401.68449094 -288.65834701  139.21216837 -210.65383892  -25.51610095], Best Fitness = 178.99993815859767, Evaluations = 32
Generation 2: Best Solution = [-164.85387426  159.62911505 -386.89197002  277.10990596 -212.2119478
 -373.36452579 -123.97310775  260.31884806 -205.38810538  288.54944409], Best Fitness = 169.03866574018383, Evaluations = 64
Generation 3: Best Solution = [-274.47776209    1.49202357   27.35867648  179.75322313 -349.56203426
 -327.83565445   67.92023279   76.12115771 -280.39387186  317.3993909 ], Best Fitness = 132.96201792302713, Evaluations = 96
Generation 4: Best Solution = [-210.54677572   -3.01953903  -58.27683014  256.25803251 -246.62122809
 -357.23755015  -70.37763389  209.7279721  -187.99976498  278.1762751 ], Best Fitness = 116.87909220022574, Evaluations = 128
Generation 5: Best Solution = [-236.95592188   33.0139791   -92.02289389   77.67857215 -236.06823554
 -382.25097785   14.28563609  160.37032535 -233.39020561  267.41213224], Best Fitness = 107.3733010572043, Evaluations = 160
Generation 6: Best Solution = [-245.96273825   -8.94413817  -65.06988334   81.43340837 -253.9639002
 -366.86096783    5.559686    121.38409908 -230.83811818  268.53585098], Best Fitness = 103.67416913307848, Evaluations = 192
Generation 7: Best Solution = [-2.14235639e+02 -8.19239047e-02 -1.31411501e+02  9.24172432e+01
 -2.53415770e+02 -3.67140317e+02 -1.98764187e+01  9.46972929e+01
 -2.14486459e+02  2.65160618e+02], Best Fitness = 100.08174551963774, Evaluations = 224
Generation 8: Best Solution = [-221.32710042  -12.98594171 -105.14355338  109.86108996 -257.33985642
 -365.90116837  -26.73579152   96.2212984  -207.96642524  264.61578991], Best Fitness = 99.90788855380801, Evaluations = 256
Generation 9: Best Solution = [-226.02608613   10.7478091  -138.62488825   87.35784709 -253.52374762
 -373.09782245  -15.56012199   81.62483765 -212.25082033  244.23770229], Best Fitness = 99.2837470526115, Evaluations = 288
Generation 10: Best Solution = [-227.75596775    3.6775128  -140.71128617   80.89252566 -249.22685577
 -372.11280756  -18.77574482   86.64680573 -214.79856462  242.11278049], Best Fitness = 98.85715834195733, Evaluations = 320
Generation 11: Best Solution = [-232.16660539  -12.77107118 -123.60560337   84.53228187 -251.32846135
 -364.7579743   -15.97632599   83.35198841 -219.99261286  249.34146116], Best Fitness = 98.62143945025659, Evaluations = 352
Generation 12: Best Solution = [-237.19045703  -11.71131945 -120.57626111   80.79733706 -249.90891595
 -366.03616316  -13.30920522   85.05669734 -221.66129886  244.36056016], Best Fitness = 98.5394607089159, Evaluations = 384
Generation 13: Best Solution = [-232.46179053   -9.22859728 -125.22688632   84.56248933 -249.31059766
 -367.71425026  -17.14579118   86.63707639 -218.52717945  245.50359608], Best Fitness = 98.53907374809701, Evaluations = 416
Generation 14: Best Solution = [-232.46947058  -11.54681476 -121.67323618   86.96967871 -249.84209233
 -366.51099906  -17.08086998   86.54515724 -218.59962385  247.27671802], Best Fitness = 98.50680986748338, Evaluations = 448
Generation 15: Best Solution = [-235.33672454  -10.44454309 -121.42174127   83.81931152 -249.20043806
 -367.36059092  -15.49560936   86.84490218 -219.65303199  244.19495284], Best Fitness = 98.4948263062914, Evaluations = 480
Generation 16: Best Solution = [-233.36047913  -10.26373427 -123.78623324   84.96337139 -249.23799903
 -366.75689445  -15.98302497   86.10616633 -219.4495824   245.7329457 ], Best Fitness = 98.48662294786048, Evaluations = 512
Generation 17: Best Solution = [-234.65246108   -9.53067087 -124.20925014   83.10518676 -248.73061895
 -367.14025818  -15.04407616   86.33315375 -220.16995567  244.23322611], Best Fitness = 98.4842540150739, Evaluations = 544
Generation 18: Best Solution = [-233.40727176   -9.39792145 -124.09954098   85.35983917 -249.4177225
 -366.70548714  -15.41957763   85.54549981 -219.41475738  245.55671908], Best Fitness = 98.48341070743294, Evaluations = 576
Generation 19: Best Solution = [-234.62266365  -10.10742252 -123.93109394   82.8987231  -248.36027931
 -367.54094834  -15.90012459   87.30569883 -219.92579961  244.03675113], Best Fitness = 98.48083784302419, Evaluations = 608
Generation 20: Best Solution = [-232.72942013  -10.17174778 -124.23554747   85.60581638 -249.14248693
 -366.95454635  -16.66521998   86.40764054 -218.96411788  245.93457583], Best Fitness = 98.47852313772832, Evaluations = 640
Generation 21: Best Solution = [-232.84287322  -10.1115705  -124.18738473   85.48458947 -249.06142508
 -366.98835528  -16.57313492   86.52129764 -219.04585103  245.82423296], Best Fitness = 98.47830950592562, Evaluations = 672
Generation 22: Best Solution = [-232.71936423  -10.24780997 -123.96243482   85.78802319 -249.11066039
 -366.98859719  -16.74368599   86.58806936 -218.89791587  245.98863544], Best Fitness = 98.47753467997198, Evaluations = 704
Generation 23: Best Solution = [-232.77559367  -10.12428279 -124.13131571   85.65925521 -249.15726017
 -366.91837271  -16.56532206   86.36559936 -218.99053813  245.93978041], Best Fitness = 98.47578436929885, Evaluations = 736
Generation 24: Best Solution = [-232.64252762  -10.29502785 -124.14639802   85.68781247 -249.10387793
 -366.98574102  -16.83966454   86.56155131 -218.88506602  245.99612195], Best Fitness = 98.47396444947515, Evaluations = 768
Generation 25: Best Solution = [-233.03811404  -10.10790169 -123.99843768   85.37970667 -249.09553648
 -366.96671287  -16.41972762   86.44756778 -219.09651552  245.6994766 ], Best Fitness = 98.47280886913667, Evaluations = 800
Generation 26: Best Solution = [-233.0448653   -10.14247874 -124.06643935   85.31738689 -249.10186517
 -366.95185936  -16.45061979   86.39318139 -219.09969028  245.69270459], Best Fitness = 98.47123411738777, Evaluations = 832
Generation 27: Best Solution = [-233.46969892   -9.95250043 -123.67410209   85.13257048 -249.12771147
 -366.93443314  -16.00963114   86.32395115 -219.27911425  245.40747401], Best Fitness = 98.46734351603544, Evaluations = 864
Generation 28: Best Solution = [-233.1193606   -10.13392801 -123.79579385   85.39880342 -249.11389863
 -366.97051209  -16.4017615    86.46268698 -219.06476303  245.66772201], Best Fitness = 98.46727358822842, Evaluations = 896
Generation 29: Best Solution = [-232.8744614   -10.21019543 -124.15500003   85.38353551 -249.07917173
 -366.97479067  -16.63803912   86.46149466 -219.01052491  245.7845583 ], Best Fitness = 98.46647894456925, Evaluations = 928
Generation 30: Best Solution = [-233.08659159  -10.09533343 -123.81267761   85.45431017 -249.11936844
 -366.94175697  -16.37282009   86.43549534 -219.06683019  245.69700762], Best Fitness = 98.46423475730643, Evaluations = 960
Generation 31: Best Solution = [-233.12580118  -10.10764738 -123.92705571   85.27545529 -249.08037933
 -366.95520747  -16.38562778   86.43901658 -219.12303001  245.6195646 ], Best Fitness = 98.46326433931573, Evaluations = 992
Generation 32: Best Solution = [-233.18395181  -10.07819887 -123.87459314   85.26726859 -249.081626
 -366.94917483  -16.308651     86.4172777  -219.14888623  245.58260806], Best Fitness = 98.46227307716389, Evaluations = 1024
Generation 33: Best Solution = [-233.23228187  -10.02029876 -123.8091739    85.2557436  -249.08465256
 -366.93816661  -16.23919642   86.39312555 -219.18196686  245.55257487], Best Fitness = 98.45994977769546, Evaluations = 1056
Generation 34: Best Solution = [-233.03779903  -10.12493816 -123.98853255   85.32883249 -249.06624804
 -366.95671061  -16.45054345   86.43121399 -219.08484245  245.66530066], Best Fitness = 98.45875098415873, Evaluations = 1088
Generation 35: Best Solution = [-233.35089789   -9.96916001 -123.77211837   85.12986767 -249.06468324
 -366.93075679  -16.1212772    86.37259287 -219.25822781  245.45582581], Best Fitness = 98.45725712903825, Evaluations = 1120
Generation 36: Best Solution = [-233.26349324  -10.02562788 -123.83940614   85.17228694 -249.05667468
 -366.93424812  -16.20396986   86.38607266 -219.21341836  245.50865829], Best Fitness = 98.45544444839796, Evaluations = 1152
Generation 37: Best Solution = [-233.24678559  -10.02904048 -123.85096801   85.16218014 -249.0535202
 -366.93491379  -16.22391125   86.38908824 -219.21049502  245.51024531], Best Fitness = 98.45368726226478, Evaluations = 1184
Generation 38: Best Solution = [-233.30482944   -9.99870167 -123.81827582   85.12509025 -249.05408509
 -366.92067134  -16.16520466   86.38203403 -219.23633914  245.47325963], Best Fitness = 98.45192334252758, Evaluations = 1216
Generation 39: Best Solution = [-233.22901402  -10.04918498 -123.86389234   85.16357556 -249.04380197
 -366.92223712  -16.22810437   86.39488737 -219.19628216  245.52539725], Best Fitness = 98.44956278425654, Evaluations = 1248
Generation 40: Best Solution = [-233.18460968  -10.07813045 -123.8793311    85.22074878 -249.03747691
 -366.92739885  -16.26527183   86.39133168 -219.17111811  245.55384908], Best Fitness = 98.44862492305214, Evaluations = 1280
Generation 41: Best Solution = [-233.22326816  -10.06002835 -123.85878536   85.18086832 -249.03650913
 -366.92224855  -16.21405683   86.38692601 -219.19615204  245.51929336], Best Fitness = 98.44715774219569, Evaluations = 1312
Generation 42: Best Solution = [-233.26534492  -10.04102562 -123.83274834   85.14653875 -249.03532295
 -366.91893191  -16.1552616    86.38773249 -219.21330893  245.48659881], Best Fitness = 98.44578260977832, Evaluations = 1344
Generation 43: Best Solution = [-233.2564583   -10.02846999 -123.83707841   85.14478865 -249.0459829
 -366.91354127  -16.16788851   86.38194724 -219.20390937  245.4788292 ], Best Fitness = 98.44310901030953, Evaluations = 1376
Generation 44: Best Solution = [-233.27340854  -10.03078135 -123.83278692   85.12888908 -249.03902514
 -366.90574672  -16.13392648   86.39671679 -219.21065081  245.47201366], Best Fitness = 98.4421923915253, Evaluations = 1408
Generation 45: Best Solution = [-233.26463815  -10.03362565 -123.83788692   85.13728168 -249.03676864
 -366.90615813  -16.15235761   86.37862212 -219.20187707  245.48094989], Best Fitness = 98.44110244219407, Evaluations = 1440
Generation 46: Best Solution = [-233.26491429  -10.0327803  -123.83567779   85.12207633 -249.03586331
 -366.9057334   -16.12387876   86.39179006 -219.20337009  245.47232522], Best Fitness = 98.43965626789696, Evaluations = 1472
Generation 47: Best Solution = [-233.25557936  -10.03510578 -123.83560983   85.14265814 -249.03076767
 -366.8935734   -16.17222568   86.38969881 -219.20573836  245.47861026], Best Fitness = 98.43781620600733, Evaluations = 1504
Generation 48: Best Solution = [-233.25116798  -10.03760099 -123.84037677   85.14749989 -249.03023035
 -366.89312518  -16.18478115   86.3663668  -219.19720238  245.48974038], Best Fitness = 98.43716621412192, Evaluations = 1536
Generation 49: Best Solution = [-233.25018914  -10.0352772  -123.83525025   85.14024931 -249.02895359
 -366.893385    -16.15035124   86.38388456 -219.20390504  245.47057497], Best Fitness = 98.43519321246048, Evaluations = 1568
Generation 50: Best Solution = [-233.26146818  -10.02282818 -123.82841809   85.12626913 -249.02382932
 -366.8917652   -16.14045822   86.38339759 -219.1957779   245.47378834], Best Fitness = 98.43393691192274, Evaluations = 1600
Generation 51: Best Solution = [-233.24601021  -10.04240489 -123.83110905   85.14118818 -249.03296969
 -366.87579379  -16.17055173   86.38089033 -219.20575673  245.47843126], Best Fitness = 98.43302510548678, Evaluations = 1632
Generation 52: Best Solution = [-233.23797051  -10.04459152 -123.82704066   85.13757624 -249.02498947
 -366.86684469  -16.17726386   86.38256981 -219.20722596  245.47793106], Best Fitness = 98.42927257108195, Evaluations = 1664
Generation 53: Best Solution = [-233.21955773  -10.05612464 -123.83162264   85.16194733 -249.0260572
 -366.86156241  -16.21665242   86.37566473 -219.20642085  245.49425247], Best Fitness = 98.42949614085023, Evaluations = 1696
Generation 54: Best Solution = [-233.22913286  -10.04845126 -123.82446252   85.1510181  -249.01902424
 -366.86885759  -16.19438188   86.37943025 -219.20348857  245.48604096], Best Fitness = 98.42880347045089, Evaluations = 1728
Generation 55: Best Solution = [-233.22831804  -10.04789062 -123.82160858   85.14721465 -249.02109497
 -366.87092213  -16.1851169    86.38492725 -219.19397941  245.47830536], Best Fitness = 98.42719297304554, Evaluations = 1760
Generation 56: Best Solution = [-233.22717516  -10.04335173 -123.81979986   85.14000862 -249.02570185
 -366.86694923  -16.18814745   86.3793711  -219.20416464  245.47238176], Best Fitness = 98.42669038883822, Evaluations = 1792
Generation 57: Best Solution = [-233.2299463   -10.03717109 -123.81748581   85.13413785 -249.01007257
 -366.86324055  -16.1897811    86.38110977 -219.21170388  245.47063504], Best Fitness = 98.42463845800394, Evaluations = 1824
Generation 58: Best Solution = [-233.22557479  -10.03650539 -123.80719818   85.13779377 -249.01532548
 -366.86011715  -16.18608879   86.38509011 -219.21457735  245.47057002], Best Fitness = 98.42418108255681, Evaluations = 1856
Generation 59: Best Solution = [-233.23383876  -10.03824666 -123.82680523   85.13714246 -249.01046597
 -366.85498016  -16.19279479   86.37642665 -219.18717406  245.47171561], Best Fitness = 98.42158892984797, Evaluations = 1888
Generation 60: Best Solution = [-233.23212619  -10.03763003 -123.81416423   85.14674769 -249.01232399
 -366.83789173  -16.18718152   86.38118483 -219.19325459  245.48127004], Best Fitness = 98.42009347425282, Evaluations = 1920
Generation 61: Best Solution = [-233.2261041   -10.04464166 -123.82425558   85.15088354 -249.01041542
 -366.83744404  -16.18881814   86.37655179 -219.18257151  245.47508344], Best Fitness = 98.41776086098334, Evaluations = 1952
Generation 62: Best Solution = [-233.22101072  -10.04178601 -123.83473733   85.13998145 -249.01173722
 -366.84977834  -16.18228642   86.37086332 -219.16926692  245.45541784], Best Fitness = 98.4156233861969, Evaluations = 1984
Generation 63: Best Solution = [-233.2246481   -10.03937766 -123.82101614   85.14369449 -249.01037662
 -366.83461024  -16.18635154   86.36290395 -219.17715672  245.47099735], Best Fitness = 98.41486320677613, Evaluations = 2016
Generation 64: Best Solution = [-233.20203037  -10.04214578 -123.83216221   85.13614187 -249.01337858
 -366.84611588  -16.18682009   86.37760732 -219.17140719  245.4523421 ], Best Fitness = 98.41280980560518, Evaluations = 2048
Generation 65: Best Solution = [-233.20535594  -10.03757275 -123.82062609   85.1404847  -249.02102538
 -366.82560717  -16.18800361   86.3571071  -219.18277241  245.4584178 ], Best Fitness = 98.41099838163717, Evaluations = 2080
Generation 66: Best Solution = [-233.20252113  -10.04990384 -123.81780589   85.14312382 -249.00679344
 -366.83153787  -16.19519437   86.35431952 -219.17990086  245.4499599 ], Best Fitness = 98.40851893468175, Evaluations = 2112
Generation 67: Best Solution = [-233.21470756  -10.05485588 -123.82044309   85.14067155 -249.00382701
 -366.82609724  -16.19143128   86.35351356 -219.18275625  245.44396625], Best Fitness = 98.40819526287147, Evaluations = 2144
Generation 68: Best Solution = [-233.21926159  -10.05285824 -123.82503462   85.14280613 -249.00163158
 -366.81889384  -16.19847649   86.3499984  -219.1759546   245.45073583], Best Fitness = 98.40747306900796, Evaluations = 2176
Generation 69: Best Solution = [-233.20798754  -10.04262304 -123.81860738   85.14936939 -249.00751143
 -366.82265713  -16.19021537   86.35513575 -219.17389662  245.44428573], Best Fitness = 98.40652090077859, Evaluations = 2208
Generation 70: Best Solution = [-233.21843332  -10.04929773 -123.84051101   85.13904135 -248.99396571
 -366.82117122  -16.19786695   86.34870996 -219.17080356  245.43504319], Best Fitness = 98.40504800649724, Evaluations = 2240
Generation 71: Best Solution = [-233.21754001  -10.04899757 -123.83578345   85.13889632 -248.99036623
 -366.81285499  -16.20363692   86.36142444 -219.17028494  245.43968521], Best Fitness = 98.403766439993, Evaluations = 2272
Generation 72: Best Solution = [-233.21497592  -10.05233664 -123.82885052   85.13155992 -248.99496371
 -366.80430208  -16.20629696   86.35754803 -219.17406666  245.44634003], Best Fitness = 98.40288961212755, Evaluations = 2304
Generation 73: Best Solution = [-233.20852418  -10.04901114 -123.84190258   85.12742871 -248.98559378
 -366.81017477  -16.22119826   86.36607549 -219.17877163  245.42973093], Best Fitness = 98.40159679947426, Evaluations = 2336
Generation 74: Best Solution = [-233.20158738  -10.052337   -123.8294735    85.12983117 -248.98383233
 -366.80646379  -16.20185861   86.34097817 -219.15919882  245.44529384], Best Fitness = 98.39775217088443, Evaluations = 2368
Generation 75: Best Solution = [-233.20420478  -10.05830927 -123.82472793   85.13319888 -248.98240239
 -366.79773253  -16.20002331   86.33917271 -219.16185179  245.44559575], Best Fitness = 98.39639649084516, Evaluations = 2400
Generation 76: Best Solution = [-233.19659309  -10.05037568 -123.83798427   85.12120733 -248.98508143
 -366.79425286  -16.21374625   86.33459572 -219.16074463  245.43159414], Best Fitness = 98.39359314873876, Evaluations = 2432
Generation 77: Best Solution = [-233.19320339  -10.05112743 -123.85602692   85.11179793 -248.98048768
 -366.79919033  -16.21861687   86.33260534 -219.16738873  245.41777868], Best Fitness = 98.3932551513134, Evaluations = 2464
Generation 78: Best Solution = [-233.19808608  -10.04583548 -123.83852818   85.12279121 -248.97919312
 -366.78752513  -16.2195406    86.33484816 -219.16334378  245.42673406], Best Fitness = 98.39160607280296, Evaluations = 2496
Generation 79: Best Solution = [-233.19178021  -10.03797375 -123.84365139   85.1137227  -248.97242641
 -366.79302513  -16.21074638   86.34182215 -219.15308958  245.43009371], Best Fitness = 98.39043246693288, Evaluations = 2528
Generation 80: Best Solution = [-233.20494298  -10.04309392 -123.81934327   85.121492   -248.97485013
 -366.77441182  -16.21294343   86.33258632 -219.15218318  245.44072867], Best Fitness = 98.38855844398512, Evaluations = 2560
Generation 81: Best Solution = [-233.19144087  -10.03819437 -123.84941544   85.10799885 -248.97299243
 -366.78625772  -16.22214907   86.33891735 -219.15110461  245.42230814], Best Fitness = 98.38816374893621, Evaluations = 2592
Generation 82: Best Solution = [-233.20959587  -10.04519992 -123.83442909   85.10759504 -248.96730215
 -366.77148528  -16.22564987   86.33185858 -219.14840336  245.42717206], Best Fitness = 98.38601205935649, Evaluations = 2624
Generation 83: Best Solution = [-233.19600116  -10.04239727 -123.82481718   85.11397192 -248.96214213
 -366.77282982  -16.21976589   86.34177632 -219.1533105   245.43483765], Best Fitness = 98.38549019979399, Evaluations = 2656
Generation 84: Best Solution = [-233.20008016  -10.04521139 -123.81651493   85.10399961 -248.96604249
 -366.76411865  -16.22541615   86.33849257 -219.15157073  245.4344625 ], Best Fitness = 98.38367298141722, Evaluations = 2688
Generation 85: Best Solution = [-233.21275549  -10.04501764 -123.80651775   85.11147705 -248.96716639
 -366.75489672  -16.21914674   86.32278576 -219.14315952  245.4405269 ], Best Fitness = 98.38239435971082, Evaluations = 2720
Generation 86: Best Solution = [-233.2051528   -10.04757333 -123.81478759   85.10098002 -248.96703932
 -366.75733627  -16.22282918   86.33802936 -219.14525176  245.42480388], Best Fitness = 98.38103540893967, Evaluations = 2752
Generation 87: Best Solution = [-233.21287133  -10.04963088 -123.79929245   85.10406806 -248.95950695
 -366.74437933  -16.22058387   86.33746021 -219.14320187  245.44191756], Best Fitness = 98.37962608417962, Evaluations = 2784
Generation 88: Best Solution = [-233.20822201  -10.04475139 -123.81243762   85.10576068 -248.96230849
 -366.75258053  -16.21715589   86.33527194 -219.14710325  245.41180086], Best Fitness = 98.37840061879919, Evaluations = 2816
Generation 89: Best Solution = [-233.192364    -10.05094145 -123.7962621    85.10474492 -248.9733585
 -366.74969561  -16.20635288   86.3396707  -219.14507122  245.42317378], Best Fitness = 98.37768953598938, Evaluations = 2848
Generation 90: Best Solution = [-233.18985264  -10.04253145 -123.7921096    85.1080898  -248.9594878
 -366.7412633   -16.20738054   86.3325394  -219.14460766  245.43710051], Best Fitness = 98.37526915508053, Evaluations = 2880
Generation 91: Best Solution = [-233.17191952  -10.03693152 -123.79770018   85.12075796 -248.95509906
 -366.74895899  -16.20523532   86.33599593 -219.13729086  245.43000311], Best Fitness = 98.37325482846576, Evaluations = 2912
Generation 92: Best Solution = [-233.19693654  -10.02999327 -123.81331069   85.10552625 -248.93711799
 -366.73645554  -16.22589286   86.32574365 -219.13851213  245.43739818], Best Fitness = 98.37272745242406, Evaluations = 2944
Generation 93: Best Solution = [-233.20947739  -10.03234869 -123.81454403   85.09481936 -248.9326831
 -366.7313785   -16.22060336   86.32678453 -219.13867607  245.42282333], Best Fitness = 98.37063406024168, Evaluations = 2976
Generation 94: Best Solution = [-233.19635393  -10.02492036 -123.8013181    85.10902777 -248.94407167
 -366.73154579  -16.21734177   86.33122948 -219.13136439  245.4205212 ], Best Fitness = 98.36933500875386, Evaluations = 3008
Generation 95: Best Solution = [-233.19496823  -10.03377216 -123.80768155   85.10022279 -248.94086518
 -366.73689079  -16.21616803   86.31990823 -219.12349619  245.41640373], Best Fitness = 98.36798464309943, Evaluations = 3040
Generation 96: Best Solution = [-233.19854654  -10.02996729 -123.80476222   85.09645168 -248.93528355
 -366.72511058  -16.228975     86.31582958 -219.13583991  245.42093697], Best Fitness = 98.36704215725061, Evaluations = 3072
Generation 97: Best Solution = [-233.1944638   -10.03004149 -123.80600624   85.09195133 -248.94489246
 -366.72740506  -16.21395545   86.32641103 -219.12016437  245.40121017], Best Fitness = 98.36430312876121, Evaluations = 3104
Generation 98: Best Solution = [-233.18505587  -10.04226815 -123.79564906   85.08625922 -248.93882843
 -366.72668238  -16.20074371   86.32453733 -219.11998898  245.42007596], Best Fitness = 98.36361485362025, Evaluations = 3136
Generation 99: Best Solution = [-233.20106919  -10.03502447 -123.81647317   85.08880936 -248.92953286
 -366.71528212  -16.21503526   86.31812715 -219.12682708  245.40584548], Best Fitness = 98.3624211174837, Evaluations = 3168
Generation 100: Best Solution = [-233.18659596  -10.03562721 -123.78942576   85.09471134 -248.93210888
 -366.72370157  -16.2066355    86.31747984 -219.12265822  245.41240188], Best Fitness = 98.361402285593, Evaluations = 3200
Generation 101: Best Solution = [-233.19042706  -10.03988578 -123.79441479   85.09831895 -248.94344627
 -366.72451789  -16.19482963   86.30957917 -219.10315402  245.40618597], Best Fitness = 98.36057605432393, Evaluations = 3232
Generation 102: Best Solution = [-233.19791553  -10.03662749 -123.80413848   85.08944205 -248.94905961
 -366.71348093  -16.17858611   86.31788783 -219.09607081  245.4033853 ], Best Fitness = 98.35949600362464, Evaluations = 3264
Generation 103: Best Solution = [-233.19362158  -10.0293684  -123.80333902   85.09973293 -248.93353326
 -366.70482077  -16.2089012    86.31334878 -219.11141879  245.41062105], Best Fitness = 98.35836039228727, Evaluations = 3296
Generation 104: Best Solution = [-233.1851149   -10.04334154 -123.78981835   85.0853528  -248.9361441
 -366.71799736  -16.18463167   86.32788329 -219.10060424  245.40080058], Best Fitness = 98.35683743798504, Evaluations = 3328
Generation 105: Best Solution = [-233.19379364  -10.04379102 -123.79915249   85.07988481 -248.93078115
 -366.70487518  -16.18061695   86.3309106  -219.10626281  245.39374418], Best Fitness = 98.35500466921975, Evaluations = 3360
Generation 106: Best Solution = [-233.19336737  -10.04836406 -123.79954234   85.07319079 -248.93068128
 -366.70385277  -16.17828846   86.33077672 -219.10579804  245.37800457], Best Fitness = 98.35255123311325, Evaluations = 3392
Generation 107: Best Solution = [-233.18833156  -10.04310194 -123.78354578   85.07912473 -248.92478843
 -366.69618552  -16.17822932   86.33472038 -219.10355954  245.38816293], Best Fitness = 98.35019167414951, Evaluations = 3424
Generation 108: Best Solution = [-233.17767953  -10.04126866 -123.7803906    85.08184831 -248.92765672
 -366.6996743   -16.1761964    86.32414621 -219.10457299  245.38466696], Best Fitness = 98.34905680380632, Evaluations = 3456
Generation 109: Best Solution = [-233.17843219  -10.04476714 -123.78933937   85.07074752 -248.93159932
 -366.69337937  -16.17581891   86.31765852 -219.10471598  245.37927696], Best Fitness = 98.34771832520089, Evaluations = 3488
Generation 110: Best Solution = [-233.17666916  -10.03858937 -123.77033536   85.09228527 -248.92256857
 -366.69621611  -16.17453354   86.31741766 -219.09820685  245.38180805], Best Fitness = 98.34607886702665, Evaluations = 3520
Generation 111: Best Solution = [-233.17338862  -10.04356553 -123.7966963    85.07048112 -248.92561263
 -366.68336653  -16.18051777   86.3253019  -219.09095173  245.38108844], Best Fitness = 98.3440454913027, Evaluations = 3552
Generation 112: Best Solution = [-233.1776167   -10.05006498 -123.80443775   85.06258898 -248.92769238
 -366.67757388  -16.17769673   86.32500874 -219.08613887  245.37890984], Best Fitness = 98.3431296991504, Evaluations = 3584
Generation 113: Best Solution = [-233.16701154  -10.03398816 -123.78446619   85.07413263 -248.91840768
 -366.69133366  -16.18499593   86.316543   -219.08819504  245.37409394], Best Fitness = 98.3416742206054, Evaluations = 3616
Generation 114: Best Solution = [-233.1748098   -10.05341808 -123.79569191   85.07277801 -248.91876692
 -366.67274857  -16.1730151    86.32426562 -219.09318643  245.37472157], Best Fitness = 98.34085393751843, Evaluations = 3648
Generation 115: Best Solution = [-233.16589028  -10.04308247 -123.79685218   85.07673313 -248.91489774
 -366.67865553  -16.1799338    86.32025972 -219.08639225  245.36878472], Best Fitness = 98.33896614369505, Evaluations = 3680
Generation 116: Best Solution = [-233.17167359  -10.04510918 -123.78603884   85.07167045 -248.91844497
 -366.66568596  -16.17423893   86.31040437 -219.07899511  245.37350516], Best Fitness = 98.33618375318366, Evaluations = 3712
Generation 117: Best Solution = [-233.16132599  -10.05249221 -123.80141107   85.06626786 -248.91399933
 -366.66678248  -16.18308807   86.31484211 -219.07999255  245.37138412], Best Fitness = 98.33549441963818, Evaluations = 3744
Generation 118: Best Solution = [-233.15329676  -10.057463   -123.82276449   85.06835209 -248.9160335
 -366.65403602  -16.18341098   86.32701999 -219.07441256  245.3706074 ], Best Fitness = 98.33371517424001, Evaluations = 3776
Generation 119: Best Solution = [-233.1629464   -10.05778015 -123.80496156   85.05954568 -248.91821737
 -366.65057584  -16.19474327   86.32078027 -219.0852215   245.36195625], Best Fitness = 98.33302356162784, Evaluations = 3808
Generation 120: Best Solution = [-233.15933141  -10.0626315  -123.81483743   85.0560301  -248.90898094
 -366.64548755  -16.19502664   86.32819538 -219.08353305  245.3659112 ], Best Fitness = 98.33161755217513, Evaluations = 3840
Generation 121: Best Solution = [-233.15473471  -10.0594094  -123.80803326   85.05834146 -248.90765047
 -366.65131617  -16.18739179   86.3258365  -219.06418757  245.37233841], Best Fitness = 98.33012254159173, Evaluations = 3872
Generation 122: Best Solution = [-233.14772324  -10.0432977  -123.80742449   85.05671187 -248.89957184
 -366.65430516  -16.17698638   86.31690303 -219.07370624  245.37102528], Best Fitness = 98.32904827997048, Evaluations = 3904
Generation 123: Best Solution = [-233.14804677  -10.03577445 -123.79488675   85.05785681 -248.89840103
 -366.65229557  -16.17095489   86.32071838 -219.0858922   245.35585791], Best Fitness = 98.32740267544509, Evaluations = 3936
Generation 124: Best Solution = [-233.14945532  -10.03737413 -123.80241734   85.05915872 -248.89044127
 -366.64291338  -16.16888517   86.33120829 -219.08344274  245.35605554], Best Fitness = 98.32555457240993, Evaluations = 3968
Generation 125: Best Solution = [-233.15154477  -10.04342196 -123.79605857   85.06842953 -248.89758879
 -366.6407148   -16.16436317   86.33003548 -219.07075033  245.35531087], Best Fitness = 98.32472990417703, Evaluations = 4000
Generation 126: Best Solution = [-233.14624833  -10.04464471 -123.8019339    85.06778946 -248.89944462
 -366.6422983   -16.16952158   86.33591171 -219.06884332  245.34216119], Best Fitness = 98.3234505025942, Evaluations = 4032
Generation 127: Best Solution = [-233.13829895  -10.05582052 -123.80145104   85.07230655 -248.89925186
 -366.63888745  -16.17079688   86.33241413 -219.07382446  245.33384702], Best Fitness = 98.3214708258086, Evaluations = 4064
Generation 128: Best Solution = [-233.13343423  -10.0702426  -123.8076875    85.05887874 -248.89838437
 -366.64645518  -16.19194605   86.32325724 -219.07193274  245.32354158], Best Fitness = 98.32043857135922, Evaluations = 4096
Generation 129: Best Solution = [-233.12885268  -10.05655224 -123.79722448   85.06531252 -248.88875985
 -366.64923829  -16.18411284   86.33038478 -219.06982372  245.32871644], Best Fitness = 98.31935328565746, Evaluations = 4128
Generation 130: Best Solution = [-233.12716015  -10.06505689 -123.79328057   85.08143985 -248.9106685
 -366.63586104  -16.16522178   86.33130255 -219.06630366  245.31272645], Best Fitness = 98.31746204979443, Evaluations = 4160
Generation 131: Best Solution = [-233.12174927  -10.0616829  -123.79284501   85.08517484 -248.91441044
 -366.63159631  -16.16798059   86.32791681 -219.06553443  245.31190001], Best Fitness = 98.31631186464836, Evaluations = 4192
Generation 132: Best Solution = [-233.11151501  -10.06449788 -123.79119673   85.08303887 -248.9069334
 -366.62340884  -16.16188111   86.33889764 -219.06845647  245.32180021], Best Fitness = 98.31445297031007, Evaluations = 4224
Generation 133: Best Solution = [-233.10465402  -10.05692018 -123.79678855   85.07206661 -248.89956551
 -366.63238331  -16.17738468   86.33148706 -219.05757533  245.31834048], Best Fitness = 98.31241927094312, Evaluations = 4256
Generation 134: Best Solution = [-233.10732275  -10.05439966 -123.78807625   85.08466787 -248.89637067
 -366.63471761  -16.16437785   86.32488849 -219.05934901  245.31401063], Best Fitness = 98.31196367633682, Evaluations = 4288
Generation 135: Best Solution = [-233.11553948  -10.04951426 -123.79340284   85.06387905 -248.89149861
 -366.62266617  -16.17375814   86.33007468 -219.0540228   245.32176139], Best Fitness = 98.31027915242775, Evaluations = 4320
Generation 136: Best Solution = [-233.10862823  -10.06493962 -123.78888362   85.081182   -248.90092668
 -366.624313    -16.15014849   86.33097135 -219.05325826  245.30479414], Best Fitness = 98.30912805624435, Evaluations = 4352
Generation 137: Best Solution = [-233.11500422  -10.05639888 -123.79376687   85.06963301 -248.89161514
 -366.62212153  -16.15911874   86.32095233 -219.0475277   245.30863047], Best Fitness = 98.30758891797873, Evaluations = 4384
Generation 138: Best Solution = [-233.10139954  -10.04186289 -123.7958111    85.0680721  -248.89895027
 -366.60941896  -16.15314118   86.34650419 -219.04898195  245.30813173], Best Fitness = 98.3057272543717, Evaluations = 4416
Generation 139: Best Solution = [-233.10508368  -10.04094788 -123.79720181   85.0676299  -248.89712224
 -366.60318776  -16.14761421   86.34576885 -219.04388906  245.30708865], Best Fitness = 98.30409224798244, Evaluations = 4448
Generation 140: Best Solution = [-233.09188085  -10.04268546 -123.79542962   85.06572785 -248.90263671
 -366.59754832  -16.14376738   86.36086125 -219.04027173  245.31307453], Best Fitness = 98.30299027710684, Evaluations = 4480
Generation 141: Best Solution = [-233.09461464  -10.06078815 -123.78523841   85.06826516 -248.89345088
 -366.61654742  -16.15958119   86.33197251 -219.04745091  245.28779135], Best Fitness = 98.30178394204898, Evaluations = 4512
Generation 142: Best Solution = [-233.08841647  -10.05689813 -123.78386299   85.05019662 -248.88963884
 -366.6156389   -16.15763756   86.33069476 -219.04637736  245.29043259], Best Fitness = 98.29974969122523, Evaluations = 4544
Generation 143: Best Solution = [-233.08846217  -10.06138564 -123.77664853   85.06887368 -248.88470507
 -366.61800742  -16.160928     86.32820578 -219.05275128  245.28083024], Best Fitness = 98.29930331158215, Evaluations = 4576
Generation 144: Best Solution = [-233.08529406  -10.05706753 -123.77218452   85.06963463 -248.87350423
 -366.62209062  -16.15915774   86.31987934 -219.05721666  245.28239041], Best Fitness = 98.29829909390276, Evaluations = 4608
Generation 145: Best Solution = [-233.08305847  -10.07033332 -123.77477064   85.07708024 -248.87669127
 -366.61536756  -16.15703508   86.31889324 -219.05466672  245.27514628], Best Fitness = 98.29651040267048, Evaluations = 4640
Generation 146: Best Solution = [-233.08548519  -10.06113077 -123.76994165   85.07014986 -248.87970328
 -366.61412623  -16.15865151   86.31286843 -219.04640726  245.27630908], Best Fitness = 98.29532741733102, Evaluations = 4672
Generation 147: Best Solution = [-233.0853031   -10.06786132 -123.78165536   85.0703073  -248.87606964
 -366.61140528  -16.1545118    86.31455981 -219.05140789  245.2621981 ], Best Fitness = 98.29397816526316, Evaluations = 4704
Generation 148: Best Solution = [-233.07450066  -10.05922104 -123.78035826   85.06697271 -248.87366152
 -366.61015704  -16.15393833   86.31057844 -219.05244253  245.27209517], Best Fitness = 98.2930689731556, Evaluations = 4736
Generation 149: Best Solution = [-233.07678283  -10.05927478 -123.76801752   85.06820875 -248.86187586
 -366.61171213  -16.15673789   86.31636429 -219.05750318  245.26293455], Best Fitness = 98.29112636963242, Evaluations = 4768
Generation 150: Best Solution = [-233.06931472  -10.05773739 -123.76415112   85.06709336 -248.86158737
 -366.60407556  -16.14307193   86.30761197 -219.06809968  245.26838331], Best Fitness = 98.2898808233024, Evaluations = 4800
Generation 151: Best Solution = [-233.06823183  -10.06313639 -123.78147337   85.06233856 -248.88189188
 -366.59920293  -16.14925895   86.30788173 -219.04605191  245.25256638], Best Fitness = 98.2880544791189, Evaluations = 4832
Generation 152: Best Solution = [-233.06405266  -10.06612088 -123.76413449   85.06650626 -248.86685565
 -366.59338065  -16.14593049   86.31338428 -219.05585917  245.26142233], Best Fitness = 98.28608090861184, Evaluations = 4864
Generation 153: Best Solution = [-233.06272052  -10.06596892 -123.75884416   85.06806725 -248.86592639
 -366.5891355   -16.14274925   86.31412347 -219.0583789   245.25936553], Best Fitness = 98.2847995239768, Evaluations = 4896
Generation 154: Best Solution = [-233.06309662  -10.06332906 -123.7688722    85.06383999 -248.85296833
 -366.58957561  -16.14433379   86.30950303 -219.05542543  245.26710066], Best Fitness = 98.28415739343538, Evaluations = 4928
Generation 155: Best Solution = [-233.06563264  -10.04884224 -123.76694877   85.06665894 -248.8340582
 -366.59228423  -16.14735579   86.30983996 -219.06486198  245.25624569], Best Fitness = 98.28220875894267, Evaluations = 4960
Generation 156: Best Solution = [-233.04564079  -10.05108594 -123.75327714   85.05990524 -248.85818388
 -366.57636909  -16.13300785   86.31528532 -219.07368061  245.2659467 ], Best Fitness = 98.28120862117619, Evaluations = 4992
Generation 157: Best Solution = [-233.04319768  -10.06316956 -123.75428497   85.06905777 -248.85427359
 -366.57471672  -16.11925013   86.31441848 -219.05548799  245.27501355], Best Fitness = 98.27956687873697, Evaluations = 5024
Generation 158: Best Solution = [-233.03764804  -10.05895282 -123.75525602   85.07030306 -248.84376108
 -366.57758997  -16.12331623   86.31195303 -219.06406976  245.26357972], Best Fitness = 98.27766511419398, Evaluations = 5056
Generation 159: Best Solution = [-233.03712162  -10.0529671  -123.74145583   85.07080632 -248.83169687
 -366.57626676  -16.11717866   86.32022106 -219.05907222  245.27504352], Best Fitness = 98.27612817691823, Evaluations = 5088
Generation 160: Best Solution = [-233.03429269  -10.05867734 -123.74926797   85.07335655 -248.86275174
 -366.56176121  -16.11753201   86.30591853 -219.05075494  245.25763606], Best Fitness = 98.27404650884189, Evaluations = 5120
Generation 161: Best Solution = [-233.03788022  -10.05892972 -123.75867774   85.0672527  -248.8511375
 -366.55796132  -16.12647836   86.31133148 -219.05921285  245.25095624], Best Fitness = 98.27306637160771, Evaluations = 5152
Generation 162: Best Solution = [-233.04307276  -10.06139664 -123.75994596   85.06820759 -248.83382617
 -366.55603019  -16.11938798   86.31664837 -219.0592226   245.25307361], Best Fitness = 98.27169120658947, Evaluations = 5184
Generation 163: Best Solution = [-233.03629979  -10.06484973 -123.75547301   85.06242016 -248.83434671
 -366.55141902  -16.13063036   86.31175837 -219.06181102  245.25351927], Best Fitness = 98.2698706697895, Evaluations = 5216
Generation 164: Best Solution = [-233.03545056  -10.05483583 -123.7648839    85.06306282 -248.83778341
 -366.55754367  -16.13017379   86.30771431 -219.05177812  245.23070791], Best Fitness = 98.26779958533797, Evaluations = 5248
Generation 165: Best Solution = [-233.02663084  -10.05641403 -123.7633755    85.0453265  -248.82247266
 -366.56431669  -16.13051354   86.30468923 -219.05332093  245.23688188], Best Fitness = 98.2661099962972, Evaluations = 5280
Generation 166: Best Solution = [-233.02296278  -10.0511604  -123.76135352   85.0579204  -248.83669867
 -366.55142426  -16.12184225   86.31835367 -219.03737671  245.2322318 ], Best Fitness = 98.26364236096768, Evaluations = 5312
Generation 167: Best Solution = [-233.0208691   -10.06012851 -123.77502466   85.05019111 -248.81162816
 -366.55256981  -16.13735216   86.30442494 -219.04726594  245.2335472 ], Best Fitness = 98.26181241290381, Evaluations = 5344
Generation 168: Best Solution = [-233.02257411  -10.05532942 -123.77018331   85.04725143 -248.81953082
 -366.54805575  -16.13716786   86.30125151 -219.04867794  245.22814203], Best Fitness = 98.2611112773348, Evaluations = 5376
Generation 169: Best Solution = [-233.01829177  -10.05133064 -123.76514106   85.05272198 -248.82724959
 -366.54364869  -16.13100633   86.30888752 -219.03641852  245.22526534], Best Fitness = 98.2592338552958, Evaluations = 5408
Generation 170: Best Solution = [-233.02044931  -10.05872302 -123.76505368   85.05376801 -248.81988221
 -366.5334015   -16.13907268   86.31458041 -219.03286657  245.23161252], Best Fitness = 98.25745774203699, Evaluations = 5440
Generation 171: Best Solution = [-233.01850824  -10.0547789  -123.76772464   85.04464295 -248.81600973
 -366.5345821   -16.1344349    86.30691305 -219.03457592  245.22176549], Best Fitness = 98.25537439900981, Evaluations = 5472
Generation 172: Best Solution = [-233.01137785  -10.04502705 -123.76918234   85.04958609 -248.80367103
 -366.53889192  -16.13755687   86.30506806 -219.03954166  245.22689286], Best Fitness = 98.25510097855643, Evaluations = 5504
Generation 173: Best Solution = [-233.01276845  -10.05568958 -123.76061422   85.04793313 -248.79774113
 -366.53091042  -16.14637929   86.30343147 -219.02378572  245.22969214], Best Fitness = 98.25114840951835, Evaluations = 5536
Generation 174: Best Solution = [-233.00942132  -10.04957094 -123.76478389   85.04647772 -248.7898523
 -366.5369153   -16.15039354   86.30072239 -219.01594106  245.23071592], Best Fitness = 98.250198017243, Evaluations = 5568
Generation 175: Best Solution = [-233.01127563  -10.05599757 -123.75682469   85.03963656 -248.79246995
 -366.5251305   -16.13937593   86.30294463 -219.01393011  245.23771356], Best Fitness = 98.24853356248829, Evaluations = 5600
Generation 176: Best Solution = [-233.01207442  -10.0510884  -123.76003724   85.03574168 -248.79897989
 -366.51758252  -16.12484091   86.30864119 -219.01712085  245.23137961], Best Fitness = 98.24779931716348, Evaluations = 5632
Generation 177: Best Solution = [-233.00978535  -10.04288026 -123.76072878   85.04610312 -248.77751783
 -366.5329822   -16.16102256   86.29985157 -219.01322857  245.22259825], Best Fitness = 98.24642376930257, Evaluations = 5664
Generation 178: Best Solution = [-232.99556742  -10.05187661 -123.7679298    85.02538383 -248.79153635
 -366.52103953  -16.11082204   86.32165863 -219.01620883  245.21857599], Best Fitness = 98.2444375703172, Evaluations = 5696
Generation 179: Best Solution = [-233.00907728  -10.05871366 -123.75679022   85.04130948 -248.79265897
 -366.51242546  -16.12088904   86.28944278 -219.01811219  245.21724494], Best Fitness = 98.24329822001442, Evaluations = 5728
Generation 180: Best Solution = [-233.00539843  -10.05906867 -123.7585258    85.03729329 -248.78021097
 -366.51265838  -16.12969416   86.30187022 -219.02308626  245.21303587], Best Fitness = 98.24192977126816, Evaluations = 5760
Generation 181: Best Solution = [-233.01102801  -10.06241365 -123.74962105   85.05536486 -248.77630316
 -366.50894566  -16.1478931    86.2925014  -219.0171465   245.20876876], Best Fitness = 98.24014494926024, Evaluations = 5792
Generation 182: Best Solution = [-233.0083802   -10.06143401 -123.74570073   85.0514873  -248.79323515
 -366.49643277  -16.12073709   86.29048628 -219.02429865  245.20337592], Best Fitness = 98.23912584937108, Evaluations = 5824
Generation 183: Best Solution = [-233.00630102  -10.0608334  -123.74515839   85.05256204 -248.77429998
 -366.50985428  -16.14884561   86.28809242 -219.00782979  245.20158838], Best Fitness = 98.2370359376649, Evaluations = 5856
Generation 184: Best Solution = [-233.01296421  -10.05947334 -123.74149014   85.05406363 -248.76501673
 -366.50687621  -16.16189481   86.28605455 -219.01554582  245.1928611 ], Best Fitness = 98.23572672082308, Evaluations = 5888
Generation 185: Best Solution = [-233.01208897  -10.06291405 -123.73499341   85.06677144 -248.78339
 -366.50133395  -16.15247928   86.27994354 -219.01540174  245.17866312], Best Fitness = 98.23495220552383, Evaluations = 5920
Generation 186: Best Solution = [-233.01847397  -10.07707915 -123.73559109   85.07555171 -248.78677059
 -366.4978813   -16.16632797   86.26188117 -219.01659552  245.16522471], Best Fitness = 98.23378501602747, Evaluations = 5952
Generation 187: Best Solution = [-233.02989155  -10.07138426 -123.74826306   85.07969864 -248.77122778
 -366.48438683  -16.20019527   86.26051075 -219.02737042  245.15614516], Best Fitness = 98.23189109668087, Evaluations = 5984
Generation 188: Best Solution = [-233.00259661  -10.04235042 -123.739811     85.02108465 -248.74741747
 -366.50707819  -16.17218001   86.30383688 -219.00433087  245.1991073 ], Best Fitness = 98.23126521099209, Evaluations = 6016
Generation 189: Best Solution = [-232.996376    -10.03630175 -123.73952646   85.0119073  -248.73881286
 -366.50606059  -16.16960705   86.31360009 -219.00699864  245.20259542], Best Fitness = 98.22998921020722, Evaluations = 6048
Generation 190: Best Solution = [-232.98032327  -10.01202195 -123.73048948   84.98675603 -248.72434555
 -366.51232763  -16.15314764   86.33251698 -218.99697541  245.22413503], Best Fitness = 98.22801802968398, Evaluations = 6080
Generation 191: Best Solution = [-232.995179    -10.00627915 -123.73693082   84.99276201 -248.73825544
 -366.50514364  -16.1405458    86.32259955 -218.98338074  245.20920993], Best Fitness = 98.22693907873212, Evaluations = 6112
Generation 192: Best Solution = [-232.99729194  -10.0272444  -123.73290823   85.01839638 -248.74191281
 -366.49301985  -16.15113146   86.305433   -218.99738985  245.18675706], Best Fitness = 98.22440807573007, Evaluations = 6144
Generation 193: Best Solution = [-232.98884346  -10.01538725 -123.73237421   85.00709109 -248.7359254
 -366.49224825  -16.14815009   86.30344806 -218.99894783  245.18764297], Best Fitness = 98.22217430535446, Evaluations = 6176
Generation 194: Best Solution = [-232.98267814  -10.02477151 -123.73798315   85.01357108 -248.73848768
 -366.48846093  -16.14908915   86.30590769 -219.00375284  245.18122811], Best Fitness = 98.22157989228782, Evaluations = 6208
Generation 195: Best Solution = [-232.9986585   -10.04667877 -123.72082385   85.03211071 -248.72467063
 -366.4833002   -16.16638872   86.30998992 -219.00786904  245.16951767], Best Fitness = 98.21987291436331, Evaluations = 6240
Generation 196: Best Solution = [-232.98785203  -10.041395   -123.71461309   85.02884154 -248.70069167
 -366.48351123  -16.16629413   86.32505432 -219.01711136  245.18860095], Best Fitness = 98.21907829453009, Evaluations = 6272
Generation 197: Best Solution = [-232.98687306  -10.05604064 -123.71908973   85.02925135 -248.70853017
 -366.4802927   -16.17371813   86.31389658 -219.01385128  245.17750021], Best Fitness = 98.21761066358197, Evaluations = 6304
Generation 198: Best Solution = [-232.98309494  -10.04336054 -123.71922621   85.00810754 -248.69476143
 -366.48424827  -16.15155187   86.32338496 -219.00266786  245.18816224], Best Fitness = 98.21560752952954, Evaluations = 6336
Generation 199: Best Solution = [-232.97209997  -10.04136836 -123.72519546   84.98888024 -248.70471078
 -366.47901567  -16.12459364   86.32901957 -218.98210376  245.20265698], Best Fitness = 98.21380091293717, Evaluations = 6368
Generation 200: Best Solution = [-232.9612468   -10.03613366 -123.72531765   84.98262134 -248.69350965
 -366.47983155  -16.11880357   86.33289259 -218.97881622  245.20617696], Best Fitness = 98.21120815664985, Evaluations = 6400
Generation 201: Best Solution = [-232.96991772  -10.04510587 -123.72117057   85.00246078 -248.69467761
 -366.4746498   -16.13533697   86.32734539 -218.98371402  245.18720297], Best Fitness = 98.21006758200927, Evaluations = 6432
Generation 202: Best Solution = [-232.96910244  -10.05051305 -123.72666092   84.99397527 -248.69608244
 -366.46247218  -16.13978632   86.33458804 -218.97502081  245.1969256 ], Best Fitness = 98.20856219007766, Evaluations = 6464
Generation 203: Best Solution = [-232.98424836  -10.05769083 -123.72174293   85.01341052 -248.68690976
 -366.44891688  -16.15893453   86.32441008 -218.99704951  245.17336379], Best Fitness = 98.20643103477921, Evaluations = 6496
Generation 204: Best Solution = [-232.97941926  -10.03925767 -123.73004701   85.0137241  -248.68341443
 -366.45119787  -16.15339398   86.33583083 -218.98402246  245.17885689], Best Fitness = 98.20593704360385, Evaluations = 6528
Generation 205: Best Solution = [-232.97425011  -10.05403645 -123.70940992   85.02003723 -248.69406332
 -366.45870035  -16.1614237    86.32065582 -218.98025886  245.16753535], Best Fitness = 98.20471686143078, Evaluations = 6560
Generation 206: Best Solution = [-232.96246364  -10.03614361 -123.72627661   85.00680135 -248.66870933
 -366.46173954  -16.15644015   86.35221088 -218.96402507  245.18021026], Best Fitness = 98.20221144945157, Evaluations = 6592
Generation 207: Best Solution = [-232.96781357  -10.01603349 -123.72529651   84.97649559 -248.67349462
 -366.45350831  -16.12624879   86.34973855 -218.95440514  245.1969743 ], Best Fitness = 98.2012998736823, Evaluations = 6624
Generation 208: Best Solution = [-232.96810888  -10.02463146 -123.72533515   84.97345149 -248.665178
 -366.44213378  -16.12679427   86.34418344 -218.96284452  245.19700598], Best Fitness = 98.19885341224212, Evaluations = 6656
Generation 209: Best Solution = [-232.96288333  -10.03512269 -123.72190389   85.00354385 -248.67402922
 -366.44395818  -16.15338204   86.34096259 -218.96912266  245.16416818], Best Fitness = 98.19739499687911, Evaluations = 6688
Generation 210: Best Solution = [-232.9550029   -10.03350916 -123.72037699   85.0002791  -248.6683087
 -366.45065353  -16.13709365   86.34766907 -218.95559593  245.16507376], Best Fitness = 98.19553197139766, Evaluations = 6720
Generation 211: Best Solution = [-232.9430412   -10.02862713 -123.71714261   84.98996216 -248.67526124
 -366.45263627  -16.12279435   86.35014541 -218.94967053  245.16537637], Best Fitness = 98.19414162930788, Evaluations = 6752
Generation 212: Best Solution = [-232.95643497  -10.02152285 -123.71344543   84.99237105 -248.66535367
 -366.44118667  -16.12552999   86.34873502 -218.94273038  245.17117034], Best Fitness = 98.19210532386853, Evaluations = 6784
Generation 213: Best Solution = [-232.96770182  -10.02551072 -123.7172077    84.99647034 -248.66641866
 -366.4405815   -16.12554983   86.34310736 -218.93051583  245.16144565], Best Fitness = 98.19108258625997, Evaluations = 6816
Generation 214: Best Solution = [-232.96545826  -10.03137924 -123.72206816   84.98983533 -248.64980554
 -366.42947384  -16.12795582   86.34610508 -218.95084616  245.16239432], Best Fitness = 98.1892917284938, Evaluations = 6848
Generation 215: Best Solution = [-232.95174543  -10.04901515 -123.71849415   84.98637933 -248.66578759
 -366.4348381   -16.12547738   86.3442114  -218.94146277  245.15191462], Best Fitness = 98.18801756418556, Evaluations = 6880
Generation 216: Best Solution = [-232.95342587  -10.04400876 -123.71615546   84.99205466 -248.65756167
 -366.42548251  -16.12553397   86.33738871 -218.95025656  245.15225415], Best Fitness = 98.18622846471328, Evaluations = 6912
Generation 217: Best Solution = [-232.95615063  -10.04906784 -123.72141177   84.99000613 -248.65373338
 -366.41928361  -16.13201071   86.33162421 -218.9393407   245.15099936], Best Fitness = 98.183666676871, Evaluations = 6944
Generation 218: Best Solution = [-232.95176982  -10.03713523 -123.71946895   84.98287368 -248.64931243
 -366.42361618  -16.13855068   86.3252742  -218.93179641  245.15148779], Best Fitness = 98.18195145579541, Evaluations = 6976
Generation 219: Best Solution = [-232.94920331  -10.03846425 -123.72035043   84.98663099 -248.65278606
 -366.41898163  -16.1339997    86.33426735 -218.92796288  245.15792665], Best Fitness = 98.18215615296155, Evaluations = 7008
Generation 220: Best Solution = [-232.93460953  -10.02887113 -123.71100034   84.97781947 -248.63953673
 -366.41888305  -16.13224224   86.32442039 -218.94039631  245.15822674], Best Fitness = 98.17878351341125, Evaluations = 7040
Generation 221: Best Solution = [-232.94173892  -10.02761208 -123.71491662   84.98773204 -248.63235085
 -366.40844157  -16.13536152   86.32131538 -218.94870404  245.15630316], Best Fitness = 98.17797779886695, Evaluations = 7072
Generation 222: Best Solution = [-232.92630695  -10.01503915 -123.71097999   84.98099081 -248.62901404
 -366.41429661  -16.13764146   86.3188228  -218.94064232  245.16926652], Best Fitness = 98.17687116072273, Evaluations = 7104
Generation 223: Best Solution = [-232.93162313  -10.02326473 -123.71208676   84.98777229 -248.63069105
 -366.40179139  -16.13616203   86.32789949 -218.9385024   245.17011737], Best Fitness = 98.17603298600604, Evaluations = 7136
Generation 224: Best Solution = [-232.92731764  -10.0158796  -123.70594939   84.98395207 -248.62929055
 -366.40778052  -16.13819026   86.33547597 -218.92369181  245.16838498], Best Fitness = 98.17438996173334, Evaluations = 7168
Generation 225: Best Solution = [-232.93085226  -10.02214642 -123.71514269   84.99265304 -248.63330916
 -366.39720871  -16.13864728   86.31364382 -218.93412688  245.15360483], Best Fitness = 98.17271118976562, Evaluations = 7200
Generation 226: Best Solution = [-232.9264659   -10.01495008 -123.7224729    84.9974029  -248.62768886
 -366.39214311  -16.13758723   86.32370988 -218.93010144  245.15674532], Best Fitness = 98.17151423880347, Evaluations = 7232
Generation 227: Best Solution = [-232.93103383  -10.02871983 -123.71462463   84.9994424  -248.62957853
 -366.39285627  -16.12408909   86.31857598 -218.92805918  245.14784087], Best Fitness = 98.1704513670215, Evaluations = 7264
Generation 228: Best Solution = [-232.91788303  -10.0261668  -123.70976287   84.99037123 -248.63154277
 -366.39190543  -16.12406561   86.32001446 -218.93223325  245.14105228], Best Fitness = 98.16803229203609, Evaluations = 7296
Generation 229: Best Solution = [-232.91251934  -10.03652911 -123.71620617   84.99167441 -248.63173827
 -366.38787616  -16.1143904    86.3192724  -218.93745496  245.12697914], Best Fitness = 98.16594406583417, Evaluations = 7328
Generation 230: Best Solution = [-232.90415819  -10.04140016 -123.71663455   84.98365306 -248.63271091
 -366.39157049  -16.11184258   86.31095096 -218.94613662  245.11057497], Best Fitness = 98.16409452209251, Evaluations = 7360
Generation 231: Best Solution = [-232.9097459   -10.03648556 -123.71087691   84.98002863 -248.6270136
 -366.3923434   -16.12578737   86.30715938 -218.92406637  245.11625655], Best Fitness = 98.16188034107311, Evaluations = 7392
Generation 232: Best Solution = [-232.91749228  -10.03255225 -123.70845102   84.9802194  -248.62356903
 -366.39213681  -16.1250253    86.30296925 -218.91625576  245.11544811], Best Fitness = 98.1610109847931, Evaluations = 7424
Generation 233: Best Solution = [-232.91574598  -10.03517174 -123.71315075   84.98488945 -248.62724768
 -366.38444375  -16.12896732   86.30331751 -218.92478682  245.10567921], Best Fitness = 98.16013166750743, Evaluations = 7456
Generation 234: Best Solution = [-232.91443333  -10.02654816 -123.7109111    84.99209233 -248.62120574
 -366.38198632  -16.12587877   86.29962786 -218.92727398  245.10211292], Best Fitness = 98.15850689208774, Evaluations = 7488
Generation 235: Best Solution = [-232.90918187  -10.02630549 -123.70433328   84.98834602 -248.61963582
 -366.38669185  -16.13002052   86.29173711 -218.92406468  245.10556495], Best Fitness = 98.15777583455922, Evaluations = 7520
Generation 236: Best Solution = [-232.91182594  -10.02985589 -123.69931147   84.98793324 -248.61446343
 -366.37458748  -16.1347307    86.29870042 -218.92038461  245.10692805], Best Fitness = 98.15502630986308, Evaluations = 7552
Generation 237: Best Solution = [-232.89217013  -10.02877234 -123.70088      84.97822755 -248.6095393
 -366.38036363  -16.14012458   86.29441346 -218.92494826  245.10499611], Best Fitness = 98.15302117234528, Evaluations = 7584
Generation 238: Best Solution = [-232.90538769  -10.04619798 -123.69807512   84.99094792 -248.61885598
 -366.37694569  -16.12554621   86.29787326 -218.90984045  245.0971728 ], Best Fitness = 98.1529269721641, Evaluations = 7616
Generation 239: Best Solution = [-232.9089537   -10.03156246 -123.70133914   84.9890278  -248.6226966
 -366.36016521  -16.13161336   86.29763178 -218.9187819   245.09454739], Best Fitness = 98.15151338883537, Evaluations = 7648
Generation 240: Best Solution = [-232.91193974  -10.04360025 -123.70081269   84.9885928  -248.62539862
 -366.35796199  -16.13605502   86.29273036 -218.91283523  245.09363363], Best Fitness = 98.1508821378375, Evaluations = 7680
Generation 241: Best Solution = [-232.90232171  -10.04782969 -123.7054851    84.97743323 -248.61444408
 -366.36452609  -16.12269227   86.28606698 -218.91934753  245.09203158], Best Fitness = 98.14960383925775, Evaluations = 7712
Generation 242: Best Solution = [-232.90170736  -10.0269081  -123.70836431   85.00217286 -248.61826298
 -366.35278145  -16.13044849   86.29711722 -218.92249119  245.08335902], Best Fitness = 98.14866681206142, Evaluations = 7744
Generation 243: Best Solution = [-232.89962906  -10.03841535 -123.69835865   84.99312787 -248.61331572
 -366.3568909   -16.12501432   86.27441186 -218.91303553  245.0903406 ], Best Fitness = 98.14646998459298, Evaluations = 7776
Generation 244: Best Solution = [-232.90634902  -10.04125949 -123.69296319   85.00611061 -248.6187061
 -366.34368809  -16.12693558   86.28454254 -218.90463893  245.09254175], Best Fitness = 98.14549178765924, Evaluations = 7808
Generation 245: Best Solution = [-232.90103453  -10.03898198 -123.70198533   84.98911875 -248.61240733
 -366.34252449  -16.12315972   86.26886959 -218.91162278  245.09833426], Best Fitness = 98.14454958277481, Evaluations = 7840
Generation 246: Best Solution = [-232.89439469  -10.04941341 -123.70479001   84.9700013  -248.60323496
 -366.34958991  -16.12653138   86.25618498 -218.92609351  245.0893747 ], Best Fitness = 98.1434103470888, Evaluations = 7872
Generation 247: Best Solution = [-232.89922661  -10.03606996 -123.68732977   84.99196878 -248.60969243
 -366.34225102  -16.12960427   86.28509375 -218.90214154  245.08409964], Best Fitness = 98.14110644985729, Evaluations = 7904
Generation 248: Best Solution = [-232.89991632  -10.03735613 -123.68587337   84.99456084 -248.60440061
 -366.33834179  -16.12561032   86.26998932 -218.9077978   245.09282385], Best Fitness = 98.14083412084435, Evaluations = 7936
Generation 249: Best Solution = [-232.89206585  -10.03288597 -123.69905482   85.00248775 -248.60201525
 -366.33082276  -16.12910848   86.28971795 -218.89775413  245.0946493 ], Best Fitness = 98.1393159678217, Evaluations = 7968
Generation 250: Best Solution = [-232.89539851  -10.01835409 -123.6889729    85.02486141 -248.59521339
 -366.31389823  -16.12913292   86.28217917 -218.89894237  245.1063557 ], Best Fitness = 98.13713948365701, Evaluations = 8000
Generation 251: Best Solution = [-232.89034368  -10.02783691 -123.68847833   85.01287451 -248.59638886
 -366.31901431  -16.13612194   86.28153747 -218.89455383  245.09731365], Best Fitness = 98.1356497395752, Evaluations = 8032
Generation 252: Best Solution = [-232.88248937  -10.03937004 -123.69133046   85.00361991 -248.5940403
 -366.32595458  -16.12471765   86.28940159 -218.88552951  245.08545941], Best Fitness = 98.13340508868744, Evaluations = 8064
Generation 253: Best Solution = [-232.89131267  -10.03017211 -123.68635537   85.01910036 -248.59568896
 -366.30656951  -16.13260177   86.30286831 -218.88497284  245.08934647], Best Fitness = 98.13238552603018, Evaluations = 8096
Generation 254: Best Solution = [-232.88180946  -10.03862913 -123.692716     85.01275948 -248.59500712
 -366.31657125  -16.12215481   86.28997047 -218.88435251  245.07980196], Best Fitness = 98.13134407834758, Evaluations = 8128
Generation 255: Best Solution = [-232.88457587  -10.04030049 -123.69340046   85.00888156 -248.60068944
 -366.31074522  -16.11793253   86.29045431 -218.87550429  245.07993734], Best Fitness = 98.13026047268976, Evaluations = 8160
Generation 256: Best Solution = [-232.88020828  -10.04132616 -123.69435883   84.99896586 -248.58673023
 -366.31375148  -16.09922592   86.27725337 -218.89188014  245.0736053 ], Best Fitness = 98.12855213102743, Evaluations = 8192
Generation 257: Best Solution = [-232.87745571  -10.02587247 -123.69106497   85.025444   -248.58364654
 -366.29330932  -16.12597268   86.29308931 -218.88993329  245.09254518], Best Fitness = 98.1278057131464, Evaluations = 8224
Generation 258: Best Solution = [-232.87982494  -10.01205004 -123.6639122    85.03356316 -248.56861051
 -366.27355411  -16.16047928   86.31381293 -218.89219223  245.12150951], Best Fitness = 98.12610664005068, Evaluations = 8256
Generation 259: Best Solution = [-232.86938052  -10.01700888 -123.67839209   85.03026287 -248.57846116
 -366.27650049  -16.1513257    86.29221302 -218.87880125  245.11114829], Best Fitness = 98.12372112080394, Evaluations = 8288
Generation 260: Best Solution = [-232.87127431  -10.02733012 -123.68802277   85.0198927  -248.58469434
 -366.28313461  -16.12853385   86.28746709 -218.87371807  245.09085159], Best Fitness = 98.12277539521052, Evaluations = 8320
Generation 261: Best Solution = [-232.86968946  -10.02365593 -123.69503898   85.02615653 -248.57727834
 -366.28229908  -16.13014007   86.27887051 -218.86173326  245.09240626], Best Fitness = 98.1206685958307, Evaluations = 8352
Generation 262: Best Solution = [-232.86685998  -10.0108371  -123.67457472   85.03554311 -248.56967341
 -366.26956868  -16.14564505   86.29885129 -218.87635655  245.09698203], Best Fitness = 98.11923201218467, Evaluations = 8384
Generation 263: Best Solution = [-232.87166352  -10.01540605 -123.66342233   85.02517215 -248.56000709
 -366.26685371  -16.13193617   86.30520519 -218.87176217  245.10246708], Best Fitness = 98.11737213444052, Evaluations = 8416
Generation 264: Best Solution = [-232.87994252  -10.01475382 -123.6699162    85.02740092 -248.55733298
 -366.25341692  -16.14251891   86.31017449 -218.8737101   245.10275121], Best Fitness = 98.1165837908031, Evaluations = 8448
Generation 265: Best Solution = [-232.88389631  -10.01770057 -123.67551914   85.01494981 -248.55728953
 -366.25031358  -16.11835595   86.29675508 -218.86759716  245.09597688], Best Fitness = 98.11410906521085, Evaluations = 8480
Generation 266: Best Solution = [-232.87241579  -10.01070962 -123.6677038    85.00527737 -248.55918468
 -366.25271816  -16.12609445   86.29675326 -218.86979105  245.09410706], Best Fitness = 98.1126379408873, Evaluations = 8512
Generation 267: Best Solution = [-232.87702299  -10.01340132 -123.66817672   85.02281877 -248.55521381
 -366.24328091  -16.12089793   86.29511831 -218.86281585  245.09951721], Best Fitness = 98.11144472688446, Evaluations = 8544
Generation 268: Best Solution = [-232.87682262  -10.0158069  -123.6709002    85.02094603 -248.55125421
 -366.25023796  -16.12929245   86.29546489 -218.85964017  245.08933677], Best Fitness = 98.11079069523173, Evaluations = 8576
Generation 269: Best Solution = [-232.87110391  -10.01883003 -123.66852256   85.00936991 -248.55315356
 -366.24917717  -16.12512681   86.29674451 -218.85453307  245.08739682], Best Fitness = 98.1088327278617, Evaluations = 8608
Generation 270: Best Solution = [-232.86754296  -10.01557941 -123.67015172   85.02107205 -248.55029336
 -366.24447882  -16.11879109   86.29682947 -218.86249493  245.07510171], Best Fitness = 98.10704780698474, Evaluations = 8640
Generation 271: Best Solution = [-232.86004618  -10.00975548 -123.67287164   85.02334071 -248.54208026
 -366.24548565  -16.11431082   86.29935209 -218.86267977  245.07562241], Best Fitness = 98.1056971710638, Evaluations = 8672
Generation 272: Best Solution = [-232.86622749  -10.02002779 -123.67895358   85.02887585 -248.52976313
 -366.24781455  -16.12145138   86.29564006 -218.86360912  245.06954707], Best Fitness = 98.10519387648802, Evaluations = 8704
Generation 273: Best Solution = [-232.86861054  -10.02125973 -123.66628609   85.00520543 -248.5371196
 -366.23991684  -16.11361723   86.28589414 -218.85933994  245.06958952], Best Fitness = 98.1023682024051, Evaluations = 8736
Generation 274: Best Solution = [-232.85805661  -10.00962978 -123.67898813   85.01061057 -248.53654929
 -366.23790269  -16.10497084   86.29024047 -218.86979833  245.0549522 ], Best Fitness = 98.1010883197886, Evaluations = 8768
Generation 275: Best Solution = [-232.86492583  -10.02635885 -123.68185401   85.02908215 -248.51175457
 -366.23604228  -16.12617422   86.29204167 -218.84894672  245.06978255], Best Fitness = 98.09916967542671, Evaluations = 8800
Generation 276: Best Solution = [-232.86378921  -10.01984445 -123.67308758   85.02518613 -248.51051061
 -366.23595357  -16.11520198   86.29748017 -218.85385957  245.0603592 ], Best Fitness = 98.0976806085453, Evaluations = 8832
Generation 277: Best Solution = [-232.88361692  -10.03036589 -123.6540998    85.02264516 -248.49850091
 -366.22169334  -16.13572921   86.28710916 -218.8328389   245.09567627], Best Fitness = 98.09643043298085, Evaluations = 8864
Generation 278: Best Solution = [-232.86121538  -10.02956331 -123.66595945   85.02063125 -248.51214178
 -366.23076779  -16.11709351   86.28712139 -218.86102021  245.04965486], Best Fitness = 98.09514639637852, Evaluations = 8896
Generation 279: Best Solution = [-232.88149555  -10.04455251 -123.64860988   85.01920861 -248.48362519
 -366.21682494  -16.12807793   86.28506664 -218.84067714  245.09382213], Best Fitness = 98.09353744086154, Evaluations = 8928
Generation 280: Best Solution = [-232.86295986  -10.04193715 -123.65381015   85.0223449  -248.48634541
 -366.21403801  -16.12446499   86.283377   -218.84325343  245.09504323], Best Fitness = 98.09195618080174, Evaluations = 8960
Generation 281: Best Solution = [-232.84399664  -10.03644812 -123.6669739    85.01726141 -248.50278963
 -366.21964391  -16.10924394   86.28103885 -218.86915271  245.05075731], Best Fitness = 98.09062157840762, Evaluations = 8992
Generation 282: Best Solution = [-232.88085371  -10.03781926 -123.63750042   85.0272595  -248.46962631
 -366.21782298  -16.12820173   86.27930633 -218.82131378  245.09617307], Best Fitness = 98.08938882129793, Evaluations = 9024
Generation 283: Best Solution = [-232.88535811  -10.03805344 -123.63053687   85.02931752 -248.45101141
 -366.21831313  -16.14197327   86.28291461 -218.79679726  245.12396213], Best Fitness = 98.08828707451015, Evaluations = 9056
Generation 284: Best Solution = [-232.87575986  -10.04516957 -123.64077718   85.02557547 -248.46740746
 -366.20930764  -16.13316791   86.29076888 -218.80335168  245.10678083], Best Fitness = 98.0870014990783, Evaluations = 9088
Generation 285: Best Solution = [-232.87662553  -10.04057053 -123.63594236   85.02153574 -248.4704677
 -366.21118187  -16.1362719    86.28843727 -218.81196611  245.08782455], Best Fitness = 98.08591202397189, Evaluations = 9120
Generation 286: Best Solution = [-232.85439032  -10.02689644 -123.64595382   85.0236878  -248.48119377
 -366.21151356  -16.12406822   86.26629658 -218.82898576  245.07590913], Best Fitness = 98.08470230140979, Evaluations = 9152
Generation 287: Best Solution = [-232.85901598  -10.0336772  -123.64363435   85.02785469 -248.4761804
 -366.19177714  -16.13198878   86.27343313 -218.81589507  245.09336121], Best Fitness = 98.08214423591836, Evaluations = 9184
Generation 288: Best Solution = [-232.87198995  -10.04220154 -123.6397168    85.02374658 -248.45848881
 -366.20534606  -16.13932532   86.28439158 -218.79819308  245.08677805], Best Fitness = 98.08134507931342, Evaluations = 9216
Generation 289: Best Solution = [-232.86727792  -10.04896511 -123.64031286   85.01873022 -248.45945373
 -366.19519855  -16.14592617   86.28521133 -218.79768389  245.08656453], Best Fitness = 98.07896742490495, Evaluations = 9248
Generation 290: Best Solution = [-232.84649574  -10.04558341 -123.64859958   85.04560094 -248.46144183
 -366.17442017  -16.122688     86.27394805 -218.78787417  245.12710145], Best Fitness = 98.07770856667916, Evaluations = 9280
Generation 291: Best Solution = [-232.83930721  -10.04658167 -123.65671369   85.05235788 -248.46292069
 -366.16319351  -16.11298042   86.26848454 -218.78829296  245.13729313], Best Fitness = 98.07675077685332, Evaluations = 9312
Generation 292: Best Solution = [-232.82856059  -10.05182114 -123.65722942   85.05340827 -248.45666549
 -366.16496357  -16.11221696   86.27479114 -218.782182    245.14295634], Best Fitness = 98.07541537851179, Evaluations = 9344
Generation 293: Best Solution = [-232.82080507  -10.05238219 -123.65739881   85.04796195 -248.45983389
 -366.17089493  -16.11476034   86.28122725 -218.76756841  245.14356559], Best Fitness = 98.0745580184354, Evaluations = 9376
Generation 294: Best Solution = [-232.82986756  -10.05106816 -123.64470029   85.05384164 -248.45299571
 -366.15570177  -16.12272538   86.25464508 -218.79520065  245.13706798], Best Fitness = 98.0726125834159, Evaluations = 9408
Generation 295: Best Solution = [-232.83378739  -10.06108755 -123.64670538   85.0560987  -248.43016088
 -366.14264538  -16.12408946   86.25564218 -218.7938465   245.15823259], Best Fitness = 98.07059350006017, Evaluations = 9440
Generation 296: Best Solution = [-232.8454218   -10.06328989 -123.64189482   85.03441029 -248.42090237
 -366.14227983  -16.12381792   86.27708245 -218.76800472  245.15987141], Best Fitness = 98.06791171216499, Evaluations = 9472
Generation 297: Best Solution = [-232.85848235  -10.08048663 -123.64196117   85.04459543 -248.40447372
 -366.12337275  -16.13450443   86.26554189 -218.76732087  245.17128857], Best Fitness = 98.0653507199372, Evaluations = 9504
Generation 298: Best Solution = [-232.8562866   -10.05336867 -123.64236147   85.04251211 -248.41707753
 -366.1330309   -16.15201335   86.27067387 -218.75770132  245.14811194], Best Fitness = 98.06468557412634, Evaluations = 9536
Generation 299: Best Solution = [-232.85270327  -10.05961388 -123.63778293   85.04292909 -248.40773133
 -366.1274294   -16.15555316   86.2641343  -218.75364352  245.15332646], Best Fitness = 98.06179426993896, Evaluations = 9568
Generation 300: Best Solution = [-232.85004017  -10.05253327 -123.63679688   85.03804173 -248.41670651
 -366.12906577  -16.16163593   86.25770173 -218.74884485  245.1478593 ], Best Fitness = 98.061200595209, Evaluations = 9600
Generation 301: Best Solution = [-232.84977597  -10.04792784 -123.64027852   85.03614489 -248.40725343
 -366.12736649  -16.16124193   86.27087999 -218.74854837  245.14551012], Best Fitness = 98.0600315591923, Evaluations = 9632
Generation 302: Best Solution = [-232.85140304  -10.05074415 -123.64511627   85.02783462 -248.41167611
 -366.12705372  -16.16663157   86.26984905 -218.73698788  245.13405057], Best Fitness = 98.05805378561483, Evaluations = 9664
Generation 303: Best Solution = [-232.84725016  -10.04869091 -123.6453719    85.03044954 -248.4006215
 -366.12557745  -16.16711501   86.27660504 -218.7394195   245.12926593], Best Fitness = 98.05599262326801, Evaluations = 9696
Generation 304: Best Solution = [-232.84601273  -10.05333817 -123.64326719   85.0432303  -248.39423863
 -366.12204179  -16.16047353   86.28376062 -218.74412763  245.11694882], Best Fitness = 98.05404950988867, Evaluations = 9728
Generation 305: Best Solution = [-232.84563961  -10.0556005  -123.65140364   85.0343522  -248.4069707
 -366.11706496  -16.16917668   86.28457173 -218.72806652  245.11304073], Best Fitness = 98.05274329895813, Evaluations = 9760
Generation 306: Best Solution = [-232.85190116  -10.05646382 -123.64270601   85.03663263 -248.39612831
 -366.11188304  -16.16477949   86.28123983 -218.73044086  245.11706673], Best Fitness = 98.05131115461737, Evaluations = 9792
Generation 307: Best Solution = [-232.84581542  -10.05080508 -123.65443973   85.02466066 -248.39632304
 -366.11564187  -16.17263114   86.28661869 -218.74042801  245.09238904], Best Fitness = 98.04991837350167, Evaluations = 9824
Generation 308: Best Solution = [-232.84537317  -10.05949076 -123.64694986   85.03473668 -248.39752758
 -366.10879927  -16.16766997   86.28297071 -218.73555053  245.09455797], Best Fitness = 98.04828189784376, Evaluations = 9856
Generation 309: Best Solution = [-232.84794107  -10.05629373 -123.65721136   85.02670375 -248.39274255
 -366.10255545  -16.17551198   86.27558459 -218.73191505  245.09975195], Best Fitness = 98.04714075885111, Evaluations = 9888
Generation 310: Best Solution = [-232.85290963  -10.059411   -123.66300883   85.02299429 -248.3968822
 -366.10061844  -16.17405253   86.27616379 -218.72051302  245.09281313], Best Fitness = 98.0460378444766, Evaluations = 9920
Generation 311: Best Solution = [-232.84930811  -10.0682517  -123.65449573   85.02611208 -248.39477912
 -366.09462383  -16.16490629   86.25896798 -218.70943903  245.10933931], Best Fitness = 98.04391036753371, Evaluations = 9952
Generation 312: Best Solution = [-232.84940078  -10.06567104 -123.64932554   85.01905135 -248.39276329
 -366.08879716  -16.15881388   86.26086086 -218.71011203  245.11009014], Best Fitness = 98.04221242088092, Evaluations = 9984
Generation 313: Best Solution = [-232.84696444  -10.07138324 -123.64432584   85.0301515  -248.38727277
 -366.08040688  -16.15880478   86.2592135  -218.69984947  245.12282283], Best Fitness = 98.04022436080528, Evaluations = 10016
