Algorithm: Cross-Entropy Method
Objective Function: Griewank
Dimension: 10
Population Size: 128
Max Evaluations: 10000

Generation 1: Best Solution = [-178.39662062  370.85002613 -385.5630613   -11.57924372 -235.86985569
   52.75014602   86.29407651   75.43897814   52.22410442  203.4457377 ], Best Fitness = 109.45511085104721, Evaluations = 128
Generation 2: Best Solution = [ -10.44986363  186.4064159  -305.80026944   15.2152398  -180.11543225
  248.75972808  -51.25013363  121.46882932  301.3567577   156.01820587], Best Fitness = 89.871842508569, Evaluations = 256
Generation 3: Best Solution = [-209.87711531  269.95075046 -214.51389063   -2.58085116 -287.11690697
 -175.272328     67.20189424  -23.60795477  149.36458948   19.96637564], Best Fitness = 76.95942089210523, Evaluations = 384
Generation 4: Best Solution = [-116.18898375  127.09478903 -160.47561192  -17.36949879 -243.41640243
   33.02730317  111.51457022   -2.90506364  127.28059555  161.31522658], Best Fitness = 43.679078735221545, Evaluations = 512
Generation 5: Best Solution = [  -2.73814984   27.47770112 -120.73659807   78.97554498 -140.90494957
   -1.08820314  105.54160574 -126.51187239  213.62309896   86.35044515], Best Fitness = 31.431761228712404, Evaluations = 640
Generation 6: Best Solution = [  27.57936883   78.93741534 -202.52580634  -37.1721493  -130.77457575
   58.40219248  115.54713059  -15.20643408  116.10364159  121.99867398], Best Fitness = 28.970749363594614, Evaluations = 768
Generation 7: Best Solution = [   2.73613078   50.88664863 -149.72041641  -19.71150837 -126.3417961
   41.00497546  121.406375    -62.85471478  140.34371484  133.44016217], Best Fitness = 25.809361896348197, Evaluations = 896
Generation 8: Best Solution = [  -4.73048777   74.01313926 -130.47230689    8.63190102 -143.42736242
   31.42711386   80.26181465  -71.52065076  129.20058529  120.81381434], Best Fitness = 22.750508843456803, Evaluations = 1024
Generation 9: Best Solution = [   3.58453268  107.77982154 -159.34241512   16.93420873 -142.79478171
   48.08836062   33.68058994  -70.22482693  110.77944189   84.65300835], Best Fitness = 22.374604342306785, Evaluations = 1152
Generation 10: Best Solution = [  16.08611288   86.82157188 -144.98008823  -19.33628396 -137.70592103
   26.81469838   52.48439255  -51.06644535  137.58325583   97.74064353], Best Fitness = 21.679229457341087, Evaluations = 1280
Generation 11: Best Solution = [ -16.29831237   84.46910424 -153.75570692   -4.91677678 -132.95047396
   22.05733225   33.90394139  -51.30610684  142.69904156   95.94972894], Best Fitness = 21.51943298212696, Evaluations = 1408
Generation 12: Best Solution = [ 2.91626076e+00  9.00367628e+01 -1.50091447e+02 -8.62686874e-02
 -1.21467878e+02  2.88905207e+01  2.96207311e+01 -5.83079410e+01
  1.45038935e+02  9.79818686e+01], Best Fitness = 21.285524797767845, Evaluations = 1536
Generation 13: Best Solution = [  -7.00439536   83.22083965 -151.54553232    4.11461754 -131.70169527
   39.63242503   38.58434209  -58.92277746  128.05168843  101.0547092 ], Best Fitness = 21.105744808867318, Evaluations = 1664
Generation 14: Best Solution = [  -8.04539892   84.85003832 -147.74536756   -8.4182052  -128.16460463
   40.18424255   43.41592354  -54.27495361  140.24081339   92.66195944], Best Fitness = 21.057491065572073, Evaluations = 1792
Generation 15: Best Solution = [ -14.20697562   77.46280691 -147.71535455    5.27369524 -135.3288003
   40.43544336   43.92016886  -60.92754807  129.4877338    99.35944892], Best Fitness = 21.06784552796302, Evaluations = 1920
Generation 16: Best Solution = [  -6.57091614   78.51201907 -152.68517266   -0.50903584 -124.64704395
   39.72434804   48.87560913  -61.32942372  131.32163575  101.92697954], Best Fitness = 20.936901406613067, Evaluations = 2048
Generation 17: Best Solution = [  -3.79652183   85.61532287 -142.70339544    1.82879933 -131.8176228
   39.36274359   40.85808118  -62.71693906  135.79024568   97.29427574], Best Fitness = 21.00007406470859, Evaluations = 2176
Generation 18: Best Solution = [  -6.59803257   81.30985078 -146.80160681    0.8536275  -128.28091922
   47.35931752   47.68291954  -61.30447846  131.9486057    98.63829083], Best Fitness = 20.828069041198987, Evaluations = 2304
Generation 19: Best Solution = [  -6.63774336   83.73816788 -146.03695257   -2.10076795 -133.23369788
   36.98110116   41.31698002  -61.38951505  132.6155101    97.53713517], Best Fitness = 20.789834160028796, Evaluations = 2432
Generation 20: Best Solution = [  -6.21647947   83.32530732 -148.54286412   -0.37684263 -127.85041333
   45.1614556    41.27244942  -61.71773839  131.19535416   99.48449755], Best Fitness = 20.72115818604411, Evaluations = 2560
Generation 21: Best Solution = [  -6.69234037   84.39908279 -147.40396826   -0.97971625 -128.14479203
   45.77741396   41.83229258  -62.05101731  131.56592509   98.62351538], Best Fitness = 20.478128623131806, Evaluations = 2688
Generation 22: Best Solution = [  -6.57602685   84.9482015  -145.16729155   -0.44657541 -134.11202798
   39.6140828    41.98826063  -61.37655741  129.01248842   99.27605697], Best Fitness = 20.77082300202457, Evaluations = 2816
Generation 23: Best Solution = [  -6.24839405   83.88153938 -145.95837798   -0.83913766 -133.71533476
   38.49343509   42.70534827  -60.82927915  130.28518488   98.40699259], Best Fitness = 20.512281937039806, Evaluations = 2944
Generation 24: Best Solution = [  -6.87623545   83.79537104 -147.09475594   -0.16219532 -126.97463645
   46.35487697   41.81186752  -62.18417403  131.62897869  100.65253482], Best Fitness = 20.357904397556702, Evaluations = 3072
Generation 25: Best Solution = [  -6.21025965   83.66000748 -147.24277226   -0.32871197 -127.04953636
   45.33031012   43.02532938  -62.17420618  131.95591392   99.9608776 ], Best Fitness = 20.378840277023325, Evaluations = 3200
Generation 26: Best Solution = [-6.26729307e+00  8.44881727e+01 -1.46459352e+02  9.71548139e-02
 -1.26817106e+02  4.56660398e+01  4.24879646e+01 -6.09203808e+01
  1.32561547e+02  1.00410016e+02], Best Fitness = 20.266497920166053, Evaluations = 3328
Generation 27: Best Solution = [  -6.09228156   84.46369157 -146.87372484   -0.41719748 -126.17473502
   46.11164147   41.17844591  -62.28371081  132.20177418  100.91120077], Best Fitness = 20.180270775414286, Evaluations = 3456
Generation 28: Best Solution = [  -6.27228251   84.23960522 -147.10064944   -0.181112   -126.51933908
   46.20402225   42.07299104  -62.16694667  131.66885045  100.7998147 ], Best Fitness = 20.15228141771808, Evaluations = 3584
Generation 29: Best Solution = [-6.44777000e+00  8.44114913e+01 -1.46995163e+02 -8.12803356e-02
 -1.26240106e+02  4.62867663e+01  4.22796480e+01 -6.18792729e+01
  1.32052141e+02  1.00552058e+02], Best Fitness = 20.135274434631814, Evaluations = 3712
Generation 30: Best Solution = [  -6.42810293   84.34337837 -146.96803354   -0.38194993 -126.68543389
   46.33426254   41.79752884  -62.18213099  131.86812936  100.31595455], Best Fitness = 20.09100312032741, Evaluations = 3840
Generation 31: Best Solution = [-6.43617211e+00  8.44729607e+01 -1.46911292e+02 -9.08688388e-02
 -1.26611199e+02  4.60181442e+01  4.20818392e+01 -6.21130970e+01
  1.32157058e+02  1.00085313e+02], Best Fitness = 20.071066674050755, Evaluations = 3968
Generation 32: Best Solution = [  -6.39567446   84.56977587 -147.04772749   -0.26410038 -126.74031024
   45.98372327   41.75864632  -62.02231961  131.99975013   99.99665174], Best Fitness = 20.06182062866678, Evaluations = 4096
Generation 33: Best Solution = [  -6.39693368   84.51873714 -146.98268953   -0.19080424 -126.66963445
   46.05136466   41.73229567  -62.11460623  132.01498907  100.12555405], Best Fitness = 20.054532704672976, Evaluations = 4224
Generation 34: Best Solution = [  -6.34545111   84.44367304 -147.01889869   -0.23528606 -126.66598894
   46.15804639   41.89435632  -62.05817553  132.03348164  100.0587941 ], Best Fitness = 20.05254674913503, Evaluations = 4352
Generation 35: Best Solution = [  -6.36680856   84.44672544 -146.98231734   -0.19324425 -126.60229639
   46.15851441   41.96525787  -62.03760772  132.13575763  100.02317881], Best Fitness = 20.05105081184708, Evaluations = 4480
Generation 36: Best Solution = [  -6.35746423   84.44324699 -146.956394     -0.25070179 -126.71951678
   46.18312561   41.84138035  -62.10961317  132.05425581  100.00668606], Best Fitness = 20.047801209975372, Evaluations = 4608
Generation 37: Best Solution = [  -6.36630331   84.4532595  -146.9399245    -0.18629532 -126.69483282
   46.11977099   41.86737931  -62.11243638  132.08487379  100.02734518], Best Fitness = 20.046724698781933, Evaluations = 4736
Generation 38: Best Solution = [  -6.33682922   84.46303598 -146.88479569   -0.19514337 -126.74984784
   46.15765543   41.87201755  -62.13385418  132.10065849   99.97838854], Best Fitness = 20.04532463781902, Evaluations = 4864
Generation 39: Best Solution = [  -6.35993658   84.43865737 -146.95424754   -0.23733982 -126.71579718
   46.14038708   41.89684512  -62.09635632  132.08142792   99.94342492], Best Fitness = 20.043809716919306, Evaluations = 4992
Generation 40: Best Solution = [  -6.35834385   84.45907507 -146.9322322    -0.24497638 -126.70848689
   46.15036851   41.87537163  -62.09714331  132.07868975   99.95639491], Best Fitness = 20.042671551542675, Evaluations = 5120
Generation 41: Best Solution = [  -6.35533054   84.45400835 -146.95092299   -0.23392121 -126.69739865
   46.11640517   41.93018174  -62.09092945  132.06410674   99.92423105], Best Fitness = 20.040195494898754, Evaluations = 5248
Generation 42: Best Solution = [  -6.35910197   84.46322039 -146.92071227   -0.23170709 -126.71652616
   46.13921689   41.87811905  -62.08535737  132.05676129   99.94693449], Best Fitness = 20.039274884627133, Evaluations = 5376
Generation 43: Best Solution = [  -6.35201607   84.46283989 -146.93903366   -0.2242743  -126.71134266
   46.1596574    41.84727052  -62.06960027  132.08675982   99.93476949], Best Fitness = 20.038429459338726, Evaluations = 5504
Generation 44: Best Solution = [  -6.34920519   84.46256697 -146.93073694   -0.23350177 -126.7181709
   46.14189939   41.88528121  -62.08394243  132.05953632   99.91541239], Best Fitness = 20.03692537871242, Evaluations = 5632
Generation 45: Best Solution = [  -6.33524565   84.45217765 -146.94087824   -0.22760562 -126.71923763
   46.12262618   41.86703134  -62.10400491  132.04481355   99.92981344], Best Fitness = 20.035291494473615, Evaluations = 5760
Generation 46: Best Solution = [  -6.34064089   84.44868685 -146.91675086   -0.20492163 -126.70661875
   46.14807826   41.87665131  -62.10996497  132.0774838    99.9270795 ], Best Fitness = 20.03433155709992, Evaluations = 5888
Generation 47: Best Solution = [  -6.3376881    84.44198803 -146.91813491   -0.22567169 -126.70349535
   46.12867991   41.85979505  -62.1149903   132.05480044   99.93848369], Best Fitness = 20.032731609705433, Evaluations = 6016
Generation 48: Best Solution = [  -6.31892908   84.44686168 -146.91913555   -0.22313564 -126.70419071
   46.13389323   41.8744938   -62.09864981  132.06073895   99.92957048], Best Fitness = 20.032349898472987, Evaluations = 6144
Generation 49: Best Solution = [  -6.31381943   84.44085619 -146.93940773   -0.22373666 -126.69594703
   46.1174243    41.84385945  -62.09203287  132.04716266   99.94246286], Best Fitness = 20.030548282218394, Evaluations = 6272
Generation 50: Best Solution = [  -6.33542654   84.44056155 -146.90280896   -0.22734568 -126.68544933
   46.15771148   41.85112758  -62.09213373  132.0652859    99.93133041], Best Fitness = 20.029134510747763, Evaluations = 6400
Generation 51: Best Solution = [  -6.31734692   84.45273796 -146.89880244   -0.20116631 -126.70041581
   46.15255026   41.86395619  -62.10701553  132.07457248   99.91334633], Best Fitness = 20.02885630416764, Evaluations = 6528
Generation 52: Best Solution = [  -6.34082475   84.46115866 -146.9079645    -0.21774276 -126.69283245
   46.14242851   41.84094052  -62.12516381  132.05949793   99.89306189], Best Fitness = 20.026588638816772, Evaluations = 6656
Generation 53: Best Solution = [  -6.33214977   84.46075285 -146.90719912   -0.21386335 -126.69661007
   46.13704611   41.83089336  -62.13459047  132.0547271    99.89039549], Best Fitness = 20.025127388243977, Evaluations = 6784
Generation 54: Best Solution = [  -6.32268899   84.45065492 -146.9092103    -0.21284135 -126.68414969
   46.14340859   41.8317929   -62.1268803   132.05488819   99.9031725 ], Best Fitness = 20.02410718495053, Evaluations = 6912
Generation 55: Best Solution = [  -6.31224689   84.45037627 -146.92577266   -0.20425608 -126.67689303
   46.13032629   41.83186166  -62.12404733  132.04234357   99.90677722], Best Fitness = 20.02282772052855, Evaluations = 7040
Generation 56: Best Solution = [  -6.31948757   84.45060388 -146.91179525   -0.1940187  -126.67441013
   46.14048357   41.84591824  -62.14236899  132.04100057   99.88326324], Best Fitness = 20.02019332762006, Evaluations = 7168
Generation 57: Best Solution = [  -6.3384571    84.44579049 -146.90198404   -0.21081483 -126.68226493
   46.14319598   41.83953776  -62.12076741  132.03271477   99.88380067], Best Fitness = 20.020406431172542, Evaluations = 7296
Generation 58: Best Solution = [  -6.33224958   84.43541021 -146.89651788   -0.20091619 -126.67499333
   46.1510588    41.85089403  -62.116446    132.02744607   99.89443747], Best Fitness = 20.019300368840984, Evaluations = 7424
Generation 59: Best Solution = [  -6.30991108   84.4387769  -146.89059803   -0.19195717 -126.67701219
   46.14195253   41.841468    -62.13084907  132.0350703    99.89344555], Best Fitness = 20.01802807149963, Evaluations = 7552
Generation 60: Best Solution = [  -6.30947619   84.45279952 -146.90524997   -0.1948005  -126.66543918
   46.13069732   41.83756786  -62.12808622  132.01976096   99.88851749], Best Fitness = 20.01655331666576, Evaluations = 7680
Generation 61: Best Solution = [  -6.31022989   84.43743359 -146.88904203   -0.18956576 -126.66771342
   46.13889798   41.82908709  -62.13062185  132.03456161   99.8900358 ], Best Fitness = 20.015572555645793, Evaluations = 7808
Generation 62: Best Solution = [  -6.31210902   84.43091467 -146.89431329   -0.20487338 -126.66714529
   46.13465841   41.82623838  -62.11047931  132.02892887   99.87813171], Best Fitness = 20.013995496353925, Evaluations = 7936
Generation 63: Best Solution = [  -6.29683329   84.44529702 -146.89174906   -0.20754549 -126.67141626
   46.12723907   41.8185081   -62.0965544   132.01680829   99.87577313], Best Fitness = 20.012848927734854, Evaluations = 8064
Generation 64: Best Solution = [  -6.30937506   84.43841335 -146.89755941   -0.19476459 -126.67148991
   46.12207885   41.81411366  -62.10661961  132.01620014   99.87273463], Best Fitness = 20.012023927948004, Evaluations = 8192
Generation 65: Best Solution = [  -6.31203589   84.4256784  -146.89227064   -0.2208481  -126.64894486
   46.13600335   41.82141458  -62.08745688  132.01979846   99.87433893], Best Fitness = 20.010780070477878, Evaluations = 8320
Generation 66: Best Solution = [  -6.29997845   84.42058721 -146.88642208   -0.20584233 -126.66546532
   46.13247554   41.81571679  -62.0873835   132.02283074   99.86952465], Best Fitness = 20.01015630844808, Evaluations = 8448
Generation 67: Best Solution = [  -6.30914927   84.41975081 -146.89655059   -0.21278547 -126.64717989
   46.12838337   41.82446083  -62.10326126  132.02423637   99.85813281], Best Fitness = 20.009127349407237, Evaluations = 8576
Generation 68: Best Solution = [  -6.30223822   84.43654754 -146.88623718   -0.2042964  -126.64908297
   46.11838654   41.82488206  -62.10995411  132.01657788   99.84915475], Best Fitness = 20.007408494513495, Evaluations = 8704
Generation 69: Best Solution = [  -6.29733029   84.41152008 -146.89354449   -0.20329355 -126.65250354
   46.12025997   41.82133995  -62.1086267   132.01928413   99.84453943], Best Fitness = 20.00645711035683, Evaluations = 8832
Generation 70: Best Solution = [  -6.28547039   84.43289197 -146.89219929   -0.17593993 -126.64247295
   46.1098287    41.81380674  -62.11037494  132.01435433   99.85394206], Best Fitness = 20.00495295206092, Evaluations = 8960
Generation 71: Best Solution = [  -6.28236761   84.41991674 -146.88980368   -0.17020146 -126.64679836
   46.10814392   41.80804161  -62.08907648  132.01105994   99.86073216], Best Fitness = 20.00405724237939, Evaluations = 9088
Generation 72: Best Solution = [  -6.28069573   84.41467005 -146.90532345   -0.17036677 -126.64544576
   46.11882592   41.80337851  -62.10835461  132.01020028   99.84403619], Best Fitness = 20.003253408855876, Evaluations = 9216
Generation 73: Best Solution = [  -6.28713239   84.41507692 -146.8900049    -0.18590612 -126.64424484
   46.11324682   41.80464554  -62.09860441  132.00649507   99.84127267], Best Fitness = 20.002087230527973, Evaluations = 9344
Generation 74: Best Solution = [  -6.27720408   84.4086481  -146.89226493   -0.1711197  -126.64878469
   46.10768849   41.78585895  -62.09164884  132.00996083   99.84117732], Best Fitness = 20.00080032372332, Evaluations = 9472
Generation 75: Best Solution = [  -6.27616588   84.42384917 -146.88678047   -0.16383748 -126.62948378
   46.1095278    41.79362558  -62.0902844   132.02117829   99.83785566], Best Fitness = 19.999764755105144, Evaluations = 9600
Generation 76: Best Solution = [  -6.28050851   84.41617154 -146.88739194   -0.16897979 -126.62436673
   46.10685626   41.79799652  -62.09897212  132.00178274   99.83789555], Best Fitness = 19.998105575519208, Evaluations = 9728
Generation 77: Best Solution = [  -6.28500408   84.4213009  -146.89389891   -0.16951696 -126.62970936
   46.10411558   41.79375605  -62.08186056  132.00862881   99.81165902], Best Fitness = 19.996699213471086, Evaluations = 9856
Generation 78: Best Solution = [  -6.28053748   84.39957325 -146.90176322   -0.1654486  -126.64229888
   46.12141336   41.78103072  -62.08345533  132.03129927   99.77983356], Best Fitness = 19.995705654981062, Evaluations = 9984
Generation 79: Best Solution = [  -6.28451005   84.41073965 -146.87921906   -0.19207306 -126.62241718
   46.10208704   41.80449815  -62.08052792  132.00457256   99.80321483], Best Fitness = 19.995038224604226, Evaluations = 10112
