Algorithm: Cross-Entropy Method
Objective Function: Rastrigin
Dimension: 10
Population Size: 32
Max Evaluations: 10000

Generation 1: Best Solution = [-5.12       -0.3379951   5.12        0.394155    0.00656092 -0.05632689
 -5.12       -0.22808791 -0.92115962  0.02615726], Best Fitness = 131.66122263655961, Evaluations = 32
Generation 2: Best Solution = [-2.65640284 -2.69225667  4.7821097   0.98749864 -0.97164924 -1.1165702
 -3.54454831  0.95071334 -1.68007298 -1.7236206 ], Best Fitness = 145.43697599045822, Evaluations = 64
Generation 3: Best Solution = [-2.806073   -2.06714309  5.12        1.02333274 -1.69093847 -0.58534342
 -3.85755072  0.06739508 -1.09253767 -0.12130034], Best Fitness = 110.20866819482748, Evaluations = 96
Generation 4: Best Solution = [-2.40473929 -2.18931209  4.97095616  0.68653458 -0.99001736 -0.2663018
 -3.7698545   1.06432566 -1.60109953 -0.16589696], Best Fitness = 136.94445907496336, Evaluations = 128
Generation 5: Best Solution = [-2.2480068  -2.33930603  4.26298223  0.87211487 -0.43585847 -0.93795215
 -3.76468082  2.09206746 -2.10844105 -1.13023438], Best Fitness = 129.9241670197572, Evaluations = 160
Generation 6: Best Solution = [-1.76979365 -2.05118703  5.12        0.63252491 -1.00453394 -0.12047292
 -3.80189257  1.17002013 -0.94925095  0.3211758 ], Best Fitness = 110.06063186136751, Evaluations = 192
Generation 7: Best Solution = [-2.12793442 -2.13465303  4.16982442  0.98833512 -0.85457664 -1.3529709
 -4.29223114  1.28305751 -1.02104581  0.41489639], Best Fitness = 126.22057797857585, Evaluations = 224
Generation 8: Best Solution = [-1.8956972  -2.20538754  4.97678584  0.60428517 -0.99821328 -0.19992594
 -3.85066372  1.08182434 -0.93055572  0.04627956], Best Fitness = 92.47767778994321, Evaluations = 256
Generation 9: Best Solution = [-2.31924827 -1.90945507  4.25233892  0.85520105 -1.0914956  -1.04976442
 -4.24105145  0.94208138 -1.19189647  0.77978533], Best Fitness = 107.58729146037861, Evaluations = 288
Generation 10: Best Solution = [-2.10208203 -1.91083172  4.4320178   0.92889077 -1.04108266 -1.03565984
 -4.2725126   0.97831573 -0.9656343   0.73393075], Best Fitness = 98.33795451490752, Evaluations = 320
Generation 11: Best Solution = [-1.95453258 -1.92025411  4.41372193  0.92466558 -0.94753619 -1.06586856
 -4.22540175  1.24986461 -1.00094561  0.86486297], Best Fitness = 95.57207159206514, Evaluations = 352
Generation 12: Best Solution = [-1.99313653 -1.88482018  4.46067782  0.93762575 -0.98923055 -1.04108356
 -4.24622196  1.12249834 -0.96741771  0.84536253], Best Fitness = 91.78015842007855, Evaluations = 384
Generation 13: Best Solution = [-1.97012902 -1.89276958  4.50873723  0.92287075 -0.99313968 -0.99124661
 -4.21204264  1.13953519 -0.95057853  0.84869703], Best Fitness = 90.7062925762637, Evaluations = 416
Generation 14: Best Solution = [-1.94022434 -1.91967588  4.56522931  0.92087072 -0.9971485  -0.94321979
 -4.17051757  1.15476212 -0.93737649  0.81022681], Best Fitness = 90.88984697815644, Evaluations = 448
Generation 15: Best Solution = [-1.96795315 -1.8946269   4.49983322  0.92802124 -0.99773108 -0.99037605
 -4.21839014  1.13865258 -0.96152911  0.85078193], Best Fitness = 90.58860442086724, Evaluations = 480
Generation 16: Best Solution = [-1.94755407 -1.8718659   4.51049308  0.93189528 -0.98517508 -1.00096472
 -4.21644043  1.16045713 -0.95193039  0.91746481], Best Fitness = 90.22675327366514, Evaluations = 512
Generation 17: Best Solution = [-1.93553845 -1.91188273  4.56122074  0.9323084  -1.00279073 -0.9443079
 -4.17420084  1.16080871 -0.93732866  0.85183899], Best Fitness = 89.3137277147263, Evaluations = 544
Generation 18: Best Solution = [-1.92688696 -1.89769007  4.55580576  0.93061681 -0.99707132 -0.95674387
 -4.18833202  1.16564921 -0.9384903   0.90587676], Best Fitness = 88.77779010956615, Evaluations = 576
Generation 19: Best Solution = [-1.92255105 -1.90199651  4.56109731  0.9348567  -0.99555556 -0.95778087
 -4.18987033  1.15470275 -0.94218435  0.89682504], Best Fitness = 88.28583545932315, Evaluations = 608
Generation 20: Best Solution = [-1.92982985 -1.90497865  4.54814731  0.93271958 -1.00439969 -0.9575644
 -4.17622911  1.14883326 -0.94098483  0.87821561], Best Fitness = 87.78076427467897, Evaluations = 640
Generation 21: Best Solution = [-1.9257375  -1.90762499  4.56582153  0.93912705 -0.99122836 -0.96135215
 -4.18796586  1.15284098 -0.94591016  0.9101288 ], Best Fitness = 87.06084632485704, Evaluations = 672
Generation 22: Best Solution = [-1.92391121 -1.91155541  4.56937542  0.94082954 -0.99104005 -0.96288296
 -4.18874743  1.14201038 -0.93668864  0.8988512 ], Best Fitness = 86.92743420609172, Evaluations = 704
Generation 23: Best Solution = [-1.92154174 -1.92258351  4.5779468   0.93900738 -0.99526961 -0.955064
 -4.18402352  1.15274118 -0.94542489  0.91003264], Best Fitness = 86.36077432782177, Evaluations = 736
Generation 24: Best Solution = [-1.92380218 -1.91522308  4.55849553  0.94484765 -1.00638755 -0.96906049
 -4.1765533   1.13784694 -0.93981025  0.89234978], Best Fitness = 86.02185020258872, Evaluations = 768
Generation 25: Best Solution = [-1.93129985 -1.91128512  4.55478488  0.93337843 -1.00743151 -0.97814084
 -4.16861942  1.13453052 -0.94198255  0.89824604], Best Fitness = 85.24703314638145, Evaluations = 800
Generation 26: Best Solution = [-1.92732781 -1.90796237  4.54421117  0.93667067 -1.00773473 -0.98225167
 -4.16357188  1.12639805 -0.94362904  0.89222387], Best Fitness = 84.9265599664763, Evaluations = 832
Generation 27: Best Solution = [-1.92433949 -1.91149589  4.52633041  0.94179783 -1.01636965 -1.00115485
 -4.1434471   1.13103027 -0.93904132  0.8744565 ], Best Fitness = 84.72781210658978, Evaluations = 864
Generation 28: Best Solution = [-1.93110522 -1.92512335  4.5414034   0.94301797 -1.01474847 -0.9935257
 -4.15207916  1.1366147  -0.95109663  0.88842906], Best Fitness = 84.06704171646355, Evaluations = 896
Generation 29: Best Solution = [-1.92761788 -1.91262148  4.5398075   0.94927636 -1.00424123 -0.97563779
 -4.14886825  1.13003122 -0.93433245  0.90468461], Best Fitness = 83.62593072666775, Evaluations = 928
Generation 30: Best Solution = [-1.93812413 -1.911908    4.55277494  0.9496554  -1.01045698 -0.97412129
 -4.1512545   1.12935701 -0.94848043  0.89936966], Best Fitness = 83.33611149489718, Evaluations = 960
Generation 31: Best Solution = [-1.94083889 -1.91497217  4.55203149  0.95225285 -1.00913126 -0.96937709
 -4.14169644  1.12326584 -0.95073     0.89607729], Best Fitness = 82.42948528016642, Evaluations = 992
Generation 32: Best Solution = [-1.92840172 -1.91870794  4.5592473   0.95264912 -1.00949761 -0.97512811
 -4.15451191  1.11995994 -0.95981348  0.91772492], Best Fitness = 82.19367578306655, Evaluations = 1024
Generation 33: Best Solution = [-1.93215175 -1.92464524  4.55996449  0.95962932 -1.01201245 -0.97655881
 -4.14527198  1.12671487 -0.96358443  0.90791177], Best Fitness = 81.86375958005192, Evaluations = 1056
Generation 34: Best Solution = [-1.93355297 -1.92671507  4.55929059  0.95764527 -1.0164506  -0.9805511
 -4.14037138  1.12630962 -0.96126947  0.91069625], Best Fitness = 81.46801240452827, Evaluations = 1088
Generation 35: Best Solution = [-1.93615859 -1.92942015  4.56707633  0.95289237 -1.00574285 -0.97072782
 -4.14171553  1.12338769 -0.96417723  0.91211223], Best Fitness = 81.17028986018155, Evaluations = 1120
Generation 36: Best Solution = [-1.94451361 -1.93141556  4.57979011  0.95413263 -0.99881273 -0.97324957
 -4.15124775  1.11443218 -0.97270922  0.91258316], Best Fitness = 80.71242269617981, Evaluations = 1152
Generation 37: Best Solution = [-1.93805334 -1.93150887  4.56053707  0.95373618 -1.0117378  -0.97676739
 -4.13821877  1.11304779 -0.96894576  0.91698856], Best Fitness = 80.29177504902495, Evaluations = 1184
Generation 38: Best Solution = [-1.9396612  -1.93532499  4.55905074  0.96201336 -1.00298602 -0.97130943
 -4.13499385  1.10979    -0.96403945  0.90766516], Best Fitness = 80.10540473986079, Evaluations = 1216
Generation 39: Best Solution = [-1.938564   -1.93128955  4.5683945   0.95888539 -1.00494853 -0.97887077
 -4.13411222  1.109189   -0.97274104  0.91629116], Best Fitness = 79.62698497100153, Evaluations = 1248
Generation 40: Best Solution = [-1.93001755 -1.93508975  4.57565371  0.95918802 -1.00741612 -0.97846778
 -4.12717645  1.10653143 -0.97585787  0.9103586 ], Best Fitness = 79.27313261425134, Evaluations = 1280
Generation 41: Best Solution = [-1.93995456 -1.93135985  4.58435255  0.95677714 -1.00334085 -0.98156695
 -4.12079808  1.11128237 -0.97138831  0.9227605 ], Best Fitness = 78.49625274182753, Evaluations = 1312
Generation 42: Best Solution = [-1.93671376 -1.93908751  4.58257288  0.96537181 -1.0093031  -0.97994741
 -4.12843867  1.10627791 -0.97834298  0.9224082 ], Best Fitness = 78.5062934396951, Evaluations = 1344
Generation 43: Best Solution = [-1.94246601 -1.93099835  4.58737228  0.95673606 -1.00435998 -0.98682939
 -4.12061428  1.1019534  -0.97284337  0.92496098], Best Fitness = 77.90248799677502, Evaluations = 1376
Generation 44: Best Solution = [-1.93282936 -1.94357568  4.59802456  0.95628195 -1.00859383 -0.98823098
 -4.12441247  1.10642133 -0.97354492  0.93995355], Best Fitness = 77.60591096164029, Evaluations = 1408
Generation 45: Best Solution = [-1.93668951 -1.94035781  4.58525953  0.95873273 -1.00930523 -0.99067215
 -4.12049208  1.09692514 -0.97805333  0.93692317], Best Fitness = 77.31756672949476, Evaluations = 1440
Generation 46: Best Solution = [-1.94100937 -1.93944723  4.58661846  0.95511546 -0.99443394 -0.99248876
 -4.11643173  1.09740061 -0.97728876  0.93758905], Best Fitness = 77.03164303590657, Evaluations = 1472
Generation 47: Best Solution = [-1.9409519  -1.94065259  4.57733684  0.97517705 -0.99921504 -0.98314025
 -4.10740165  1.09387369 -0.98243999  0.92991939], Best Fitness = 76.58241341619572, Evaluations = 1504
Generation 48: Best Solution = [-1.93777846 -1.94374816  4.5918584   0.96989102 -1.00254841 -0.98617097
 -4.10994744  1.09472048 -0.98182533  0.9409076 ], Best Fitness = 76.20483223031256, Evaluations = 1536
Generation 49: Best Solution = [-1.94256266 -1.93702002  4.58937781  0.97044026 -1.00162866 -0.98792633
 -4.10409001  1.09520708 -0.98161493  0.94569782], Best Fitness = 75.93545516159944, Evaluations = 1568
Generation 50: Best Solution = [-1.93758668 -1.93757133  4.58821413  0.97310748 -1.00250565 -0.99111253
 -4.10121454  1.08651868 -0.97470603  0.94282239], Best Fitness = 75.67547554432429, Evaluations = 1600
Generation 51: Best Solution = [-1.93984183 -1.933589    4.59627786  0.96998771 -1.00801548 -0.99860013
 -4.09499475  1.08419378 -0.97235622  0.93187852], Best Fitness = 75.4681814570809, Evaluations = 1632
Generation 52: Best Solution = [-1.94912233 -1.93556325  4.58276994  0.97577724 -1.00829538 -0.99870987
 -4.08125453  1.08708683 -0.97575152  0.93735492], Best Fitness = 74.92086521067083, Evaluations = 1664
Generation 53: Best Solution = [-1.95033514 -1.93541473  4.59136833  0.97253605 -1.00515517 -0.99780689
 -4.08516994  1.07416235 -0.96949097  0.9388356 ], Best Fitness = 74.46931396728357, Evaluations = 1696
Generation 54: Best Solution = [-1.94769581 -1.93883856  4.59974625  0.96805486 -1.00595866 -0.99616825
 -4.08179998  1.07546053 -0.96941939  0.9355545 ], Best Fitness = 74.24695698713187, Evaluations = 1728
Generation 55: Best Solution = [-1.94983192 -1.93990862  4.59693012  0.97342072 -1.0062786  -0.99808248
 -4.07820244  1.07458801 -0.97915938  0.94460188], Best Fitness = 73.78398960310435, Evaluations = 1760
Generation 56: Best Solution = [-1.9553694  -1.94249333  4.60044931  0.96710587 -1.00429592 -0.99966378
 -4.08014116  1.07150083 -0.97146307  0.9481527 ], Best Fitness = 73.58862021422813, Evaluations = 1792
Generation 57: Best Solution = [-1.95605349 -1.9439765   4.59314524  0.97347837 -1.00344468 -0.99822485
 -4.07128639  1.06879323 -0.9735783   0.94492258], Best Fitness = 73.31729443604937, Evaluations = 1824
Generation 58: Best Solution = [-1.96578714 -1.93263385  4.6394224   0.95026669 -0.9935677  -0.99219062
 -4.08509178  1.06241878 -0.96717129  0.92981793], Best Fitness = 72.9576110381129, Evaluations = 1856
Generation 59: Best Solution = [-1.95693407 -1.94693724  4.6058049   0.98029703 -0.99930145 -0.99033349
 -4.07116129  1.06724881 -0.96939379  0.94256609], Best Fitness = 72.88646739251885, Evaluations = 1888
Generation 60: Best Solution = [-1.95261173 -1.94683813  4.61149311  0.97043343 -1.00385263 -0.99334687
 -4.07232057  1.05930496 -0.96345518  0.94727748], Best Fitness = 72.66503730763863, Evaluations = 1920
Generation 61: Best Solution = [-1.94659531 -1.9368315   4.67430269  0.95672869 -1.00091889 -0.98935369
 -4.08966868  1.05758591 -0.95731964  0.927961  ], Best Fitness = 71.76841920095804, Evaluations = 1952
Generation 62: Best Solution = [-1.95784722 -1.94424824  4.65885887  0.96517261 -1.0060033  -0.99302223
 -4.08723341  1.05553498 -0.96076393  0.92490011], Best Fitness = 71.93853639786639, Evaluations = 1984
Generation 63: Best Solution = [-1.95677078 -1.93651859  4.66857644  0.9630159  -0.99518993 -0.9777371
 -4.08743789  1.05999385 -0.96079028  0.94311964], Best Fitness = 71.41756905633645, Evaluations = 2016
Generation 64: Best Solution = [-1.95531767 -1.93402175  4.69665876  0.95388011 -0.99292874 -0.98875186
 -4.09186771  1.06387574 -0.95039166  0.92652933], Best Fitness = 71.05549241449233, Evaluations = 2048
Generation 65: Best Solution = [-1.9671483  -1.93800779  4.69563372  0.9579038  -1.0037403  -0.99057356
 -4.09107334  1.07052391 -0.94974382  0.93332599], Best Fitness = 70.83410903331037, Evaluations = 2080
Generation 66: Best Solution = [-1.96187759 -1.94301127  4.6824103   0.9645831  -0.99612309 -0.98932805
 -4.08510674  1.06475688 -0.95936105  0.9368896 ], Best Fitness = 70.69524411522232, Evaluations = 2112
Generation 67: Best Solution = [-1.96003152 -1.94605229  4.66672271  0.97341146 -0.99475276 -0.9882494
 -4.06974596  1.05423876 -0.97129622  0.93840358], Best Fitness = 70.2925028404284, Evaluations = 2144
Generation 68: Best Solution = [-1.96488934 -1.94027339  4.69265073  0.95973883 -0.99641482 -0.98989129
 -4.08453012  1.0523702  -0.96537545  0.93911104], Best Fitness = 69.82287596331435, Evaluations = 2176
Generation 69: Best Solution = [-1.96481537 -1.94783545  4.69233884  0.97047527 -1.00497832 -0.99085718
 -4.07549558  1.05296384 -0.96284304  0.93643503], Best Fitness = 69.35252502352213, Evaluations = 2208
Generation 70: Best Solution = [-1.9701891  -1.93991317  4.6942368   0.96646442 -1.00357162 -0.98006196
 -4.07079615  1.05472991 -0.95971267  0.93938279], Best Fitness = 69.27734636943275, Evaluations = 2240
Generation 71: Best Solution = [-1.96910424 -1.93825979  4.68810587  0.97379658 -0.99744526 -0.98362716
 -4.06042291  1.04151212 -0.96882303  0.9351767 ], Best Fitness = 68.87969019484096, Evaluations = 2272
Generation 72: Best Solution = [-1.97403232 -1.94413187  4.68977167  0.97903895 -1.00128858 -0.97095017
 -4.05635064  1.04168521 -0.97684724  0.93754308], Best Fitness = 68.46391823102275, Evaluations = 2304
Generation 73: Best Solution = [-1.97716993 -1.94356883  4.70706903  0.97878462 -0.98947128 -0.98945662
 -4.06120406  1.05427707 -0.96993775  0.93804023], Best Fitness = 67.9393180406002, Evaluations = 2336
Generation 74: Best Solution = [-1.97842963 -1.94709737  4.70382104  0.95875462 -1.00187924 -0.98298064
 -4.04615974  1.05358205 -0.96921658  0.94028594], Best Fitness = 67.77841678220715, Evaluations = 2368
Generation 75: Best Solution = [-1.98013427 -1.94133851  4.7080867   0.97356531 -1.00559395 -0.98671984
 -4.05763754  1.04056907 -0.97279138  0.93786957], Best Fitness = 67.56260744600237, Evaluations = 2400
Generation 76: Best Solution = [-1.99343485 -1.93562062  4.71106109  0.95908057 -1.002105   -0.98909563
 -4.04249532  1.04472783 -0.97266697  0.94258622], Best Fitness = 67.2128948815911, Evaluations = 2432
Generation 77: Best Solution = [-2.00073636 -1.93991262  4.71993635  0.97029091 -1.00556057 -0.97250433
 -4.03742658  1.05420341 -0.9773626   0.93557482], Best Fitness = 66.85460543956151, Evaluations = 2464
Generation 78: Best Solution = [-1.99441818 -1.93259074  4.72344321  0.96270793 -1.00143773 -0.98090636
 -4.04479662  1.03930329 -0.97753455  0.94435437], Best Fitness = 66.50084268594878, Evaluations = 2496
Generation 79: Best Solution = [-2.00266166 -1.93562238  4.72481127  0.96759249 -1.00564528 -0.98825831
 -4.04388334  1.03558686 -0.97559566  0.94337763], Best Fitness = 66.26726520707774, Evaluations = 2528
Generation 80: Best Solution = [-1.99582593 -1.93225303  4.72971844  0.96242501 -0.99827774 -0.99624186
 -4.04817512  1.02969479 -0.98743526  0.94747998], Best Fitness = 65.96955855670949, Evaluations = 2560
Generation 81: Best Solution = [-2.00153461 -1.92883154  4.734173    0.96210212 -1.0016425  -0.99481237
 -4.04095813  1.03177658 -0.9843631   0.9540419 ], Best Fitness = 65.58531678657161, Evaluations = 2592
Generation 82: Best Solution = [-1.99434473 -1.9306941   4.74227561  0.96535129 -1.01441858 -1.00143128
 -4.05351245  1.02626432 -1.00316979  0.95893604], Best Fitness = 65.29902326059903, Evaluations = 2624
Generation 83: Best Solution = [-1.9962475  -1.93562769  4.74171256  0.96696463 -1.01350197 -0.99882649
 -4.04686102  1.01828401 -0.99362438  0.95833169], Best Fitness = 64.92108840358244, Evaluations = 2656
Generation 84: Best Solution = [-1.99456839 -1.92203782  4.75310667  0.95606952 -0.99828646 -1.01286483
 -4.05107471  0.99976444 -0.99957697  0.95478387], Best Fitness = 64.83239193070659, Evaluations = 2688
Generation 85: Best Solution = [-1.99481332 -1.92071497  4.75745774  0.96028487 -1.00082324 -1.0021112
 -4.05471863  0.99910863 -0.99935138  0.95642142], Best Fitness = 64.6032692480741, Evaluations = 2720
Generation 86: Best Solution = [-1.99134552 -1.93065081  4.7558298   0.96589753 -0.99892686 -1.00331443
 -4.05703887  1.00621532 -0.9981125   0.96005596], Best Fitness = 64.40923004769519, Evaluations = 2752
Generation 87: Best Solution = [-1.99195701 -1.93869979  4.75203199  0.9662844  -1.00004313 -0.99793993
 -4.04545418  1.01619993 -0.99738371  0.95531247], Best Fitness = 64.23556830091236, Evaluations = 2784
Generation 88: Best Solution = [-1.98008803 -1.95598042  4.75264058  0.97378114 -0.996697   -1.00705932
 -4.04505795  1.01089635 -0.98623396  0.96138603], Best Fitness = 63.7628084366571, Evaluations = 2816
Generation 89: Best Solution = [-1.98648214 -1.95619688  4.76311735  0.97259258 -1.00244785 -0.9987297
 -4.05222679  1.0015958  -0.9914557   0.96048398], Best Fitness = 63.331371324136576, Evaluations = 2848
Generation 90: Best Solution = [-1.99126854 -1.95518916  4.76642369  0.96828241 -1.01071654 -0.99430693
 -4.04267682  0.99894928 -0.99367841  0.96637094], Best Fitness = 62.910430508405405, Evaluations = 2880
Generation 91: Best Solution = [-1.98942099 -1.95490065  4.77496581  0.97252974 -1.00904997 -0.99445588
 -4.04122533  1.00226704 -0.99313258  0.96271913], Best Fitness = 62.42835291725664, Evaluations = 2912
Generation 92: Best Solution = [-1.9834569  -1.95288781  4.77652112  0.96924711 -1.00291213 -0.9879865
 -4.03308616  1.00847031 -0.9931616   0.96429941], Best Fitness = 62.219166436573886, Evaluations = 2944
Generation 93: Best Solution = [-1.98298987 -1.96125033  4.77887952  0.96835363 -1.00850986 -0.98814736
 -4.02937165  1.02024017 -0.99180115  0.96830532], Best Fitness = 61.993575339294495, Evaluations = 2976
Generation 94: Best Solution = [-1.98054399 -1.96258199  4.78471031  0.96841887 -1.00717509 -0.997491
 -4.03187273  1.01066208 -0.99220084  0.96421131], Best Fitness = 61.6863068465059, Evaluations = 3008
Generation 95: Best Solution = [-1.98110383 -1.9552081   4.78695701  0.98269709 -1.00260573 -0.98674448
 -4.02774613  1.00835911 -0.9913739   0.96791569], Best Fitness = 61.40651450785318, Evaluations = 3040
Generation 96: Best Solution = [-1.98098283 -1.95997416  4.79023492  0.97711291 -1.00630101 -0.99517138
 -4.0246076   1.00256291 -0.9866487   0.96851992], Best Fitness = 61.13507437246849, Evaluations = 3072
Generation 97: Best Solution = [-1.98989346 -1.95972892  4.7962996   0.98171123 -1.00954024 -0.98405739
 -4.01514726  1.02100319 -0.98972782  0.96942791], Best Fitness = 60.78054237701046, Evaluations = 3104
Generation 98: Best Solution = [-1.97726189 -1.9598616   4.79775715  0.97892306 -1.00190866 -0.98772637
 -4.02233523  1.00542853 -0.99259528  0.97040347], Best Fitness = 60.691538001783925, Evaluations = 3136
Generation 99: Best Solution = [-1.98156383 -1.95893671  4.80220988  0.98544402 -1.01328066 -0.99603125
 -4.01819228  0.9983853  -1.00021688  0.96545262], Best Fitness = 60.446579439821015, Evaluations = 3168
Generation 100: Best Solution = [-1.97516353 -1.95766352  4.81005394  0.98077075 -1.00456143 -0.98876725
 -4.0258298   1.00068927 -0.98911083  0.96848689], Best Fitness = 60.185066457903936, Evaluations = 3200
Generation 101: Best Solution = [-1.98600638 -1.96219106  4.80812659  0.97921566 -1.00716022 -0.99131717
 -4.01478997  1.00038048 -0.98049431  0.97297088], Best Fitness = 60.01590546454685, Evaluations = 3232
Generation 102: Best Solution = [-1.98118987 -1.96894554  4.81213526  0.98615893 -0.99638889 -0.99657409
 -4.0205954   0.99457182 -0.99702564  0.9827813 ], Best Fitness = 59.67743319895021, Evaluations = 3264
Generation 103: Best Solution = [-1.9739385  -1.96184881  4.81978478  0.99130344 -0.9922004  -0.9911595
 -4.03105998  0.9944809  -0.99941208  0.98132561], Best Fitness = 59.606579375855134, Evaluations = 3296
Generation 104: Best Solution = [-1.97351917 -1.97569525  4.81589194  0.9859319  -0.99224259 -0.9945789
 -4.01027528  0.99022856 -1.00648122  0.97755782], Best Fitness = 59.40380525641905, Evaluations = 3328
Generation 105: Best Solution = [-1.97718132 -1.95414023  4.82708177  0.9885384  -0.99547309 -0.98808957
 -4.01289568  0.99725312 -0.9808833   0.98753678], Best Fitness = 59.06209791042757, Evaluations = 3360
Generation 106: Best Solution = [-1.97137131 -1.95163103  4.83067436  0.98713171 -1.00132588 -0.99362009
 -4.0015163   0.99664376 -0.98533996  0.99183622], Best Fitness = 58.81927424339719, Evaluations = 3392
Generation 107: Best Solution = [-1.97932906 -1.9616469   4.83332359  0.97852782 -1.00464218 -0.98815368
 -4.00902186  0.99721182 -0.99241867  0.98623689], Best Fitness = 58.657163299235236, Evaluations = 3424
Generation 108: Best Solution = [-1.97502613 -1.9657842   4.83296416  0.98706868 -0.9949319  -0.98496793
 -4.00413284  0.99298051 -0.99451592  0.98850559], Best Fitness = 58.54312323526005, Evaluations = 3456
Generation 109: Best Solution = [-1.98205539 -1.95880442  4.83844819  0.97745193 -0.99203255 -0.98876169
 -4.00328165  0.9961078  -0.99577752  0.98058944], Best Fitness = 58.406332563227416, Evaluations = 3488
Generation 110: Best Solution = [-1.98675562 -1.95713877  4.84350552  0.97463408 -0.99691988 -0.99143043
 -4.005772    0.99747584 -0.99591652  0.97476106], Best Fitness = 58.27883380464186, Evaluations = 3520
Generation 111: Best Solution = [-1.97868763 -1.96712507  4.84372143  0.98011921 -0.99366842 -0.98127437
 -3.99730064  0.99458125 -1.00143274  0.99073737], Best Fitness = 58.03679117189174, Evaluations = 3552
Generation 112: Best Solution = [-1.96961391 -1.96258269  4.85182808  0.98248634 -0.99657316 -0.96646588
 -3.99738014  0.98530493 -0.99756739  0.98534804], Best Fitness = 57.93758995433183, Evaluations = 3584
Generation 113: Best Solution = [-1.98025498 -1.97433981  4.85150996  0.98883686 -0.99502915 -0.99144092
 -4.00482499  0.99884561 -1.00117835  0.9821467 ], Best Fitness = 57.67481132176257, Evaluations = 3616
Generation 114: Best Solution = [-1.97339164 -1.96569302  4.85826087  0.98637184 -0.99257762 -0.9839813
 -3.99970048  0.98914277 -1.00144482  0.98788194], Best Fitness = 57.474062598056925, Evaluations = 3648
Generation 115: Best Solution = [-1.96927309 -1.97088238  4.86581347  0.98598913 -0.99522232 -0.98179968
 -4.0046816   0.98650744 -0.99705968  0.98811251], Best Fitness = 57.22597131281542, Evaluations = 3680
Generation 116: Best Solution = [-1.97713885 -1.96638775  4.87321225  0.98913095 -0.99506106 -0.97914161
 -4.00394934  0.98944508 -0.99312022  0.98921178], Best Fitness = 56.93186313087641, Evaluations = 3712
Generation 117: Best Solution = [-1.97779346 -1.97179406  4.87610412  0.98512573 -0.99262172 -0.98394437
 -4.00269316  0.99158776 -0.98489843  0.98451876], Best Fitness = 56.790784527400625, Evaluations = 3744
Generation 118: Best Solution = [-1.98373139 -1.96764642  4.87957297  0.98589583 -0.98578478 -0.98560247
 -3.99759465  0.99263814 -0.99087623  0.98506023], Best Fitness = 56.62959898402286, Evaluations = 3776
Generation 119: Best Solution = [-1.97484597 -1.97235639  4.88536842  0.98578613 -0.99270886 -0.98368144
 -3.9969634   0.99987173 -0.98388602  0.98748744], Best Fitness = 56.446013428609454, Evaluations = 3808
Generation 120: Best Solution = [-1.98751835 -1.97374726  4.89304555  0.98130302 -0.99206569 -0.98327535
 -4.00064544  1.00584981 -0.98228552  0.98153117], Best Fitness = 56.26023036233621, Evaluations = 3840
Generation 121: Best Solution = [-1.97409673 -1.97277192  4.89193259  0.98549353 -1.00342262 -0.99918106
 -3.99031237  1.00261869 -0.97996101  0.98893301], Best Fitness = 56.22578629739639, Evaluations = 3872
Generation 122: Best Solution = [-1.97228258 -1.97035041  4.89737973  0.99320669 -1.00055314 -0.99682329
 -3.98790662  1.0095924  -0.9801277   0.99793467], Best Fitness = 56.08577848497202, Evaluations = 3904
Generation 123: Best Solution = [-1.97165802 -1.97680955  4.90703024  0.97130613 -1.00024055 -0.99963905
 -3.98907942  1.0044786  -0.9803361   0.98083101], Best Fitness = 55.92273028573055, Evaluations = 3936
Generation 124: Best Solution = [-1.97949732 -1.97358818  4.90934522  0.96904905 -0.9987503  -0.99421616
 -3.99252027  1.00048747 -0.98747653  0.98421082], Best Fitness = 55.81081764847147, Evaluations = 3968
Generation 125: Best Solution = [-1.97611608 -1.97555837  4.91440694  0.98286366 -1.0001967  -0.995951
 -3.99391095  1.00295356 -0.98662458  0.99697592], Best Fitness = 55.5912004816371, Evaluations = 4000
Generation 126: Best Solution = [-1.97881855 -1.9802012   4.92010706  0.97728501 -0.99935625 -0.99566641
 -3.99264396  1.00131387 -0.98776325  0.98194963], Best Fitness = 55.48293274889762, Evaluations = 4032
Generation 127: Best Solution = [-1.97213948 -1.98351177  4.92860389  0.97483091 -0.99650966 -0.9943909
 -3.99895645  0.99446731 -0.99195684  0.98684597], Best Fitness = 55.36781645651937, Evaluations = 4064
Generation 128: Best Solution = [-1.97782363 -1.9816984   4.92874885  0.98446922 -0.99195139 -0.98705474
 -3.99248445  0.99586141 -0.99968531  0.98990599], Best Fitness = 55.24637550450684, Evaluations = 4096
Generation 129: Best Solution = [-1.97393115 -1.98429216  4.93379551  0.98819594 -0.98999332 -0.98542049
 -3.98587652  0.99721218 -1.00311871  0.99970128], Best Fitness = 55.158403731265395, Evaluations = 4128
Generation 130: Best Solution = [-1.97568556 -1.98665675  4.94448899  0.97945427 -0.98558651 -0.9976555
 -3.99370403  0.99172864 -0.99025725  0.99233013], Best Fitness = 55.05331352961996, Evaluations = 4160
Generation 131: Best Solution = [-1.97477996 -1.98239587  4.9507768   0.98204717 -0.98187871 -0.99791673
 -3.99108747  0.99241467 -0.99310703  0.99296408], Best Fitness = 54.98628828371184, Evaluations = 4192
Generation 132: Best Solution = [-1.97702507 -1.99183588  4.95180461  0.98670712 -0.98869178 -0.99763872
 -3.98145348  0.99949321 -0.99610066  0.98568698], Best Fitness = 54.902195201637596, Evaluations = 4224
Generation 133: Best Solution = [-1.97942792 -1.99873601  4.96376208  0.98697202 -0.98778177 -1.00136126
 -3.98128186  1.00811755 -0.99708304  0.99175186], Best Fitness = 54.851543688840714, Evaluations = 4256
Generation 134: Best Solution = [-1.9781413  -1.98985405  4.95930049  0.99117897 -0.98486447 -0.99616236
 -3.98298258  0.99447542 -0.99331504  0.990115  ], Best Fitness = 54.82644395671521, Evaluations = 4288
Generation 135: Best Solution = [-1.98370327 -1.98860443  4.96304736  0.99271011 -0.99284615 -0.99037338
 -3.97486662  0.99680602 -0.99156492  0.98999592], Best Fitness = 54.775441916939855, Evaluations = 4320
Generation 136: Best Solution = [-1.98688622 -1.98452807  4.97074971  0.99182214 -0.9916723  -0.99185662
 -3.97754809  1.00092711 -0.99528085  0.99235386], Best Fitness = 54.74838379252703, Evaluations = 4352
Generation 137: Best Solution = [-1.99166756 -1.99029677  4.96866941  0.99359643 -0.99729026 -0.99523615
 -3.97967658  1.00035083 -0.99356667  0.99298322], Best Fitness = 54.73850051442497, Evaluations = 4384
Generation 138: Best Solution = [-1.98919272 -1.98983146  4.96980776  0.99209218 -0.994862   -0.99889308
 -3.9795907   0.99262336 -0.99346805  0.99059555], Best Fitness = 54.73715501138089, Evaluations = 4416
Generation 139: Best Solution = [-1.98729062 -1.98850299  4.96877493  0.9946699  -0.99402212 -0.99756792
 -3.97963881  1.00030482 -0.9984057   0.99276131], Best Fitness = 54.74150768543083, Evaluations = 4448
Generation 140: Best Solution = [-1.98576201 -1.99421665  4.9710393   0.99042243 -0.99431457 -0.9943638
 -3.98211159  0.99294426 -0.99909314  0.99559485], Best Fitness = 54.74164500725479, Evaluations = 4480
Generation 141: Best Solution = [-1.98491827 -1.9918777   4.97048992  0.99461073 -0.99132779 -0.998772
 -3.98218908  0.99437757 -0.99626082  0.98884261], Best Fitness = 54.74601321182862, Evaluations = 4512
Generation 142: Best Solution = [-1.98798471 -1.99045931  4.9742547   0.99202674 -0.99790934 -0.99722521
 -3.98005234  0.99354675 -0.98986941  0.9956737 ], Best Fitness = 54.73330973235104, Evaluations = 4544
Generation 143: Best Solution = [-1.98879745 -1.99518837  4.97419442  0.99602163 -0.99899386 -0.9921314
 -3.97873031  0.98991746 -0.99657361  0.99598327], Best Fitness = 54.739212180966035, Evaluations = 4576
Generation 144: Best Solution = [-1.98958041 -1.99277091  4.97324519  0.99543642 -0.99227777 -0.99483325
 -3.98087961  0.9916794  -0.99320505  0.99464825], Best Fitness = 54.72890355698064, Evaluations = 4608
Generation 145: Best Solution = [-1.99212834 -1.992513    4.97489127  0.9938613  -0.99725177 -0.9910576
 -3.98022892  0.99541644 -0.99091044  0.99747641], Best Fitness = 54.733588215632466, Evaluations = 4640
Generation 146: Best Solution = [-1.99107738 -1.98737676  4.97080716  0.99770279 -0.99473722 -0.99423343
 -3.98566776  0.99831719 -0.99731451  0.9943143 ], Best Fitness = 54.738727151242365, Evaluations = 4672
Generation 147: Best Solution = [-1.98413342 -1.99024718  4.9745596   0.99540289 -0.99611845 -0.99595041
 -3.97715583  0.99901734 -0.99246917  0.99519029], Best Fitness = 54.73538101653345, Evaluations = 4704
Generation 148: Best Solution = [-1.98956881 -1.98788904  4.97251005  0.99470092 -0.98974951 -0.99807131
 -3.98138998  0.99439391 -0.99845879  0.9996868 ], Best Fitness = 54.7388964454602, Evaluations = 4736
Generation 149: Best Solution = [-1.98649494 -1.98626516  4.97189696  0.99712201 -0.99394531 -0.99089936
 -3.98251896  0.99397024 -0.99458058  0.99431091], Best Fitness = 54.735031608481, Evaluations = 4768
Generation 150: Best Solution = [-1.99142748 -1.986842    4.97171189  0.9938385  -0.9909393  -0.99588604
 -3.97987621  0.99307367 -0.9961725   0.99969774], Best Fitness = 54.735515673398275, Evaluations = 4800
Generation 151: Best Solution = [-1.98721925 -1.99345043  4.97789728  0.99370752 -0.9965403  -0.99179007
 -3.9835492   0.99663749 -0.99418324  0.99270916], Best Fitness = 54.73558513062622, Evaluations = 4832
Generation 152: Best Solution = [-1.98689244 -1.99016602  4.97501201  0.9916431  -0.99552588 -0.99483143
 -3.98165277  0.99220562 -0.99065541  0.99914565], Best Fitness = 54.73580541215157, Evaluations = 4864
Generation 153: Best Solution = [-1.98907854 -1.98361759  4.97762228  0.99807455 -0.99371861 -0.99490711
 -3.97979708  0.99201212 -0.99824694  0.99645119], Best Fitness = 54.73858148108464, Evaluations = 4896
Generation 154: Best Solution = [-1.98805724 -1.99155064  4.97506447  0.996274   -0.99435548 -0.99082922
 -3.97611856  0.99933059 -0.99626085  0.99384165], Best Fitness = 54.73443482353748, Evaluations = 4928
Generation 155: Best Solution = [-1.99145809 -1.98995598  4.97766467  0.99724708 -0.99342133 -0.99413653
 -3.97624399  0.99550038 -0.99599593  0.99525374], Best Fitness = 54.72898424585618, Evaluations = 4960
Generation 156: Best Solution = [-1.99086602 -1.99269805  4.97572061  0.9924001  -0.99230065 -0.99228385
 -3.97706031  0.99204971 -0.99569325  0.99255017], Best Fitness = 54.73281849607932, Evaluations = 4992
Generation 157: Best Solution = [-1.99000167 -1.99393238  4.97715768  0.9927786  -0.99495909 -0.99401438
 -3.97625957  0.99401782 -0.99598549  0.99439231], Best Fitness = 54.73078827947273, Evaluations = 5024
Generation 158: Best Solution = [-1.98888732 -1.99030028  4.97542938  0.99225513 -0.99794801 -0.9992115
 -3.9744076   0.99655259 -0.99397421  0.99753842], Best Fitness = 54.73723217083326, Evaluations = 5056
Generation 159: Best Solution = [-1.99267207 -1.99122639  4.97212477  0.99738893 -0.99389234 -0.99572954
 -3.97764235  1.00068027 -0.99268138  0.99635412], Best Fitness = 54.735847685398426, Evaluations = 5088
Generation 160: Best Solution = [-1.99284377 -1.99089114  4.97804485  0.99797111 -0.99351517 -0.99423172
 -3.98055558  0.9946949  -0.99881644  0.99669958], Best Fitness = 54.7324823242929, Evaluations = 5120
Generation 161: Best Solution = [-1.99531144 -1.98346659  4.97220051  0.99528898 -0.99695924 -0.9969367
 -3.98077111  0.99410423 -0.99782249  0.99462079], Best Fitness = 54.741168334854756, Evaluations = 5152
Generation 162: Best Solution = [-1.99039057 -1.98988878  4.97980097  0.99412451 -0.99256448 -0.99402929
 -3.97594395  0.99419076 -0.99704451  0.99390123], Best Fitness = 54.73309753472026, Evaluations = 5184
Generation 163: Best Solution = [-1.99210793 -1.98887872  4.97658842  0.99642098 -0.99512701 -0.99371734
 -3.98210493  0.99438104 -1.00284723  0.99481592], Best Fitness = 54.73846510622002, Evaluations = 5216
Generation 164: Best Solution = [-1.98992481 -1.98677756  4.9803394   0.99850529 -0.99464758 -0.99240564
 -3.97989474  0.99662486 -0.99278363  0.9959363 ], Best Fitness = 54.73607513308775, Evaluations = 5248
Generation 165: Best Solution = [-1.99349119 -1.98565257  4.97786371  0.9948987  -0.99156029 -0.99959599
 -3.98251245  0.9945938  -0.99685483  0.99719617], Best Fitness = 54.74023855180551, Evaluations = 5280
Generation 166: Best Solution = [-1.99012131 -1.99306633  4.97899438  0.99537243 -0.99871113 -0.99462397
 -3.9782229   0.998871   -0.99146195  0.99332859], Best Fitness = 54.73730956775486, Evaluations = 5312
Generation 167: Best Solution = [-1.99018631 -1.98593977  4.9773166   0.99429616 -0.99607306 -0.99741467
 -3.97761372  0.99776057 -0.99131424  0.99711354], Best Fitness = 54.73443896726734, Evaluations = 5344
Generation 168: Best Solution = [-1.98967974 -1.99190111  4.97538827  0.9967203  -0.99829622 -0.99664663
 -3.98196163  1.00047701 -0.99697395  0.99338871], Best Fitness = 54.73493064044617, Evaluations = 5376
Generation 169: Best Solution = [-1.98953916 -1.99004717  4.97380917  0.9937741  -0.99408053 -0.99904663
 -3.97829142  0.99981281 -0.99401219  0.99645999], Best Fitness = 54.7320489836134, Evaluations = 5408
Generation 170: Best Solution = [-1.98803322 -1.99387842  4.97485389  0.99809072 -0.99359722 -0.99353544
 -3.97735242  0.99511426 -0.99340843  0.98799816], Best Fitness = 54.740163233458745, Evaluations = 5440
Generation 171: Best Solution = [-1.99416088 -1.98893901  4.97672952  0.99831637 -0.99259654 -0.99599866
 -3.9832334   0.99933709 -0.9957068   0.99042351], Best Fitness = 54.74085186889262, Evaluations = 5472
Generation 172: Best Solution = [-1.98899128 -1.99497401  4.9757165   0.99509789 -0.99703236 -0.99544797
 -3.97828639  0.9957734  -0.99603934  0.99471249], Best Fitness = 54.72955377352032, Evaluations = 5504
Generation 173: Best Solution = [-1.9930874  -1.98702061  4.97555118  0.99082206 -0.99509172 -0.9971201
 -3.97954814  0.99397752 -0.9919029   0.99444346], Best Fitness = 54.73260760269909, Evaluations = 5536
Generation 174: Best Solution = [-1.99400372 -1.99077936  4.97327479  0.99199732 -0.99415455 -0.98945774
 -3.97827511  0.99474767 -0.99369497  0.99368006], Best Fitness = 54.73520305016947, Evaluations = 5568
Generation 175: Best Solution = [-1.98813034 -1.99166772  4.97439648  0.99942768 -0.99246618 -0.99183711
 -3.9814026   0.99555653 -0.99576313  0.98937446], Best Fitness = 54.73765951681804, Evaluations = 5600
Generation 176: Best Solution = [-1.98593155 -1.98722472  4.97702814  0.99413739 -0.9977717  -0.99407712
 -3.97827004  0.99619506 -0.99918379  0.99271013], Best Fitness = 54.735173335338445, Evaluations = 5632
Generation 177: Best Solution = [-1.99275149 -1.99236969  4.9746214   0.9908824  -0.9983252  -0.99659728
 -3.97871187  0.99104745 -0.99603314  0.99304584], Best Fitness = 54.73546408061884, Evaluations = 5664
Generation 178: Best Solution = [-1.98747563 -1.9884622   4.97104312  0.99659297 -0.99753727 -0.99954005
 -3.98253524  0.99578073 -0.99521008  0.99719292], Best Fitness = 54.73521778006386, Evaluations = 5696
Generation 179: Best Solution = [-1.98437263 -1.98952651  4.97252798  0.99462876 -0.99592903 -0.99410973
 -3.97824539  0.99289151 -0.99457654  0.99673611], Best Fitness = 54.73171949595105, Evaluations = 5728
Generation 180: Best Solution = [-1.9903446  -1.99396672  4.97414233  0.99952403 -0.99389095 -0.99251277
 -3.97870175  0.99568231 -0.99660724  0.99107214], Best Fitness = 54.73514941178115, Evaluations = 5760
Generation 181: Best Solution = [-1.98960893 -1.98984408  4.97044165  0.99471686 -0.99459289 -0.99361488
 -3.97965017  0.99913016 -0.99212172  0.9893801 ], Best Fitness = 54.73754995529578, Evaluations = 5792
Generation 182: Best Solution = [-1.99085658 -1.99657828  4.97037837  0.99634075 -0.99066961 -0.99675831
 -3.9783137   0.99645778 -0.99570503  0.99166759], Best Fitness = 54.74279955089263, Evaluations = 5824
Generation 183: Best Solution = [-1.98799824 -1.98473364  4.97550679  0.99818143 -0.99177074 -0.99117066
 -3.98214553  0.99225272 -0.99305749  0.99371348], Best Fitness = 54.73903758687297, Evaluations = 5856
Generation 184: Best Solution = [-1.98551348 -1.99084469  4.97776816  0.99590678 -0.9953658  -0.9941839
 -3.98065241  0.99476103 -0.99516183  1.00065666], Best Fitness = 54.73517492413049, Evaluations = 5888
Generation 185: Best Solution = [-1.98752941 -1.98822953  4.97332413  0.9912879  -0.99191625 -0.99224317
 -3.97708266  0.99628519 -0.99930241  0.99771485], Best Fitness = 54.73743457481006, Evaluations = 5920
Generation 186: Best Solution = [-1.99129332 -1.99126195  4.97407173  0.99793673 -0.99534479 -0.99628166
 -3.98017896  0.9972124  -0.99630015  0.99757447], Best Fitness = 54.72808479523954, Evaluations = 5952
Generation 187: Best Solution = [-1.98955125 -1.9874215   4.9745171   0.99238906 -0.99335257 -0.99665989
 -3.97635961  0.99518767 -0.99829644  0.99166428], Best Fitness = 54.732714369823896, Evaluations = 5984
Generation 188: Best Solution = [-1.99243776 -1.98917764  4.9735642   0.99766161 -0.99130389 -0.99945599
 -3.98308775  0.99551908 -0.99464577  0.99321997], Best Fitness = 54.73494192758237, Evaluations = 6016
Generation 189: Best Solution = [-1.98916823 -1.99059727  4.97469281  0.99790898 -0.99458241 -0.9963355
 -3.9793693   0.99776767 -0.99748233  0.99339723], Best Fitness = 54.72806154032899, Evaluations = 6048
Generation 190: Best Solution = [-1.99094308 -1.99042414  4.97504151  0.99777699 -0.99196551 -0.99414078
 -3.98338484  0.99814802 -0.99453698  0.99855983], Best Fitness = 54.73333282841407, Evaluations = 6080
Generation 191: Best Solution = [-1.99138382 -1.98957146  4.97634699  0.99197609 -0.9930967  -0.99235742
 -3.97535473  0.99313926 -0.9976165   0.99632726], Best Fitness = 54.733449548243954, Evaluations = 6112
Generation 192: Best Solution = [-1.98726018 -1.9936156   4.97448374  0.99705738 -0.99311143 -0.99227846
 -3.97793417  0.99731756 -0.99369681  0.99477172], Best Fitness = 54.73157400726551, Evaluations = 6144
Generation 193: Best Solution = [-1.99278352 -1.98629716  4.97117556  0.9945822  -0.99659428 -0.99200664
 -3.98156519  0.99548129 -0.99755948  0.99288533], Best Fitness = 54.73418015023871, Evaluations = 6176
Generation 194: Best Solution = [-1.98995942 -1.9918397   4.97468991  0.99875422 -0.9955671  -0.99518987
 -3.98235115  0.99336636 -0.99371886  0.98947418], Best Fitness = 54.73412813212335, Evaluations = 6208
Generation 195: Best Solution = [-1.98947599 -1.9913704   4.97985624  0.99584982 -0.99559565 -0.99713201
 -3.98023367  0.99148963 -0.99869154  0.99363901], Best Fitness = 54.734785684432055, Evaluations = 6240
Generation 196: Best Solution = [-1.98853413 -1.9887295   4.97602417  0.99225196 -0.99053897 -0.99796496
 -3.97976085  0.99441926 -0.99595287  0.99184032], Best Fitness = 54.73268286776407, Evaluations = 6272
Generation 197: Best Solution = [-1.99061602 -1.99026287  4.97402181  0.99450409 -0.99147188 -0.99463493
 -3.97772629  0.99876961 -0.99653933  0.99730123], Best Fitness = 54.73036255870476, Evaluations = 6304
Generation 198: Best Solution = [-1.98722607 -1.99188721  4.97787677  0.99365394 -0.99353371 -1.0001716
 -3.98039597  0.99514847 -0.99647354  0.99655005], Best Fitness = 54.733742126582975, Evaluations = 6336
Generation 199: Best Solution = [-1.98937295 -1.98836846  4.97321823  0.99647376 -0.99483164 -0.98881674
 -3.97890739  0.99761101 -0.9980042   0.99564043], Best Fitness = 54.734750524038375, Evaluations = 6368
Generation 200: Best Solution = [-1.9869088  -1.98680483  4.97493617  0.99517402 -0.99785798 -0.9953312
 -3.9755238   0.99661451 -0.99674893  0.99446338], Best Fitness = 54.73259068379235, Evaluations = 6400
Generation 201: Best Solution = [-1.98754754 -1.98525767  4.97454807  0.99817886 -0.99733456 -0.99365862
 -3.97572908  0.99027543 -0.9944607   0.99494617], Best Fitness = 54.7389207135175, Evaluations = 6432
Generation 202: Best Solution = [-1.99552321 -1.9911445   4.96998936  0.9977474  -0.9941441  -0.99266084
 -3.98104991  0.99470102 -0.99700759  0.99134989], Best Fitness = 54.739709433218636, Evaluations = 6464
Generation 203: Best Solution = [-1.98757673 -1.98659566  4.97765136  0.99286179 -0.99579725 -0.99887046
 -3.9803286   0.99168696 -0.99156973  0.99522234], Best Fitness = 54.735875013518964, Evaluations = 6496
Generation 204: Best Solution = [-1.98883984 -1.99087974  4.97287319  0.99393522 -0.99286936 -0.99369411
 -3.97469973  0.99627292 -0.99809165  0.99305875], Best Fitness = 54.73291849172587, Evaluations = 6528
Generation 205: Best Solution = [-1.99129118 -1.98679983  4.97099145  0.99591086 -0.99779391 -0.9953294
 -3.98158114  0.99483221 -0.99830626  0.99682541], Best Fitness = 54.732709750266196, Evaluations = 6560
Generation 206: Best Solution = [-1.99381249 -1.98769859  4.97473173  0.99611214 -0.99361585 -0.99494874
 -3.98324467  0.99577078 -0.998929    0.9936729 ], Best Fitness = 54.732932691358826, Evaluations = 6592
Generation 207: Best Solution = [-1.990545   -1.9883421   4.97182139  0.99503358 -0.99640431 -0.99605117
 -3.98010957  0.99130166 -0.99578753  0.99575935], Best Fitness = 54.72815044465507, Evaluations = 6624
Generation 208: Best Solution = [-1.99005466 -1.98970877  4.97149593  0.99330418 -0.99362889 -0.99101492
 -3.97931393  0.99593095 -0.99716546  0.9963542 ], Best Fitness = 54.72995316724618, Evaluations = 6656
Generation 209: Best Solution = [-1.9912883  -1.99161732  4.97133065  0.99648125 -0.99523491 -0.99671718
 -3.97772537  0.99825298 -0.99659203  0.99574052], Best Fitness = 54.73026860480755, Evaluations = 6688
Generation 210: Best Solution = [-1.98652733 -1.98942471  4.9772268   0.99689264 -0.99557416 -0.99383187
 -3.97576079  0.99072149 -0.99504865  0.99551776], Best Fitness = 54.73383106810194, Evaluations = 6720
Generation 211: Best Solution = [-1.99292298 -1.99022129  4.9775927   0.99566705 -0.99276398 -0.99614527
 -3.97802522  0.99191767 -0.99448327  0.9981265 ], Best Fitness = 54.73165878971898, Evaluations = 6752
Generation 212: Best Solution = [-1.98999705 -1.99104877  4.9691051   0.99234334 -0.99249609 -0.99891251
 -3.98377667  0.99836579 -0.99546184  0.99323518], Best Fitness = 54.74048310742759, Evaluations = 6784
Generation 213: Best Solution = [-1.98957885 -1.98935428  4.97391523  0.98962546 -0.99333146 -0.99924768
 -3.98158028  0.99615092 -0.99876557  0.99273833], Best Fitness = 54.73716520004423, Evaluations = 6816
Generation 214: Best Solution = [-1.98879253 -1.99261225  4.97573816  0.99563675 -0.99757506 -0.99781027
 -3.9786246   0.9917426  -0.99661677  0.99410972], Best Fitness = 54.73035478533537, Evaluations = 6848
Generation 215: Best Solution = [-1.99004141 -1.98906292  4.97496184  0.99171082 -0.99456404 -0.99045832
 -3.97592906  0.99395926 -0.99427855  0.99023479], Best Fitness = 54.736314563928644, Evaluations = 6880
Generation 216: Best Solution = [-1.99123315 -1.99125614  4.97619283  1.00232125 -0.99506276 -0.99719141
 -3.98504916  0.99520153 -0.99353459  0.9949558 ], Best Fitness = 54.7411486673339, Evaluations = 6912
Generation 217: Best Solution = [-1.98630225 -1.99118384  4.97651406  0.99588654 -0.99669225 -0.9950812
 -3.97855993  0.99608374 -0.99023582  0.99846365], Best Fitness = 54.734107006710566, Evaluations = 6944
Generation 218: Best Solution = [-1.99040718 -1.98861392  4.97482427  0.99464773 -0.99425108 -0.99681774
 -3.98010871  0.99149802 -0.99808387  0.99338086], Best Fitness = 54.728398486300875, Evaluations = 6976
Generation 219: Best Solution = [-1.98508487 -1.98974374  4.97067792  0.99472382 -1.00045686 -0.9959938
 -3.98216211  0.99346148 -0.99574609  0.99464845], Best Fitness = 54.7380707000004, Evaluations = 7008
Generation 220: Best Solution = [-1.99026478 -1.99055683  4.97312688  0.99829479 -0.99454819 -0.99882807
 -3.97960874  0.99511529 -0.99780339  0.99245256], Best Fitness = 54.73104094425045, Evaluations = 7040
Generation 221: Best Solution = [-1.98604017 -1.99123686  4.97062589  0.99326534 -1.00055767 -0.99199936
 -3.9819414   0.99453359 -0.9937543   0.99533067], Best Fitness = 54.73872119220037, Evaluations = 7072
Generation 222: Best Solution = [-1.99608415 -1.99078206  4.97605261  0.99502869 -0.99609734 -0.99478012
 -3.97975946  0.99268203 -0.99267963  0.99760814], Best Fitness = 54.734157840019506, Evaluations = 7104
Generation 223: Best Solution = [-1.98836823 -1.99347805  4.97610404  0.99660962 -0.99898766 -0.99475158
 -3.9830938   0.99176122 -0.99507643  0.99379476], Best Fitness = 54.73398974500937, Evaluations = 7136
Generation 224: Best Solution = [-1.99196677 -1.9872746   4.97657631  0.99465333 -0.99831822 -0.99473314
 -3.98130574  0.99554609 -0.99590161  0.99519337], Best Fitness = 54.72827162095304, Evaluations = 7168
Generation 225: Best Solution = [-1.99017476 -1.9903706   4.97164921  0.99889959 -0.99656841 -0.9921771
 -3.98118822  0.99544208 -0.99479379  0.99405204], Best Fitness = 54.729980938404, Evaluations = 7200
Generation 226: Best Solution = [-1.98669043 -1.98876817  4.96944964  0.99609629 -0.99744452 -0.99725579
 -3.9789946   0.99734321 -0.99651738  0.99437805], Best Fitness = 54.7343971390186, Evaluations = 7232
Generation 227: Best Solution = [-1.99545012 -1.98650176  4.9767088   0.99089238 -0.99200432 -0.99485673
 -3.97869227  0.99592501 -0.99492565  0.99355369], Best Fitness = 54.737380327225935, Evaluations = 7264
Generation 228: Best Solution = [-1.99148867 -1.98785016  4.97365405  0.99376009 -0.99848815 -0.99486324
 -3.97641857  0.99247549 -0.9922012   0.99517879], Best Fitness = 54.73165153823874, Evaluations = 7296
Generation 229: Best Solution = [-1.98906698 -1.99194006  4.9725958   0.99964375 -0.99502358 -0.99866775
 -3.98302117  0.99661727 -0.99207993  0.99416578], Best Fitness = 54.735659313909125, Evaluations = 7328
Generation 230: Best Solution = [-1.99464896 -1.98930578  4.97353061  0.99099593 -0.9958449  -0.99738945
 -3.98066692  0.99730163 -0.99307336  1.00015834], Best Fitness = 54.738914865086315, Evaluations = 7360
Generation 231: Best Solution = [-1.98888301 -1.99032345  4.97222493  0.99199874 -0.9958506  -0.99628767
 -3.97469745  0.99620774 -0.99692157  0.99809861], Best Fitness = 54.73417547968407, Evaluations = 7392
Generation 232: Best Solution = [-1.98661558 -1.98777499  4.97416917  0.99492904 -0.99420135 -0.99748805
 -3.97943358  0.99489721 -0.99249671  0.99442521], Best Fitness = 54.72815750062237, Evaluations = 7424
Generation 233: Best Solution = [-1.99011776 -1.99049383  4.9705713   0.99333083 -0.99971572 -0.99515118
 -3.97855513  0.99304067 -0.99723345  0.99724334], Best Fitness = 54.73388845703276, Evaluations = 7456
Generation 234: Best Solution = [-1.98917664 -1.98777491  4.97656581  0.99930736 -0.99300288 -0.9957493
 -3.97853559  1.0010447  -0.99096462  0.99430003], Best Fitness = 54.73961832184961, Evaluations = 7488
Generation 235: Best Solution = [-1.98706213 -1.99139678  4.97336671  0.99487121 -0.99377723 -1.00146261
 -3.98188589  0.99649433 -0.99423346  0.99429084], Best Fitness = 54.734970446234776, Evaluations = 7520
Generation 236: Best Solution = [-1.9916342  -1.99328885  4.97779836  0.99327971 -0.99743324 -0.99413832
 -3.98278824  0.99523296 -0.9960287   0.99405043], Best Fitness = 54.73121210389942, Evaluations = 7552
Generation 237: Best Solution = [-1.99146344 -1.98751398  4.97618902  0.99349143 -0.99433837 -0.99426888
 -3.97479184  0.99169697 -0.99664103  0.99385311], Best Fitness = 54.73284552316929, Evaluations = 7584
Generation 238: Best Solution = [-1.98985213 -1.98451806  4.9794143   0.99176803 -0.99249333 -0.9963469
 -3.9794373   0.99280995 -0.9963428   0.99236536], Best Fitness = 54.73877443001588, Evaluations = 7616
Generation 239: Best Solution = [-1.98887507 -1.98804743  4.9710468   0.99569152 -0.99423793 -0.9941184
 -3.98095504  0.99896888 -0.99744866  0.99397103], Best Fitness = 54.73111582977715, Evaluations = 7648
Generation 240: Best Solution = [-1.98909166 -1.98828392  4.97559344  0.99281681 -0.99619305 -0.99533905
 -3.98054818  0.99986005 -0.99352224  0.99276484], Best Fitness = 54.73068463974046, Evaluations = 7680
Generation 241: Best Solution = [-1.98458352 -1.99137979  4.97187497  0.99491279 -0.99544532 -0.99550254
 -3.97631384  0.99660982 -0.99420757  0.99315324], Best Fitness = 54.73375226755941, Evaluations = 7712
Generation 242: Best Solution = [-1.98804478 -1.99309929  4.97626018  0.99474313 -0.99327336 -0.99770947
 -3.97973814  0.99542956 -0.99068801  0.99522889], Best Fitness = 54.73131524170154, Evaluations = 7744
Generation 243: Best Solution = [-1.98701673 -1.988714    4.97792523  0.99104901 -0.99300372 -0.99188841
 -3.9815138   0.99818328 -0.99238857  0.99476135], Best Fitness = 54.73600302682605, Evaluations = 7776
Generation 244: Best Solution = [-1.98831535 -1.99234347  4.96905655  0.99718991 -0.9931419  -0.99674023
 -3.9807721   0.99827361 -0.99637826  0.99622942], Best Fitness = 54.73562952431239, Evaluations = 7808
Generation 245: Best Solution = [-1.99400156 -1.98588284  4.96932019  0.99282744 -0.99301552 -0.99454989
 -3.97688309  0.99441228 -0.99608863  0.99386337], Best Fitness = 54.738437021439225, Evaluations = 7840
Generation 246: Best Solution = [-1.98965297 -1.9931534   4.97492687  0.99064629 -0.99615972 -0.99766428
 -3.97790372  0.9927621  -0.99253148  0.99502555], Best Fitness = 54.73273331451969, Evaluations = 7872
Generation 247: Best Solution = [-1.98974424 -1.99099507  4.97465125  0.99082078 -0.99182284 -0.99757487
 -3.98355596  0.9916036  -0.9960701   0.996185  ], Best Fitness = 54.73490004042383, Evaluations = 7904
Generation 248: Best Solution = [-1.9910282  -1.99339814  4.9755286   0.99571855 -0.99293813 -0.99312106
 -3.98520651  0.99470733 -0.9971502   0.99374416], Best Fitness = 54.73382004851203, Evaluations = 7936
Generation 249: Best Solution = [-1.98731404 -1.98931184  4.97767375  0.99987521 -0.99490261 -0.9936901
 -3.98219913  0.99488291 -1.00188811  0.99467869], Best Fitness = 54.74133902097017, Evaluations = 7968
Generation 250: Best Solution = [-1.99115125 -1.99092456  4.97801925  0.99270165 -0.99397219 -0.99489235
 -3.97525551  0.99523083 -0.99489078  0.9926477 ], Best Fitness = 54.731370879052115, Evaluations = 8000
Generation 251: Best Solution = [-1.99252811 -1.99259803  4.9745921   0.99766355 -0.99545873 -0.9945474
 -3.97484371  0.99583332 -0.99253252  0.98968863], Best Fitness = 54.738323279609546, Evaluations = 8032
Generation 252: Best Solution = [-1.99107348 -1.98966527  4.96999895  0.994893   -0.9915036  -0.99580566
 -3.97842792  0.99552833 -0.99583919  0.99716094], Best Fitness = 54.73102030563835, Evaluations = 8064
Generation 253: Best Solution = [-1.98970289 -1.99177019  4.98079376  0.98985543 -0.99249682 -0.99488255
 -3.98044132  0.99414455 -0.99572562  0.99364557], Best Fitness = 54.737424508560395, Evaluations = 8096
Generation 254: Best Solution = [-1.98865496 -1.98797388  4.97986323  0.99165058 -0.99362011 -0.99868053
 -3.97798186  0.9945704  -0.99852702  0.99822367], Best Fitness = 54.739269026750264, Evaluations = 8128
Generation 255: Best Solution = [-1.98398682 -1.9929529   4.97874372  0.9954308  -0.99642305 -1.00022325
 -3.97765225  0.99576049 -0.99616977  0.99376547], Best Fitness = 54.741942550057445, Evaluations = 8160
Generation 256: Best Solution = [-1.99045693 -1.99528726  4.97860607  0.99779092 -0.99604842 -0.99976722
 -3.97810815  0.99457155 -0.99890568  0.99820017], Best Fitness = 54.74334038170414, Evaluations = 8192
Generation 257: Best Solution = [-1.98827183 -1.9972849   4.97686547  0.9941147  -0.99361225 -1.00097503
 -3.97802448  0.99259699 -0.99849022  0.99445869], Best Fitness = 54.74653165678663, Evaluations = 8224
Generation 258: Best Solution = [-1.99002884 -1.98639357  4.97526193  0.99142011 -0.99069758 -0.99834005
 -3.97459609  0.99565933 -0.99647592  0.99438697], Best Fitness = 54.739156504091, Evaluations = 8256
Generation 259: Best Solution = [-1.99279737 -1.98970571  4.97522577  0.99624283 -0.99231125 -0.99853083
 -3.98019875  0.9952312  -0.99532818  0.99695154], Best Fitness = 54.72920724765818, Evaluations = 8288
Generation 260: Best Solution = [-1.99245275 -1.99213943  4.97610212  0.99086181 -0.99289214 -0.99288791
 -3.98167397  0.99143818 -0.99597264  0.99444889], Best Fitness = 54.733473850906144, Evaluations = 8320
Generation 261: Best Solution = [-1.9916388  -1.98737318  4.97249048  0.99242826 -0.99459256 -0.9988268
 -3.9758782   0.9911259  -0.99426732  0.99311078], Best Fitness = 54.7361441746011, Evaluations = 8352
Generation 262: Best Solution = [-1.9940968  -1.99049099  4.97412595  0.99368191 -0.99182453 -0.99815648
 -3.97914633  0.9961615  -0.99739484  0.99819798], Best Fitness = 54.733904866518934, Evaluations = 8384
Generation 263: Best Solution = [-1.99467048 -1.99079024  4.97544415  0.99064854 -0.99865034 -0.99290668
 -3.97861435  0.99600236 -0.99502086  0.99411329], Best Fitness = 54.73498021346908, Evaluations = 8416
Generation 264: Best Solution = [-1.99083372 -1.98960533  4.97786791  0.99458694 -0.99525464 -0.99689391
 -3.97861874  0.9943878  -0.99169724  0.9982419 ], Best Fitness = 54.72991479239099, Evaluations = 8448
Generation 265: Best Solution = [-1.99129126 -1.9860057   4.97588418  0.99629245 -0.99461539 -0.99559302
 -3.98256925  0.994791   -0.99102959  0.99400565], Best Fitness = 54.731288530978055, Evaluations = 8480
Generation 266: Best Solution = [-1.99259153 -1.98538919  4.97241397  0.99517155 -0.99650571 -0.99628938
 -3.98490743  0.99631381 -0.99271706  0.99169251], Best Fitness = 54.73835124447736, Evaluations = 8512
Generation 267: Best Solution = [-1.99263635 -1.99236617  4.97405711  0.99419993 -0.99503641 -0.99700409
 -3.97810306  0.99545144 -0.99680942  0.98927128], Best Fitness = 54.73376386494408, Evaluations = 8544
Generation 268: Best Solution = [-1.99191914 -1.99030978  4.97791891  0.9929085  -0.99492384 -0.9965166
 -3.97958324  0.99954836 -0.9910994   0.99100561], Best Fitness = 54.73680623723128, Evaluations = 8576
Generation 269: Best Solution = [-1.9890857  -1.98718789  4.97422127  0.99648116 -0.99854647 -0.99232618
 -3.97819805  0.99241607 -0.99126056  0.99190938], Best Fitness = 54.73474824299341, Evaluations = 8608
Generation 270: Best Solution = [-1.99374106 -1.98650922  4.97654768  0.99529932 -0.9901134  -0.99112846
 -3.98249853  0.99695841 -0.99218402  0.99420213], Best Fitness = 54.739723223473554, Evaluations = 8640
Generation 271: Best Solution = [-1.99320544 -1.985509    4.97877116  0.99366125 -0.99493436 -0.9986605
 -3.98023899  0.99162237 -0.99337439  0.99873198], Best Fitness = 54.7402535408245, Evaluations = 8672
Generation 272: Best Solution = [-1.9888994  -1.98661811  4.97614296  0.99413274 -0.98973392 -0.99730625
 -3.98025861  0.99370108 -0.99819238  0.99454364], Best Fitness = 54.734251850433964, Evaluations = 8704
Generation 273: Best Solution = [-1.99227953 -1.9882633   4.97666349  0.99286963 -0.9948431  -0.99435733
 -3.98187434  1.00047806 -0.9958868   0.99403989], Best Fitness = 54.73297464812901, Evaluations = 8736
Generation 274: Best Solution = [-1.98640364 -1.98754192  4.9741186   0.99641814 -0.99419525 -0.9949598
 -3.97960824  0.99241301 -0.9958549   1.00190472], Best Fitness = 54.737554120441956, Evaluations = 8768
Generation 275: Best Solution = [-1.98954794 -1.98705616  4.97436097  0.99875287 -0.99958839 -0.9954574
 -3.98027501  0.99275898 -0.99396714  0.99989011], Best Fitness = 54.7372266794682, Evaluations = 8800
Generation 276: Best Solution = [-1.99112958 -1.99253702  4.97649035  0.99855699 -0.99288235 -0.99415342
 -3.98042918  0.99591231 -1.00153664  0.99471825], Best Fitness = 54.73708356726149, Evaluations = 8832
Generation 277: Best Solution = [-1.98628033 -1.9878702   4.97449835  0.99729894 -0.99862219 -0.99480677
 -3.97910778  0.99846175 -0.99324529  0.99368706], Best Fitness = 54.73300562871343, Evaluations = 8864
Generation 278: Best Solution = [-1.98836465 -1.9875568   4.97303167  0.99527942 -0.99391155 -0.9940057
 -3.98473051  0.99342953 -1.00009715  0.99160367], Best Fitness = 54.737666517239816, Evaluations = 8896
Generation 279: Best Solution = [-1.98812787 -1.99088039  4.97757047  0.99851307 -0.99399471 -0.99618452
 -3.98058561  0.99722705 -0.9989622   0.99439244], Best Fitness = 54.73220224337359, Evaluations = 8928
Generation 280: Best Solution = [-1.9886463  -1.98988717  4.97658713  0.99237499 -0.99396452 -0.99742454
 -3.97702935  0.99954979 -0.99471107  0.99193421], Best Fitness = 54.73362893363974, Evaluations = 8960
Generation 281: Best Solution = [-1.99051919 -1.99298742  4.96956958  0.99750568 -0.99581301 -0.99358876
 -3.97837685  0.99858869 -0.99653031  0.99291083], Best Fitness = 54.735586991270296, Evaluations = 8992
Generation 282: Best Solution = [-1.99327077 -1.9884483   4.97494299  0.99096452 -0.99577272 -0.99204906
 -3.97956097  0.99486853 -0.99262014  0.99577547], Best Fitness = 54.731254324417264, Evaluations = 9024
Generation 283: Best Solution = [-1.99004629 -1.98991103  4.97906806  0.99529241 -0.99565722 -0.99716284
 -3.97607931  0.99205375 -0.9971497   0.99390927], Best Fitness = 54.732768585163214, Evaluations = 9056
Generation 284: Best Solution = [-1.98609159 -1.98789459  4.97573995  0.99783729 -0.99899237 -0.99837698
 -3.98218559  0.99606909 -0.99138142  0.9984021 ], Best Fitness = 54.73975027020826, Evaluations = 9088
Generation 285: Best Solution = [-1.98697412 -1.9876633   4.97894551  0.99663738 -0.9945702  -0.99797123
 -3.97745243  0.99504788 -0.9991415   0.99486387], Best Fitness = 54.73557451886819, Evaluations = 9120
Generation 286: Best Solution = [-1.98832425 -1.99075458  4.97359032  0.99291854 -0.99839738 -0.99913499
 -3.97550967  0.99774807 -0.99399486  0.9933806 ], Best Fitness = 54.735702382235445, Evaluations = 9152
Generation 287: Best Solution = [-1.99178152 -1.9932991   4.97587916  0.99586107 -0.99515957 -0.99707284
 -3.97472349  0.99397719 -0.99796785  0.99871502], Best Fitness = 54.73649783085028, Evaluations = 9184
Generation 288: Best Solution = [-1.99639127 -1.98752463  4.97327486  0.99438358 -0.99334876 -0.99243714
 -3.97764027  0.99967015 -0.99337153  0.99220558], Best Fitness = 54.741370675712, Evaluations = 9216
Generation 289: Best Solution = [-1.98780133 -1.99309612  4.97619358  0.9941014  -0.99781813 -0.99392631
 -3.97655133  0.99302411 -0.99690558  0.99765653], Best Fitness = 54.73268611367065, Evaluations = 9248
Generation 290: Best Solution = [-1.98873201 -1.98932088  4.97598233  0.99637554 -0.99107746 -0.99415952
 -3.98152786  0.99721977 -0.99522935  0.99130306], Best Fitness = 54.73084231213543, Evaluations = 9280
Generation 291: Best Solution = [-1.98964968 -1.99141411  4.97311452  0.99598382 -0.99477972 -0.99060236
 -3.98302549  0.99507915 -0.99580813  0.99246866], Best Fitness = 54.73075203626659, Evaluations = 9312
Generation 292: Best Solution = [-1.9916846  -1.99082341  4.97780409  0.99747471 -0.99269709 -0.99398413
 -3.98387222  0.99353741 -0.99570582  0.99597397], Best Fitness = 54.731536270746595, Evaluations = 9344
Generation 293: Best Solution = [-1.99120337 -1.98898707  4.97366047  0.99789166 -0.99222342 -0.99578391
 -3.97559576  0.99457574 -0.99121298  0.9959077 ], Best Fitness = 54.73285234083972, Evaluations = 9376
Generation 294: Best Solution = [-1.98684886 -1.98589312  4.97355847  0.99518741 -0.99660688 -0.99498744
 -3.97722788  0.99721523 -0.99597001  0.99365438], Best Fitness = 54.73107256049418, Evaluations = 9408
Generation 295: Best Solution = [-1.99019059 -1.989861    4.97812395  0.99518991 -0.99443412 -0.99792563
 -3.98037303  0.99385092 -0.99801999  0.99301238], Best Fitness = 54.72944242609434, Evaluations = 9440
Generation 296: Best Solution = [-1.99174525 -1.99014051  4.972821    0.99768985 -0.99373948 -0.9907454
 -3.97748827  0.9917785  -0.99259927  0.99572228], Best Fitness = 54.73329759154369, Evaluations = 9472
Generation 297: Best Solution = [-1.99084121 -1.99058194  4.97442865  0.98959667 -0.99855533 -0.9935714
 -3.98076094  0.99711062 -0.99085003  0.99359171], Best Fitness = 54.7361254567885, Evaluations = 9504
Generation 298: Best Solution = [-1.98942745 -1.99239217  4.97423911  0.99327851 -0.99547636 -1.00024884
 -3.98140787  0.99356917 -0.99779479  0.99412079], Best Fitness = 54.732488388857604, Evaluations = 9536
Generation 299: Best Solution = [-1.98941887 -1.98868476  4.97666244  0.9965221  -0.99508309 -0.99620258
 -3.97969117  0.9905724  -0.99921756  0.99207178], Best Fitness = 54.73335121433091, Evaluations = 9568
Generation 300: Best Solution = [-1.98755247 -1.99156851  4.97173288  0.99422846 -0.99854266 -0.99276135
 -3.97797088  0.99200087 -0.99448004  0.99277951], Best Fitness = 54.732720163960025, Evaluations = 9600
Generation 301: Best Solution = [-1.99050445 -1.98990554  4.97485051  0.99928108 -0.99875021 -0.99520028
 -3.98277918  0.9936916  -0.99138569  0.99452545], Best Fitness = 54.73367958570414, Evaluations = 9632
Generation 302: Best Solution = [-1.98801545 -1.9887686   4.97686619  0.99311287 -0.99886001 -1.00024464
 -3.98156913  0.99400794 -0.99600636  0.9924155 ], Best Fitness = 54.73582475803908, Evaluations = 9664
Generation 303: Best Solution = [-1.99261662 -1.9848352   4.97800599  0.99311362 -0.99596966 -0.99651134
 -3.98187709  0.99803014 -0.99579466  0.99753961], Best Fitness = 54.73663560034904, Evaluations = 9696
Generation 304: Best Solution = [-1.99027797 -1.9901244   4.97843733  0.99085053 -0.99549746 -0.99181825
 -3.97920075  0.99358773 -0.99383925  0.99462031], Best Fitness = 54.73123983503204, Evaluations = 9728
Generation 305: Best Solution = [-1.9909306  -1.99113103  4.97470405  0.98919974 -0.99792904 -0.99337447
 -3.98135817  0.99248522 -0.99707834  0.99071376], Best Fitness = 54.73786737730045, Evaluations = 9760
Generation 306: Best Solution = [-1.99270953 -1.99279333  4.97641089  0.99422802 -1.0005631  -0.99294925
 -3.98318745  0.99446384 -0.99440032  0.99769771], Best Fitness = 54.73717342466118, Evaluations = 9792
Generation 307: Best Solution = [-1.98690357 -1.99119937  4.97315073  0.99619864 -0.99920046 -0.98835629
 -3.98055513  0.99538813 -0.99108521  0.9981071 ], Best Fitness = 54.7425739903417, Evaluations = 9824
Generation 308: Best Solution = [-1.98760286 -1.99221582  4.9763828   0.98941852 -0.99318005 -0.99224604
 -3.97856939  0.99787435 -0.99157686  0.99627596], Best Fitness = 54.737807634111014, Evaluations = 9856
Generation 309: Best Solution = [-1.99013282 -1.99285856  4.97684684  0.99566464 -0.99260916 -0.99117337
 -3.98019292  0.99533807 -0.9973122   1.00045647], Best Fitness = 54.736212096800685, Evaluations = 9888
Generation 310: Best Solution = [-1.99144698 -1.99103266  4.97291531  0.99771857 -0.99735421 -0.99368934
 -3.9778718   0.99607136 -0.99947756  0.9929469 ], Best Fitness = 54.732501606573116, Evaluations = 9920
Generation 311: Best Solution = [-1.99298998 -1.99429743  4.97299821  0.99700492 -0.99446367 -0.99289739
 -3.97604657  0.9960203  -0.99163054  0.99305322], Best Fitness = 54.73623681661523, Evaluations = 9952
Generation 312: Best Solution = [-1.98874027 -1.99117639  4.97732908  0.99421011 -0.99759124 -0.99219438
 -3.97896538  0.99048886 -0.99578431  0.99674987], Best Fitness = 54.732199962759346, Evaluations = 9984
Generation 313: Best Solution = [-1.99107216 -1.9922628   4.97505288  0.99130749 -0.99380637 -0.99316459
 -3.97924815  0.99065316 -0.99397208  0.99509209], Best Fitness = 54.731241333653664, Evaluations = 10016
