Algorithm: Cross-Entropy Method
Objective Function: Griewank
Dimension: 10
Population Size: 32
Max Evaluations: 10000

Generation 1: Best Solution = [  59.57157624  -90.20168885  571.38258773   67.95804161 -163.08853095
  -21.10864786    7.40109242  261.10583261   42.78235714 -307.36940225], Best Fitness = 134.60105915514978, Evaluations = 32
Generation 2: Best Solution = [ 220.19731005   14.4877561   311.6565265   184.82287827 -207.78517234
  200.50584091 -112.64063269  215.07624861  101.53821687  -85.00621412], Best Fitness = 85.96173666856093, Evaluations = 64
Generation 3: Best Solution = [  72.9533296  -156.27865082  235.96176365  189.60387841  113.06574565
   94.72323772  -43.00609948  101.24351872  -40.08433253  -32.45113729], Best Fitness = 40.455933725694074, Evaluations = 96
Generation 4: Best Solution = [  61.64530887 -133.93862214  215.62990844  148.12816546  -40.24604985
   73.72666409  -21.53601506  216.7912807  -141.10955776  -27.304894  ], Best Fitness = 42.33856745833266, Evaluations = 128
Generation 5: Best Solution = [  54.93832064 -136.64293542  219.71982217  149.84946229  -34.94721485
   92.97775909  -23.9284486   211.83754002  -99.97785029  -26.68939811], Best Fitness = 40.60938639969861, Evaluations = 160
Generation 6: Best Solution = [  46.80493088 -173.1517931   198.50338875  154.61588664    2.25559011
   71.72851409  -22.37331113  166.72424045  -83.98181402  -39.86348131], Best Fitness = 35.39511026621932, Evaluations = 192
Generation 7: Best Solution = [  63.71274677 -177.92772017  192.21711444  187.1817183    57.12497411
   68.57764572  -41.29531504  128.1473374   -69.96978794  -44.19603358], Best Fitness = 36.15895658639206, Evaluations = 224
Generation 8: Best Solution = [  80.31205565 -170.53952935  198.38161233  148.49339865   24.54966159
   43.41441166  -38.40846972  166.72245364  -55.62028195  -53.10308003], Best Fitness = 34.65298366869783, Evaluations = 256
Generation 9: Best Solution = [  72.91852211 -158.99181294  190.76728423  160.81818283   15.02728061
   59.2881443   -34.65821679  169.8330006   -65.67984559  -56.81488986], Best Fitness = 34.494949021834074, Evaluations = 288
Generation 10: Best Solution = [  70.13659906 -186.30845779  194.80787213  154.87536707   36.56503232
   46.91337421  -34.30386972  148.15866796  -56.58526054  -46.09474241], Best Fitness = 34.360632688249176, Evaluations = 320
Generation 11: Best Solution = [  71.63067419 -182.57652011  192.21666456  157.03754661   32.10788163
   49.91560716  -38.57711056  148.9451748   -53.9413874   -52.12585958], Best Fitness = 34.22327576224854, Evaluations = 352
Generation 12: Best Solution = [  71.85219531 -182.75488765  192.1197511   155.4133574    26.44476325
   48.70898153  -39.0592054   150.94442272  -54.50435475  -53.96867897], Best Fitness = 34.234211085062086, Evaluations = 384
Generation 13: Best Solution = [  70.56947003 -181.70390429  189.03571866  158.27217101   21.45175468
   49.15421802  -39.54720044  150.39933166  -57.50383188  -58.71839265], Best Fitness = 34.13523481150016, Evaluations = 416
Generation 14: Best Solution = [  70.73477776 -180.54313656  188.89567899  159.52736425   23.98154896
   48.75024098  -38.64539707  150.28195639  -58.5624983   -58.63793319], Best Fitness = 34.15708524579954, Evaluations = 448
Generation 15: Best Solution = [  72.38440765 -180.9474606   189.45291665  158.20923652   25.73240228
   46.62284988  -39.07398351  150.6589071   -56.92957712  -58.47239926], Best Fitness = 34.035679036124094, Evaluations = 480
Generation 16: Best Solution = [  72.05739787 -182.23927558  190.18816505  157.25376885   27.00811157
   46.53233909  -38.78757876  150.36933307  -56.37443647  -56.50012709], Best Fitness = 33.94485873071502, Evaluations = 512
Generation 17: Best Solution = [  72.5207192  -182.19946163  190.51284161  157.32027876   28.62214475
   46.42837648  -39.06567972  149.73940749  -55.2808108   -56.73375331], Best Fitness = 33.901954984281915, Evaluations = 544
Generation 18: Best Solution = [  72.67743653 -181.65588313  190.333303    157.57151397   28.21592526
   46.41702666  -39.12525565  149.98043774  -55.4409242   -57.41662421], Best Fitness = 33.83850439535561, Evaluations = 576
Generation 19: Best Solution = [  72.53505325 -182.41123687  189.99815113  157.597202     27.78350378
   45.99881518  -39.22236844  149.5316169   -55.81340974  -57.40746116], Best Fitness = 33.81315376768684, Evaluations = 608
Generation 20: Best Solution = [  72.50585345 -182.17113961  190.16423596  157.51187335   27.68412897
   46.32820939  -39.23035293  149.73519982  -55.6556889   -57.37356695], Best Fitness = 33.79071420972927, Evaluations = 640
Generation 21: Best Solution = [  72.58322382 -182.17768309  190.01553911  157.6439526    27.61412407
   46.1254891   -39.27997808  149.64820695  -55.76445802  -57.61834915], Best Fitness = 33.78344418531954, Evaluations = 672
Generation 22: Best Solution = [  72.65978551 -182.2239183   189.97168013  157.62488034   27.57594873
   46.00283797  -39.33785326  149.61009855  -55.74491188  -57.71874552], Best Fitness = 33.78297577230305, Evaluations = 704
Generation 23: Best Solution = [  72.59241256 -182.19058396  190.02551432  157.61635455   27.57154017
   46.14321075  -39.30903058  149.64551325  -55.70189353  -57.65324429], Best Fitness = 33.77853469888592, Evaluations = 736
Generation 24: Best Solution = [  72.56230496 -182.19803963  190.02898121  157.61762685   27.52580796
   46.18040302  -39.30574906  149.65155442  -55.70790294  -57.64399186], Best Fitness = 33.777761677946835, Evaluations = 768
Generation 25: Best Solution = [  72.58186742 -182.17434689  190.035076    157.60113129   27.57583755
   46.15158119  -39.29700272  149.66612819  -55.72447002  -57.62285526], Best Fitness = 33.77702373494847, Evaluations = 800
Generation 26: Best Solution = [  72.56798055 -182.16622151  190.04250343  157.61148102   27.58004467
   46.176524    -39.30140865  149.66572734  -55.71885755  -57.6242536 ], Best Fitness = 33.775383985698056, Evaluations = 832
Generation 27: Best Solution = [  72.55204511 -182.18307894  190.05240976  157.58046442   27.55770613
   46.18972203  -39.30742255  149.67887049  -55.70125993  -57.59618688], Best Fitness = 33.77276850506248, Evaluations = 864
Generation 28: Best Solution = [  72.56267497 -182.17311534  190.0558857   157.57733023   27.58356254
   46.1731629   -39.30413276  149.67391277  -55.7049799   -57.60144047], Best Fitness = 33.772236935710644, Evaluations = 896
Generation 29: Best Solution = [  72.55867032 -182.1697036   190.04828609  157.57539022   27.584568
   46.17401617  -39.30547651  149.67406468  -55.70865308  -57.59406123], Best Fitness = 33.77092696018629, Evaluations = 928
Generation 30: Best Solution = [  72.5574426  -182.16775946  190.04480211  157.57700483   27.58291429
   46.18081346  -39.30630629  149.67097662  -55.70892649  -57.61412709], Best Fitness = 33.76942935689486, Evaluations = 960
Generation 31: Best Solution = [  72.55856416 -182.16766769  190.03785709  157.56926924   27.58899848
   46.17058364  -39.30451334  149.6762401   -55.70316368  -57.61173642], Best Fitness = 33.76839957893622, Evaluations = 992
Generation 32: Best Solution = [  72.5566985  -182.14947086  190.03927064  157.57486772   27.59156103
   46.1738744   -39.30346133  149.66665712  -55.71345619  -57.62789331], Best Fitness = 33.76627531853879, Evaluations = 1024
Generation 33: Best Solution = [  72.5627953  -182.14887507  190.04845132  157.55965815   27.60092612
   46.16210023  -39.30940226  149.67288865  -55.71375313  -57.61674006], Best Fitness = 33.76489122555555, Evaluations = 1056
Generation 34: Best Solution = [  72.54922454 -182.1527727   190.03823962  157.5662882    27.59124681
   46.17343115  -39.3102578   149.67127292  -55.70144407  -57.61494066], Best Fitness = 33.76414831977072, Evaluations = 1088
Generation 35: Best Solution = [  72.54731007 -182.15495725  190.03727103  157.55798475   27.59455158
   46.17716449  -39.3129639   149.67691181  -55.70705839  -57.6206976 ], Best Fitness = 33.76211020353773, Evaluations = 1120
Generation 36: Best Solution = [  72.5357442  -182.16028965  190.0293175   157.55802535   27.58999195
   46.18961859  -39.32285512  149.68903374  -55.69389815  -57.61391326], Best Fitness = 33.76001249718806, Evaluations = 1152
Generation 37: Best Solution = [  72.54374051 -182.14539961  190.03011517  157.56183544   27.59514936
   46.17003716  -39.31681293  149.6739186   -55.71839512  -57.63890883], Best Fitness = 33.75889021424339, Evaluations = 1184
Generation 38: Best Solution = [  72.52134343 -182.1524617   190.03459812  157.56542688   27.58757161
   46.17479302  -39.31332527  149.68235167  -55.71504818  -57.63424173], Best Fitness = 33.7579595361394, Evaluations = 1216
Generation 39: Best Solution = [  72.52684927 -182.14733212  190.01889274  157.55711062   27.57913687
   46.19772795  -39.32600974  149.68595189  -55.693483    -57.62154883], Best Fitness = 33.7565575281102, Evaluations = 1248
Generation 40: Best Solution = [  72.52464005 -182.15348775  190.0209553   157.55150955   27.58564819
   46.18543127  -39.33248442  149.68937269  -55.6974733   -57.61956795], Best Fitness = 33.754750505184234, Evaluations = 1280
Generation 41: Best Solution = [  72.52231904 -182.1487086   190.01031843  157.55212273   27.5743883
   46.19684013  -39.32847008  149.68023377  -55.70009326  -57.64186083], Best Fitness = 33.75345794477764, Evaluations = 1312
Generation 42: Best Solution = [  72.50770301 -182.13872507  190.00929943  157.56465708   27.58499945
   46.18710682  -39.31106753  149.67474147  -55.73493428  -57.67129135], Best Fitness = 33.7519867652636, Evaluations = 1344
Generation 43: Best Solution = [  72.509071   -182.13856904  190.00135765  157.55664306   27.57948761
   46.19434129  -39.31989415  149.67974287  -55.71656832  -57.66132278], Best Fitness = 33.750637403176675, Evaluations = 1376
Generation 44: Best Solution = [  72.50140906 -182.13487325  190.01014494  157.55301236   27.59098108
   46.20050173  -39.319624    149.67411721  -55.73016053  -57.66512946], Best Fitness = 33.74856520593692, Evaluations = 1408
Generation 45: Best Solution = [  72.50840769 -182.13713835  189.99526959  157.54397602   27.58564357
   46.19246434  -39.33645392  149.67270596  -55.70647553  -57.65382404], Best Fitness = 33.74643254848753, Evaluations = 1440
Generation 46: Best Solution = [  72.49802152 -182.14501111  189.99784063  157.54907551   27.58744548
   46.18105774  -39.34380781  149.67423988  -55.71590026  -57.64920165], Best Fitness = 33.74513732893474, Evaluations = 1472
Generation 47: Best Solution = [  72.50283827 -182.14415427  189.996884    157.53639085   27.58110365
   46.18639754  -39.34944051  149.67313353  -55.70048936  -57.65169353], Best Fitness = 33.74356190133099, Evaluations = 1504
Generation 48: Best Solution = [  72.50360164 -182.1309716   189.99848716  157.53679736   27.59493618
   46.19075407  -39.35325332  149.66621348  -55.69784139  -57.65597794], Best Fitness = 33.74152946288321, Evaluations = 1536
Generation 49: Best Solution = [  72.50286384 -182.11177479  190.00012233  157.53805106   27.60348301
   46.20305644  -39.36022996  149.66467566  -55.69703474  -57.65816198], Best Fitness = 33.73891476532981, Evaluations = 1568
Generation 50: Best Solution = [  72.51207861 -182.09662513  190.0039448   157.53849067   27.6122967
   46.21684863  -39.36381586  149.66907755  -55.69780696  -57.658919  ], Best Fitness = 33.73868884773812, Evaluations = 1600
Generation 51: Best Solution = [  72.49793559 -182.12783217  190.00259366  157.5342874    27.59455835
   46.19901064  -39.36659947  149.66089005  -55.70112499  -57.65842352], Best Fitness = 33.7382956043018, Evaluations = 1632
Generation 52: Best Solution = [  72.48820654 -182.12492627  190.00052863  157.53492931   27.6047053
   46.20566282  -39.36697925  149.67311369  -55.70594096  -57.65532239], Best Fitness = 33.73664886155573, Evaluations = 1664
Generation 53: Best Solution = [  72.49520255 -182.11615201  190.00166663  157.52863243   27.59948888
   46.2032506   -39.36812172  149.68036253  -55.7056785   -57.65955179], Best Fitness = 33.73572489423647, Evaluations = 1696
Generation 54: Best Solution = [  72.49460879 -182.13010256  190.00132626  157.5172515    27.59837245
   46.19202348  -39.37086943  149.66483063  -55.72020657  -57.67211399], Best Fitness = 33.73377677841157, Evaluations = 1728
Generation 55: Best Solution = [  72.49201229 -182.12568411  189.99950323  157.51424301   27.59226518
   46.1862405   -39.37350284  149.67126363  -55.7118133   -57.66677751], Best Fitness = 33.73266393803923, Evaluations = 1760
Generation 56: Best Solution = [  72.49738488 -182.10825086  189.99483215  157.50873834   27.60512794
   46.18700112  -39.37434217  149.67421698  -55.71615595  -57.6580975 ], Best Fitness = 33.731157709249125, Evaluations = 1792
Generation 57: Best Solution = [  72.48678415 -182.12005544  189.99902361  157.52154835   27.59583879
   46.18156834  -39.3819441   149.66084127  -55.71782955  -57.67682655], Best Fitness = 33.73020983222483, Evaluations = 1824
Generation 58: Best Solution = [  72.48895212 -182.11020721  189.99879357  157.50830234   27.61034887
   46.1792541   -39.38100605  149.66518468  -55.7056339   -57.65986216], Best Fitness = 33.72893039126716, Evaluations = 1856
Generation 59: Best Solution = [  72.48840744 -182.10610446  189.99319086  157.4949484    27.60114445
   46.17885075  -39.37507972  149.66162787  -55.70695899  -57.66346433], Best Fitness = 33.72762545553816, Evaluations = 1888
Generation 60: Best Solution = [  72.49068967 -182.10122314  189.98008508  157.50377693   27.61518902
   46.17496138  -39.38717064  149.66413625  -55.69756456  -57.65437978], Best Fitness = 33.726642032114626, Evaluations = 1920
Generation 61: Best Solution = [  72.48382825 -182.10145309  189.99048612  157.49559074   27.60464128
   46.18532757  -39.38620031  149.68784476  -55.71314743  -57.66306296], Best Fitness = 33.724821556072655, Evaluations = 1952
Generation 62: Best Solution = [  72.48984785 -182.10617458  189.99002484  157.50255918   27.59950724
   46.17323967  -39.40343269  149.66768112  -55.7016289   -57.67191976], Best Fitness = 33.72377928020432, Evaluations = 1984
Generation 63: Best Solution = [  72.48545106 -182.10059516  189.99267081  157.49459556   27.60809595
   46.17533275  -39.39886914  149.67281625  -55.7057283   -57.66308828], Best Fitness = 33.722813845065645, Evaluations = 2016
Generation 64: Best Solution = [  72.48053467 -182.10687908  189.97746329  157.49906295   27.60691804
   46.17445047  -39.40899604  149.66889179  -55.70816143  -57.66333559], Best Fitness = 33.72124532519915, Evaluations = 2048
Generation 65: Best Solution = [  72.48170862 -182.10494007  189.9736537   157.49653946   27.6025462
   46.17099703  -39.41528581  149.66814023  -55.7016518   -57.6666035 ], Best Fitness = 33.719811812296726, Evaluations = 2080
Generation 66: Best Solution = [  72.48618546 -182.10904997  189.97764028  157.49393104   27.61001617
   46.16975254  -39.42801247  149.66355569  -55.70513643  -57.66085635], Best Fitness = 33.71874340249025, Evaluations = 2112
Generation 67: Best Solution = [  72.47597992 -182.09709137  189.97637637  157.48634093   27.62488879
   46.18308096  -39.41913325  149.67208427  -55.7095387   -57.66638474], Best Fitness = 33.71619491088194, Evaluations = 2144
Generation 68: Best Solution = [  72.48023144 -182.10771421  189.98359546  157.48287614   27.62593616
   46.17612762  -39.43547142  149.66895987  -55.70374009  -57.66515194], Best Fitness = 33.71489700215631, Evaluations = 2176
Generation 69: Best Solution = [  72.47108316 -182.0949573   189.9728865   157.47495589   27.63318584
   46.20325173  -39.41761965  149.68385708  -55.71047135  -57.65823029], Best Fitness = 33.714870270031376, Evaluations = 2208
Generation 70: Best Solution = [  72.46945829 -182.10054936  189.97183968  157.47302691   27.62976568
   46.18289767  -39.4284401   149.66874423  -55.70440781  -57.65489284], Best Fitness = 33.71319870528092, Evaluations = 2240
Generation 71: Best Solution = [  72.47342275 -182.09822477  189.9735252   157.47654627   27.62410974
   46.1770161   -39.43879713  149.67059935  -55.70921858  -57.66151677], Best Fitness = 33.71194221631682, Evaluations = 2272
Generation 72: Best Solution = [  72.4537001  -182.09721421  189.97167726  157.46647707   27.64067185
   46.19616216  -39.42329783  149.68257594  -55.71308698  -57.65463171], Best Fitness = 33.71076503739271, Evaluations = 2304
Generation 73: Best Solution = [  72.46036011 -182.09662821  189.97300117  157.46487619   27.64206039
   46.18828205  -39.44044306  149.68514805  -55.71110467  -57.65111123], Best Fitness = 33.708820672934166, Evaluations = 2336
Generation 74: Best Solution = [  72.44990294 -182.09342127  189.96894128  157.46465724   27.64843707
   46.19168177  -39.44470449  149.68192344  -55.70878014  -57.64111044], Best Fitness = 33.70718009344258, Evaluations = 2368
Generation 75: Best Solution = [  72.44701729 -182.09447101  189.96051802  157.4592733    27.65434353
   46.19282185  -39.44122872  149.68602178  -55.71240054  -57.64839335], Best Fitness = 33.70588023009619, Evaluations = 2400
Generation 76: Best Solution = [  72.44550192 -182.08608799  189.96172877  157.46608989   27.64879854
   46.20083501  -39.4478792   149.70165266  -55.70174876  -57.65948807], Best Fitness = 33.70453306726626, Evaluations = 2432
Generation 77: Best Solution = [  72.44987127 -182.08914173  189.95026961  157.45522213   27.65419642
   46.19216957  -39.4568184   149.70750153  -55.69626129  -57.66296415], Best Fitness = 33.7018430178698, Evaluations = 2464
Generation 78: Best Solution = [  72.43995016 -182.08578338  189.95776333  157.45982086   27.65841883
   46.18953825  -39.45759734  149.69083204  -55.70000736  -57.65145691], Best Fitness = 33.701670635166636, Evaluations = 2496
Generation 79: Best Solution = [  72.43293229 -182.08009448  189.95614978  157.46406104   27.66413996
   46.1829881   -39.46201104  149.69070736  -55.69356122  -57.65588453], Best Fitness = 33.69973410830816, Evaluations = 2528
Generation 80: Best Solution = [  72.43031502 -182.09385934  189.94621699  157.44810434   27.67125338
   46.18171923  -39.4594052   149.68247195  -55.69406868  -57.6474055 ], Best Fitness = 33.6991837518357, Evaluations = 2560
Generation 81: Best Solution = [  72.42476508 -182.08431303  189.95180939  157.45224542   27.66649051
   46.17602765  -39.46438966  149.68435188  -55.68632417  -57.64861482], Best Fitness = 33.69769955076145, Evaluations = 2592
Generation 82: Best Solution = [  72.42836115 -182.08108426  189.95055693  157.4496216    27.64827561
   46.17877774  -39.47655547  149.69137969  -55.68538997  -57.65323725], Best Fitness = 33.69587955864966, Evaluations = 2624
Generation 83: Best Solution = [  72.4390856  -182.08511761  189.94864448  157.42913806   27.6578097
   46.18815778  -39.46260674  149.68847751  -55.70642146  -57.67541193], Best Fitness = 33.69514516542547, Evaluations = 2656
Generation 84: Best Solution = [  72.4280622  -182.08802922  189.94853224  157.42536189   27.65388078
   46.17738176  -39.4678981   149.69161667  -55.71274452  -57.67485546], Best Fitness = 33.692606815863954, Evaluations = 2688
Generation 85: Best Solution = [  72.42261265 -182.07301399  189.9498541   157.436056     27.65010773
   46.17479131  -39.47372568  149.69200159  -55.69072581  -57.66696819], Best Fitness = 33.692230674900074, Evaluations = 2720
Generation 86: Best Solution = [  72.41272752 -182.07399052  189.95332902  157.4402316    27.64452426
   46.17949375  -39.48444355  149.69976419  -55.69087871  -57.66557017], Best Fitness = 33.690482601204565, Evaluations = 2752
Generation 87: Best Solution = [  72.42663477 -182.07101841  189.94126442  157.43174391   27.62189272
   46.17697569  -39.48171144  149.69433037  -55.70581462  -57.68491413], Best Fitness = 33.6900139910439, Evaluations = 2784
Generation 88: Best Solution = [  72.41662443 -182.0768491   189.93627244  157.42344821   27.61276177
   46.18972932  -39.48752408  149.69840459  -55.71702391  -57.68938445], Best Fitness = 33.68745925689008, Evaluations = 2816
Generation 89: Best Solution = [  72.40210837 -182.07094426  189.94967478  157.42768714   27.63199092
   46.19370576  -39.4912587   149.69890865  -55.70634314  -57.68350043], Best Fitness = 33.68575868480928, Evaluations = 2848
Generation 90: Best Solution = [  72.39454871 -182.06814741  189.95528608  157.42555624   27.64015503
   46.20157462  -39.49371508  149.69886687  -55.71140449  -57.6798103 ], Best Fitness = 33.68442250129132, Evaluations = 2880
Generation 91: Best Solution = [  72.40828077 -182.06896007  189.92943121  157.42602553   27.63213231
   46.19006811  -39.49945766  149.70745705  -55.72160995  -57.68958243], Best Fitness = 33.683687569435364, Evaluations = 2912
Generation 92: Best Solution = [  72.39894955 -182.06612203  189.93612592  157.42431264   27.62939073
   46.21140155  -39.50586236  149.70786012  -55.7290324   -57.68719276], Best Fitness = 33.68213294035888, Evaluations = 2944
Generation 93: Best Solution = [  72.40030214 -182.0619231   189.93474574  157.43472753   27.64323647
   46.22054296  -39.51709398  149.72007286  -55.73488943  -57.68922303], Best Fitness = 33.68102625870793, Evaluations = 2976
Generation 94: Best Solution = [  72.39409935 -182.06160033  189.94442821  157.43040326   27.64114228
   46.21598558  -39.52079038  149.71544286  -55.72218207  -57.69504576], Best Fitness = 33.67919841044572, Evaluations = 3008
Generation 95: Best Solution = [  72.39474265 -182.06053232  189.93469721  157.43670942   27.64360588
   46.21645787  -39.5250078   149.70855867  -55.73064403  -57.69621989], Best Fitness = 33.67896728749823, Evaluations = 3040
Generation 96: Best Solution = [  72.39192978 -182.0626091   189.94480195  157.41859725   27.63679682
   46.21001988  -39.52773323  149.71641458  -55.71933376  -57.68745756], Best Fitness = 33.677173716149504, Evaluations = 3072
Generation 97: Best Solution = [  72.39537805 -182.05509294  189.94253247  157.42052982   27.64107227
   46.21529699  -39.53144113  149.72156214  -55.73055056  -57.6829814 ], Best Fitness = 33.67677014882815, Evaluations = 3104
Generation 98: Best Solution = [  72.38399783 -182.04486212  189.94104483  157.41758384   27.64384237
   46.21901099  -39.52975674  149.71965721  -55.7334179   -57.68254513], Best Fitness = 33.67488278506745, Evaluations = 3136
Generation 99: Best Solution = [  72.38864192 -182.05470844  189.94623609  157.42359278   27.63919549
   46.21676632  -39.54195635  149.72302283  -55.72850046  -57.69687839], Best Fitness = 33.674029111250874, Evaluations = 3168
Generation 100: Best Solution = [  72.38962021 -182.04637231  189.93452474  157.40569653   27.63211408
   46.20934838  -39.52882379  149.71197765  -55.72925128  -57.70400663], Best Fitness = 33.67284851353515, Evaluations = 3200
Generation 101: Best Solution = [  72.38910625 -182.04670954  189.94239796  157.39902882   27.62974948
   46.20049212  -39.53160587  149.70985485  -55.72109128  -57.71080353], Best Fitness = 33.671242213982715, Evaluations = 3232
Generation 102: Best Solution = [  72.39110205 -182.06389441  189.94780901  157.40220643   27.64316425
   46.19682991  -39.55527215  149.72304949  -55.73401923  -57.6918821 ], Best Fitness = 33.67006688300629, Evaluations = 3264
Generation 103: Best Solution = [  72.39417739 -182.04932243  189.93993715  157.39137634   27.63674258
   46.2074805   -39.53384439  149.71823551  -55.73956004  -57.71577949], Best Fitness = 33.66990350802728, Evaluations = 3296
Generation 104: Best Solution = [  72.3861191  -182.03468555  189.94371793  157.39294808   27.63032618
   46.20474437  -39.53168465  149.71213679  -55.71510088  -57.72231756], Best Fitness = 33.668832668948035, Evaluations = 3328
Generation 105: Best Solution = [  72.39035863 -182.02156258  189.93273486  157.3943253    27.62702885
   46.20072011  -39.5335929   149.70605038  -55.71584407  -57.73091819], Best Fitness = 33.667618095164435, Evaluations = 3360
Generation 106: Best Solution = [  72.3886462  -182.03466433  189.95011397  157.38275227   27.64269386
   46.20401398  -39.54212047  149.72231958  -55.71596112  -57.71717023], Best Fitness = 33.666298973642434, Evaluations = 3392
Generation 107: Best Solution = [  72.38425512 -182.03318383  189.93348493  157.39220772   27.62838893
   46.19865604  -39.5466986   149.7166442   -55.72357591  -57.72823608], Best Fitness = 33.665397878342766, Evaluations = 3424
Generation 108: Best Solution = [  72.38340265 -182.02500767  189.94349183  157.38847795   27.64113182
   46.18796947  -39.54767535  149.70170428  -55.72367306  -57.7189225 ], Best Fitness = 33.664546697262715, Evaluations = 3456
Generation 109: Best Solution = [  72.38284993 -182.02422567  189.93207434  157.39213317   27.62588708
   46.18967103  -39.55100388  149.70699929  -55.72771326  -57.72944877], Best Fitness = 33.66385878283275, Evaluations = 3488
Generation 110: Best Solution = [  72.38853771 -182.01628939  189.93194204  157.3791488    27.63667201
   46.20291221  -39.54872584  149.71327661  -55.72561627  -57.72577516], Best Fitness = 33.66301995861396, Evaluations = 3520
Generation 111: Best Solution = [  72.37476313 -182.01820445  189.93154634  157.38529503   27.6351526
   46.18904525  -39.55157878  149.70737343  -55.73270486  -57.72901723], Best Fitness = 33.661513149484556, Evaluations = 3552
Generation 112: Best Solution = [  72.37855189 -182.01619634  189.93409255  157.38831353   27.63405492
   46.18602919  -39.56137127  149.70953137  -55.73180959  -57.73832655], Best Fitness = 33.65995797491333, Evaluations = 3584
Generation 113: Best Solution = [  72.36955307 -182.0187533   189.92946183  157.38824545   27.64027418
   46.19146041  -39.56314206  149.71155127  -55.7340093   -57.73697373], Best Fitness = 33.65893789721167, Evaluations = 3616
Generation 114: Best Solution = [  72.37414697 -182.01567573  189.93079305  157.38093482   27.63548354
   46.19135766  -39.56699609  149.70437647  -55.72619565  -57.74118289], Best Fitness = 33.65783426040828, Evaluations = 3648
Generation 115: Best Solution = [  72.36122588 -182.02106196  189.93110848  157.39004484   27.63176251
   46.17966429  -39.57003384  149.70669427  -55.72463577  -57.74193974], Best Fitness = 33.6573756574903, Evaluations = 3680
Generation 116: Best Solution = [  72.35644548 -182.0249428   189.92478615  157.3881918    27.63056421
   46.1757996   -39.56774966  149.7077645   -55.72876118  -57.75402544], Best Fitness = 33.656263691469384, Evaluations = 3712
Generation 117: Best Solution = [  72.36737058 -182.01728249  189.92309042  157.3815311    27.6351185
   46.19214614  -39.56852819  149.71424497  -55.73779343  -57.75255734], Best Fitness = 33.65599373253815, Evaluations = 3744
Generation 118: Best Solution = [  72.36140943 -182.01656966  189.93437564  157.38290839   27.63342419
   46.18951655  -39.57493392  149.6996994   -55.72723043  -57.75539783], Best Fitness = 33.65488785277863, Evaluations = 3776
Generation 119: Best Solution = [  72.36412274 -182.01741726  189.92134042  157.37707153   27.63442037
   46.18880867  -39.57734823  149.70450456  -55.72841417  -57.75520908], Best Fitness = 33.65390441214366, Evaluations = 3808
Generation 120: Best Solution = [  72.35436504 -182.01351466  189.92560711  157.38155384   27.62871849
   46.18894252  -39.58214833  149.71221704  -55.72940919  -57.76325436], Best Fitness = 33.65219042264999, Evaluations = 3840
Generation 121: Best Solution = [  72.35551778 -182.00680321  189.92652913  157.38523119   27.64400912
   46.18290978  -39.59326126  149.71250942  -55.73580233  -57.7548729 ], Best Fitness = 33.65057295241133, Evaluations = 3872
Generation 122: Best Solution = [  72.35768234 -182.00616358  189.91961944  157.37506503   27.65021328
   46.18254017  -39.58596423  149.71137922  -55.74040936  -57.75850491], Best Fitness = 33.6500525098367, Evaluations = 3904
Generation 123: Best Solution = [  72.35192539 -182.00982499  189.92733829  157.37047166   27.65541684
   46.18415304  -39.58863543  149.71211996  -55.73767804  -57.76064331], Best Fitness = 33.648681330977894, Evaluations = 3936
Generation 124: Best Solution = [  72.35880917 -182.0075121   189.92802728  157.36417875   27.64884009
   46.18108767  -39.59222569  149.71498009  -55.74359609  -57.76117279], Best Fitness = 33.647842415948304, Evaluations = 3968
Generation 125: Best Solution = [  72.36264688 -182.01593162  189.93574763  157.35652412   27.63224376
   46.1857536   -39.60660574  149.71396743  -55.73110421  -57.75977049], Best Fitness = 33.64668365577521, Evaluations = 4000
Generation 126: Best Solution = [  72.36418295 -182.0109591   189.93313121  157.36042196   27.6229631
   46.18368426  -39.61769551  149.7070602   -55.73087145  -57.76523384], Best Fitness = 33.6452912009592, Evaluations = 4032
Generation 127: Best Solution = [  72.37035195 -182.01308885  189.94123247  157.35148648   27.62934384
   46.18299293  -39.62601143  149.70915727  -55.73962081  -57.7628226 ], Best Fitness = 33.643594871676285, Evaluations = 4064
Generation 128: Best Solution = [  72.36910724 -182.01274661  189.9409736   157.34745532   27.61499388
   46.18306199  -39.62781763  149.70428559  -55.74831477  -57.77002073], Best Fitness = 33.64262862981074, Evaluations = 4096
Generation 129: Best Solution = [  72.37675349 -182.00472195  189.93862247  157.34723321   27.61392976
   46.18196091  -39.64012493  149.70727673  -55.74276233  -57.76162972], Best Fitness = 33.64174859873421, Evaluations = 4128
Generation 130: Best Solution = [  72.36595671 -182.0069022   189.93678978  157.3524182    27.62024683
   46.18628623  -39.64140601  149.69919727  -55.73777112  -57.76689761], Best Fitness = 33.64095576266682, Evaluations = 4160
Generation 131: Best Solution = [  72.36333437 -182.00681697  189.94266772  157.35584339   27.62117848
   46.18944816  -39.65080721  149.7088646   -55.74027058  -57.76563084], Best Fitness = 33.63975278370458, Evaluations = 4192
Generation 132: Best Solution = [  72.3701433  -181.99676115  189.93534105  157.3442126    27.61871543
   46.18071616  -39.64500492  149.71506274  -55.75612717  -57.76851324], Best Fitness = 33.638610150401874, Evaluations = 4224
Generation 133: Best Solution = [  72.35468515 -182.00532246  189.92730571  157.36663844   27.6448653
   46.19983435  -39.66503293  149.69469777  -55.72243532  -57.7715763 ], Best Fitness = 33.63758033144265, Evaluations = 4256
Generation 134: Best Solution = [  72.36352891 -181.99685085  189.92883411  157.34532786   27.63233441
   46.18563435  -39.6583417   149.7011547   -55.73454086  -57.76438353], Best Fitness = 33.636719906846444, Evaluations = 4288
Generation 135: Best Solution = [  72.35202879 -181.99449646  189.92731682  157.34658291   27.63729888
   46.19140177  -39.65509262  149.70154077  -55.72887734  -57.77384775], Best Fitness = 33.63558516074917, Evaluations = 4320
Generation 136: Best Solution = [  72.35904312 -182.0018034   189.92620956  157.34841839   27.64653422
   46.1855181   -39.66269367  149.69137216  -55.72135756  -57.78159615], Best Fitness = 33.63496835354072, Evaluations = 4352
Generation 137: Best Solution = [  72.34310758 -181.99771993  189.92991006  157.35367445   27.64619533
   46.19171408  -39.661379    149.69380816  -55.72241212  -57.78425212], Best Fitness = 33.634147172050035, Evaluations = 4384
Generation 138: Best Solution = [  72.34388855 -181.98849349  189.93043495  157.3324068    27.64724345
   46.18676852  -39.65242384  149.71735073  -55.7344396   -57.76832155], Best Fitness = 33.63309171677979, Evaluations = 4416
Generation 139: Best Solution = [  72.345341   -181.99306355  189.92696744  157.3440739    27.65111232
   46.18975471  -39.66752854  149.69321386  -55.72108074  -57.78074612], Best Fitness = 33.632203250701835, Evaluations = 4448
Generation 140: Best Solution = [  72.34257691 -181.98980136  189.91984934  157.33328342   27.64587989
   46.19262735  -39.6695724   149.71282593  -55.71751757  -57.77909189], Best Fitness = 33.63040306909416, Evaluations = 4480
Generation 141: Best Solution = [  72.33797988 -181.99759473  189.92236088  157.32747409   27.64870032
   46.19015943  -39.66821191  149.71479761  -55.72154113  -57.77647528], Best Fitness = 33.62993787341485, Evaluations = 4512
Generation 142: Best Solution = [  72.33502486 -181.99181135  189.9137996   157.33525442   27.65668217
   46.19504654  -39.67626681  149.70847666  -55.72681535  -57.78143184], Best Fitness = 33.628601941244916, Evaluations = 4544
Generation 143: Best Solution = [  72.34139525 -181.97397196  189.93393383  157.31426369   27.64398719
   46.18429433  -39.66633019  149.72448838  -55.73710023  -57.77944281], Best Fitness = 33.627323201788194, Evaluations = 4576
Generation 144: Best Solution = [  72.3368461  -181.97858848  189.92799667  157.31843222   27.6570914
   46.18428483  -39.67243039  149.72323511  -55.72336771  -57.78320731], Best Fitness = 33.62630181569227, Evaluations = 4608
Generation 145: Best Solution = [  72.32552835 -181.97422933  189.93001588  157.31783625   27.65797675
   46.17903469  -39.67699765  149.72157163  -55.71580871  -57.78196476], Best Fitness = 33.62467584685546, Evaluations = 4640
Generation 146: Best Solution = [  72.32649601 -181.96611631  189.91829788  157.32072069   27.65079002
   46.17577516  -39.67969459  149.71520808  -55.72810144  -57.7925935 ], Best Fitness = 33.623490643152834, Evaluations = 4672
Generation 147: Best Solution = [  72.32150685 -181.96916327  189.92808603  157.31110212   27.65555764
   46.1740645   -39.67787977  149.72286948  -55.72462042  -57.78906109], Best Fitness = 33.62254887498646, Evaluations = 4704
Generation 148: Best Solution = [  72.32510521 -181.96062711  189.92850089  157.31148784   27.65659462
   46.16968502  -39.68260121  149.72292043  -55.73089848  -57.7907385 ], Best Fitness = 33.62142888808297, Evaluations = 4736
Generation 149: Best Solution = [  72.32481642 -181.965387    189.91157124  157.29692513   27.63840014
   46.18202098  -39.68114978  149.73291097  -55.74180575  -57.79043923], Best Fitness = 33.62073614230728, Evaluations = 4768
Generation 150: Best Solution = [  72.32419935 -181.96440006  189.92684274  157.30252597   27.65431543
   46.17571585  -39.68644385  149.73073167  -55.73823044  -57.79611075], Best Fitness = 33.61955425810857, Evaluations = 4800
Generation 151: Best Solution = [  72.30985649 -181.95378204  189.92200904  157.31070523   27.63598347
   46.16736953  -39.70373128  149.73606652  -55.73827281  -57.80111928], Best Fitness = 33.61651694691928, Evaluations = 4832
Generation 152: Best Solution = [  72.29965511 -181.94479126  189.9317296   157.3209413    27.62191811
   46.14611051  -39.71608843  149.73417388  -55.74035907  -57.79671636], Best Fitness = 33.61530678356038, Evaluations = 4864
Generation 153: Best Solution = [  72.30383155 -181.95663419  189.91502229  157.29828302   27.64420499
   46.1557661   -39.70613125  149.7418104   -55.73323001  -57.79810472], Best Fitness = 33.614266649469954, Evaluations = 4896
Generation 154: Best Solution = [  72.30231312 -181.95941269  189.91195264  157.29431312   27.65349586
   46.16658799  -39.71022688  149.74046983  -55.73689278  -57.81344194], Best Fitness = 33.61202788343989, Evaluations = 4928
Generation 155: Best Solution = [  72.30514097 -181.96287354  189.91877822  157.30493785   27.65875809
   46.16251586  -39.72158862  149.73556283  -55.73290428  -57.8184693 ], Best Fitness = 33.61139329376375, Evaluations = 4960
Generation 156: Best Solution = [  72.30021094 -181.96440149  189.92863967  157.31510573   27.65753298
   46.1544156   -39.7338978   149.73391885  -55.73646404  -57.82154342], Best Fitness = 33.61013488770306, Evaluations = 4992
Generation 157: Best Solution = [  72.30371606 -181.96777622  189.92129869  157.30579603   27.66887841
   46.16415929  -39.7323212   149.73641333  -55.73625925  -57.8303478 ], Best Fitness = 33.60884141352331, Evaluations = 5024
Generation 158: Best Solution = [  72.29859097 -181.97409978  189.9226549   157.30665602   27.67330332
   46.16278797  -39.73795359  149.73161795  -55.73321625  -57.82732258], Best Fitness = 33.60830614955804, Evaluations = 5056
Generation 159: Best Solution = [  72.29963968 -181.95741319  189.90860138  157.30509584   27.65840807
   46.16590205  -39.73594022  149.73961614  -55.73236561  -57.83703458], Best Fitness = 33.607498501581894, Evaluations = 5088
Generation 160: Best Solution = [  72.30343315 -181.96103212  189.89461722  157.30253979   27.65379069
   46.16920591  -39.74465744  149.73411693  -55.73294436  -57.83726151], Best Fitness = 33.60669293109178, Evaluations = 5120
Generation 161: Best Solution = [  72.2959366  -181.95097934  189.90139596  157.30310916   27.64914235
   46.16564421  -39.74351909  149.73384303  -55.74445669  -57.8375984 ], Best Fitness = 33.60589346843672, Evaluations = 5152
Generation 162: Best Solution = [  72.29154387 -181.96965611  189.91252172  157.29887911   27.66775306
   46.15162829  -39.74569851  149.7262505   -55.72583319  -57.84042728], Best Fitness = 33.60500158523364, Evaluations = 5184
Generation 163: Best Solution = [  72.28384783 -181.95437851  189.89734132  157.29832534   27.65326769
   46.15411804  -39.74959837  149.73038499  -55.73856769  -57.83776908], Best Fitness = 33.60379913846912, Evaluations = 5216
Generation 164: Best Solution = [  72.28914906 -181.95754781  189.91093824  157.2876133    27.66570237
   46.15103239  -39.7470755   149.72876176  -55.72379439  -57.84385259], Best Fitness = 33.60279231815589, Evaluations = 5248
Generation 165: Best Solution = [  72.29527578 -181.96084794  189.9026109   157.28415723   27.66026135
   46.15007131  -39.75051506  149.71987502  -55.72828368  -57.84919942], Best Fitness = 33.602260154968036, Evaluations = 5280
Generation 166: Best Solution = [  72.28223708 -181.9458892   189.89612388  157.29647844   27.66124865
   46.14571118  -39.7605998   149.72576823  -55.73434242  -57.83943113], Best Fitness = 33.601294224233584, Evaluations = 5312
Generation 167: Best Solution = [  72.27534384 -181.93841091  189.89124238  157.30136625   27.66889413
   46.143886    -39.75990729  149.725379    -55.73463256  -57.84783018], Best Fitness = 33.60045381275052, Evaluations = 5344
Generation 168: Best Solution = [  72.28473859 -181.93910926  189.89408527  157.29231184   27.67348447
   46.14186     -39.75460452  149.73158338  -55.73373252  -57.86240799], Best Fitness = 33.59934796985531, Evaluations = 5376
Generation 169: Best Solution = [  72.27471374 -181.93814764  189.88792334  157.28538291   27.66648076
   46.13921658  -39.76178341  149.72131494  -55.73905077  -57.84890532], Best Fitness = 33.59836149780143, Evaluations = 5408
Generation 170: Best Solution = [  72.2735951  -181.94136098  189.89384454  157.28395793   27.67904394
   46.14068176  -39.75995073  149.74268792  -55.73516344  -57.85566021], Best Fitness = 33.5973270121159, Evaluations = 5440
Generation 171: Best Solution = [  72.28954665 -181.9519199   189.90288714  157.26952325   27.67033057
   46.14762979  -39.76664209  149.73793946  -55.74058054  -57.85469119], Best Fitness = 33.59646315145113, Evaluations = 5472
Generation 172: Best Solution = [  72.26648966 -181.94298925  189.89382218  157.28266917   27.67230426
   46.14826323  -39.7701471   149.74627965  -55.74295061  -57.86526987], Best Fitness = 33.59495822942357, Evaluations = 5504
Generation 173: Best Solution = [  72.2611494  -181.93885507  189.88659606  157.27956644   27.67287457
   46.14403398  -39.76930785  149.7390624   -55.74294403  -57.85974573], Best Fitness = 33.594869412387105, Evaluations = 5536
Generation 174: Best Solution = [  72.27641553 -181.93542792  189.91299926  157.27323251   27.66763548
   46.13850758  -39.77210845  149.74501283  -55.75206597  -57.8658044 ], Best Fitness = 33.5935548487453, Evaluations = 5568
Generation 175: Best Solution = [  72.26360268 -181.93835854  189.89324475  157.2730835    27.67237343
   46.1393265   -39.77413388  149.73916017  -55.73818448  -57.86818822], Best Fitness = 33.592959095523405, Evaluations = 5600
Generation 176: Best Solution = [  72.25838823 -181.92706805  189.90541006  157.27387272   27.67386459
   46.13745805  -39.7743911   149.7451668   -55.74572685  -57.87691386], Best Fitness = 33.591409732725765, Evaluations = 5632
Generation 177: Best Solution = [  72.25422065 -181.93032992  189.90933686  157.27340982   27.67490106
   46.13146562  -39.77625105  149.75236135  -55.74900595  -57.88219731], Best Fitness = 33.59029967882064, Evaluations = 5664
Generation 178: Best Solution = [  72.25701741 -181.93302433  189.90304442  157.26408551   27.67211332
   46.13517662  -39.78341491  149.75324919  -55.73887878  -57.87716761], Best Fitness = 33.589261548972665, Evaluations = 5696
Generation 179: Best Solution = [  72.25648902 -181.92714703  189.90863233  157.26953508   27.67809585
   46.1275959   -39.78682399  149.7556626   -55.74448254  -57.88002369], Best Fitness = 33.58842473938308, Evaluations = 5728
Generation 180: Best Solution = [  72.26237157 -181.92270252  189.90948602  157.26755024   27.67574358
   46.12484261  -39.79626668  149.74779647  -55.74234522  -57.8717115 ], Best Fitness = 33.58782531802868, Evaluations = 5760
Generation 181: Best Solution = [  72.25686755 -181.92245235  189.90482269  157.26121783   27.69175524
   46.13057401  -39.78465374  149.75972593  -55.75425551  -57.88567727], Best Fitness = 33.58671475556301, Evaluations = 5792
Generation 182: Best Solution = [  72.2637564  -181.91775505  189.91127865  157.25892079   27.68449706
   46.13056831  -39.79495735  149.76015596  -55.75282421  -57.89021843], Best Fitness = 33.58505987222261, Evaluations = 5824
Generation 183: Best Solution = [  72.25713048 -181.92751759  189.90235304  157.25233487   27.68195063
   46.13308197  -39.78688756  149.75910607  -55.74485196  -57.90166579], Best Fitness = 33.585053526595, Evaluations = 5856
Generation 184: Best Solution = [  72.26648781 -181.91207174  189.91970603  157.25282595   27.68689375
   46.13132175  -39.79945494  149.75071784  -55.7531215   -57.88582183], Best Fitness = 33.58418721431783, Evaluations = 5888
Generation 185: Best Solution = [  72.27079146 -181.9171184   189.9158934   157.24913448   27.68099578
   46.13185743  -39.81018485  149.75176577  -55.73821058  -57.88715253], Best Fitness = 33.583041000758854, Evaluations = 5920
Generation 186: Best Solution = [  72.27090207 -181.93587639  189.91610313  157.2326823    27.6704782
   46.13303499  -39.80607743  149.75670619  -55.74159787  -57.89533478], Best Fitness = 33.58208403269754, Evaluations = 5952
Generation 187: Best Solution = [  72.26733703 -181.93470763  189.91747374  157.22700114   27.68253893
   46.13361957  -39.81765186  149.75623739  -55.74285736  -57.87666327], Best Fitness = 33.580718976889266, Evaluations = 5984
Generation 188: Best Solution = [  72.26782676 -181.92824107  189.90856219  157.23381525   27.68368115
   46.128281    -39.8162023   149.74955752  -55.74765983  -57.89171188], Best Fitness = 33.58023432310961, Evaluations = 6016
Generation 189: Best Solution = [  72.25843739 -181.94273552  189.9242352   157.21510123   27.68062516
   46.12741879  -39.80278604  149.75847485  -55.74252955  -57.90302103], Best Fitness = 33.57945034227043, Evaluations = 6048
Generation 190: Best Solution = [  72.2640174  -181.94758522  189.92309179  157.21011878   27.69003845
   46.13230863  -39.80866809  149.75689071  -55.74308988  -57.89980542], Best Fitness = 33.57857976160392, Evaluations = 6080
Generation 191: Best Solution = [  72.26995114 -181.94577582  189.9027217   157.22269611   27.68449073
   46.12863923  -39.82706953  149.76104516  -55.75234859  -57.89338909], Best Fitness = 33.57784107880696, Evaluations = 6112
Generation 192: Best Solution = [  72.27124169 -181.9483049   189.9080973   157.22062234   27.68528004
   46.13238139  -39.8364325   149.75598376  -55.74684406  -57.89609563], Best Fitness = 33.57652622049564, Evaluations = 6144
Generation 193: Best Solution = [  72.27202568 -181.94531842  189.90608243  157.21543695   27.68809915
   46.1238422   -39.83297521  149.75445069  -55.7481856   -57.90424567], Best Fitness = 33.575589867521394, Evaluations = 6176
Generation 194: Best Solution = [  72.28041309 -181.95637176  189.88869801  157.22342869   27.6910085
   46.11910194  -39.84597245  149.76021794  -55.76023026  -57.9080419 ], Best Fitness = 33.57468193525259, Evaluations = 6208
Generation 195: Best Solution = [  72.2790453  -181.95358332  189.89396638  157.21244308   27.68557928
   46.12198926  -39.84251384  149.77025222  -55.76357158  -57.90957147], Best Fitness = 33.57370352433544, Evaluations = 6240
Generation 196: Best Solution = [  72.27289534 -181.94267963  189.91180941  157.21256454   27.70162551
   46.12203761  -39.84240326  149.76046379  -55.75951075  -57.90972973], Best Fitness = 33.572713125996486, Evaluations = 6272
Generation 197: Best Solution = [  72.28150812 -181.95570281  189.89347889  157.21681752   27.69366864
   46.14009882  -39.85975804  149.77261952  -55.77132371  -57.91159126], Best Fitness = 33.57171226998418, Evaluations = 6304
Generation 198: Best Solution = [  72.27543428 -181.95290286  189.90403928  157.21964826   27.70575033
   46.12145685  -39.85649253  149.77200303  -55.75826282  -57.91532086], Best Fitness = 33.57122447553017, Evaluations = 6336
Generation 199: Best Solution = [  72.26053168 -181.932755    189.91650349  157.19793459   27.70355191
   46.13463413  -39.84165069  149.74400593  -55.7609195   -57.91937271], Best Fitness = 33.57036751884255, Evaluations = 6368
Generation 200: Best Solution = [  72.26199935 -181.93994911  189.91597176  157.20588194   27.7030661
   46.1200294   -39.84919892  149.76118429  -55.76416086  -57.92757312], Best Fitness = 33.569055261788066, Evaluations = 6400
Generation 201: Best Solution = [  72.26503065 -181.94173432  189.90526694  157.214395     27.72039905
   46.12287385  -39.85548484  149.7611795   -55.77539381  -57.9283846 ], Best Fitness = 33.56851907363075, Evaluations = 6432
Generation 202: Best Solution = [  72.26269207 -181.9379393   189.91497267  157.19854561   27.70136908
   46.13617184  -39.85671658  149.76115752  -55.76652931  -57.92476958], Best Fitness = 33.567813784331314, Evaluations = 6464
Generation 203: Best Solution = [  72.25806829 -181.93481653  189.91687984  157.1997319    27.71047004
   46.12258053  -39.85447701  149.75558158  -55.76485746  -57.92992705], Best Fitness = 33.56719589386571, Evaluations = 6496
Generation 204: Best Solution = [  72.26322007 -181.93660172  189.90380783  157.19945675   27.71226987
   46.13173515  -39.86044644  149.76623846  -55.76730911  -57.93855957], Best Fitness = 33.565907010852705, Evaluations = 6528
Generation 205: Best Solution = [  72.26506743 -181.92669605  189.92156284  157.18373446   27.71194729
   46.14729075  -39.86468378  149.7602322   -55.75742853  -57.93343674], Best Fitness = 33.56456022085305, Evaluations = 6560
Generation 206: Best Solution = [  72.24993332 -181.93364127  189.91802852  157.18611205   27.70635012
   46.13028057  -39.8674453   149.75283819  -55.76837648  -57.93962479], Best Fitness = 33.563361405317885, Evaluations = 6592
Generation 207: Best Solution = [  72.24950733 -181.92985081  189.9171703   157.17772482   27.70335527
   46.13478595  -39.86830704  149.75392914  -55.76821536  -57.93792415], Best Fitness = 33.56263522655059, Evaluations = 6624
Generation 208: Best Solution = [  72.25480372 -181.94436159  189.91283356  157.18646936   27.71783049
   46.13071594  -39.8803986   149.77553714  -55.77156065  -57.94021496], Best Fitness = 33.56120130590905, Evaluations = 6656
Generation 209: Best Solution = [  72.23981892 -181.9319458   189.91020789  157.17572592   27.71631729
   46.13687628  -39.87737507  149.77154995  -55.76780372  -57.94116473], Best Fitness = 33.560077410274864, Evaluations = 6688
Generation 210: Best Solution = [  72.23074176 -181.92069685  189.91116621  157.16012361   27.7053494
   46.14431191  -39.86984854  149.75760103  -55.75993518  -57.95136355], Best Fitness = 33.55937408078873, Evaluations = 6720
Generation 211: Best Solution = [  72.24195822 -181.93098745  189.92169152  157.17311796   27.71366985
   46.14026601  -39.88066852  149.77126614  -55.78075346  -57.94805769], Best Fitness = 33.55870040915182, Evaluations = 6752
Generation 212: Best Solution = [  72.22897902 -181.91804043  189.91349042  157.13570258   27.68680425
   46.14529145  -39.87152176  149.75318246  -55.7533354   -57.95566522], Best Fitness = 33.55741495649042, Evaluations = 6784
Generation 213: Best Solution = [  72.23026223 -181.91793791  189.90899984  157.11928557   27.67051963
   46.14695881  -39.86839596  149.73272895  -55.75910471  -57.96523062], Best Fitness = 33.55674130118502, Evaluations = 6816
Generation 214: Best Solution = [  72.23796472 -181.93609252  189.90488672  157.1131006    27.66039258
   46.16139137  -39.87998619  149.73396311  -55.77063065  -57.9668586 ], Best Fitness = 33.55562434474273, Evaluations = 6848
Generation 215: Best Solution = [  72.2445748  -181.91715136  189.91902309  157.12206616   27.67892155
   46.12935888  -39.88175214  149.7373765   -55.75468324  -57.96374013], Best Fitness = 33.55490396130038, Evaluations = 6880
Generation 216: Best Solution = [  72.23034783 -181.92028771  189.91264042  157.11503497   27.6690903
   46.15248378  -39.88927977  149.74337938  -55.75726934  -57.96464795], Best Fitness = 33.553595698462196, Evaluations = 6912
Generation 217: Best Solution = [  72.24944818 -181.92685776  189.91333443  157.11308989   27.66013158
   46.14249417  -39.89767754  149.72773913  -55.76002731  -57.97272499], Best Fitness = 33.55283610703923, Evaluations = 6944
Generation 218: Best Solution = [  72.2380393  -181.92319515  189.90966182  157.11533018   27.66887602
   46.14487173  -39.89701488  149.7376713   -55.75705181  -57.9717446 ], Best Fitness = 33.552346865303456, Evaluations = 6976
Generation 219: Best Solution = [  72.22200058 -181.91996739  189.91007554  157.11009644   27.67194981
   46.14837396  -39.89119311  149.74108594  -55.75765452  -57.97500532], Best Fitness = 33.55190352252637, Evaluations = 7008
Generation 220: Best Solution = [  72.25512217 -181.9195919   189.92120503  157.10314318   27.66498566
   46.14656139  -39.91121371  149.72220396  -55.76452069  -57.96018198], Best Fitness = 33.551031861261556, Evaluations = 7040
Generation 221: Best Solution = [  72.25217007 -181.93037214  189.90219748  157.10708885   27.66410295
   46.15518487  -39.91261745  149.73225716  -55.76154266  -57.97588332], Best Fitness = 33.55039290209623, Evaluations = 7072
Generation 222: Best Solution = [  72.22547064 -181.90527204  189.91584117  157.08947511   27.65502911
   46.12706397  -39.90017014  149.73889556  -55.74977496  -57.96496236], Best Fitness = 33.549846775791316, Evaluations = 7104
Generation 223: Best Solution = [  72.24096641 -181.9064899   189.92102575  157.08614115   27.65361096
   46.13509796  -39.90513243  149.73161488  -55.76515375  -57.96877113], Best Fitness = 33.54904031090163, Evaluations = 7136
Generation 224: Best Solution = [  72.23245413 -181.9172294   189.91557638  157.09444315   27.67195459
   46.13013025  -39.90771649  149.74014446  -55.75786033  -57.97296574], Best Fitness = 33.54831551243805, Evaluations = 7168
Generation 225: Best Solution = [  72.22583475 -181.92206489  189.91700787  157.10748505   27.67799804
   46.12847395  -39.91180045  149.75489139  -55.75679407  -57.97876124], Best Fitness = 33.547807252985244, Evaluations = 7200
Generation 226: Best Solution = [  72.23928253 -181.91643474  189.90834854  157.09078883   27.68328869
   46.1215443   -39.91559167  149.74572702  -55.75681529  -57.9789035 ], Best Fitness = 33.54610357171545, Evaluations = 7232
Generation 227: Best Solution = [  72.24511891 -181.91199002  189.91313024  157.10172667   27.67712877
   46.11990119  -39.92866901  149.74783742  -55.7548103   -57.97922408], Best Fitness = 33.54543671384496, Evaluations = 7264
Generation 228: Best Solution = [  72.24142033 -181.90744066  189.91961637  157.08495661   27.65546658
   46.14122679  -39.92622073  149.74269675  -55.77154758  -57.98128363], Best Fitness = 33.544941281821295, Evaluations = 7296
Generation 229: Best Solution = [  72.24959677 -181.91823994  189.92607593  157.08591659   27.67400296
   46.12822746  -39.93319439  149.73296408  -55.77076558  -57.98113876], Best Fitness = 33.543881944883715, Evaluations = 7328
Generation 230: Best Solution = [  72.25344416 -181.91468262  189.92485664  157.08029461   27.67119806
   46.12804378  -39.9380849   149.73146046  -55.77082012  -57.98047518], Best Fitness = 33.54303804480758, Evaluations = 7360
Generation 231: Best Solution = [  72.25024031 -181.92356814  189.9227524   157.08599598   27.68560395
   46.12060611  -39.93982394  149.7335664   -55.76965446  -57.98146239], Best Fitness = 33.54263271655626, Evaluations = 7392
Generation 232: Best Solution = [  72.26702581 -181.92757676  189.92513586  157.07512412   27.68383799
   46.11852046  -39.94810921  149.72344425  -55.78555896  -57.97852804], Best Fitness = 33.54156313795635, Evaluations = 7424
Generation 233: Best Solution = [  72.26211413 -181.91197416  189.93089377  157.06971853   27.69053775
   46.11673897  -39.94358147  149.72818716  -55.77890141  -57.97581894], Best Fitness = 33.54109785677027, Evaluations = 7456
Generation 234: Best Solution = [  72.25050617 -181.92835607  189.92815222  157.07431486   27.69281812
   46.1153984   -39.95181891  149.72678699  -55.77133604  -57.98579034], Best Fitness = 33.53973110244851, Evaluations = 7488
Generation 235: Best Solution = [  72.24882343 -181.9157664   189.93176445  157.0700319    27.68884928
   46.11989334  -39.95943454  149.7116517   -55.77895031  -57.9806763 ], Best Fitness = 33.538891309240654, Evaluations = 7520
Generation 236: Best Solution = [  72.25936342 -181.91076129  189.93269673  157.06440406   27.68630704
   46.11166933  -39.9655765   149.70909373  -55.7853788   -57.96990232], Best Fitness = 33.538591112604614, Evaluations = 7552
Generation 237: Best Solution = [  72.25515614 -181.90506757  189.92972934  157.05706848   27.68724692
   46.11053797  -39.95472309  149.72248914  -55.76993234  -57.98461311], Best Fitness = 33.53802007539073, Evaluations = 7584
Generation 238: Best Solution = [  72.25521517 -181.90268425  189.93128446  157.0593928    27.68459476
   46.11427457  -39.95656929  149.72339691  -55.77206421  -57.99477595], Best Fitness = 33.53725410819636, Evaluations = 7616
Generation 239: Best Solution = [  72.24626219 -181.9026958   189.92936361  157.06428537   27.68599854
   46.12362984  -39.96835568  149.71563132  -55.76812219  -57.99530884], Best Fitness = 33.53622109471561, Evaluations = 7648
Generation 240: Best Solution = [  72.24547894 -181.90481393  189.93148038  157.0545076    27.69994526
   46.11140208  -39.96927104  149.71424062  -55.78353795  -57.98346746], Best Fitness = 33.535237609571055, Evaluations = 7680
Generation 241: Best Solution = [  72.24472346 -181.90077345  189.93390315  157.05964125   27.69650813
   46.11828499  -39.97150576  149.71253511  -55.77331588  -58.00794479], Best Fitness = 33.53397265500709, Evaluations = 7712
Generation 242: Best Solution = [  72.24857654 -181.87526207  189.91966564  157.03997167   27.69582335
   46.1153345   -39.95893619  149.70999092  -55.77080886  -58.02090123], Best Fitness = 33.533214268216945, Evaluations = 7744
Generation 243: Best Solution = [  72.23905419 -181.89748456  189.91857673  157.04122753   27.69712377
   46.12612264  -39.97338066  149.71211006  -55.76321222  -58.01325941], Best Fitness = 33.53226684674566, Evaluations = 7776
Generation 244: Best Solution = [  72.25585727 -181.90431854  189.91439926  157.02862941   27.70912454
   46.14438494  -39.97311454  149.71744324  -55.75521557  -58.01715256], Best Fitness = 33.53179559225704, Evaluations = 7808
Generation 245: Best Solution = [  72.24725048 -181.87106442  189.93067655  157.04005222   27.6866089
   46.11896024  -39.97549366  149.70624275  -55.77461511  -58.03009936], Best Fitness = 33.530689016286715, Evaluations = 7840
Generation 246: Best Solution = [  72.24073773 -181.88074151  189.92083489  157.03709024   27.70169529
   46.11389068  -39.98297206  149.7080642   -55.78162993  -58.00703631], Best Fitness = 33.53032745941424, Evaluations = 7872
Generation 247: Best Solution = [  72.23837827 -181.87386705  189.93007559  157.02801494   27.70381515
   46.10693443  -39.98266989  149.70588048  -55.78720164  -58.00195195], Best Fitness = 33.52963244603391, Evaluations = 7904
Generation 248: Best Solution = [  72.23932472 -181.87575574  189.92820732  157.02540264   27.71385682
   46.11259688  -39.9799591   149.71036524  -55.78700991  -58.00417447], Best Fitness = 33.52933940822098, Evaluations = 7936
Generation 249: Best Solution = [  72.23453941 -181.86954262  189.93248538  157.02145838   27.71699279
   46.10964708  -39.98366165  149.70376579  -55.79040336  -58.00105415], Best Fitness = 33.5285942154801, Evaluations = 7968
Generation 250: Best Solution = [  72.24202256 -181.88105122  189.93249616  157.01878818   27.71113579
   46.10368474  -39.98533298  149.71598995  -55.77803443  -58.01336622], Best Fitness = 33.52758946016828, Evaluations = 8000
Generation 251: Best Solution = [  72.25620107 -181.87866369  189.92856858  157.01894137   27.71891948
   46.09767203  -39.98372296  149.71575581  -55.78717565  -58.02323025], Best Fitness = 33.52702751436498, Evaluations = 8032
Generation 252: Best Solution = [  72.25196449 -181.87630759  189.9332208   157.02183497   27.71627737
   46.09494136  -39.98986283  149.70659673  -55.80352783  -58.02159476], Best Fitness = 33.526325290223696, Evaluations = 8064
Generation 253: Best Solution = [  72.25209436 -181.87920987  189.92407393  157.01933199   27.71633852
   46.09702222  -39.99301227  149.72663572  -55.78431623  -58.02201349], Best Fitness = 33.525671422035465, Evaluations = 8096
Generation 254: Best Solution = [  72.2446508  -181.88242739  189.92889663  157.01368366   27.72549945
   46.11460515  -39.99941697  149.71820829  -55.78686074  -58.01552124], Best Fitness = 33.524895408843825, Evaluations = 8128
Generation 255: Best Solution = [  72.24977329 -181.88382903  189.93274028  157.01083499   27.71991806
   46.10998291  -40.00222458  149.72424899  -55.786941    -58.02329723], Best Fitness = 33.523832015882164, Evaluations = 8160
Generation 256: Best Solution = [  72.25919673 -181.88846361  189.94288807  157.00342153   27.71489357
   46.10380902  -40.00011737  149.733102    -55.78262525  -58.02997898], Best Fitness = 33.5233107952898, Evaluations = 8192
Generation 257: Best Solution = [  72.24622261 -181.8901901   189.92365399  157.0105727    27.72008346
   46.09141496  -40.00228503  149.71954111  -55.78285323  -58.04014421], Best Fitness = 33.52258216981105, Evaluations = 8224
Generation 258: Best Solution = [  72.24805705 -181.88573655  189.92923707  157.01120547   27.72085316
   46.11059316  -40.01184366  149.7134484   -55.79884224  -58.04054661], Best Fitness = 33.52146062670246, Evaluations = 8256
Generation 259: Best Solution = [  72.23374771 -181.89650301  189.92347307  157.01504451   27.72054642
   46.10428419  -40.01308422  149.71174772  -55.79837874  -58.03993288], Best Fitness = 33.52138042989488, Evaluations = 8288
Generation 260: Best Solution = [  72.24011067 -181.88863006  189.92230917  157.01299148   27.71758226
   46.10284399  -40.01830997  149.71672946  -55.79616954  -58.04135272], Best Fitness = 33.520513160973906, Evaluations = 8320
Generation 261: Best Solution = [  72.24273462 -181.88683867  189.93345263  157.00480418   27.71677384
   46.10237361  -40.01328179  149.72367758  -55.79041206  -58.04469752], Best Fitness = 33.52022563267277, Evaluations = 8352
Generation 262: Best Solution = [  72.23808899 -181.89588444  189.92414568  157.01728531   27.71465898
   46.09920392  -40.02376687  149.70680271  -55.80617181  -58.05114151], Best Fitness = 33.51958350296248, Evaluations = 8384
Generation 263: Best Solution = [  72.2296459  -181.89895488  189.92113166  157.01738179   27.71714217
   46.09897099  -40.03235917  149.70396827  -55.80158255  -58.0527328 ], Best Fitness = 33.518399183131926, Evaluations = 8416
Generation 264: Best Solution = [  72.21421741 -181.8981103   189.92321674  157.01571967   27.71957861
   46.09380582  -40.02928736  149.70372395  -55.80696932  -58.06301691], Best Fitness = 33.517403023007766, Evaluations = 8448
Generation 265: Best Solution = [  72.24291887 -181.8821987   189.92485697  156.99795882   27.72479559
   46.10632799  -40.03482647  149.7207191   -55.80357344  -58.04461857], Best Fitness = 33.516735751053915, Evaluations = 8480
Generation 266: Best Solution = [  72.25130092 -181.87767484  189.92918745  156.99697703   27.72639903
   46.10179461  -40.03286732  149.73412798  -55.80841684  -58.05358855], Best Fitness = 33.515808386764405, Evaluations = 8512
Generation 267: Best Solution = [  72.23602239 -181.89411749  189.92026464  157.01373048   27.71672662
   46.10759102  -40.04512186  149.71475672  -55.81243902  -58.0654204 ], Best Fitness = 33.51532691394451, Evaluations = 8544
Generation 268: Best Solution = [  72.23431646 -181.89187493  189.92406234  157.01044937   27.71530737
   46.10466133  -40.04858493  149.72436833  -55.80090752  -58.06578644], Best Fitness = 33.51447463267835, Evaluations = 8576
Generation 269: Best Solution = [  72.22264573 -181.89578069  189.93041215  157.0113436    27.71810461
   46.09635524  -40.05199063  149.71772016  -55.80533586  -58.07372954], Best Fitness = 33.51319831892513, Evaluations = 8608
Generation 270: Best Solution = [  72.21514119 -181.89413949  189.92904939  157.00658642   27.71966508
   46.09604211  -40.05196225  149.71343436  -55.8084637   -58.07574981], Best Fitness = 33.512647711479936, Evaluations = 8640
Generation 271: Best Solution = [  72.21975575 -181.87062402  189.92095425  156.98732254   27.72243408
   46.09346613  -40.05178936  149.7372071   -55.80786822  -58.05687665], Best Fitness = 33.511809374756545, Evaluations = 8672
Generation 272: Best Solution = [  72.21892956 -181.88163489  189.91695996  156.99171038   27.72278544
   46.09403282  -40.05999025  149.73216721  -55.8057092   -58.06470188], Best Fitness = 33.510846177624884, Evaluations = 8704
Generation 273: Best Solution = [  72.20941309 -181.88824527  189.92267915  156.99639656   27.72125938
   46.08972017  -40.05914673  149.73919714  -55.813526    -58.07077152], Best Fitness = 33.51030175389376, Evaluations = 8736
Generation 274: Best Solution = [  72.21624446 -181.85739004  189.92106974  156.97981367   27.72304732
   46.0920317   -40.05575561  149.75294975  -55.81055522  -58.06683862], Best Fitness = 33.509483549359196, Evaluations = 8768
Generation 275: Best Solution = [  72.21354022 -181.86353111  189.9317543   156.97912478   27.72442637
   46.08761735  -40.06411605  149.74172157  -55.81189691  -58.06291004], Best Fitness = 33.50874148719312, Evaluations = 8800
Generation 276: Best Solution = [  72.23075589 -181.85261385  189.91834258  156.97130556   27.72611703
   46.09486769  -40.06534133  149.76003942  -55.81792037  -58.06534814], Best Fitness = 33.5077348015026, Evaluations = 8832
Generation 277: Best Solution = [  72.22929041 -181.85639109  189.92532943  156.96507      27.72897247
   46.09586117  -40.06757286  149.75692523  -55.81418485  -58.0630499 ], Best Fitness = 33.50721404071947, Evaluations = 8864
Generation 278: Best Solution = [  72.22739163 -181.85553532  189.92846006  156.96774746   27.72761515
   46.09264667  -40.07395288  149.75303758  -55.81493247  -58.06205028], Best Fitness = 33.50668965955328, Evaluations = 8896
Generation 279: Best Solution = [  72.21954114 -181.8654035   189.9300785   156.96507726   27.73370339
   46.09268193  -40.07823174  149.75680806  -55.8114487   -58.06429427], Best Fitness = 33.50548204687815, Evaluations = 8928
Generation 280: Best Solution = [  72.21374556 -181.86265071  189.93332217  156.96995576   27.7359205
   46.08845142  -40.08785538  149.74939397  -55.80032961  -58.05905183], Best Fitness = 33.50522577138815, Evaluations = 8960
Generation 281: Best Solution = [  72.22464609 -181.8621825   189.93141839  156.96426468   27.73698999
   46.09307236  -40.08334156  149.7627611   -55.81161884  -58.06462433], Best Fitness = 33.5045714312924, Evaluations = 8992
Generation 282: Best Solution = [  72.21247577 -181.85057535  189.92452672  156.96180671   27.72411458
   46.08620825  -40.09362823  149.75149376  -55.80632036  -58.07048117], Best Fitness = 33.503446040765766, Evaluations = 9024
Generation 283: Best Solution = [  72.20874259 -181.86646868  189.9357779   156.97316972   27.73340923
   46.08630131  -40.10784821  149.7525716   -55.80227146  -58.06332145], Best Fitness = 33.50256126539987, Evaluations = 9056
Generation 284: Best Solution = [  72.20927009 -181.85037296  189.92557222  156.96054347   27.72526703
   46.08894808  -40.10190015  149.75347939  -55.7974223   -58.07304618], Best Fitness = 33.50230600291266, Evaluations = 9088
Generation 285: Best Solution = [  72.22352398 -181.839826    189.92030967  156.9446469    27.72330018
   46.08414697  -40.10218787  149.75082106  -55.80000761  -58.07931069], Best Fitness = 33.50118529255744, Evaluations = 9120
Generation 286: Best Solution = [  72.2084969  -181.84558364  189.9174529   156.95050742   27.71386523
   46.09413411  -40.11107655  149.74590809  -55.80946764  -58.08097634], Best Fitness = 33.50058325025873, Evaluations = 9152
Generation 287: Best Solution = [  72.20275446 -181.85094414  189.9278587   156.95454294   27.72771158
   46.08173028  -40.11204907  149.74597915  -55.81042404  -58.07541589], Best Fitness = 33.50026054803042, Evaluations = 9184
Generation 288: Best Solution = [  72.21334617 -181.83726997  189.92649482  156.94598592   27.72078216
   46.08483578  -40.11344976  149.75058994  -55.80304822  -58.08630226], Best Fitness = 33.49926756363815, Evaluations = 9216
Generation 289: Best Solution = [  72.2229963  -181.83508494  189.91645195  156.95053086   27.72313951
   46.07900967  -40.12080826  149.75036042  -55.81051795  -58.08790651], Best Fitness = 33.498520443799094, Evaluations = 9248
Generation 290: Best Solution = [  72.22671507 -181.83122046  189.92391725  156.95418233   27.72468329
   46.08139569  -40.12977463  149.74595991  -55.8127873   -58.09067541], Best Fitness = 33.49755413684526, Evaluations = 9280
Generation 291: Best Solution = [  72.21761151 -181.8317529   189.9278436   156.95451796   27.72532335
   46.07969038  -40.13092156  149.74440583  -55.81043578  -58.09836574], Best Fitness = 33.49676403780598, Evaluations = 9312
Generation 292: Best Solution = [  72.21195388 -181.83727592  189.93592445  156.95396185   27.72648284
   46.0837088   -40.13733315  149.74182695  -55.81881174  -58.09606963], Best Fitness = 33.49584951239054, Evaluations = 9344
Generation 293: Best Solution = [  72.22682948 -181.83080102  189.92878993  156.95509575   27.72899528
   46.07567185  -40.13732343  149.75237841  -55.81828215  -58.09860064], Best Fitness = 33.495572654283, Evaluations = 9376
Generation 294: Best Solution = [  72.20868896 -181.84414803  189.93438556  156.949025     27.73968522
   46.08289727  -40.14275329  149.7403709   -55.81002349  -58.09581721], Best Fitness = 33.49471675437721, Evaluations = 9408
Generation 295: Best Solution = [  72.22442405 -181.84445763  189.92702785  156.94656064   27.7455881
   46.07299607  -40.14092434  149.74255904  -55.80047687  -58.10814499], Best Fitness = 33.49404340510202, Evaluations = 9440
Generation 296: Best Solution = [  72.22473865 -181.84493862  189.9303587   156.94330789   27.74047409
   46.07479089  -40.14287193  149.75137478  -55.80263421  -58.10959775], Best Fitness = 33.49332139118822, Evaluations = 9472
Generation 297: Best Solution = [  72.21553225 -181.8421563   189.92824437  156.9409712    27.74452403
   46.07741509  -40.14483831  149.75168877  -55.7938448   -58.11444804], Best Fitness = 33.492654842177494, Evaluations = 9504
Generation 298: Best Solution = [  72.21662755 -181.84048424  189.93208448  156.93514353   27.72781325
   46.08385608  -40.1551507   149.7539498   -55.80578506  -58.10755558], Best Fitness = 33.491827469935075, Evaluations = 9536
Generation 299: Best Solution = [  72.22475112 -181.83679057  189.92600946  156.93045649   27.7326939
   46.06420934  -40.16342583  149.74697984  -55.80182115  -58.10725183], Best Fitness = 33.49077606167558, Evaluations = 9568
Generation 300: Best Solution = [  72.22142333 -181.84048855  189.92028682  156.92631766   27.7345863
   46.0656936   -40.17174423  149.74344062  -55.80834612  -58.09754151], Best Fitness = 33.49021142959544, Evaluations = 9600
Generation 301: Best Solution = [  72.21406941 -181.83320587  189.9210909   156.92695322   27.73163602
   46.06385949  -40.16952019  149.75034936  -55.80593751  -58.10711267], Best Fitness = 33.489684621430875, Evaluations = 9632
Generation 302: Best Solution = [  72.21343793 -181.83657295  189.9244618   156.92711089   27.73402781
   46.06289491  -40.17727576  149.74765138  -55.7942972   -58.10413496], Best Fitness = 33.48921596774803, Evaluations = 9664
Generation 303: Best Solution = [  72.21901781 -181.83117961  189.90398561  156.9188892    27.72974939
   46.06283348  -40.17841249  149.75289869  -55.80759448  -58.1107035 ], Best Fitness = 33.488295558799685, Evaluations = 9696
Generation 304: Best Solution = [  72.21580942 -181.82538831  189.8959805   156.91138283   27.73380218
   46.05320776  -40.18436603  149.74730475  -55.81771226  -58.11813682], Best Fitness = 33.486615511803635, Evaluations = 9728
Generation 305: Best Solution = [  72.21915808 -181.82314609  189.88381558  156.90990608   27.73003834
   46.0596629   -40.18786338  149.74914958  -55.82683414  -58.11811798], Best Fitness = 33.48642133650755, Evaluations = 9760
Generation 306: Best Solution = [  72.20472771 -181.81827395  189.89196572  156.90421067   27.7304013
   46.05086933  -40.19062431  149.75615448  -55.82341374  -58.11692956], Best Fitness = 33.48539203734137, Evaluations = 9792
Generation 307: Best Solution = [  72.21484338 -181.82650646  189.89537712  156.90512187   27.73061188
   46.05205952  -40.19756508  149.74719798  -55.81404916  -58.11713293], Best Fitness = 33.485057040029695, Evaluations = 9824
Generation 308: Best Solution = [  72.20141059 -181.83047249  189.90200181  156.91184847   27.73716927
   46.05612688  -40.19611237  149.76646472  -55.80709212  -58.12039436], Best Fitness = 33.48445331336975, Evaluations = 9856
Generation 309: Best Solution = [  72.20215127 -181.82848862  189.89999527  156.90953386   27.73189603
   46.05395929  -40.20689996  149.75965716  -55.80560667  -58.11770961], Best Fitness = 33.48378653945259, Evaluations = 9888
Generation 310: Best Solution = [  72.21617514 -181.83603252  189.91141052  156.91475064   27.73609051
   46.06801369  -40.2060837   149.76077147  -55.82598027  -58.12673849], Best Fitness = 33.482830414101215, Evaluations = 9920
Generation 311: Best Solution = [  72.20822294 -181.83563259  189.90463271  156.89754705   27.74016847
   46.05857284  -40.20489833  149.75659853  -55.81324758  -58.12624839], Best Fitness = 33.48236623829973, Evaluations = 9952
Generation 312: Best Solution = [  72.20894146 -181.83710531  189.9058605   156.89008986   27.73822047
   46.05298023  -40.20620878  149.76387844  -55.81796147  -58.11950669], Best Fitness = 33.48193660308915, Evaluations = 9984
Generation 313: Best Solution = [  72.2062377  -181.84322139  189.90662928  156.90469951   27.74186666
   46.05406187  -40.21847126  149.77016144  -55.81184031  -58.11820702], Best Fitness = 33.48116990313053, Evaluations = 10016
