Algorithm: Cross-Entropy Method
Objective Function: Rosenbrock
Dimension: 10
Population Size: 32
Max Evaluations: 10000

Generation 1: Best Solution = [ 3.75507161 -0.55834931 -1.30861706  3.72773888  0.53780562  0.14478408
 -3.46064407  4.5456054  -1.12924316 10.        ], Best Fitness = 101897.79766567664, Evaluations = 32
Generation 2: Best Solution = [ 3.04377606 -1.88845169  0.6922941   5.46029047  3.12503332  2.84565085
 -1.47301451  0.75397348  0.27663823  8.42647648], Best Fitness = 108157.29215330062, Evaluations = 64
Generation 3: Best Solution = [ 3.57938162 -2.69328539 -1.69705608  3.4422197   0.81489793  0.21969772
 -2.51021208  1.56226893  2.28990449  8.38180512], Best Fitness = 48215.123013025324, Evaluations = 96
Generation 4: Best Solution = [ 2.91463346 -0.71129584 -0.04370361  4.16376533  2.42467417  2.29783396
 -1.3998002   1.38547988  0.66711832  8.7229892 ], Best Fitness = 45289.83406666681, Evaluations = 128
Generation 5: Best Solution = [ 2.9224705  -2.13077422 -1.17433607  3.65473916  1.88603361  2.81739683
 -0.89280684  1.11918999 -1.27353223  7.93505715], Best Fitness = 40855.15221702561, Evaluations = 160
Generation 6: Best Solution = [ 3.04554251 -1.62893331 -0.96284045  3.68818894  1.3522518   1.59970377
 -1.50078594  1.2796089   0.49629478  8.70904552], Best Fitness = 38037.19265744868, Evaluations = 192
Generation 7: Best Solution = [ 2.9977971  -1.07747765 -0.96141737  3.6233362   1.19664379  2.00022532
 -1.65008526  1.78037306 -0.33726129  8.69736735], Best Fitness = 37486.65407322908, Evaluations = 224
Generation 8: Best Solution = [ 2.89070225 -1.33681536 -0.8220284   3.79126981  1.63267101  1.31590976
 -2.00915046  2.1430653   1.33178447  9.00623163], Best Fitness = 35545.83026313386, Evaluations = 256
Generation 9: Best Solution = [ 2.84267857 -1.46472965 -0.77352591  3.90003198  1.76590716  1.00174609
 -2.07448123  2.10013672  2.0858767   9.20222009], Best Fitness = 33937.2579037953, Evaluations = 288
Generation 10: Best Solution = [ 2.84705515 -1.47094098 -0.68472102  3.90873237  1.98914922  1.08879505
 -1.95954197  1.91982929  2.15773901  9.19004069], Best Fitness = 33328.08952358005, Evaluations = 320
Generation 11: Best Solution = [ 2.88810622 -1.35366995 -0.69479034  3.85301298  1.83596864  1.03754518
 -2.0602454   2.01493551  2.08925081  9.20064554], Best Fitness = 32883.46945871763, Evaluations = 352
Generation 12: Best Solution = [ 2.89593032 -1.33203231 -0.64970928  3.86949404  1.92067276  1.08800328
 -1.94309559  1.8945648   2.06811574  9.24188918], Best Fitness = 32992.96882424023, Evaluations = 384
Generation 13: Best Solution = [ 2.90106859 -1.35710417 -0.63513462  3.86252845  1.95004352  1.08203603
 -1.90239885  1.80811538  2.09083206  9.23480224], Best Fitness = 32729.299814163038, Evaluations = 416
Generation 14: Best Solution = [ 2.88093239 -1.36262638 -0.63588846  3.88478668  1.94866007  1.02187987
 -1.99840192  1.91627332  2.22659647  9.24295122], Best Fitness = 32647.654766367577, Evaluations = 448
Generation 15: Best Solution = [ 2.86979437 -1.4283386  -0.67789302  3.87129612  1.94433947  1.01010708
 -2.04266658  1.96803219  2.24766639  9.21463384], Best Fitness = 32474.810055196172, Evaluations = 480
Generation 16: Best Solution = [ 2.87404198 -1.38425088 -0.67526285  3.85073572  1.9279831   1.05928823
 -1.99005996  1.92870842  2.12040565  9.22215408], Best Fitness = 32375.976542484535, Evaluations = 512
Generation 17: Best Solution = [ 2.86338975 -1.45108155 -0.68092583  3.85998198  1.94310475  1.01338831
 -2.02661118  1.93866815  2.2420148   9.1889693 ], Best Fitness = 32190.20949834745, Evaluations = 544
Generation 18: Best Solution = [ 2.85646269 -1.47741075 -0.67871193  3.86134191  1.94948881  1.00888652
 -2.02748103  1.92601997  2.25763816  9.16639771], Best Fitness = 32143.370918683144, Evaluations = 576
Generation 19: Best Solution = [ 2.8631425  -1.43637498 -0.65793558  3.87545181  1.97569719  0.98898942
 -1.99187798  1.90553885  2.33043197  9.22190625], Best Fitness = 32015.890652863534, Evaluations = 608
Generation 20: Best Solution = [ 2.8440891  -1.47217466 -0.66125148  3.87624198  1.97792661  0.97100569
 -2.02428525  1.92325941  2.35256034  9.19017591], Best Fitness = 31916.55812130328, Evaluations = 640
Generation 21: Best Solution = [ 2.84989608 -1.44287068 -0.67057433  3.87356651  1.97933875  0.98935481
 -1.993669    1.89959798  2.33837623  9.22214007], Best Fitness = 31819.31088070189, Evaluations = 672
Generation 22: Best Solution = [ 2.84112014 -1.47642965 -0.67526119  3.86761162  1.97545326  0.9825669
 -2.02995689  1.92584109  2.35082958  9.19024062], Best Fitness = 31743.717742463385, Evaluations = 704
Generation 23: Best Solution = [ 2.83696211 -1.44938316 -0.67412503  3.8643994   1.97728194  0.98046315
 -2.01480592  1.92185733  2.328181    9.20894402], Best Fitness = 31595.433077378675, Evaluations = 736
Generation 24: Best Solution = [ 2.83762817 -1.42685845 -0.6730816   3.86757393  1.97654992  0.98766938
 -1.98811109  1.90536734  2.33633808  9.23653029], Best Fitness = 31514.162406975152, Evaluations = 768
Generation 25: Best Solution = [ 2.83034732 -1.43789625 -0.67187049  3.85742968  1.98008621  0.9861714
 -1.98277558  1.90882623  2.34555116  9.22038011], Best Fitness = 31206.421807986495, Evaluations = 800
Generation 26: Best Solution = [ 2.82290152 -1.42120953 -0.6645101   3.86526821  2.00022122  0.98623882
 -1.95493783  1.88746569  2.34619178  9.23165526], Best Fitness = 31164.05799325875, Evaluations = 832
Generation 27: Best Solution = [ 2.82379555 -1.44455919 -0.64176408  3.86442626  2.00080555  0.96624479
 -1.95977123  1.87805339  2.39724955  9.19991292], Best Fitness = 31030.734963622897, Evaluations = 864
Generation 28: Best Solution = [ 2.81400309 -1.43445614 -0.6518201   3.86220928  1.99982012  0.97625036
 -1.9574803   1.87032836  2.37580231  9.2150548 ], Best Fitness = 30927.264549970343, Evaluations = 896
Generation 29: Best Solution = [ 2.80647555 -1.39886198 -0.64657875  3.86609966  2.00274754  0.96639444
 -1.94425418  1.85795186  2.38304206  9.24059953], Best Fitness = 30764.12519538809, Evaluations = 928
Generation 30: Best Solution = [ 2.80128337 -1.40220939 -0.65550533  3.85906969  1.99848002  0.97346524
 -1.94608472  1.86064705  2.36858234  9.23665017], Best Fitness = 30631.65898475836, Evaluations = 960
Generation 31: Best Solution = [ 2.81266915 -1.44704966 -0.65983393  3.84276044  1.99766664  0.97998519
 -1.95363844  1.88615301  2.37321361  9.19906574], Best Fitness = 30555.30170282122, Evaluations = 992
Generation 32: Best Solution = [ 2.80863245 -1.43699339 -0.66763544  3.83644483  1.99694716  0.98499784
 -1.95429428  1.88161346  2.36047695  9.21341276], Best Fitness = 30406.15447212521, Evaluations = 1024
Generation 33: Best Solution = [ 2.80056739 -1.43023582 -0.66073565  3.83723536  1.99693915  0.99283602
 -1.94756653  1.86703708  2.3590815   9.21862296], Best Fitness = 30309.458993946508, Evaluations = 1056
Generation 34: Best Solution = [ 2.79564766 -1.38410061 -0.67017265  3.83607137  1.99600416  0.98290669
 -1.95059781  1.8542913   2.34960708  9.23980889], Best Fitness = 30123.376108258853, Evaluations = 1088
Generation 35: Best Solution = [ 2.78791777 -1.34636702 -0.66837262  3.83605399  1.99872532  0.97232155
 -1.95503976  1.83320138  2.33462561  9.26521051], Best Fitness = 29993.51761259164, Evaluations = 1120
Generation 36: Best Solution = [ 2.79647705 -1.41017435 -0.66709262  3.82330963  1.9874186   0.97388518
 -1.95533594  1.86681186  2.36425862  9.23162458], Best Fitness = 29914.767406849034, Evaluations = 1152
Generation 37: Best Solution = [ 2.78751494 -1.38500285 -0.66807734  3.82151083  1.99132636  0.97451175
 -1.93832064  1.84390446  2.3484728   9.25024776], Best Fitness = 29729.662158479932, Evaluations = 1184
Generation 38: Best Solution = [ 2.78480385 -1.3658479  -0.66491256  3.82078752  2.00422694  0.96391667
 -1.93496539  1.8136059   2.33292528  9.2722035 ], Best Fitness = 29677.174314444597, Evaluations = 1216
Generation 39: Best Solution = [ 2.78505974 -1.35557311 -0.66309543  3.81581669  2.00543187  0.96567083
 -1.94272162  1.82368367  2.33198155  9.26654335], Best Fitness = 29568.216204773267, Evaluations = 1248
Generation 40: Best Solution = [ 2.7811952  -1.32625632 -0.67018547  3.81439274  1.99485777  0.96438307
 -1.93819703  1.81457133  2.31987523  9.29336894], Best Fitness = 29460.28674320609, Evaluations = 1280
Generation 41: Best Solution = [ 2.77812247 -1.36715007 -0.66497231  3.81017148  1.99597059  0.97390258
 -1.93773936  1.82723582  2.34193737  9.26615556], Best Fitness = 29380.527719934198, Evaluations = 1312
Generation 42: Best Solution = [ 2.78806031 -1.36917856 -0.66225698  3.79856102  1.99767177  0.97202362
 -1.94504497  1.83720575  2.33682698  9.26175755], Best Fitness = 29294.17691020587, Evaluations = 1344
Generation 43: Best Solution = [ 2.77812777 -1.35822891 -0.66612289  3.80058685  2.00181388  0.97198365
 -1.93413437  1.83087321  2.34469402  9.26409329], Best Fitness = 29143.543474663787, Evaluations = 1376
Generation 44: Best Solution = [ 2.7791128  -1.36781527 -0.67144804  3.78708843  1.99829688  0.97664098
 -1.9354348   1.84748983  2.34473364  9.25675002], Best Fitness = 28925.12442191653, Evaluations = 1408
Generation 45: Best Solution = [ 2.78153313 -1.34268878 -0.65964802  3.78548719  2.00512651  0.9738873
 -1.94900353  1.8356471   2.33341085  9.26634524], Best Fitness = 28915.035805697684, Evaluations = 1440
Generation 46: Best Solution = [ 2.78392618 -1.33780221 -0.65267976  3.7835549   1.99891647  0.96379765
 -1.94856663  1.84078717  2.34236044  9.25698489], Best Fitness = 28844.57356476006, Evaluations = 1472
Generation 47: Best Solution = [ 2.77548447 -1.35714707 -0.67083146  3.77788205  2.00173493  0.97435203
 -1.94302675  1.83945878  2.34080658  9.26173253], Best Fitness = 28706.69727242136, Evaluations = 1504
Generation 48: Best Solution = [ 2.77987984 -1.35791136 -0.66076886  3.77095725  2.00327531  0.97158099
 -1.94453049  1.83606539  2.35549902  9.2707471 ], Best Fitness = 28577.072768362264, Evaluations = 1536
Generation 49: Best Solution = [ 2.77141814 -1.35570016 -0.65728315  3.76646005  2.00121609  0.97575899
 -1.958259    1.83379099  2.33677233  9.27496992], Best Fitness = 28504.222484723858, Evaluations = 1568
Generation 50: Best Solution = [ 2.76442228 -1.35111001 -0.66407641  3.76757483  2.00465386  0.97705422
 -1.9463361   1.85068245  2.34367555  9.26142961], Best Fitness = 28384.154786298663, Evaluations = 1600
Generation 51: Best Solution = [ 2.7580428  -1.3556738  -0.66144233  3.76524095  1.99976898  0.9759245
 -1.95195252  1.85484308  2.35077994  9.26183693], Best Fitness = 28278.588393486076, Evaluations = 1632
Generation 52: Best Solution = [ 2.76162521 -1.34900519 -0.66180546  3.75904794  1.99017179  0.96588379
 -1.94525808  1.83848083  2.34416135  9.25965945], Best Fitness = 28173.017353320567, Evaluations = 1664
Generation 53: Best Solution = [ 2.7655248  -1.35287607 -0.66554727  3.751351    1.9978802   0.97216561
 -1.95249206  1.84260481  2.34232659  9.26044664], Best Fitness = 28104.78541592734, Evaluations = 1696
Generation 54: Best Solution = [ 2.74824105 -1.35040744 -0.65682758  3.75664518  2.0090395   0.96106737
 -1.93301526  1.85415083  2.34260123  9.25623377], Best Fitness = 27984.047157572277, Evaluations = 1728
Generation 55: Best Solution = [ 2.73194963 -1.36961767 -0.67283272  3.74874727  1.99871222  0.97463937
 -1.96428071  1.85199666  2.33850985  9.26110574], Best Fitness = 27821.955415503777, Evaluations = 1760
Generation 56: Best Solution = [ 2.74462685 -1.35553415 -0.66699236  3.74594703  2.00714744  0.97187375
 -1.94735202  1.8457046   2.34273666  9.26045607], Best Fitness = 27794.205378771952, Evaluations = 1792
Generation 57: Best Solution = [ 2.74090421 -1.36532855 -0.66225047  3.74112428  2.00150706  0.96848637
 -1.95384903  1.84840403  2.34188619  9.26335912], Best Fitness = 27718.787245143867, Evaluations = 1824
Generation 58: Best Solution = [ 2.74932935 -1.35290886 -0.655838    3.73995228  2.00614955  0.96182558
 -1.92933166  1.84967137  2.35493078  9.26756919], Best Fitness = 27643.63862087309, Evaluations = 1856
Generation 59: Best Solution = [ 2.73987974 -1.35529115 -0.6526432   3.73330362  1.99971931  0.96830539
 -1.93868091  1.8391516   2.34556244  9.26785748], Best Fitness = 27489.710650793564, Evaluations = 1888
Generation 60: Best Solution = [ 2.74541356 -1.3471197  -0.66896683  3.73032584  2.01488594  0.9593847
 -1.91850705  1.8473714   2.36071082  9.26630747], Best Fitness = 27358.87066014293, Evaluations = 1920
Generation 61: Best Solution = [ 2.73909962 -1.35310423 -0.67749334  3.72506588  2.01496748  0.96306716
 -1.92406284  1.84648554  2.35289484  9.26053484], Best Fitness = 27253.373385802337, Evaluations = 1952
Generation 62: Best Solution = [ 2.74707489 -1.33340157 -0.66224457  3.72059484  2.00612709  0.96083072
 -1.91651301  1.84525599  2.35758944  9.27180991], Best Fitness = 27167.108875770627, Evaluations = 1984
Generation 63: Best Solution = [ 2.74131514 -1.34610022 -0.6642458   3.71620663  2.00035897  0.9665534
 -1.93094278  1.84317069  2.35126095  9.26695471], Best Fitness = 27119.828272412633, Evaluations = 2016
Generation 64: Best Solution = [ 2.73758592 -1.34215096 -0.67314989  3.71498311  2.00470236  0.96176557
 -1.92200304  1.84900445  2.35516396  9.27086246], Best Fitness = 27016.53685725434, Evaluations = 2048
Generation 65: Best Solution = [ 2.7342034  -1.35036166 -0.67360033  3.70828131  2.00018435  0.96583036
 -1.92027452  1.8423215   2.35649414  9.2624248 ], Best Fitness = 26871.860079589376, Evaluations = 2080
Generation 66: Best Solution = [ 2.73356726 -1.33923969 -0.67277711  3.70998678  2.0147662   0.95842883
 -1.92627049  1.84323928  2.36577251  9.2610718 ], Best Fitness = 26837.653680150026, Evaluations = 2112
Generation 67: Best Solution = [ 2.71847976 -1.34855428 -0.67343848  3.71060855  2.0090139   0.95499241
 -1.92242495  1.85644945  2.35727094  9.26062696], Best Fitness = 26759.47644990179, Evaluations = 2144
Generation 68: Best Solution = [ 2.71571327 -1.34138035 -0.66525404  3.70515814  2.01718668  0.95812008
 -1.92662659  1.85250968  2.35735311  9.25389779], Best Fitness = 26619.782868551825, Evaluations = 2176
Generation 69: Best Solution = [ 2.73554046 -1.34015616 -0.66191629  3.68902171  2.01296532  0.96583186
 -1.93002241  1.84150177  2.36999398  9.25622522], Best Fitness = 26478.873125531114, Evaluations = 2208
Generation 70: Best Solution = [ 2.71650339 -1.34911338 -0.68307155  3.69258529  2.01354196  0.96513554
 -1.91937116  1.84373317  2.36632677  9.25797556], Best Fitness = 26373.787994929175, Evaluations = 2240
Generation 71: Best Solution = [ 2.7425339  -1.33168604 -0.67532037  3.67975417  2.00670544  0.98880564
 -1.91824036  1.8254763   2.38166992  9.24899487], Best Fitness = 26285.41163676278, Evaluations = 2272
Generation 72: Best Solution = [ 2.72367641 -1.32955062 -0.68402578  3.68599122  2.00582672  0.98322332
 -1.9076384   1.83295867  2.37845017  9.24239335], Best Fitness = 26189.60008893978, Evaluations = 2304
Generation 73: Best Solution = [ 2.713195   -1.33657517 -0.68299094  3.68592135  2.00636403  0.96881002
 -1.91105157  1.83572144  2.37670381  9.25315571], Best Fitness = 26125.313457417968, Evaluations = 2336
Generation 74: Best Solution = [ 2.72956648 -1.3303456  -0.68564964  3.67468557  2.01438181  0.98349308
 -1.89793951  1.82191312  2.38250911  9.23937611], Best Fitness = 26010.481683129885, Evaluations = 2368
Generation 75: Best Solution = [ 2.72505796 -1.3354134  -0.68146223  3.66711594  2.00909862  0.97934573
 -1.90321268  1.8208591   2.38183928  9.24206096], Best Fitness = 25863.32147637382, Evaluations = 2400
Generation 76: Best Solution = [ 2.72328432 -1.34030717 -0.68392071  3.66491925  2.01080121  0.97963372
 -1.89650033  1.82630615  2.39064831  9.24746514], Best Fitness = 25783.906561268428, Evaluations = 2432
Generation 77: Best Solution = [ 2.72795346 -1.34037728 -0.67817096  3.65514853  2.01171834  0.98750239
 -1.90354535  1.82055461  2.39896683  9.25019403], Best Fitness = 25650.18601670232, Evaluations = 2464
Generation 78: Best Solution = [ 2.71551152 -1.34403542 -0.6726954   3.65433767  2.01044824  0.97266625
 -1.89868231  1.83438106  2.39151217  9.24780676], Best Fitness = 25543.12979241725, Evaluations = 2496
Generation 79: Best Solution = [ 2.71961482 -1.34805876 -0.66806801  3.64694722  2.00043258  0.98013302
 -1.90605425  1.8236778   2.40215852  9.25156613], Best Fitness = 25446.73774429683, Evaluations = 2528
Generation 80: Best Solution = [ 2.71064288 -1.35263458 -0.67269191  3.64689498  2.00034378  0.97751692
 -1.90655951  1.83045712  2.39054775  9.25378707], Best Fitness = 25417.975884593918, Evaluations = 2560
Generation 81: Best Solution = [ 2.71252489 -1.34652695 -0.66850626  3.64208768  2.00681964  0.98215295
 -1.89414504  1.82202194  2.39739185  9.24472291], Best Fitness = 25282.230146047445, Evaluations = 2592
Generation 82: Best Solution = [ 2.70790747 -1.35222795 -0.66389006  3.63665322  2.00241921  0.98484495
 -1.89780123  1.82646304  2.3965421   9.25294574], Best Fitness = 25183.297547901297, Evaluations = 2624
Generation 83: Best Solution = [ 2.7035156  -1.35563817 -0.66955983  3.63297585  2.0009153   0.97119979
 -1.90442306  1.83280988  2.3887489   9.25662992], Best Fitness = 25126.44576922629, Evaluations = 2656
Generation 84: Best Solution = [ 2.71176172 -1.34204922 -0.66530011  3.63135181  2.00491645  0.97224346
 -1.89140001  1.83797218  2.40089862  9.25578997], Best Fitness = 25070.49784167293, Evaluations = 2688
Generation 85: Best Solution = [ 2.70746176 -1.3402978  -0.67567217  3.62629222  2.00198838  0.96841898
 -1.90460094  1.83322799  2.39375684  9.25907412], Best Fitness = 24984.499618648006, Evaluations = 2720
Generation 86: Best Solution = [ 2.69933142 -1.33692702 -0.66907085  3.62970838  2.00040904  0.98645412
 -1.89366686  1.83305178  2.39772941  9.2406655 ], Best Fitness = 24918.79972702721, Evaluations = 2752
Generation 87: Best Solution = [ 2.6968077  -1.33553896 -0.66715034  3.62535507  1.99991836  0.98705235
 -1.89726795  1.83388848  2.39930755  9.24558523], Best Fitness = 24823.77665325688, Evaluations = 2784
Generation 88: Best Solution = [ 2.69803136 -1.34640499 -0.65614734  3.61776809  1.99299671  0.99219291
 -1.90123874  1.83560274  2.40942288  9.2464361 ], Best Fitness = 24719.833406679332, Evaluations = 2816
Generation 89: Best Solution = [ 2.68768005 -1.33778701 -0.66978553  3.62027864  1.99948219  0.98760403
 -1.90680311  1.83647349  2.40477185  9.24384111], Best Fitness = 24659.261011109604, Evaluations = 2848
Generation 90: Best Solution = [ 2.68380018 -1.34025498 -0.6585093   3.61304285  1.99926659  0.98157068
 -1.88969253  1.82977155  2.39199457  9.24091013], Best Fitness = 24519.050081454465, Evaluations = 2880
Generation 91: Best Solution = [ 2.69071666 -1.32622459 -0.66812147  3.60660935  1.99698368  0.98192605
 -1.88675552  1.83397428  2.39240292  9.24189979], Best Fitness = 24425.325174732065, Evaluations = 2912
Generation 92: Best Solution = [ 2.6836769  -1.33611903 -0.67532104  3.60388039  2.0071393   0.98755703
 -1.89101907  1.82956917  2.40076667  9.23526041], Best Fitness = 24320.31700088284, Evaluations = 2944
Generation 93: Best Solution = [ 2.68264547 -1.32342841 -0.68179007  3.59816442  1.99462485  0.98828057
 -1.9041609   1.85216677  2.39626914  9.24198819], Best Fitness = 24228.371549197585, Evaluations = 2976
Generation 94: Best Solution = [ 2.68898758 -1.32107396 -0.68322334  3.59201402  1.99919043  0.98021416
 -1.90045229  1.84072437  2.39292516  9.24254136], Best Fitness = 24175.753645777084, Evaluations = 3008
Generation 95: Best Solution = [ 2.68522371 -1.32493537 -0.68615543  3.59054669  1.98904181  0.98060463
 -1.8954697   1.85466398  2.39791611  9.23926429], Best Fitness = 24101.915141701982, Evaluations = 3040
Generation 96: Best Solution = [ 2.67757357 -1.32693004 -0.67372512  3.59162501  1.99499168  0.98277785
 -1.89168665  1.85404525  2.40370806  9.2352663 ], Best Fitness = 24031.68995481746, Evaluations = 3072
Generation 97: Best Solution = [ 2.66126057 -1.32745575 -0.67545983  3.59588254  2.00395242  0.98619106
 -1.89637303  1.84763926  2.40384009  9.23742887], Best Fitness = 23965.96656794269, Evaluations = 3104
Generation 98: Best Solution = [ 2.66385042 -1.32395568 -0.68341877  3.58735646  2.01064742  0.98502519
 -1.8943678   1.84252192  2.39799225  9.23660957], Best Fitness = 23852.533348865898, Evaluations = 3136
Generation 99: Best Solution = [ 2.66482684 -1.31749981 -0.67056028  3.57952612  2.01282828  0.98982765
 -1.90341411  1.84042433  2.40436226  9.22425756], Best Fitness = 23709.013838313094, Evaluations = 3168
Generation 100: Best Solution = [ 2.6633537  -1.31754193 -0.66961147  3.57558527  2.01166165  0.98680937
 -1.89714603  1.83931764  2.40090484  9.22817933], Best Fitness = 23633.35952461035, Evaluations = 3200
Generation 101: Best Solution = [ 2.6499095  -1.31880368 -0.66959136  3.57931115  2.01662615  0.98131412
 -1.89074602  1.83979006  2.40553982  9.22859083], Best Fitness = 23548.01302405084, Evaluations = 3232
Generation 102: Best Solution = [ 2.66150696 -1.31216972 -0.68759379  3.56906357  2.01524438  0.990212
 -1.89759552  1.83752294  2.41057045  9.22961597], Best Fitness = 23460.50899579, Evaluations = 3264
Generation 103: Best Solution = [ 2.6476629  -1.32493701 -0.67838827  3.56909441  2.0183761   0.99497153
 -1.88266869  1.84042367  2.4165213   9.2265229 ], Best Fitness = 23332.627160092812, Evaluations = 3296
Generation 104: Best Solution = [ 2.65235379 -1.31324808 -0.68588441  3.56213124  2.01387163  1.00065825
 -1.90145482  1.83835595  2.41577934  9.23078516], Best Fitness = 23268.31694874331, Evaluations = 3328
Generation 105: Best Solution = [ 2.64393209 -1.31156759 -0.68542149  3.56550717  2.01859265  0.98940128
 -1.87444401  1.84721077  2.41631128  9.22505725], Best Fitness = 23185.221838853904, Evaluations = 3360
Generation 106: Best Solution = [ 2.63382182 -1.3274836  -0.68258285  3.56045702  2.01542491  0.9840203
 -1.88042755  1.84612487  2.40986651  9.24404352], Best Fitness = 23106.75525647715, Evaluations = 3392
Generation 107: Best Solution = [ 2.63172354 -1.31196156 -0.67382283  3.55728154  2.01560438  0.99550471
 -1.8841124   1.85435923  2.41151379  9.23075272], Best Fitness = 22997.33204522428, Evaluations = 3424
Generation 108: Best Solution = [ 2.63974064 -1.31375765 -0.67724012  3.55057418  2.03071563  1.00544325
 -1.87986736  1.85835818  2.41477459  9.22666766], Best Fitness = 22956.689502204812, Evaluations = 3456
Generation 109: Best Solution = [ 2.62158705 -1.32688204 -0.67300445  3.55434329  2.02982508  1.00489379
 -1.86547204  1.85498235  2.42239669  9.24782201], Best Fitness = 22857.70876785529, Evaluations = 3488
Generation 110: Best Solution = [ 2.62166164 -1.33635166 -0.67240649  3.54538116  2.02102022  1.00093299
 -1.86134984  1.86167524  2.42293288  9.25137705], Best Fitness = 22736.850171079626, Evaluations = 3520
Generation 111: Best Solution = [ 2.62325738 -1.3371938  -0.66781322  3.5389894   2.03092283  0.99854738
 -1.85147958  1.87478218  2.43307552  9.25641429], Best Fitness = 22615.425187138906, Evaluations = 3552
Generation 112: Best Solution = [ 2.6222198  -1.3427485  -0.66962001  3.53286809  2.01770628  1.00465604
 -1.86513571  1.87321029  2.43312439  9.26245257], Best Fitness = 22552.606549618467, Evaluations = 3584
Generation 113: Best Solution = [ 2.61840881 -1.34559543 -0.67655694  3.52844513  2.02322622  0.99280549
 -1.85607135  1.87280323  2.42853871  9.26058426], Best Fitness = 22452.54340411958, Evaluations = 3616
Generation 114: Best Solution = [ 2.62131219 -1.34705942 -0.67331536  3.521985    2.02332365  0.99796346
 -1.86707424  1.87812123  2.42854526  9.26809995], Best Fitness = 22413.965872874134, Evaluations = 3648
Generation 115: Best Solution = [ 2.61851871 -1.35650764 -0.6735422   3.51617599  2.02380912  1.00497889
 -1.86134358  1.87603691  2.43739563  9.26825994], Best Fitness = 22291.96464610649, Evaluations = 3680
Generation 116: Best Solution = [ 2.62153122 -1.3403651  -0.66846658  3.50826562  2.02537761  0.99510894
 -1.8653506   1.88021767  2.4285392   9.26281273], Best Fitness = 22183.60715617278, Evaluations = 3712
Generation 117: Best Solution = [ 2.62177559 -1.31785196 -0.67897154  3.51088098  2.02164114  1.00626116
 -1.85423605  1.88976416  2.433264    9.26735039], Best Fitness = 22131.815223603237, Evaluations = 3744
Generation 118: Best Solution = [ 2.61225528 -1.31664038 -0.67441649  3.5091237   2.00969847  1.00974952
 -1.85808672  1.87433895  2.43429111  9.26517248], Best Fitness = 22012.608952887807, Evaluations = 3776
Generation 119: Best Solution = [ 2.61304944 -1.32928277 -0.66490868  3.50130358  2.0219947   1.00661743
 -1.85073085  1.89302817  2.43925752  9.26842824], Best Fitness = 21927.38116263213, Evaluations = 3808
Generation 120: Best Solution = [ 2.61424972 -1.33372748 -0.66689278  3.49446538  2.02338403  0.99437055
 -1.85623518  1.89218274  2.44255636  9.2786334 ], Best Fitness = 21846.679579948715, Evaluations = 3840
Generation 121: Best Solution = [ 2.60850507 -1.31725779 -0.6779766   3.49499299  2.02235728  0.99855549
 -1.85906239  1.89090911  2.44675831  9.275837  ], Best Fitness = 21743.399618947948, Evaluations = 3872
Generation 122: Best Solution = [ 2.60896178 -1.30933341 -0.68585035  3.48989774  2.00785633  1.01886364
 -1.8650881   1.89111033  2.44139608  9.25721126], Best Fitness = 21667.98729545719, Evaluations = 3904
Generation 123: Best Solution = [ 2.60643053 -1.34223265 -0.65639429  3.48050384  2.0196582   0.9993294
 -1.84367412  1.88931772  2.43985878  9.2838465 ], Best Fitness = 21592.942658608874, Evaluations = 3936
Generation 124: Best Solution = [ 2.60081033 -1.31513352 -0.66752165  3.4789775   2.02046983  1.0210449
 -1.86479686  1.8687725   2.44564744  9.26457995], Best Fitness = 21446.386047009277, Evaluations = 3968
Generation 125: Best Solution = [ 2.59734778 -1.32520403 -0.64983658  3.47712104  2.02968344  1.00823937
 -1.84083754  1.86922119  2.4406749   9.26885533], Best Fitness = 21400.649701687922, Evaluations = 4000
Generation 126: Best Solution = [ 2.59455662 -1.32426835 -0.65331865  3.47347998  2.02778038  1.0151163
 -1.85144412  1.85999442  2.44435279  9.26709351], Best Fitness = 21323.297811240493, Evaluations = 4032
Generation 127: Best Solution = [ 2.59644943 -1.32536292 -0.66298818  3.46616454  2.02883117  1.00767545
 -1.84208441  1.86879268  2.4454292   9.26822945], Best Fitness = 21214.687958190603, Evaluations = 4064
Generation 128: Best Solution = [ 2.59421349 -1.32605828 -0.64227783  3.46369218  2.02872458  1.01673017
 -1.83984994  1.86100017  2.44457326  9.27126516], Best Fitness = 21170.97193976456, Evaluations = 4096
Generation 129: Best Solution = [ 2.59796263 -1.32865205 -0.65035759  3.45805569  2.03584034  1.00587586
 -1.83349359  1.86851462  2.44778897  9.26346467], Best Fitness = 21101.223184119193, Evaluations = 4128
Generation 130: Best Solution = [ 2.59524256 -1.31559759 -0.66340846  3.45451281  2.02526299  1.00886556
 -1.84576387  1.8753809   2.43943881  9.25595266], Best Fitness = 21029.457963293196, Evaluations = 4160
Generation 131: Best Solution = [ 2.58939408 -1.30922902 -0.66360404  3.44420731  2.04061602  1.00736372
 -1.83887347  1.88367573  2.43907229  9.26087969], Best Fitness = 20821.034188981816, Evaluations = 4192
Generation 132: Best Solution = [ 2.58899078 -1.32651844 -0.66387222  3.44110901  2.05442523  1.01839338
 -1.84656793  1.90207821  2.44451965  9.26200403], Best Fitness = 20843.652582017086, Evaluations = 4224
Generation 133: Best Solution = [ 2.57884956 -1.30728925 -0.66359313  3.44579913  2.03779243  1.01147755
 -1.84751106  1.88869446  2.43952961  9.25071226], Best Fitness = 20760.470354676774, Evaluations = 4256
Generation 134: Best Solution = [ 2.57566173 -1.30046966 -0.66808387  3.43836649  2.03963701  1.00514406
 -1.8508837   1.87139012  2.44636656  9.25822915], Best Fitness = 20584.921004333086, Evaluations = 4288
Generation 135: Best Solution = [ 2.57216688 -1.30763551 -0.66244363  3.43680297  2.02769459  1.00663616
 -1.85288678  1.86572517  2.44229625  9.25061432], Best Fitness = 20559.868677848084, Evaluations = 4320
Generation 136: Best Solution = [ 2.57297254 -1.30726157 -0.65439286  3.42928731  2.02561613  1.01519025
 -1.84729696  1.86185943  2.44277087  9.24488037], Best Fitness = 20449.26437020235, Evaluations = 4352
Generation 137: Best Solution = [ 2.57718516 -1.31948655 -0.64699268  3.42077675  2.04138031  1.01688518
 -1.85415064  1.86588141  2.45311417  9.25642733], Best Fitness = 20399.066873556792, Evaluations = 4384
Generation 138: Best Solution = [ 2.56567772 -1.30908094 -0.63606597  3.42614005  2.01622218  1.02375507
 -1.8399956   1.86607568  2.4465738   9.23385077], Best Fitness = 20325.86238702762, Evaluations = 4416
Generation 139: Best Solution = [ 2.5713015  -1.31515426 -0.65683168  3.41750526  2.03304382  1.01217213
 -1.83952656  1.86270176  2.44290244  9.24189016], Best Fitness = 20281.1808605408, Evaluations = 4448
Generation 140: Best Solution = [ 2.57560068 -1.3135687  -0.64838427  3.41056428  2.03597812  1.01637155
 -1.84809599  1.8607518   2.45349343  9.25023138], Best Fitness = 20206.444330380822, Evaluations = 4480
Generation 141: Best Solution = [ 2.5714966  -1.3069927  -0.6518393   3.40850105  2.03380602  1.00666044
 -1.84132763  1.86376905  2.44073667  9.25280212], Best Fitness = 20153.211875524867, Evaluations = 4512
Generation 142: Best Solution = [ 2.58294172 -1.30047263 -0.67312877  3.39675186  2.03221141  0.99878471
 -1.84061878  1.8595368   2.44668347  9.241571  ], Best Fitness = 20026.513164263648, Evaluations = 4544
Generation 143: Best Solution = [ 2.57137194 -1.30997417 -0.65381934  3.39839112  2.02862002  1.00086084
 -1.8381092   1.86520623  2.44709298  9.23761678], Best Fitness = 19979.873416930837, Evaluations = 4576
Generation 144: Best Solution = [ 2.57003023 -1.31511165 -0.65797359  3.3888444   2.02592319  1.00803972
 -1.83838499  1.85710229  2.43750894  9.23872044], Best Fitness = 19885.72638686671, Evaluations = 4608
Generation 145: Best Solution = [ 2.56689015 -1.31348919 -0.66092583  3.3881515   2.02180188  1.00884862
 -1.83592565  1.85595759  2.44540243  9.23775217], Best Fitness = 19811.19003199156, Evaluations = 4640
Generation 146: Best Solution = [ 2.5691187  -1.31410081 -0.65264208  3.37788997  2.02849516  0.9989581
 -1.84522301  1.8592246   2.44631809  9.24150468], Best Fitness = 19712.20145021659, Evaluations = 4672
Generation 147: Best Solution = [ 2.56944403 -1.31288334 -0.64510274  3.3701614   2.03017728  0.9998356
 -1.84152242  1.87015609  2.44169026  9.23009634], Best Fitness = 19620.00020474209, Evaluations = 4704
Generation 148: Best Solution = [ 2.56628993 -1.30611434 -0.65121427  3.36842395  2.03499735  1.00810935
 -1.84396495  1.85510474  2.44412273  9.2580997 ], Best Fitness = 19565.548436594778, Evaluations = 4736
Generation 149: Best Solution = [ 2.55466523 -1.30326973 -0.66331334  3.36611375  2.03165846  1.00133564
 -1.84415664  1.8450612   2.44667271  9.26276045], Best Fitness = 19414.75212575881, Evaluations = 4768
Generation 150: Best Solution = [ 2.56028263 -1.30974382 -0.66624525  3.36293872  2.04516574  1.01054506
 -1.83651182  1.84530147  2.45317457  9.2636339 ], Best Fitness = 19415.6606683939, Evaluations = 4800
Generation 151: Best Solution = [ 2.55520271 -1.29002473 -0.65612539  3.36070534  2.02565231  0.99788359
 -1.85229072  1.85038254  2.44619395  9.25624248], Best Fitness = 19321.388109833322, Evaluations = 4832
Generation 152: Best Solution = [ 2.55804057 -1.28105459 -0.65984225  3.35519523  2.02763128  0.99965756
 -1.85100577  1.85374871  2.45497765  9.25496084], Best Fitness = 19217.411316233818, Evaluations = 4864
Generation 153: Best Solution = [ 2.54463084 -1.30589853 -0.66020594  3.35545262  2.0381391   1.00532988
 -1.85074291  1.84231095  2.46005385  9.25618932], Best Fitness = 19171.83475715864, Evaluations = 4896
Generation 154: Best Solution = [ 2.55532988 -1.28662259 -0.66134572  3.34597626  2.02976945  1.008709
 -1.84976318  1.85574279  2.44985712  9.26266535], Best Fitness = 19118.743074306723, Evaluations = 4928
Generation 155: Best Solution = [ 2.55218845 -1.27963426 -0.67249034  3.34439055  2.03440512  1.02088618
 -1.83249248  1.85539645  2.45170813  9.27339795], Best Fitness = 19031.56424311618, Evaluations = 4960
Generation 156: Best Solution = [ 2.55252468 -1.286979   -0.66475076  3.34000792  2.03843981  1.0007434
 -1.84454511  1.85064976  2.45465064  9.25510228], Best Fitness = 18989.72433973441, Evaluations = 4992
Generation 157: Best Solution = [ 2.54733575 -1.28325839 -0.66995783  3.33925003  2.03788322  1.01433907
 -1.84049204  1.86287876  2.46198072  9.25462573], Best Fitness = 18907.10083733007, Evaluations = 5024
Generation 158: Best Solution = [ 2.54549623 -1.2818132  -0.67419301  3.33232515  2.04174768  1.00679924
 -1.84135635  1.85688662  2.45156454  9.24919088], Best Fitness = 18828.52367043585, Evaluations = 5056
Generation 159: Best Solution = [ 2.54475643 -1.27501516 -0.67676072  3.33015897  2.04912407  0.99773257
 -1.8496408   1.85913278  2.45271052  9.24389297], Best Fitness = 18785.090539834597, Evaluations = 5088
Generation 160: Best Solution = [ 2.54463303 -1.28393303 -0.65893927  3.3248823   2.01491288  1.00427752
 -1.85274018  1.85548484  2.45709309  9.25118615], Best Fitness = 18719.378311496177, Evaluations = 5120
Generation 161: Best Solution = [ 2.5460736  -1.2860787  -0.66989224  3.31639471  2.02495612  1.00287459
 -1.84891994  1.86306519  2.45913679  9.24583553], Best Fitness = 18619.433932756834, Evaluations = 5152
Generation 162: Best Solution = [ 2.55216034 -1.27914908 -0.6737276   3.30818106  2.03073087  0.99751418
 -1.8496934   1.85953864  2.46578554  9.24678548], Best Fitness = 18525.20061968209, Evaluations = 5184
Generation 163: Best Solution = [ 2.54868694 -1.28408887 -0.68609292  3.29927372  2.02966876  0.99480204
 -1.85391753  1.85037322  2.46768118  9.24501871], Best Fitness = 18391.759587499135, Evaluations = 5216
Generation 164: Best Solution = [ 2.54456632 -1.27709898 -0.67737882  3.30544866  1.99826691  0.98494931
 -1.85182268  1.85620057  2.47457706  9.24296902], Best Fitness = 18366.57350852572, Evaluations = 5248
Generation 165: Best Solution = [ 2.53403567 -1.27637098 -0.68305449  3.30519186  2.02622005  0.99903647
 -1.85238734  1.85407296  2.46237086  9.2560834 ], Best Fitness = 18352.031039308196, Evaluations = 5280
Generation 166: Best Solution = [ 2.53666879 -1.27781632 -0.68839177  3.29752177  2.0233596   0.99983553
 -1.84701841  1.84719774  2.46067466  9.25465948], Best Fitness = 18271.611809493726, Evaluations = 5312
Generation 167: Best Solution = [ 2.52933855 -1.27208474 -0.69200547  3.29867284  2.02760242  0.99413454
 -1.84191193  1.85044032  2.46461335  9.25330127], Best Fitness = 18190.61252369339, Evaluations = 5344
Generation 168: Best Solution = [ 2.53082667 -1.27279682 -0.68943752  3.28900976  2.02401062  1.00522041
 -1.84939515  1.84882807  2.45918692  9.2510076 ], Best Fitness = 18118.981374396582, Evaluations = 5376
Generation 169: Best Solution = [ 2.52013154 -1.27755599 -0.6864978   3.28580008  2.01575573  1.01037736
 -1.8567212   1.84638569  2.45654444  9.25089039], Best Fitness = 18028.644714143367, Evaluations = 5408
Generation 170: Best Solution = [ 2.50995878 -1.27424187 -0.68755213  3.28712889  2.02883733  1.01156596
 -1.85624297  1.84931671  2.46180156  9.24890815], Best Fitness = 17949.380550570746, Evaluations = 5440
Generation 171: Best Solution = [ 2.51703944 -1.28398528 -0.67858264  3.27964116  2.01346973  1.00863318
 -1.83934235  1.84964205  2.45744627  9.25834911], Best Fitness = 17920.696507080447, Evaluations = 5472
Generation 172: Best Solution = [ 2.50485403 -1.27698701 -0.68415163  3.27758254  2.03378739  1.01655922
 -1.83378177  1.85011314  2.46119883  9.25710534], Best Fitness = 17779.444206747157, Evaluations = 5504
Generation 173: Best Solution = [ 2.51001301 -1.28484454 -0.68692533  3.26890174  2.02001582  1.01510394
 -1.83015874  1.85345938  2.45876576  9.25302005], Best Fitness = 17724.84308383566, Evaluations = 5536
Generation 174: Best Solution = [ 2.50102195 -1.28275339 -0.67201392  3.26948128  2.01945549  1.01368405
 -1.81289283  1.84869284  2.46853382  9.25895904], Best Fitness = 17601.960217825614, Evaluations = 5568
Generation 175: Best Solution = [ 2.49479227 -1.28446104 -0.6749932   3.26415173  2.0201096   1.01331631
 -1.81361166  1.85446854  2.46486118  9.25448805], Best Fitness = 17508.852845420675, Evaluations = 5600
Generation 176: Best Solution = [ 2.4926515  -1.28736752 -0.6642608   3.25919709  2.01988049  1.01617685
 -1.81690364  1.85321403  2.47483005  9.25127031], Best Fitness = 17416.408966642633, Evaluations = 5632
Generation 177: Best Solution = [ 2.49268178 -1.2815309  -0.64861862  3.25919342  2.0144596   1.00857591
 -1.81731946  1.85825598  2.48104839  9.25236906], Best Fitness = 17380.25788526315, Evaluations = 5664
Generation 178: Best Solution = [ 2.4928792  -1.28048274 -0.68007527  3.25151569  2.01852988  1.01259508
 -1.82309721  1.85228556  2.4836285   9.25152286], Best Fitness = 17283.080994891443, Evaluations = 5696
Generation 179: Best Solution = [ 2.48152976 -1.28312268 -0.66719729  3.25027059  2.01361542  1.00844258
 -1.81618647  1.84805545  2.47669993  9.24976648], Best Fitness = 17197.486044596997, Evaluations = 5728
Generation 180: Best Solution = [ 2.48935326 -1.27999711 -0.65914443  3.2456912   2.01577569  1.00888316
 -1.81620804  1.84445463  2.48567749  9.23937699], Best Fitness = 17160.941354596278, Evaluations = 5760
Generation 181: Best Solution = [ 2.47939859 -1.2660897  -0.67026871  3.24621987  2.0168302   1.00716428
 -1.82679269  1.84969632  2.48787136  9.2449315 ], Best Fitness = 17068.95166398369, Evaluations = 5792
Generation 182: Best Solution = [ 2.46930656 -1.28702316 -0.67210341  3.24562565  2.02148179  1.01431052
 -1.81915684  1.83947027  2.49670463  9.24694672], Best Fitness = 17007.13256534625, Evaluations = 5824
Generation 183: Best Solution = [ 2.46894451 -1.2853557  -0.68070526  3.23887328  2.01755054  1.01567112
 -1.8177612   1.85247503  2.49314931  9.24102861], Best Fitness = 16927.57681527118, Evaluations = 5856
Generation 184: Best Solution = [ 2.46132069 -1.27752076 -0.67550039  3.23677775  2.00646275  1.01261632
 -1.81150909  1.85076503  2.47568809  9.24744085], Best Fitness = 16868.34917680866, Evaluations = 5888
Generation 185: Best Solution = [ 2.46674203 -1.27262196 -0.6821924   3.23029971  2.01096403  1.00220178
 -1.81942681  1.85594826  2.48507592  9.24503308], Best Fitness = 16799.02552796596, Evaluations = 5920
Generation 186: Best Solution = [ 2.45617028 -1.28119871 -0.67432012  3.22697804  2.00849898  1.01215981
 -1.82356545  1.85211505  2.4805138   9.24755622], Best Fitness = 16734.71475206904, Evaluations = 5952
Generation 187: Best Solution = [ 2.45827307 -1.28562679 -0.66589318  3.21872594  2.00784129  1.00954583
 -1.81533521  1.84922614  2.47960198  9.24171133], Best Fitness = 16652.992282374333, Evaluations = 5984
Generation 188: Best Solution = [ 2.45667595 -1.29044588 -0.64058386  3.21111052  2.03354175  1.0175816
 -1.80270888  1.83520028  2.49761281  9.24684495], Best Fitness = 16520.192601911633, Evaluations = 6016
Generation 189: Best Solution = [ 2.45171979 -1.28474351 -0.64693467  3.215236    2.03242231  1.01676519
 -1.81162881  1.83811331  2.50391546  9.25055246], Best Fitness = 16510.360608084735, Evaluations = 6048
Generation 190: Best Solution = [ 2.44871857 -1.2792282  -0.64862398  3.2120075   2.02579368  1.01397869
 -1.81302305  1.84282951  2.50246749  9.24657041], Best Fitness = 16436.66601001482, Evaluations = 6080
Generation 191: Best Solution = [ 2.43039194 -1.28528169 -0.63030636  3.21179473  2.03457533  1.01129756
 -1.81381379  1.85980515  2.50171086  9.2548629 ], Best Fitness = 16347.08687925373, Evaluations = 6112
Generation 192: Best Solution = [ 2.43557435 -1.28738801 -0.63305787  3.20577159  2.02814746  1.01850922
 -1.80388117  1.84297028  2.51153112  9.26383213], Best Fitness = 16270.780836282398, Evaluations = 6144
Generation 193: Best Solution = [ 2.44731704 -1.28962267 -0.63245457  3.19484614  2.03393225  1.02138358
 -1.79885208  1.84370788  2.51615385  9.25994025], Best Fitness = 16221.173289318056, Evaluations = 6176
Generation 194: Best Solution = [ 2.43954738 -1.28430457 -0.62820822  3.19498167  2.03479906  1.02440429
 -1.79792017  1.84710148  2.51333637  9.26460512], Best Fitness = 16168.37453535557, Evaluations = 6208
Generation 195: Best Solution = [ 2.43696053 -1.28718449 -0.63933703  3.18872398  2.03665919  1.02900853
 -1.79642052  1.83421167  2.51337134  9.26521854], Best Fitness = 16083.656190580086, Evaluations = 6240
Generation 196: Best Solution = [ 2.41860642 -1.27956469 -0.62528787  3.19307955  2.03411374  1.01813658
 -1.80735083  1.84993042  2.50503738  9.26111842], Best Fitness = 16025.80377236299, Evaluations = 6272
Generation 197: Best Solution = [ 2.41902992 -1.28067123 -0.62473078  3.18820505  2.04121545  1.0169808
 -1.80374057  1.85813088  2.50994543  9.26603399], Best Fitness = 15969.306587957839, Evaluations = 6304
Generation 198: Best Solution = [ 2.41702423 -1.26352436 -0.62480542  3.18819822  2.04338804  1.01335037
 -1.8251631   1.8507736   2.5193794   9.25098883], Best Fitness = 15904.836452916927, Evaluations = 6336
Generation 199: Best Solution = [ 2.41105326 -1.26104181 -0.62765532  3.1907341   2.03729778  1.01609453
 -1.80734289  1.85815331  2.52018437  9.24669006], Best Fitness = 15849.311007442784, Evaluations = 6368
Generation 200: Best Solution = [ 2.41185418 -1.27732002 -0.64010985  3.18061933  2.03039048  1.03043738
 -1.80696146  1.84463585  2.52534071  9.25244747], Best Fitness = 15766.101955751172, Evaluations = 6400
Generation 201: Best Solution = [ 2.40144255 -1.27171589 -0.6333664   3.18461175  2.04015725  1.02584581
 -1.81436355  1.86223454  2.53194975  9.23799454], Best Fitness = 15722.61802980924, Evaluations = 6432
Generation 202: Best Solution = [ 2.40756119 -1.27253281 -0.63960029  3.17339855  2.03333842  1.02803148
 -1.81793487  1.85582283  2.52426898  9.24729555], Best Fitness = 15670.271352393558, Evaluations = 6464
Generation 203: Best Solution = [ 2.39160404 -1.27065568 -0.63005696  3.17701827  2.03918424  1.0193874
 -1.81807576  1.86192365  2.53376638  9.24557614], Best Fitness = 15572.469726594307, Evaluations = 6496
Generation 204: Best Solution = [ 2.40130949 -1.27208924 -0.6326419   3.16500814  2.03214261  1.02665472
 -1.80502646  1.84792435  2.51775411  9.24422945], Best Fitness = 15531.145536085343, Evaluations = 6528
Generation 205: Best Solution = [ 2.40018621 -1.2581027  -0.63810765  3.16690533  2.02907438  1.05102691
 -1.798122    1.85612104  2.53592576  9.23623505], Best Fitness = 15450.27829252544, Evaluations = 6560
Generation 206: Best Solution = [ 2.39252176 -1.27547823 -0.6317549   3.16207299  2.03217601  1.03661503
 -1.81378715  1.84630958  2.53946244  9.24731281], Best Fitness = 15404.188946042746, Evaluations = 6592
Generation 207: Best Solution = [ 2.39795529 -1.25447815 -0.63833858  3.1584453   2.0312123   1.03714087
 -1.80469079  1.84740372  2.53317403  9.23363004], Best Fitness = 15343.686680661966, Evaluations = 6624
Generation 208: Best Solution = [ 2.39870348 -1.24836096 -0.63631251  3.15447968  2.02012009  1.05312854
 -1.79321013  1.84279511  2.54697014  9.22661853], Best Fitness = 15226.559300059344, Evaluations = 6656
Generation 209: Best Solution = [ 2.4018562  -1.23527267 -0.63630237  3.14892105  2.02532192  1.0502419
 -1.79732467  1.83857242  2.53266225  9.22563676], Best Fitness = 15206.708534490237, Evaluations = 6688
Generation 210: Best Solution = [ 2.3903585  -1.25814985 -0.63043034  3.14953104  2.02429514  1.04293293
 -1.79786621  1.85049079  2.54229399  9.23887653], Best Fitness = 15172.924302030115, Evaluations = 6720
Generation 211: Best Solution = [ 2.36893087 -1.26485834 -0.63091758  3.15307857  2.01961695  1.03390445
 -1.79724919  1.85821603  2.5352207   9.24934427], Best Fitness = 15105.552988791593, Evaluations = 6752
Generation 212: Best Solution = [ 2.36715103 -1.27108105 -0.63000489  3.15143172  2.02147386  1.02800463
 -1.79937475  1.85873422  2.53724212  9.25867806], Best Fitness = 15093.417993002691, Evaluations = 6784
Generation 213: Best Solution = [ 2.36103554 -1.27061819 -0.62833742  3.14825167  2.02084277  1.02548875
 -1.80914487  1.85925414  2.54275874  9.26759611], Best Fitness = 15021.527976944843, Evaluations = 6816
Generation 214: Best Solution = [ 2.35588716 -1.26501099 -0.62803209  3.13853246  2.01804683  1.02850975
 -1.82252968  1.85177589  2.53736947  9.27840029], Best Fitness = 14913.542611882143, Evaluations = 6848
Generation 215: Best Solution = [ 2.36294811 -1.2602538  -0.63687749  3.14086702  2.01803935  1.03081296
 -1.80387105  1.85528941  2.5532009   9.25477248], Best Fitness = 14880.829906417901, Evaluations = 6880
Generation 216: Best Solution = [ 2.3593006  -1.2579972  -0.64044977  3.13133116  2.01530113  1.0199532
 -1.81047747  1.8535585   2.54118679  9.2472283 ], Best Fitness = 14785.078337084957, Evaluations = 6912
Generation 217: Best Solution = [ 2.34747517 -1.26165457 -0.64455207  3.13154854  2.0169338   1.01491617
 -1.82214851  1.85742704  2.54379291  9.26116105], Best Fitness = 14738.73518785519, Evaluations = 6944
Generation 218: Best Solution = [ 2.35046472 -1.25918479 -0.64241643  3.12584667  2.01213657  1.01801156
 -1.80989558  1.86040048  2.55068823  9.26640179], Best Fitness = 14654.450666149603, Evaluations = 6976
Generation 219: Best Solution = [ 2.34373211 -1.26225909 -0.65898959  3.11923769  2.02125547  1.03144501
 -1.82215737  1.87153616  2.56393839  9.27656168], Best Fitness = 14554.08259852576, Evaluations = 7008
Generation 220: Best Solution = [ 2.34892277 -1.25441412 -0.6423402   3.11577892  2.01279752  1.02630859
 -1.81555717  1.85637508  2.56137962  9.27897587], Best Fitness = 14518.121908010635, Evaluations = 7040
Generation 221: Best Solution = [ 2.33564587 -1.27009207 -0.65745493  3.11346251  2.01714431  1.03380748
 -1.82652538  1.86915308  2.56860256  9.27382317], Best Fitness = 14453.11332527039, Evaluations = 7072
Generation 222: Best Solution = [ 2.33521864 -1.26420668 -0.65242714  3.10987146  2.02180817  1.02876086
 -1.82347917  1.86882747  2.5708244   9.27760545], Best Fitness = 14392.55899407959, Evaluations = 7104
Generation 223: Best Solution = [ 2.34407574 -1.25866551 -0.64842212  3.10631433  2.01877193  1.01356614
 -1.79037185  1.85412141  2.56578054  9.26087023], Best Fitness = 14336.098991852827, Evaluations = 7136
Generation 224: Best Solution = [ 2.33325691 -1.25673819 -0.63638138  3.10211839  2.0160347   1.02411697
 -1.78920777  1.86408278  2.56297079  9.25549154], Best Fitness = 14234.836061497888, Evaluations = 7168
Generation 225: Best Solution = [ 2.32794153 -1.26025113 -0.63891382  3.10044214  2.01843995  1.0442838
 -1.80280449  1.88330926  2.56768275  9.26170385], Best Fitness = 14225.937064421256, Evaluations = 7200
Generation 226: Best Solution = [ 2.33247105 -1.26512932 -0.64450181  3.09648002  2.00911651  1.03068064
 -1.77975342  1.86931182  2.5609321   9.25389562], Best Fitness = 14182.968035056552, Evaluations = 7232
Generation 227: Best Solution = [ 2.32616104 -1.26731663 -0.62461243  3.0945893   2.01542527  1.02830482
 -1.75377534  1.87170329  2.55776518  9.23762183], Best Fitness = 14103.206727870802, Evaluations = 7264
Generation 228: Best Solution = [ 2.33173881 -1.26409282 -0.63244036  3.08901744  2.00983945  1.02903365
 -1.77313345  1.8753596   2.56814248  9.2429148 ], Best Fitness = 14070.512838069491, Evaluations = 7296
Generation 229: Best Solution = [ 2.32041403 -1.2680175  -0.64091088  3.08508731  1.99947124  1.03312381
 -1.77884881  1.87741242  2.56319317  9.26064583], Best Fitness = 13995.69247874195, Evaluations = 7328
Generation 230: Best Solution = [ 2.31867132 -1.2707165  -0.64030362  3.07611296  1.99876117  1.03456005
 -1.76870456  1.86747211  2.55242584  9.2626118 ], Best Fitness = 13917.808244901953, Evaluations = 7360
Generation 231: Best Solution = [ 2.31267486 -1.27207051 -0.63221361  3.07055792  2.00459804  1.03583743
 -1.75288298  1.87451041  2.54520364  9.24494284], Best Fitness = 13830.706562054216, Evaluations = 7392
Generation 232: Best Solution = [ 2.3203169  -1.26427421 -0.61872058  3.06080731  2.00197422  1.02104603
 -1.7508939   1.88675161  2.54691231  9.23923036], Best Fitness = 13752.262748870511, Evaluations = 7424
Generation 233: Best Solution = [ 2.32416067 -1.25879192 -0.59741405  3.05993454  1.99504108  1.01337821
 -1.71261627  1.88582336  2.54507837  9.21383691], Best Fitness = 13688.568766658243, Evaluations = 7456
Generation 234: Best Solution = [ 2.31396092 -1.25867838 -0.61346707  3.05899278  1.99568563  1.02084588
 -1.751405    1.88074152  2.55354755  9.22827545], Best Fitness = 13649.327043112831, Evaluations = 7488
Generation 235: Best Solution = [ 2.31502315 -1.26122059 -0.62125648  3.05303437  1.9979573   1.02481951
 -1.74541758  1.88828475  2.56121066  9.23123147], Best Fitness = 13582.511096921404, Evaluations = 7520
Generation 236: Best Solution = [ 2.31013466 -1.25543219 -0.61896358  3.04793326  1.9973467   1.0227519
 -1.75937371  1.88150833  2.55140711  9.22959462], Best Fitness = 13533.164357904878, Evaluations = 7552
Generation 237: Best Solution = [ 2.30598313 -1.24719033 -0.60325376  3.04601494  1.99797442  1.01589211
 -1.72296245  1.87691693  2.54501959  9.21729334], Best Fitness = 13430.53429935968, Evaluations = 7584
Generation 238: Best Solution = [ 2.30798415 -1.23515937 -0.5858774   3.04490664  1.99566779  1.01083424
 -1.72292428  1.87303714  2.54509283  9.21102988], Best Fitness = 13396.84651701716, Evaluations = 7616
Generation 239: Best Solution = [ 2.30386563 -1.23325097 -0.58866893  3.0427772   1.99887701  1.01352285
 -1.73084879  1.87786199  2.55466261  9.20506832], Best Fitness = 13332.676786720243, Evaluations = 7648
Generation 240: Best Solution = [ 2.2977505  -1.24079305 -0.59461229  3.03802455  1.99670677  1.01092867
 -1.73334108  1.87362219  2.55665024  9.22305445], Best Fitness = 13269.667173893486, Evaluations = 7680
Generation 241: Best Solution = [ 2.29609334 -1.24135157 -0.59186221  3.03369405  1.99415216  1.01634917
 -1.73609287  1.87958753  2.55551089  9.22544077], Best Fitness = 13233.11758373956, Evaluations = 7712
Generation 242: Best Solution = [ 2.29348154 -1.23102172 -0.59364805  3.03063695  1.99640361  1.01361657
 -1.72586393  1.879876    2.54248979  9.21222865], Best Fitness = 13183.143402049298, Evaluations = 7744
Generation 243: Best Solution = [ 2.28623655 -1.23117517 -0.59608039  3.02694206  1.99504628  1.01724391
 -1.73011993  1.88197516  2.54022178  9.21923808], Best Fitness = 13123.928028382508, Evaluations = 7776
Generation 244: Best Solution = [ 2.29145813 -1.23719657 -0.59130086  3.02175371  1.99082277  1.01389797
 -1.74220939  1.87230137  2.55115336  9.21808346], Best Fitness = 13094.767397722653, Evaluations = 7808
Generation 245: Best Solution = [ 2.28902321 -1.23649809 -0.59779506  3.01824053  1.99325962  1.02055415
 -1.73387144  1.8812508   2.5557475   9.23614974], Best Fitness = 13040.40226381873, Evaluations = 7840
Generation 246: Best Solution = [ 2.28648471 -1.23269529 -0.60384201  3.01597544  1.98725452  1.01404399
 -1.73613292  1.88443669  2.55841839  9.25020101], Best Fitness = 12989.852995767693, Evaluations = 7872
Generation 247: Best Solution = [ 2.28621064 -1.24018366 -0.58486058  3.01568494  1.99670576  1.01706374
 -1.71998537  1.86315099  2.55454209  9.18207136], Best Fitness = 12960.365424552509, Evaluations = 7904
Generation 248: Best Solution = [ 2.27611296 -1.22949384 -0.5893479   3.01224455  1.99712806  1.01343287
 -1.74114327  1.87559114  2.55296463  9.21895096], Best Fitness = 12901.020670811402, Evaluations = 7936
Generation 249: Best Solution = [ 2.27414745 -1.22671211 -0.59759126  3.0091526   1.99255437  1.01429405
 -1.73317871  1.8873982   2.55376304  9.22022655], Best Fitness = 12843.212523986502, Evaluations = 7968
Generation 250: Best Solution = [ 2.27798189 -1.22530607 -0.59581306  3.00211325  1.98828368  1.01874504
 -1.72990387  1.89256555  2.55978443  9.2191752 ], Best Fitness = 12777.910994657328, Evaluations = 8000
Generation 251: Best Solution = [ 2.26818369 -1.22538287 -0.58609581  3.00299511  1.98851157  1.02759055
 -1.72465552  1.89182571  2.56243257  9.21653503], Best Fitness = 12719.640711664239, Evaluations = 8032
Generation 252: Best Solution = [ 2.27823412 -1.22767009 -0.5741349   2.9972077   1.98892246  1.019355
 -1.71946688  1.88114461  2.56276935  9.20919343], Best Fitness = 12712.44338889791, Evaluations = 8064
Generation 253: Best Solution = [ 2.26606152 -1.22515952 -0.58951052  2.99843406  1.98889736  1.03432168
 -1.71798281  1.88519083  2.5539215   9.20603846], Best Fitness = 12676.46938553891, Evaluations = 8096
Generation 254: Best Solution = [ 2.27063019 -1.22949726 -0.58280292  2.99113458  1.98902578  1.02896829
 -1.71965403  1.88161424  2.56289078  9.21073139], Best Fitness = 12622.989797966311, Evaluations = 8128
Generation 255: Best Solution = [ 2.25977515 -1.23126036 -0.58617042  2.99943941  1.98367156  1.01430335
 -1.71428121  1.87927883  2.57864328  9.20041694], Best Fitness = 12566.260778843784, Evaluations = 8160
Generation 256: Best Solution = [ 2.2550574  -1.23691723 -0.58745595  2.99054721  1.98656899  1.01959903
 -1.71626412  1.8838752   2.56700345  9.19559791], Best Fitness = 12514.003986305905, Evaluations = 8192
Generation 257: Best Solution = [ 2.25800763 -1.23857022 -0.59188553  2.97959354  1.98403824  1.03116527
 -1.70828953  1.87965083  2.56645962  9.20389618], Best Fitness = 12434.940870360664, Evaluations = 8224
Generation 258: Best Solution = [ 2.24671666 -1.25110183 -0.59616258  2.97335465  1.98503797  1.03840449
 -1.70642214  1.87064556  2.55669084  9.20534878], Best Fitness = 12371.870928853767, Evaluations = 8256
Generation 259: Best Solution = [ 2.25607552 -1.23129159 -0.58846574  2.97405243  1.97626914  1.01196782
 -1.70740608  1.86696516  2.57751469  9.20170152], Best Fitness = 12301.74366709242, Evaluations = 8288
Generation 260: Best Solution = [ 2.26844807 -1.23403896 -0.60896611  2.95854434  1.98389855  1.01995751
 -1.71043029  1.87688995  2.57135941  9.20067155], Best Fitness = 12278.587965485956, Evaluations = 8320
Generation 261: Best Solution = [ 2.26766593 -1.23462324 -0.6134241   2.95075967  1.98196456  1.02439287
 -1.70303661  1.8753886   2.57180976  9.19491519], Best Fitness = 12194.595931950784, Evaluations = 8352
Generation 262: Best Solution = [ 2.25871671 -1.22982548 -0.6055709   2.95636951  1.97942485  1.01650004
 -1.71667284  1.86767359  2.5793484   9.19319348], Best Fitness = 12165.92902318965, Evaluations = 8384
Generation 263: Best Solution = [ 2.26389366 -1.23478749 -0.62108927  2.94161629  1.99018264  1.02098963
 -1.72238218  1.86140034  2.58315098  9.19711398], Best Fitness = 12088.572318317018, Evaluations = 8416
Generation 264: Best Solution = [ 2.25198098 -1.23410383 -0.60610493  2.95063545  1.97199638  1.02878974
 -1.69911535  1.87417044  2.58514438  9.19426843], Best Fitness = 12053.658021138346, Evaluations = 8448
Generation 265: Best Solution = [ 2.24584242 -1.22470842 -0.60119952  2.95005731  1.97313823  1.02801105
 -1.69845004  1.87214134  2.58954016  9.18793344], Best Fitness = 11976.842233142164, Evaluations = 8480
Generation 266: Best Solution = [ 2.2472882  -1.22754901 -0.60218884  2.94004014  1.97353512  1.0297231
 -1.69102527  1.869275    2.59057905  9.19442646], Best Fitness = 11898.17453001936, Evaluations = 8512
Generation 267: Best Solution = [ 2.25439636 -1.22553841 -0.60373489  2.93252864  1.96497871  1.02755303
 -1.69671369  1.86395026  2.59095478  9.18775521], Best Fitness = 11862.094628811317, Evaluations = 8544
Generation 268: Best Solution = [ 2.24549852 -1.22868333 -0.59423322  2.93171699  1.9671255   1.02885333
 -1.68491089  1.87422668  2.59740177  9.18576071], Best Fitness = 11788.585828870715, Evaluations = 8576
Generation 269: Best Solution = [ 2.2335577  -1.24126139 -0.59807226  2.92968457  1.97313941  1.01900037
 -1.67233167  1.87121217  2.59828005  9.18848872], Best Fitness = 11715.88341621204, Evaluations = 8608
Generation 270: Best Solution = [ 2.23951535 -1.23714553 -0.59874164  2.92343951  1.97059088  1.02393272
 -1.68959828  1.87645235  2.60063244  9.19151759], Best Fitness = 11706.600973961586, Evaluations = 8640
Generation 271: Best Solution = [ 2.23967411 -1.23555566 -0.61151399  2.91336665  1.96921313  1.0273581
 -1.68159573  1.86599784  2.59187217  9.17921389], Best Fitness = 11622.897883422313, Evaluations = 8672
Generation 272: Best Solution = [ 2.23639192 -1.22966913 -0.59579845  2.91204915  1.95939416  1.02285929
 -1.68410913  1.85991446  2.59167963  9.1819881 ], Best Fitness = 11573.81168893606, Evaluations = 8704
Generation 273: Best Solution = [ 2.23767887 -1.22267978 -0.59492488  2.90142028  1.95041868  1.0230146
 -1.68755034  1.86390708  2.58810926  9.17588042], Best Fitness = 11484.31912471432, Evaluations = 8736
Generation 274: Best Solution = [ 2.22882083 -1.2208754  -0.59911006  2.90851809  1.943584    1.02820347
 -1.69076653  1.86904921  2.59790713  9.18518086], Best Fitness = 11468.809986136705, Evaluations = 8768
Generation 275: Best Solution = [ 2.22741899 -1.21163452 -0.6006263   2.9080415   1.94147184  1.01656402
 -1.69207412  1.87061117  2.59972646  9.18544221], Best Fitness = 11425.283217669996, Evaluations = 8800
Generation 276: Best Solution = [ 2.22212724 -1.20508779 -0.5988863   2.89780193  1.94738237  1.01971426
 -1.69573094  1.8872354   2.59230827  9.19053875], Best Fitness = 11342.08975551283, Evaluations = 8832
Generation 277: Best Solution = [ 2.21844653 -1.20592566 -0.59011863  2.89251766  1.94922416  1.02260552
 -1.69583636  1.89010365  2.59317533  9.18837352], Best Fitness = 11284.96014317819, Evaluations = 8864
Generation 278: Best Solution = [ 2.21746343 -1.20581317 -0.58928817  2.88617694  1.95120602  1.01913838
 -1.69658603  1.88512321  2.59772988  9.18790755], Best Fitness = 11214.777387250593, Evaluations = 8896
Generation 279: Best Solution = [ 2.21315386 -1.20014671 -0.59305676  2.88108387  1.96193985  1.01529212
 -1.68905561  1.88092116  2.579278    9.18762497], Best Fitness = 11185.619479450195, Evaluations = 8928
Generation 280: Best Solution = [ 2.21705866 -1.20464976 -0.58337068  2.88010047  1.95099936  1.01874751
 -1.69023301  1.88743907  2.597369    9.18414727], Best Fitness = 11155.654282781665, Evaluations = 8960
Generation 281: Best Solution = [ 2.19894031 -1.20825343 -0.59244812  2.882869    1.94147955  1.00919969
 -1.6957731   1.87816553  2.58909686  9.19030059], Best Fitness = 11100.154524958649, Evaluations = 8992
Generation 282: Best Solution = [ 2.19613483 -1.20285141 -0.59041725  2.8839853   1.93560382  1.01223181
 -1.69105612  1.87108946  2.59025388  9.19191465], Best Fitness = 11067.522398384432, Evaluations = 9024
Generation 283: Best Solution = [ 2.18842485 -1.20330621 -0.58727213  2.88059435  1.93083271  1.01337091
 -1.70482487  1.87486044  2.59397027  9.19048015], Best Fitness = 11006.411428323123, Evaluations = 9056
Generation 284: Best Solution = [ 2.1854486  -1.20427632 -0.58738006  2.87702727  1.93166458  1.01409995
 -1.70361545  1.87730428  2.59925097  9.19123099], Best Fitness = 10951.74614116702, Evaluations = 9088
Generation 285: Best Solution = [ 2.1985581  -1.1931732  -0.5787565   2.87049581  1.93629161  1.01255655
 -1.69376885  1.87264831  2.60121434  9.17706606], Best Fitness = 10923.859911737665, Evaluations = 9120
Generation 286: Best Solution = [ 2.17802941 -1.20420029 -0.59319083  2.87126592  1.93225352  1.01512111
 -1.70409698  1.88254974  2.59974642  9.19404214], Best Fitness = 10871.337624966001, Evaluations = 9152
Generation 287: Best Solution = [ 2.192357   -1.18885149 -0.58048528  2.86133617  1.93872207  1.01786931
 -1.68554931  1.87924513  2.60324076  9.17705425], Best Fitness = 10803.826865990952, Evaluations = 9184
Generation 288: Best Solution = [ 2.18087606 -1.18817833 -0.58892026  2.86130311  1.94342224  1.01780685
 -1.69255084  1.8734533   2.60105899  9.19188792], Best Fitness = 10763.35140202391, Evaluations = 9216
Generation 289: Best Solution = [ 2.17825187 -1.1904987  -0.57899794  2.85720164  1.94674332  1.0122874
 -1.69415489  1.88009201  2.60780085  9.18492166], Best Fitness = 10709.003092239793, Evaluations = 9248
Generation 290: Best Solution = [ 2.18160172 -1.18039346 -0.58830766  2.85370102  1.93463748  1.02246074
 -1.6818012   1.88004103  2.60446875  9.18192779], Best Fitness = 10663.877410358808, Evaluations = 9280
Generation 291: Best Solution = [ 2.17639403 -1.17765966 -0.58081306  2.85451977  1.949785    1.01022948
 -1.68445267  1.87920119  2.61075381  9.18100435], Best Fitness = 10631.230105462148, Evaluations = 9312
Generation 292: Best Solution = [ 2.17895255 -1.17625648 -0.59677482  2.84651241  1.93691632  1.03269528
 -1.67802443  1.87603883  2.60377625  9.17907589], Best Fitness = 10587.322063632297, Evaluations = 9344
Generation 293: Best Solution = [ 2.17253369 -1.18636774 -0.58645752  2.84823252  1.94766364  1.01568911
 -1.66556228  1.87557054  2.61470285  9.16624585], Best Fitness = 10541.051716343523, Evaluations = 9376
Generation 294: Best Solution = [ 2.16848021 -1.18849172 -0.59081801  2.84243073  1.94791667  1.01643442
 -1.66771616  1.87366491  2.60811196  9.17545293], Best Fitness = 10504.337299566781, Evaluations = 9408
Generation 295: Best Solution = [ 2.17547635 -1.17950122 -0.58852703  2.83637142  1.93516728  1.02091185
 -1.67229611  1.86093728  2.60958824  9.17411679], Best Fitness = 10461.942749161077, Evaluations = 9440
Generation 296: Best Solution = [ 2.16654203 -1.17553021 -0.60301781  2.83660871  1.94731233  1.03748366
 -1.66442612  1.86501705  2.62187774  9.16939454], Best Fitness = 10385.82486803888, Evaluations = 9472
Generation 297: Best Solution = [ 2.16537339 -1.18280892 -0.60881359  2.83151024  1.9525971   1.02923386
 -1.67418501  1.86189051  2.63637258  9.1721928 ], Best Fitness = 10331.176998908362, Evaluations = 9504
Generation 298: Best Solution = [ 2.1702328  -1.16484949 -0.61950932  2.82347811  1.94934254  1.04120167
 -1.66874644  1.85735145  2.63554061  9.17254794], Best Fitness = 10254.702165861658, Evaluations = 9536
Generation 299: Best Solution = [ 2.162646   -1.16555371 -0.61110928  2.82451942  1.95062215  1.02197239
 -1.66355831  1.8637756   2.64328707  9.17805419], Best Fitness = 10197.031512724187, Evaluations = 9568
Generation 300: Best Solution = [ 2.15925341 -1.1728936  -0.60305555  2.81901243  1.94689622  1.01761784
 -1.66647036  1.86327821  2.64738979  9.1751227 ], Best Fitness = 10142.527179162415, Evaluations = 9600
Generation 301: Best Solution = [ 2.16458474 -1.17131706 -0.61495258  2.81478774  1.94672595  1.02573282
 -1.65824631  1.86154184  2.64942452  9.17534913], Best Fitness = 10122.514272902878, Evaluations = 9632
Generation 302: Best Solution = [ 2.15011163 -1.1631543  -0.59780911  2.81267912  1.9590832   1.03023555
 -1.66962918  1.85806728  2.63743971  9.16593556], Best Fitness = 10072.733830993602, Evaluations = 9664
Generation 303: Best Solution = [ 2.1331822  -1.15687804 -0.57487941  2.81284955  1.97158932  1.01080621
 -1.68625745  1.87479057  2.62818045  9.16859962], Best Fitness = 10036.359615129548, Evaluations = 9696
Generation 304: Best Solution = [ 2.14616441 -1.16347301 -0.60336586  2.80803206  1.95312048  1.03733586
 -1.67386499  1.85235347  2.64295713  9.16356918], Best Fitness = 10005.480664268802, Evaluations = 9728
Generation 305: Best Solution = [ 2.14468858 -1.16717877 -0.60069289  2.80854045  1.95038769  1.01581512
 -1.66716724  1.86822191  2.6592067   9.16961664], Best Fitness = 9957.155895957218, Evaluations = 9760
Generation 306: Best Solution = [ 2.1433993  -1.16474875 -0.6007721   2.80503515  1.95520891  0.997395
 -1.65852036  1.86834909  2.67090702  9.16827372], Best Fitness = 9878.047400670139, Evaluations = 9792
Generation 307: Best Solution = [ 2.13141967 -1.12773598 -0.57511597  2.79777722  1.96596295  0.99742478
 -1.67716877  1.86128072  2.62943699  9.16764782], Best Fitness = 9828.702488556813, Evaluations = 9824
Generation 308: Best Solution = [ 2.14855126 -1.17840632 -0.60821596  2.77950184  1.94838598  1.02339033
 -1.65511643  1.84861598  2.67635488  9.1675439 ], Best Fitness = 9733.437685524612, Evaluations = 9856
Generation 309: Best Solution = [ 2.14184722 -1.16751661 -0.60205169  2.77934848  1.95002112  1.01213567
 -1.6592637   1.85702427  2.67203266  9.16469789], Best Fitness = 9689.87924295605, Evaluations = 9888
Generation 310: Best Solution = [ 2.13172181 -1.17264324 -0.59340039  2.77564889  1.93315695  1.02170325
 -1.66464345  1.85668421  2.66618699  9.17296768], Best Fitness = 9638.55526182333, Evaluations = 9920
Generation 311: Best Solution = [ 2.13098909 -1.16371932 -0.60344495  2.77296794  1.92346648  1.0186443
 -1.66214658  1.85848288  2.66692808  9.17392885], Best Fitness = 9582.039175890275, Evaluations = 9952
Generation 312: Best Solution = [ 2.12805743 -1.16324785 -0.61225892  2.76967887  1.92242695  1.02377527
 -1.66635882  1.8590619   2.674062    9.17637644], Best Fitness = 9533.993810781158, Evaluations = 9984
Generation 313: Best Solution = [ 2.13454677 -1.16961459 -0.605003    2.75820171  1.91733034  1.02459715
 -1.66756863  1.85282487  2.67270603  9.17134299], Best Fitness = 9497.93727539716, Evaluations = 10016
