Algorithm: Cross-Entropy Method
Objective Function: Griewank
Dimension: 10
Population Size: 128
Max Evaluations: 10000

Generation 1: Best Solution = [  55.7512448  -179.83303086   63.06753299  183.50635866   -2.74484652
  398.08100178 -216.46611437    1.60470795 -538.62205939 -196.68030326], Best Fitness = 152.8067859084745, Evaluations = 128
Generation 2: Best Solution = [  68.95480658  -43.18827037  -72.31691126  -86.03737631  201.64361614
   43.73846849   39.98284772  130.65982508  -31.54878904 -198.69842808], Best Fitness = 31.25958144053109, Evaluations = 256
Generation 3: Best Solution = [-80.49552854 -82.44285493 -39.17015992 140.03181421 200.32231239
 119.89089959 180.38837993 106.44528904  97.25138114 -22.93082726], Best Fitness = 36.694237452303646, Evaluations = 384
Generation 4: Best Solution = [  22.70844465  -31.55848411   73.27790018  -88.15862423  115.29000432
  139.77630856   50.98224152   84.30870107   29.44487564 -146.44036656], Best Fitness = 20.874950367113453, Evaluations = 512
Generation 5: Best Solution = [-25.11333679  56.74839178 -52.51358835 -16.00908226  75.97636035
  47.6091836   47.99842905  26.4008699  -84.53494998 -95.01912853], Best Fitness = 9.525387145390718, Evaluations = 640
Generation 6: Best Solution = [ 33.32959083 -24.65203225  35.01286779 -99.38073077 -67.81119157
  88.16233484 -54.21456882 109.20674946 -14.34889135  16.73244852], Best Fitness = 11.135793167336468, Evaluations = 768
Generation 7: Best Solution = [ 33.65177324  10.66382623  40.82498739 -46.62552735  20.77084378
  45.15450201  15.7072163  128.62542085 -29.89197553 -13.48772782], Best Fitness = 7.355959574046605, Evaluations = 896
Generation 8: Best Solution = [ 10.15966937 -71.07651654 -49.53487716 -81.17827172  41.08391369
  -7.20255597  27.24350469  14.80817778  -5.72414735 -23.29071843], Best Fitness = 5.339195367203689, Evaluations = 1024
Generation 9: Best Solution = [-18.61821973 -42.17450629   8.91180641 -23.90144944  -7.09149551
  59.10701394  37.98307083  55.56482064 -13.5277096  -27.38488988], Best Fitness = 3.945854600510058, Evaluations = 1152
Generation 10: Best Solution = [  7.00564106 -19.13419962   2.83505329 -37.36863012   5.00733548
  60.25624282   2.16530147  13.91766259 -17.41630713 -38.98231718], Best Fitness = 2.872406295081662, Evaluations = 1280
Generation 11: Best Solution = [ -1.9377187  -19.18438335   7.60489086 -27.80998665  22.56388303
  52.04211667   7.66636739  32.69267478 -21.59907395 -28.97199376], Best Fitness = 2.7110197838487347, Evaluations = 1408
Generation 12: Best Solution = [-15.97667339 -22.35342871  -0.4207776  -39.20780959  22.80815679
  37.15775987  -6.54367491  24.01215398   3.39096058 -25.30782006], Best Fitness = 2.378440795934348, Evaluations = 1536
Generation 13: Best Solution = [-11.42172845 -15.5698452    0.51797881 -34.90880983  21.39450006
  39.55054984  -5.80810287  18.16622817 -11.25262759 -31.05536377], Best Fitness = 2.2675142981083223, Evaluations = 1664
Generation 14: Best Solution = [-15.43682825 -26.08488239   0.54890471 -44.56173186  23.50149726
  40.18529963  -8.43388126  10.82375781   0.13590445 -19.48928609], Best Fitness = 2.1888247438831048, Evaluations = 1792
Generation 15: Best Solution = [ -9.35874563 -23.68613391  11.76059805 -33.30468051  21.93841324
  40.19266452 -14.98453324  16.3524666   -7.09534356 -23.36830426], Best Fitness = 2.228556284606273, Evaluations = 1920
Generation 16: Best Solution = [-6.54173398e+00 -1.81120165e+01 -1.18661771e+01 -3.67713722e+01
  1.32582345e+01  4.46831079e+01 -7.08946770e+00  2.62776428e+01
 -1.03869198e-02 -2.17009121e+01], Best Fitness = 1.9072541200723552, Evaluations = 2048
Generation 17: Best Solution = [-16.28969739 -13.86385267   0.37057448 -30.76188813  20.17175973
  41.04510635  -7.07942356  20.13084041 -12.05844079 -29.24277327], Best Fitness = 2.1135078271743257, Evaluations = 2176
Generation 18: Best Solution = [-13.11128022  -8.30510984   0.66981472 -36.4150638   22.41861653
  40.07843361  -9.68798307  19.73372246 -12.19014248 -21.49504515], Best Fitness = 2.058884916048032, Evaluations = 2304
Generation 19: Best Solution = [ -9.80428363 -14.21328286   1.44524558 -37.23220729  20.56802693
  38.299581    -7.96037131  25.13295743  -3.2736029  -21.09611759], Best Fitness = 2.008046320020907, Evaluations = 2432
Generation 20: Best Solution = [ -9.16701304 -12.54287687  -0.45550872 -36.05732316  23.88199964
  40.52268284  -7.24732358  19.05556435  -9.77727188 -18.95550643], Best Fitness = 2.0676434263470536, Evaluations = 2560
Generation 21: Best Solution = [-12.87167084 -17.59677499   5.42306815 -36.25014802  16.03522493
  39.19674365  -9.67110081  19.79398616  -7.09331012 -22.50828668], Best Fitness = 2.028912319623546, Evaluations = 2688
Generation 22: Best Solution = [-11.88585396 -16.48884267   0.6402176  -31.74213686  20.87338894
  40.1498381   -7.84147521  24.8114339   -7.32622754 -19.34405627], Best Fitness = 1.9426090562600402, Evaluations = 2816
Generation 23: Best Solution = [ -3.10173533 -14.63170252   1.12884487 -31.65603889  21.43702438
  44.20658715  -6.95007385  19.12357966  -7.81220054 -19.59919979], Best Fitness = 1.908618075968052, Evaluations = 2944
Generation 24: Best Solution = [ -3.29588888 -13.43298053   1.28805634 -31.0293192   21.04624064
  46.15660764  -5.42327452  19.65789619  -6.95749847 -18.20723521], Best Fitness = 1.9795230148055638, Evaluations = 3072
Generation 25: Best Solution = [ -2.96556927 -14.26320756   0.56768815 -32.03508791  21.22608881
  45.34509859  -5.92657944  18.95121813  -7.30953947 -18.50721999], Best Fitness = 1.8749320379361163, Evaluations = 3200
Generation 26: Best Solution = [ -3.2162198  -13.46607019   0.23788316 -32.62743925  21.94836113
  44.41954752  -5.93231626  18.22209921  -9.46757538 -18.89113061], Best Fitness = 1.8012110959433847, Evaluations = 3328
Generation 27: Best Solution = [ -2.95220539 -13.79564862   0.7368226  -32.48759323  21.34407053
  44.83247028  -5.87425453  18.34191977  -9.79076182 -18.89676129], Best Fitness = 1.7902438971300736, Evaluations = 3456
Generation 28: Best Solution = [ -2.40547234 -13.84832513   0.96787357 -32.1122936   21.58169195
  44.88132666  -6.36251927  18.12748019  -8.2219453  -18.94855008], Best Fitness = 1.8255222840055052, Evaluations = 3584
Generation 29: Best Solution = [ -2.6896303  -14.23257045   0.44397182 -31.30926365  22.01592899
  45.47426869  -6.58622082  18.16718513  -8.94650262 -18.42301066], Best Fitness = 1.7080680943652684, Evaluations = 3712
Generation 30: Best Solution = [ -2.90369867 -13.62352393   0.5138251  -31.78657631  22.05822794
  45.45420103  -6.31500241  18.17786781  -8.92125345 -18.28588916], Best Fitness = 1.652683972676141, Evaluations = 3840
Generation 31: Best Solution = [ -2.84893158 -13.93449994   0.07362125 -32.2261453   21.48473576
  45.16969986  -6.45028555  17.95276539  -8.96238357 -18.52286421], Best Fitness = 1.6384796717708827, Evaluations = 3968
Generation 32: Best Solution = [ -2.91427582 -13.85257549   0.25672244 -32.11704075  21.31136547
  45.50624876  -6.26966386  17.81285601  -8.87896802 -18.5881827 ], Best Fitness = 1.6111102403303257, Evaluations = 4096
Generation 33: Best Solution = [ -2.98161808 -13.72928928   0.58950477 -31.82884035  21.70037589
  45.49660928  -6.27839969  17.94485329  -8.71851434 -18.77474054], Best Fitness = 1.6045394692070425, Evaluations = 4224
Generation 34: Best Solution = [ -2.98564128 -13.80857309   0.34949891 -31.93418812  21.41689673
  45.4962742   -6.37936385  18.26695804  -8.72698164 -18.39909835], Best Fitness = 1.599083054980177, Evaluations = 4352
Generation 35: Best Solution = [ -2.95104985 -13.78737907   0.52988225 -31.91197225  21.37913858
  45.50035806  -6.31823766  18.11046843  -8.69359845 -18.80773693], Best Fitness = 1.591133183313515, Evaluations = 4480
Generation 36: Best Solution = [ -2.94819701 -13.81018144   0.36609146 -31.95852412  21.42316715
  45.41146742  -6.35473269  18.11408766  -8.70301651 -18.74376611], Best Fitness = 1.5872965784898496, Evaluations = 4608
Generation 37: Best Solution = [ -2.95118493 -13.81139553   0.51380152 -31.93338783  21.39379089
  45.46927266  -6.3852189   18.10418234  -8.74464832 -18.73045576], Best Fitness = 1.5861856148766185, Evaluations = 4736
Generation 38: Best Solution = [ -2.9979136  -13.78662189   0.46568337 -31.92333972  21.48531582
  45.43540185  -6.36340938  18.07712604  -8.67673304 -18.75227411], Best Fitness = 1.5839897662292821, Evaluations = 4864
Generation 39: Best Solution = [ -2.96186242 -13.75768307   0.52178593 -31.93159725  21.38082058
  45.52969354  -6.32239175  18.01467693  -8.7011632  -18.78858191], Best Fitness = 1.5830384019351276, Evaluations = 4992
Generation 40: Best Solution = [ -2.98499511 -13.8013191    0.45573478 -31.89861713  21.44332521
  45.44040804  -6.39416427  18.16407901  -8.65905938 -18.75337076], Best Fitness = 1.579547829579941, Evaluations = 5120
Generation 41: Best Solution = [ -2.95362162 -13.78387242   0.4543729  -31.91611433  21.43360868
  45.49177843  -6.37924898  18.09826624  -8.68294995 -18.75079821], Best Fitness = 1.5782768276354735, Evaluations = 5248
Generation 42: Best Solution = [ -2.98501537 -13.77521114   0.48561537 -31.88975482  21.43849875
  45.47256101  -6.3663089   18.10734847  -8.67298289 -18.78446762], Best Fitness = 1.5770236672471043, Evaluations = 5376
Generation 43: Best Solution = [ -2.97771542 -13.76807155   0.47874565 -31.90267876  21.43049686
  45.48426086  -6.36410518  18.06291792  -8.69369076 -18.76781593], Best Fitness = 1.5752990621815135, Evaluations = 5504
Generation 44: Best Solution = [ -2.9646074  -13.76891314   0.45637447 -31.88660418  21.42641633
  45.50251055  -6.36325894  18.07578221  -8.68121212 -18.75413991], Best Fitness = 1.57414871107338, Evaluations = 5632
Generation 45: Best Solution = [ -2.97436143 -13.71865601   0.48843437 -31.91512374  21.43075493
  45.51905937  -6.35075543  18.02948174  -8.69397063 -18.75201023], Best Fitness = 1.572349990377123, Evaluations = 5760
Generation 46: Best Solution = [ -2.96256102 -13.74459002   0.46510058 -31.86719075  21.43010708
  45.53029694  -6.36479606  18.06938781  -8.66724143 -18.73815391], Best Fitness = 1.5704470560665398, Evaluations = 5888
Generation 47: Best Solution = [ -2.97781386 -13.7322997    0.46941761 -31.88463271  21.45745301
  45.50743442  -6.37840891  18.07914424  -8.66623327 -18.74103423], Best Fitness = 1.5692175265007615, Evaluations = 6016
Generation 48: Best Solution = [ -2.96785376 -13.74637948   0.44828725 -31.85833162  21.44201169
  45.53918399  -6.37866731  18.08796282  -8.66701984 -18.71476815], Best Fitness = 1.5675456861705501, Evaluations = 6144
Generation 49: Best Solution = [ -2.9785811  -13.72615448   0.44485884 -31.8816996   21.43252398
  45.51897298  -6.37001775  18.08323258  -8.6850842  -18.73658065], Best Fitness = 1.5653098571672661, Evaluations = 6272
Generation 50: Best Solution = [ -2.98467158 -13.7561122    0.44951959 -31.88759108  21.43708512
  45.48840819  -6.39626215  18.08360431  -8.66073087 -18.79235932], Best Fitness = 1.5640075642490725, Evaluations = 6400
Generation 51: Best Solution = [ -2.97494495 -13.74005222   0.44037854 -31.86858264  21.43780854
  45.52171944  -6.3912474   18.08648997  -8.66197955 -18.73803293], Best Fitness = 1.5631005236868172, Evaluations = 6528
Generation 52: Best Solution = [ -2.98774576 -13.73388349   0.45684352 -31.88574343  21.42739701
  45.49986286  -6.40149264  18.08488882  -8.69053567 -18.74464596], Best Fitness = 1.5607688681990788, Evaluations = 6656
Generation 53: Best Solution = [ -2.98238301 -13.73570468   0.42918646 -31.87696391  21.41219524
  45.51747895  -6.38288624  18.05805695  -8.64940735 -18.77534825], Best Fitness = 1.559613744779337, Evaluations = 6784
Generation 54: Best Solution = [ -2.97881828 -13.73358716   0.43701689 -31.86272755  21.43657711
  45.52523965  -6.40504693  18.09336887  -8.66303037 -18.75508918], Best Fitness = 1.5575170091492208, Evaluations = 6912
Generation 55: Best Solution = [ -2.98688648 -13.73101818   0.44604083 -31.87599414  21.42585623
  45.52319109  -6.41295222  18.08475838  -8.67997855 -18.74173526], Best Fitness = 1.5561129251035344, Evaluations = 7040
Generation 56: Best Solution = [ -3.0044072  -13.72541588   0.44864809 -31.86578683  21.45775873
  45.47467842  -6.42785036  18.1027945   -8.68245164 -18.75530045], Best Fitness = 1.554067240277096, Evaluations = 7168
Generation 57: Best Solution = [ -3.00103179 -13.72288962   0.43886769 -31.87681187  21.45134675
  45.47625494  -6.43800892  18.11438086  -8.68322478 -18.75656239], Best Fitness = 1.5520436803170896, Evaluations = 7296
Generation 58: Best Solution = [ -2.99066907 -13.72233715   0.43898264 -31.87012981  21.45153609
  45.50875031  -6.44780515  18.11109464  -8.67368263 -18.74686999], Best Fitness = 1.5499154670710533, Evaluations = 7424
Generation 59: Best Solution = [ -3.02330687 -13.72084686   0.44868145 -31.8632158   21.45541522
  45.48140384  -6.44108329  18.10351068  -8.70998513 -18.74127091], Best Fitness = 1.5486382399242253, Evaluations = 7552
Generation 60: Best Solution = [ -3.00334672 -13.7105748    0.4262332  -31.88006166  21.43324304
  45.50277955  -6.4351432   18.09679675  -8.67148609 -18.77487122], Best Fitness = 1.546744498158771, Evaluations = 7680
Generation 61: Best Solution = [ -3.00045111 -13.71119635   0.44366451 -31.87646905  21.43811622
  45.50512026  -6.4450642   18.09172271  -8.70084091 -18.76566499], Best Fitness = 1.545621809298717, Evaluations = 7808
Generation 62: Best Solution = [ -3.00171857 -13.71072872   0.43538581 -31.86655465  21.44578376
  45.51184184  -6.44337213  18.08285714  -8.70401935 -18.76213461], Best Fitness = 1.5441081982037357, Evaluations = 7936
Generation 63: Best Solution = [ -2.99300914 -13.70345062   0.42489107 -31.86738486  21.43132237
  45.50968448  -6.44818927  18.08733218  -8.68315835 -18.76339232], Best Fitness = 1.5425300118432954, Evaluations = 8064
Generation 64: Best Solution = [ -3.00570259 -13.70904475   0.42067086 -31.86687054  21.4302859
  45.49564762  -6.43929848  18.06390734  -8.70109924 -18.78670845], Best Fitness = 1.5410907116243626, Evaluations = 8192
Generation 65: Best Solution = [ -2.99841828 -13.70801584   0.41962198 -31.85578094  21.42095336
  45.49399999  -6.45644452  18.09212805  -8.68139761 -18.77393583], Best Fitness = 1.5394435358245833, Evaluations = 8320
Generation 66: Best Solution = [ -2.98065836 -13.69870456   0.41451401 -31.86365367  21.42072292
  45.52078899  -6.45365876  18.07279968  -8.68845188 -18.78279882], Best Fitness = 1.5379757438216664, Evaluations = 8448
Generation 67: Best Solution = [ -2.99324625 -13.70358034   0.40433853 -31.88232026  21.41634944
  45.5208601   -6.45320216  18.06548514  -8.71520931 -18.78350177], Best Fitness = 1.536548157476564, Evaluations = 8576
Generation 68: Best Solution = [ -3.00657049 -13.69162827   0.41800814 -31.85397331  21.42893044
  45.52939159  -6.45431067  18.08291271  -8.70641568 -18.76593388], Best Fitness = 1.5347989624886689, Evaluations = 8704
Generation 69: Best Solution = [ -3.00593336 -13.70766158   0.41502506 -31.86383321  21.4183112
  45.51981381  -6.47312368  18.09045637  -8.6999682  -18.77771133], Best Fitness = 1.5335235285208768, Evaluations = 8832
Generation 70: Best Solution = [ -3.01231475 -13.70038188   0.41185416 -31.86283685  21.43878315
  45.52441791  -6.48137814  18.08054674  -8.69802386 -18.77097342], Best Fitness = 1.5312981304448154, Evaluations = 8960
Generation 71: Best Solution = [ -2.99934854 -13.6791227    0.39606086 -31.85060042  21.41836563
  45.53740742  -6.46652622  18.09368111  -8.68289199 -18.77120125], Best Fitness = 1.5297272018726766, Evaluations = 9088
Generation 72: Best Solution = [ -3.00500272 -13.68925226   0.40975268 -31.83447894  21.42644631
  45.52441219  -6.48315036  18.11393498  -8.69471976 -18.76657333], Best Fitness = 1.5285676799619652, Evaluations = 9216
Generation 73: Best Solution = [ -3.01714756 -13.6911796    0.39995865 -31.86909324  21.41745279
  45.55398863  -6.48103155  18.08536616  -8.69970449 -18.77286785], Best Fitness = 1.5269782677369135, Evaluations = 9344
Generation 74: Best Solution = [ -3.01121849 -13.69960221   0.40143379 -31.85078175  21.41813622
  45.5457606   -6.49349094  18.0903376   -8.69518954 -18.77870853], Best Fitness = 1.5250988358923965, Evaluations = 9472
Generation 75: Best Solution = [ -3.0115938  -13.70507165   0.38281416 -31.83489492  21.41750756
  45.54463444  -6.49282264  18.10291535  -8.68536004 -18.78039794], Best Fitness = 1.5238473389360272, Evaluations = 9600
Generation 76: Best Solution = [ -2.9945757  -13.68912442   0.39910165 -31.83483841  21.40526054
  45.52593252  -6.49308354  18.09297893  -8.70111356 -18.79315054], Best Fitness = 1.5229428736765107, Evaluations = 9728
Generation 77: Best Solution = [ -2.9972943  -13.69162735   0.41031465 -31.83457224  21.39865133
  45.49691286  -6.50642717  18.09968392  -8.70353804 -18.8187345 ], Best Fitness = 1.5210803924606504, Evaluations = 9856
Generation 78: Best Solution = [ -3.00325283 -13.69116914   0.40462789 -31.84484593  21.39458958
  45.50132155  -6.50881166  18.07273271  -8.69988399 -18.81787093], Best Fitness = 1.519333119349994, Evaluations = 9984
Generation 79: Best Solution = [ -3.01507403 -13.67941178   0.3943889  -31.83830766  21.42235762
  45.53487537  -6.50429118  18.08785975  -8.70259375 -18.78642771], Best Fitness = 1.5185566340574999, Evaluations = 10112
