Algorithm: Cross-Entropy Method
Objective Function: Sphere
Dimension: 2
Population Size: 16
Max Evaluations: 2000

Generation 1: Best Solution = [ 2.42620149 -1.81247382], Best Fitness = 9.171515014129383, Evaluations = 16
Generation 2: Best Solution = [-9.64653929e-04  1.66989285e+00], Best Fitness = 2.7885430763898604, Evaluations = 32
Generation 3: Best Solution = [0.71390846 0.80843748], Best Fitness = 1.1632364437331013, Evaluations = 48
Generation 4: Best Solution = [0.69604293 0.72705946], Best Fitness = 1.0130912077554721, Evaluations = 64
Generation 5: Best Solution = [0.63323116 0.80849436], Best Fitness = 1.0546448297414952, Evaluations = 80
Generation 6: Best Solution = [0.63375031 0.80358995], Best Fitness = 1.0473962654631688, Evaluations = 96
Generation 7: Best Solution = [0.63991425 0.78899458], Best Fitness = 1.0320026887640876, Evaluations = 112
Generation 8: Best Solution = [0.65963625 0.76887611], Best Fitness = 1.0262904581041392, Evaluations = 128
Generation 9: Best Solution = [0.63938708 0.77962281], Best Fitness = 1.016627573052748, Evaluations = 144
Generation 10: Best Solution = [0.63217286 0.7794334 ], Best Fitness = 1.007158953373573, Evaluations = 160
Generation 11: Best Solution = [0.61650222 0.78787134], Best Fitness = 1.0008162409983061, Evaluations = 176
Generation 12: Best Solution = [0.61128139 0.78891022], Best Fitness = 0.9960442646330779, Evaluations = 192
Generation 13: Best Solution = [0.62411681 0.77219552], Best Fitness = 0.9858077091286472, Evaluations = 208
Generation 14: Best Solution = [0.60144312 0.78622307], Best Fitness = 0.9798805388291085, Evaluations = 224
Generation 15: Best Solution = [0.60974923 0.77379861], Best Fitness = 0.9705584004942646, Evaluations = 240
Generation 16: Best Solution = [0.6041235  0.76597057], Best Fitness = 0.9516761129268838, Evaluations = 256
Generation 17: Best Solution = [0.60177749 0.76572286], Best Fitness = 0.9484676520552027, Evaluations = 272
Generation 18: Best Solution = [0.59625427 0.76445508], Best Fitness = 0.9399107364034883, Evaluations = 288
Generation 19: Best Solution = [0.60042049 0.75766868], Best Fitness = 0.9345666047284951, Evaluations = 304
Generation 20: Best Solution = [0.60180167 0.7495224 ], Best Fitness = 0.923949077325982, Evaluations = 320
Generation 21: Best Solution = [0.60154504 0.74296034], Best Fitness = 0.9138465109985823, Evaluations = 336
Generation 22: Best Solution = [0.59610796 0.74119691], Best Fitness = 0.9047175633100593, Evaluations = 352
Generation 23: Best Solution = [0.59109279 0.73850778], Best Fitness = 0.8947844220127228, Evaluations = 368
Generation 24: Best Solution = [0.57556015 0.73996365], Best Fitness = 0.878815688395846, Evaluations = 384
Generation 25: Best Solution = [0.58009878 0.73500178], Best Fitness = 0.8767422069918573, Evaluations = 400
Generation 26: Best Solution = [0.57964978 0.73020893], Best Fitness = 0.8691989569013117, Evaluations = 416
Generation 27: Best Solution = [0.56565167 0.73456718], Best Fitness = 0.8595507553079732, Evaluations = 432
Generation 28: Best Solution = [0.56944151 0.72822366], Best Fitness = 0.8545733352041737, Evaluations = 448
Generation 29: Best Solution = [0.56520587 0.72714674], Best Fitness = 0.8482000609803981, Evaluations = 464
Generation 30: Best Solution = [0.5648016  0.72358765], Best Fitness = 0.8425799260917712, Evaluations = 480
Generation 31: Best Solution = [0.56400848 0.71794963], Best Fitness = 0.8335572304445562, Evaluations = 496
Generation 32: Best Solution = [0.55536649 0.71914203], Best Fitness = 0.8255971920173619, Evaluations = 512
Generation 33: Best Solution = [0.55635639 0.71634993], Best Fitness = 0.8226896630558651, Evaluations = 528
Generation 34: Best Solution = [0.55977999 0.70706631], Best Fitness = 0.8132964086888392, Evaluations = 544
Generation 35: Best Solution = [0.55612905 0.70378025], Best Fitness = 0.8045861636359, Evaluations = 560
Generation 36: Best Solution = [0.54746917 0.70720339], Best Fitness = 0.7998591342936872, Evaluations = 576
Generation 37: Best Solution = [0.53904526 0.70877359], Best Fitness = 0.7929297906078003, Evaluations = 592
Generation 38: Best Solution = [0.54179088 0.70108768], Best Fitness = 0.7850612926266065, Evaluations = 608
Generation 39: Best Solution = [0.53601315 0.70294351], Best Fitness = 0.7814396846639066, Evaluations = 624
Generation 40: Best Solution = [0.53088378 0.70379683], Best Fitness = 0.7771675636793246, Evaluations = 640
Generation 41: Best Solution = [0.54263846 0.69336032], Best Fitness = 0.7752050336173404, Evaluations = 656
Generation 42: Best Solution = [0.53104194 0.69403411], Best Fitness = 0.7636888892368969, Evaluations = 672
Generation 43: Best Solution = [0.52978433 0.68824959], Best Fitness = 0.754358936854377, Evaluations = 688
Generation 44: Best Solution = [0.52861955 0.68153093], Best Fitness = 0.7439230407723132, Evaluations = 704
Generation 45: Best Solution = [0.53012623 0.67436332], Best Fitness = 0.7357997130493674, Evaluations = 720
Generation 46: Best Solution = [0.53312753 0.67001286], Best Fitness = 0.7331421955387076, Evaluations = 736
Generation 47: Best Solution = [0.52229478 0.67430294], Best Fitness = 0.7274762853419245, Evaluations = 752
Generation 48: Best Solution = [0.52685485 0.66624507], Best Fitness = 0.7214585363510226, Evaluations = 768
Generation 49: Best Solution = [0.53160976 0.65862384], Best Fitness = 0.7163943046937381, Evaluations = 784
Generation 50: Best Solution = [0.52590939 0.65744172], Best Fitness = 0.7088103075860775, Evaluations = 800
Generation 51: Best Solution = [0.51957633 0.66010994], Best Fitness = 0.7057046895068292, Evaluations = 816
Generation 52: Best Solution = [0.5278204  0.64793356], Best Fitness = 0.6984122744896781, Evaluations = 832
Generation 53: Best Solution = [0.52326203 0.64700089], Best Fitness = 0.6924133040081617, Evaluations = 848
Generation 54: Best Solution = [0.5108006  0.65469457], Best Fitness = 0.6895422325997308, Evaluations = 864
Generation 55: Best Solution = [0.51127411 0.64629151], Best Fitness = 0.6790939319295174, Evaluations = 880
Generation 56: Best Solution = [0.5147431  0.63917074], Best Fitness = 0.6734996990420938, Evaluations = 896
Generation 57: Best Solution = [0.51871214 0.6341694 ], Best Fitness = 0.6712331131590981, Evaluations = 912
Generation 58: Best Solution = [0.51028279 0.63382554], Best Fitness = 0.6621233409620786, Evaluations = 928
Generation 59: Best Solution = [0.50336909 0.63422713], Best Fitness = 0.6556244918199001, Evaluations = 944
Generation 60: Best Solution = [0.50033474 0.63198062], Best Fitness = 0.6497343499965597, Evaluations = 960
Generation 61: Best Solution = [0.48900482 0.63296671], Best Fitness = 0.6397725714917329, Evaluations = 976
Generation 62: Best Solution = [0.48803169 0.63098231], Best Fitness = 0.6363136002976808, Evaluations = 992
Generation 63: Best Solution = [0.48561313 0.62913649], Best Fitness = 0.6316328323216437, Evaluations = 1008
Generation 64: Best Solution = [0.48945146 0.62164212], Best Fitness = 0.6260016548665805, Evaluations = 1024
Generation 65: Best Solution = [0.49046318 0.61785998], Best Fitness = 0.6223050859330815, Evaluations = 1040
Generation 66: Best Solution = [0.48844791 0.61039043], Best Fitness = 0.6111578355912752, Evaluations = 1056
Generation 67: Best Solution = [0.48104544 0.61142701], Best Fitness = 0.6052477130773665, Evaluations = 1072
Generation 68: Best Solution = [0.4736336  0.60683587], Best Fitness = 0.5925785639116954, Evaluations = 1088
Generation 69: Best Solution = [0.47587669 0.60247566], Best Fitness = 0.5894355390377554, Evaluations = 1104
Generation 70: Best Solution = [0.46499286 0.60547   ], Best Fitness = 0.5828122765825046, Evaluations = 1120
Generation 71: Best Solution = [0.45729409 0.60517303], Best Fitness = 0.5753522840934511, Evaluations = 1136
Generation 72: Best Solution = [0.45176552 0.60221037], Best Fitness = 0.5667494189368772, Evaluations = 1152
Generation 73: Best Solution = [0.45582606 0.59920853], Best Fitness = 0.5668282547719508, Evaluations = 1168
Generation 74: Best Solution = [0.4459298 0.5978608], Best Fitness = 0.556290929730213, Evaluations = 1184
Generation 75: Best Solution = [0.43032557 0.60062869], Best Fitness = 0.5459349226383405, Evaluations = 1200
Generation 76: Best Solution = [0.43197943 0.60003509], Best Fitness = 0.5466483320595019, Evaluations = 1216
Generation 77: Best Solution = [0.43341052 0.59425487], Best Fitness = 0.5409835315769043, Evaluations = 1232
Generation 78: Best Solution = [0.42063519 0.59712845], Best Fitness = 0.5334963508380322, Evaluations = 1248
Generation 79: Best Solution = [0.42527019 0.59077989], Best Fitness = 0.5298756155073189, Evaluations = 1264
Generation 80: Best Solution = [0.41809027 0.58664038], Best Fitness = 0.5189464095194077, Evaluations = 1280
Generation 81: Best Solution = [0.41447641 0.58535801], Best Fitness = 0.5144346927654723, Evaluations = 1296
Generation 82: Best Solution = [0.40941576 0.5779542 ], Best Fitness = 0.5016523239948918, Evaluations = 1312
Generation 83: Best Solution = [0.40202468 0.56869114], Best Fitness = 0.4850334596279979, Evaluations = 1328
Generation 84: Best Solution = [0.40070616 0.56990859], Best Fitness = 0.4853612306510151, Evaluations = 1344
Generation 85: Best Solution = [0.39304499 0.56134118], Best Fitness = 0.469588284621514, Evaluations = 1360
Generation 86: Best Solution = [0.38934413 0.5573059 ], Best Fitness = 0.46217872331893345, Evaluations = 1376
Generation 87: Best Solution = [0.38628547 0.55521239], Best Fitness = 0.4574772563101566, Evaluations = 1392
Generation 88: Best Solution = [0.38814974 0.54907371], Best Fitness = 0.4521421648350624, Evaluations = 1408
Generation 89: Best Solution = [0.38375811 0.54947472], Best Fitness = 0.4491927576916141, Evaluations = 1424
Generation 90: Best Solution = [0.38868097 0.54352304], Best Fitness = 0.4464901851431394, Evaluations = 1440
Generation 91: Best Solution = [0.37667437 0.54550761], Best Fitness = 0.4394621353325336, Evaluations = 1456
Generation 92: Best Solution = [0.38579754 0.53524567], Best Fitness = 0.4353276643870909, Evaluations = 1472
Generation 93: Best Solution = [0.3805697  0.52968025], Best Fitness = 0.4253944661501242, Evaluations = 1488
Generation 94: Best Solution = [0.38030141 0.52328272], Best Fitness = 0.41845397049154015, Evaluations = 1504
Generation 95: Best Solution = [0.37743081 0.52315894], Best Fitness = 0.41614928876321433, Evaluations = 1520
Generation 96: Best Solution = [0.37559561 0.5163879 ], Best Fitness = 0.4077285282121822, Evaluations = 1536
Generation 97: Best Solution = [0.3741462  0.51334307], Best Fitness = 0.40350648475700457, Evaluations = 1552
Generation 98: Best Solution = [0.36790522 0.51034074], Best Fitness = 0.39580191424401, Evaluations = 1568
Generation 99: Best Solution = [0.36851151 0.50815329], Best Fitness = 0.39402050704914393, Evaluations = 1584
Generation 100: Best Solution = [0.36783328 0.50468612], Best Fitness = 0.39000940220247604, Evaluations = 1600
Generation 101: Best Solution = [0.36392761 0.49947215], Best Fitness = 0.38191572884200753, Evaluations = 1616
Generation 102: Best Solution = [0.36228367 0.49741866], Best Fitness = 0.3786747820959156, Evaluations = 1632
Generation 103: Best Solution = [0.3557427  0.48943689], Best Fitness = 0.366101343061119, Evaluations = 1648
Generation 104: Best Solution = [0.3537436  0.48319564], Best Fitness = 0.358612558725697, Evaluations = 1664
Generation 105: Best Solution = [0.34983481 0.48204231], Best Fitness = 0.3547491859765578, Evaluations = 1680
Generation 106: Best Solution = [0.34483489 0.48398017], Best Fitness = 0.35314790126966483, Evaluations = 1696
Generation 107: Best Solution = [0.34770488 0.47670503], Best Fitness = 0.3481463674104916, Evaluations = 1712
Generation 108: Best Solution = [0.35157542 0.4673372 ], Best Fitness = 0.3420093419909843, Evaluations = 1728
Generation 109: Best Solution = [0.33986573 0.47247569], Best Fitness = 0.33874199546088557, Evaluations = 1744
Generation 110: Best Solution = [0.34516053 0.46347965], Best Fitness = 0.3339491776599722, Evaluations = 1760
Generation 111: Best Solution = [0.33938354 0.46227533], Best Fitness = 0.32887967100808135, Evaluations = 1776
Generation 112: Best Solution = [0.33736511 0.46014455], Best Fitness = 0.3255482264478149, Evaluations = 1792
Generation 113: Best Solution = [0.33697067 0.455384  ], Best Fitness = 0.3209238260420004, Evaluations = 1808
Generation 114: Best Solution = [0.33395886 0.45410495], Best Fitness = 0.31773982402150447, Evaluations = 1824
Generation 115: Best Solution = [0.32898226 0.45314345], Best Fitness = 0.3135683091921716, Evaluations = 1840
Generation 116: Best Solution = [0.32887911 0.44859896], Best Fitness = 0.3094024961888059, Evaluations = 1856
Generation 117: Best Solution = [0.33583814 0.44116698], Best Fitness = 0.3074155600037919, Evaluations = 1872
Generation 118: Best Solution = [0.33105615 0.44009052], Best Fitness = 0.30327783870303615, Evaluations = 1888
Generation 119: Best Solution = [0.32507737 0.43584244], Best Fitness = 0.29563392784508336, Evaluations = 1904
Generation 120: Best Solution = [0.32762747 0.43100616], Best Fitness = 0.2931060701153064, Evaluations = 1920
Generation 121: Best Solution = [0.32681136 0.42650192], Best Fitness = 0.28870955720104785, Evaluations = 1936
Generation 122: Best Solution = [0.31331522 0.42933528], Best Fitness = 0.28249521130698296, Evaluations = 1952
Generation 123: Best Solution = [0.31504774 0.41908728], Best Fitness = 0.274889228853978, Evaluations = 1968
Generation 124: Best Solution = [0.31082192 0.41579947], Best Fitness = 0.26949946902107946, Evaluations = 1984
Generation 125: Best Solution = [0.30168858 0.41524053], Best Fitness = 0.2634406952025248, Evaluations = 2000
