Algorithm: Cross-Entropy Method
Objective Function: Griewank
Dimension: 10
Population Size: 128
Max Evaluations: 10000

Generation 1: Best Solution = [-3.41490401e+02 -6.00000000e+02  2.47007743e+02  1.33124039e+02
 -5.51117419e+01  1.53508297e+01 -2.43335331e+02  1.56439631e+02
 -3.86466097e+02 -2.91797467e-01], Best Fitness = 198.88696977571863, Evaluations = 128
Generation 2: Best Solution = [-494.87453775 -285.51599634  250.37812309  196.75772882 -154.58293349
 -213.06673979 -226.11303234    8.9289072  -229.40031883 -203.6470221 ], Best Fitness = 161.6049634023773, Evaluations = 256
Generation 3: Best Solution = [-182.93712107 -316.71492131  195.49542665  203.44105545  -72.77599842
 -139.78145799 -398.0845316   119.20192141 -284.01528334 -187.43429957], Best Fitness = 132.6862507919869, Evaluations = 384
Generation 4: Best Solution = [-285.24590784 -285.41707598  146.19888722  199.19990388   46.77463484
  -61.33518002 -287.92748662   97.49306217 -286.58114979 -192.82888952], Best Fitness = 111.38272449112267, Evaluations = 512
Generation 5: Best Solution = [-189.78017269 -220.86776395  189.32272899  217.28641833  -71.29520845
 -219.14371458 -287.0289359    63.98098101 -206.05238382 -245.15270514], Best Fitness = 103.49987533330035, Evaluations = 640
Generation 6: Best Solution = [-198.57861878 -208.05865395  198.36142665  107.41168948 -161.42239039
 -188.51936246 -297.14394416  154.22519581 -197.58107455 -224.51231967], Best Fitness = 100.18183838595208, Evaluations = 768
Generation 7: Best Solution = [-258.91081019 -189.32469171  224.18152621  143.3629297   -92.84781903
 -182.75330283 -259.20761929   66.88813009 -172.51343004 -213.76064432], Best Fitness = 91.7064581147411, Evaluations = 896
Generation 8: Best Solution = [-200.18843045 -228.19237477  253.73383979  105.48398583 -127.67856176
 -106.86991514 -255.32226176   82.10278263 -221.15910377 -219.09606205], Best Fitness = 92.0523486205643, Evaluations = 1024
Generation 9: Best Solution = [-210.43924656 -221.05529069  183.63498513  110.79210835  -85.31378228
 -177.91165552 -245.20192372  100.49748743 -170.68528956 -265.82134261], Best Fitness = 88.02395824740697, Evaluations = 1152
Generation 10: Best Solution = [-196.47975205 -220.38352199  212.56448611   95.56625553 -108.30996488
 -188.03748641 -216.41758142   81.65403146 -197.34091642 -251.27363898], Best Fitness = 87.04199046531272, Evaluations = 1280
Generation 11: Best Solution = [-173.42465167 -220.44289794  220.33369757   70.81705459 -104.56258327
 -157.91641534 -227.00924238  111.78891755 -213.36773475 -252.32559965], Best Fitness = 86.33200939308183, Evaluations = 1408
Generation 12: Best Solution = [-185.35363598 -199.67373529  227.28129571   91.30225877 -122.98376454
 -166.25788042 -236.60465894  101.73098791 -206.2473848  -226.34907321], Best Fitness = 85.27200522699123, Evaluations = 1536
Generation 13: Best Solution = [-181.18865783 -201.07595111  221.29384275   99.49018984 -122.78059457
 -167.71395407 -241.50845883  107.99867236 -211.87699966 -215.75474117], Best Fitness = 85.19101386607382, Evaluations = 1664
Generation 14: Best Solution = [-185.16947626 -217.18234733  200.37965079   76.80298456 -122.98294219
 -158.97048885 -232.724876     91.63188615 -215.4590571  -241.65391522], Best Fitness = 84.82151636747822, Evaluations = 1792
Generation 15: Best Solution = [-195.39862433 -207.99459783  223.66398032   84.45122431 -123.90470289
 -152.63272881 -238.18340012  101.85318642 -210.16942261 -214.28797934], Best Fitness = 84.61156136694096, Evaluations = 1920
Generation 16: Best Solution = [-199.89802983 -204.1740446   217.28255459   94.79197303 -130.97029123
 -161.51072969 -234.44187135  107.05726327 -207.44295636 -209.98941811], Best Fitness = 84.5433025021297, Evaluations = 2048
Generation 17: Best Solution = [-191.63285113 -209.98789443  219.72188133   85.57507763 -122.88775255
 -153.46296552 -236.29380018  104.78172276 -214.56930124 -214.13522318], Best Fitness = 84.44470659915525, Evaluations = 2176
Generation 18: Best Solution = [-188.6468362  -212.96831484  205.65365441   93.71884197 -111.43371077
 -169.84471363 -239.8816762    96.84601054 -206.47169522 -228.86596484], Best Fitness = 84.26378043616643, Evaluations = 2304
Generation 19: Best Solution = [-186.63807776 -206.01913094  217.10009794   86.04037725 -125.33176799
 -149.82110941 -244.17665407  106.90039351 -209.04035455 -220.73826543], Best Fitness = 84.36142556938671, Evaluations = 2432
Generation 20: Best Solution = [-194.74171387 -209.09900968  215.26606777   87.01826528 -129.39733523
 -157.36690147 -233.61199338  102.44624193 -209.15711201 -217.98510718], Best Fitness = 84.35055464329513, Evaluations = 2560
Generation 21: Best Solution = [-191.74104986 -214.292452    217.18585825   81.69168388 -128.49808103
 -161.44858285 -230.8307207    99.22226775 -209.1841219  -218.29436885], Best Fitness = 84.18123912713152, Evaluations = 2688
Generation 22: Best Solution = [-191.5215483  -209.72864748  217.7499924    81.18236839 -129.16867166
 -153.57319959 -238.50280177  104.5262422  -208.09633756 -217.76766844], Best Fitness = 84.26519769765808, Evaluations = 2816
Generation 23: Best Solution = [-191.42167593 -208.54473667  216.6346612    86.23621179 -127.80660723
 -154.00115189 -235.55579452  105.14939093 -208.99008371 -220.44796582], Best Fitness = 84.21684741915305, Evaluations = 2944
Generation 24: Best Solution = [-192.39290943 -209.44519106  217.02859515   87.34971786 -128.00266384
 -153.78045404 -235.07468405  105.87779674 -210.54543593 -216.74944336], Best Fitness = 84.24544198637342, Evaluations = 3072
Generation 25: Best Solution = [-191.93309891 -208.91422814  216.66017068   87.14154722 -127.1829813
 -153.39952496 -235.93160311  106.12757439 -209.15456397 -219.17254869], Best Fitness = 84.16736367492199, Evaluations = 3200
Generation 26: Best Solution = [-191.43889672 -208.56363389  216.27588984   87.720925   -126.89081083
 -154.88987579 -234.48576347  105.30713264 -209.92234887 -220.2467009 ], Best Fitness = 84.10064714684759, Evaluations = 3328
Generation 27: Best Solution = [-191.62485258 -208.25405996  216.71439228   87.3596151  -126.17802289
 -155.16899361 -235.09056468  107.86370428 -208.97794328 -219.40255175], Best Fitness = 84.04322274591718, Evaluations = 3456
Generation 28: Best Solution = [-191.69736154 -208.7242586   216.77107481   87.18586188 -126.29614142
 -154.44148318 -234.80436535  107.58505292 -209.36867823 -219.51145452], Best Fitness = 83.96840875730506, Evaluations = 3584
Generation 29: Best Solution = [-192.0923335  -208.69875984  217.45959185   87.64927922 -125.66972082
 -154.23498201 -234.41382351  107.16363206 -210.00137454 -218.66855563], Best Fitness = 83.93011344715957, Evaluations = 3712
Generation 30: Best Solution = [-192.44993581 -208.90689974  217.13194877   87.50957975 -126.36349299
 -154.26443658 -234.35431222  107.03976036 -209.63007399 -218.64810727], Best Fitness = 83.97564091558539, Evaluations = 3840
Generation 31: Best Solution = [-192.28996758 -208.66762972  217.34711805   87.40084531 -126.44953964
 -154.22703519 -234.04863445  108.07916235 -209.53843004 -218.82522998], Best Fitness = 83.93496618175655, Evaluations = 3968
Generation 32: Best Solution = [-192.18770397 -208.74930786  217.21632947   87.06467175 -126.38879338
 -154.74058491 -234.10336668  106.94533166 -209.40020538 -219.3241789 ], Best Fitness = 83.8930491498153, Evaluations = 4096
Generation 33: Best Solution = [-192.04463438 -208.61952725  217.06832464   87.27979505 -126.52259355
 -154.33322246 -234.22536806  107.15668726 -209.46145721 -219.5607423 ], Best Fitness = 83.87022229753465, Evaluations = 4224
Generation 34: Best Solution = [-192.0914746  -208.69610864  217.22950015   87.32089715 -126.30469037
 -154.91042499 -234.18922561  107.2112798  -209.39379427 -218.98281765], Best Fitness = 83.85516487233379, Evaluations = 4352
Generation 35: Best Solution = [-191.9615842  -208.72994682  217.24671092   87.42124016 -126.44374173
 -154.87468067 -234.13783011  106.80645063 -209.68639827 -218.94887222], Best Fitness = 83.84509118655872, Evaluations = 4480
Generation 36: Best Solution = [-192.05146348 -208.62593739  217.18814224   87.48419005 -126.50544464
 -154.62280895 -234.12956144  107.25293384 -209.55234288 -219.09316658], Best Fitness = 83.8438959319576, Evaluations = 4608
Generation 37: Best Solution = [-192.00244442 -208.66782155  217.16189215   87.50686039 -126.27953826
 -154.74726595 -234.11723303  107.14979677 -209.56091507 -219.18754049], Best Fitness = 83.83882913391247, Evaluations = 4736
Generation 38: Best Solution = [-192.00080626 -208.67603792  217.19691638   87.51461601 -126.51889426
 -154.73065325 -234.06510268  107.1459312  -209.63123693 -219.02574572], Best Fitness = 83.8353203254635, Evaluations = 4864
Generation 39: Best Solution = [-192.03489445 -208.69269023  217.25264211   87.43652908 -126.47244381
 -154.6207672  -234.07842816  107.13735568 -209.62068239 -219.05209824], Best Fitness = 83.83402243200264, Evaluations = 4992
Generation 40: Best Solution = [-192.03616779 -208.67099204  217.19472868   87.41758439 -126.39466539
 -154.62503836 -234.16322298  107.12795975 -209.54373988 -219.08266595], Best Fitness = 83.82978852811084, Evaluations = 5120
Generation 41: Best Solution = [-192.06021859 -208.69320579  217.18693184   87.43671081 -126.38228315
 -154.61777727 -234.11732543  107.06727844 -209.56720297 -219.09121235], Best Fitness = 83.8281380626339, Evaluations = 5248
Generation 42: Best Solution = [-192.04552484 -208.7260324   217.17655125   87.47677607 -126.3270946
 -154.58129825 -234.12041275  107.07586887 -209.6006805  -219.07479598], Best Fitness = 83.82475260318597, Evaluations = 5376
Generation 43: Best Solution = [-192.04023705 -208.6948846   217.20079338   87.43951697 -126.34745284
 -154.57514259 -234.12050056  107.069161   -209.55835582 -219.15356506], Best Fitness = 83.82167170000461, Evaluations = 5504
Generation 44: Best Solution = [-192.03425757 -208.70547955  217.19934302   87.42532152 -126.36337726
 -154.6271683  -234.10903733  107.12485066 -209.55405187 -219.07039691], Best Fitness = 83.81841956687373, Evaluations = 5632
Generation 45: Best Solution = [-192.02691112 -208.73236885  217.18349037   87.47199783 -126.30087579
 -154.57872266 -234.10633823  107.04660726 -209.59662708 -219.10782513], Best Fitness = 83.8159798679674, Evaluations = 5760
Generation 46: Best Solution = [-192.01778691 -208.73612394  217.20521644   87.49071769 -126.40634315
 -154.63338088 -234.07226053  107.05644632 -209.626969   -218.99546528], Best Fitness = 83.81298666276842, Evaluations = 5888
Generation 47: Best Solution = [-192.01543148 -208.76655457  217.19869953   87.53155272 -126.37058065
 -154.64706252 -234.04867644  107.04851895 -209.66193752 -218.94314811], Best Fitness = 83.8107138954799, Evaluations = 6016
Generation 48: Best Solution = [-192.01119725 -208.71096648  217.16522893   87.51127945 -126.36208811
 -154.62642195 -234.08255959  107.0804932  -209.6028344  -219.04045686], Best Fitness = 83.80795384930687, Evaluations = 6144
Generation 49: Best Solution = [-192.00268197 -208.72766881  217.19656031   87.52826818 -126.40330133
 -154.64332501 -234.04136801  107.06389754 -209.63266018 -219.00512142], Best Fitness = 83.80464165393813, Evaluations = 6272
Generation 50: Best Solution = [-192.01103277 -208.7174345   217.19992538   87.52159909 -126.39897705
 -154.63005726 -234.03610373  107.06842325 -209.62212359 -219.008298  ], Best Fitness = 83.80112229400248, Evaluations = 6400
Generation 51: Best Solution = [-191.98966455 -208.72862765  217.18025511   87.5090714  -126.39173648
 -154.63129476 -234.07216553  107.06064416 -209.61022386 -219.0055902 ], Best Fitness = 83.79908275526518, Evaluations = 6528
Generation 52: Best Solution = [-191.97988955 -208.72361679  217.18602214   87.5129624  -126.36478789
 -154.62909131 -234.06347999  107.05347741 -209.61942286 -219.0297283 ], Best Fitness = 83.79728480241249, Evaluations = 6656
Generation 53: Best Solution = [-192.00495653 -208.71210391  217.15916145   87.50670288 -126.31413767
 -154.59606958 -234.08755144  107.02674587 -209.5952977  -219.04164728], Best Fitness = 83.79431592534188, Evaluations = 6784
Generation 54: Best Solution = [-191.99437923 -208.72681111  217.20601162   87.52398694 -126.4227645
 -154.62233084 -234.04488955  107.0748888  -209.60401016 -218.9812896 ], Best Fitness = 83.79138749789601, Evaluations = 6912
Generation 55: Best Solution = [-191.99889821 -208.69123164  217.19530603   87.50762613 -126.35702901
 -154.59784898 -234.0821232   107.05433166 -209.58518183 -219.02072718], Best Fitness = 83.78971547188787, Evaluations = 7040
Generation 56: Best Solution = [-191.99095368 -208.69471613  217.18108885   87.51156206 -126.36881414
 -154.6082515  -234.0810329   107.06876053 -209.57796172 -219.0095183 ], Best Fitness = 83.78683537615547, Evaluations = 7168
Generation 57: Best Solution = [-191.99033025 -208.72614799  217.17772363   87.51736648 -126.38033525
 -154.60562381 -234.03713246  107.06567177 -209.60397809 -219.00089369], Best Fitness = 83.7847916771621, Evaluations = 7296
Generation 58: Best Solution = [-191.96915375 -208.71399799  217.18311875   87.51601758 -126.37177053
 -154.61759654 -234.05303134  107.06268329 -209.58960355 -219.02316244], Best Fitness = 83.78158167226546, Evaluations = 7424
Generation 59: Best Solution = [-191.9626064  -208.71463081  217.17799051   87.5325403  -126.37504781
 -154.6308197  -234.04761429  107.04908219 -209.59311049 -219.00759985], Best Fitness = 83.77802316087799, Evaluations = 7552
Generation 60: Best Solution = [-191.97010716 -208.71397196  217.20132868   87.52683832 -126.40516809
 -154.6099917  -234.03572576  107.06019872 -209.59324777 -218.99179673], Best Fitness = 83.77559027081101, Evaluations = 7680
Generation 61: Best Solution = [-191.96175404 -208.70273229  217.18241683   87.50250799 -126.37066036
 -154.59865361 -234.06097486  107.06080672 -209.57022384 -219.02037857], Best Fitness = 83.77221584797554, Evaluations = 7808
Generation 62: Best Solution = [-191.96227666 -208.69792801  217.169591     87.50780294 -126.34699717
 -154.6050715  -234.05918266  107.0419548  -209.57276634 -219.02128838], Best Fitness = 83.77012874259034, Evaluations = 7936
Generation 63: Best Solution = [-191.97804147 -208.70923418  217.19443703   87.52304674 -126.40404666
 -154.60651457 -234.0308046   107.05245878 -209.57206669 -218.97978447], Best Fitness = 83.76774223532078, Evaluations = 8064
Generation 64: Best Solution = [-191.95705027 -208.71028768  217.17268388   87.53327691 -126.37105336
 -154.61812978 -234.05234973  107.06232421 -209.55037814 -219.00676676], Best Fitness = 83.76453692484898, Evaluations = 8192
Generation 65: Best Solution = [-191.93974645 -208.7234629   217.19893616   87.52884933 -126.37612059
 -154.58378396 -234.04091826  107.03969078 -209.58178897 -219.01409876], Best Fitness = 83.76189410593244, Evaluations = 8320
Generation 66: Best Solution = [-191.95179815 -208.71888141  217.19443625   87.53581795 -126.40061166
 -154.59491234 -234.02628892  107.06524612 -209.56439169 -219.00027468], Best Fitness = 83.75973138216547, Evaluations = 8448
Generation 67: Best Solution = [-191.94608599 -208.71837574  217.21181362   87.53575334 -126.42098759
 -154.60194691 -234.00516992  107.05350946 -209.57473535 -218.99450375], Best Fitness = 83.75704135494948, Evaluations = 8576
Generation 68: Best Solution = [-191.94991701 -208.71970929  217.19811843   87.55816949 -126.39257221
 -154.60579217 -234.00517642  107.04541211 -209.56544832 -219.00235607], Best Fitness = 83.75426191258589, Evaluations = 8704
Generation 69: Best Solution = [-191.93368404 -208.72186228  217.20032539   87.54575854 -126.40913602
 -154.59321563 -233.99264627  107.05106965 -209.57191702 -219.02189847], Best Fitness = 83.75147923295056, Evaluations = 8832
Generation 70: Best Solution = [-191.94928531 -208.70158865  217.21721934   87.53133741 -126.42127469
 -154.59171534 -234.01375239  107.07629215 -209.54473129 -218.97946361], Best Fitness = 83.74909983189721, Evaluations = 8960
Generation 71: Best Solution = [-191.93009586 -208.73119798  217.22792856   87.55472332 -126.43253754
 -154.58451039 -233.99555788  107.07541398 -209.55725357 -218.98319252], Best Fitness = 83.74546334344853, Evaluations = 9088
Generation 72: Best Solution = [-191.94454939 -208.7336552   217.22445013   87.58144508 -126.44325749
 -154.58334902 -233.98994518  107.07015135 -209.53148517 -218.97063675], Best Fitness = 83.73918626413102, Evaluations = 9216
Generation 73: Best Solution = [-191.92436113 -208.71929283  217.20959365   87.57662005 -126.42737465
 -154.58611411 -233.98352048  107.05247109 -209.55032104 -219.01100105], Best Fitness = 83.7393455132491, Evaluations = 9344
Generation 74: Best Solution = [-191.92398096 -208.72172136  217.19528461   87.54772138 -126.42382414
 -154.59399488 -233.99080628  107.07964681 -209.52818889 -218.98698388], Best Fitness = 83.73510756855592, Evaluations = 9472
Generation 75: Best Solution = [-191.91964787 -208.7222528   217.18038524   87.56859025 -126.4281888
 -154.59212697 -234.00975127  107.09221716 -209.52103437 -218.96320381], Best Fitness = 83.73373179017779, Evaluations = 9600
Generation 76: Best Solution = [-191.91744244 -208.71528683  217.19318817   87.56876359 -126.4277812
 -154.5833285  -233.98789335  107.07167915 -209.53676066 -218.97275876], Best Fitness = 83.73038069113558, Evaluations = 9728
Generation 77: Best Solution = [-191.90982956 -208.72690123  217.21869227   87.57987573 -126.43682566
 -154.57052528 -233.9902094   107.08239392 -209.53085438 -218.96691784], Best Fitness = 83.72750798471013, Evaluations = 9856
Generation 78: Best Solution = [-191.90746214 -208.71728062  217.22085783   87.58883063 -126.44555187
 -154.56699576 -233.97451527  107.08057035 -209.53700286 -218.98063251], Best Fitness = 83.72594427096634, Evaluations = 9984
Generation 79: Best Solution = [-191.91134938 -208.69079724  217.21088785   87.56091459 -126.43402081
 -154.55348163 -233.99260611  107.11208466 -209.52287699 -218.95379006], Best Fitness = 83.72193505223791, Evaluations = 10112
