Algorithm: Cross-Entropy Method
Objective Function: Ackley
Dimension: 2
Population Size: 8
Max Evaluations: 2000

Generation 1: Best Solution = [ -7.96579323 -10.14365605], Best Fitness = 17.268977707855573, Evaluations = 8
Generation 2: Best Solution = [-9.94270477 -3.79031923], Best Fitness = 16.467240614666725, Evaluations = 16
Generation 3: Best Solution = [-4.18863547  0.92620766], Best Fitness = 9.927533887110533, Evaluations = 24
Generation 4: Best Solution = [-5.96161344 -1.17539819], Best Fitness = 12.212511842361318, Evaluations = 32
Generation 5: Best Solution = [-4.66717648 -0.68853479], Best Fitness = 11.809227246318688, Evaluations = 40
Generation 6: Best Solution = [-4.44003737 -0.19147251], Best Fitness = 11.298572562134085, Evaluations = 48
Generation 7: Best Solution = [-4.94280612 -0.72680166], Best Fitness = 11.3662299316336, Evaluations = 56
Generation 8: Best Solution = [-4.55130407 -0.24601467], Best Fitness = 11.590546525854048, Evaluations = 64
Generation 9: Best Solution = [-4.38697166 -0.04761789], Best Fitness = 10.860516270053598, Evaluations = 72
Generation 10: Best Solution = [-4.27554936  0.07650113], Best Fitness = 10.355829603826068, Evaluations = 80
Generation 11: Best Solution = [-4.27504826  0.06988888], Best Fitness = 10.339301294214884, Evaluations = 88
Generation 12: Best Solution = [-4.27656999  0.06468336], Best Fitness = 10.338627221363788, Evaluations = 96
Generation 13: Best Solution = [-4.27383129  0.06128661], Best Fitness = 10.315833780120382, Evaluations = 104
Generation 14: Best Solution = [-4.26908317  0.06205808], Best Fitness = 10.2879157850309, Evaluations = 112
Generation 15: Best Solution = [-4.26595147  0.06166642], Best Fitness = 10.26766020273627, Evaluations = 120
Generation 16: Best Solution = [-4.25960544  0.06652341], Best Fitness = 10.236813414062567, Evaluations = 128
Generation 17: Best Solution = [-4.26078228  0.05664349], Best Fitness = 10.226073603717358, Evaluations = 136
Generation 18: Best Solution = [-4.25246669  0.07691789], Best Fitness = 10.21342702668359, Evaluations = 144
Generation 19: Best Solution = [-4.24926459  0.06981041], Best Fitness = 10.17707826349289, Evaluations = 152
Generation 20: Best Solution = [-4.24229086  0.07532302], Best Fitness = 10.143747463766635, Evaluations = 160
Generation 21: Best Solution = [-4.24244359  0.06809665], Best Fitness = 10.128685460022481, Evaluations = 168
Generation 22: Best Solution = [-4.23795002  0.06923245], Best Fitness = 10.101277874695976, Evaluations = 176
Generation 23: Best Solution = [-4.23602846  0.06983445], Best Fitness = 10.089761018247904, Evaluations = 184
Generation 24: Best Solution = [-4.22980653  0.06498838], Best Fitness = 10.037218091651257, Evaluations = 192
Generation 25: Best Solution = [-4.22925901  0.0634472 ], Best Fitness = 10.030239377821351, Evaluations = 200
Generation 26: Best Solution = [-4.22565273  0.06728624], Best Fitness = 10.0138599994695, Evaluations = 208
Generation 27: Best Solution = [-4.22471951  0.06223114], Best Fitness = 9.996583811778205, Evaluations = 216
Generation 28: Best Solution = [-4.22066024  0.05249035], Best Fitness = 9.949455890029306, Evaluations = 224
Generation 29: Best Solution = [-4.21759919  0.05360054], Best Fitness = 9.93005976953689, Evaluations = 232
Generation 30: Best Solution = [-4.21317556  0.04819179], Best Fitness = 9.889206417694712, Evaluations = 240
Generation 31: Best Solution = [-4.20938395  0.04523473], Best Fitness = 9.857306821618954, Evaluations = 248
Generation 32: Best Solution = [-4.2051039   0.04518557], Best Fitness = 9.826627390611149, Evaluations = 256
Generation 33: Best Solution = [-4.20385464  0.04283766], Best Fitness = 9.813874543861797, Evaluations = 264
Generation 34: Best Solution = [-4.2011828   0.04560849], Best Fitness = 9.799192199594758, Evaluations = 272
Generation 35: Best Solution = [-4.19601285  0.04352183], Best Fitness = 9.758464803334252, Evaluations = 280
Generation 36: Best Solution = [-4.19255221  0.0434484 ], Best Fitness = 9.733316226024359, Evaluations = 288
Generation 37: Best Solution = [-4.18681095  0.04337695], Best Fitness = 9.69158890734227, Evaluations = 296
Generation 38: Best Solution = [-4.18540381  0.04435845], Best Fitness = 9.683050030762672, Evaluations = 304
Generation 39: Best Solution = [-4.18118659  0.03825643], Best Fitness = 9.642533260962022, Evaluations = 312
Generation 40: Best Solution = [-4.17868311  0.03850116], Best Fitness = 9.624677845966549, Evaluations = 320
Generation 41: Best Solution = [-4.17808277  0.0357769 ], Best Fitness = 9.616265434162795, Evaluations = 328
Generation 42: Best Solution = [-4.17503531  0.04231035], Best Fitness = 9.60430677187198, Evaluations = 336
Generation 43: Best Solution = [-4.17171845  0.03612864], Best Fitness = 9.570416134589564, Evaluations = 344
Generation 44: Best Solution = [-4.163631    0.04058456], Best Fitness = 9.518801557997604, Evaluations = 352
Generation 45: Best Solution = [-4.15666556  0.04554152], Best Fitness = 9.477645226885329, Evaluations = 360
Generation 46: Best Solution = [-4.15829352  0.04026294], Best Fitness = 9.479815014749091, Evaluations = 368
Generation 47: Best Solution = [-4.1555524   0.04053213], Best Fitness = 9.460613305342397, Evaluations = 376
Generation 48: Best Solution = [-4.15218445  0.04214158], Best Fitness = 9.4393861528362, Evaluations = 384
Generation 49: Best Solution = [-4.14804782  0.04600174], Best Fitness = 9.41731712755275, Evaluations = 392
Generation 50: Best Solution = [-4.14386265  0.04806695], Best Fitness = 9.392078716552923, Evaluations = 400
Generation 51: Best Solution = [-4.14164936  0.04378434], Best Fitness = 9.368085857922887, Evaluations = 408
Generation 52: Best Solution = [-4.13844717  0.04668943], Best Fitness = 9.351551114161275, Evaluations = 416
Generation 53: Best Solution = [-4.13604499  0.03799814], Best Fitness = 9.318679466828668, Evaluations = 424
Generation 54: Best Solution = [-4.13125414  0.04649215], Best Fitness = 9.301753810344698, Evaluations = 432
Generation 55: Best Solution = [-4.130385    0.03391176], Best Fitness = 9.273116065543748, Evaluations = 440
Generation 56: Best Solution = [-4.13005229  0.03357957], Best Fitness = 9.270332500278723, Evaluations = 448
Generation 57: Best Solution = [-4.12605259  0.03087919], Best Fitness = 9.239154105583523, Evaluations = 456
Generation 58: Best Solution = [-4.121022   0.0352413], Best Fitness = 9.212054860710165, Evaluations = 464
Generation 59: Best Solution = [-4.11397644  0.03470096], Best Fitness = 9.164924225381988, Evaluations = 472
Generation 60: Best Solution = [-4.11299763  0.0340255 ], Best Fitness = 9.157501713094721, Evaluations = 480
Generation 61: Best Solution = [-4.11091188  0.03400332], Best Fitness = 9.144052201361152, Evaluations = 488
Generation 62: Best Solution = [-4.112939    0.03489528], Best Fitness = 9.15853251076214, Evaluations = 496
Generation 63: Best Solution = [-4.10825439  0.03750877], Best Fitness = 9.133067309435024, Evaluations = 504
Generation 64: Best Solution = [-4.10198417  0.03969829], Best Fitness = 9.098022306696858, Evaluations = 512
Generation 65: Best Solution = [-4.09945447  0.03962775], Best Fitness = 9.08246268349168, Evaluations = 520
Generation 66: Best Solution = [-4.09781728  0.039973  ], Best Fitness = 9.07324380255231, Evaluations = 528
Generation 67: Best Solution = [-4.09308022  0.03957627], Best Fitness = 9.04437392690215, Evaluations = 536
Generation 68: Best Solution = [-4.08926034  0.03597377], Best Fitness = 9.015582426845292, Evaluations = 544
Generation 69: Best Solution = [-4.08722905  0.03362228], Best Fitness = 8.999961639990179, Evaluations = 552
Generation 70: Best Solution = [-4.08054401  0.03191185], Best Fitness = 8.960021681503866, Evaluations = 560
Generation 71: Best Solution = [-4.07260657  0.03480351], Best Fitness = 8.922938554346569, Evaluations = 568
Generation 72: Best Solution = [-4.069463    0.03590888], Best Fitness = 8.9090119443017, Evaluations = 576
Generation 73: Best Solution = [-4.06408705  0.03578453], Best Fitness = 8.882550310431661, Evaluations = 584
Generation 74: Best Solution = [-4.06383623  0.03275597], Best Fitness = 8.876065399656529, Evaluations = 592
Generation 75: Best Solution = [-4.05397967  0.03946535], Best Fitness = 8.843709160513292, Evaluations = 600
Generation 76: Best Solution = [-4.05258874  0.03735858], Best Fitness = 8.833596313807316, Evaluations = 608
Generation 77: Best Solution = [-4.04646094  0.04059352], Best Fitness = 8.81490494686058, Evaluations = 616
Generation 78: Best Solution = [-4.04506976  0.0365291 ], Best Fitness = 8.801330486690642, Evaluations = 624
Generation 79: Best Solution = [-4.04039787  0.04117129], Best Fitness = 8.792971671862105, Evaluations = 632
Generation 80: Best Solution = [-4.03962343  0.0393043 ], Best Fitness = 8.786247122022926, Evaluations = 640
Generation 81: Best Solution = [-4.03765012  0.03297115], Best Fitness = 8.767220721816312, Evaluations = 648
Generation 82: Best Solution = [-4.03559471  0.03496238], Best Fitness = 8.763570733363988, Evaluations = 656
Generation 83: Best Solution = [-4.03148762  0.03344746], Best Fitness = 8.74711386366803, Evaluations = 664
Generation 84: Best Solution = [-4.02765612  0.03680906], Best Fitness = 8.741266916699587, Evaluations = 672
Generation 85: Best Solution = [-4.02711533  0.03034981], Best Fitness = 8.728200640466081, Evaluations = 680
Generation 86: Best Solution = [-4.01650314  0.03562881], Best Fitness = 8.708223450516472, Evaluations = 688
Generation 87: Best Solution = [-4.01491787  0.02332571], Best Fitness = 8.685093760350497, Evaluations = 696
Generation 88: Best Solution = [-4.01127035  0.02045863], Best Fitness = 8.673341209148253, Evaluations = 704
Generation 89: Best Solution = [-4.00650184  0.01218176], Best Fitness = 8.65616409877488, Evaluations = 712
Generation 90: Best Solution = [-4.00316062  0.01905899], Best Fitness = 8.655718146835085, Evaluations = 720
Generation 91: Best Solution = [-4.00329428  0.01271916], Best Fitness = 8.650534210558586, Evaluations = 728
Generation 92: Best Solution = [-4.00059445  0.00691855], Best Fitness = 8.64284344188808, Evaluations = 736
Generation 93: Best Solution = [-3.99722669  0.0041194 ], Best Fitness = 8.636794565730995, Evaluations = 744
Generation 94: Best Solution = [-3.99686708  0.00702206], Best Fitness = 8.637147164510932, Evaluations = 752
Generation 95: Best Solution = [-3.99157144  0.00941251], Best Fitness = 8.631333618789586, Evaluations = 760
Generation 96: Best Solution = [-3.99149836  0.00759955], Best Fitness = 8.630417131768032, Evaluations = 768
Generation 97: Best Solution = [-3.98813159  0.00923547], Best Fitness = 8.62757895382045, Evaluations = 776
Generation 98: Best Solution = [-3.9814915   0.00566021], Best Fitness = 8.62084107299407, Evaluations = 784
Generation 99: Best Solution = [-3.97738336  0.00808181], Best Fitness = 8.619616076671027, Evaluations = 792
Generation 100: Best Solution = [-3.97632623  0.00485979], Best Fitness = 8.618092597619018, Evaluations = 800
Generation 101: Best Solution = [-3.9754739e+00  1.4523064e-04], Best Fitness = 8.617176149939244, Evaluations = 808
Generation 102: Best Solution = [-3.97508582e+00  1.89748991e-03], Best Fitness = 8.617156303094676, Evaluations = 816
Generation 103: Best Solution = [-3.97267671e+00 -1.41657557e-03], Best Fitness = 8.616567469195774, Evaluations = 824
Generation 104: Best Solution = [-3.97023362e+00 -9.22181805e-04], Best Fitness = 8.616287841345208, Evaluations = 832
Generation 105: Best Solution = [-3.96738854e+00 -1.29859975e-03], Best Fitness = 8.616405045596302, Evaluations = 840
Generation 106: Best Solution = [-3.97064018e+00 -1.49812478e-03], Best Fitness = 8.616345354978776, Evaluations = 848
Generation 107: Best Solution = [-3.96951762e+00  1.47231736e-03], Best Fitness = 8.616308176635098, Evaluations = 856
Generation 108: Best Solution = [-3.96969505e+00 -3.35168824e-03], Best Fitness = 8.616552302247523, Evaluations = 864
Generation 109: Best Solution = [-3.96957837e+00 -3.76871217e-05], Best Fitness = 8.616250399863398, Evaluations = 872
Generation 110: Best Solution = [-3.97003936e+00 -7.72860472e-04], Best Fitness = 8.616274414960623, Evaluations = 880
Generation 111: Best Solution = [-3.96794676e+00  6.51086039e-04], Best Fitness = 8.616320206013427, Evaluations = 888
Generation 112: Best Solution = [-3.96880269e+00  7.65181430e-04], Best Fitness = 8.616276957738933, Evaluations = 896
Generation 113: Best Solution = [-3.96964392e+00 -1.40927574e-03], Best Fitness = 8.616304049122252, Evaluations = 904
Generation 114: Best Solution = [-3.96773537e+00  1.80237714e-03], Best Fitness = 8.6164132655836, Evaluations = 912
Generation 115: Best Solution = [-3.96955746e+00  8.45630762e-04], Best Fitness = 8.61626940968319, Evaluations = 920
Generation 116: Best Solution = [-3.96939608e+00 -9.30955985e-04], Best Fitness = 8.616273385644297, Evaluations = 928
Generation 117: Best Solution = [-3.97153742e+00  3.46316425e-04], Best Fitness = 8.616362818103328, Evaluations = 936
Generation 118: Best Solution = [-3.96859814e+00 -5.11715928e-04], Best Fitness = 8.616276275169767, Evaluations = 944
Generation 119: Best Solution = [-3.96865124e+00  1.84269209e-03], Best Fitness = 8.61635789486282, Evaluations = 952
Generation 120: Best Solution = [-3.97161732e+00  1.07998043e-03], Best Fitness = 8.616399510070151, Evaluations = 960
Generation 121: Best Solution = [-3.96802106e+00  5.00500038e-04], Best Fitness = 8.616309959711014, Evaluations = 968
Generation 122: Best Solution = [-3.97103021e+00 -9.63411770e-04], Best Fitness = 8.616337356512767, Evaluations = 976
Generation 123: Best Solution = [-3.97063681e+00 -5.46079289e-04], Best Fitness = 8.616292987525322, Evaluations = 984
Generation 124: Best Solution = [-3.96964315e+00 -4.88015908e-06], Best Fitness = 8.616250838278422, Evaluations = 992
Generation 125: Best Solution = [-3.96859501e+00 -8.48094000e-04], Best Fitness = 8.616288659916773, Evaluations = 1000
Generation 126: Best Solution = [-3.97267132e+00 -7.90211795e-04], Best Fitness = 8.616529490218305, Evaluations = 1008
Generation 127: Best Solution = [-3.97046905e+00 -5.17208215e-04], Best Fitness = 8.616282855784497, Evaluations = 1016
Generation 128: Best Solution = [-3.96670441e+00 -1.32127954e-03], Best Fitness = 8.6164907295805, Evaluations = 1024
Generation 129: Best Solution = [-3.9688436e+00 -2.2272839e-03], Best Fitness = 8.616392766942747, Evaluations = 1032
Generation 130: Best Solution = [-3.96907969e+00  1.56345000e-03], Best Fitness = 8.616319322720168, Evaluations = 1040
Generation 131: Best Solution = [-3.96737956e+00  8.36215294e-04], Best Fitness = 8.616379588283044, Evaluations = 1048
Generation 132: Best Solution = [-3.96851123e+00  5.68753866e-04], Best Fitness = 8.616281961322375, Evaluations = 1056
Generation 133: Best Solution = [-3.96846428e+00  9.36091885e-04], Best Fitness = 8.616299099402598, Evaluations = 1064
Generation 134: Best Solution = [-3.96944336e+00 -5.31463500e-05], Best Fitness = 8.616250133649775, Evaluations = 1072
Generation 135: Best Solution = [-3.96908733e+00 -1.64687565e-03], Best Fitness = 8.61632634584149, Evaluations = 1080
Generation 136: Best Solution = [-3.96828322e+00 -1.17761018e-04], Best Fitness = 8.616286088054903, Evaluations = 1088
Generation 137: Best Solution = [-3.97050412e+00 -1.61276232e-03], Best Fitness = 8.616347225813838, Evaluations = 1096
Generation 138: Best Solution = [-3.97025775e+00 -3.44548322e-04], Best Fitness = 8.616269192371592, Evaluations = 1104
Generation 139: Best Solution = [-3.96912662e+00  7.61256515e-05], Best Fitness = 8.616253147977593, Evaluations = 1112
Generation 140: Best Solution = [-3.96952782e+00  2.69256090e-03], Best Fitness = 8.616444334604992, Evaluations = 1120
Generation 141: Best Solution = [-3.97063946e+00  8.28812192e-05], Best Fitness = 8.616285337261509, Evaluations = 1128
Generation 142: Best Solution = [-3.96746349e+00 -1.95704924e-03], Best Fitness = 8.616454621243076, Evaluations = 1136
Generation 143: Best Solution = [-3.97078871e+00 -1.10605180e-03], Best Fitness = 8.61632745886391, Evaluations = 1144
Generation 144: Best Solution = [-3.97021781e+00 -2.94454691e-04], Best Fitness = 8.616266762295963, Evaluations = 1152
Generation 145: Best Solution = [-3.96847949e+00 -7.38810587e-04], Best Fitness = 8.616289483730295, Evaluations = 1160
Generation 146: Best Solution = [-3.97135251e+00 -4.64185528e-04], Best Fitness = 8.616346669800977, Evaluations = 1168
Generation 147: Best Solution = [-3.97071062e+00 -4.85774876e-04], Best Fitness = 8.61629587100404, Evaluations = 1176
Generation 148: Best Solution = [-3.97095884e+00 -5.83899000e-04], Best Fitness = 8.616316038815432, Evaluations = 1184
Generation 149: Best Solution = [-3.96955258e+00 -2.27092856e-03], Best Fitness = 8.616388374867851, Evaluations = 1192
Generation 150: Best Solution = [-3.96858712e+00  1.31587867e-03], Best Fitness = 8.616316111920613, Evaluations = 1200
Generation 151: Best Solution = [-3.96864614e+00  1.45173898e-03], Best Fitness = 8.616323625073047, Evaluations = 1208
Generation 152: Best Solution = [-3.96979597e+00  1.69435458e-03], Best Fitness = 8.616329721811216, Evaluations = 1216
Generation 153: Best Solution = [-3.96860644e+00 -7.20827594e-04], Best Fitness = 8.616282810287586, Evaluations = 1224
Generation 154: Best Solution = [-3.96888930e+00  1.62745043e-03], Best Fitness = 8.61632946224743, Evaluations = 1232
Generation 155: Best Solution = [-3.96919568e+00  5.60972038e-04], Best Fitness = 8.616260345156586, Evaluations = 1240
Generation 156: Best Solution = [-3.96909705e+00 -1.90961809e-03], Best Fitness = 8.616351184457484, Evaluations = 1248
Generation 157: Best Solution = [-3.97131388e+00 -1.94181205e-03], Best Fitness = 8.616438310873898, Evaluations = 1256
Generation 158: Best Solution = [-3.96938710e+00 -1.34614685e-03], Best Fitness = 8.61629874308893, Evaluations = 1264
Generation 159: Best Solution = [-3.97082965e+00  9.80699796e-04], Best Fitness = 8.616323255966238, Evaluations = 1272
Generation 160: Best Solution = [-3.96975422e+00 -1.01557363e-03], Best Fitness = 8.616279783759017, Evaluations = 1280
Generation 161: Best Solution = [-3.97181290e+00  6.41641401e-04], Best Fitness = 8.616401773396667, Evaluations = 1288
Generation 162: Best Solution = [-3.96825222e+00  1.02885164e-03], Best Fitness = 8.616315941872678, Evaluations = 1296
Generation 163: Best Solution = [-3.96906179e+00 -1.84638475e-03], Best Fitness = 8.61634551846625, Evaluations = 1304
Generation 164: Best Solution = [-3.96881279e+00 -1.85953977e-03], Best Fitness = 8.616353527415617, Evaluations = 1312
Generation 165: Best Solution = [-3.96697511e+00 -7.88332840e-04], Best Fitness = 8.616424553491356, Evaluations = 1320
Generation 166: Best Solution = [-3.96956313e+00  1.94481257e-04], Best Fitness = 8.616251294144622, Evaluations = 1328
Generation 167: Best Solution = [-3.96889583e+00 -6.08961503e-04], Best Fitness = 8.616268280124656, Evaluations = 1336
Generation 168: Best Solution = [-3.96843883e+00 -6.87480562e-04], Best Fitness = 8.61628960917888, Evaluations = 1344
Generation 169: Best Solution = [-3.96801462e+00 -5.87609614e-04], Best Fitness = 8.616312971378587, Evaluations = 1352
Generation 170: Best Solution = [-3.97147847e+00 -1.73539513e-03], Best Fitness = 8.616434207948531, Evaluations = 1360
Generation 171: Best Solution = [-3.96827470e+00 -2.50053558e-03], Best Fitness = 8.616453591152823, Evaluations = 1368
Generation 172: Best Solution = [-3.96815513e+00 -1.02945132e-03], Best Fitness = 8.616322215177803, Evaluations = 1376
Generation 173: Best Solution = [-3.97022304e+00  1.74434334e-04], Best Fitness = 8.61626545520324, Evaluations = 1384
Generation 174: Best Solution = [-3.97016567e+00  1.13072549e-03], Best Fitness = 8.616296770092656, Evaluations = 1392
Generation 175: Best Solution = [-3.96754944e+00 -2.60782528e-05], Best Fitness = 8.616343608624346, Evaluations = 1400
Generation 176: Best Solution = [-3.96929662e+00 -1.63878289e-03], Best Fitness = 8.616322711419944, Evaluations = 1408
Generation 177: Best Solution = [-3.96804405e+00 -9.57640761e-04], Best Fitness = 8.616326122284876, Evaluations = 1416
Generation 178: Best Solution = [-3.97012454e+00 -1.20659512e-03], Best Fitness = 8.616300097014577, Evaluations = 1424
Generation 179: Best Solution = [-3.97026372e+00 -1.66790026e-03], Best Fitness = 8.616340803628836, Evaluations = 1432
Generation 180: Best Solution = [-3.97163501e+00  1.36875775e-04], Best Fitness = 8.616370686002075, Evaluations = 1440
Generation 181: Best Solution = [-3.96830053e+00 -1.06772200e-03], Best Fitness = 8.616315196973261, Evaluations = 1448
Generation 182: Best Solution = [-3.96957905e+00  1.39600215e-03], Best Fitness = 8.616302570688108, Evaluations = 1456
Generation 183: Best Solution = [-3.96803211e+00 -7.38263068e-04], Best Fitness = 8.61631703296505, Evaluations = 1464
Generation 184: Best Solution = [-3.96893063e+00  1.32800364e-05], Best Fitness = 8.616257373517035, Evaluations = 1472
Generation 185: Best Solution = [-3.97052524e+00 -5.27668758e-04], Best Fitness = 8.616286106396355, Evaluations = 1480
Generation 186: Best Solution = [-3.97036852e+00 -2.14562876e-04], Best Fitness = 8.616272032379186, Evaluations = 1488
Generation 187: Best Solution = [-3.96784402e+00  1.36554141e-04], Best Fitness = 8.61631757325165, Evaluations = 1496
Generation 188: Best Solution = [-3.97084334e+00  3.33344079e-04], Best Fitness = 8.616301410497082, Evaluations = 1504
Generation 189: Best Solution = [-3.96802097e+00  4.97081223e-04], Best Fitness = 8.616309875641377, Evaluations = 1512
Generation 190: Best Solution = [-3.96881330e+00 -1.22347748e-03], Best Fitness = 8.616301004946177, Evaluations = 1520
Generation 191: Best Solution = [-3.97047050e+00  1.14839607e-03], Best Fitness = 8.616311107175479, Evaluations = 1528
Generation 192: Best Solution = [-3.96927703e+00  1.45058570e-03], Best Fitness = 8.616307318648273, Evaluations = 1536
Generation 193: Best Solution = [-3.96948409e+00 -4.37305962e-04], Best Fitness = 8.61625517434553, Evaluations = 1544
Generation 194: Best Solution = [-3.96793867e+00  2.39485744e-04], Best Fitness = 8.616311023810017, Evaluations = 1552
Generation 195: Best Solution = [-3.97091709e+00  1.43831931e-03], Best Fitness = 8.61635921955865, Evaluations = 1560
Generation 196: Best Solution = [-3.96881050e+00  1.85320729e-04], Best Fitness = 8.616261937336441, Evaluations = 1568
Generation 197: Best Solution = [-3.96881516e+00 -9.30847023e-04], Best Fitness = 8.616284063218146, Evaluations = 1576
Generation 198: Best Solution = [-3.96990573e+00  3.52825954e-04], Best Fitness = 8.616258295420087, Evaluations = 1584
Generation 199: Best Solution = [-3.97051972e+00 -8.91523701e-04], Best Fitness = 8.616299649364212, Evaluations = 1592
Generation 200: Best Solution = [-3.96904470e+00  7.09289739e-04], Best Fitness = 8.616268056599534, Evaluations = 1600
Generation 201: Best Solution = [-3.97341405e+00 -2.32579343e-04], Best Fitness = 8.616650351605347, Evaluations = 1608
Generation 202: Best Solution = [-3.96962014e+00  3.76632315e-04], Best Fitness = 8.616254444217871, Evaluations = 1616
Generation 203: Best Solution = [-3.97019161e+00 -1.60077539e-03], Best Fitness = 8.616332119467865, Evaluations = 1624
Generation 204: Best Solution = [-3.96792959e+00  1.33959685e-03], Best Fitness = 8.616358220242828, Evaluations = 1632
Generation 205: Best Solution = [-3.96893897e+00 -6.25334056e-04], Best Fitness = 8.616267613918174, Evaluations = 1640
Generation 206: Best Solution = [-3.97218148e+00  2.25926428e-03], Best Fitness = 8.616575405357052, Evaluations = 1648
Generation 207: Best Solution = [-3.97123382e+00 -3.87803557e-03], Best Fitness = 8.616733014140367, Evaluations = 1656
Generation 208: Best Solution = [-3.97232413e+00  1.20608349e-03], Best Fitness = 8.616497853307369, Evaluations = 1664
Generation 209: Best Solution = [-3.96671259e+00 -7.20179445e-04], Best Fitness = 8.6164567699502, Evaluations = 1672
Generation 210: Best Solution = [-3.96780344e+00  1.19526768e-03], Best Fitness = 8.616358695444761, Evaluations = 1680
Generation 211: Best Solution = [-3.96856722e+00  1.54091023e-03], Best Fitness = 8.616334223228794, Evaluations = 1688
Generation 212: Best Solution = [-3.96996653e+00 -4.49571105e-04], Best Fitness = 8.616261832048462, Evaluations = 1696
Generation 213: Best Solution = [-3.97106964e+00  2.12356186e-03], Best Fitness = 8.616436564932755, Evaluations = 1704
Generation 214: Best Solution = [-3.96817500e+00  7.52351594e-04], Best Fitness = 8.616307683880366, Evaluations = 1712
Generation 215: Best Solution = [-3.96892126e+00  7.19727516e-04], Best Fitness = 8.61627149810412, Evaluations = 1720
Generation 216: Best Solution = [-3.97038126e+00  9.89280898e-04], Best Fitness = 8.616297618419429, Evaluations = 1728
Generation 217: Best Solution = [-3.97066087e+00 -8.64786009e-05], Best Fitness = 8.616286648035707, Evaluations = 1736
Generation 218: Best Solution = [-3.96882851e+00  8.87698331e-04], Best Fitness = 8.616281523758493, Evaluations = 1744
Generation 219: Best Solution = [-3.97085636e+00 -1.83529822e-04], Best Fitness = 8.616300254371655, Evaluations = 1752
Generation 220: Best Solution = [-3.97247488e+00  6.85173142e-04], Best Fitness = 8.616494068589368, Evaluations = 1760
Generation 221: Best Solution = [-3.96790098e+00 -9.70254565e-05], Best Fitness = 8.616312706417366, Evaluations = 1768
Generation 222: Best Solution = [-3.96941244e+00  1.34092813e-03], Best Fitness = 8.616298281696741, Evaluations = 1776
Generation 223: Best Solution = [-3.97136001e+00  1.64864046e-03], Best Fitness = 8.616414500912635, Evaluations = 1784
Generation 224: Best Solution = [-3.97037432e+00 -5.14729663e-04], Best Fitness = 8.61627816689619, Evaluations = 1792
Generation 225: Best Solution = [-3.97083090e+00 -1.76823078e-03], Best Fitness = 8.61638137635263, Evaluations = 1800
Generation 226: Best Solution = [-3.97139176e+00 -3.19750181e-04], Best Fitness = 8.616347458818113, Evaluations = 1808
Generation 227: Best Solution = [-3.9735087e+00 -1.2192358e-03], Best Fitness = 8.616708203631209, Evaluations = 1816
Generation 228: Best Solution = [-3.96991821e+00  1.97728856e-03], Best Fitness = 8.616359994764165, Evaluations = 1824
Generation 229: Best Solution = [-3.97094050e+00  1.00674907e-03], Best Fitness = 8.616332680566234, Evaluations = 1832
Generation 230: Best Solution = [-3.96951048e+00  1.80163588e-03], Best Fitness = 8.616337039247396, Evaluations = 1840
Generation 231: Best Solution = [-3.97004713e+00  1.59109376e-04], Best Fitness = 8.616259316636715, Evaluations = 1848
Generation 232: Best Solution = [-3.96855326e+00 -1.39511939e-03], Best Fitness = 8.616323408043733, Evaluations = 1856
Generation 233: Best Solution = [-3.96764424e+00 -3.25178256e-04], Best Fitness = 8.616337406061099, Evaluations = 1864
Generation 234: Best Solution = [-3.96800985e+00 -3.03103206e-03], Best Fitness = 8.616549941210817, Evaluations = 1872
Generation 235: Best Solution = [-3.96961588e+00 -3.54063989e-04], Best Fitness = 8.616253969544792, Evaluations = 1880
Generation 236: Best Solution = [-3.96795105  0.00412203], Best Fitness = 8.616763184475312, Evaluations = 1888
Generation 237: Best Solution = [-3.96980737e+00  1.05103082e-03], Best Fitness = 8.616282599506393, Evaluations = 1896
Generation 238: Best Solution = [-3.96909827e+00 -4.70255267e-04], Best Fitness = 8.616259427078994, Evaluations = 1904
Generation 239: Best Solution = [-3.96978141e+00  3.90409168e-04], Best Fitness = 8.616256653162322, Evaluations = 1912
Generation 240: Best Solution = [-3.96889748e+00  3.34856228e-04], Best Fitness = 8.616261304719702, Evaluations = 1920
Generation 241: Best Solution = [-3.96779191e+00 -2.92044615e-04], Best Fitness = 8.616323726184081, Evaluations = 1928
Generation 242: Best Solution = [-3.96790918e+00  1.25103545e-03], Best Fitness = 8.61635368638435, Evaluations = 1936
Generation 243: Best Solution = [-3.97035942e+00  1.83487218e-03], Best Fitness = 8.616360609954569, Evaluations = 1944
Generation 244: Best Solution = [-3.96996258e+00  2.11969929e-03], Best Fitness = 8.616376702336002, Evaluations = 1952
Generation 245: Best Solution = [-3.96988691e+00 -1.29425876e-03], Best Fitness = 8.616299428299623, Evaluations = 1960
Generation 246: Best Solution = [-3.96816772e+00 -3.88440809e-04], Best Fitness = 8.616297052546594, Evaluations = 1968
Generation 247: Best Solution = [-3.96991472e+00 -1.50369728e-03], Best Fitness = 8.616315745677008, Evaluations = 1976
Generation 248: Best Solution = [-3.96973173e+00  4.55608307e-04], Best Fitness = 8.616257396146393, Evaluations = 1984
Generation 249: Best Solution = [-3.96921906e+00  2.13933517e-03], Best Fitness = 8.616374181139685, Evaluations = 1992
Generation 250: Best Solution = [-3.96976361e+00  1.04546715e-03], Best Fitness = 8.616281574530134, Evaluations = 2000
