Algorithm: Cross-Entropy Method
Objective Function: Rosenbrock
Dimension: 10
Population Size: 32
Max Evaluations: 10000

Generation 1: Best Solution = [-5.         -5.          5.79268426  2.66012433 -3.10755061  2.29464231
 -5.          1.76767895  0.73177951 -5.        ], Best Fitness = 306435.4528758417, Evaluations = 32
Generation 2: Best Solution = [-5.         -5.          4.364456    4.53392477  0.01466646  1.84153171
 -5.          3.88499845 -3.02095075 -5.        ], Best Fitness = 300736.0999525562, Evaluations = 64
Generation 3: Best Solution = [-5.         -2.83862402  4.64228227  5.1154846  -2.35298634 -2.16503095
 -3.35388306  2.00221185 -0.93751583 -4.36569088], Best Fitness = 213293.28977230392, Evaluations = 96
Generation 4: Best Solution = [-4.52406032 -1.78676316  5.00472966  4.82800284 -1.8106734  -2.5695725
 -3.97146443  2.67738918 -0.49622415 -4.00159532], Best Fitness = 193384.9633308681, Evaluations = 128
Generation 5: Best Solution = [-4.48985329 -2.03544079  4.69484705  5.05370816 -0.82387904 -2.17989725
 -4.15964053  3.33544666 -0.61123541 -3.96690872], Best Fitness = 191695.8204591192, Evaluations = 160
Generation 6: Best Solution = [-4.26665361 -2.99161578  5.18415781  4.7170695  -1.51583252 -1.22629663
 -4.0402363   2.45950961 -0.93030252 -3.84747926], Best Fitness = 182676.0197201371, Evaluations = 192
Generation 7: Best Solution = [-4.3801096  -2.94869096  5.08556089  4.78773134 -1.62699229 -1.1100865
 -3.90032954  2.32083167 -1.16974466 -4.1211391 ], Best Fitness = 183072.4239792893, Evaluations = 224
Generation 8: Best Solution = [-4.42565548 -2.99446806  4.99537639  4.67491137 -1.58153832 -1.24154743
 -4.10890412  2.37875661 -1.18426891 -4.02533379], Best Fitness = 181995.24042794673, Evaluations = 256
Generation 9: Best Solution = [-4.44998609 -2.97313253  4.93821992  4.72439655 -1.58129937 -1.3533209
 -4.06127304  2.34213466 -1.08612238 -4.04063855], Best Fitness = 181326.90738320528, Evaluations = 288
Generation 10: Best Solution = [-4.44840949 -2.80377037  5.00159142  4.74092646 -1.45759499 -1.42974591
 -3.99794518  2.45028421 -1.02031512 -4.05294187], Best Fitness = 181124.2312203472, Evaluations = 320
Generation 11: Best Solution = [-4.50156832 -2.96343134  4.85144757  4.76346229 -1.52717921 -1.34190367
 -4.01704013  2.33247293 -1.15878441 -4.16074634], Best Fitness = 180681.87300902608, Evaluations = 352
Generation 12: Best Solution = [-4.43548994 -2.90392088  4.94292418  4.72559055 -1.54213587 -1.35211122
 -4.05442712  2.41514139 -1.10043274 -4.04805067], Best Fitness = 180230.244595316, Evaluations = 384
Generation 13: Best Solution = [-4.47534288 -2.8986705   4.89177151  4.75025914 -1.48559157 -1.40035336
 -4.02113964  2.39831567 -1.08766096 -4.11682236], Best Fitness = 179875.00357999277, Evaluations = 416
Generation 14: Best Solution = [-4.43351195 -2.91225526  4.95005278  4.69496026 -1.53689254 -1.39607584
 -4.06732927  2.42431246 -1.08375629 -4.02547475], Best Fitness = 179649.2223929701, Evaluations = 448
Generation 15: Best Solution = [-4.45901044 -2.91844926  4.88674178  4.73341359 -1.52070114 -1.37847412
 -4.03325292  2.3884198  -1.10398205 -4.09750189], Best Fitness = 178937.294025053, Evaluations = 480
Generation 16: Best Solution = [-4.43865913 -2.91068118  4.91053761  4.71103757 -1.52529046 -1.38910788
 -4.05245423  2.42842786 -1.07557335 -4.04073752], Best Fitness = 178529.00031286106, Evaluations = 512
Generation 17: Best Solution = [-4.45666303 -2.92073335  4.89864497  4.70659344 -1.4951769  -1.424927
 -4.03530243  2.4018832  -1.06567982 -4.06531047], Best Fitness = 178137.40909244493, Evaluations = 544
Generation 18: Best Solution = [-4.43421673 -2.90802062  4.91937347  4.69502908 -1.51235358 -1.40499939
 -4.05061096  2.43615921 -1.06208196 -4.03962063], Best Fitness = 177921.68526297543, Evaluations = 576
Generation 19: Best Solution = [-4.43317323 -2.91011999  4.9065695   4.70139062 -1.50704068 -1.41495445
 -4.04413603  2.4355272  -1.05959645 -4.05159662], Best Fitness = 177526.37609015958, Evaluations = 608
Generation 20: Best Solution = [-4.43440144 -2.90073754  4.89782975  4.70340572 -1.50909659 -1.41120776
 -4.03897472  2.43057901 -1.06239834 -4.07095902], Best Fitness = 177137.9049311983, Evaluations = 640
Generation 21: Best Solution = [-4.41771017 -2.90152111  4.91772054  4.67880508 -1.52065391 -1.40626538
 -4.05452704  2.45324187 -1.06761045 -4.033563  ], Best Fitness = 176734.9551851578, Evaluations = 672
Generation 22: Best Solution = [-4.43089533 -2.91400521  4.88609082  4.70554529 -1.49254678 -1.4079517
 -4.03210575  2.41795857 -1.06204039 -4.10211298], Best Fitness = 176457.14790245294, Evaluations = 704
Generation 23: Best Solution = [-4.43309168 -2.91639378  4.86524317  4.71197484 -1.48654982 -1.40302646
 -4.0179647   2.40929465 -1.06545122 -4.13700681], Best Fitness = 175690.46252004284, Evaluations = 736
Generation 24: Best Solution = [-4.42996433 -2.91836586  4.85453949  4.71064735 -1.48297785 -1.39728983
 -4.03315857  2.40813652 -1.06575168 -4.15983677], Best Fitness = 175471.44048071813, Evaluations = 768
Generation 25: Best Solution = [-4.42830955 -2.91906995  4.87415879  4.69566393 -1.47651236 -1.40487354
 -4.02560496  2.40251237 -1.06846306 -4.10840895], Best Fitness = 175255.778223904, Evaluations = 800
Generation 26: Best Solution = [-4.43071481 -2.92114091  4.85519629  4.69355759 -1.48268662 -1.40114146
 -4.03405882  2.40330308 -1.05928062 -4.1398514 ], Best Fitness = 174827.4280543123, Evaluations = 832
Generation 27: Best Solution = [-4.44605515 -2.91477173  4.83295495  4.7075184  -1.47469144 -1.39993585
 -4.01047563  2.39344477 -1.04947947 -4.17165236], Best Fitness = 174511.5809332844, Evaluations = 864
Generation 28: Best Solution = [-4.41443989 -2.91777376  4.87001298  4.68364827 -1.4777264  -1.39523208
 -4.02895203  2.42329224 -1.06367765 -4.1151184 ], Best Fitness = 174176.9786184399, Evaluations = 896
Generation 29: Best Solution = [-4.41327368 -2.91929135  4.86309286  4.68349612 -1.48044918 -1.40224679
 -4.02352721  2.41261414 -1.06054771 -4.10234906], Best Fitness = 173740.52194700326, Evaluations = 928
Generation 30: Best Solution = [-4.40971867 -2.91897184  4.87297917  4.66567844 -1.47496522 -1.39943727
 -4.03697379  2.4060117  -1.06077358 -4.07463869], Best Fitness = 173460.67733142257, Evaluations = 960
Generation 31: Best Solution = [-4.41267983 -2.91445223  4.8662564   4.67669869 -1.4762749  -1.39991504
 -4.01548745  2.39590133 -1.04901133 -4.08073611], Best Fitness = 173164.63072776378, Evaluations = 992
Generation 32: Best Solution = [-4.41515501 -2.90573822  4.85315722  4.68790724 -1.47054453 -1.39049814
 -4.00881346  2.38688982 -1.03638085 -4.10042058], Best Fitness = 172873.42822399296, Evaluations = 1024
Generation 33: Best Solution = [-4.40385738 -2.91457943  4.86837965  4.67988979 -1.46431022 -1.39274603
 -3.99978537  2.39163211 -1.03936508 -4.07675336], Best Fitness = 172495.46977950286, Evaluations = 1056
Generation 34: Best Solution = [-4.39801864 -2.90529148  4.88569667  4.6752121  -1.4515863  -1.39243843
 -3.99780823  2.38397387 -1.03283164 -4.05021587], Best Fitness = 172422.29611632103, Evaluations = 1088
Generation 35: Best Solution = [-4.39160428 -2.90965382  4.90482057  4.65686679 -1.43946933 -1.38150726
 -3.99831514  2.39153021 -1.02764946 -4.01347658], Best Fitness = 172054.13589346432, Evaluations = 1120
Generation 36: Best Solution = [-4.39602607 -2.90716181  4.8688486   4.6712081  -1.46628491 -1.39047598
 -4.00904699  2.38222718 -1.0272391  -4.05002346], Best Fitness = 171908.93726024134, Evaluations = 1152
Generation 37: Best Solution = [-4.40136986 -2.91173156  4.8663531   4.65916167 -1.46635319 -1.38826845
 -3.99977731  2.39226967 -1.03478986 -4.06209049], Best Fitness = 171444.15852342732, Evaluations = 1184
Generation 38: Best Solution = [-4.38711313 -2.9008848   4.85952332  4.67160133 -1.46606822 -1.38747418
 -4.00247276  2.38050974 -1.02717205 -4.0473001 ], Best Fitness = 171010.5715877878, Evaluations = 1216
Generation 39: Best Solution = [-4.39246826 -2.90790994  4.84875094  4.66182188 -1.47277139 -1.3969888
 -3.99841082  2.38081552 -1.0291455  -4.06710411], Best Fitness = 170522.70703994774, Evaluations = 1248
Generation 40: Best Solution = [-4.38966457 -2.89866386  4.83120115  4.66510916 -1.47621425 -1.37797948
 -4.01209659  2.37619552 -1.03231405 -4.0663747 ], Best Fitness = 170095.30211690237, Evaluations = 1280
Generation 41: Best Solution = [-4.3899661  -2.89641814  4.83575754  4.66119757 -1.47173461 -1.38059837
 -4.0076175   2.38071606 -1.02876055 -4.06723225], Best Fitness = 169975.93305741044, Evaluations = 1312
Generation 42: Best Solution = [-4.37899128 -2.89418604  4.84362224  4.65844722 -1.47638398 -1.38133339
 -4.0084254   2.37871848 -1.03508751 -4.05696226], Best Fitness = 169759.63936749133, Evaluations = 1344
Generation 43: Best Solution = [-4.37737343 -2.89238403  4.83123451  4.65847467 -1.48353477 -1.38568204
 -4.00309732  2.3731125  -1.04238137 -4.06480012], Best Fitness = 169198.01307123588, Evaluations = 1376
Generation 44: Best Solution = [-4.37724769 -2.88982289  4.80005619  4.67301287 -1.48669975 -1.4009062
 -3.99908619  2.37167189 -1.04433563 -4.08695668], Best Fitness = 168672.95752043853, Evaluations = 1408
Generation 45: Best Solution = [-4.37344044 -2.88817218  4.77885287  4.67697559 -1.49711298 -1.41989048
 -3.99614854  2.36120028 -1.04770878 -4.11131564], Best Fitness = 168025.15106383295, Evaluations = 1440
Generation 46: Best Solution = [-4.37195166 -2.89235954  4.76995328  4.67499946 -1.48608717 -1.41752639
 -3.9941342   2.36096881 -1.0376079  -4.11049618], Best Fitness = 167454.26244477858, Evaluations = 1472
Generation 47: Best Solution = [-4.37112362 -2.88914799  4.74212369  4.68872068 -1.50462481 -1.42402442
 -3.98875379  2.35628052 -1.04326784 -4.12452677], Best Fitness = 167066.70915588885, Evaluations = 1504
Generation 48: Best Solution = [-4.36678899 -2.88772765  4.76003926  4.67479794 -1.50337788 -1.41032163
 -3.98734878  2.36390271 -1.04580961 -4.10259036], Best Fitness = 166839.0998608397, Evaluations = 1536
Generation 49: Best Solution = [-4.36683937 -2.8846309   4.74829635  4.6702532  -1.49479426 -1.41422682
 -3.99137045  2.3667672  -1.04046539 -4.11041261], Best Fitness = 166289.24481022838, Evaluations = 1568
Generation 50: Best Solution = [-4.3673351  -2.88706188  4.75793228  4.66277816 -1.48719469 -1.41027968
 -3.98249629  2.3625895  -1.04916076 -4.10415529], Best Fitness = 166091.40100443823, Evaluations = 1600
Generation 51: Best Solution = [-4.36254498 -2.88575925  4.76878823  4.65849329 -1.48941676 -1.3977748
 -3.97541659  2.36533466 -1.04787356 -4.08697004], Best Fitness = 165883.46715832857, Evaluations = 1632
Generation 52: Best Solution = [-4.35501119 -2.8969145   4.75559793  4.66449039 -1.48295122 -1.41142276
 -3.9816301   2.35682326 -1.03902452 -4.10485569], Best Fitness = 165595.52796061023, Evaluations = 1664
Generation 53: Best Solution = [-4.36799773 -2.88311872  4.76577631  4.64442923 -1.48257521 -1.40229803
 -3.97271932  2.36764484 -1.04874858 -4.09185473], Best Fitness = 165341.64081690792, Evaluations = 1696
Generation 54: Best Solution = [-4.36109656 -2.88965437  4.74875987  4.6514093  -1.47909496 -1.39785021
 -3.97198025  2.3568961  -1.05095938 -4.09534078], Best Fitness = 164751.92525786566, Evaluations = 1728
Generation 55: Best Solution = [-4.35694183 -2.88488877  4.75520108  4.64771627 -1.48418045 -1.40941347
 -3.96235961  2.36168552 -1.04135159 -4.09891014], Best Fitness = 164474.91338058127, Evaluations = 1760
Generation 56: Best Solution = [-4.36966665 -2.88211373  4.74248337  4.64024933 -1.49296159 -1.40669034
 -3.95558386  2.35673348 -1.04311192 -4.09396078], Best Fitness = 164102.28006696384, Evaluations = 1792
Generation 57: Best Solution = [-4.36667018 -2.87176271  4.74953142  4.63688862 -1.47530297 -1.41420109
 -3.95178682  2.36453834 -1.04191283 -4.09537201], Best Fitness = 163855.2040387423, Evaluations = 1824
Generation 58: Best Solution = [-4.36519703 -2.87125388  4.73484974  4.63679467 -1.48658949 -1.39484205
 -3.96119113  2.36093043 -1.04721037 -4.08480079], Best Fitness = 163504.90804811608, Evaluations = 1856
Generation 59: Best Solution = [-4.36056934 -2.86886597  4.73552059  4.63407152 -1.48147068 -1.39827452
 -3.96115927  2.35849392 -1.04462937 -4.0761861 ], Best Fitness = 163175.67488400463, Evaluations = 1888
Generation 60: Best Solution = [-4.36052139 -2.86778858  4.73861676  4.62636997 -1.47756655 -1.40682385
 -3.95953253  2.36570868 -1.05378241 -4.07060758], Best Fitness = 162992.00240094322, Evaluations = 1920
Generation 61: Best Solution = [-4.32408795 -2.86626975  4.75338276  4.64184184 -1.45574369 -1.39260588
 -3.97348568  2.37103432 -1.04221185 -4.08590192], Best Fitness = 162802.48574373714, Evaluations = 1952
Generation 62: Best Solution = [-4.36195945 -2.86467895  4.72793487  4.62063144 -1.47380813 -1.40164488
 -3.95430987  2.37851835 -1.05839436 -4.08932538], Best Fitness = 162367.27036581666, Evaluations = 1984
Generation 63: Best Solution = [-4.34136578 -2.86042234  4.73046127  4.62950155 -1.46891987 -1.41521932
 -3.94843845  2.36078461 -1.07360347 -4.08669212], Best Fitness = 161855.64536961325, Evaluations = 2016
Generation 64: Best Solution = [-4.35026039 -2.87013257  4.71447865  4.63044679 -1.4734052  -1.38893707
 -3.94308814  2.38348361 -1.05401252 -4.10711312], Best Fitness = 161629.33441197546, Evaluations = 2048
Generation 65: Best Solution = [-4.33761512 -2.86208588  4.71626528  4.62889676 -1.46937628 -1.39843843
 -3.95371694  2.37318257 -1.04913987 -4.10301256], Best Fitness = 161267.522594122, Evaluations = 2080
Generation 66: Best Solution = [-4.34614701 -2.87815288  4.71316423  4.62262081 -1.47126468 -1.40073177
 -3.93914426  2.36981917 -1.05804519 -4.1109449 ], Best Fitness = 161108.2156009306, Evaluations = 2112
Generation 67: Best Solution = [-4.32873205 -2.85577461  4.70907956  4.62689203 -1.47578727 -1.38888506
 -3.95724223  2.38288493 -1.03107411 -4.1144789 ], Best Fitness = 160638.29989935693, Evaluations = 2144
Generation 68: Best Solution = [-4.32713689 -2.87425318  4.7034264   4.62175073 -1.47922034 -1.38949436
 -3.94563578  2.37740871 -1.0512669  -4.11855883], Best Fitness = 160174.26440802924, Evaluations = 2176
Generation 69: Best Solution = [-4.3301719  -2.87168676  4.70233303  4.61524434 -1.47497051 -1.38118311
 -3.94468634  2.38157765 -1.04079186 -4.12774572], Best Fitness = 159885.6682275846, Evaluations = 2208
Generation 70: Best Solution = [-4.33725131 -2.87762551  4.69639725  4.61623178 -1.4809759  -1.39707624
 -3.9288434   2.36330355 -1.05212068 -4.11258738], Best Fitness = 159762.35897159486, Evaluations = 2240
Generation 71: Best Solution = [-4.33207557 -2.87806124  4.695678    4.60861201 -1.48132654 -1.38060507
 -3.94023104  2.36425413 -1.04370275 -4.12608351], Best Fitness = 159428.41490835036, Evaluations = 2272
Generation 72: Best Solution = [-4.33452179 -2.87877901  4.6857656   4.61975782 -1.48165888 -1.39549304
 -3.91210134  2.37037381 -1.06068862 -4.12467732], Best Fitness = 159172.74672226296, Evaluations = 2304
Generation 73: Best Solution = [-4.32871093 -2.87871844  4.68392244  4.61407033 -1.4828165  -1.38979156
 -3.91785127  2.36976679 -1.05623096 -4.12127763], Best Fitness = 158762.73671826825, Evaluations = 2336
Generation 74: Best Solution = [-4.31992777 -2.87468336  4.67250647  4.61560152 -1.48047998 -1.39051201
 -3.91947076  2.3711697  -1.05336041 -4.12396847], Best Fitness = 158118.97029178278, Evaluations = 2368
Generation 75: Best Solution = [-4.32556226 -2.88293308  4.67478112  4.60951567 -1.48963458 -1.38994007
 -3.91513556  2.36699331 -1.0534299  -4.12242017], Best Fitness = 158184.91344769782, Evaluations = 2400
Generation 76: Best Solution = [-4.31901073 -2.87807221  4.67296953  4.6097821  -1.48378846 -1.39215139
 -3.9037333   2.36319526 -1.0453981  -4.13631911], Best Fitness = 157550.49583165775, Evaluations = 2432
Generation 77: Best Solution = [-4.32097388 -2.88610579  4.67293756  4.60346236 -1.48698976 -1.381042
 -3.90269129  2.361054   -1.04112299 -4.13654302], Best Fitness = 157380.86849188813, Evaluations = 2464
Generation 78: Best Solution = [-4.32686088 -2.88864954  4.6584729   4.59907507 -1.4942437  -1.38500451
 -3.90360286  2.3521397  -1.0408049  -4.14523698], Best Fitness = 157060.61359523877, Evaluations = 2496
Generation 79: Best Solution = [-4.31805308 -2.88875223  4.65511958  4.59763956 -1.4967956  -1.39396762
 -3.90671762  2.35596424 -1.04974146 -4.13715896], Best Fitness = 156729.62477432186, Evaluations = 2528
Generation 80: Best Solution = [-4.31840996 -2.88780649  4.65308314  4.59963402 -1.48484972 -1.38580634
 -3.89390236  2.36375911 -1.05519885 -4.11826219], Best Fitness = 156391.73575289635, Evaluations = 2560
Generation 81: Best Solution = [-4.31027458 -2.88680885  4.66276276  4.59033763 -1.47813372 -1.38390759
 -3.90124157  2.35724022 -1.05535229 -4.13432124], Best Fitness = 156124.85854132994, Evaluations = 2592
Generation 82: Best Solution = [-4.3140506  -2.87885975  4.65743069  4.59044909 -1.47659928 -1.39477556
 -3.88780335  2.35570028 -1.07421843 -4.11131713], Best Fitness = 155821.27814484385, Evaluations = 2624
Generation 83: Best Solution = [-4.31416662 -2.88138849  4.65571422  4.57511889 -1.47363438 -1.39989802
 -3.8937761   2.34330204 -1.08142125 -4.12503148], Best Fitness = 155336.253852552, Evaluations = 2656
Generation 84: Best Solution = [-4.30571815 -2.88846373  4.65234016  4.57646457 -1.47448216 -1.39849344
 -3.88437912  2.35071748 -1.08288194 -4.12196901], Best Fitness = 154860.82285143333, Evaluations = 2688
Generation 85: Best Solution = [-4.29713237 -2.87969363  4.65070746  4.57924372 -1.47340741 -1.39699717
 -3.88295455  2.3502704  -1.07699079 -4.11846268], Best Fitness = 154454.67238656254, Evaluations = 2720
Generation 86: Best Solution = [-4.29553236 -2.87031389  4.65265537  4.57936489 -1.46609734 -1.38635522
 -3.88693129  2.34775833 -1.07442592 -4.11914302], Best Fitness = 154357.47266359522, Evaluations = 2752
Generation 87: Best Solution = [-4.29708533 -2.87797671  4.64357504  4.5772641  -1.48434608 -1.38363474
 -3.87861713  2.35197204 -1.07133892 -4.12804179], Best Fitness = 154068.15945555005, Evaluations = 2784
Generation 88: Best Solution = [-4.29234388 -2.87432339  4.64275145  4.57611015 -1.48980396 -1.38227381
 -3.87180632  2.35106872 -1.06947992 -4.13202026], Best Fitness = 153678.11239222923, Evaluations = 2816
Generation 89: Best Solution = [-4.28136974 -2.87544588  4.63802634  4.5730471  -1.49544039 -1.38613562
 -3.87657945  2.35321172 -1.06939896 -4.13295004], Best Fitness = 153187.32757163688, Evaluations = 2848
Generation 90: Best Solution = [-4.26732529 -2.87129336  4.64287074  4.57047858 -1.5024292  -1.38704974
 -3.87527454  2.35779911 -1.08144459 -4.13469598], Best Fitness = 152782.47650306145, Evaluations = 2880
Generation 91: Best Solution = [-4.27776391 -2.87614582  4.63917697  4.56343921 -1.49089564 -1.36728959
 -3.86647246  2.36756351 -1.07701457 -4.14366725], Best Fitness = 152517.1749455407, Evaluations = 2912
Generation 92: Best Solution = [-4.26869665 -2.87423705  4.64228393  4.56518062 -1.50344467 -1.37086482
 -3.85376825  2.37998702 -1.07401543 -4.15255747], Best Fitness = 152217.47828132397, Evaluations = 2944
Generation 93: Best Solution = [-4.26674831 -2.85958316  4.64127569  4.56226784 -1.48723865 -1.37113439
 -3.85378713  2.37744541 -1.07615716 -4.15719413], Best Fitness = 151782.21893331, Evaluations = 2976
Generation 94: Best Solution = [-4.26619786 -2.8737565   4.63291341  4.56347749 -1.48103781 -1.37229655
 -3.85689961  2.36803206 -1.07445084 -4.147331  ], Best Fitness = 151642.90599461185, Evaluations = 3008
Generation 95: Best Solution = [-4.26207165 -2.88363202  4.62307759  4.55928901 -1.47223821 -1.38067176
 -3.86753174  2.35776873 -1.0737626  -4.13065463], Best Fitness = 151256.2822324583, Evaluations = 3040
Generation 96: Best Solution = [-4.25694052 -2.89665893  4.61743375  4.5510102  -1.47805049 -1.38244438
 -3.87364867  2.34893396 -1.07563578 -4.11791492], Best Fitness = 150837.28479016808, Evaluations = 3072
Generation 97: Best Solution = [-4.25115924 -2.87222128  4.62062263  4.55401266 -1.50308378 -1.38009856
 -3.86505207  2.3596971  -1.06605917 -4.13203479], Best Fitness = 150630.18438290196, Evaluations = 3104
Generation 98: Best Solution = [-4.24933685 -2.86955069  4.62126455  4.55014128 -1.48844646 -1.38474583
 -3.85181541  2.35200216 -1.0804004  -4.15006475], Best Fitness = 150110.79090106636, Evaluations = 3136
Generation 99: Best Solution = [-4.25210739 -2.87256185  4.61139732  4.54959459 -1.48928944 -1.38791492
 -3.8471634   2.35327685 -1.08631655 -4.15520418], Best Fitness = 149871.12568977373, Evaluations = 3168
Generation 100: Best Solution = [-4.24655965 -2.87184805  4.61264794  4.53950099 -1.474909   -1.37683277
 -3.84916591  2.34974351 -1.0805311  -4.14548523], Best Fitness = 149191.61978714145, Evaluations = 3200
Generation 101: Best Solution = [-4.24582878 -2.86769225  4.60126251  4.54509718 -1.47724996 -1.3719019
 -3.84107963  2.35018196 -1.07555415 -4.13954148], Best Fitness = 148804.84698903552, Evaluations = 3232
Generation 102: Best Solution = [-4.23644356 -2.86509296  4.60317244  4.54644539 -1.47438251 -1.37190808
 -3.83085651  2.34397292 -1.07572967 -4.13984571], Best Fitness = 148311.43859544818, Evaluations = 3264
Generation 103: Best Solution = [-4.23457343 -2.8728879   4.60070139  4.53556713 -1.47808508 -1.37550264
 -3.82999539  2.35352777 -1.06703322 -4.14034267], Best Fitness = 147861.75369800066, Evaluations = 3296
Generation 104: Best Solution = [-4.23058283 -2.8527733   4.60643061  4.53178002 -1.48601012 -1.38065646
 -3.82343466  2.34756995 -1.09004311 -4.14309872], Best Fitness = 147592.1952604265, Evaluations = 3328
Generation 105: Best Solution = [-4.23220571 -2.85421973  4.59764028  4.52449356 -1.48139834 -1.37504535
 -3.83104435  2.35699925 -1.08857512 -4.14544733], Best Fitness = 147264.76461764792, Evaluations = 3360
Generation 106: Best Solution = [-4.23060144 -2.85192616  4.59991151  4.52352847 -1.48694148 -1.37809335
 -3.82468826  2.34918544 -1.09829261 -4.15437287], Best Fitness = 147158.837010376, Evaluations = 3392
Generation 107: Best Solution = [-4.23605188 -2.85320733  4.59138682  4.52313331 -1.48263107 -1.36825827
 -3.82323265  2.35309758 -1.09356251 -4.15543798], Best Fitness = 146996.15020829136, Evaluations = 3424
Generation 108: Best Solution = [-4.22825539 -2.84759717  4.59387907  4.51976691 -1.48479754 -1.37136113
 -3.82261686  2.34753493 -1.10887274 -4.1651422 ], Best Fitness = 146687.63903588583, Evaluations = 3456
Generation 109: Best Solution = [-4.2273093  -2.8418574   4.5910954   4.52010701 -1.48452626 -1.38124572
 -3.82177752  2.34650092 -1.09495316 -4.15756269], Best Fitness = 146493.6209936495, Evaluations = 3488
Generation 110: Best Solution = [-4.22057662 -2.84717563  4.58712425  4.51843304 -1.4828034  -1.37416405
 -3.82130336  2.34959044 -1.09807233 -4.15709215], Best Fitness = 146097.3924832075, Evaluations = 3520
Generation 111: Best Solution = [-4.22010314 -2.84151698  4.58280737  4.51694753 -1.47673472 -1.38220984
 -3.82205263  2.34189637 -1.10455272 -4.15938896], Best Fitness = 145857.55531738876, Evaluations = 3552
Generation 112: Best Solution = [-4.2129481  -2.84102117  4.58630326  4.51348425 -1.47487157 -1.38159087
 -3.82898496  2.33742468 -1.11245934 -4.16420798], Best Fitness = 145724.60058817113, Evaluations = 3584
Generation 113: Best Solution = [-4.20195261 -2.84837419  4.59630688  4.51614031 -1.49319415 -1.36358702
 -3.81706189  2.34381332 -1.0916799  -4.16515114], Best Fitness = 145557.53515753703, Evaluations = 3616
Generation 114: Best Solution = [-4.20950215 -2.83376431  4.57314241  4.51131663 -1.47349536 -1.3704403
 -3.8366185   2.33887302 -1.1094009  -4.16428156], Best Fitness = 145175.91601827674, Evaluations = 3648
Generation 115: Best Solution = [-4.20805402 -2.84147621  4.5705562   4.50885036 -1.46438305 -1.3816914
 -3.83393408  2.3391139  -1.11131291 -4.16119649], Best Fitness = 144958.69788326346, Evaluations = 3680
Generation 116: Best Solution = [-4.20788555 -2.83062092  4.54945362  4.51690991 -1.46207248 -1.38405516
 -3.83993905  2.34076292 -1.10291417 -4.14828996], Best Fitness = 144621.07450838663, Evaluations = 3712
Generation 117: Best Solution = [-4.1985194  -2.8520171   4.58333569  4.49856144 -1.47990698 -1.3880214
 -3.80452722  2.34344649 -1.10997769 -4.17577331], Best Fitness = 144289.2674092963, Evaluations = 3744
Generation 118: Best Solution = [-4.20459376 -2.83547411  4.55228348  4.50426285 -1.45943808 -1.38363232
 -3.82619409  2.34387215 -1.11013805 -4.16011817], Best Fitness = 143927.49371012475, Evaluations = 3776
Generation 119: Best Solution = [-4.2039621  -2.84138671  4.5619383   4.49762586 -1.46698221 -1.38683982
 -3.81472526  2.34058617 -1.09961691 -4.1658056 ], Best Fitness = 143782.81886527012, Evaluations = 3808
Generation 120: Best Solution = [-4.19142401 -2.84290557  4.53386248  4.51653089 -1.46499486 -1.37914637
 -3.83109219  2.33758172 -1.11386567 -4.15603061], Best Fitness = 143553.54205671576, Evaluations = 3840
Generation 121: Best Solution = [-4.19639186 -2.83510761  4.54160838  4.4993115  -1.4500067  -1.39298082
 -3.83339778  2.33920791 -1.10571645 -4.15389718], Best Fitness = 143238.1350284615, Evaluations = 3872
Generation 122: Best Solution = [-4.19747252 -2.85488921  4.5569242   4.4853237  -1.46144555 -1.38774182
 -3.80060644  2.34312087 -1.10460371 -4.16480479], Best Fitness = 142802.80902094208, Evaluations = 3904
Generation 123: Best Solution = [-4.19978688 -2.83549157  4.53456051  4.48946853 -1.45354214 -1.39151328
 -3.82025073  2.3399131  -1.10907426 -4.15348318], Best Fitness = 142573.76412717774, Evaluations = 3936
Generation 124: Best Solution = [-4.19328223 -2.83424043  4.53787175  4.49124883 -1.45490543 -1.38580917
 -3.81158169  2.34628342 -1.10715058 -4.15485038], Best Fitness = 142331.0513007999, Evaluations = 3968
Generation 125: Best Solution = [-4.19091438 -2.83595783  4.53397376  4.48638493 -1.44926849 -1.40368083
 -3.8108393   2.33393199 -1.10520814 -4.14614386], Best Fitness = 141936.6611159167, Evaluations = 4000
Generation 126: Best Solution = [-4.18325538 -2.83008448  4.52420878  4.48462725 -1.44610501 -1.39220923
 -3.82820637  2.33998048 -1.10303211 -4.15878889], Best Fitness = 141596.95812174413, Evaluations = 4032
Generation 127: Best Solution = [-4.18332459 -2.83226892  4.53058095  4.47971197 -1.4533834  -1.39538001
 -3.82233141  2.33801071 -1.09867573 -4.15907597], Best Fitness = 141541.35931377317, Evaluations = 4064
Generation 128: Best Solution = [-4.18253546 -2.83745781  4.53435606  4.470188   -1.44827346 -1.40462889
 -3.81704788  2.33922716 -1.10282972 -4.16450503], Best Fitness = 141252.71671103343, Evaluations = 4096
Generation 129: Best Solution = [-4.18291257 -2.83984029  4.53356442  4.46279484 -1.44807092 -1.40389003
 -3.80843481  2.3348349  -1.10401488 -4.16766832], Best Fitness = 140820.37663590527, Evaluations = 4128
Generation 130: Best Solution = [-4.18482994 -2.84066399  4.53050447  4.45590983 -1.4517739  -1.39477823
 -3.81266824  2.33632215 -1.1143157  -4.16876979], Best Fitness = 140681.3285240351, Evaluations = 4160
Generation 131: Best Solution = [-4.17741591 -2.84362687  4.52876094  4.45573718 -1.45332976 -1.40089404
 -3.80889199  2.32520224 -1.11103095 -4.17277734], Best Fitness = 140308.3626423728, Evaluations = 4192
Generation 132: Best Solution = [-4.17801544 -2.83536594  4.51633639  4.46432647 -1.44155082 -1.39706579
 -3.80774267  2.33461673 -1.09460174 -4.15072882], Best Fitness = 140049.04092804957, Evaluations = 4224
Generation 133: Best Solution = [-4.17749963 -2.82586921  4.5037653   4.45554065 -1.44766019 -1.39241012
 -3.82410432  2.34095362 -1.11225115 -4.16582668], Best Fitness = 139746.55925503222, Evaluations = 4256
Generation 134: Best Solution = [-4.18053483 -2.82205641  4.49809502  4.45329968 -1.4463417  -1.39447698
 -3.81801087  2.3318253  -1.10923452 -4.16348292], Best Fitness = 139414.77787121662, Evaluations = 4288
Generation 135: Best Solution = [-4.17121285 -2.82968524  4.49794136  4.4495078  -1.44191679 -1.39223467
 -3.82967029  2.33399707 -1.11642857 -4.16950349], Best Fitness = 139261.7928411419, Evaluations = 4320
Generation 136: Best Solution = [-4.17940296 -2.78791269  4.47057684  4.46356393 -1.43694982 -1.38825954
 -3.83849488  2.35704453 -1.12349587 -4.15338203], Best Fitness = 139175.71087887362, Evaluations = 4352
Generation 137: Best Solution = [-4.17233694 -2.80795863  4.49731381  4.44694797 -1.43676314 -1.38885591
 -3.82413263  2.34854975 -1.11139087 -4.1669892 ], Best Fitness = 138897.71965480666, Evaluations = 4384
Generation 138: Best Solution = [-4.17262517 -2.80008586  4.48362799  4.44856552 -1.43486715 -1.37891415
 -3.82955157  2.34868888 -1.11294239 -4.1596069 ], Best Fitness = 138580.86353093374, Evaluations = 4416
Generation 139: Best Solution = [-4.16010036 -2.79859256  4.49654315  4.44075736 -1.43939543 -1.38154526
 -3.82133867  2.3409065  -1.10607262 -4.16304046], Best Fitness = 138058.08369339554, Evaluations = 4448
Generation 140: Best Solution = [-4.17142283 -2.7943123   4.47753171  4.43737941 -1.43200897 -1.38933052
 -3.82887439  2.33784288 -1.11110293 -4.16632182], Best Fitness = 137911.54093757572, Evaluations = 4480
Generation 141: Best Solution = [-4.15617429 -2.77901364  4.45692321  4.44921762 -1.43930105 -1.3887311
 -3.83974665  2.35806804 -1.12085135 -4.15394902], Best Fitness = 137494.29591647862, Evaluations = 4512
Generation 142: Best Solution = [-4.16403228 -2.82611865  4.48648707  4.42672101 -1.4372443  -1.38510125
 -3.80764204  2.33043422 -1.10050095 -4.16602031], Best Fitness = 137321.50961257177, Evaluations = 4544
Generation 143: Best Solution = [-4.1589479  -2.80267869  4.46603338  4.43251066 -1.42605537 -1.40095016
 -3.82192752  2.34711471 -1.11548935 -4.15130631], Best Fitness = 136982.9877969195, Evaluations = 4576
Generation 144: Best Solution = [-4.15106107 -2.79248409  4.44616998  4.43858087 -1.43450287 -1.38183262
 -3.83538763  2.35284627 -1.13570685 -4.16122743], Best Fitness = 136672.30429475853, Evaluations = 4608
Generation 145: Best Solution = [-4.15860598 -2.80767942  4.45801023  4.42682933 -1.43694983 -1.36374932
 -3.82022526  2.33936818 -1.12056411 -4.16679279], Best Fitness = 136496.7604567043, Evaluations = 4640
Generation 146: Best Solution = [-4.15321686 -2.79911197  4.45315509  4.42969743 -1.43595822 -1.35435403
 -3.82617125  2.33569485 -1.1175799  -4.16798652], Best Fitness = 136271.0036305913, Evaluations = 4672
Generation 147: Best Solution = [-4.15601846 -2.79992165  4.44889601  4.42668313 -1.43672723 -1.3472591
 -3.82387611  2.33726539 -1.11971177 -4.16775863], Best Fitness = 136099.80712799428, Evaluations = 4704
Generation 148: Best Solution = [-4.13924184 -2.80109731  4.44356166  4.43141172 -1.45480774 -1.34350263
 -3.83197745  2.32456112 -1.12693164 -4.17491702], Best Fitness = 135820.84236589028, Evaluations = 4736
Generation 149: Best Solution = [-4.1440195  -2.79920557  4.44398048  4.42224104 -1.42822106 -1.3532514
 -3.82483705  2.33701078 -1.11559918 -4.16557225], Best Fitness = 135383.3407380016, Evaluations = 4768
Generation 150: Best Solution = [-4.14390009 -2.79461038  4.43699998  4.42426333 -1.42723245 -1.35747774
 -3.8205164   2.33194281 -1.12115307 -4.16505866], Best Fitness = 135152.8941914059, Evaluations = 4800
Generation 151: Best Solution = [-4.13861083 -2.79313516  4.42942586  4.42406422 -1.43245432 -1.3365469
 -3.8230319   2.32323887 -1.13047481 -4.16776209], Best Fitness = 134770.9760944803, Evaluations = 4832
Generation 152: Best Solution = [-4.13642645 -2.79675853  4.42709143  4.41807778 -1.42855749 -1.35761833
 -3.81609359  2.33912478 -1.11635032 -4.15769439], Best Fitness = 134372.87289903685, Evaluations = 4864
Generation 153: Best Solution = [-4.12151174 -2.8086562   4.40596313  4.42389222 -1.45004743 -1.33563134
 -3.81622589  2.30958642 -1.13519704 -4.16933745], Best Fitness = 133656.27905802865, Evaluations = 4896
Generation 154: Best Solution = [-4.10709274 -2.8244053   4.37530393  4.42626842 -1.48643483 -1.30443234
 -3.81834352  2.29063638 -1.14978092 -4.18337056], Best Fitness = 132777.34684068573, Evaluations = 4928
Generation 155: Best Solution = [-4.10653873 -2.82875804  4.37942283  4.41745795 -1.48071902 -1.31216558
 -3.81545348  2.29878563 -1.14315765 -4.18191454], Best Fitness = 132531.45268681442, Evaluations = 4960
Generation 156: Best Solution = [-4.09494401 -2.84323903  4.36344907  4.42870761 -1.50754262 -1.29418831
 -3.81309827  2.27432492 -1.16254276 -4.18470779], Best Fitness = 132315.4696945042, Evaluations = 4992
Generation 157: Best Solution = [-4.09612681 -2.82412337  4.37049199  4.4203123  -1.4756797  -1.32660009
 -3.80688701  2.28359771 -1.15980484 -4.18428972], Best Fitness = 131898.2157132546, Evaluations = 5024
Generation 158: Best Solution = [-4.08910979 -2.84057221  4.36948262  4.41006144 -1.48373319 -1.32515508
 -3.81472147  2.28585941 -1.16762088 -4.18965276], Best Fitness = 131674.98119873327, Evaluations = 5056
Generation 159: Best Solution = [-4.09585095 -2.822765    4.35624745  4.41546499 -1.49403763 -1.296095
 -3.81327231  2.27711511 -1.14839331 -4.18707623], Best Fitness = 131428.7925250528, Evaluations = 5088
Generation 160: Best Solution = [-4.08591612 -2.83255943  4.35177087  4.41338516 -1.50663154 -1.29221673
 -3.81765837  2.27523593 -1.15959024 -4.19059649], Best Fitness = 131201.63125125066, Evaluations = 5120
Generation 161: Best Solution = [-4.09212668 -2.82622632  4.34671717  4.40488073 -1.50692873 -1.29612483
 -3.80915993  2.27531913 -1.14863157 -4.18868172], Best Fitness = 130739.48143633518, Evaluations = 5152
Generation 162: Best Solution = [-4.08746805 -2.84844179  4.33527737  4.40269582 -1.50031291 -1.28964048
 -3.81337398  2.26817171 -1.16664685 -4.21489901], Best Fitness = 130511.5255808467, Evaluations = 5184
Generation 163: Best Solution = [-4.09246649 -2.81365806  4.33707202  4.39439101 -1.51865949 -1.28245151
 -3.81984511  2.26347365 -1.15284452 -4.1910865 ], Best Fitness = 130277.66665809415, Evaluations = 5216
Generation 164: Best Solution = [-4.09150277 -2.82429421  4.34183231  4.38955114 -1.50695871 -1.28896648
 -3.81235109  2.26486752 -1.15069071 -4.19318483], Best Fitness = 130083.36810335529, Evaluations = 5248
Generation 165: Best Solution = [-4.09104861 -2.8107419   4.34012157  4.3870294  -1.50088793 -1.29179874
 -3.81562807  2.27406502 -1.14699522 -4.17836391], Best Fitness = 129870.9458973118, Evaluations = 5280
Generation 166: Best Solution = [-4.08902514 -2.80129179  4.3392504   4.3805551  -1.4949086  -1.29759381
 -3.81506054  2.27702511 -1.14811743 -4.18291481], Best Fitness = 129484.92950818149, Evaluations = 5312
Generation 167: Best Solution = [-4.0772631  -2.80124213  4.33796008  4.37547926 -1.51065623 -1.2947132
 -3.81102234  2.28100824 -1.14388408 -4.17783133], Best Fitness = 128909.9836616008, Evaluations = 5344
Generation 168: Best Solution = [-4.0723052  -2.80278622  4.35036627  4.36714536 -1.49356772 -1.2972723
 -3.81414866  2.28967168 -1.15023365 -4.16306747], Best Fitness = 128794.07432760535, Evaluations = 5376
Generation 169: Best Solution = [-4.0744314  -2.79970771  4.34073071  4.36778077 -1.50128662 -1.30720328
 -3.80705759  2.28682339 -1.1540802  -4.17581969], Best Fitness = 128584.45343422687, Evaluations = 5408
Generation 170: Best Solution = [-4.07032794 -2.80709217  4.3450715   4.35981769 -1.48831121 -1.3208223
 -3.80551748  2.29996397 -1.15822891 -4.1646145 ], Best Fitness = 128343.50734919033, Evaluations = 5440
Generation 171: Best Solution = [-4.07240909 -2.81027985  4.33207303  4.36145141 -1.49325521 -1.31128864
 -3.80452594  2.29096449 -1.15698324 -4.16501863], Best Fitness = 128112.06265314652, Evaluations = 5472
Generation 172: Best Solution = [-4.07354611 -2.79137095  4.32474769  4.36268798 -1.49802575 -1.30111577
 -3.80627262  2.28501202 -1.15614913 -4.16314772], Best Fitness = 127865.53389179305, Evaluations = 5504
Generation 173: Best Solution = [-4.06797519 -2.79968786  4.33024273  4.34985856 -1.48603888 -1.30580087
 -3.8168956   2.2807314  -1.15682839 -4.1819938 ], Best Fitness = 127628.0943215565, Evaluations = 5536
Generation 174: Best Solution = [-4.06820099 -2.78998134  4.3260047   4.36155022 -1.49898499 -1.30192098
 -3.79220105  2.28431249 -1.15510345 -4.16284655], Best Fitness = 127405.7838572947, Evaluations = 5568
Generation 175: Best Solution = [-4.06159018 -2.77941064  4.33387785  4.35038525 -1.49985494 -1.31288225
 -3.79539774  2.29131981 -1.16393914 -4.14567324], Best Fitness = 127087.76193950605, Evaluations = 5600
Generation 176: Best Solution = [-4.06580128 -2.77645721  4.31447779  4.35194543 -1.5046334  -1.31323234
 -3.79093522  2.29217634 -1.17055499 -4.14072559], Best Fitness = 126747.17551795005, Evaluations = 5632
Generation 177: Best Solution = [-4.06434141 -2.77076473  4.31499006  4.34271194 -1.49308069 -1.31949957
 -3.79402124  2.27989268 -1.17725011 -4.12946834], Best Fitness = 126351.29564082403, Evaluations = 5664
Generation 178: Best Solution = [-4.06032665 -2.77133352  4.30619467  4.3442542  -1.50067741 -1.31983842
 -3.79514649  2.28097767 -1.17106876 -4.13015912], Best Fitness = 126120.86816769982, Evaluations = 5696
Generation 179: Best Solution = [-4.05116185 -2.77362769  4.31066392  4.34907121 -1.49908104 -1.31527819
 -3.78922617  2.2732592  -1.15848986 -4.1395979 ], Best Fitness = 125910.43850464466, Evaluations = 5728
Generation 180: Best Solution = [-4.05732312 -2.76517333  4.30505407  4.33547754 -1.49629697 -1.31673223
 -3.78865691  2.28871085 -1.17656278 -4.12902021], Best Fitness = 125550.04495980748, Evaluations = 5760
Generation 181: Best Solution = [-4.05696833 -2.75851779  4.31476877  4.3345009  -1.49201666 -1.31531236
 -3.77703542  2.28339353 -1.1788871  -4.12666766], Best Fitness = 125421.57198826032, Evaluations = 5792
Generation 182: Best Solution = [-4.05514336 -2.76645047  4.30987053  4.33172153 -1.49248263 -1.31350681
 -3.77599191  2.27398207 -1.16802316 -4.13357574], Best Fitness = 125127.16671783426, Evaluations = 5824
Generation 183: Best Solution = [-4.04428256 -2.75855024  4.30656515  4.34068197 -1.5139513  -1.30570758
 -3.76952034  2.26897159 -1.1602939  -4.14141702], Best Fitness = 124885.4586273, Evaluations = 5856
Generation 184: Best Solution = [-4.05159682 -2.76543437  4.30038374  4.33216122 -1.49912845 -1.30294506
 -3.76548212  2.27091234 -1.16016361 -4.1437756 ], Best Fitness = 124570.56390614808, Evaluations = 5888
Generation 185: Best Solution = [-4.0374771  -2.76181696  4.29437687  4.32540807 -1.47169389 -1.30297406
 -3.79597076  2.2849648  -1.16348554 -4.14375875], Best Fitness = 124226.75991798415, Evaluations = 5920
Generation 186: Best Solution = [-4.04497124 -2.76339817  4.29253173  4.32555514 -1.48961585 -1.31008799
 -3.76650778  2.28318132 -1.16557012 -4.13688345], Best Fitness = 123992.61815525005, Evaluations = 5952
Generation 187: Best Solution = [-4.04265325 -2.76464604  4.28577329  4.31749346 -1.47436593 -1.30772142
 -3.77435695  2.29655321 -1.16027366 -4.12746147], Best Fitness = 123577.44146501267, Evaluations = 5984
Generation 188: Best Solution = [-4.03606247 -2.76301928  4.28823934  4.30589812 -1.47248569 -1.31977912
 -3.77431632  2.30459147 -1.16138861 -4.12579122], Best Fitness = 123113.20722095117, Evaluations = 6016
Generation 189: Best Solution = [-4.02706729 -2.77168283  4.27342728  4.30926632 -1.474334   -1.31360268
 -3.78335904  2.30607044 -1.15898586 -4.13229114], Best Fitness = 122829.64888753266, Evaluations = 6048
Generation 190: Best Solution = [-4.03752235 -2.76313397  4.28032554  4.29869791 -1.48607543 -1.31631638
 -3.75855168  2.2925522  -1.16205891 -4.12471714], Best Fitness = 122475.0900245585, Evaluations = 6080
Generation 191: Best Solution = [-4.032064   -2.75317137  4.29280331  4.29013436 -1.48225615 -1.32194671
 -3.75859815  2.2790974  -1.17040163 -4.14258813], Best Fitness = 122259.69677769448, Evaluations = 6112
Generation 192: Best Solution = [-4.02996847 -2.74377162  4.30063592  4.28341007 -1.48403214 -1.33316406
 -3.7530518   2.27920893 -1.17494209 -4.13332987], Best Fitness = 122056.45568631627, Evaluations = 6144
Generation 193: Best Solution = [-4.03829779 -2.7491785   4.27587319  4.2887103  -1.47774694 -1.32396963
 -3.74908874  2.28480536 -1.16466417 -4.11745666], Best Fitness = 121750.82387683743, Evaluations = 6176
Generation 194: Best Solution = [-4.04890097 -2.7532783   4.26152747  4.29407734 -1.46419166 -1.32506037
 -3.73212073  2.28282515 -1.16198539 -4.11482803], Best Fitness = 121531.60496380458, Evaluations = 6208
Generation 195: Best Solution = [-4.03524942 -2.74943847  4.27320322  4.28405497 -1.47574573 -1.32514865
 -3.73302761  2.26762798 -1.17083524 -4.12494889], Best Fitness = 121116.93317532336, Evaluations = 6240
Generation 196: Best Solution = [-4.03298661 -2.74805496  4.27364821  4.2720717  -1.47442473 -1.32362247
 -3.72607734  2.25693449 -1.18199234 -4.14122108], Best Fitness = 120558.48741965396, Evaluations = 6272
Generation 197: Best Solution = [-4.03871377 -2.73991169  4.27364933  4.27500771 -1.4679085  -1.33610755
 -3.70994507  2.24480835 -1.19273576 -4.13676859], Best Fitness = 120472.40185700587, Evaluations = 6304
Generation 198: Best Solution = [-4.03939497 -2.76455224  4.25791894  4.27299974 -1.4618975  -1.30895588
 -3.72077359  2.2733565  -1.16514002 -4.13026339], Best Fitness = 120298.41598231268, Evaluations = 6336
Generation 199: Best Solution = [-4.02080868 -2.73624925  4.2742558   4.27340366 -1.47631939 -1.33761918
 -3.71524157  2.2563048  -1.19078179 -4.13590296], Best Fitness = 120044.49809919277, Evaluations = 6368
Generation 200: Best Solution = [-4.01479643 -2.74002358  4.27681272  4.26958417 -1.47686664 -1.34619294
 -3.70690661  2.2490822  -1.19258428 -4.13775129], Best Fitness = 119699.08771311659, Evaluations = 6400
Generation 201: Best Solution = [-4.02122736 -2.74070526  4.26515791  4.25811179 -1.48039518 -1.33436784
 -3.72186826  2.26521991 -1.18534135 -4.13267448], Best Fitness = 119547.38039107682, Evaluations = 6432
Generation 202: Best Solution = [-4.01977884 -2.73374452  4.27441016  4.26808254 -1.4738324  -1.34175938
 -3.68434286  2.24812475 -1.19518431 -4.13421392], Best Fitness = 119264.96619997371, Evaluations = 6464
Generation 203: Best Solution = [-4.00420022 -2.72889049  4.26993781  4.25456536 -1.48031395 -1.34993162
 -3.72630342  2.23810975 -1.19019919 -4.14558035], Best Fitness = 119030.47867363994, Evaluations = 6496
Generation 204: Best Solution = [-3.99547647 -2.73643928  4.26456567  4.25484151 -1.470205   -1.34899027
 -3.72850833  2.24374881 -1.18893375 -4.13650955], Best Fitness = 118687.45395325588, Evaluations = 6528
Generation 205: Best Solution = [-4.01016389 -2.71434881  4.25329281  4.2603998  -1.4757166  -1.33345975
 -3.70287386  2.24883165 -1.19969583 -4.14220491], Best Fitness = 118452.16427919513, Evaluations = 6560
Generation 206: Best Solution = [-4.00415269 -2.70715254  4.25521002  4.25185093 -1.48273858 -1.33383644
 -3.71430278  2.24369819 -1.20061738 -4.14944746], Best Fitness = 118248.5069346595, Evaluations = 6592
Generation 207: Best Solution = [-4.00331257 -2.71309835  4.25488198  4.25126372 -1.48165364 -1.32798911
 -3.69844893  2.25163552 -1.20779904 -4.14705847], Best Fitness = 117976.92756505766, Evaluations = 6624
Generation 208: Best Solution = [-3.99789987 -2.71877497  4.25153612  4.24801397 -1.48753749 -1.32358215
 -3.70668533  2.24730772 -1.20898503 -4.15626136], Best Fitness = 117848.43924754033, Evaluations = 6656
Generation 209: Best Solution = [-3.99302206 -2.7255942   4.25533406  4.24443815 -1.47957145 -1.32270024
 -3.70538339  2.24647231 -1.2063279  -4.14571403], Best Fitness = 117630.43523625238, Evaluations = 6688
Generation 210: Best Solution = [-3.99195395 -2.73210812  4.24989199  4.24423679 -1.48497373 -1.31592998
 -3.69426173  2.24370595 -1.19692137 -4.14648748], Best Fitness = 117277.05774105321, Evaluations = 6720
Generation 211: Best Solution = [-3.99040868 -2.72789841  4.25365597  4.23893435 -1.47196087 -1.32642963
 -3.68886525  2.23981615 -1.19828844 -4.14502462], Best Fitness = 116980.30285753524, Evaluations = 6752
Generation 212: Best Solution = [-3.98525079 -2.71329806  4.23016847  4.24461453 -1.48630537 -1.33696826
 -3.70489977  2.24747465 -1.20285845 -4.15781618], Best Fitness = 116831.24447253585, Evaluations = 6784
Generation 213: Best Solution = [-3.9891985  -2.71752095  4.23027175  4.23507169 -1.47448511 -1.33535623
 -3.70228068  2.24133398 -1.19842917 -4.15610154], Best Fitness = 116528.35554039093, Evaluations = 6816
Generation 214: Best Solution = [-3.97982434 -2.7135764   4.22258313  4.23658642 -1.47843736 -1.34144548
 -3.70093246  2.23940754 -1.2100494  -4.14246168], Best Fitness = 116141.36696981074, Evaluations = 6848
Generation 215: Best Solution = [-3.97444521 -2.72136254  4.21925902  4.23124551 -1.48600563 -1.33945437
 -3.69286418  2.24006122 -1.20937923 -4.13212001], Best Fitness = 115683.81491360744, Evaluations = 6880
Generation 216: Best Solution = [-3.96391795 -2.71728329  4.21964377  4.23472207 -1.48317405 -1.33264764
 -3.69184623  2.25060043 -1.21075106 -4.13752939], Best Fitness = 115445.8399366883, Evaluations = 6912
Generation 217: Best Solution = [-3.9675497  -2.72903523  4.21004397  4.2303305  -1.48613035 -1.3327619
 -3.68625812  2.2487725  -1.2191093  -4.11417556], Best Fitness = 115210.50737735313, Evaluations = 6944
Generation 218: Best Solution = [-3.96552618 -2.725153    4.20600622  4.22933025 -1.4831729  -1.33325094
 -3.68410211  2.24219926 -1.21215767 -4.11866109], Best Fitness = 114905.06431740754, Evaluations = 6976
Generation 219: Best Solution = [-3.96747949 -2.73079743  4.19797876  4.22602196 -1.48381202 -1.32622995
 -3.68600052  2.24388842 -1.20846079 -4.10419802], Best Fitness = 114714.82867436644, Evaluations = 7008
Generation 220: Best Solution = [-3.96941627 -2.72047503  4.20962735  4.21660252 -1.48826698 -1.32905927
 -3.67755524  2.23464095 -1.20284979 -4.11231522], Best Fitness = 114514.50144997422, Evaluations = 7040
Generation 221: Best Solution = [-3.95724045 -2.72516886  4.20111181  4.23147116 -1.48633997 -1.32057852
 -3.67325233  2.24177782 -1.19857523 -4.12035374], Best Fitness = 114348.45784875685, Evaluations = 7072
Generation 222: Best Solution = [-3.96050697 -2.7384875   4.19942508  4.21726141 -1.48673151 -1.31786165
 -3.67591034  2.25502292 -1.21151299 -4.10908037], Best Fitness = 114199.96226740157, Evaluations = 7104
Generation 223: Best Solution = [-3.96750332 -2.72394612  4.19676998  4.20461251 -1.48755144 -1.32862758
 -3.67862415  2.24630371 -1.21272391 -4.10844064], Best Fitness = 113931.25373595522, Evaluations = 7136
Generation 224: Best Solution = [-3.96881542 -2.73401378  4.18987088  4.19858117 -1.48772146 -1.33078903
 -3.67543691  2.23743887 -1.21159691 -4.10950226], Best Fitness = 113633.99378658044, Evaluations = 7168
Generation 225: Best Solution = [-3.95694407 -2.73127272  4.18946995  4.20968205 -1.46719176 -1.33059901
 -3.67778008  2.21509525 -1.20607511 -4.11180693], Best Fitness = 113414.25348284081, Evaluations = 7200
Generation 226: Best Solution = [-3.95314889 -2.72742986  4.1914716   4.20703019 -1.47182145 -1.33215569
 -3.67060879  2.22048478 -1.20762366 -4.10482635], Best Fitness = 113162.58145823356, Evaluations = 7232
Generation 227: Best Solution = [-3.94183616 -2.72491357  4.18597207  4.20943176 -1.47363927 -1.32773458
 -3.68163627  2.20654768 -1.2035632  -4.11052834], Best Fitness = 112905.84439595586, Evaluations = 7264
Generation 228: Best Solution = [-3.93957556 -2.7192852   4.17669709  4.21010082 -1.49125717 -1.3324964
 -3.67417928  2.21450854 -1.20219511 -4.11096169], Best Fitness = 112629.76535496445, Evaluations = 7296
Generation 229: Best Solution = [-3.92959536 -2.72329097  4.18001046  4.20992985 -1.49134557 -1.32616373
 -3.67481267  2.21209275 -1.2007792  -4.11191536], Best Fitness = 112415.43974905596, Evaluations = 7328
Generation 230: Best Solution = [-3.93211918 -2.71640492  4.18496648  4.20147581 -1.46401605 -1.3291257
 -3.68590877  2.20424115 -1.20612857 -4.11001505], Best Fitness = 112336.03195465083, Evaluations = 7360
Generation 231: Best Solution = [-3.93214761 -2.72080084  4.18454999  4.19552312 -1.46145317 -1.32837603
 -3.68379646  2.20434193 -1.20264639 -4.10593957], Best Fitness = 112110.92765530334, Evaluations = 7392
Generation 232: Best Solution = [-3.930526   -2.71400482  4.18380591  4.19691406 -1.46197894 -1.34067013
 -3.67260159  2.20474844 -1.20096923 -4.10642168], Best Fitness = 111884.8159354239, Evaluations = 7424
Generation 233: Best Solution = [-3.92866493 -2.71299324  4.17667255  4.192548   -1.46012491 -1.32502423
 -3.6743635   2.21244945 -1.19827556 -4.11553406], Best Fitness = 111530.15192330892, Evaluations = 7456
Generation 234: Best Solution = [-3.92319345 -2.71209896  4.17945919  4.19223294 -1.46858435 -1.33009022
 -3.66064959  2.21014638 -1.20325815 -4.1104016 ], Best Fitness = 111251.73319393421, Evaluations = 7488
Generation 235: Best Solution = [-3.92439252 -2.71425198  4.1700521   4.18991515 -1.45614441 -1.33356501
 -3.65686132  2.21092921 -1.20469737 -4.11389917], Best Fitness = 110916.95236620955, Evaluations = 7520
Generation 236: Best Solution = [-3.92919862 -2.70817401  4.16552206  4.18041393 -1.45356848 -1.31842831
 -3.66762367  2.21338295 -1.20824187 -4.11794265], Best Fitness = 110782.85605694748, Evaluations = 7552
Generation 237: Best Solution = [-3.92007797 -2.71917027  4.17730684  4.16915891 -1.45594457 -1.32083058
 -3.66695836  2.21291941 -1.20031218 -4.10810139], Best Fitness = 110495.99642659935, Evaluations = 7584
Generation 238: Best Solution = [-3.92026519 -2.7095446   4.17513528  4.1708855  -1.45306356 -1.3303313
 -3.65976678  2.214192   -1.19690186 -4.10663354], Best Fitness = 110316.44301089214, Evaluations = 7616
Generation 239: Best Solution = [-3.92213894 -2.69407751  4.15446279  4.18768759 -1.45351531 -1.31846121
 -3.65171149  2.20375801 -1.20698009 -4.13107844], Best Fitness = 110161.6705898805, Evaluations = 7648
Generation 240: Best Solution = [-3.92563954 -2.68755786  4.15069592  4.179762   -1.45520215 -1.31030463
 -3.65300166  2.20194416 -1.19913026 -4.12194214], Best Fitness = 109862.6083401453, Evaluations = 7680
Generation 241: Best Solution = [-3.91574006 -2.69623242  4.16041793  4.16974639 -1.4535471  -1.32271589
 -3.65081655  2.20836206 -1.20773753 -4.12487245], Best Fitness = 109611.54301294833, Evaluations = 7712
Generation 242: Best Solution = [-3.91602322 -2.69268416  4.15965322  4.15940813 -1.45645954 -1.31384981
 -3.65460316  2.20495751 -1.19398795 -4.12389861], Best Fitness = 109267.88190299516, Evaluations = 7744
Generation 243: Best Solution = [-3.91529678 -2.69934608  4.15252252  4.16491001 -1.44098772 -1.30279139
 -3.65281402  2.20586642 -1.19803857 -4.11897028], Best Fitness = 109154.94780878183, Evaluations = 7776
Generation 244: Best Solution = [-3.90883838 -2.68413654  4.14552181  4.16916689 -1.44572171 -1.29906277
 -3.65578464  2.20270212 -1.19710085 -4.12149324], Best Fitness = 108897.61776664469, Evaluations = 7808
Generation 245: Best Solution = [-3.89585887 -2.69474529  4.16433786  4.14971181 -1.45083082 -1.31353688
 -3.66825409  2.20452828 -1.19204751 -4.12475206], Best Fitness = 108737.70133044182, Evaluations = 7840
Generation 246: Best Solution = [-3.91203527 -2.69016501  4.13033157  4.17492444 -1.42387933 -1.29378512
 -3.64256282  2.19301886 -1.21714515 -4.1161052 ], Best Fitness = 108550.00133834554, Evaluations = 7872
Generation 247: Best Solution = [-3.90798033 -2.69442276  4.12755274  4.17008738 -1.42496735 -1.29430581
 -3.64457746  2.18670358 -1.22680561 -4.11473329], Best Fitness = 108328.54668969395, Evaluations = 7904
Generation 248: Best Solution = [-3.90085357 -2.68150219  4.14678392  4.15542776 -1.4389081  -1.30193565
 -3.64861318  2.205981   -1.19054972 -4.11997278], Best Fitness = 108118.6262440806, Evaluations = 7936
Generation 249: Best Solution = [-3.89775788 -2.69328582  4.13939778  4.15420941 -1.4355338  -1.29799273
 -3.64075196  2.19235908 -1.21405424 -4.11315658], Best Fitness = 107797.3248272574, Evaluations = 7968
Generation 250: Best Solution = [-3.89644682 -2.69385251  4.13746778  4.15289501 -1.42742352 -1.29433479
 -3.63560938  2.19544695 -1.21037387 -4.11907732], Best Fitness = 107542.1694047699, Evaluations = 8000
Generation 251: Best Solution = [-3.89429671 -2.69121273  4.13369592  4.15880039 -1.43193368 -1.28937034
 -3.62854654  2.20023209 -1.2089951  -4.11775968], Best Fitness = 107450.08168555135, Evaluations = 8032
Generation 252: Best Solution = [-3.88648074 -2.70573758  4.1397075   4.14315281 -1.43146682 -1.29214615
 -3.63798871  2.19435343 -1.21326097 -4.11485405], Best Fitness = 107178.19625767322, Evaluations = 8064
Generation 253: Best Solution = [-3.88976842 -2.70376603  4.13423702  4.13663577 -1.4327871  -1.29111448
 -3.64077544  2.18709148 -1.21183825 -4.10647419], Best Fitness = 106972.58363866249, Evaluations = 8096
Generation 254: Best Solution = [-3.8894376  -2.70927487  4.13096844  4.13519703 -1.43472181 -1.2797904
 -3.63154629  2.19716224 -1.20255035 -4.10944191], Best Fitness = 106706.46997716116, Evaluations = 8128
Generation 255: Best Solution = [-3.87600865 -2.7039724   4.13689605  4.13494608 -1.44136774 -1.28184998
 -3.62617949  2.20357947 -1.19952995 -4.1161111 ], Best Fitness = 106383.45326568096, Evaluations = 8160
Generation 256: Best Solution = [-3.87051941 -2.71141176  4.13550213  4.13818891 -1.45226973 -1.27964411
 -3.61415783  2.21950758 -1.19435053 -4.12513666], Best Fitness = 106240.08342469807, Evaluations = 8192
Generation 257: Best Solution = [-3.87100367 -2.70917488  4.12872531  4.13430448 -1.45298054 -1.28413976
 -3.61233674  2.2243289  -1.19839853 -4.12636905], Best Fitness = 106009.5102917907, Evaluations = 8224
Generation 258: Best Solution = [-3.87389973 -2.7109304   4.1336374   4.12647522 -1.44843614 -1.27382016
 -3.6063037   2.22666634 -1.19081167 -4.13230464], Best Fitness = 105807.83611149491, Evaluations = 8256
Generation 259: Best Solution = [-3.87519163 -2.71122066  4.13477355  4.1195214  -1.44244559 -1.27229382
 -3.6025738   2.22518243 -1.19557599 -4.126086  ], Best Fitness = 105581.45726194666, Evaluations = 8288
Generation 260: Best Solution = [-3.86434308 -2.71119608  4.13236874  4.12018978 -1.43615903 -1.2736585
 -3.61191557  2.22650511 -1.19481891 -4.13021103], Best Fitness = 105383.24778616217, Evaluations = 8320
Generation 261: Best Solution = [-3.86510116 -2.6925498   4.12197275  4.12683239 -1.43181215 -1.27174841
 -3.62417592  2.19682014 -1.1937926  -4.1095681 ], Best Fitness = 105297.00310252467, Evaluations = 8352
Generation 262: Best Solution = [-3.85842479 -2.71365961  4.1272769   4.12366014 -1.42777317 -1.27521057
 -3.60200768  2.2319348  -1.19984286 -4.14254004], Best Fitness = 105075.56271758521, Evaluations = 8384
Generation 263: Best Solution = [-3.86929788 -2.69445919  4.12138314  4.11760287 -1.43862897 -1.26971588
 -3.60607692  2.20460435 -1.1907251  -4.1290624 ], Best Fitness = 104918.03418976367, Evaluations = 8416
Generation 264: Best Solution = [-3.86405303 -2.70042127  4.11627328  4.11843659 -1.43824924 -1.27315485
 -3.59904322  2.22114659 -1.19587106 -4.13187698], Best Fitness = 104703.83243977645, Evaluations = 8448
Generation 265: Best Solution = [-3.86059808 -2.687973    4.1150799   4.11866752 -1.43785535 -1.27788458
 -3.60456193  2.19736979 -1.19443958 -4.13313468], Best Fitness = 104529.95725139396, Evaluations = 8480
Generation 266: Best Solution = [-3.85551432 -2.68673066  4.11253431  4.10907945 -1.4412245  -1.2811158
 -3.60344751  2.21109383 -1.20317128 -4.12662286], Best Fitness = 104147.8462173456, Evaluations = 8512
Generation 267: Best Solution = [-3.84958931 -2.70040508  4.11149403  4.10932955 -1.43110858 -1.27908774
 -3.59478693  2.20896258 -1.20322452 -4.12433036], Best Fitness = 103851.99350584386, Evaluations = 8544
Generation 268: Best Solution = [-3.84419313 -2.70815832  4.09560482  4.11484143 -1.43474507 -1.27300957
 -3.59334249  2.20107977 -1.19341464 -4.13586016], Best Fitness = 103516.90413347493, Evaluations = 8576
Generation 269: Best Solution = [-3.82581767 -2.70258075  4.10264266  4.11306701 -1.43911952 -1.27999094
 -3.58950683  2.214212   -1.19533521 -4.12827292], Best Fitness = 103105.98326809985, Evaluations = 8608
Generation 270: Best Solution = [-3.83123424 -2.7104252   4.09643537  4.11317239 -1.44510495 -1.27883866
 -3.59070734  2.21131116 -1.19773047 -4.12651342], Best Fitness = 103229.75048744601, Evaluations = 8640
Generation 271: Best Solution = [-3.83498453 -2.70782618  4.08919672  4.10354396 -1.44284554 -1.28042042
 -3.59403328  2.20091853 -1.19863688 -4.13731301], Best Fitness = 102930.24686485829, Evaluations = 8672
Generation 272: Best Solution = [-3.82358733 -2.69897577  4.09752686  4.10424118 -1.43327054 -1.28203006
 -3.58968705  2.21409642 -1.2054058  -4.13815919], Best Fitness = 102702.24376737548, Evaluations = 8704
Generation 273: Best Solution = [-3.82516191 -2.70611639  4.08600275  4.10485921 -1.43377845 -1.27915695
 -3.58967113  2.20877741 -1.19825952 -4.141643  ], Best Fitness = 102531.13089516491, Evaluations = 8736
Generation 274: Best Solution = [-3.8257751  -2.70698935  4.08213752  4.10148554 -1.43133564 -1.2849501
 -3.58736994  2.20615501 -1.19783385 -4.14079426], Best Fitness = 102340.96950203396, Evaluations = 8768
Generation 275: Best Solution = [-3.82350638 -2.70095182  4.07655856  4.09491948 -1.43519329 -1.28434617
 -3.59197972  2.20057055 -1.19512681 -4.14352498], Best Fitness = 102018.01207217436, Evaluations = 8800
Generation 276: Best Solution = [-3.81599175 -2.703134    4.07740849  4.10093449 -1.42441201 -1.28911884
 -3.58118886  2.21417364 -1.19101725 -4.14746692], Best Fitness = 101828.1901349058, Evaluations = 8832
Generation 277: Best Solution = [-3.80746062 -2.6875271   4.070293    4.10219306 -1.4254575  -1.28866418
 -3.58721356  2.20268641 -1.18748196 -4.14365305], Best Fitness = 101438.13661019756, Evaluations = 8864
Generation 278: Best Solution = [-3.81339936 -2.6763287   4.06268151  4.09547284 -1.43140873 -1.28433885
 -3.59631902  2.19575897 -1.19145342 -4.14178269], Best Fitness = 101343.69533930288, Evaluations = 8896
Generation 279: Best Solution = [-3.80658019 -2.68228299  4.07205758  4.0863463  -1.42154068 -1.27882653
 -3.58882924  2.21325415 -1.18923153 -4.14848748], Best Fitness = 100999.59164281585, Evaluations = 8928
Generation 280: Best Solution = [-3.80218151 -2.68103475  4.06795192  4.08591854 -1.42343942 -1.28904945
 -3.58679442  2.20614432 -1.18958465 -4.15016896], Best Fitness = 100775.47330989513, Evaluations = 8960
Generation 281: Best Solution = [-3.79625912 -2.69801787  4.06631545  4.08252894 -1.42748133 -1.28114791
 -3.58022158  2.21620386 -1.18478249 -4.14845764], Best Fitness = 100514.39211932402, Evaluations = 8992
Generation 282: Best Solution = [-3.79650812 -2.67506814  4.05670428  4.07760698 -1.43001187 -1.28908463
 -3.59121342  2.19752397 -1.20352595 -4.15068633], Best Fitness = 100278.6512501478, Evaluations = 9024
Generation 283: Best Solution = [-3.79159433 -2.66386619  4.04872996  4.07973983 -1.42912422 -1.28503485
 -3.59708099  2.20052603 -1.2035622  -4.14909857], Best Fitness = 100065.09418288634, Evaluations = 9056
Generation 284: Best Solution = [-3.79066865 -2.668613    4.05651323  4.07960414 -1.41649083 -1.28618011
 -3.58162903  2.19301112 -1.20402537 -4.15755449], Best Fitness = 99888.64667359667, Evaluations = 9088
Generation 285: Best Solution = [-3.78689818 -2.6645028   4.05699583  4.07172095 -1.41794197 -1.28337741
 -3.58160462  2.18971758 -1.21274599 -4.16793658], Best Fitness = 99594.82131133271, Evaluations = 9120
Generation 286: Best Solution = [-3.78910393 -2.66153679  4.06017064  4.06358053 -1.42769685 -1.28551631
 -3.57969517  2.19380373 -1.19806169 -4.16422086], Best Fitness = 99456.92138356695, Evaluations = 9152
Generation 287: Best Solution = [-3.79377764 -2.67094714  4.04273533  4.06011376 -1.41898377 -1.28593752
 -3.57909008  2.19651755 -1.20510321 -4.15163483], Best Fitness = 99175.54278338604, Evaluations = 9184
Generation 288: Best Solution = [-3.79194136 -2.68374759  4.04013973  4.0606911  -1.41690797 -1.27673651
 -3.56505091  2.20101561 -1.21061432 -4.15171144], Best Fitness = 98947.61682153358, Evaluations = 9216
Generation 289: Best Solution = [-3.79794807 -2.68059094  4.0362965   4.05398082 -1.4109099  -1.28872052
 -3.55756341  2.19337061 -1.21261718 -4.1511529 ], Best Fitness = 98700.34343594621, Evaluations = 9248
Generation 290: Best Solution = [-3.7910991  -2.68140181  4.0339646   4.05284513 -1.40243166 -1.27868291
 -3.5614118   2.18935282 -1.22303137 -4.1559993 ], Best Fitness = 98469.63043282983, Evaluations = 9280
Generation 291: Best Solution = [-3.78810196 -2.6709454   4.03854064  4.04257564 -1.41352406 -1.2746697
 -3.56447016  2.19002152 -1.21050968 -4.16720136], Best Fitness = 98199.24556613078, Evaluations = 9312
Generation 292: Best Solution = [-3.78191529 -2.66403839  4.04158164  4.04498281 -1.40398839 -1.27855426
 -3.56499847  2.18757677 -1.20842745 -4.16708753], Best Fitness = 98069.4426996869, Evaluations = 9344
Generation 293: Best Solution = [-3.7822683  -2.66654902  4.03660831  4.03733667 -1.40935917 -1.28049123
 -3.55881956  2.20247485 -1.20146191 -4.16359445], Best Fitness = 97751.9997575211, Evaluations = 9376
Generation 294: Best Solution = [-3.77719593 -2.6662721   4.03018185  4.03214414 -1.42330329 -1.27617043
 -3.56523383  2.19480754 -1.201328   -4.16826896], Best Fitness = 97505.25268153434, Evaluations = 9408
Generation 295: Best Solution = [-3.78149117 -2.66766246  4.02521392  4.02359682 -1.41747864 -1.27883907
 -3.5678312   2.19710141 -1.20684716 -4.16592358], Best Fitness = 97353.29389298946, Evaluations = 9440
Generation 296: Best Solution = [-3.76459612 -2.6611338   4.03202662  4.03355155 -1.41467408 -1.26350306
 -3.56505219  2.19692702 -1.2029288  -4.17387892], Best Fitness = 97150.11426954619, Evaluations = 9472
Generation 297: Best Solution = [-3.75682041 -2.65497493  4.03408788  4.0329831  -1.41434524 -1.2601504
 -3.56831332  2.19178613 -1.20378723 -4.18270593], Best Fitness = 96974.15023679132, Evaluations = 9504
Generation 298: Best Solution = [-3.76476164 -2.64677568  4.02277069  4.03106275 -1.41563679 -1.27277138
 -3.56225849  2.19473178 -1.19635709 -4.16775304], Best Fitness = 96770.16596869018, Evaluations = 9536
Generation 299: Best Solution = [-3.76428373 -2.65189971  4.01533474  4.02655664 -1.42667831 -1.26870737
 -3.56136651  2.18668352 -1.1849545  -4.15758421], Best Fitness = 96485.11827442782, Evaluations = 9568
Generation 300: Best Solution = [-3.75756808 -2.65418949  4.02343733  4.02436861 -1.42042925 -1.26250183
 -3.55591566  2.18990526 -1.17669259 -4.15415881], Best Fitness = 96260.4325731575, Evaluations = 9600
Generation 301: Best Solution = [-3.75136389 -2.65310743  4.0224879   4.02481263 -1.4074273  -1.25318125
 -3.55432935  2.19063841 -1.18189927 -4.17068036], Best Fitness = 96006.0253160702, Evaluations = 9632
Generation 302: Best Solution = [-3.75229835 -2.65720259  4.02444468  4.02625784 -1.41999047 -1.2613831
 -3.53917818  2.18243603 -1.16078755 -4.14275637], Best Fitness = 95849.47154976214, Evaluations = 9664
Generation 303: Best Solution = [-3.74341138 -2.65427215  4.02226395  4.01527321 -1.40413685 -1.25467867
 -3.55426093  2.1855991  -1.19077159 -4.17494209], Best Fitness = 95573.22068107381, Evaluations = 9696
Generation 304: Best Solution = [-3.74414359 -2.66663747  4.01544988  4.00242914 -1.41554724 -1.27304116
 -3.55397797  2.19470033 -1.18876432 -4.15658712], Best Fitness = 95332.03990596971, Evaluations = 9728
Generation 305: Best Solution = [-3.7400467  -2.66803797  4.03084983  3.99526365 -1.40882552 -1.26838893
 -3.54656693  2.18940135 -1.17112398 -4.16194358], Best Fitness = 95102.96453718591, Evaluations = 9760
Generation 306: Best Solution = [-3.74230411 -2.66446968  4.0064392   3.99042418 -1.42050038 -1.28003847
 -3.55817148  2.18682969 -1.19228485 -4.15345885], Best Fitness = 94899.26773385791, Evaluations = 9792
Generation 307: Best Solution = [-3.73967053 -2.66707716  4.01154819  3.98427538 -1.42926781 -1.28249214
 -3.55628622  2.19039711 -1.19262543 -4.16150467], Best Fitness = 94838.31718423156, Evaluations = 9824
Generation 308: Best Solution = [-3.73636143 -2.65352425  4.0109052   3.98484523 -1.4228121  -1.2733549
 -3.56359789  2.19049817 -1.18929454 -4.14395834], Best Fitness = 94688.63973589848, Evaluations = 9856
Generation 309: Best Solution = [-3.74124423 -2.6437214   3.99878506  3.98210749 -1.43239648 -1.26974643
 -3.55621952  2.20196731 -1.1944424  -4.1403763 ], Best Fitness = 94424.57919213749, Evaluations = 9888
Generation 310: Best Solution = [-3.74851764 -2.64264116  3.99788765  3.98401213 -1.41334371 -1.25573604
 -3.5448869   2.19582777 -1.18734217 -4.1464421 ], Best Fitness = 94263.42034072832, Evaluations = 9920
Generation 311: Best Solution = [-3.72436718 -2.66864823  4.01122931  3.98151033 -1.43570413 -1.27609341
 -3.53856106  2.19907989 -1.18739812 -4.14364684], Best Fitness = 94115.14496614727, Evaluations = 9952
Generation 312: Best Solution = [-3.75768344 -2.62041963  3.96678267  3.97844933 -1.41393559 -1.25756361
 -3.56196272  2.19130081 -1.20831644 -4.11741784], Best Fitness = 93954.53880109372, Evaluations = 9984
Generation 313: Best Solution = [-3.75079779 -2.62288474  3.94691166  3.98381652 -1.41747479 -1.26352978
 -3.56774804  2.1940677  -1.22054127 -4.10200857], Best Fitness = 93747.2618970178, Evaluations = 10016
