Algorithm: Cross-Entropy Method
Objective Function: Ackley
Dimension: 10
Population Size: 64
Max Evaluations: 10000

Generation 1: Best Solution = [-32.768        8.13355544  -2.18836611  32.768       -6.18229541
 -32.768      -10.12308371  -2.80914746  -2.97153777  -1.01467065], Best Fitness = 20.606184135682675, Evaluations = 64
Generation 2: Best Solution = [ -0.09731984  -4.12719237  -4.00483734  10.19316263  -8.68014294
 -22.33760125 -26.41691296  11.40346464   4.49953425  13.74554955], Best Fitness = 20.374302254658435, Evaluations = 128
Generation 3: Best Solution = [  1.32819972  -7.86613267   1.02140056   9.00924754  -4.78016158
 -20.42568776 -12.38934486   7.37045491   0.91148779   7.50130791], Best Fitness = 18.56965282909155, Evaluations = 192
Generation 4: Best Solution = [ -6.0382952   -5.66698184   5.52366632  12.66857905  -2.74800874
 -18.65231879   0.45624991  12.07457792  -4.61183512   3.03592019], Best Fitness = 18.47857413219519, Evaluations = 256
Generation 5: Best Solution = [-10.99649129  -8.83478937  11.28801408   4.77397886   1.05515648
 -14.09741625   2.97997481   8.65555933 -14.08522511   2.75711225], Best Fitness = 17.944530885045342, Evaluations = 320
Generation 6: Best Solution = [ -5.86545595  -9.14152969   3.91882281   8.48538743  -1.01338477
 -14.81738646   0.61769963  10.12958239  -8.17571681   6.95226895], Best Fitness = 17.219327161555306, Evaluations = 384
Generation 7: Best Solution = [ -8.3499696   -8.11715615   0.62616551   5.80727674  -3.14306762
 -14.97647116  -1.92683079   9.1043348   -9.25869611   8.13545955], Best Fitness = 17.243502014207884, Evaluations = 448
Generation 8: Best Solution = [ -8.13320813  -6.10144814   3.70954142   6.76407695   1.78692093
 -16.09831203  -4.14959598   9.98532645  -5.11468563   7.77176701], Best Fitness = 17.002070549437263, Evaluations = 512
Generation 9: Best Solution = [ -5.85117548 -10.0782709    4.79612377   3.82990176  -0.10258527
 -15.06090183  -2.82447921   8.98519734  -8.0838205    8.64042217], Best Fitness = 16.865803079172103, Evaluations = 576
Generation 10: Best Solution = [ -9.01008864  -4.84304209   4.12130454   6.92444889  -1.24757129
 -13.94737341  -1.86498622   9.70420678  -7.87300495   5.30765938], Best Fitness = 16.577992232640923, Evaluations = 640
Generation 11: Best Solution = [ -7.17235119  -3.02720855   5.06794364   9.59189961  -2.34504742
 -13.7711824   -2.98211442  10.04847469  -4.98913379   5.95342494], Best Fitness = 16.49237144097458, Evaluations = 704
Generation 12: Best Solution = [-10.08621412  -3.8405755    2.92036669   6.89820416  -0.87050384
 -13.9390356   -2.18019495   9.95541197  -7.87191828   5.15235715], Best Fitness = 16.156581017386173, Evaluations = 768
Generation 13: Best Solution = [ -8.99332764  -3.08136504   4.16780179   8.32749661  -2.25793948
 -13.87056998  -2.08478698   9.97835224  -6.82721252   5.03465654], Best Fitness = 16.39175305534419, Evaluations = 832
Generation 14: Best Solution = [ -8.13521373  -3.90070498   5.05909543   7.89996011  -0.86617813
 -13.37728275  -3.24439308  10.04721001  -6.04057788   6.13480257], Best Fitness = 16.30184151995282, Evaluations = 896
Generation 15: Best Solution = [ -7.66025099  -2.93158792   5.81490195   8.84818413  -1.87638603
 -13.09516511  -3.86335862  10.03449843  -5.10476349   5.80383001], Best Fitness = 16.295274565317442, Evaluations = 960
Generation 16: Best Solution = [ -7.04858678  -4.08923653   5.14939131   8.08596839  -0.82641707
 -13.78199827  -4.15677712   9.77545547  -5.29408301   6.06694885], Best Fitness = 16.34067760217028, Evaluations = 1024
Generation 17: Best Solution = [ -7.05457834  -2.06897503   4.99854961  10.09781088  -2.78169009
 -13.22573984  -3.32514171   9.85884278  -5.11061539   4.73668282], Best Fitness = 16.364645883108803, Evaluations = 1088
Generation 18: Best Solution = [ -6.81417022  -2.22961322   5.01962724   9.94987407  -2.82435523
 -13.03972145  -4.07539244   9.9393639   -4.86844713   5.15427805], Best Fitness = 15.982980997653504, Evaluations = 1152
Generation 19: Best Solution = [ -7.02340546  -2.86503711   4.90846523   9.40499672  -2.25696924
 -12.84034934  -4.06315571   9.95750404  -5.03818473   5.85909668], Best Fitness = 16.20100294692577, Evaluations = 1216
Generation 20: Best Solution = [ -6.87621522  -3.16637995   5.00309037   8.85440796  -2.05131281
 -14.01940513  -4.13754955   9.81097187  -5.1057888    5.21016708], Best Fitness = 16.064366479713744, Evaluations = 1280
Generation 21: Best Solution = [ -6.96159249  -2.2246652    4.92696044   9.99970675  -2.75716044
 -13.11817396  -3.73671226   9.92606737  -4.96532946   5.07921961], Best Fitness = 16.08182278582157, Evaluations = 1344
Generation 22: Best Solution = [ -6.93316777  -2.20801054   4.98148704   9.89958621  -2.79708919
 -12.98278746  -4.074245     9.96876998  -4.98490683   5.11992259], Best Fitness = 15.790422968785737, Evaluations = 1408
Generation 23: Best Solution = [ -6.99761143  -3.14238619   4.99882644   9.05495853  -1.94768983
 -13.08934636  -4.39176656   9.97644249  -4.96951855   5.98381864], Best Fitness = 15.864854563006098, Evaluations = 1472
Generation 24: Best Solution = [ -7.02745039  -3.08900366   4.93854615   9.1334923   -2.0859106
 -12.92890754  -4.20916051   9.94560482  -5.13389907   5.94062166], Best Fitness = 15.746053796970994, Evaluations = 1536
Generation 25: Best Solution = [ -6.97541982  -3.15600026   4.92424397   9.11046471  -2.04863282
 -13.03383419  -4.15554472   9.91364656  -5.06732975   5.95261784], Best Fitness = 15.647546124936436, Evaluations = 1600
Generation 26: Best Solution = [ -7.01826441  -3.10733677   4.94741343   9.1356122   -2.02785384
 -13.02249145  -4.16073219   9.92590294  -5.06783424   5.92777435], Best Fitness = 15.611408911798472, Evaluations = 1664
Generation 27: Best Solution = [ -6.99263883  -3.08998285   5.00128521   9.19098821  -1.97768943
 -12.96573656  -4.08770534   9.92071388  -5.08313356   5.91350095], Best Fitness = 15.59392073939187, Evaluations = 1728
Generation 28: Best Solution = [ -7.03476261  -3.09179163   4.98480988   9.17049267  -1.99931375
 -12.96206523  -4.14104937   9.94189903  -5.06529543   5.99107928], Best Fitness = 15.577004745730164, Evaluations = 1792
Generation 29: Best Solution = [ -7.00248623  -3.09583898   5.00621022   9.15224529  -1.97432181
 -12.98316049  -4.12249754   9.94691977  -5.07751113   5.94758795], Best Fitness = 15.54166907019303, Evaluations = 1856
Generation 30: Best Solution = [ -7.01272793  -3.10432126   4.99680903   9.12610995  -1.9988977
 -12.99281717  -4.13231436   9.94738362  -5.08870396   5.94473026], Best Fitness = 15.536488670388472, Evaluations = 1920
Generation 31: Best Solution = [ -7.01276836  -3.10293612   4.98703431   9.13398327  -2.00323161
 -12.97923394  -4.12173357   9.93750316  -5.08235768   5.97223171], Best Fitness = 15.52243774199906, Evaluations = 1984
Generation 32: Best Solution = [ -6.9960358   -3.09472711   4.98732883   9.14272013  -1.98341206
 -12.96982669  -4.11523661   9.94204764  -5.07760744   5.97706149], Best Fitness = 15.511490463390535, Evaluations = 2048
Generation 33: Best Solution = [ -6.98663506  -3.10041125   4.98581487   9.1356966   -1.98849446
 -12.96744891  -4.10160903   9.94562422  -5.08760499   5.97458177], Best Fitness = 15.500650013554344, Evaluations = 2112
Generation 34: Best Solution = [ -6.97953059  -3.08383597   4.98797457   9.12634646  -1.97691291
 -12.97748307  -4.11286596   9.94851244  -5.08555968   5.9640428 ], Best Fitness = 15.486144629547692, Evaluations = 2176
Generation 35: Best Solution = [ -6.99236714  -3.08890523   4.99187794   9.11775652  -1.98058636
 -12.9829713   -4.11032487   9.94718015  -5.087412     5.95716682], Best Fitness = 15.480116837273428, Evaluations = 2240
Generation 36: Best Solution = [ -7.0059965   -3.09009152   4.98589598   9.13761968  -1.98988998
 -12.97164639  -4.09338471   9.9550256   -5.06039546   5.96736038], Best Fitness = 15.463657607646415, Evaluations = 2304
Generation 37: Best Solution = [ -6.99803904  -3.09829608   4.9864832    9.12351336  -1.99089845
 -12.98602364  -4.09224117   9.9594365   -5.07409554   5.98713114], Best Fitness = 15.456283977243853, Evaluations = 2368
Generation 38: Best Solution = [ -6.99998906  -3.09241477   4.98701285   9.11265052  -1.98399692
 -12.98781019  -4.09160712   9.9577542   -5.07987738   5.9731151 ], Best Fitness = 15.444935075787047, Evaluations = 2432
Generation 39: Best Solution = [ -6.99911974  -3.08160502   4.98504655   9.12178338  -1.99834749
 -12.97936788  -4.08935858   9.96682995  -5.07754463   5.97848944], Best Fitness = 15.438516797807022, Evaluations = 2496
Generation 40: Best Solution = [ -7.0028909   -3.08254348   4.98556778   9.1026022   -1.98635052
 -12.9864312   -4.09582294   9.95801833  -5.07567202   5.96402787], Best Fitness = 15.427770608743415, Evaluations = 2560
Generation 41: Best Solution = [ -7.00269558  -3.07759391   4.97945394   9.10609454  -2.00310749
 -12.99071095  -4.08688404   9.96914968  -5.07817594   5.97059126], Best Fitness = 15.417624929077267, Evaluations = 2624
Generation 42: Best Solution = [ -6.9958762   -3.07722674   4.98606407   9.10996012  -1.98809355
 -12.98798183  -4.08684846   9.96758233  -5.06589854   5.96687514], Best Fitness = 15.41218980069492, Evaluations = 2688
Generation 43: Best Solution = [ -7.00156423  -3.08174145   4.98286778   9.11256964  -1.98986736
 -12.98456986  -4.06633936   9.96923822  -5.05630809   5.98185091], Best Fitness = 15.393558059438728, Evaluations = 2752
Generation 44: Best Solution = [ -6.99591907  -3.07291781   4.98751426   9.09906308  -2.00072472
 -12.98332756  -4.07574961   9.95772096  -5.07349449   5.96285526], Best Fitness = 15.396104427269574, Evaluations = 2816
Generation 45: Best Solution = [ -6.99320091  -3.07650232   4.99096975   9.10418678  -1.99133916
 -12.98226021  -4.06905494   9.97047884  -5.06770521   5.99154039], Best Fitness = 15.387521291452428, Evaluations = 2880
Generation 46: Best Solution = [ -7.00137877  -3.07700808   4.97273099   9.09145253  -1.9913211
 -12.97910335  -4.07068425   9.95862218  -5.05987647   5.96366461], Best Fitness = 15.37979373340398, Evaluations = 2944
Generation 47: Best Solution = [ -7.00258667  -3.07284876   4.9863621    9.09028438  -1.99931686
 -12.99674164  -4.06148217   9.9575465   -5.06780105   5.96870924], Best Fitness = 15.372306381560708, Evaluations = 3008
Generation 48: Best Solution = [ -6.99857487  -3.06026807   4.99321497   9.09384595  -1.99833769
 -13.00308635  -4.06034909   9.96605997  -5.06481985   5.97899273], Best Fitness = 15.360444140365157, Evaluations = 3072
Generation 49: Best Solution = [ -6.99820539  -3.06147092   4.99408872   9.09078822  -2.00379658
 -13.00710708  -4.05144336   9.97116885  -5.05814996   5.9791517 ], Best Fitness = 15.348127397264548, Evaluations = 3136
Generation 50: Best Solution = [ -7.00331183  -3.06419708   4.99241353   9.08422473  -1.9988557
 -13.00471748  -4.0527999    9.96405343  -5.06300185   5.98378456], Best Fitness = 15.348283780612666, Evaluations = 3200
Generation 51: Best Solution = [ -7.00795796  -3.06307373   4.99101563   9.08113393  -1.99510751
 -13.00176864  -4.04697966   9.97276538  -5.05636981   5.98125297], Best Fitness = 15.335618134284307, Evaluations = 3264
Generation 52: Best Solution = [ -7.00766048  -3.06460729   4.99433319   9.07319576  -1.99830555
 -13.00241343  -4.04460751   9.96390687  -5.05272436   5.98210247], Best Fitness = 15.327736331855363, Evaluations = 3328
Generation 53: Best Solution = [ -7.01810846  -3.06502686   5.00196443   9.06959067  -2.00251372
 -12.9939156   -4.04339165   9.95920475  -5.05154782   5.9762471 ], Best Fitness = 15.327284985531058, Evaluations = 3392
Generation 54: Best Solution = [ -7.0052065   -3.05952419   4.99447781   9.074297    -2.00561537
 -12.99526163  -4.0360556    9.97080663  -5.05517525   5.98728761], Best Fitness = 15.319753051229831, Evaluations = 3456
Generation 55: Best Solution = [ -6.99917331  -3.049828     4.99819221   9.07117759  -2.00525301
 -12.99605348  -4.04061114   9.95860486  -5.04646259   5.98946032], Best Fitness = 15.310424213222946, Evaluations = 3520
Generation 56: Best Solution = [ -6.98808243  -3.04981211   4.99937608   9.07496738  -1.99684711
 -12.99239294  -4.0350919    9.95856245  -5.03726532   5.98778836], Best Fitness = 15.305737870107667, Evaluations = 3584
Generation 57: Best Solution = [ -7.00832787  -3.04074238   5.00083046   9.06015932  -2.0032411
 -13.00129078  -4.03591246   9.96321637  -5.05555811   5.99742697], Best Fitness = 15.301265097209942, Evaluations = 3648
Generation 58: Best Solution = [ -6.99455587  -3.03802762   5.00543699   9.06236985  -1.99786182
 -13.00526771  -4.03418495   9.95940778  -5.03967307   5.99098725], Best Fitness = 15.292610709779341, Evaluations = 3712
Generation 59: Best Solution = [ -7.00347966  -3.04349789   5.00445066   9.05734892  -2.00741374
 -12.99656013  -4.02797251   9.96515842  -5.04106606   5.98721531], Best Fitness = 15.287968533275915, Evaluations = 3776
Generation 60: Best Solution = [ -6.99211735  -3.03066998   4.99621775   9.06343794  -1.99707542
 -12.98554479  -4.02843378   9.95888182  -5.03553525   5.99583759], Best Fitness = 15.283406208105472, Evaluations = 3840
Generation 61: Best Solution = [ -6.99321677  -3.03872786   4.99650457   9.0560304   -2.0101667
 -12.99880596  -4.01907016   9.95996152  -5.03357316   5.98363953], Best Fitness = 15.279629695912051, Evaluations = 3904
Generation 62: Best Solution = [ -6.99915525  -3.03789943   4.99120574   9.05193548  -1.99654439
 -12.98875456  -4.02385764   9.98281577  -5.04092612   5.99436782], Best Fitness = 15.275326503241105, Evaluations = 3968
Generation 63: Best Solution = [ -6.98431826  -3.0334789    4.99405633   9.04855039  -1.99185921
 -12.97884285  -4.02325131   9.96592472  -5.02694204   5.99579181], Best Fitness = 15.267609454861502, Evaluations = 4032
Generation 64: Best Solution = [ -6.98982912  -3.02370418   4.98522788   9.05023602  -2.00238221
 -12.98134555  -4.01912963   9.98068058  -5.03293089   5.98794127], Best Fitness = 15.264344093273174, Evaluations = 4096
Generation 65: Best Solution = [ -6.98039222  -3.02913124   4.98728314   9.04327321  -1.99974322
 -12.98145492  -4.01054886   9.97196158  -5.02208488   5.99196515], Best Fitness = 15.25741351451629, Evaluations = 4160
Generation 66: Best Solution = [ -6.98520416  -3.02019758   4.98439398   9.04124198  -2.00254792
 -12.96873039  -4.01506625   9.97795522  -5.0246924    5.99273642], Best Fitness = 15.255534276190133, Evaluations = 4224
Generation 67: Best Solution = [ -6.98596777  -3.02639196   4.99499704   9.0372565   -2.00702703
 -12.98986095  -4.00956076   9.97226563  -5.01661484   5.98620494], Best Fitness = 15.251674011445266, Evaluations = 4288
Generation 68: Best Solution = [ -6.98145922  -3.02555489   4.99436247   9.02799575  -2.00244229
 -12.97213165  -4.00749399   9.9812442   -5.01786773   5.98566169], Best Fitness = 15.246647794686345, Evaluations = 4352
Generation 69: Best Solution = [ -6.98122715  -3.01974873   4.99762075   9.02141676  -2.00634513
 -12.99027863  -4.0129798    9.98356289  -5.02033898   5.98605825], Best Fitness = 15.243799891556863, Evaluations = 4416
Generation 70: Best Solution = [ -6.987557    -3.01678687   4.99430362   9.02454659  -2.0037354
 -12.981584    -4.00846954   9.98520101  -5.01512575   5.98116455], Best Fitness = 15.241614549638742, Evaluations = 4480
Generation 71: Best Solution = [ -6.98710877  -3.01898026   4.99695646   9.01844068  -2.00056923
 -12.97790851  -4.00909735   9.98293459  -5.01489128   5.98864293], Best Fitness = 15.239576421212389, Evaluations = 4544
Generation 72: Best Solution = [ -6.99101895  -3.01072699   4.99548845   9.02262424  -2.00506887
 -12.9892447   -4.00548787   9.9777875   -5.00999366   5.99576   ], Best Fitness = 15.23836865998471, Evaluations = 4608
Generation 73: Best Solution = [ -6.99333331  -3.01493759   4.99412417   9.01276647  -2.00006601
 -12.97705353  -4.0022956    9.97533001  -5.01612786   5.99454694], Best Fitness = 15.2371059624605, Evaluations = 4672
Generation 74: Best Solution = [ -6.99615265  -3.00920853   4.98549468   9.0146744   -2.0045199
 -12.98868082  -3.99830513   9.9708689   -5.00184646   5.99106297], Best Fitness = 15.235353771822112, Evaluations = 4736
Generation 75: Best Solution = [ -6.98798741  -3.00683073   4.99400301   9.00944659  -2.00467048
 -12.98994153  -3.99666572   9.97508017  -4.99948417   5.98831105], Best Fitness = 15.23261689481058, Evaluations = 4800
Generation 76: Best Solution = [ -6.99086768  -3.00835971   4.99525439   9.00345033  -1.99943331
 -12.98611368  -3.99437538   9.97009775  -5.00086342   5.9937027 ], Best Fitness = 15.23198161514388, Evaluations = 4864
Generation 77: Best Solution = [ -6.99596729  -3.00533919   4.99732726   9.00719858  -2.00368575
 -12.9878572   -3.99189134   9.97984531  -4.99742369   5.998722  ], Best Fitness = 15.231462804132565, Evaluations = 4928
Generation 78: Best Solution = [ -6.99026593  -3.00160632   4.98382344   9.00397257  -2.00055539
 -12.9861933   -3.99952279   9.98389222  -5.00122972   5.99312902], Best Fitness = 15.23056865320482, Evaluations = 4992
Generation 79: Best Solution = [ -6.98701442  -3.0068887    4.99145525   8.99782146  -2.00272264
 -12.99028864  -3.99674126   9.98230512  -4.99738294   5.99481257], Best Fitness = 15.229884258545379, Evaluations = 5056
Generation 80: Best Solution = [ -7.00063582  -3.00662904   4.99042315   8.99173162  -1.99300534
 -12.98118608  -3.99566865   9.98601526  -4.99344605   6.00004917], Best Fitness = 15.229700398028665, Evaluations = 5120
Generation 81: Best Solution = [ -6.99104317  -3.00197394   4.99527805   8.99504519  -1.99692884
 -12.9785207   -3.993062     9.9837323   -4.99599178   5.99771484], Best Fitness = 15.228901962343688, Evaluations = 5184
Generation 82: Best Solution = [ -6.99355713  -3.00042767   4.98576745   8.98945068  -1.99626613
 -12.98581138  -3.99727759   9.98927178  -4.99207992   5.99563164], Best Fitness = 15.228692931065932, Evaluations = 5248
Generation 83: Best Solution = [ -6.99253013  -3.00044887   4.99510338   8.9897561   -2.00084258
 -12.98606052  -3.99674428   9.98911489  -4.99610286   5.98864757], Best Fitness = 15.228428206927958, Evaluations = 5312
Generation 84: Best Solution = [ -6.9865367   -2.99648803   4.99490359   8.99313116  -1.99522811
 -12.98452413  -3.99282365   9.98426618  -4.99254607   5.99089618], Best Fitness = 15.228452197855097, Evaluations = 5376
Generation 85: Best Solution = [ -6.98900217  -2.9969511    4.99546649   8.9905424   -2.0018328
 -12.98588674  -3.99490102   9.98765986  -4.99445217   5.99210403], Best Fitness = 15.22827563370008, Evaluations = 5440
Generation 86: Best Solution = [ -6.9894977   -2.99481834   4.99737849   8.98980759  -1.99508131
 -12.98591856  -3.99716759   9.98814471  -4.9932531    5.99280812], Best Fitness = 15.22827407663203, Evaluations = 5504
Generation 87: Best Solution = [ -6.98739196  -2.99903106   4.99653437   8.99092666  -1.99651705
 -12.98583064  -3.99453131   9.98882621  -4.99292099   5.98922479], Best Fitness = 15.228373955301699, Evaluations = 5568
Generation 88: Best Solution = [ -6.98866547  -2.99719459   4.99547953   8.98931043  -1.9978266
 -12.98256214  -3.99298599   9.98696868  -4.99621584   5.99020264], Best Fitness = 15.22823903842509, Evaluations = 5632
Generation 89: Best Solution = [ -6.99368887  -2.99717075   4.99697856   8.98947009  -2.0005903
 -12.98210009  -3.99369667   9.9873771   -4.99306387   5.99280788], Best Fitness = 15.22825841342355, Evaluations = 5696
Generation 90: Best Solution = [ -6.99127144  -2.99432781   4.99469781   8.98937265  -1.99789536
 -12.98539031  -3.99387499   9.98784445  -4.99553782   5.98938873], Best Fitness = 15.22820473295726, Evaluations = 5760
Generation 91: Best Solution = [ -6.99251813  -2.99661179   4.99680544   8.98865638  -1.99974933
 -12.98127586  -3.99588165   9.99117136  -4.98924991   5.99550768], Best Fitness = 15.228437056921491, Evaluations = 5824
Generation 92: Best Solution = [ -6.98951571  -2.99646392   4.99339255   8.98828318  -2.00070198
 -12.98233565  -3.99639063   9.98693353  -4.99501896   5.99317395], Best Fitness = 15.228194721376333, Evaluations = 5888
Generation 93: Best Solution = [ -6.99080437  -2.99554454   4.99682174   8.98741266  -2.0013545
 -12.98582181  -3.9996663    9.98583927  -4.99482436   5.99310109], Best Fitness = 15.228390397049656, Evaluations = 5952
Generation 94: Best Solution = [ -6.99279323  -2.99774657   4.99501679   8.98611858  -2.00034923
 -12.98129098  -3.99742124   9.98685599  -4.99168185   5.99268306], Best Fitness = 15.228291196963408, Evaluations = 6016
Generation 95: Best Solution = [ -6.99217451  -2.99591429   4.99823666   8.98599987  -1.99865443
 -12.98627522  -3.99386235   9.98544034  -4.99154229   5.99321535], Best Fitness = 15.228340075324972, Evaluations = 6080
Generation 96: Best Solution = [ -6.99070018  -2.99599219   4.99402443   8.98852202  -2.00244055
 -12.98288197  -3.99776509   9.98803153  -4.99645602   5.99399742], Best Fitness = 15.22831600393219, Evaluations = 6144
Generation 97: Best Solution = [ -6.99279922  -2.99475553   4.99291776   8.99207874  -1.99859831
 -12.98783524  -3.99342465   9.98846433  -4.99320412   5.99454678], Best Fitness = 15.228307099791959, Evaluations = 6208
Generation 98: Best Solution = [ -6.99500565  -2.99661214   4.99542306   8.99034733  -1.99746372
 -12.98258332  -3.99330126   9.99207674  -4.99821089   5.99093798], Best Fitness = 15.228440832455435, Evaluations = 6272
Generation 99: Best Solution = [ -6.99661896  -2.99559251   4.99099667   8.98717612  -2.00051123
 -12.98726345  -3.99482435   9.98807933  -4.99056753   5.99351002], Best Fitness = 15.228471180305775, Evaluations = 6336
Generation 100: Best Solution = [ -6.98809141  -2.99493139   4.99664726   8.99110888  -1.99636433
 -12.98059789  -3.99626974   9.98425115  -4.99368222   5.99163165], Best Fitness = 15.228356455160828, Evaluations = 6400
Generation 101: Best Solution = [ -6.99665491  -2.99604471   4.99421029   8.98902148  -1.99762163
 -12.98548196  -3.99335501   9.98969031  -4.9952532    5.99522871], Best Fitness = 15.228347035230188, Evaluations = 6464
Generation 102: Best Solution = [ -6.99184213  -2.9920566    4.9951444    8.98933434  -2.00166358
 -12.9805925   -3.99656914   9.98946645  -4.99530222   5.99412246], Best Fitness = 15.228400941909792, Evaluations = 6528
Generation 103: Best Solution = [ -6.99196788  -2.99492549   4.98920855   8.98820663  -2.00094192
 -12.98758863  -3.99213308   9.98837608  -4.99453186   5.99125668], Best Fitness = 15.22841264882657, Evaluations = 6592
Generation 104: Best Solution = [ -6.98810748  -2.99461859   4.99145799   8.98788904  -1.99787452
 -12.98762003  -3.99829301   9.98714528  -4.99287102   5.99280037], Best Fitness = 15.228330465282243, Evaluations = 6656
Generation 105: Best Solution = [ -6.99289943  -2.99792491   4.99665784   8.9871113   -1.99282199
 -12.9861536   -3.99126229   9.98406021  -4.9932794    5.99311017], Best Fitness = 15.228466606823261, Evaluations = 6720
Generation 106: Best Solution = [ -6.98744575  -2.9958041    4.99044743   8.98998777  -1.99578817
 -12.98495111  -3.9910688    9.98874325  -4.99273049   5.99495622], Best Fitness = 15.228386000771629, Evaluations = 6784
Generation 107: Best Solution = [ -6.99347643  -2.99813389   4.9956859    8.99115181  -1.99797609
 -12.98133773  -3.99868522   9.98673003  -4.99201461   5.98936083], Best Fitness = 15.228360053135528, Evaluations = 6848
Generation 108: Best Solution = [ -6.98972493  -2.99555102   4.99823605   8.98827882  -1.99886277
 -12.98649383  -3.99290168   9.98900217  -4.99105242   5.99370517], Best Fitness = 15.22834159383397, Evaluations = 6912
Generation 109: Best Solution = [ -6.99039036  -2.99468752   4.99028175   8.98648112  -1.9988692
 -12.98170431  -3.98936887   9.98886318  -4.99292187   5.99237507], Best Fitness = 15.228416503612547, Evaluations = 6976
Generation 110: Best Solution = [ -6.98781466  -2.99879189   4.99445192   8.98848414  -1.99436447
 -12.97976453  -3.99498214   9.98596337  -4.99549545   5.99123368], Best Fitness = 15.228366626297, Evaluations = 7040
Generation 111: Best Solution = [ -6.99457725  -2.99601563   4.99526112   8.98496263  -1.99748674
 -12.98718621  -3.99200695   9.98760352  -4.9928249    5.99163097], Best Fitness = 15.22835470650876, Evaluations = 7104
Generation 112: Best Solution = [ -6.99075129  -2.99469677   4.99448999   8.98551771  -2.00036401
 -12.98061666  -3.99030483   9.98592557  -4.99457433   5.9945044 ], Best Fitness = 15.228416869413788, Evaluations = 7168
Generation 113: Best Solution = [ -6.98967423  -3.00016426   4.99290014   8.98943699  -1.99979348
 -12.98100275  -3.99637769   9.98837541  -4.99064755   5.99000114], Best Fitness = 15.228358677787257, Evaluations = 7232
Generation 114: Best Solution = [ -6.98842606  -2.99824626   4.99307544   8.99297308  -1.99707064
 -12.98442119  -3.998208     9.98496951  -4.99360678   5.99531549], Best Fitness = 15.228382354343676, Evaluations = 7296
Generation 115: Best Solution = [ -6.98930649  -2.99356453   4.99368494   8.98770532  -1.99680292
 -12.98378954  -3.99638389   9.98898807  -4.9896992    5.99115872], Best Fitness = 15.228276566796923, Evaluations = 7360
Generation 116: Best Solution = [ -6.99172731  -2.99643674   4.98936735   8.98768923  -1.9961622
 -12.9793257   -3.99802806   9.98521948  -4.9957655    5.99266261], Best Fitness = 15.228413791601374, Evaluations = 7424
Generation 117: Best Solution = [ -6.9919952   -2.99387331   4.9929118    8.99275186  -1.99910602
 -12.98358451  -4.00067399   9.98987112  -4.99721552   5.99459972], Best Fitness = 15.228507381293701, Evaluations = 7488
Generation 118: Best Solution = [ -6.98878079  -2.99593091   4.99691283   8.99684081  -1.99746749
 -12.9816828   -3.99503177   9.98810167  -4.99270859   5.99244528], Best Fitness = 15.228552062903766, Evaluations = 7552
Generation 119: Best Solution = [ -6.99366869  -2.99639204   4.99718717   8.99328821  -1.99593688
 -12.98172279  -3.99172077   9.98741124  -4.99547607   5.9925276 ], Best Fitness = 15.228397856052586, Evaluations = 7616
Generation 120: Best Solution = [ -6.99528953  -2.99669093   4.99686623   8.99117102  -1.99626355
 -12.98187649  -3.99452837   9.99387102  -4.99432557   5.98979145], Best Fitness = 15.228539600908023, Evaluations = 7680
Generation 121: Best Solution = [ -6.9881672   -2.99770895   4.99310455   8.98875587  -1.99696125
 -12.98559475  -3.99436736   9.98798332  -4.98983132   5.99485242], Best Fitness = 15.228287083922734, Evaluations = 7744
Generation 122: Best Solution = [ -6.98872559  -2.9956726    4.99618675   8.98693184  -1.99844615
 -12.98465168  -3.99555007   9.98923867  -4.99375344   5.9936753 ], Best Fitness = 15.228205885132343, Evaluations = 7808
Generation 123: Best Solution = [ -6.98847994  -2.99843809   4.99209784   8.99016586  -1.99645863
 -12.98502674  -3.9990644    9.98786134  -4.9974711    5.98967951], Best Fitness = 15.22839825999479, Evaluations = 7872
Generation 124: Best Solution = [ -6.991539    -2.99825209   4.99157956   8.98812313  -2.00050732
 -12.98447208  -3.9946454    9.98914445  -4.99598044   5.99092066], Best Fitness = 15.228241454499848, Evaluations = 7936
Generation 125: Best Solution = [ -6.9918676   -2.99680827   4.99633042   8.9882718   -1.99870831
 -12.98294437  -3.99635385   9.98887441  -4.98841985   5.98720407], Best Fitness = 15.228463070956956, Evaluations = 8000
Generation 126: Best Solution = [ -6.98846356  -2.99252594   4.99682417   8.99062041  -1.99679599
 -12.98666002  -3.99416014   9.98886084  -4.99571563   5.99413645], Best Fitness = 15.228365266166762, Evaluations = 8064
Generation 127: Best Solution = [ -6.99077367  -2.99416691   4.99243922   8.99040918  -1.99974144
 -12.98690844  -3.99706242   9.9913531   -4.99446508   5.9899198 ], Best Fitness = 15.228352053335602, Evaluations = 8128
Generation 128: Best Solution = [ -6.99109265  -2.99254102   4.99514602   8.98715666  -1.99480357
 -12.98499941  -3.9959698    9.98450303  -4.99040188   5.99272533], Best Fitness = 15.22834860534637, Evaluations = 8192
Generation 129: Best Solution = [ -6.99350778  -2.99407039   4.99697977   8.98828797  -1.99611861
 -12.98923692  -3.99720689   9.98784982  -4.99190081   5.99046821], Best Fitness = 15.228430972636417, Evaluations = 8256
Generation 130: Best Solution = [ -6.98973631  -2.99610491   4.99624163   8.98686258  -1.99825193
 -12.98304616  -3.99327306   9.98902435  -4.99569475   5.99395303], Best Fitness = 15.228216990740547, Evaluations = 8320
Generation 131: Best Solution = [ -6.99006988  -2.99555731   4.99417477   8.99121601  -1.99527462
 -12.9863343   -3.99552883   9.99083197  -4.99276318   5.99565873], Best Fitness = 15.228307018415359, Evaluations = 8384
Generation 132: Best Solution = [ -6.99078807  -2.9941353    4.99375883   8.9897322   -1.9965554
 -12.98182881  -3.99522005   9.98900835  -4.99183422   5.99012107], Best Fitness = 15.228206103508251, Evaluations = 8448
Generation 133: Best Solution = [ -6.98999142  -2.99196203   4.9950253    8.9844416   -1.99578516
 -12.98293522  -3.99420564   9.98723435  -4.99320071   5.99440281], Best Fitness = 15.228349514292562, Evaluations = 8512
Generation 134: Best Solution = [ -6.99155894  -2.99967794   4.99455229   8.98788848  -1.99802463
 -12.9845088   -3.99622261   9.98472561  -4.99869856   5.99376101], Best Fitness = 15.228349372371467, Evaluations = 8576
Generation 135: Best Solution = [ -6.99119642  -2.99431001   4.99474468   8.99010049  -1.99780399
 -12.98399326  -4.00065344   9.98851292  -4.99124864   5.99328856], Best Fitness = 15.22833440019787, Evaluations = 8640
Generation 136: Best Solution = [ -6.98950574  -3.00133667   4.9948133    8.99079555  -1.9976879
 -12.98869931  -3.99248264   9.98598088  -4.99305744   5.99259366], Best Fitness = 15.228447342206485, Evaluations = 8704
Generation 137: Best Solution = [ -6.99132171  -2.99251565   4.99173795   8.98888516  -1.99594799
 -12.98464157  -3.9957858    9.98954037  -4.99920608   5.98992743], Best Fitness = 15.228420225987655, Evaluations = 8768
Generation 138: Best Solution = [ -6.98950964  -2.99654233   4.99093188   8.98523394  -1.99306971
 -12.9831159   -3.99515505   9.98852104  -4.99199795   5.99441837], Best Fitness = 15.228364944982577, Evaluations = 8832
Generation 139: Best Solution = [ -6.99016613  -2.99647606   4.99354961   8.98808771  -1.99717076
 -12.98577742  -3.99308313   9.98414358  -4.99310571   5.9889354 ], Best Fitness = 15.228272213330811, Evaluations = 8896
Generation 140: Best Solution = [ -6.99118897  -2.99657885   4.99685021   8.98857028  -1.99699354
 -12.98515708  -3.99981747   9.98759391  -4.99246867   5.98955363], Best Fitness = 15.228329495248976, Evaluations = 8960
Generation 141: Best Solution = [ -6.98970889  -2.99921454   4.99062287   8.99055232  -1.99709872
 -12.98334985  -3.9976348    9.98734003  -4.99474942   5.99079863], Best Fitness = 15.228276722623235, Evaluations = 9024
Generation 142: Best Solution = [ -6.99268056  -3.00055339   4.99786027   8.98775889  -2.00009516
 -12.98309598  -3.99718161   9.98553297  -4.99876107   5.99541468], Best Fitness = 15.228553177610278, Evaluations = 9088
Generation 143: Best Solution = [ -6.99037608  -2.99532334   4.99578313   8.9920301   -1.99986381
 -12.98613014  -3.99281432   9.98523942  -4.99605308   5.99194423], Best Fitness = 15.228316336959491, Evaluations = 9152
Generation 144: Best Solution = [ -6.99199953  -2.99737192   4.99426542   8.98877273  -2.00275388
 -12.98325161  -3.99600478   9.98562728  -4.99398848   5.99382562], Best Fitness = 15.228280465121857, Evaluations = 9216
Generation 145: Best Solution = [ -6.99315178  -2.9973941    4.99503477   8.98562599  -2.00203071
 -12.98121674  -3.99552834   9.98711497  -4.99560074   5.99327813], Best Fitness = 15.228342801102405, Evaluations = 9280
Generation 146: Best Solution = [ -6.99338698  -2.99523822   4.99083968   8.98654477  -1.99807609
 -12.98556079  -3.99717559   9.9881717   -4.9951329    5.99104178], Best Fitness = 15.228256435257089, Evaluations = 9344
Generation 147: Best Solution = [ -6.99233435  -2.99424876   4.99628654   8.98499131  -1.99248451
 -12.98486669  -3.99234498   9.98716768  -4.99569546   5.99332243], Best Fitness = 15.228429594525682, Evaluations = 9408
Generation 148: Best Solution = [ -6.98890662  -2.99241462   4.99367366   8.99020147  -1.99603233
 -12.9862373   -3.99407423   9.98569214  -4.99303849   5.99193094], Best Fitness = 15.228279124148607, Evaluations = 9472
Generation 149: Best Solution = [ -6.99496583  -2.99307877   4.99280705   8.98956618  -1.99875332
 -12.98381949  -3.99735233   9.98656782  -4.99458562   5.99243402], Best Fitness = 15.228268066490251, Evaluations = 9536
Generation 150: Best Solution = [ -6.99286443  -2.99652314   4.98946667   8.98839897  -1.99795186
 -12.98378415  -3.99543557   9.98990805  -4.99731903   5.99175047], Best Fitness = 15.22830314156824, Evaluations = 9600
Generation 151: Best Solution = [ -6.9924992   -2.99796858   4.98793342   8.98470612  -1.99981669
 -12.98456908  -3.99664801   9.98762579  -4.99271092   5.99456278], Best Fitness = 15.228456727440028, Evaluations = 9664
Generation 152: Best Solution = [ -6.99130938  -2.99484687   4.98949284   8.99102472  -1.99775918
 -12.98219475  -3.99326511   9.98797857  -4.99378653   5.99442589], Best Fitness = 15.228273647019071, Evaluations = 9728
Generation 153: Best Solution = [ -6.99400841  -2.99500472   4.99141275   8.98622147  -1.99734707
 -12.98100558  -3.99106215   9.98507786  -4.9921773    5.99066263], Best Fitness = 15.228391026254766, Evaluations = 9792
Generation 154: Best Solution = [ -6.99424342  -2.99318572   4.99288701   8.98636077  -1.99488286
 -12.98623005  -3.9950072    9.9863153   -4.99499689   5.99586125], Best Fitness = 15.228364484993623, Evaluations = 9856
Generation 155: Best Solution = [ -6.99087209  -2.99452954   4.99327928   8.99123144  -1.99785055
 -12.98381495  -3.99335036   9.98483919  -4.99269704   5.99406783], Best Fitness = 15.22821092408337, Evaluations = 9920
Generation 156: Best Solution = [ -6.99016914  -2.99920101   4.99041869   8.98649468  -1.9942525
 -12.9852096   -3.99625792   9.98913468  -4.99057393   5.99056661], Best Fitness = 15.228393547523872, Evaluations = 9984
Generation 157: Best Solution = [ -6.99168146  -2.99363616   4.99066228   8.98896351  -2.00005034
 -12.98399136  -3.99705428   9.98587836  -4.98977424   5.99114148], Best Fitness = 15.228345133256493, Evaluations = 10048
