Algorithm: Cross-Entropy Method
Objective Function: Rastrigin
Dimension: 10
Population Size: 64
Max Evaluations: 10000

Generation 1: Best Solution = [ 1.69985327 -3.95621987  0.99745004  1.90685975 -0.63404503  2.62437613
 -0.17637776 -0.74089247  0.74480787  0.20384519], Best Fitness = 114.11086966451178, Evaluations = 64
Generation 2: Best Solution = [-2.0867808  -1.26332704 -0.86051383  2.40640678 -1.00598406  2.42992116
  0.28526963 -1.77155062 -1.14511576  0.20845607], Best Fitness = 109.37770065403927, Evaluations = 128
Generation 3: Best Solution = [ 0.07000988 -3.23894183  0.16105296  2.10726898 -1.21347218  2.69921112
 -0.20752252 -1.95460942 -0.20505459  2.18173971], Best Fitness = 91.21168619841899, Evaluations = 192
Generation 4: Best Solution = [ 0.41336511 -2.01005927  0.99023017  0.25659926 -0.86130144  2.18051162
  0.9104487  -2.33047559  3.0456289   2.08855705], Best Fitness = 87.29632492210368, Evaluations = 256
Generation 5: Best Solution = [-0.40917764 -2.36825181  0.97784407  0.15172441  0.09982518  1.88820111
 -0.12713918 -0.93827979  1.28487642  1.99009326], Best Fitness = 76.55695636296612, Evaluations = 320
Generation 6: Best Solution = [-0.36118538 -1.85348238  0.97483431  0.86940871 -0.08317069  2.0417422
  1.21387217 -1.29505161 -0.14906498  1.29816596], Best Fitness = 77.26435867920202, Evaluations = 384
Generation 7: Best Solution = [ 0.35002631 -2.24755367  1.2012658  -0.22326034 -0.15727362  2.06110876
  0.87423567 -2.12026855  2.00540142  1.91404114], Best Fitness = 77.26367034112633, Evaluations = 448
Generation 8: Best Solution = [-0.02210444 -1.85982503  2.14964212  2.3133698   0.19400503  1.14338182
  0.98325538  0.18304074  2.11393336  1.69462131], Best Fitness = 77.00996698616439, Evaluations = 512
Generation 9: Best Solution = [-0.86481774 -1.13491106  0.99241565  1.98576288  0.17027651  2.15211461
  1.30871619 -0.01663471  0.87860071  1.23412266], Best Fitness = 57.32556014935114, Evaluations = 576
Generation 10: Best Solution = [-0.92480789 -1.29428826  1.18187846  2.09601176 -0.11197975  2.0396212
  1.16172814 -0.02133315  0.82053986  1.06765728], Best Fitness = 51.22117324669481, Evaluations = 640
Generation 11: Best Solution = [-0.12604311 -1.92910283  1.24063141  1.05082464  0.07123922  2.15401955
  0.43316186 -1.11307143  1.05358507  1.21809454], Best Fitness = 64.34854420021273, Evaluations = 704
Generation 12: Best Solution = [-0.19007918 -1.84797071  2.04722092  1.12033801 -0.03045195  1.8315342
  1.00984694 -1.25211653  1.81062805  1.16742968], Best Fitness = 59.9491352885767, Evaluations = 768
Generation 13: Best Solution = [ 1.22999443e-03 -2.08135630e+00  1.82860347e+00  8.38887531e-01
  1.54412310e-01  2.22460851e+00  1.06074373e-01 -1.10160900e+00
  2.11994070e+00  1.98086548e+00], Best Fitness = 53.88373541537757, Evaluations = 832
Generation 14: Best Solution = [ 0.00304293 -1.93207421  1.96565516  1.1047477   0.13853987  1.952905
  0.69649618 -1.05977042  2.18009714  1.83691507], Best Fitness = 54.14482694443263, Evaluations = 896
Generation 15: Best Solution = [-0.11047573 -1.90210235  1.83021848  1.79598248 -0.09339858  1.88439973
  1.02987193 -1.01960637  1.18812111  0.8802115 ], Best Fitness = 47.87874539911781, Evaluations = 960
Generation 16: Best Solution = [ 0.01544118 -2.08135701  1.91406553  1.02207268  0.17033338  2.19463992
  0.0470087  -0.93622468  2.1670901   1.99706304], Best Fitness = 44.3354138254831, Evaluations = 1024
Generation 17: Best Solution = [-0.01551314 -2.03626429  1.8510098   1.04276636  0.10774119  2.12342739
  0.24951862 -0.98684947  2.04273778  1.92612027], Best Fitness = 43.320377842938164, Evaluations = 1088
Generation 18: Best Solution = [-0.0274385  -2.04611424  1.93726258  1.03623418  0.12868199  2.14317356
  0.12900936 -0.9257527   2.17151231  2.00941247], Best Fitness = 41.1770962543881, Evaluations = 1152
Generation 19: Best Solution = [ 0.02625579 -2.07798886  1.93383567  0.99261976  0.14139221  2.12255863
  0.13974586 -0.9928695   2.16571357  1.97866099], Best Fitness = 40.530930617546744, Evaluations = 1216
Generation 20: Best Solution = [-0.0236196  -2.04806981  1.95640603  1.02082297  0.1253444   2.15326036
  0.09461547 -0.94067417  2.17089015  1.97162873], Best Fitness = 39.25746251369309, Evaluations = 1280
Generation 21: Best Solution = [ 0.00946333 -2.07056963  1.90192284  1.01663357  0.1365098   2.13466431
  0.12404524 -0.95884916  2.12433041  1.96733668], Best Fitness = 38.867831832554124, Evaluations = 1344
Generation 22: Best Solution = [-0.01078528 -2.05863823  1.91199629  1.01660976  0.12158302  2.14178704
  0.12387972 -0.95787425  2.11939339  1.95760952], Best Fitness = 37.78082321139571, Evaluations = 1408
Generation 23: Best Solution = [-0.01682763 -2.04515492  1.93546657  1.0250975   0.11948235  2.15792372
  0.10064305 -0.94806382  2.12147227  1.96047349], Best Fitness = 37.05658560170629, Evaluations = 1472
Generation 24: Best Solution = [-0.01129096 -2.06772405  1.91586196  1.02827848  0.11775873  2.12921486
  0.12218154 -0.9636349   2.11126675  1.95448508], Best Fitness = 36.76139523754654, Evaluations = 1536
Generation 25: Best Solution = [-0.01746162 -2.05283445  1.93412917  1.02268964  0.11726859  2.14076015
  0.10578768 -0.959645    2.12487589  1.96157153], Best Fitness = 36.3633002154374, Evaluations = 1600
Generation 26: Best Solution = [-0.01150665 -2.05774441  1.92746     1.03534268  0.10694092  2.13056742
  0.11515703 -0.94814398  2.11863087  1.96813305], Best Fitness = 36.02747906343317, Evaluations = 1664
Generation 27: Best Solution = [-0.00499698 -2.04441727  1.93907033  1.0217587   0.10880309  2.13167437
  0.10087818 -0.96811827  2.12535389  1.9579871 ], Best Fitness = 34.95900989080337, Evaluations = 1728
Generation 28: Best Solution = [-0.00241269 -2.03848907  1.94006752  1.03173896  0.09485283  2.13988289
  0.09764391 -0.96386055  2.1204605   1.96061672], Best Fitness = 34.501078109324894, Evaluations = 1792
Generation 29: Best Solution = [-0.00317416 -2.03291073  1.93444839  1.02289724  0.09316892  2.13458714
  0.09401346 -0.97356231  2.12358143  1.95768885], Best Fitness = 34.02187754299193, Evaluations = 1856
Generation 30: Best Solution = [-0.00791493 -2.05584957  1.95484174  1.02440054  0.10395951  2.11411754
  0.10083318 -0.9694111   2.1156993   1.94033503], Best Fitness = 33.77585221980766, Evaluations = 1920
Generation 31: Best Solution = [-0.01412031 -2.05548745  1.95117608  1.03501766  0.08979106  2.11274553
  0.10095766 -0.96064293  2.11051998  1.94887686], Best Fitness = 33.142072729964255, Evaluations = 1984
Generation 32: Best Solution = [-0.01923065 -2.05327653  1.96608775  1.02616185  0.09053107  2.1087592
  0.09418342 -0.95893601  2.11605646  1.93985398], Best Fitness = 32.848063450632765, Evaluations = 2048
Generation 33: Best Solution = [-0.0091647  -2.04272866  1.95753086  1.02431786  0.08626261  2.11677105
  0.08961003 -0.96614305  2.11445454  1.95372104], Best Fitness = 32.28803513736395, Evaluations = 2112
Generation 34: Best Solution = [-0.0174792  -2.0541903   1.96911695  1.01681954  0.09275147  2.09207498
  0.08819727 -0.96479188  2.10860128  1.94135408], Best Fitness = 31.476746992543667, Evaluations = 2176
Generation 35: Best Solution = [-0.01490516 -2.04887011  1.96332792  1.01604211  0.08583157  2.11125376
  0.08946242 -0.96446189  2.09401938  1.94249029], Best Fitness = 31.364869275353783, Evaluations = 2240
Generation 36: Best Solution = [-0.01311065 -2.05927778  1.97301996  1.02016188  0.08250889  2.09336329
  0.09357131 -0.97027678  2.09838694  1.94286295], Best Fitness = 30.961403752916496, Evaluations = 2304
Generation 37: Best Solution = [-0.0165691  -2.05389743  1.95838446  1.02049933  0.08610004  2.09823022
  0.08061412 -0.96598129  2.0877742   1.95044528], Best Fitness = 30.372470474551207, Evaluations = 2368
Generation 38: Best Solution = [-0.0154944  -2.04923032  1.96503436  1.02127286  0.08076821  2.10088242
  0.08719982 -0.96058834  2.08315401  1.95457934], Best Fitness = 30.17614860911023, Evaluations = 2432
Generation 39: Best Solution = [-0.01308927 -2.04115228  1.9704797   1.01452233  0.08872845  2.09263579
  0.08433769 -0.97014499  2.08833231  1.95159824], Best Fitness = 29.830643894883167, Evaluations = 2496
Generation 40: Best Solution = [-0.01165159 -2.04761078  1.96454232  1.00992335  0.07747173  2.09798267
  0.07990978 -0.96427291  2.08230317  1.95490501], Best Fitness = 29.499969654445977, Evaluations = 2560
Generation 41: Best Solution = [-0.00846148 -2.03910248  1.96861746  1.01388343  0.07732526  2.09453464
  0.08105935 -0.97716763  2.08225322  1.95048607], Best Fitness = 29.130288115113615, Evaluations = 2624
Generation 42: Best Solution = [-0.00517752 -2.0514002   1.97020423  1.00751416  0.07789834  2.0911119
  0.0704425  -0.97512854  2.08126264  1.9592612 ], Best Fitness = 28.773374452350183, Evaluations = 2688
Generation 43: Best Solution = [-0.00947306 -2.04369582  1.95763808  1.01347509  0.06982297  2.09129286
  0.07466338 -0.97740195  2.07341467  1.95665092], Best Fitness = 28.425562619240978, Evaluations = 2752
Generation 44: Best Solution = [-0.00547988 -2.03946019  1.96384847  1.01819476  0.0683414   2.09233311
  0.06933806 -0.96972672  2.0688211   1.96211538], Best Fitness = 28.00522836183076, Evaluations = 2816
Generation 45: Best Solution = [-0.01097297 -2.04176166  1.96944695  1.02091285  0.06229742  2.08663064
  0.06668662 -0.96480825  2.07470825  1.96574515], Best Fitness = 27.810025996504407, Evaluations = 2880
Generation 46: Best Solution = [-0.01939011 -2.04274002  1.97405725  1.02437316  0.07202267  2.08442889
  0.05187302 -0.95964305  2.06734789  1.9654474 ], Best Fitness = 27.556025599948214, Evaluations = 2944
Generation 47: Best Solution = [-0.00617695 -2.04477206  1.97149789  1.01225267  0.06292134  2.0861421
  0.06019334 -0.97633561  2.07250088  1.97755927], Best Fitness = 27.338284543605795, Evaluations = 3008
Generation 48: Best Solution = [-0.01560167 -2.04187427  1.97817875  1.01348415  0.0616984   2.07885274
  0.04967983 -0.9647828   2.07098464  1.96144784], Best Fitness = 26.968376072907958, Evaluations = 3072
Generation 49: Best Solution = [-0.00476949 -2.03863603  1.96364171  1.00785127  0.0576528   2.08266287
  0.0578546  -0.97343863  2.06614439  1.98471171], Best Fitness = 26.754618292003627, Evaluations = 3136
Generation 50: Best Solution = [-5.73549315e-05 -2.03918357e+00  1.97998429e+00  1.01996481e+00
  5.78022222e-02  2.07814120e+00  5.76737076e-02 -9.76341318e-01
  2.05166975e+00  1.96542895e+00], Best Fitness = 26.27949706306346, Evaluations = 3200
Generation 51: Best Solution = [-0.00413527 -2.04615952  1.97136505  1.03228467  0.05301892  2.06982325
  0.05823958 -0.97250956  2.05070371  1.98072555], Best Fitness = 26.175044630201867, Evaluations = 3264
Generation 52: Best Solution = [-0.00278737 -2.03741622  1.97494424  1.01077702  0.0507227   2.07103695
  0.04918126 -0.96673529  2.05827534  1.99175884], Best Fitness = 25.77951397234537, Evaluations = 3328
Generation 53: Best Solution = [ 1.62346747e-03 -2.03423870e+00  1.98177319e+00  1.00762412e+00
  5.01266255e-02  2.06702066e+00  4.21025196e-02 -9.64692462e-01
  2.05834513e+00  1.99034878e+00], Best Fitness = 25.435916568421106, Evaluations = 3392
Generation 54: Best Solution = [-0.01024485 -2.0337759   1.97675555  1.01945485  0.04392298  2.0714047
  0.0431045  -0.98222257  2.04669404  1.98631629], Best Fitness = 25.162149459526518, Evaluations = 3456
Generation 55: Best Solution = [-0.009503   -2.02897196  1.98932407  1.01574141  0.04654477  2.0579609
  0.03623951 -0.98196859  2.05759988  1.98294588], Best Fitness = 24.836897772942052, Evaluations = 3520
Generation 56: Best Solution = [-0.01154711 -2.03497603  1.97942945  1.01560378  0.04351093  2.05843118
  0.04281154 -0.97676678  2.04418431  1.98352338], Best Fitness = 24.737271113248326, Evaluations = 3584
Generation 57: Best Solution = [-0.012385   -2.03657788  1.97904192  1.01916936  0.03788723  2.05327013
  0.03708061 -0.9731232   2.04158994  1.98319334], Best Fitness = 24.466756872988043, Evaluations = 3648
Generation 58: Best Solution = [-5.94781150e-04 -2.02458577e+00  1.98430253e+00  1.01398496e+00
  3.27777794e-02  2.05603786e+00  3.83791433e-02 -9.74042484e-01
  2.05057132e+00  1.98092373e+00], Best Fitness = 24.397591955938765, Evaluations = 3712
Generation 59: Best Solution = [-6.67267577e-04 -2.03342403e+00  1.97490688e+00  1.01346401e+00
  3.76195859e-02  2.04708207e+00  3.50512785e-02 -9.65633894e-01
  2.03516229e+00  1.98039961e+00], Best Fitness = 24.13627514870481, Evaluations = 3776
Generation 60: Best Solution = [-0.00638932 -2.04017408  1.98093695  0.9987842   0.03930587  2.0409811
  0.03737257 -0.97964282  2.03453896  1.98506645], Best Fitness = 23.956770156125714, Evaluations = 3840
Generation 61: Best Solution = [-0.01174045 -2.04049874  1.9825048   1.00513807  0.03367718  2.03667968
  0.02769185 -0.98147574  2.02435     1.98398025], Best Fitness = 23.54010964198548, Evaluations = 3904
Generation 62: Best Solution = [-1.41357333e-03 -2.03684312e+00  1.97889648e+00  1.00334196e+00
  3.48141998e-02  2.03216289e+00  2.78735384e-02 -9.85086975e-01
  2.02742462e+00  1.98475382e+00], Best Fitness = 23.41292604949534, Evaluations = 3968
Generation 63: Best Solution = [ 2.03563579e-04 -2.03889009e+00  1.98836288e+00  9.96829150e-01
  2.73734212e-02  2.02792437e+00  2.73911400e-02 -9.87473444e-01
  2.02778695e+00  1.98822203e+00], Best Fitness = 23.243280406399393, Evaluations = 4032
Generation 64: Best Solution = [-1.44854178e-03 -2.03539708e+00  1.97713766e+00  1.00373089e+00
  2.93303586e-02  2.02699511e+00  2.75761089e-02 -1.00020848e+00
  2.02029025e+00  1.97923399e+00], Best Fitness = 23.150269602055616, Evaluations = 4096
Generation 65: Best Solution = [-1.52098328e-03 -2.02780390e+00  1.97968048e+00  1.00612366e+00
  3.48245012e-02  2.02776585e+00  2.28612473e-02 -9.98857914e-01
  2.01595342e+00  1.97958005e+00], Best Fitness = 23.004818370823102, Evaluations = 4160
Generation 66: Best Solution = [-0.00612122 -2.02246872  1.97605267  1.00414453  0.02822252  2.02810583
  0.0211137  -0.98516213  2.02073807  1.98560351], Best Fitness = 22.90705378630753, Evaluations = 4224
Generation 67: Best Solution = [-0.01218752 -2.01809985  1.98685576  1.00074801  0.02508266  2.02597931
  0.02249228 -0.99014904  2.01753609  1.9794139 ], Best Fitness = 22.744597450657395, Evaluations = 4288
Generation 68: Best Solution = [-0.00826015 -2.0205532   1.98977106  0.99589962  0.02487934  2.0207713
  0.01572884 -0.98165422  2.01328895  1.97832794], Best Fitness = 22.619088993053083, Evaluations = 4352
Generation 69: Best Solution = [-0.00321704 -2.01554319  1.9970132   0.9999143   0.02782616  2.01152033
  0.01297104 -0.9851241   2.00309472  1.97318066], Best Fitness = 22.424240038057036, Evaluations = 4416
Generation 70: Best Solution = [ 3.28065270e-04 -2.01899566e+00  1.98829677e+00  1.00089574e+00
  2.13527703e-02  2.01410100e+00  1.11799977e-02 -9.93800826e-01
  2.00160892e+00  1.97525882e+00], Best Fitness = 22.365145602094884, Evaluations = 4480
Generation 71: Best Solution = [-0.00789314 -2.00234818  1.99064401  0.9965747   0.02455685  2.01272581
  0.01435323 -0.99381782  2.01092922  1.97745704], Best Fitness = 22.314622681474333, Evaluations = 4544
Generation 72: Best Solution = [-1.87747384e-03 -2.01395766e+00  1.99226842e+00  9.99407787e-01
  1.13425976e-02  2.01635158e+00  1.17844747e-02 -9.90933529e-01
  2.00332899e+00  1.97570068e+00], Best Fitness = 22.279831886319315, Evaluations = 4608
Generation 73: Best Solution = [ 0.00794826 -2.01336628  1.98455698  0.99096854  0.02309296  2.00185111
  0.00757069 -0.98782324  1.99469626  1.97789709], Best Fitness = 22.207876724924006, Evaluations = 4672
Generation 74: Best Solution = [-0.00364755 -2.00843951  1.98769781  0.99127865  0.01872035  2.00200751
  0.00555363 -0.99443376  2.00104472  1.97984394], Best Fitness = 22.112642983934776, Evaluations = 4736
Generation 75: Best Solution = [-1.03132891e-03 -2.00767865e+00  1.98691081e+00  1.00645489e+00
  1.08964107e-02  1.99120593e+00  1.12899896e-02 -9.86631437e-01
  1.99685113e+00  1.97765262e+00], Best Fitness = 22.081992665133384, Evaluations = 4800
Generation 76: Best Solution = [-1.34294221e-03 -2.00298069e+00  1.98840425e+00  9.92491702e-01
  9.47312688e-03  1.99703394e+00  4.92341252e-03 -9.88842749e-01
  2.00132217e+00  1.98244686e+00], Best Fitness = 22.001838808774522, Evaluations = 4864
Generation 77: Best Solution = [-0.00547267 -1.99986027  1.98909893  1.00269562  0.01544951  1.99438335
  0.00720393 -0.99347891  1.99552494  1.98079536], Best Fitness = 22.0113128580946, Evaluations = 4928
Generation 78: Best Solution = [-2.54321378e-03 -2.00184908e+00  1.98859399e+00  9.96713225e-01
  1.14678597e-02  1.99700117e+00  2.72264703e-04 -9.88383325e-01
  1.99249686e+00  1.98276084e+00], Best Fitness = 21.975613166493545, Evaluations = 4992
Generation 79: Best Solution = [-0.00411195 -2.00064093  1.98671247  0.99417532  0.00585984  1.99256406
  0.00318057 -0.98662997  1.99375175  1.9900492 ], Best Fitness = 21.944269593514136, Evaluations = 5056
Generation 80: Best Solution = [ 0.00345896 -2.00108179  1.98383827  0.99576515  0.0035796   1.99050529
 -0.0045402  -0.99153045  1.9961436   1.98570753], Best Fitness = 21.943825203272723, Evaluations = 5120
Generation 81: Best Solution = [-1.54763701e-03 -1.99812185e+00  1.98994377e+00  9.95890788e-01
  6.92344290e-04  1.98965247e+00 -3.35982389e-03 -9.93166912e-01
  1.99058335e+00  1.98492167e+00], Best Fitness = 21.911078909932627, Evaluations = 5184
Generation 82: Best Solution = [ 1.05536605e-03 -1.98768215e+00  1.98590918e+00  9.94270158e-01
  2.72583816e-03  1.99527141e+00  7.25274637e-03 -9.97556958e-01
  1.99165688e+00  1.98631530e+00], Best Fitness = 21.915644627632247, Evaluations = 5248
Generation 83: Best Solution = [-1.51790448e-03 -1.98982380e+00  1.99340747e+00  9.96447224e-01
  3.75680753e-05  1.99245954e+00  1.24455644e-03 -9.95932437e-01
  1.99017515e+00  1.98870845e+00], Best Fitness = 21.89447335404884, Evaluations = 5312
Generation 84: Best Solution = [ 9.39364426e-04 -1.99281425e+00  1.98697812e+00  9.98220866e-01
 -1.12923764e-03  1.99176105e+00  2.97182027e-03 -9.95579671e-01
  1.98999880e+00  1.98935798e+00], Best Fitness = 21.89755245836173, Evaluations = 5376
Generation 85: Best Solution = [-9.25817834e-04 -1.98935637e+00  1.99095743e+00  9.95093021e-01
 -1.23352774e-03  1.98766520e+00  2.90903552e-03 -9.97581582e-01
  1.99012508e+00  1.98907251e+00], Best Fitness = 21.894018310030276, Evaluations = 5440
Generation 86: Best Solution = [ 7.88427321e-04 -1.98978002e+00  1.98922999e+00  9.93811121e-01
  1.10072605e-03  1.98578331e+00  1.15716394e-03 -9.97113019e-01
  1.98996214e+00  1.98825179e+00], Best Fitness = 21.894900235912814, Evaluations = 5504
Generation 87: Best Solution = [ 0.00241088 -1.98986847  1.99227963  0.9932031  -0.00217496  1.99001204
  0.00233708 -0.99170112  1.98986198  1.9937308 ], Best Fitness = 21.8989651712985, Evaluations = 5568
Generation 88: Best Solution = [ 1.95992065e-03 -1.98655283e+00  1.99209847e+00  9.96888063e-01
 -3.84751504e-04  1.99024509e+00 -2.39212150e-03 -9.91819297e-01
  1.99143513e+00  1.98969332e+00], Best Fitness = 21.89736354580627, Evaluations = 5632
Generation 89: Best Solution = [-1.59232907e-03 -1.99053675e+00  1.98786725e+00  9.97281069e-01
 -1.24637318e-03  1.98830578e+00 -2.67782424e-03 -9.93603419e-01
  1.98909717e+00  1.99064595e+00], Best Fitness = 21.894395672479604, Evaluations = 5696
Generation 90: Best Solution = [ 2.22454317e-03 -1.98899743e+00  1.99175299e+00  9.93650973e-01
  2.10262817e-03  1.99232668e+00  1.25970525e-03 -9.92357252e-01
  1.99264558e+00  1.99240788e+00], Best Fitness = 21.897632992297403, Evaluations = 5760
Generation 91: Best Solution = [-1.39175895e-03 -1.99382919e+00  1.98966814e+00  9.96562579e-01
  8.76729411e-05  1.99179168e+00 -1.98656332e-03 -9.95111108e-01
  1.99084160e+00  1.99160711e+00], Best Fitness = 21.8952480457654, Evaluations = 5824
Generation 92: Best Solution = [-1.43786365e-03 -1.99152587e+00  1.99218069e+00  9.95828736e-01
 -2.93787962e-03  1.98848250e+00  1.23268544e-03 -9.93926608e-01
  1.98766340e+00  1.98607550e+00], Best Fitness = 21.897712738084536, Evaluations = 5888
Generation 93: Best Solution = [ 3.14501010e-04 -1.99256975e+00  1.99003766e+00  9.99824043e-01
 -1.41185772e-04  1.98616373e+00  8.68679832e-04 -9.94618809e-01
  1.98856352e+00  1.98693446e+00], Best Fitness = 21.900262911002287, Evaluations = 5952
Generation 94: Best Solution = [-2.51843824e-03 -1.98834552e+00  1.98789764e+00  9.97972777e-01
  8.13842237e-04  1.99251408e+00  3.87071965e-03 -9.95570258e-01
  1.99050590e+00  1.99154738e+00], Best Fitness = 21.89854131726713, Evaluations = 6016
Generation 95: Best Solution = [ 1.41680257e-03 -1.98410344e+00  1.99011631e+00  9.93523447e-01
 -7.72443262e-04  1.99138768e+00  3.33745522e-03 -9.94574760e-01
  1.98849883e+00  1.99000189e+00], Best Fitness = 21.899749335289542, Evaluations = 6080
Generation 96: Best Solution = [ 1.64387018e-03 -1.99106858e+00  1.99190700e+00  9.91212064e-01
 -3.68392440e-03  1.98965499e+00  2.82832162e-03 -9.93206982e-01
  1.99123608e+00  1.98769109e+00], Best Fitness = 21.899669901411542, Evaluations = 6144
Generation 97: Best Solution = [-3.37130935e-03 -1.99135578e+00  1.99329298e+00  9.98628577e-01
 -2.54082208e-03  1.98832484e+00 -1.11289907e-03 -9.97158607e-01
  1.98941282e+00  1.99220084e+00], Best Fitness = 21.90074847958296, Evaluations = 6208
Generation 98: Best Solution = [ 3.21716891e-04 -1.98962649e+00  1.98924727e+00  9.93728632e-01
 -3.96025442e-03  1.98696769e+00  1.79336141e-03 -9.95085852e-01
  1.99165473e+00  1.99293899e+00], Best Fitness = 21.89738271959952, Evaluations = 6272
Generation 99: Best Solution = [ 1.09354255e-03 -1.99149347e+00  1.98740687e+00  9.94405616e-01
  2.59700085e-03  1.98542800e+00  1.39236221e-03 -9.94355697e-01
  1.99212217e+00  1.98872886e+00], Best Fitness = 21.898127372120754, Evaluations = 6336
Generation 100: Best Solution = [ 1.53263187e-03 -1.99178602e+00  1.98990826e+00  9.90695727e-01
 -2.61733853e-03  1.98937373e+00  1.01940518e-03 -9.92444194e-01
  1.98928104e+00  1.98732441e+00], Best Fitness = 21.898118078842842, Evaluations = 6400
Generation 101: Best Solution = [ 5.32834914e-04 -1.98880270e+00  1.98653522e+00  9.92172372e-01
 -3.48495309e-03  1.98911479e+00  2.55663310e-03 -9.93927629e-01
  1.98948543e+00  1.99133938e+00], Best Fitness = 21.897652239894356, Evaluations = 6464
Generation 102: Best Solution = [-2.44143707e-03 -1.98993596e+00  1.99273741e+00  9.99099370e-01
 -2.64611345e-03  1.99015600e+00  7.38564390e-04 -9.97376852e-01
  1.98713150e+00  1.98792459e+00], Best Fitness = 21.90021939696453, Evaluations = 6528
Generation 103: Best Solution = [ 0.0037661  -1.9903869   1.989947    0.99349235 -0.00410842  1.99086564
  0.00261694 -0.99610233  1.99039396  1.99300841], Best Fitness = 21.89945020068393, Evaluations = 6592
Generation 104: Best Solution = [-2.40259777e-03 -1.99276111e+00  1.98904267e+00  9.99539766e-01
 -1.88023494e-03  1.98977523e+00 -2.72259556e-03 -9.91926692e-01
  1.98949926e+00  1.99089823e+00], Best Fitness = 21.90036330662886, Evaluations = 6656
Generation 105: Best Solution = [-1.60913864e-03 -1.99138146e+00  1.98738871e+00  9.93012015e-01
  2.82360448e-03  1.99015067e+00 -4.43486152e-03 -9.94500906e-01
  1.98947351e+00  1.99134954e+00], Best Fitness = 21.898010385221923, Evaluations = 6720
Generation 106: Best Solution = [ 9.78604160e-04 -1.99080796e+00  1.99232991e+00  9.98019792e-01
  1.28477586e-03  1.99113282e+00  2.55445507e-03 -9.89816787e-01
  1.99155172e+00  1.98571980e+00], Best Fitness = 21.903606687197808, Evaluations = 6784
Generation 107: Best Solution = [-1.74195705e-04 -1.99108081e+00  1.99165034e+00  9.93621908e-01
  5.49793640e-04  1.98549252e+00  6.19336637e-04 -9.91311875e-01
  1.99447845e+00  1.98914434e+00], Best Fitness = 21.901187803665294, Evaluations = 6848
Generation 108: Best Solution = [ 2.81738391e-03 -1.98981408e+00  1.99025565e+00  9.94252808e-01
 -1.00617956e-03  1.98874515e+00  1.31905145e-04 -9.90145209e-01
  1.98705714e+00  1.99267332e+00], Best Fitness = 21.898962517163866, Evaluations = 6912
Generation 109: Best Solution = [ 1.82868931e-03 -1.99404565e+00  1.99304490e+00  9.94681083e-01
 -4.10817679e-05  1.99204970e+00  5.42135326e-04 -1.00006555e+00
  1.99278611e+00  1.98790085e+00], Best Fitness = 21.903654041735976, Evaluations = 6976
Generation 110: Best Solution = [-8.59539644e-04 -1.99214712e+00  1.98894882e+00  9.90554273e-01
  2.02888677e-04  1.98680847e+00 -1.02391258e-03 -9.98185086e-01
  1.99195375e+00  1.98792198e+00], Best Fitness = 21.900035567900716, Evaluations = 7040
Generation 111: Best Solution = [-8.52789246e-04 -1.99412836e+00  1.98925452e+00  9.97232916e-01
 -1.54910444e-03  1.98603969e+00 -2.53144203e-04 -9.99244929e-01
  1.99143163e+00  1.98891305e+00], Best Fitness = 21.90160615451734, Evaluations = 7104
Generation 112: Best Solution = [ 4.11867433e-03 -1.98976078e+00  1.98947067e+00  9.95654131e-01
  2.31780682e-03  1.98842797e+00 -1.42787256e-03 -9.95314454e-01
  1.98904875e+00  1.99567795e+00], Best Fitness = 21.90124382478041, Evaluations = 7168
Generation 113: Best Solution = [ 4.16836382e-03 -1.99305867e+00  1.98760767e+00  9.95059284e-01
  3.30968560e-03  1.98728235e+00  8.44697888e-04 -9.97043630e-01
  1.98676575e+00  1.98859372e+00], Best Fitness = 21.902384315920315, Evaluations = 7232
Generation 114: Best Solution = [-2.37877910e-03 -1.99070475e+00  1.99239952e+00  9.94201902e-01
 -1.57234210e-03  1.99031726e+00 -4.72695370e-04 -9.93098487e-01
  1.99181202e+00  1.99533588e+00], Best Fitness = 21.89945581039207, Evaluations = 7296
Generation 115: Best Solution = [-1.00335061e-03 -1.98723304e+00  1.98808251e+00  9.98686942e-01
  1.03801760e-03  1.99383412e+00 -7.94610150e-04 -9.94483530e-01
  1.99045439e+00  1.98736332e+00], Best Fitness = 21.89888879277467, Evaluations = 7360
Generation 116: Best Solution = [ 7.11309395e-04 -1.99041026e+00  1.99063558e+00  9.98534064e-01
 -1.31124270e-03  1.98883822e+00  7.64448194e-04 -9.92939356e-01
  1.99242834e+00  1.99163474e+00], Best Fitness = 21.895197839995248, Evaluations = 7424
Generation 117: Best Solution = [-8.01136424e-04 -1.99285744e+00  1.99287118e+00  9.95516307e-01
 -1.44679946e-03  1.99383505e+00 -1.55476188e-03 -9.91883141e-01
  1.99011237e+00  1.99111889e+00], Best Fitness = 21.89882984502924, Evaluations = 7488
Generation 118: Best Solution = [-3.99015026e-03 -1.99057454e+00  1.98894742e+00  9.93927827e-01
  2.06382319e-03  1.98926096e+00 -1.10401755e-03 -9.94007605e-01
  1.99284712e+00  1.99111611e+00], Best Fitness = 21.89605758942193, Evaluations = 7552
Generation 119: Best Solution = [-5.46542027e-03 -1.98848534e+00  1.99095428e+00  9.93866814e-01
 -1.49118665e-03  1.99293520e+00  1.59424962e-03 -9.91043970e-01
  1.99062284e+00  1.99109195e+00], Best Fitness = 21.902022867304694, Evaluations = 7616
Generation 120: Best Solution = [ 2.34460161e-03 -1.98808936e+00  1.98530453e+00  9.95310926e-01
  3.26045512e-03  1.98886379e+00  2.39211231e-04 -9.94953990e-01
  1.99097471e+00  1.98947410e+00], Best Fitness = 21.89764724675453, Evaluations = 7680
Generation 121: Best Solution = [ 3.58787407e-03 -1.98846006e+00  1.99087998e+00  9.93619979e-01
  8.94733807e-04  1.99109629e+00  2.03182199e-03 -9.94680620e-01
  1.98746440e+00  1.98568788e+00], Best Fitness = 21.89857388527193, Evaluations = 7744
Generation 122: Best Solution = [ 1.29246335e-03 -1.98690350e+00  1.99208182e+00  9.98800300e-01
 -8.78080877e-04  1.98920056e+00  4.52206565e-04 -9.98157386e-01
  1.99098035e+00  1.98898308e+00], Best Fitness = 21.89777631732059, Evaluations = 7808
Generation 123: Best Solution = [ 1.31231450e-03 -1.98992066e+00  1.99147318e+00  9.93773509e-01
 -2.52655251e-03  1.98791509e+00  3.70334790e-03 -9.96490734e-01
  1.98855104e+00  1.99068060e+00], Best Fitness = 21.895902641212786, Evaluations = 7872
Generation 124: Best Solution = [ 7.43504685e-05 -1.98708731e+00  1.99230070e+00  9.89740000e-01
 -1.30817430e-03  1.99387635e+00  3.01604757e-03 -9.95804847e-01
  1.98950206e+00  1.98988977e+00], Best Fitness = 21.90261480666173, Evaluations = 7936
Generation 125: Best Solution = [-3.68201134e-03 -1.98978398e+00  1.99293771e+00  9.92658702e-01
 -3.07206864e-04  1.98360679e+00  3.32595205e-04 -9.92300687e-01
  1.98913169e+00  1.98987560e+00], Best Fitness = 21.904055202514044, Evaluations = 8000
Generation 126: Best Solution = [ 5.48705403e-04 -1.98752970e+00  1.98913451e+00  9.98918414e-01
  7.65239959e-04  1.99089228e+00 -5.71867397e-04 -9.88530720e-01
  1.99014722e+00  1.98803649e+00], Best Fitness = 21.90275409033363, Evaluations = 8064
Generation 127: Best Solution = [ 1.79127978e-03 -1.99025120e+00  1.98553546e+00  9.93734309e-01
  5.55389322e-03  1.98790608e+00  1.20087796e-03 -9.94996453e-01
  1.99004986e+00  1.99140446e+00], Best Fitness = 21.90146768238138, Evaluations = 8128
Generation 128: Best Solution = [-9.30914627e-04 -1.98894936e+00  1.99067719e+00  9.95614351e-01
  6.94399265e-04  1.98677119e+00  2.98153680e-03 -9.93444638e-01
  1.99077303e+00  1.98837795e+00], Best Fitness = 21.894509674102537, Evaluations = 8192
Generation 129: Best Solution = [-1.90406669e-03 -1.99061022e+00  1.98886844e+00  9.92183345e-01
 -2.75117241e-03  1.99035285e+00 -3.04952179e-03 -9.96527026e-01
  1.99300731e+00  1.99057012e+00], Best Fitness = 21.89748832985292, Evaluations = 8256
Generation 130: Best Solution = [-3.28883840e-03 -1.98968465e+00  1.99112579e+00  9.95826719e-01
  1.65650336e-03  1.99192325e+00 -2.75689551e-04 -9.94076104e-01
  1.98531770e+00  1.98909618e+00], Best Fitness = 21.897494695756166, Evaluations = 8320
Generation 131: Best Solution = [-1.22904180e-03 -1.98902204e+00  1.99216795e+00  9.94234378e-01
  1.65980847e-03  1.99273215e+00 -1.35659128e-03 -9.93380055e-01
  1.98678631e+00  1.99411591e+00], Best Fitness = 21.899057449829527, Evaluations = 8384
Generation 132: Best Solution = [-1.38233759e-04 -1.98747679e+00  1.99231353e+00  9.94845826e-01
 -1.96236938e-03  1.98575556e+00  5.13841968e-04 -9.94078642e-01
  1.98933771e+00  1.98975727e+00], Best Fitness = 21.895855293990337, Evaluations = 8448
Generation 133: Best Solution = [-3.53932010e-03 -1.99102046e+00  1.98872965e+00  9.96353355e-01
  1.36521434e-03  1.99129955e+00 -3.28426887e-03 -9.94925113e-01
  1.98985183e+00  1.98861159e+00], Best Fitness = 21.89569160338361, Evaluations = 8512
Generation 134: Best Solution = [-2.33023686e-03 -1.99121388e+00  1.99149334e+00  9.95874586e-01
  3.40640103e-04  1.99264246e+00 -4.95307116e-03 -9.93207160e-01
  1.99359661e+00  1.98910925e+00], Best Fitness = 21.900939204648708, Evaluations = 8576
Generation 135: Best Solution = [-7.06878417e-04 -1.99115650e+00  1.98777609e+00  9.98920441e-01
  2.86567936e-05  1.98813211e+00  1.57495605e-03 -9.93277094e-01
  1.99116633e+00  1.99033097e+00], Best Fitness = 21.89552235541963, Evaluations = 8640
Generation 136: Best Solution = [-3.08127291e-03 -1.99112230e+00  1.98994526e+00  9.95236512e-01
  3.30696177e-03  1.99047251e+00  1.63659535e-04 -9.97795882e-01
  1.99215914e+00  1.99442590e+00], Best Fitness = 21.900132414587986, Evaluations = 8704
Generation 137: Best Solution = [ 2.58727405e-03 -1.99024765e+00  1.98914761e+00  9.93733675e-01
  6.45366109e-04  1.99021743e+00 -1.51367891e-03 -9.96886798e-01
  1.98591968e+00  1.98947377e+00], Best Fitness = 21.895322916520158, Evaluations = 8768
Generation 138: Best Solution = [ 1.56170216e-03 -1.99078641e+00  1.98949176e+00  9.95690879e-01
  2.18597845e-03  1.99115136e+00  1.65108234e-03 -9.95521388e-01
  1.98934488e+00  1.98918316e+00], Best Fitness = 21.89187522526032, Evaluations = 8832
Generation 139: Best Solution = [ 2.24255215e-04 -1.98875779e+00  1.98765788e+00  9.96838748e-01
  1.95094249e-03  1.98932791e+00 -4.30642549e-03 -9.95204965e-01
  1.98761322e+00  1.98795152e+00], Best Fitness = 21.897375692314228, Evaluations = 8896
Generation 140: Best Solution = [-1.86817455e-03 -1.98637017e+00  1.98998619e+00  9.95970300e-01
  2.36421148e-03  1.99136750e+00 -6.95109673e-05 -9.98132638e-01
  1.99297404e+00  1.99024315e+00], Best Fitness = 21.89785910315095, Evaluations = 8960
Generation 141: Best Solution = [ 2.50550705e-03 -1.98676977e+00  1.98778437e+00  9.95230708e-01
 -1.16574671e-03  1.98411567e+00 -3.04309205e-03 -9.93887813e-01
  1.98895873e+00  1.98826571e+00], Best Fitness = 21.902882305977514, Evaluations = 9024
Generation 142: Best Solution = [ 3.35187531e-04 -1.98615859e+00  1.99056036e+00  9.93835624e-01
  1.26423802e-03  1.99029266e+00 -3.21926268e-04 -9.98075731e-01
  1.98909578e+00  1.98853602e+00], Best Fitness = 21.895018013373317, Evaluations = 9088
Generation 143: Best Solution = [ 1.79208795e-03 -1.98873802e+00  1.99072330e+00  9.96651566e-01
  2.51649372e-03  1.98891303e+00 -2.71918260e-03 -9.94807113e-01
  1.98811123e+00  1.99234563e+00], Best Fitness = 21.895423030904993, Evaluations = 9152
Generation 144: Best Solution = [ 0.00253126 -1.9870966   1.98926464  0.99399824  0.00321246  1.98761018
 -0.00323557 -0.99267246  1.9898597   1.99046312], Best Fitness = 21.89845014471942, Evaluations = 9216
Generation 145: Best Solution = [-1.61736703e-03 -1.98966944e+00  1.99136402e+00  9.96696363e-01
 -1.10346813e-03  1.99067356e+00  2.49194581e-04 -9.95807493e-01
  1.98894928e+00  1.98827840e+00], Best Fitness = 21.891844474428396, Evaluations = 9280
Generation 146: Best Solution = [ 2.04855616e-03 -1.98825561e+00  1.99058234e+00  9.95950147e-01
  2.07339655e-03  1.98831120e+00 -1.07817824e-03 -9.96987564e-01
  1.98895343e+00  1.99142246e+00], Best Fitness = 21.893774698416237, Evaluations = 9344
Generation 147: Best Solution = [-2.74881806e-03 -1.99216916e+00  1.98895892e+00  1.00003988e+00
  1.50427716e-03  1.99084549e+00 -3.63035264e-04 -9.94106232e-01
  1.99161581e+00  1.99187062e+00], Best Fitness = 21.89900875681768, Evaluations = 9408
Generation 148: Best Solution = [-2.65766019e-03 -1.99023128e+00  1.98673737e+00  9.95945504e-01
 -4.44172683e-03  1.98696831e+00  1.05035774e-03 -9.91943799e-01
  1.99305166e+00  1.98973534e+00], Best Fitness = 21.90229168639965, Evaluations = 9472
Generation 149: Best Solution = [-1.79057280e-03 -1.99290630e+00  1.98748878e+00  9.92833790e-01
  1.39134348e-03  1.98636989e+00 -2.53615926e-04 -9.92499546e-01
  1.98986191e+00  1.98944845e+00], Best Fitness = 21.897665317019914, Evaluations = 9536
Generation 150: Best Solution = [-3.78926575e-04 -1.98845071e+00  1.99107051e+00  9.97329331e-01
 -3.20466701e-03  1.98947036e+00 -1.58696719e-03 -9.97818778e-01
  1.98807767e+00  1.98645626e+00], Best Fitness = 21.89813358992518, Evaluations = 9600
Generation 151: Best Solution = [-2.19936397e-03 -1.98727380e+00  1.98606879e+00  9.96707444e-01
 -5.40068259e-04  1.98711553e+00 -3.19014189e-03 -9.96538026e-01
  1.98656693e+00  1.98874064e+00], Best Fitness = 21.901547196810725, Evaluations = 9664
Generation 152: Best Solution = [-2.11958025e-03 -1.98800916e+00  1.98861500e+00  9.93287474e-01
 -2.23465392e-03  1.99138934e+00 -1.59504864e-03 -9.97371029e-01
  1.98817803e+00  1.98703165e+00], Best Fitness = 21.896888337682213, Evaluations = 9728
Generation 153: Best Solution = [ 8.19753199e-04 -1.98713794e+00  1.98889206e+00  9.91969477e-01
  1.05202309e-03  1.98896365e+00  2.12753617e-03 -9.96513429e-01
  1.99041629e+00  1.98690876e+00], Best Fitness = 21.896318825905368, Evaluations = 9792
Generation 154: Best Solution = [-3.47931562e-03 -1.98817375e+00  1.98992735e+00  9.93900626e-01
 -2.47912210e-03  1.98875955e+00 -1.78963018e-03 -9.98465535e-01
  1.99342382e+00  1.99127153e+00], Best Fitness = 21.899661236082764, Evaluations = 9856
Generation 155: Best Solution = [-2.35869099e-03 -1.98965299e+00  1.98795705e+00  9.97248688e-01
 -2.70500363e-03  1.98761957e+00  6.13432075e-04 -9.91878906e-01
  1.99257420e+00  1.98729473e+00], Best Fitness = 21.899194304910367, Evaluations = 9920
Generation 156: Best Solution = [ 9.48914622e-04 -1.98827534e+00  1.99440774e+00  9.94157653e-01
 -1.02799400e-03  1.99029304e+00  6.48287255e-04 -9.93409780e-01
  1.98948309e+00  1.98747241e+00], Best Fitness = 21.89592589636669, Evaluations = 9984
Generation 157: Best Solution = [-1.16729963e-03 -1.98483412e+00  1.98909547e+00  9.95647461e-01
 -1.16005530e-03  1.99060828e+00  2.54047697e-03 -9.91825625e-01
  1.99362287e+00  1.99065504e+00], Best Fitness = 21.90109832951451, Evaluations = 10048
