Algorithm: Differential Evolution
Objective Function: Ackley
Dimension: 10
Population Size: 64
Max Evaluations: 10000

Generation 0: Best Solution = [  7.75168227  -5.82819594 -17.79047958  10.1115854    5.78898222
   9.75701517  10.20544642   0.40167109 -17.29446294   1.78878237], Best Fitness = 19.008516113756325, Evaluations = 64
Generation 1: Best Solution = [  7.75168227  -5.82819594 -17.79047958  10.1115854    5.78898222
   9.75701517  10.20544642   0.40167109 -17.29446294   1.78878237], Best Fitness = 19.008516113756325, Evaluations = 128
Generation 2: Best Solution = [  7.75168227  -5.82819594 -17.79047958  10.1115854    5.78898222
   9.75701517  10.20544642   0.40167109 -17.29446294   1.78878237], Best Fitness = 19.008516113756325, Evaluations = 192
Generation 3: Best Solution = [  7.75168227  -5.82819594 -17.79047958  10.1115854    5.78898222
   9.75701517  10.20544642   0.40167109 -17.29446294   1.78878237], Best Fitness = 19.008516113756325, Evaluations = 256
Generation 4: Best Solution = [  7.75168227  -5.82819594 -17.79047958  10.1115854    5.78898222
   9.75701517  10.20544642   0.40167109 -17.29446294   1.78878237], Best Fitness = 19.008516113756325, Evaluations = 320
Generation 5: Best Solution = [  7.75168227  -5.82819594 -17.79047958  10.1115854    5.78898222
   9.75701517  10.20544642   0.40167109 -17.29446294   1.78878237], Best Fitness = 19.008516113756325, Evaluations = 384
Generation 6: Best Solution = [  2.64754066  18.08902915 -17.20880466   6.66762056  -0.96712105
   6.39756014  -1.95155769   7.05423337  12.07459225  -0.83634751], Best Fitness = 18.35329635223118, Evaluations = 448
Generation 7: Best Solution = [  2.64754066  18.08902915 -17.20880466   6.66762056  -0.96712105
   6.39756014  -1.95155769   7.05423337  12.07459225  -0.83634751], Best Fitness = 18.35329635223118, Evaluations = 512
Generation 8: Best Solution = [  2.64754066  18.08902915 -17.20880466   6.66762056  -0.96712105
   6.39756014  -1.95155769   7.05423337  12.07459225  -0.83634751], Best Fitness = 18.35329635223118, Evaluations = 576
Generation 9: Best Solution = [  2.64754066  18.08902915 -17.20880466   6.66762056  -0.96712105
   6.39756014  -1.95155769   7.05423337  12.07459225  -0.83634751], Best Fitness = 18.35329635223118, Evaluations = 640
Generation 10: Best Solution = [  2.64754066  18.08902915 -17.20880466   6.66762056  -0.96712105
   6.39756014  -1.95155769   7.05423337  12.07459225  -0.83634751], Best Fitness = 18.35329635223118, Evaluations = 704
Generation 11: Best Solution = [  2.64754066  18.08902915 -17.20880466   6.66762056  -0.96712105
   6.39756014  -1.95155769   7.05423337  12.07459225  -0.83634751], Best Fitness = 18.35329635223118, Evaluations = 768
Generation 12: Best Solution = [  2.64754066  18.08902915 -17.20880466   6.66762056  -0.96712105
   6.39756014  -1.95155769   7.05423337  12.07459225  -0.83634751], Best Fitness = 18.35329635223118, Evaluations = 832
Generation 13: Best Solution = [  2.64754066  18.08902915 -17.20880466   6.66762056  -0.96712105
   6.39756014  -1.95155769   7.05423337  12.07459225  -0.83634751], Best Fitness = 18.35329635223118, Evaluations = 896
Generation 14: Best Solution = [ -3.36603171   5.22176277  15.6253085    2.92031623   4.17900723
  10.93038433   6.92005725 -12.03897988   1.1597373   -9.09810726], Best Fitness = 17.463993035964116, Evaluations = 960
Generation 15: Best Solution = [ -3.36603171   5.22176277  15.6253085    2.92031623   4.17900723
  10.93038433   6.92005725 -12.03897988   1.1597373   -9.09810726], Best Fitness = 17.463993035964116, Evaluations = 1024
Generation 16: Best Solution = [ -3.36603171   5.22176277  15.6253085    2.92031623   4.17900723
  10.93038433   6.92005725 -12.03897988   1.1597373   -9.09810726], Best Fitness = 17.463993035964116, Evaluations = 1088
Generation 17: Best Solution = [ -3.36603171   5.22176277  15.6253085    2.92031623   4.17900723
  10.93038433   6.92005725 -12.03897988   1.1597373   -9.09810726], Best Fitness = 17.463993035964116, Evaluations = 1152
Generation 18: Best Solution = [ -3.36603171   5.22176277  15.6253085    2.92031623   4.17900723
  10.93038433   6.92005725 -12.03897988   1.1597373   -9.09810726], Best Fitness = 17.463993035964116, Evaluations = 1216
Generation 19: Best Solution = [ -3.36603171   5.22176277  15.6253085    2.92031623   4.17900723
  10.93038433   6.92005725 -12.03897988   1.1597373   -9.09810726], Best Fitness = 17.463993035964116, Evaluations = 1280
Generation 20: Best Solution = [ -3.36603171   5.22176277  15.6253085    2.92031623   4.17900723
  10.93038433   6.92005725 -12.03897988   1.1597373   -9.09810726], Best Fitness = 17.463993035964116, Evaluations = 1344
Generation 21: Best Solution = [ -3.36603171   5.22176277  15.6253085    2.92031623   4.17900723
  10.93038433   6.92005725 -12.03897988   1.1597373   -9.09810726], Best Fitness = 17.463993035964116, Evaluations = 1408
Generation 22: Best Solution = [ -3.36603171   5.22176277  15.6253085    2.92031623   4.17900723
  10.93038433   6.92005725 -12.03897988   1.1597373   -9.09810726], Best Fitness = 17.463993035964116, Evaluations = 1472
Generation 23: Best Solution = [ -3.36603171   5.22176277  15.6253085    2.92031623   4.17900723
  10.93038433   6.92005725 -12.03897988   1.1597373   -9.09810726], Best Fitness = 17.463993035964116, Evaluations = 1536
Generation 24: Best Solution = [ -3.36603171   5.22176277  15.6253085    2.92031623   4.17900723
  10.93038433   6.92005725 -12.03897988   1.1597373   -9.09810726], Best Fitness = 17.463993035964116, Evaluations = 1600
Generation 25: Best Solution = [-1.20459983e-02  9.11567301e+00  1.09151777e+01 -1.07645462e+00
  6.20143946e+00  1.28883713e+01 -9.49321134e+00 -7.90377547e+00
 -5.72136025e+00  7.39014640e+00], Best Fitness = 17.310682881286112, Evaluations = 1664
Generation 26: Best Solution = [-1.20459983e-02  9.11567301e+00  1.09151777e+01 -1.07645462e+00
  6.20143946e+00  1.28883713e+01 -9.49321134e+00 -7.90377547e+00
 -5.72136025e+00  7.39014640e+00], Best Fitness = 17.310682881286112, Evaluations = 1728
Generation 27: Best Solution = [-8.31600855 -1.00519896  1.80244566 13.43335376 -6.17526799 -7.2569394
 12.70067714  3.99592248  0.223398   -8.09412165], Best Fitness = 17.165954300539674, Evaluations = 1792
Generation 28: Best Solution = [-0.012046   -9.73859733 10.91517768  6.13615866  6.20143946 -0.47885483
  7.11905471  0.01781047 -5.72136025  7.3901464 ], Best Fitness = 16.028616476857508, Evaluations = 1856
Generation 29: Best Solution = [-0.012046   -9.73859733 10.91517768  6.13615866  6.20143946 -0.47885483
  7.11905471  0.01781047 -5.72136025  7.3901464 ], Best Fitness = 16.028616476857508, Evaluations = 1920
Generation 30: Best Solution = [-0.012046   -9.73859733 10.91517768  6.13615866  6.20143946 -0.47885483
  7.11905471  0.01781047 -5.72136025  7.3901464 ], Best Fitness = 16.028616476857508, Evaluations = 1984
Generation 31: Best Solution = [ -7.08877585  -3.10636425   5.47437208  -3.76146302 -12.24845278
  -6.9457828    1.13753335  -7.16221272   5.67770964   0.94502756], Best Fitness = 15.566715356695191, Evaluations = 2048
Generation 32: Best Solution = [ -7.08877585  -3.10636425   5.47437208  -3.76146302 -12.24845278
  -6.9457828    1.13753335  -7.16221272   5.67770964   0.94502756], Best Fitness = 15.566715356695191, Evaluations = 2112
Generation 33: Best Solution = [ -7.08877585  -3.10636425   5.47437208  -3.76146302 -12.24845278
  -6.9457828    1.13753335  -7.16221272   5.67770964   0.94502756], Best Fitness = 15.566715356695191, Evaluations = 2176
Generation 34: Best Solution = [ -7.08877585  -3.10636425   5.47437208  -3.76146302 -12.24845278
  -6.9457828    1.13753335  -7.16221272   5.67770964   0.94502756], Best Fitness = 15.566715356695191, Evaluations = 2240
Generation 35: Best Solution = [ -5.90856027   2.69202101 -11.27265144  -0.4597874   -5.53871197
   5.82137969   4.19488265   0.51922772  -1.6300702    7.0048011 ], Best Fitness = 15.21358824238305, Evaluations = 2304
Generation 36: Best Solution = [ -5.90856027   2.69202101 -11.27265144  -0.4597874   -5.53871197
   5.82137969   4.19488265   0.51922772  -1.6300702    7.0048011 ], Best Fitness = 15.21358824238305, Evaluations = 2368
Generation 37: Best Solution = [ -5.90856027   2.69202101 -11.27265144  -0.4597874   -5.53871197
   5.82137969   4.19488265   0.51922772  -1.6300702    7.0048011 ], Best Fitness = 15.21358824238305, Evaluations = 2432
Generation 38: Best Solution = [-5.52782105 -6.02713502 -2.96275222 -9.72276189 -3.17518626 -6.44667464
  5.40081823  4.09897998 -0.23610439 -2.16166458], Best Fitness = 14.580985049518087, Evaluations = 2496
Generation 39: Best Solution = [-5.52782105 -6.02713502 -2.96275222 -9.72276189 -3.17518626 -6.44667464
  5.40081823  4.09897998 -0.23610439 -2.16166458], Best Fitness = 14.580985049518087, Evaluations = 2560
Generation 40: Best Solution = [-5.52782105 -6.02713502 -2.96275222 -9.72276189 -3.17518626 -6.44667464
  5.40081823  4.09897998 -0.23610439 -2.16166458], Best Fitness = 14.580985049518087, Evaluations = 2624
Generation 41: Best Solution = [ 1.0344976  -6.27206232  2.58535908 -5.11232486 -1.23133724  7.23789844
 -2.15665585  0.81808372 -7.07696422  2.75877324], Best Fitness = 13.028318037789466, Evaluations = 2688
Generation 42: Best Solution = [ 1.0344976  -6.27206232  2.58535908 -5.11232486 -1.23133724  7.23789844
 -2.15665585  0.81808372 -7.07696422  2.75877324], Best Fitness = 13.028318037789466, Evaluations = 2752
Generation 43: Best Solution = [-5.76233295 -0.05905467 -1.99763653  2.07509594 -1.8659414  -4.91999274
  1.89156875 -8.4079673   2.64952347  2.28044156], Best Fitness = 12.200086104106937, Evaluations = 2816
Generation 44: Best Solution = [-5.76233295 -0.05905467 -1.99763653  2.07509594 -1.8659414  -4.91999274
  1.89156875 -8.4079673   2.64952347  2.28044156], Best Fitness = 12.200086104106937, Evaluations = 2880
Generation 45: Best Solution = [-5.76233295 -0.05905467 -1.99763653  2.07509594 -1.8659414  -4.91999274
  1.89156875 -8.4079673   2.64952347  2.28044156], Best Fitness = 12.200086104106937, Evaluations = 2944
Generation 46: Best Solution = [-5.76233295 -0.05905467 -1.99763653  2.07509594 -1.8659414  -4.91999274
  1.89156875 -8.4079673   2.64952347  2.28044156], Best Fitness = 12.098153536849173, Evaluations = 3008
Generation 47: Best Solution = [-5.76233295 -0.05905467 -1.99763653  2.07509594 -1.8659414  -4.91999274
  1.89156875 -8.4079673   2.64952347  2.28044156], Best Fitness = 12.098153536849173, Evaluations = 3072
Generation 48: Best Solution = [-5.76233295 -0.05905467 -1.99763653  2.07509594 -1.8659414  -4.91999274
  1.89156875 -8.4079673   2.64952347  2.28044156], Best Fitness = 12.098153536849173, Evaluations = 3136
Generation 49: Best Solution = [ 5.09080886  2.15726511  2.5281538   2.75167247 -0.58575237  0.15028057
 -3.72761737 -0.46250931 -4.41350728  1.96281993], Best Fitness = 10.533235554358308, Evaluations = 3200
Generation 50: Best Solution = [ 2.21109533 -1.51831079 -0.70457823 -2.805361    0.83355585  3.9073382
 -3.84237726 -2.55064607 -2.10890235  1.75379715], Best Fitness = 9.370472064698063, Evaluations = 3264
Generation 51: Best Solution = [ 2.21109533 -1.51831079 -0.70457823 -2.805361    0.83355585  3.9073382
 -3.84237726 -2.55064607 -2.10890235  1.75379715], Best Fitness = 9.370472064698063, Evaluations = 3328
Generation 52: Best Solution = [ 2.21109533 -1.51831079 -0.70457823 -2.805361    0.83355585  3.9073382
 -3.84237726 -2.55064607 -2.10890235  1.75379715], Best Fitness = 9.370472064698063, Evaluations = 3392
Generation 53: Best Solution = [ 0.14265946  3.18503804 -2.94860569 -2.66923105  0.51820042 -0.59280239
  2.5813455  -2.6166076  -2.63362615  1.26788145], Best Fitness = 9.092257553789544, Evaluations = 3456
Generation 54: Best Solution = [ 0.14265946  3.18503804 -2.94860569 -2.66923105  0.51820042 -0.59280239
  2.5813455  -2.6166076  -2.63362615  1.26788145], Best Fitness = 9.092257553789544, Evaluations = 3520
Generation 55: Best Solution = [ 1.0344976  -1.58423708 -3.03496516  6.22386816  2.89158768 -1.14872447
  0.12725969  0.81808372  1.91354735 -0.16519229], Best Fitness = 9.06929149686707, Evaluations = 3584
Generation 56: Best Solution = [ 2.75300313  0.98793207  1.08551407  1.13614428 -1.88137579 -0.03266993
  2.13811317 -3.77286379  2.37950303 -0.71910432], Best Fitness = 7.772548996451617, Evaluations = 3648
Generation 57: Best Solution = [ 2.75300313  0.98793207  1.08551407  1.13614428 -1.88137579 -0.03266993
  2.13811317 -3.77286379  2.37950303 -0.71910432], Best Fitness = 7.772548996451617, Evaluations = 3712
Generation 58: Best Solution = [ 2.75300313  0.98793207  1.08551407  1.13614428 -1.88137579 -0.03266993
  2.13811317 -3.77286379  2.37950303 -0.71910432], Best Fitness = 7.772548996451617, Evaluations = 3776
Generation 59: Best Solution = [ 2.75300313  0.98793207  1.08551407  1.13614428 -1.88137579 -0.03266993
  2.13811317 -3.77286379  2.37950303 -0.71910432], Best Fitness = 7.772548996451617, Evaluations = 3840
Generation 60: Best Solution = [ 2.75300313  0.98793207  1.08551407  1.13614428 -1.88137579 -0.03266993
  2.13811317 -3.77286379  2.37950303 -0.71910432], Best Fitness = 7.772548996451617, Evaluations = 3904
Generation 61: Best Solution = [ 2.75300313  0.98793207  1.08551407  1.13614428 -1.88137579 -0.03266993
  2.13811317 -3.77286379  2.37950303 -0.71910432], Best Fitness = 7.772548996451617, Evaluations = 3968
Generation 62: Best Solution = [ 2.75300313  0.98793207  1.08551407  1.13614428 -1.88137579 -0.03266993
  2.13811317 -3.77286379  2.37950303 -0.71910432], Best Fitness = 7.772548996451617, Evaluations = 4032
Generation 63: Best Solution = [ 2.75300313  0.98793207  1.08551407  1.13614428 -1.88137579 -0.03266993
  2.13811317 -3.77286379  2.37950303 -0.71910432], Best Fitness = 7.772548996451617, Evaluations = 4096
Generation 64: Best Solution = [ 2.75300313  0.98793207  1.08551407  1.13614428 -1.88137579 -0.03266993
  2.13811317 -3.77286379  2.37950303 -0.71910432], Best Fitness = 7.772548996451617, Evaluations = 4160
Generation 65: Best Solution = [ 2.75300313  0.98793207  1.08551407  1.13614428 -1.88137579 -0.03266993
  2.13811317 -3.77286379  2.37950303 -0.71910432], Best Fitness = 7.772548996451617, Evaluations = 4224
Generation 66: Best Solution = [-0.47654204  0.6578635   1.08292893 -1.46039865  0.96109981  0.97904117
 -1.65460278 -0.14278493 -4.01097709  1.81210744], Best Fitness = 7.212200179752914, Evaluations = 4288
Generation 67: Best Solution = [-0.47654204  0.6578635   1.08292893 -1.46039865  0.96109981  0.97904117
 -1.65460278 -0.14278493 -4.01097709  1.81210744], Best Fitness = 7.212200179752914, Evaluations = 4352
Generation 68: Best Solution = [-0.47654204  0.6578635   1.08292893 -1.46039865  0.96109981  0.97904117
 -1.65460278 -0.14278493 -4.01097709  1.81210744], Best Fitness = 7.212200179752914, Evaluations = 4416
Generation 69: Best Solution = [-0.47654204  0.6578635   1.08292893 -1.46039865  0.96109981  0.97904117
 -1.65460278 -0.14278493 -4.01097709  1.81210744], Best Fitness = 7.212200179752914, Evaluations = 4480
Generation 70: Best Solution = [-0.47654204  0.6578635   1.08292893 -1.46039865  0.96109981  0.97904117
 -1.65460278 -0.14278493 -4.01097709  1.81210744], Best Fitness = 6.8195113143966495, Evaluations = 4544
Generation 71: Best Solution = [-0.47654204  0.6578635   1.08292893 -1.46039865  0.96109981  0.97904117
 -1.65460278 -0.14278493 -4.01097709  1.81210744], Best Fitness = 6.8195113143966495, Evaluations = 4608
Generation 72: Best Solution = [-0.47654204  0.6578635   1.08292893 -1.46039865  0.96109981  0.97904117
 -1.65460278 -0.14278493 -4.01097709  1.81210744], Best Fitness = 6.8195113143966495, Evaluations = 4672
Generation 73: Best Solution = [-0.47654204  0.6578635   1.08292893 -1.46039865  0.96109981  0.97904117
 -1.65460278 -0.14278493 -4.01097709  1.81210744], Best Fitness = 6.8195113143966495, Evaluations = 4736
Generation 74: Best Solution = [-1.46413504  1.24289837  0.22748463 -1.0320117   0.53853686 -0.1507691
  2.44002588  0.28477604 -0.29843207  2.96511646], Best Fitness = 6.713587844479314, Evaluations = 4800
Generation 75: Best Solution = [-1.46413504  1.24289837  0.22748463 -1.0320117   0.53853686 -0.1507691
  2.44002588  0.28477604 -0.29843207  2.96511646], Best Fitness = 6.713587844479314, Evaluations = 4864
Generation 76: Best Solution = [ 0.05362719  1.75177314  0.22751226  0.7567346  -1.01572159  0.20763151
 -1.55823444 -2.72735984 -1.71526216  0.38860069], Best Fitness = 6.359774074522299, Evaluations = 4928
Generation 77: Best Solution = [-1.84792689  2.15430652 -1.39437257  0.17196057 -1.07935334 -0.74566589
  1.73526062 -0.1883474   0.02845375  2.08828759], Best Fitness = 6.092885756959085, Evaluations = 4992
Generation 78: Best Solution = [ 2.11084085  0.06824713  0.88730342 -0.70245327  0.15948342  0.58120499
  0.22092903 -1.68930496 -0.39188358 -0.71910432], Best Fitness = 5.223573906893307, Evaluations = 5056
Generation 79: Best Solution = [ 2.11084085  0.06824713  0.88730342 -0.70245327  0.15948342  0.58120499
  0.22092903 -1.68930496 -0.39188358 -0.71910432], Best Fitness = 5.223573906893307, Evaluations = 5120
Generation 80: Best Solution = [ 2.11084085  0.06824713  0.88730342 -0.70245327  0.15948342  0.58120499
  0.22092903 -1.68930496 -0.39188358 -0.71910432], Best Fitness = 5.223573906893307, Evaluations = 5184
Generation 81: Best Solution = [-0.11252656 -0.31916262  1.97661068 -0.10785056 -0.69718192 -1.98989241
  0.81132829  0.18076124  0.70608553 -0.09031499], Best Fitness = 4.7761262444232315, Evaluations = 5248
Generation 82: Best Solution = [-0.11252656 -0.31916262  1.97661068 -0.10785056 -0.69718192 -1.98989241
  0.81132829  0.18076124  0.70608553 -0.09031499], Best Fitness = 4.7761262444232315, Evaluations = 5312
Generation 83: Best Solution = [-0.11252656 -0.31916262  1.97661068 -0.10785056 -0.69718192 -1.98989241
  0.81132829  0.18076124  0.70608553 -0.09031499], Best Fitness = 4.7761262444232315, Evaluations = 5376
Generation 84: Best Solution = [ 0.04779369  0.06824713  0.88730342 -0.70245327  0.15948342  1.00807732
  2.40415031 -0.20701119  0.46955582 -0.13722884], Best Fitness = 4.719382027144029, Evaluations = 5440
Generation 85: Best Solution = [ 0.04779369  0.06824713  0.88730342 -0.70245327  0.15948342  1.00807732
  2.40415031 -0.20701119  0.46955582 -0.13722884], Best Fitness = 4.719382027144029, Evaluations = 5504
Generation 86: Best Solution = [ 0.04779369  0.06824713  0.88730342 -0.70245327  0.15948342  1.00807732
  2.40415031 -0.20701119  0.46955582 -0.13722884], Best Fitness = 4.719382027144029, Evaluations = 5568
Generation 87: Best Solution = [ 0.13773298 -0.69279086  0.07835881 -0.28268142  0.79871184  0.81806091
 -1.25176244 -1.00755702  0.41422907 -0.80389834], Best Fitness = 4.186294997115294, Evaluations = 5632
Generation 88: Best Solution = [ 0.13773298 -0.69279086  0.07835881 -0.28268142  0.79871184  0.81806091
 -1.25176244 -1.00755702  0.41422907 -0.80389834], Best Fitness = 4.186294997115294, Evaluations = 5696
Generation 89: Best Solution = [ 0.13773298 -0.69279086  0.07835881 -0.28268142  0.79871184  0.81806091
 -1.25176244 -1.00755702  0.41422907 -0.80389834], Best Fitness = 4.186294997115294, Evaluations = 5760
Generation 90: Best Solution = [ 0.13773298 -0.69279086  0.07835881 -0.28268142  0.79871184  0.81806091
 -1.25176244 -1.00755702  0.41422907 -0.80389834], Best Fitness = 3.8728592651601557, Evaluations = 5824
Generation 91: Best Solution = [ 0.13773298 -0.69279086  0.07835881 -0.28268142  0.79871184  0.81806091
 -1.25176244 -1.00755702  0.41422907 -0.80389834], Best Fitness = 3.8728592651601557, Evaluations = 5888
Generation 92: Best Solution = [ 0.13773298 -0.69279086  0.07835881 -0.28268142  0.79871184  0.81806091
 -1.25176244 -1.00755702  0.41422907 -0.80389834], Best Fitness = 3.8084658356057877, Evaluations = 5952
Generation 93: Best Solution = [ 0.13773298 -0.69279086  0.07835881 -0.28268142  0.79871184  0.81806091
 -1.25176244 -1.00755702  0.41422907 -0.80389834], Best Fitness = 3.8084658356057877, Evaluations = 6016
Generation 94: Best Solution = [ 0.13773298 -0.69279086  0.07835881 -0.28268142  0.79871184  0.81806091
 -1.25176244 -1.00755702  0.41422907 -0.80389834], Best Fitness = 3.8084658356057877, Evaluations = 6080
Generation 95: Best Solution = [ 0.13773298 -0.69279086  0.07835881 -0.28268142  0.79871184  0.81806091
 -1.25176244 -1.00755702  0.41422907 -0.80389834], Best Fitness = 3.8084658356057877, Evaluations = 6144
Generation 96: Best Solution = [ 0.13773298 -0.69279086  0.07835881 -0.28268142  0.79871184  0.81806091
 -1.25176244 -1.00755702  0.41422907 -0.80389834], Best Fitness = 3.8084658356057877, Evaluations = 6208
Generation 97: Best Solution = [ 0.03777167 -0.95949874  0.77379144 -0.33829392 -0.24697378  0.22483199
 -0.05843782 -0.53789166 -0.4612441   0.09176231], Best Fitness = 3.36278909131487, Evaluations = 6272
Generation 98: Best Solution = [ 0.03777167 -0.95949874  0.77379144 -0.33829392 -0.24697378  0.22483199
 -0.05843782 -0.53789166 -0.4612441   0.09176231], Best Fitness = 3.36278909131487, Evaluations = 6336
Generation 99: Best Solution = [ 0.03777167 -0.95949874  0.77379144 -0.33829392 -0.24697378  0.22483199
 -0.05843782 -0.53789166 -0.4612441   0.09176231], Best Fitness = 3.36278909131487, Evaluations = 6400
Generation 100: Best Solution = [ 0.03777167 -0.95949874  0.77379144 -0.33829392 -0.24697378  0.22483199
 -0.05843782 -0.53789166 -0.4612441   0.09176231], Best Fitness = 3.36278909131487, Evaluations = 6464
Generation 101: Best Solution = [ 0.03777167 -0.95949874  0.77379144 -0.33829392 -0.24697378  0.22483199
 -0.05843782 -0.53789166 -0.4612441   0.09176231], Best Fitness = 3.36278909131487, Evaluations = 6528
Generation 102: Best Solution = [ 0.03777167 -0.95949874  0.77379144 -0.33829392 -0.24697378  0.22483199
 -0.05843782 -0.53789166 -0.4612441   0.09176231], Best Fitness = 3.36278909131487, Evaluations = 6592
Generation 103: Best Solution = [ 0.03777167 -0.95949874  0.77379144 -0.33829392 -0.24697378  0.22483199
 -0.05843782 -0.53789166 -0.4612441   0.09176231], Best Fitness = 3.36278909131487, Evaluations = 6656
Generation 104: Best Solution = [-1.17098345 -0.06422635 -1.08293146  0.00494869  0.08056695  0.07101763
 -1.20284759  0.00993561 -0.93766308 -0.92255297], Best Fitness = 3.273264084632214, Evaluations = 6720
Generation 105: Best Solution = [-0.32622268  0.61536393  0.2271595   0.07888066 -0.61200848  0.09543942
  0.17793027 -0.46546751 -0.3156887  -0.1823317 ], Best Fitness = 3.176804776778074, Evaluations = 6784
Generation 106: Best Solution = [-0.32622268  0.61536393  0.2271595   0.07888066 -0.61200848  0.09543942
  0.17793027 -0.46546751 -0.3156887  -0.1823317 ], Best Fitness = 3.176804776778074, Evaluations = 6848
Generation 107: Best Solution = [-0.12802607 -0.31435681 -0.12351009  0.71420787 -0.70280781  0.04346188
  0.2708423   0.07808309 -0.260711    0.72572673], Best Fitness = 3.1292159863078024, Evaluations = 6912
Generation 108: Best Solution = [-0.12802607 -0.31435681 -0.12351009  0.71420787 -0.70280781  0.04346188
  0.2708423   0.07808309 -0.260711    0.72572673], Best Fitness = 3.1292159863078024, Evaluations = 6976
Generation 109: Best Solution = [-0.79126556  0.46120094  0.05103088 -1.06957399 -0.00491136 -0.21907013
  0.08689256  0.18977749 -0.08724649  0.26134608], Best Fitness = 2.9473401376388364, Evaluations = 7040
Generation 110: Best Solution = [-0.79126556  0.46120094  0.05103088 -1.06957399 -0.00491136 -0.21907013
  0.08689256  0.18977749 -0.08724649  0.26134608], Best Fitness = 2.9473401376388364, Evaluations = 7104
Generation 111: Best Solution = [-0.79126556  0.46120094  0.05103088 -1.06957399 -0.00491136 -0.21907013
  0.08689256  0.18977749 -0.08724649  0.26134608], Best Fitness = 2.9473401376388364, Evaluations = 7168
Generation 112: Best Solution = [-0.79126556  0.46120094  0.05103088 -1.06957399 -0.00491136 -0.21907013
  0.08689256  0.18977749 -0.08724649  0.26134608], Best Fitness = 2.9473401376388364, Evaluations = 7232
Generation 113: Best Solution = [-0.79126556  0.46120094  0.05103088 -1.06957399 -0.00491136 -0.21907013
  0.08689256  0.18977749 -0.08724649  0.26134608], Best Fitness = 2.9473401376388364, Evaluations = 7296
Generation 114: Best Solution = [-0.79777258 -0.18705587 -0.53910104  0.2591079   0.16439443 -0.25194283
 -0.04577604 -0.17999418 -0.35485753  0.12566226], Best Fitness = 2.9305121361277426, Evaluations = 7360
Generation 115: Best Solution = [-0.79777258 -0.18705587 -0.53910104  0.2591079   0.16439443 -0.25194283
 -0.04577604 -0.17999418 -0.35485753  0.12566226], Best Fitness = 2.6262194151900116, Evaluations = 7424
Generation 116: Best Solution = [-0.79777258 -0.18705587 -0.53910104  0.2591079   0.16439443 -0.25194283
 -0.04577604 -0.17999418 -0.35485753  0.12566226], Best Fitness = 1.9239029758280464, Evaluations = 7488
Generation 117: Best Solution = [-0.79777258 -0.18705587 -0.53910104  0.2591079   0.16439443 -0.25194283
 -0.04577604 -0.17999418 -0.35485753  0.12566226], Best Fitness = 1.9239029758280464, Evaluations = 7552
Generation 118: Best Solution = [-0.79777258 -0.18705587 -0.53910104  0.2591079   0.16439443 -0.25194283
 -0.04577604 -0.17999418 -0.35485753  0.12566226], Best Fitness = 1.9239029758280464, Evaluations = 7616
Generation 119: Best Solution = [-0.79777258 -0.18705587 -0.53910104  0.2591079   0.16439443 -0.25194283
 -0.04577604 -0.17999418 -0.35485753  0.12566226], Best Fitness = 1.9239029758280464, Evaluations = 7680
Generation 120: Best Solution = [-0.79777258 -0.18705587 -0.53910104  0.2591079   0.16439443 -0.25194283
 -0.04577604 -0.17999418 -0.35485753  0.12566226], Best Fitness = 1.9239029758280464, Evaluations = 7744
Generation 121: Best Solution = [-0.79777258 -0.18705587 -0.53910104  0.2591079   0.16439443 -0.25194283
 -0.04577604 -0.17999418 -0.35485753  0.12566226], Best Fitness = 1.9239029758280464, Evaluations = 7808
Generation 122: Best Solution = [-0.79777258 -0.18705587 -0.53910104  0.2591079   0.16439443 -0.25194283
 -0.04577604 -0.17999418 -0.35485753  0.12566226], Best Fitness = 1.9239029758280464, Evaluations = 7872
Generation 123: Best Solution = [-0.79777258 -0.18705587 -0.53910104  0.2591079   0.16439443 -0.25194283
 -0.04577604 -0.17999418 -0.35485753  0.12566226], Best Fitness = 1.9239029758280464, Evaluations = 7936
Generation 124: Best Solution = [-0.79777258 -0.18705587 -0.53910104  0.2591079   0.16439443 -0.25194283
 -0.04577604 -0.17999418 -0.35485753  0.12566226], Best Fitness = 1.9239029758280464, Evaluations = 8000
Generation 125: Best Solution = [-0.79777258 -0.18705587 -0.53910104  0.2591079   0.16439443 -0.25194283
 -0.04577604 -0.17999418 -0.35485753  0.12566226], Best Fitness = 1.9239029758280464, Evaluations = 8064
Generation 126: Best Solution = [-0.79777258 -0.18705587 -0.53910104  0.2591079   0.16439443 -0.25194283
 -0.04577604 -0.17999418 -0.35485753  0.12566226], Best Fitness = 1.9239029758280464, Evaluations = 8128
Generation 127: Best Solution = [-0.79777258 -0.18705587 -0.53910104  0.2591079   0.16439443 -0.25194283
 -0.04577604 -0.17999418 -0.35485753  0.12566226], Best Fitness = 1.9239029758280464, Evaluations = 8192
Generation 128: Best Solution = [-0.79777258 -0.18705587 -0.53910104  0.2591079   0.16439443 -0.25194283
 -0.04577604 -0.17999418 -0.35485753  0.12566226], Best Fitness = 1.9239029758280464, Evaluations = 8256
Generation 129: Best Solution = [-0.79777258 -0.18705587 -0.53910104  0.2591079   0.16439443 -0.25194283
 -0.04577604 -0.17999418 -0.35485753  0.12566226], Best Fitness = 1.9239029758280464, Evaluations = 8320
Generation 130: Best Solution = [-0.79777258 -0.18705587 -0.53910104  0.2591079   0.16439443 -0.25194283
 -0.04577604 -0.17999418 -0.35485753  0.12566226], Best Fitness = 1.9239029758280464, Evaluations = 8384
Generation 131: Best Solution = [-0.79777258 -0.18705587 -0.53910104  0.2591079   0.16439443 -0.25194283
 -0.04577604 -0.17999418 -0.35485753  0.12566226], Best Fitness = 1.9239029758280464, Evaluations = 8448
Generation 132: Best Solution = [-0.79777258 -0.18705587 -0.53910104  0.2591079   0.16439443 -0.25194283
 -0.04577604 -0.17999418 -0.35485753  0.12566226], Best Fitness = 1.9239029758280464, Evaluations = 8512
Generation 133: Best Solution = [-0.79777258 -0.18705587 -0.53910104  0.2591079   0.16439443 -0.25194283
 -0.04577604 -0.17999418 -0.35485753  0.12566226], Best Fitness = 1.9239029758280464, Evaluations = 8576
Generation 134: Best Solution = [-0.00447238 -0.02764354  0.13835625  0.70072016 -0.12877797  0.08378875
 -0.15797872 -0.17692361 -0.1199318   0.11401245], Best Fitness = 1.8008883175841572, Evaluations = 8640
Generation 135: Best Solution = [ 0.06438387 -0.08952472 -0.23066482  0.04648698 -0.08403333 -0.05288275
 -0.31596454  0.12162541 -0.33821693 -0.10509512], Best Fitness = 1.7303460953211105, Evaluations = 8704
Generation 136: Best Solution = [ 0.06438387 -0.08952472 -0.23066482  0.04648698 -0.08403333 -0.05288275
 -0.31596454  0.12162541 -0.33821693 -0.10509512], Best Fitness = 1.7303460953211105, Evaluations = 8768
Generation 137: Best Solution = [ 0.06438387 -0.08952472 -0.23066482  0.04648698 -0.08403333 -0.05288275
 -0.31596454  0.12162541 -0.33821693 -0.10509512], Best Fitness = 1.7303460953211105, Evaluations = 8832
Generation 138: Best Solution = [-0.18536525 -0.10721676 -0.08152425 -0.52802152  0.08306574 -0.07655381
  0.10595431  0.01461364  0.04262741  0.14827336], Best Fitness = 1.6307932928254414, Evaluations = 8896
Generation 139: Best Solution = [-0.18536525 -0.10721676 -0.08152425 -0.52802152  0.08306574 -0.07655381
  0.10595431  0.01461364  0.04262741  0.14827336], Best Fitness = 1.6307932928254414, Evaluations = 8960
Generation 140: Best Solution = [ 0.06438387 -0.08952472  0.0732194   0.04648698 -0.05183604 -0.05288275
 -0.31596454  0.12162541 -0.33821693 -0.10509512], Best Fitness = 1.5198352542065625, Evaluations = 9024
Generation 141: Best Solution = [ 0.06438387 -0.08952472  0.0732194   0.04648698 -0.05183604 -0.05288275
 -0.31596454  0.12162541 -0.33821693 -0.10509512], Best Fitness = 1.5198352542065625, Evaluations = 9088
Generation 142: Best Solution = [ 0.06438387 -0.08952472  0.0732194   0.04648698 -0.05183604 -0.05288275
 -0.31596454  0.12162541 -0.33821693 -0.10509512], Best Fitness = 1.5198352542065625, Evaluations = 9152
Generation 143: Best Solution = [-0.1057451   0.1163028   0.02882773  0.22881645  0.30495182  0.05925583
  0.07022833 -0.00479749 -0.01143826  0.06887624], Best Fitness = 1.229996617175193, Evaluations = 9216
Generation 144: Best Solution = [ 0.20569655 -0.13621666  0.14293402 -0.1680425  -0.00498746 -0.12445353
  0.08099128 -0.06261012 -0.04055191 -0.0825507 ], Best Fitness = 1.0991067594616948, Evaluations = 9280
Generation 145: Best Solution = [ 0.20569655 -0.13621666  0.14293402 -0.1680425  -0.00498746 -0.12445353
  0.08099128 -0.06261012 -0.04055191 -0.0825507 ], Best Fitness = 1.0991067594616948, Evaluations = 9344
Generation 146: Best Solution = [ 0.20569655 -0.13621666  0.14293402 -0.1680425  -0.00498746 -0.12445353
  0.08099128 -0.06261012 -0.04055191 -0.0825507 ], Best Fitness = 1.0991067594616948, Evaluations = 9408
Generation 147: Best Solution = [ 0.20569655 -0.13621666  0.14293402 -0.1680425  -0.00498746 -0.12445353
  0.08099128 -0.06261012 -0.04055191 -0.0825507 ], Best Fitness = 1.0991067594616948, Evaluations = 9472
Generation 148: Best Solution = [ 0.20569655 -0.13621666  0.14293402 -0.1680425  -0.00498746 -0.12445353
  0.08099128 -0.06261012 -0.04055191 -0.0825507 ], Best Fitness = 1.0991067594616948, Evaluations = 9536
Generation 149: Best Solution = [ 0.20569655 -0.13621666  0.14293402 -0.1680425  -0.00498746 -0.12445353
  0.08099128 -0.06261012 -0.04055191 -0.0825507 ], Best Fitness = 1.0991067594616948, Evaluations = 9600
Generation 150: Best Solution = [ 0.20569655 -0.13621666  0.14293402 -0.1680425  -0.00498746 -0.12445353
  0.08099128 -0.06261012 -0.04055191 -0.0825507 ], Best Fitness = 1.0991067594616948, Evaluations = 9664
Generation 151: Best Solution = [-0.15361735 -0.09759071  0.04549283  0.14270125  0.13003787 -0.0926543
  0.1185964  -0.01204836 -0.05767723 -0.03034671], Best Fitness = 0.856551906165024, Evaluations = 9728
Generation 152: Best Solution = [-0.15361735 -0.09759071  0.04549283  0.14270125  0.13003787 -0.0926543
  0.1185964  -0.01204836 -0.05767723 -0.03034671], Best Fitness = 0.856551906165024, Evaluations = 9792
Generation 153: Best Solution = [-0.08357422 -0.02764354 -0.10175275 -0.09703236 -0.10272713 -0.14222982
 -0.08142712  0.02438833  0.12042462 -0.12628034], Best Fitness = 0.8388474126653418, Evaluations = 9856
Generation 154: Best Solution = [ 0.02688701 -0.07595186 -0.07961388 -0.13917139  0.08109824  0.07990732
  0.00144459  0.02701104  0.04192275 -0.00610518], Best Fitness = 0.5100594258659936, Evaluations = 9920
Generation 155: Best Solution = [ 0.02688701 -0.07595186 -0.07961388 -0.13917139  0.08109824  0.07990732
  0.00144459  0.02701104  0.04192275 -0.00610518], Best Fitness = 0.5100594258659936, Evaluations = 9984
Generation 156: Best Solution = [ 0.02688701 -0.07595186 -0.07961388 -0.13917139  0.08109824  0.07990732
  0.00144459  0.02701104  0.04192275 -0.00610518], Best Fitness = 0.5100594258659936, Evaluations = 10048
