Algorithm: Differential Evolution
Objective Function: Ackley
Dimension: 2
Population Size: 32
Max Evaluations: 2000

Generation 0: Best Solution = [2.9833571  4.45489103], Best Fitness = 12.331120063365859, Evaluations = 32
Generation 1: Best Solution = [2.9833571  4.45489103], Best Fitness = 12.331120063365859, Evaluations = 64
Generation 2: Best Solution = [2.9833571  4.45489103], Best Fitness = 12.331120063365859, Evaluations = 96
Generation 3: Best Solution = [-0.39621546  1.34072564], Best Fitness = 5.793061839654218, Evaluations = 128
Generation 4: Best Solution = [-0.39621546  1.34072564], Best Fitness = 3.2755893067279307, Evaluations = 160
Generation 5: Best Solution = [-0.39621546  1.34072564], Best Fitness = 3.2755893067279307, Evaluations = 192
Generation 6: Best Solution = [-0.39621546  1.34072564], Best Fitness = 3.2755893067279307, Evaluations = 224
Generation 7: Best Solution = [-0.39621546  1.34072564], Best Fitness = 3.2755893067279307, Evaluations = 256
Generation 8: Best Solution = [-0.10261787 -0.15359682], Best Fitness = 1.2516137453900673, Evaluations = 288
Generation 9: Best Solution = [-0.10261787 -0.15359682], Best Fitness = 1.2516137453900673, Evaluations = 320
Generation 10: Best Solution = [-0.10261787 -0.15359682], Best Fitness = 1.2516137453900673, Evaluations = 352
Generation 11: Best Solution = [-0.10261787 -0.15359682], Best Fitness = 1.2516137453900673, Evaluations = 384
Generation 12: Best Solution = [-0.10261787 -0.15359682], Best Fitness = 1.2516137453900673, Evaluations = 416
Generation 13: Best Solution = [-0.10261787 -0.15359682], Best Fitness = 1.2516137453900673, Evaluations = 448
Generation 14: Best Solution = [-0.10261787 -0.15359682], Best Fitness = 1.2516137453900673, Evaluations = 480
Generation 15: Best Solution = [-0.14060263  0.0185246 ], Best Fitness = 0.8587876171031863, Evaluations = 512
Generation 16: Best Solution = [-0.14060263  0.0185246 ], Best Fitness = 0.8587876171031863, Evaluations = 544
Generation 17: Best Solution = [-0.14060263  0.0185246 ], Best Fitness = 0.8587876171031863, Evaluations = 576
Generation 18: Best Solution = [-0.14060263  0.0185246 ], Best Fitness = 0.8587876171031863, Evaluations = 608
Generation 19: Best Solution = [-0.14060263  0.0185246 ], Best Fitness = 0.8587876171031863, Evaluations = 640
Generation 20: Best Solution = [-0.14060263  0.0185246 ], Best Fitness = 0.8587876171031863, Evaluations = 672
Generation 21: Best Solution = [-0.14060263  0.0185246 ], Best Fitness = 0.8587876171031863, Evaluations = 704
Generation 22: Best Solution = [ 0.08638773 -0.0929869 ], Best Fitness = 0.7456338153590392, Evaluations = 736
Generation 23: Best Solution = [0.02981608 0.12135777], Best Fitness = 0.7224229997417919, Evaluations = 768
Generation 24: Best Solution = [-0.06441354  0.02690166], Best Fitness = 0.32261926106748406, Evaluations = 800
Generation 25: Best Solution = [-0.02240945  0.00293909], Best Fitness = 0.07747213428601585, Evaluations = 832
Generation 26: Best Solution = [-0.02240945  0.00293909], Best Fitness = 0.07747213428601585, Evaluations = 864
Generation 27: Best Solution = [-0.02240945  0.00293909], Best Fitness = 0.07747213428601585, Evaluations = 896
Generation 28: Best Solution = [0.01580757 0.01467419], Best Fitness = 0.07335538301947908, Evaluations = 928
Generation 29: Best Solution = [-0.01603795 -0.00597493], Best Fitness = 0.05619052714666184, Evaluations = 960
Generation 30: Best Solution = [ 0.01430497 -0.00448901], Best Fitness = 0.048381203377357185, Evaluations = 992
Generation 31: Best Solution = [ 0.01430497 -0.00448901], Best Fitness = 0.048381203377357185, Evaluations = 1024
Generation 32: Best Solution = [-0.00783276  0.00463021], Best Fitness = 0.027939045416744523, Evaluations = 1056
Generation 33: Best Solution = [0.00274798 0.00444642], Best Fitness = 0.01551174015054757, Evaluations = 1088
Generation 34: Best Solution = [0.00274798 0.00444642], Best Fitness = 0.01551174015054757, Evaluations = 1120
Generation 35: Best Solution = [ 0.0036642  -0.00121308], Best Fitness = 0.011313789059191226, Evaluations = 1152
Generation 36: Best Solution = [ 0.0036642  -0.00121308], Best Fitness = 0.011313789059191226, Evaluations = 1184
Generation 37: Best Solution = [ 0.00192436 -0.00078267], Best Fitness = 0.005990794628179419, Evaluations = 1216
Generation 38: Best Solution = [ 0.00192436 -0.00078267], Best Fitness = 0.005990794628179419, Evaluations = 1248
Generation 39: Best Solution = [ 0.00192436 -0.00078267], Best Fitness = 0.005990794628179419, Evaluations = 1280
Generation 40: Best Solution = [ 0.0006421  -0.00071748], Best Fitness = 0.00274802435046384, Evaluations = 1312
Generation 41: Best Solution = [ 0.0006421  -0.00071748], Best Fitness = 0.00274802435046384, Evaluations = 1344
Generation 42: Best Solution = [-0.00023014 -0.00071748], Best Fitness = 0.0021462920348160885, Evaluations = 1376
Generation 43: Best Solution = [-5.59141825e-05 -4.53376482e-05], Best Fitness = 0.00020374344996243465, Evaluations = 1408
Generation 44: Best Solution = [-5.59141825e-05 -4.53376482e-05], Best Fitness = 0.00020374344996243465, Evaluations = 1440
Generation 45: Best Solution = [-5.59141825e-05 -4.53376482e-05], Best Fitness = 0.00020374344996243465, Evaluations = 1472
Generation 46: Best Solution = [-5.59141825e-05 -4.53376482e-05], Best Fitness = 0.00020374344996243465, Evaluations = 1504
Generation 47: Best Solution = [-5.59141825e-05 -4.53376482e-05], Best Fitness = 0.00020374344996243465, Evaluations = 1536
Generation 48: Best Solution = [-5.59141825e-05 -4.53376482e-05], Best Fitness = 0.00020374344996243465, Evaluations = 1568
Generation 49: Best Solution = [-5.59141825e-05 -4.53376482e-05], Best Fitness = 0.00020374344996243465, Evaluations = 1600
Generation 50: Best Solution = [-5.59141825e-05 -4.53376482e-05], Best Fitness = 0.00020374344996243465, Evaluations = 1632
Generation 51: Best Solution = [-1.40140594e-05  5.24733695e-05], Best Fitness = 0.00015369751636429285, Evaluations = 1664
Generation 52: Best Solution = [-1.40140594e-05  5.24733695e-05], Best Fitness = 0.00015369751636429285, Evaluations = 1696
Generation 53: Best Solution = [-1.40140594e-05  5.24733695e-05], Best Fitness = 0.00015369751636429285, Evaluations = 1728
Generation 54: Best Solution = [-9.45294528e-08 -2.26133548e-07], Best Fitness = 6.932386367175525e-07, Evaluations = 1760
Generation 55: Best Solution = [-9.45294528e-08 -2.26133548e-07], Best Fitness = 6.932386367175525e-07, Evaluations = 1792
Generation 56: Best Solution = [-9.45294528e-08 -2.26133548e-07], Best Fitness = 6.932386367175525e-07, Evaluations = 1824
Generation 57: Best Solution = [-9.45294528e-08 -2.26133548e-07], Best Fitness = 6.932386367175525e-07, Evaluations = 1856
Generation 58: Best Solution = [-9.45294528e-08 -2.26133548e-07], Best Fitness = 6.932386367175525e-07, Evaluations = 1888
Generation 59: Best Solution = [-9.45294528e-08 -2.26133548e-07], Best Fitness = 6.932386367175525e-07, Evaluations = 1920
Generation 60: Best Solution = [-9.45294528e-08 -2.26133548e-07], Best Fitness = 6.932386367175525e-07, Evaluations = 1952
Generation 61: Best Solution = [-9.45294528e-08 -2.26133548e-07], Best Fitness = 6.932386367175525e-07, Evaluations = 1984
Generation 62: Best Solution = [-9.45294528e-08 -2.26133548e-07], Best Fitness = 6.932386367175525e-07, Evaluations = 2016
