Algorithm: Differential Evolution
Objective Function: Griewank
Dimension: 10
Population Size: 128
Max Evaluations: 10000

Generation 0: Best Solution = [  33.49558737  566.85158644  144.43934473  -58.88160452 -165.16573544
  -38.76068366   -7.85561832  293.73146019  -51.34047823  185.7523541 ], Best Fitness = 125.75852987194969, Evaluations = 128
Generation 1: Best Solution = [ 3.53004807e+02 -1.30244209e+02 -7.19323751e+01  4.21258935e+01
 -4.98729337e-01  1.31181172e+02  3.54032710e-01  3.31242309e+02
 -7.84362207e+01  3.85541360e+02], Best Fitness = 108.53440891038815, Evaluations = 256
Generation 2: Best Solution = [-340.65537605    6.67752724  106.76467555 -190.06896153   89.69861975
 -205.1237898   -92.95573779  -58.22552762  -76.07505258 -212.12921525], Best Fitness = 70.13860839349714, Evaluations = 384
Generation 3: Best Solution = [-340.65537605    6.67752724  106.76467555 -190.06896153   89.69861975
 -205.1237898   -92.95573779  -58.22552762  -76.07505258 -212.12921525], Best Fitness = 70.13860839349714, Evaluations = 512
Generation 4: Best Solution = [-340.65537605    6.67752724  106.76467555 -190.06896153   89.69861975
 -205.1237898   -92.95573779  -58.22552762  -76.07505258 -212.12921525], Best Fitness = 70.13860839349714, Evaluations = 640
Generation 5: Best Solution = [-340.65537605    6.67752724  106.76467555 -190.06896153   89.69861975
 -205.1237898   -92.95573779  -58.22552762  -76.07505258 -212.12921525], Best Fitness = 70.13860839349714, Evaluations = 768
Generation 6: Best Solution = [-340.65537605    6.67752724  106.76467555 -190.06896153   89.69861975
 -205.1237898   -92.95573779  -58.22552762  -76.07505258 -212.12921525], Best Fitness = 70.13860839349714, Evaluations = 896
Generation 7: Best Solution = [  67.89751873  102.85644072   -7.92898987 -142.57728066  -95.40140337
   76.97426667  236.4101736   261.93010991  137.12358477 -133.75007243], Best Fitness = 53.94906062439737, Evaluations = 1024
Generation 8: Best Solution = [  67.89751873  102.85644072   -7.92898987 -142.57728066  -95.40140337
   76.97426667  236.4101736   261.93010991  137.12358477 -133.75007243], Best Fitness = 53.94906062439737, Evaluations = 1152
Generation 9: Best Solution = [  67.89751873  102.85644072   -7.92898987 -142.57728066  -95.40140337
   76.97426667  236.4101736   261.93010991  137.12358477 -133.75007243], Best Fitness = 53.94906062439737, Evaluations = 1280
Generation 10: Best Solution = [  67.89751873  102.85644072   -7.92898987 -142.57728066  -95.40140337
   76.97426667  236.4101736   261.93010991  137.12358477 -133.75007243], Best Fitness = 53.94906062439737, Evaluations = 1408
Generation 11: Best Solution = [  67.89751873  102.85644072   -7.92898987 -142.57728066  -95.40140337
   76.97426667  236.4101736   261.93010991  137.12358477 -133.75007243], Best Fitness = 53.94906062439737, Evaluations = 1536
Generation 12: Best Solution = [ -34.90898704   70.01439823    9.23490186   76.99562439 -126.92708449
  158.27614355   92.32145079   12.42372419 -150.1590733    70.69801633], Best Fitness = 23.39539117904634, Evaluations = 1664
Generation 13: Best Solution = [ -34.90898704   70.01439823    9.23490186   76.99562439 -126.92708449
  158.27614355   92.32145079   12.42372419 -150.1590733    70.69801633], Best Fitness = 23.39539117904634, Evaluations = 1792
Generation 14: Best Solution = [ -34.90898704   70.01439823    9.23490186   76.99562439 -126.92708449
  158.27614355   92.32145079   12.42372419 -150.1590733    70.69801633], Best Fitness = 23.39539117904634, Evaluations = 1920
Generation 15: Best Solution = [ -34.90898704   70.01439823    9.23490186   76.99562439 -126.92708449
  158.27614355   92.32145079   12.42372419 -150.1590733    70.69801633], Best Fitness = 23.39539117904634, Evaluations = 2048
Generation 16: Best Solution = [ -34.90898704   70.01439823    9.23490186   76.99562439 -126.92708449
  158.27614355   92.32145079   12.42372419 -150.1590733    70.69801633], Best Fitness = 23.39539117904634, Evaluations = 2176
Generation 17: Best Solution = [ -34.90898704   70.01439823    9.23490186   76.99562439 -126.92708449
  158.27614355   92.32145079   12.42372419 -150.1590733    70.69801633], Best Fitness = 23.39539117904634, Evaluations = 2304
Generation 18: Best Solution = [ -34.90898704   70.01439823    9.23490186   76.99562439 -126.92708449
  158.27614355   92.32145079   12.42372419 -150.1590733    70.69801633], Best Fitness = 23.39539117904634, Evaluations = 2432
Generation 19: Best Solution = [ -34.90898704   70.01439823    9.23490186   76.99562439 -126.92708449
  158.27614355   92.32145079   12.42372419 -150.1590733    70.69801633], Best Fitness = 23.39539117904634, Evaluations = 2560
Generation 20: Best Solution = [ 142.23262183  -49.03773743  158.43745778   27.82565898   48.33499926
  144.34241656    1.26370175   57.91615329 -100.76675025   39.4561193 ], Best Fitness = 22.689819290666662, Evaluations = 2688
Generation 21: Best Solution = [ 142.23262183  -49.03773743  158.43745778   27.82565898   48.33499926
  144.34241656    1.26370175   57.91615329 -100.76675025   39.4561193 ], Best Fitness = 22.689819290666662, Evaluations = 2816
Generation 22: Best Solution = [ -34.74128474 -109.07187551   -3.23335623   77.03150982  208.82493964
   12.95787436  -75.14280002  -11.23803398   98.82177902   76.97420267], Best Fitness = 22.072038131153963, Evaluations = 2944
Generation 23: Best Solution = [ 83.37497295 193.1329741  -12.1104827   50.10820359 -26.86983013
  -5.72141539 -59.39388022  46.89745632 -11.22104998 -59.85509149], Best Fitness = 15.272445127170188, Evaluations = 3072
Generation 24: Best Solution = [ 83.37497295 193.1329741  -12.1104827   50.10820359 -26.86983013
  -5.72141539 -59.39388022  46.89745632 -11.22104998 -59.85509149], Best Fitness = 15.272445127170188, Evaluations = 3200
Generation 25: Best Solution = [ 83.37497295 193.1329741  -12.1104827   50.10820359 -26.86983013
  -5.72141539 -59.39388022  46.89745632 -11.22104998 -59.85509149], Best Fitness = 15.272445127170188, Evaluations = 3328
Generation 26: Best Solution = [ 83.37497295 193.1329741  -12.1104827   50.10820359 -26.86983013
  -5.72141539 -59.39388022  46.89745632 -11.22104998 -59.85509149], Best Fitness = 15.272445127170188, Evaluations = 3456
Generation 27: Best Solution = [ 83.37497295 193.1329741  -12.1104827   50.10820359 -26.86983013
  -5.72141539 -59.39388022  46.89745632 -11.22104998 -59.85509149], Best Fitness = 15.272445127170188, Evaluations = 3584
Generation 28: Best Solution = [  71.60679378  116.63570047  -63.42466251  -59.81483135   43.55484441
   73.22917232   46.81655281 -105.07010738   35.56204636    7.58209521], Best Fitness = 13.036152139613792, Evaluations = 3712
Generation 29: Best Solution = [  71.60679378  116.63570047  -63.42466251  -59.81483135   43.55484441
   73.22917232   46.81655281 -105.07010738   35.56204636    7.58209521], Best Fitness = 13.036152139613792, Evaluations = 3840
Generation 30: Best Solution = [  71.60679378  116.63570047  -63.42466251  -59.81483135   43.55484441
   73.22917232   46.81655281 -105.07010738   35.56204636    7.58209521], Best Fitness = 13.036152139613792, Evaluations = 3968
Generation 31: Best Solution = [-6.09966149e+01 -2.39811137e+01 -1.10375012e+02  2.66055258e+00
  5.61619277e+01  4.35892216e+01 -6.58690628e+01  6.41256570e-02
  2.23855313e+01 -3.05655426e+01], Best Fitness = 7.830618679020005, Evaluations = 4096
Generation 32: Best Solution = [-6.09966149e+01 -2.39811137e+01 -1.10375012e+02  2.66055258e+00
  5.61619277e+01  4.35892216e+01 -6.58690628e+01  6.41256570e-02
  2.23855313e+01 -3.05655426e+01], Best Fitness = 7.830618679020005, Evaluations = 4224
Generation 33: Best Solution = [-6.09966149e+01 -2.39811137e+01 -1.10375012e+02  2.66055258e+00
  5.61619277e+01  4.35892216e+01 -6.58690628e+01  6.41256570e-02
  2.23855313e+01 -3.05655426e+01], Best Fitness = 7.830618679020005, Evaluations = 4352
Generation 34: Best Solution = [-6.09966149e+01 -2.39811137e+01 -1.10375012e+02  2.66055258e+00
  5.61619277e+01  4.35892216e+01 -6.58690628e+01  6.41256570e-02
  2.23855313e+01 -3.05655426e+01], Best Fitness = 7.830618679020005, Evaluations = 4480
Generation 35: Best Solution = [-6.09966149e+01 -2.39811137e+01 -1.10375012e+02  2.66055258e+00
  5.61619277e+01  4.35892216e+01 -6.58690628e+01  6.41256570e-02
  2.23855313e+01 -3.05655426e+01], Best Fitness = 7.830618679020005, Evaluations = 4608
Generation 36: Best Solution = [ 16.52673321  39.41630713  60.49816287  61.97060652  13.56525393
  13.59022147  46.57196293 -66.30960837  86.24649649  32.40418158], Best Fitness = 7.178829106336997, Evaluations = 4736
Generation 37: Best Solution = [ -3.8755527  -17.92894022 -16.13653344 -11.71900178   3.7081272
 -75.35801397  48.23485764  64.66397085  88.68467713  -6.45044413], Best Fitness = 6.20725954278611, Evaluations = 4864
Generation 38: Best Solution = [ -3.8755527  -17.92894022 -16.13653344 -11.71900178   3.7081272
 -75.35801397  48.23485764  64.66397085  88.68467713  -6.45044413], Best Fitness = 6.20725954278611, Evaluations = 4992
Generation 39: Best Solution = [ -8.71986841  77.67743454  26.3484504   29.91107057  35.45289673
  85.51053217  34.2875529   32.72821697 -30.33740354 -24.11588808], Best Fitness = 6.006156865496477, Evaluations = 5120
Generation 40: Best Solution = [ -8.71986841  77.67743454  26.3484504   29.91107057  35.45289673
  85.51053217  34.2875529   32.72821697 -30.33740354 -24.11588808], Best Fitness = 6.006156865496477, Evaluations = 5248
Generation 41: Best Solution = [ -8.71986841  77.67743454  26.3484504   29.91107057  35.45289673
  85.51053217  34.2875529   32.72821697 -30.33740354 -24.11588808], Best Fitness = 6.006156865496477, Evaluations = 5376
Generation 42: Best Solution = [ -8.71986841  77.67743454  26.3484504   29.91107057  35.45289673
  85.51053217  34.2875529   32.72821697 -30.33740354 -24.11588808], Best Fitness = 6.006156865496477, Evaluations = 5504
Generation 43: Best Solution = [ -8.71986841  77.67743454  26.3484504   29.91107057  35.45289673
  85.51053217  34.2875529   32.72821697 -30.33740354 -24.11588808], Best Fitness = 6.006156865496477, Evaluations = 5632
Generation 44: Best Solution = [  3.68361676 -53.84228673  37.46524992  -9.63864542 -15.42547904
  40.77345717  14.55652039 -56.76660191   9.77057017  46.59785526], Best Fitness = 4.007920886228547, Evaluations = 5760
Generation 45: Best Solution = [  3.68361676 -53.84228673  37.46524992  -9.63864542 -15.42547904
  40.77345717  14.55652039 -56.76660191   9.77057017  46.59785526], Best Fitness = 4.007920886228547, Evaluations = 5888
Generation 46: Best Solution = [  3.68361676 -53.84228673  37.46524992  -9.63864542 -15.42547904
  40.77345717  14.55652039 -56.76660191   9.77057017  46.59785526], Best Fitness = 2.575741090755944, Evaluations = 6016
Generation 47: Best Solution = [  3.68361676 -53.84228673  37.46524992  -9.63864542 -15.42547904
  40.77345717  14.55652039 -56.76660191   9.77057017  46.59785526], Best Fitness = 2.575741090755944, Evaluations = 6144
Generation 48: Best Solution = [  3.68361676 -53.84228673  37.46524992  -9.63864542 -15.42547904
  40.77345717  14.55652039 -56.76660191   9.77057017  46.59785526], Best Fitness = 2.575741090755944, Evaluations = 6272
Generation 49: Best Solution = [  3.68361676 -53.84228673  37.46524992  -9.63864542 -15.42547904
  40.77345717  14.55652039 -56.76660191   9.77057017  46.59785526], Best Fitness = 2.575741090755944, Evaluations = 6400
Generation 50: Best Solution = [  3.68361676 -53.84228673  37.46524992  -9.63864542 -15.42547904
  40.77345717  14.55652039 -56.76660191   9.77057017  46.59785526], Best Fitness = 2.575741090755944, Evaluations = 6528
Generation 51: Best Solution = [  3.68361676 -53.84228673  37.46524992  -9.63864542 -15.42547904
  40.77345717  14.55652039 -56.76660191   9.77057017  46.59785526], Best Fitness = 2.575741090755944, Evaluations = 6656
Generation 52: Best Solution = [  3.68361676 -53.84228673  37.46524992  -9.63864542 -15.42547904
  40.77345717  14.55652039 -56.76660191   9.77057017  46.59785526], Best Fitness = 2.067354907791394, Evaluations = 6784
Generation 53: Best Solution = [  3.68361676 -53.84228673  37.46524992  -9.63864542 -15.42547904
  40.77345717  14.55652039 -56.76660191   9.77057017  46.59785526], Best Fitness = 2.067354907791394, Evaluations = 6912
Generation 54: Best Solution = [  3.68361676 -53.84228673  37.46524992  -9.63864542 -15.42547904
  40.77345717  14.55652039 -56.76660191   9.77057017  46.59785526], Best Fitness = 2.067354907791394, Evaluations = 7040
Generation 55: Best Solution = [  3.68361676 -53.84228673  37.46524992  -9.63864542 -15.42547904
  40.77345717  14.55652039 -56.76660191   9.77057017  46.59785526], Best Fitness = 2.067354907791394, Evaluations = 7168
Generation 56: Best Solution = [  3.68361676 -53.84228673  37.46524992  -9.63864542 -15.42547904
  40.77345717  14.55652039 -56.76660191   9.77057017  46.59785526], Best Fitness = 2.067354907791394, Evaluations = 7296
Generation 57: Best Solution = [  3.68361676 -53.84228673  37.46524992  -9.63864542 -15.42547904
  40.77345717  14.55652039 -56.76660191   9.77057017  46.59785526], Best Fitness = 2.067354907791394, Evaluations = 7424
Generation 58: Best Solution = [  7.32763466 -16.60522559   4.77572175  14.02210923 -10.41536249
 -26.9293299    9.57985407  33.87692956  -3.91670085 -30.34528744], Best Fitness = 1.889534310350625, Evaluations = 7552
Generation 59: Best Solution = [  7.32763466 -16.60522559   4.77572175  14.02210923 -10.41536249
 -26.9293299    9.57985407  33.87692956  -3.91670085 -30.34528744], Best Fitness = 1.889534310350625, Evaluations = 7680
Generation 60: Best Solution = [  7.32763466 -16.60522559   4.77572175  14.02210923 -10.41536249
 -26.9293299    9.57985407  33.87692956  -3.91670085 -30.34528744], Best Fitness = 1.889534310350625, Evaluations = 7808
Generation 61: Best Solution = [  7.32763466 -16.60522559   4.77572175  14.02210923 -10.41536249
 -26.9293299    9.57985407  33.87692956  -3.91670085 -30.34528744], Best Fitness = 1.889534310350625, Evaluations = 7936
Generation 62: Best Solution = [  0.39741574  13.26931817  -5.06333603  36.73427819  -4.9140203
  13.05113989 -16.60838724   3.39794456 -26.13233179   3.88765096], Best Fitness = 1.6581264501251798, Evaluations = 8064
Generation 63: Best Solution = [  0.39741574  13.26931817  -5.06333603  36.73427819  -4.9140203
  13.05113989 -16.60838724   3.39794456 -26.13233179   3.88765096], Best Fitness = 1.6581264501251798, Evaluations = 8192
Generation 64: Best Solution = [  0.39741574  13.26931817  -5.06333603  36.73427819  -4.9140203
  13.05113989 -16.60838724   3.39794456 -26.13233179   3.88765096], Best Fitness = 1.6581264501251798, Evaluations = 8320
Generation 65: Best Solution = [  0.39741574  13.26931817  -5.06333603  36.73427819  -4.9140203
  13.05113989 -16.60838724   3.39794456 -26.13233179   3.88765096], Best Fitness = 1.6581264501251798, Evaluations = 8448
Generation 66: Best Solution = [  0.39741574  13.26931817  -5.06333603  36.73427819  -4.9140203
  13.05113989 -16.60838724   3.39794456 -26.13233179   3.88765096], Best Fitness = 1.6581264501251798, Evaluations = 8576
Generation 67: Best Solution = [  0.39741574  13.26931817  -5.06333603  36.73427819  -4.9140203
  13.05113989 -16.60838724   3.39794456 -26.13233179   3.88765096], Best Fitness = 1.6581264501251798, Evaluations = 8704
Generation 68: Best Solution = [ 17.22935748   3.49017013  35.04782761  15.27957899   2.7435628
   3.3379523  -11.12507447  13.3593611    7.63141299  -0.41037956], Best Fitness = 1.5375404317449106, Evaluations = 8832
Generation 69: Best Solution = [ 17.22935748   3.49017013  35.04782761  15.27957899   2.7435628
   3.3379523  -11.12507447  13.3593611    7.63141299  -0.41037956], Best Fitness = 1.5375404317449106, Evaluations = 8960
Generation 70: Best Solution = [ 17.22935748   3.49017013  35.04782761  15.27957899   2.7435628
   3.3379523  -11.12507447  13.3593611    7.63141299  -0.41037956], Best Fitness = 1.5375404317449106, Evaluations = 9088
Generation 71: Best Solution = [ 17.22935748   3.49017013  35.04782761  15.27957899   2.7435628
   3.3379523  -11.12507447  13.3593611    7.63141299  -0.41037956], Best Fitness = 1.5375404317449106, Evaluations = 9216
Generation 72: Best Solution = [ 17.22935748   3.49017013  35.04782761  15.27957899   2.7435628
   3.3379523  -11.12507447  13.3593611    7.63141299  -0.41037956], Best Fitness = 1.5375404317449106, Evaluations = 9344
Generation 73: Best Solution = [ 17.22935748   3.49017013  35.04782761  15.27957899   2.7435628
   3.3379523  -11.12507447  13.3593611    7.63141299  -0.41037956], Best Fitness = 1.5375404317449106, Evaluations = 9472
Generation 74: Best Solution = [ 17.22935748   3.49017013  35.04782761  15.27957899   2.7435628
   3.3379523  -11.12507447  13.3593611    7.63141299  -0.41037956], Best Fitness = 1.5375404317449106, Evaluations = 9600
Generation 75: Best Solution = [  1.91466216   9.75047332  -3.6849869   14.02210923 -10.41536249
 -26.9293299    9.57985407   6.39599205  -3.91670085 -27.66924658], Best Fitness = 1.5140549289870162, Evaluations = 9728
Generation 76: Best Solution = [-6.6797023   3.63140784 -7.12963349  3.86128944  4.68995173  5.45929111
 10.15424188 27.10883267 -0.24167752 12.61469212], Best Fitness = 1.2696138565500805, Evaluations = 9856
Generation 77: Best Solution = [ -9.98871797   9.45561622  -5.26521192   8.69811602   7.73073525
 -13.54417582   9.23327718  -8.37528161  -9.94702237  13.37142506], Best Fitness = 1.1614983984898717, Evaluations = 9984
Generation 78: Best Solution = [ -9.98871797   9.45561622  -5.26521192   8.69811602   7.73073525
 -13.54417582   9.23327718  -8.37528161  -9.94702237  13.37142506], Best Fitness = 1.1614983984898717, Evaluations = 10112
