Algorithm: Differential Evolution
Objective Function: Griewank
Dimension: 10
Population Size: 32
Max Evaluations: 10000

Generation 0: Best Solution = [-511.21184833 -114.6339114  -133.34539602  -22.01920067  131.69911715
  174.99068909  354.35309837   31.79671443  265.87138797  244.92433506], Best Fitness = 150.49084777959936, Evaluations = 32
Generation 1: Best Solution = [  77.88800294  143.68009462  563.16889543   68.3773325  -125.21408805
  104.34737289 -291.54904975  136.32135589  227.99734294  134.24544387], Best Fitness = 138.17528438208186, Evaluations = 64
Generation 2: Best Solution = [  77.88800294  143.68009462  563.16889543   68.3773325  -125.21408805
  104.34737289 -291.54904975  136.32135589  227.99734294  134.24544387], Best Fitness = 138.17528438208186, Evaluations = 96
Generation 3: Best Solution = [ -34.24709558  139.49420224   37.20354521 -287.61103457   94.1641766
  -16.80335091 -116.17383051  -43.22452307  367.65310204  232.46489566], Best Fitness = 80.62857231274684, Evaluations = 128
Generation 4: Best Solution = [ -34.24709558  139.49420224   37.20354521 -287.61103457   94.1641766
  -16.80335091 -116.17383051  -43.22452307  367.65310204  232.46489566], Best Fitness = 80.62857231274684, Evaluations = 160
Generation 5: Best Solution = [ -34.24709558  139.49420224   37.20354521 -287.61103457   94.1641766
  -16.80335091 -116.17383051  -43.22452307  367.65310204  232.46489566], Best Fitness = 80.62857231274684, Evaluations = 192
Generation 6: Best Solution = [ -34.24709558  139.49420224   37.20354521 -287.61103457   94.1641766
  -16.80335091 -116.17383051  -43.22452307  367.65310204  232.46489566], Best Fitness = 80.62857231274684, Evaluations = 224
Generation 7: Best Solution = [ -34.24709558  139.49420224   37.20354521 -287.61103457   94.1641766
  -16.80335091 -116.17383051  -43.22452307  367.65310204  232.46489566], Best Fitness = 80.62857231274684, Evaluations = 256
Generation 8: Best Solution = [ -34.24709558  139.49420224   37.20354521 -287.61103457   94.1641766
  -16.80335091 -116.17383051  -43.22452307  367.65310204  232.46489566], Best Fitness = 80.62857231274684, Evaluations = 288
Generation 9: Best Solution = [ -34.24709558  139.49420224   37.20354521 -287.61103457   94.1641766
  -16.80335091 -116.17383051  -43.22452307  367.65310204  232.46489566], Best Fitness = 80.62857231274684, Evaluations = 320
Generation 10: Best Solution = [ -34.24709558  139.49420224   37.20354521 -287.61103457   94.1641766
  -16.80335091 -116.17383051  -43.22452307  367.65310204  232.46489566], Best Fitness = 80.62857231274684, Evaluations = 352
Generation 11: Best Solution = [-113.35018403  139.49420224  170.81593726 -287.61103457   94.1641766
  -16.80335091 -116.17383051  155.81108311   75.67690445  232.46489566], Best Fitness = 63.7230271802133, Evaluations = 384
Generation 12: Best Solution = [-113.35018403  139.49420224  170.81593726 -287.61103457   94.1641766
  -16.80335091 -116.17383051  155.81108311   75.67690445  232.46489566], Best Fitness = 63.7230271802133, Evaluations = 416
Generation 13: Best Solution = [-113.35018403  139.49420224  170.81593726 -287.61103457   94.1641766
  -16.80335091 -116.17383051  155.81108311   75.67690445  232.46489566], Best Fitness = 63.7230271802133, Evaluations = 448
Generation 14: Best Solution = [-185.29329002  105.58646399  205.28196894   98.50899557   62.72862033
  -66.94773926 -124.46965053  -50.99422127 -277.07058285    0.36923954], Best Fitness = 51.182396184268455, Evaluations = 480
Generation 15: Best Solution = [-185.29329002  105.58646399  205.28196894   98.50899557   62.72862033
  -66.94773926 -124.46965053  -50.99422127 -277.07058285    0.36923954], Best Fitness = 51.182396184268455, Evaluations = 512
Generation 16: Best Solution = [-133.42104812  -60.52374616   96.05527922   89.85430377   11.59474247
  -52.80295302  196.50554669  124.99711974  247.87746591   86.30316476], Best Fitness = 42.203817640712415, Evaluations = 544
Generation 17: Best Solution = [-133.42104812  -60.52374616   96.05527922   89.85430377   11.59474247
  -52.80295302  196.50554669  124.99711974  247.87746591   86.30316476], Best Fitness = 42.203817640712415, Evaluations = 576
Generation 18: Best Solution = [-133.42104812  -60.52374616   96.05527922   89.85430377   11.59474247
  -52.80295302  196.50554669  124.99711974  247.87746591   86.30316476], Best Fitness = 42.203817640712415, Evaluations = 608
Generation 19: Best Solution = [-133.42104812  -60.52374616   96.05527922   89.85430377   11.59474247
  -52.80295302  196.50554669  124.99711974  247.87746591   86.30316476], Best Fitness = 42.203817640712415, Evaluations = 640
Generation 20: Best Solution = [-133.42104812  -60.52374616   96.05527922   89.85430377   11.59474247
  -52.80295302  196.50554669  124.99711974  247.87746591   86.30316476], Best Fitness = 29.422605434981918, Evaluations = 672
Generation 21: Best Solution = [-133.42104812  -60.52374616   96.05527922   89.85430377   11.59474247
  -52.80295302  196.50554669  124.99711974  247.87746591   86.30316476], Best Fitness = 29.422605434981918, Evaluations = 704
Generation 22: Best Solution = [-133.42104812  -60.52374616   96.05527922   89.85430377   11.59474247
  -52.80295302  196.50554669  124.99711974  247.87746591   86.30316476], Best Fitness = 29.422605434981918, Evaluations = 736
Generation 23: Best Solution = [-133.42104812  -60.52374616   96.05527922   89.85430377   11.59474247
  -52.80295302  196.50554669  124.99711974  247.87746591   86.30316476], Best Fitness = 29.422605434981918, Evaluations = 768
Generation 24: Best Solution = [  44.28514466  -77.47961916  170.45296313  -80.68847975 -105.82023671
  -36.26835327 -102.6871786   121.36416854  -11.88339027  -40.15793273], Best Fitness = 21.76032379765608, Evaluations = 800
Generation 25: Best Solution = [  44.28514466  -77.47961916  170.45296313  -80.68847975 -105.82023671
  -36.26835327 -102.6871786   121.36416854  -11.88339027  -40.15793273], Best Fitness = 21.76032379765608, Evaluations = 832
Generation 26: Best Solution = [  44.28514466  -77.47961916  170.45296313  -80.68847975 -105.82023671
  -36.26835327 -102.6871786   121.36416854  -11.88339027  -40.15793273], Best Fitness = 21.76032379765608, Evaluations = 864
Generation 27: Best Solution = [  44.28514466  -77.47961916  170.45296313  -80.68847975 -105.82023671
  -36.26835327 -102.6871786   121.36416854  -11.88339027  -40.15793273], Best Fitness = 21.76032379765608, Evaluations = 896
Generation 28: Best Solution = [-126.1228771   -46.66464231  -56.35311203  -32.83845215   96.23267823
   15.34725491  -43.25615464  140.07812878  142.35702999   33.71524529], Best Fitness = 19.68284593659985, Evaluations = 928
Generation 29: Best Solution = [-126.1228771   -46.66464231  -56.35311203  -32.83845215   96.23267823
   15.34725491  -43.25615464  140.07812878  142.35702999   33.71524529], Best Fitness = 19.68284593659985, Evaluations = 960
Generation 30: Best Solution = [-126.1228771   -46.66464231  -56.35311203  -32.83845215   96.23267823
   15.34725491  -43.25615464  140.07812878  142.35702999   33.71524529], Best Fitness = 19.68284593659985, Evaluations = 992
Generation 31: Best Solution = [-126.1228771   -46.66464231  -56.35311203  -32.83845215   96.23267823
   15.34725491  -43.25615464  140.07812878  142.35702999   33.71524529], Best Fitness = 19.68284593659985, Evaluations = 1024
Generation 32: Best Solution = [-126.1228771   -46.66464231  -56.35311203  -32.83845215   96.23267823
   15.34725491  -43.25615464  140.07812878  142.35702999   33.71524529], Best Fitness = 19.68284593659985, Evaluations = 1056
Generation 33: Best Solution = [-126.1228771   -46.66464231  -56.35311203  -32.83845215   96.23267823
   15.34725491  -43.25615464  140.07812878  142.35702999   33.71524529], Best Fitness = 16.260310761386194, Evaluations = 1088
Generation 34: Best Solution = [-126.1228771   -46.66464231  -56.35311203  -32.83845215   96.23267823
   15.34725491  -43.25615464  140.07812878  142.35702999   33.71524529], Best Fitness = 16.260310761386194, Evaluations = 1120
Generation 35: Best Solution = [-126.1228771   -46.66464231  -56.35311203  -32.83845215   96.23267823
   15.34725491  -43.25615464  140.07812878  142.35702999   33.71524529], Best Fitness = 16.260310761386194, Evaluations = 1152
Generation 36: Best Solution = [ 44.28514466 -66.41889703 112.17109163 -80.68847975 103.09157626
 -36.26835327  21.74359645 121.36416854 -11.88339027 -27.95938253], Best Fitness = 14.374306080247907, Evaluations = 1184
Generation 37: Best Solution = [ 44.28514466 -66.41889703 112.17109163 -80.68847975 103.09157626
 -36.26835327  21.74359645 121.36416854 -11.88339027 -27.95938253], Best Fitness = 9.898395777498338, Evaluations = 1216
Generation 38: Best Solution = [ 44.28514466 -66.41889703 112.17109163 -80.68847975 103.09157626
 -36.26835327  21.74359645 121.36416854 -11.88339027 -27.95938253], Best Fitness = 9.898395777498338, Evaluations = 1248
Generation 39: Best Solution = [ 44.28514466 -66.41889703 112.17109163 -80.68847975 103.09157626
 -36.26835327  21.74359645 121.36416854 -11.88339027 -27.95938253], Best Fitness = 9.898395777498338, Evaluations = 1280
Generation 40: Best Solution = [ 44.28514466 -66.41889703 112.17109163 -80.68847975 103.09157626
 -36.26835327  21.74359645 121.36416854 -11.88339027 -27.95938253], Best Fitness = 9.898395777498338, Evaluations = 1312
Generation 41: Best Solution = [ 44.28514466 -66.41889703 112.17109163 -80.68847975 103.09157626
 -36.26835327  21.74359645 121.36416854 -11.88339027 -27.95938253], Best Fitness = 9.898395777498338, Evaluations = 1344
Generation 42: Best Solution = [ 35.80592906 -36.76846964  20.09429216 -57.52803535  20.26640533
  72.89034015  54.3451727  -17.41537019 -53.33096293 -55.47390207], Best Fitness = 6.312427114681651, Evaluations = 1376
Generation 43: Best Solution = [ 35.80592906 -36.76846964  20.09429216 -57.52803535  20.26640533
  72.89034015  54.3451727  -17.41537019 -53.33096293 -55.47390207], Best Fitness = 6.312427114681651, Evaluations = 1408
Generation 44: Best Solution = [ 35.80592906 -36.76846964  20.09429216 -57.52803535  20.26640533
  72.89034015  54.3451727  -17.41537019 -53.33096293 -55.47390207], Best Fitness = 6.312427114681651, Evaluations = 1440
Generation 45: Best Solution = [ 35.80592906 -36.76846964  20.09429216 -57.52803535  20.26640533
  72.89034015  54.3451727  -17.41537019 -53.33096293 -55.47390207], Best Fitness = 6.312427114681651, Evaluations = 1472
Generation 46: Best Solution = [ 35.80592906 -36.76846964  20.09429216 -57.52803535  20.26640533
  72.89034015  54.3451727  -17.41537019 -53.33096293 -55.47390207], Best Fitness = 6.312427114681651, Evaluations = 1504
Generation 47: Best Solution = [ 35.80592906 -36.76846964  20.09429216 -57.52803535  20.26640533
  72.89034015  54.3451727  -17.41537019 -53.33096293 -55.47390207], Best Fitness = 6.312427114681651, Evaluations = 1536
Generation 48: Best Solution = [ 35.80592906 -36.76846964  20.09429216 -57.52803535  20.26640533
  72.89034015  54.3451727  -17.41537019 -53.33096293 -55.47390207], Best Fitness = 6.312427114681651, Evaluations = 1568
Generation 49: Best Solution = [ 35.80592906 -36.76846964  20.09429216 -57.52803535  20.26640533
  72.89034015  54.3451727  -17.41537019 -53.33096293 -55.47390207], Best Fitness = 6.312427114681651, Evaluations = 1600
Generation 50: Best Solution = [ 43.27036686  12.99762417  31.29102015 -54.72058973  38.43242056
 -30.52525534  62.38943981  44.12711144  49.45335207  -1.17373977], Best Fitness = 5.177921367730306, Evaluations = 1632
Generation 51: Best Solution = [ 43.27036686  12.99762417  31.29102015 -54.72058973  38.43242056
 -30.52525534  62.38943981  44.12711144  49.45335207  -1.17373977], Best Fitness = 5.177921367730306, Evaluations = 1664
Generation 52: Best Solution = [-28.38972507  64.66934021 -12.29267013 -16.14730789  26.78714582
  17.8937499   65.06601533 -18.50149087 -35.9451169   19.4384797 ], Best Fitness = 4.1785738166057875, Evaluations = 1696
Generation 53: Best Solution = [-28.38972507  64.66934021 -12.29267013 -16.14730789  26.78714582
  17.8937499   65.06601533 -18.50149087 -35.9451169   19.4384797 ], Best Fitness = 4.1785738166057875, Evaluations = 1728
Generation 54: Best Solution = [-28.38972507  64.66934021 -12.29267013 -16.14730789  26.78714582
  17.8937499   65.06601533 -18.50149087 -35.9451169   19.4384797 ], Best Fitness = 4.1785738166057875, Evaluations = 1760
Generation 55: Best Solution = [-28.38972507  64.66934021 -12.29267013 -16.14730789  26.78714582
  17.8937499   65.06601533 -18.50149087 -35.9451169   19.4384797 ], Best Fitness = 4.1785738166057875, Evaluations = 1792
Generation 56: Best Solution = [-28.38972507  64.66934021 -12.29267013 -16.14730789  26.78714582
  17.8937499   65.06601533 -18.50149087 -35.9451169   19.4384797 ], Best Fitness = 4.1785738166057875, Evaluations = 1824
Generation 57: Best Solution = [ 43.27036686  12.99762417  31.29102015  32.19335451 -25.03538767
 -30.52525534  62.38943981  15.06518652  49.45335207  -1.17373977], Best Fitness = 4.046142404202693, Evaluations = 1856
Generation 58: Best Solution = [ 43.27036686  12.99762417  31.29102015  32.19335451 -25.03538767
 -30.52525534  62.38943981  15.06518652  49.45335207  -1.17373977], Best Fitness = 4.046142404202693, Evaluations = 1888
Generation 59: Best Solution = [ 43.27036686  12.99762417  31.29102015  32.19335451 -25.03538767
 -30.52525534  62.38943981  15.06518652  49.45335207  -1.17373977], Best Fitness = 4.046142404202693, Evaluations = 1920
Generation 60: Best Solution = [ 43.27036686  12.99762417  31.29102015  32.19335451 -25.03538767
 -30.52525534  62.38943981  15.06518652  49.45335207  -1.17373977], Best Fitness = 2.897981970140199, Evaluations = 1952
Generation 61: Best Solution = [ 43.27036686  12.99762417  31.29102015  32.19335451 -25.03538767
 -30.52525534  62.38943981  15.06518652  49.45335207  -1.17373977], Best Fitness = 2.897981970140199, Evaluations = 1984
Generation 62: Best Solution = [ 43.27036686  12.99762417  31.29102015  32.19335451 -25.03538767
 -30.52525534  62.38943981  15.06518652  49.45335207  -1.17373977], Best Fitness = 2.897981970140199, Evaluations = 2016
Generation 63: Best Solution = [ 43.27036686  12.99762417  31.29102015  32.19335451 -25.03538767
 -30.52525534  62.38943981  15.06518652  49.45335207  -1.17373977], Best Fitness = 2.897981970140199, Evaluations = 2048
Generation 64: Best Solution = [-38.38336636   6.6015349   20.09429216 -57.52803535  20.26640533
  22.1980156   -5.56129179 -17.41537019  20.01715905  19.77966911], Best Fitness = 2.82196173091371, Evaluations = 2080
Generation 65: Best Solution = [-38.38336636   6.6015349   20.09429216 -57.52803535  20.26640533
  22.1980156   -5.56129179 -17.41537019  20.01715905  19.77966911], Best Fitness = 2.82196173091371, Evaluations = 2112
Generation 66: Best Solution = [-38.38336636   6.6015349   20.09429216 -57.52803535  20.26640533
  22.1980156   -5.56129179 -17.41537019  20.01715905  19.77966911], Best Fitness = 2.82196173091371, Evaluations = 2144
Generation 67: Best Solution = [-38.38336636   6.6015349   20.09429216 -57.52803535  20.26640533
  22.1980156   -5.56129179 -17.41537019  20.01715905  19.77966911], Best Fitness = 2.82196173091371, Evaluations = 2176
Generation 68: Best Solution = [ 22.58301676  50.33519794  28.46604408 -20.66713398  26.92083421
 -20.94043057   1.37619626 -32.72379328  11.72976899   8.48550139], Best Fitness = 2.714395957298464, Evaluations = 2208
Generation 69: Best Solution = [ 22.58301676  50.33519794  28.46604408 -20.66713398  26.92083421
 -20.94043057   1.37619626 -32.72379328  11.72976899   8.48550139], Best Fitness = 2.714395957298464, Evaluations = 2240
Generation 70: Best Solution = [-12.41073558  17.96432458  40.74297423 -27.98565951  35.6309619
  16.2520349    2.24859775 -19.49274182  37.3786421    4.21094153], Best Fitness = 2.5627454488049084, Evaluations = 2272
Generation 71: Best Solution = [-12.41073558  17.96432458  40.74297423 -27.98565951  35.6309619
  16.2520349    2.24859775 -19.49274182  37.3786421    4.21094153], Best Fitness = 2.5627454488049084, Evaluations = 2304
Generation 72: Best Solution = [-22.91853125  17.92383687  -0.4934155  -22.85905463  19.65038015
 -12.12491201 -23.02314458  -5.62351557 -60.04215774   4.49598706], Best Fitness = 2.521541861117938, Evaluations = 2336
Generation 73: Best Solution = [-26.38598422  17.96432458  24.95560233 -27.98565951 -35.56167934
  16.2520349    2.24859775 -12.09174616  37.3786421    4.21094153], Best Fitness = 2.3806820115050575, Evaluations = 2368
Generation 74: Best Solution = [-25.48206808 -18.61251174  19.19187089   6.61943     -9.95758286
  -3.15996032  15.32421636 -45.30764006 -17.41864673 -11.21929829], Best Fitness = 2.055320488333244, Evaluations = 2400
Generation 75: Best Solution = [ 18.42999551   6.6015349   20.09429216  -9.10031826 -21.98138214
  22.1980156    4.80841388 -17.41537019  20.01715905  19.77966911], Best Fitness = 1.7417455919223133, Evaluations = 2432
Generation 76: Best Solution = [ 18.42999551   6.6015349   20.09429216  -9.10031826 -21.98138214
  22.1980156    4.80841388 -17.41537019  20.01715905  19.77966911], Best Fitness = 1.7417455919223133, Evaluations = 2464
Generation 77: Best Solution = [ 18.42999551   6.6015349   20.09429216  -9.10031826 -21.98138214
  22.1980156    4.80841388 -17.41537019  20.01715905  19.77966911], Best Fitness = 1.7417455919223133, Evaluations = 2496
Generation 78: Best Solution = [ 18.42999551   6.6015349   20.09429216  -9.10031826 -21.98138214
  22.1980156    4.80841388 -17.41537019  20.01715905  19.77966911], Best Fitness = 1.7417455919223133, Evaluations = 2528
Generation 79: Best Solution = [ 18.42999551   6.6015349   20.09429216  -9.10031826 -21.98138214
  22.1980156    4.80841388 -17.41537019  20.01715905  19.77966911], Best Fitness = 1.7417455919223133, Evaluations = 2560
Generation 80: Best Solution = [ 18.42999551   6.6015349   20.09429216  -9.10031826 -21.98138214
  22.1980156    4.80841388 -17.41537019  20.01715905  19.77966911], Best Fitness = 1.7417455919223133, Evaluations = 2592
Generation 81: Best Solution = [ 18.42999551   6.6015349   20.09429216  -9.10031826 -21.98138214
  22.1980156    4.80841388 -17.41537019  20.01715905  19.77966911], Best Fitness = 1.7417455919223133, Evaluations = 2624
Generation 82: Best Solution = [ 18.42999551   6.6015349   20.09429216  -9.10031826 -21.98138214
  22.1980156    4.80841388 -17.41537019  20.01715905  19.77966911], Best Fitness = 1.7417455919223133, Evaluations = 2656
Generation 83: Best Solution = [  0.98179895  -7.88823762   6.78339242 -15.07262652  42.03981785
   3.90250923  -2.82029804 -12.93956171  -0.13812351  19.5597105 ], Best Fitness = 1.6693767962582657, Evaluations = 2688
Generation 84: Best Solution = [  0.98179895  -7.88823762   6.78339242 -15.07262652  42.03981785
   3.90250923  -2.82029804 -12.93956171  -0.13812351  19.5597105 ], Best Fitness = 1.6693767962582657, Evaluations = 2720
Generation 85: Best Solution = [  7.07921106  10.86138926  -0.4934155   -8.09614184  11.04536531
 -12.12491201 -25.26651103  10.16373781  -1.4647118  -11.93452145], Best Fitness = 1.344877917987651, Evaluations = 2752
Generation 86: Best Solution = [  7.07921106  10.86138926  -0.4934155   -8.09614184  11.04536531
 -12.12491201 -25.26651103  10.16373781  -1.4647118  -11.93452145], Best Fitness = 1.344877917987651, Evaluations = 2784
Generation 87: Best Solution = [  7.07921106  10.86138926  -0.4934155   -8.09614184  11.04536531
 -12.12491201 -25.26651103  10.16373781  -1.4647118  -11.93452145], Best Fitness = 1.344877917987651, Evaluations = 2816
Generation 88: Best Solution = [  7.07921106  10.86138926  -0.4934155   -8.09614184  11.04536531
 -12.12491201 -25.26651103  10.16373781  -1.4647118  -11.93452145], Best Fitness = 1.344877917987651, Evaluations = 2848
Generation 89: Best Solution = [  7.07921106  10.86138926  -0.4934155   -8.09614184  11.04536531
 -12.12491201 -25.26651103  10.16373781  -1.4647118  -11.93452145], Best Fitness = 1.344877917987651, Evaluations = 2880
Generation 90: Best Solution = [  7.07921106  10.86138926  -0.4934155   -8.09614184  11.04536531
 -12.12491201 -25.26651103  10.16373781  -1.4647118  -11.93452145], Best Fitness = 1.344877917987651, Evaluations = 2912
Generation 91: Best Solution = [-14.28883602   3.86198718 -17.89520031   3.74081301  10.63136268
  -6.72881194   3.25849872 -18.11975041   7.25116675   2.33109492], Best Fitness = 1.2769650876510519, Evaluations = 2944
Generation 92: Best Solution = [-14.28883602   3.86198718 -17.89520031   3.74081301  10.63136268
  -6.72881194   3.25849872 -18.11975041   7.25116675   2.33109492], Best Fitness = 1.2769650876510519, Evaluations = 2976
Generation 93: Best Solution = [-14.28883602   3.86198718 -17.89520031   3.74081301  10.63136268
  -6.72881194   3.25849872 -18.11975041   7.25116675   2.33109492], Best Fitness = 1.2769650876510519, Evaluations = 3008
Generation 94: Best Solution = [-14.28883602   3.86198718 -17.89520031   3.74081301  10.63136268
  -6.72881194   3.25849872 -18.11975041   7.25116675   2.33109492], Best Fitness = 1.2769650876510519, Evaluations = 3040
Generation 95: Best Solution = [-14.28883602   3.86198718 -17.89520031   3.74081301  10.63136268
  -6.72881194   3.25849872 -18.11975041   7.25116675   2.33109492], Best Fitness = 1.2769650876510519, Evaluations = 3072
Generation 96: Best Solution = [-14.28883602   3.86198718 -17.89520031   3.74081301  10.63136268
  -6.72881194   3.25849872 -18.11975041   7.25116675   2.33109492], Best Fitness = 1.2769650876510519, Evaluations = 3104
Generation 97: Best Solution = [-14.28883602   3.86198718 -17.89520031   3.74081301  10.63136268
  -6.72881194   3.25849872 -18.11975041   7.25116675   2.33109492], Best Fitness = 1.2769650876510519, Evaluations = 3136
Generation 98: Best Solution = [-14.28883602   3.86198718 -17.89520031   3.74081301  10.63136268
  -6.72881194   3.25849872 -18.11975041   7.25116675   2.33109492], Best Fitness = 1.2167555296803025, Evaluations = 3168
Generation 99: Best Solution = [-14.28883602   3.86198718 -17.89520031   3.74081301  10.63136268
  -6.72881194   3.25849872 -18.11975041   7.25116675   2.33109492], Best Fitness = 1.2167555296803025, Evaluations = 3200
Generation 100: Best Solution = [-14.28883602   3.86198718 -17.89520031   3.74081301  10.63136268
  -6.72881194   3.25849872 -18.11975041   7.25116675   2.33109492], Best Fitness = 1.2167555296803025, Evaluations = 3232
Generation 101: Best Solution = [-14.28883602   3.86198718 -17.89520031   3.74081301  10.63136268
  -6.72881194   3.25849872 -18.11975041   7.25116675   2.33109492], Best Fitness = 1.2167555296803025, Evaluations = 3264
Generation 102: Best Solution = [  5.85734739   4.16024065 -32.80210362  13.77235008  11.93546503
  -1.0619681   -0.13503005  -2.20084916   0.58881055   9.49852994], Best Fitness = 1.120278336072944, Evaluations = 3296
Generation 103: Best Solution = [  5.85734739   4.16024065 -32.80210362  13.77235008  11.93546503
  -1.0619681   -0.13503005  -2.20084916   0.58881055   9.49852994], Best Fitness = 1.120278336072944, Evaluations = 3328
Generation 104: Best Solution = [  5.85734739   4.16024065 -32.80210362  13.77235008  11.93546503
  -1.0619681   -0.13503005  -2.20084916   0.58881055   9.49852994], Best Fitness = 1.120278336072944, Evaluations = 3360
Generation 105: Best Solution = [  5.85734739   4.16024065 -32.80210362  13.77235008  11.93546503
  -1.0619681   -0.13503005  -2.20084916   0.58881055   9.49852994], Best Fitness = 1.120278336072944, Evaluations = 3392
Generation 106: Best Solution = [  5.85734739   4.16024065 -32.80210362  13.77235008  11.93546503
  -1.0619681   -0.13503005  -2.20084916   0.58881055   9.49852994], Best Fitness = 1.120278336072944, Evaluations = 3424
Generation 107: Best Solution = [  5.85734739   4.16024065 -32.80210362  13.77235008  11.93546503
  -1.0619681   -0.13503005  -2.20084916   0.58881055   9.49852994], Best Fitness = 1.120278336072944, Evaluations = 3456
Generation 108: Best Solution = [  5.85734739   4.16024065 -32.80210362  13.77235008  11.93546503
  -1.0619681   -0.13503005  -2.20084916   0.58881055   9.49852994], Best Fitness = 1.120278336072944, Evaluations = 3488
Generation 109: Best Solution = [-9.21329134 -0.32376636 -1.07525658 -7.14491095  8.71264183 13.22089598
  2.86217334 -8.18239755 -0.69401306 20.59851773], Best Fitness = 1.0820343158997592, Evaluations = 3520
Generation 110: Best Solution = [-9.21329134 -0.32376636 -1.07525658 -7.14491095  8.71264183 13.22089598
  2.86217334 -8.18239755 -0.69401306 20.59851773], Best Fitness = 1.0820343158997592, Evaluations = 3552
Generation 111: Best Solution = [-9.21329134 -0.32376636 -1.07525658 -7.14491095  8.71264183 13.22089598
  2.86217334 -8.18239755 -0.69401306 20.59851773], Best Fitness = 1.0820343158997592, Evaluations = 3584
Generation 112: Best Solution = [-9.21329134 -0.32376636 -1.07525658 -7.14491095  8.71264183 13.22089598
  2.86217334 -8.18239755 -0.69401306 20.59851773], Best Fitness = 1.0820343158997592, Evaluations = 3616
Generation 113: Best Solution = [ -6.5924157  -17.08969119   4.903685    -1.34411961  -7.89151477
  -0.21476353   2.90910438  -0.08146789  -1.45343513  21.54456724], Best Fitness = 1.023622280526588, Evaluations = 3648
Generation 114: Best Solution = [ -6.5924157  -17.08969119   4.903685    -1.34411961  -7.89151477
  -0.21476353   2.90910438  -0.08146789  -1.45343513  21.54456724], Best Fitness = 1.023622280526588, Evaluations = 3680
Generation 115: Best Solution = [ -6.5924157  -17.08969119   4.903685    -1.34411961  -7.89151477
  -0.21476353   2.90910438  -0.08146789  -1.45343513  21.54456724], Best Fitness = 1.023622280526588, Evaluations = 3712
Generation 116: Best Solution = [ -6.5924157  -17.08969119   4.903685    -1.34411961  -7.89151477
  -0.21476353   2.90910438  -0.08146789  -1.45343513  21.54456724], Best Fitness = 1.023622280526588, Evaluations = 3744
Generation 117: Best Solution = [ -6.5924157  -17.08969119   4.903685    -1.34411961  -7.89151477
  -0.21476353   2.90910438  -0.08146789  -1.45343513  21.54456724], Best Fitness = 1.023622280526588, Evaluations = 3776
Generation 118: Best Solution = [ -6.5924157  -17.08969119   4.903685    -1.34411961  -7.89151477
  -0.21476353   2.90910438  -0.08146789  -1.45343513  21.54456724], Best Fitness = 1.023622280526588, Evaluations = 3808
Generation 119: Best Solution = [ -6.5924157  -17.08969119   4.903685    -1.34411961  -7.89151477
  -0.21476353   2.90910438  -0.08146789  -1.45343513  21.54456724], Best Fitness = 0.6910652445540928, Evaluations = 3840
Generation 120: Best Solution = [ -6.5924157  -17.08969119   4.903685    -1.34411961  -7.89151477
  -0.21476353   2.90910438  -0.08146789  -1.45343513  21.54456724], Best Fitness = 0.6910652445540928, Evaluations = 3872
Generation 121: Best Solution = [ -6.5924157  -17.08969119   4.903685    -1.34411961  -7.89151477
  -0.21476353   2.90910438  -0.08146789  -1.45343513  21.54456724], Best Fitness = 0.6910652445540928, Evaluations = 3904
Generation 122: Best Solution = [ -6.5924157  -17.08969119   4.903685    -1.34411961  -7.89151477
  -0.21476353   2.90910438  -0.08146789  -1.45343513  21.54456724], Best Fitness = 0.6910652445540928, Evaluations = 3936
Generation 123: Best Solution = [ -6.5924157  -17.08969119   4.903685    -1.34411961  -7.89151477
  -0.21476353   2.90910438  -0.08146789  -1.45343513  21.54456724], Best Fitness = 0.6910652445540928, Evaluations = 3968
Generation 124: Best Solution = [ -6.5924157  -17.08969119   4.903685    -1.34411961  -7.89151477
  -0.21476353   2.90910438  -0.08146789  -1.45343513  21.54456724], Best Fitness = 0.6910652445540928, Evaluations = 4000
Generation 125: Best Solution = [ -6.5924157  -17.08969119   4.903685    -1.34411961  -7.89151477
  -0.21476353   2.90910438  -0.08146789  -1.45343513  21.54456724], Best Fitness = 0.6910652445540928, Evaluations = 4032
Generation 126: Best Solution = [ -6.5924157  -17.08969119   4.903685    -1.34411961  -7.89151477
  -0.21476353   2.90910438  -0.08146789  -1.45343513  21.54456724], Best Fitness = 0.6910652445540928, Evaluations = 4064
Generation 127: Best Solution = [ -6.5924157  -17.08969119   4.903685    -1.34411961  -7.89151477
  -0.21476353   2.90910438  -0.08146789  -1.45343513  21.54456724], Best Fitness = 0.6910652445540928, Evaluations = 4096
Generation 128: Best Solution = [ -6.5924157  -17.08969119   4.903685    -1.34411961  -7.89151477
  -0.21476353   2.90910438  -0.08146789  -1.45343513  21.54456724], Best Fitness = 0.6910652445540928, Evaluations = 4128
Generation 129: Best Solution = [ -6.5924157  -17.08969119   4.903685    -1.34411961  -7.89151477
  -0.21476353   2.90910438  -0.08146789  -1.45343513  21.54456724], Best Fitness = 0.6910652445540928, Evaluations = 4160
Generation 130: Best Solution = [ -6.5924157  -17.08969119   4.903685    -1.34411961  -7.89151477
  -0.21476353   2.90910438  -0.08146789  -1.45343513  21.54456724], Best Fitness = 0.6910652445540928, Evaluations = 4192
Generation 131: Best Solution = [ -6.5924157  -17.08969119   4.903685    -1.34411961  -7.89151477
  -0.21476353   2.90910438  -0.08146789  -1.45343513  21.54456724], Best Fitness = 0.6910652445540928, Evaluations = 4224
Generation 132: Best Solution = [ -6.5924157  -17.08969119   4.903685    -1.34411961  -7.89151477
  -0.21476353   2.90910438  -0.08146789  -1.45343513  21.54456724], Best Fitness = 0.6910652445540928, Evaluations = 4256
Generation 133: Best Solution = [ -6.5924157  -17.08969119   4.903685    -1.34411961  -7.89151477
  -0.21476353   2.90910438  -0.08146789  -1.45343513  21.54456724], Best Fitness = 0.6602008636078966, Evaluations = 4288
Generation 134: Best Solution = [ -6.5924157  -17.08969119   4.903685    -1.34411961  -7.89151477
  -0.21476353   2.90910438  -0.08146789  -1.45343513  21.54456724], Best Fitness = 0.6602008636078966, Evaluations = 4320
Generation 135: Best Solution = [ -6.5924157  -17.08969119   4.903685    -1.34411961  -7.89151477
  -0.21476353   2.90910438  -0.08146789  -1.45343513  21.54456724], Best Fitness = 0.6602008636078966, Evaluations = 4352
Generation 136: Best Solution = [ -6.5924157  -17.08969119   4.903685    -1.34411961  -7.89151477
  -0.21476353   2.90910438  -0.08146789  -1.45343513  21.54456724], Best Fitness = 0.6602008636078966, Evaluations = 4384
Generation 137: Best Solution = [ -6.5924157  -17.08969119   4.903685    -1.34411961  -7.89151477
  -0.21476353   2.90910438  -0.08146789  -1.45343513  21.54456724], Best Fitness = 0.6602008636078966, Evaluations = 4416
Generation 138: Best Solution = [ -6.5924157  -17.08969119   4.903685    -1.34411961  -7.89151477
  -0.21476353   2.90910438  -0.08146789  -1.45343513  21.54456724], Best Fitness = 0.6602008636078966, Evaluations = 4448
Generation 139: Best Solution = [ -6.5924157  -17.08969119   4.903685    -1.34411961  -7.89151477
  -0.21476353   2.90910438  -0.08146789  -1.45343513  21.54456724], Best Fitness = 0.6602008636078966, Evaluations = 4480
Generation 140: Best Solution = [ -6.5924157  -17.08969119   4.903685    -1.34411961  -7.89151477
  -0.21476353   2.90910438  -0.08146789  -1.45343513  21.54456724], Best Fitness = 0.6602008636078966, Evaluations = 4512
Generation 141: Best Solution = [ -6.5924157  -17.08969119   4.903685    -1.34411961  -7.89151477
  -0.21476353   2.90910438  -0.08146789  -1.45343513  21.54456724], Best Fitness = 0.6602008636078966, Evaluations = 4544
Generation 142: Best Solution = [ -6.5924157  -17.08969119   4.903685    -1.34411961  -7.89151477
  -0.21476353   2.90910438  -0.08146789  -1.45343513  21.54456724], Best Fitness = 0.6000319847341739, Evaluations = 4576
Generation 143: Best Solution = [ -6.5924157  -17.08969119   4.903685    -1.34411961  -7.89151477
  -0.21476353   2.90910438  -0.08146789  -1.45343513  21.54456724], Best Fitness = 0.6000319847341739, Evaluations = 4608
Generation 144: Best Solution = [ -6.5924157  -17.08969119   4.903685    -1.34411961  -7.89151477
  -0.21476353   2.90910438  -0.08146789  -1.45343513  21.54456724], Best Fitness = 0.6000319847341739, Evaluations = 4640
Generation 145: Best Solution = [ -6.5924157  -17.08969119   4.903685    -1.34411961  -7.89151477
  -0.21476353   2.90910438  -0.08146789  -1.45343513  21.54456724], Best Fitness = 0.6000319847341739, Evaluations = 4672
Generation 146: Best Solution = [ -6.5924157  -17.08969119   4.903685    -1.34411961  -7.89151477
  -0.21476353   2.90910438  -0.08146789  -1.45343513  21.54456724], Best Fitness = 0.6000319847341739, Evaluations = 4704
Generation 147: Best Solution = [ -6.5924157  -17.08969119   4.903685    -1.34411961  -7.89151477
  -0.21476353   2.90910438  -0.08146789  -1.45343513  21.54456724], Best Fitness = 0.6000319847341739, Evaluations = 4736
Generation 148: Best Solution = [ -6.5924157  -17.08969119   4.903685    -1.34411961  -7.89151477
  -0.21476353   2.90910438  -0.08146789  -1.45343513  21.54456724], Best Fitness = 0.6000319847341739, Evaluations = 4768
Generation 149: Best Solution = [ -6.5924157  -17.08969119   4.903685    -1.34411961  -7.89151477
  -0.21476353   2.90910438  -0.08146789  -1.45343513  21.54456724], Best Fitness = 0.6000319847341739, Evaluations = 4800
Generation 150: Best Solution = [ -6.5924157  -17.08969119   4.903685    -1.34411961  -7.89151477
  -0.21476353   2.90910438  -0.08146789  -1.45343513  21.54456724], Best Fitness = 0.6000319847341739, Evaluations = 4832
Generation 151: Best Solution = [ -6.5924157  -17.08969119   4.903685    -1.34411961  -7.89151477
  -0.21476353   2.90910438  -0.08146789  -1.45343513  21.54456724], Best Fitness = 0.6000319847341739, Evaluations = 4864
Generation 152: Best Solution = [ -6.5924157  -17.08969119   4.903685    -1.34411961  -7.89151477
  -0.21476353   2.90910438  -0.08146789  -1.45343513  21.54456724], Best Fitness = 0.6000319847341739, Evaluations = 4896
Generation 153: Best Solution = [ -6.5924157  -17.08969119   4.903685    -1.34411961  -7.89151477
  -0.21476353   2.90910438  -0.08146789  -1.45343513  21.54456724], Best Fitness = 0.6000319847341739, Evaluations = 4928
Generation 154: Best Solution = [ -6.5924157  -17.08969119   4.903685    -1.34411961  -7.89151477
  -0.21476353   2.90910438  -0.08146789  -1.45343513  21.54456724], Best Fitness = 0.6000319847341739, Evaluations = 4960
Generation 155: Best Solution = [ -6.5924157  -17.08969119   4.903685    -1.34411961  -7.89151477
  -0.21476353   2.90910438  -0.08146789  -1.45343513  21.54456724], Best Fitness = 0.6000319847341739, Evaluations = 4992
Generation 156: Best Solution = [ -6.5924157  -17.08969119   4.903685    -1.34411961  -7.89151477
  -0.21476353   2.90910438  -0.08146789  -1.45343513  21.54456724], Best Fitness = 0.6000319847341739, Evaluations = 5024
Generation 157: Best Solution = [ -6.5924157  -17.08969119   4.903685    -1.34411961  -7.89151477
  -0.21476353   2.90910438  -0.08146789  -1.45343513  21.54456724], Best Fitness = 0.6000319847341739, Evaluations = 5056
Generation 158: Best Solution = [ -6.5924157  -17.08969119   4.903685    -1.34411961  -7.89151477
  -0.21476353   2.90910438  -0.08146789  -1.45343513  21.54456724], Best Fitness = 0.6000319847341739, Evaluations = 5088
Generation 159: Best Solution = [ -6.5924157  -17.08969119   4.903685    -1.34411961  -7.89151477
  -0.21476353   2.90910438  -0.08146789  -1.45343513  21.54456724], Best Fitness = 0.6000319847341739, Evaluations = 5120
Generation 160: Best Solution = [ -6.5924157  -17.08969119   4.903685    -1.34411961  -7.89151477
  -0.21476353   2.90910438  -0.08146789  -1.45343513  21.54456724], Best Fitness = 0.6000319847341739, Evaluations = 5152
Generation 161: Best Solution = [ -6.5924157  -17.08969119   4.903685    -1.34411961  -7.89151477
  -0.21476353   2.90910438  -0.08146789  -1.45343513  21.54456724], Best Fitness = 0.6000319847341739, Evaluations = 5184
Generation 162: Best Solution = [ -6.5924157  -17.08969119   4.903685    -1.34411961  -7.89151477
  -0.21476353   2.90910438  -0.08146789  -1.45343513  21.54456724], Best Fitness = 0.6000319847341739, Evaluations = 5216
Generation 163: Best Solution = [ -6.5924157  -17.08969119   4.903685    -1.34411961  -7.89151477
  -0.21476353   2.90910438  -0.08146789  -1.45343513  21.54456724], Best Fitness = 0.6000319847341739, Evaluations = 5248
Generation 164: Best Solution = [ -6.5924157  -17.08969119   4.903685    -1.34411961  -7.89151477
  -0.21476353   2.90910438  -0.08146789  -1.45343513  21.54456724], Best Fitness = 0.6000319847341739, Evaluations = 5280
Generation 165: Best Solution = [ -6.5924157  -17.08969119   4.903685    -1.34411961  -7.89151477
  -0.21476353   2.90910438  -0.08146789  -1.45343513  21.54456724], Best Fitness = 0.6000319847341739, Evaluations = 5312
Generation 166: Best Solution = [ -6.5924157  -17.08969119   4.903685    -1.34411961  -7.89151477
  -0.21476353   2.90910438  -0.08146789  -1.45343513  21.54456724], Best Fitness = 0.6000319847341739, Evaluations = 5344
Generation 167: Best Solution = [ -6.5924157  -17.08969119   4.903685    -1.34411961  -7.89151477
  -0.21476353   2.90910438  -0.08146789  -1.45343513  21.54456724], Best Fitness = 0.6000319847341739, Evaluations = 5376
Generation 168: Best Solution = [ -6.5924157  -17.08969119   4.903685    -1.34411961  -7.89151477
  -0.21476353   2.90910438  -0.08146789  -1.45343513  21.54456724], Best Fitness = 0.6000319847341739, Evaluations = 5408
Generation 169: Best Solution = [ -6.5924157  -17.08969119   4.903685    -1.34411961  -7.89151477
  -0.21476353   2.90910438  -0.08146789  -1.45343513  21.54456724], Best Fitness = 0.6000319847341739, Evaluations = 5440
Generation 170: Best Solution = [ -6.5924157  -17.08969119   4.903685    -1.34411961  -7.89151477
  -0.21476353   2.90910438  -0.08146789  -1.45343513  21.54456724], Best Fitness = 0.6000319847341739, Evaluations = 5472
Generation 171: Best Solution = [ -6.5924157  -17.08969119   4.903685    -1.34411961  -7.89151477
  -0.21476353   2.90910438  -0.08146789  -1.45343513  21.54456724], Best Fitness = 0.6000319847341739, Evaluations = 5504
Generation 172: Best Solution = [ -6.5924157  -17.08969119   4.903685    -1.34411961  -7.89151477
  -0.21476353   2.90910438  -0.08146789  -1.45343513  21.54456724], Best Fitness = 0.6000319847341739, Evaluations = 5536
Generation 173: Best Solution = [ -6.5924157  -17.08969119   4.903685    -1.34411961  -7.89151477
  -0.21476353   2.90910438  -0.08146789  -1.45343513  21.54456724], Best Fitness = 0.6000319847341739, Evaluations = 5568
Generation 174: Best Solution = [ -6.5924157  -17.08969119   4.903685    -1.34411961  -7.89151477
  -0.21476353   2.90910438  -0.08146789  -1.45343513  21.54456724], Best Fitness = 0.6000319847341739, Evaluations = 5600
Generation 175: Best Solution = [ -6.5924157  -17.08969119   4.903685    -1.34411961  -7.89151477
  -0.21476353   2.90910438  -0.08146789  -1.45343513  21.54456724], Best Fitness = 0.6000319847341739, Evaluations = 5632
Generation 176: Best Solution = [ -6.5924157  -17.08969119   4.903685    -1.34411961  -7.89151477
  -0.21476353   2.90910438  -0.08146789  -1.45343513  21.54456724], Best Fitness = 0.6000319847341739, Evaluations = 5664
Generation 177: Best Solution = [ -6.5924157  -17.08969119   4.903685    -1.34411961  -7.89151477
  -0.21476353   2.90910438  -0.08146789  -1.45343513  21.54456724], Best Fitness = 0.6000319847341739, Evaluations = 5696
Generation 178: Best Solution = [ -6.5924157  -17.08969119   4.903685    -1.34411961  -7.89151477
  -0.21476353   2.90910438  -0.08146789  -1.45343513  21.54456724], Best Fitness = 0.6000319847341739, Evaluations = 5728
Generation 179: Best Solution = [ -6.5924157  -17.08969119   4.903685    -1.34411961  -7.89151477
  -0.21476353   2.90910438  -0.08146789  -1.45343513  21.54456724], Best Fitness = 0.6000319847341739, Evaluations = 5760
Generation 180: Best Solution = [ -6.5924157  -17.08969119   4.903685    -1.34411961  -7.89151477
  -0.21476353   2.90910438  -0.08146789  -1.45343513  21.54456724], Best Fitness = 0.6000319847341739, Evaluations = 5792
Generation 181: Best Solution = [ -6.5924157  -17.08969119   4.903685    -1.34411961  -7.89151477
  -0.21476353   2.90910438  -0.08146789  -1.45343513  21.54456724], Best Fitness = 0.6000319847341739, Evaluations = 5824
Generation 182: Best Solution = [ -6.5924157  -17.08969119   4.903685    -1.34411961  -7.89151477
  -0.21476353   2.90910438  -0.08146789  -1.45343513  21.54456724], Best Fitness = 0.6000319847341739, Evaluations = 5856
Generation 183: Best Solution = [ -6.5924157  -17.08969119   4.903685    -1.34411961  -7.89151477
  -0.21476353   2.90910438  -0.08146789  -1.45343513  21.54456724], Best Fitness = 0.6000319847341739, Evaluations = 5888
Generation 184: Best Solution = [ -6.5924157  -17.08969119   4.903685    -1.34411961  -7.89151477
  -0.21476353   2.90910438  -0.08146789  -1.45343513  21.54456724], Best Fitness = 0.6000319847341739, Evaluations = 5920
Generation 185: Best Solution = [ -6.5924157  -17.08969119   4.903685    -1.34411961  -7.89151477
  -0.21476353   2.90910438  -0.08146789  -1.45343513  21.54456724], Best Fitness = 0.6000319847341739, Evaluations = 5952
Generation 186: Best Solution = [ -6.5924157  -17.08969119   4.903685    -1.34411961  -7.89151477
  -0.21476353   2.90910438  -0.08146789  -1.45343513  21.54456724], Best Fitness = 0.6000319847341739, Evaluations = 5984
Generation 187: Best Solution = [ -6.5924157  -17.08969119   4.903685    -1.34411961  -7.89151477
  -0.21476353   2.90910438  -0.08146789  -1.45343513  21.54456724], Best Fitness = 0.6000319847341739, Evaluations = 6016
Generation 188: Best Solution = [ -6.5924157  -17.08969119   4.903685    -1.34411961  -7.89151477
  -0.21476353   2.90910438  -0.08146789  -1.45343513  21.54456724], Best Fitness = 0.6000319847341739, Evaluations = 6048
Generation 189: Best Solution = [ -6.5924157  -17.08969119   4.903685    -1.34411961  -7.89151477
  -0.21476353   2.90910438  -0.08146789  -1.45343513  21.54456724], Best Fitness = 0.6000319847341739, Evaluations = 6080
Generation 190: Best Solution = [ -6.5924157  -17.08969119   4.903685    -1.34411961  -7.89151477
  -0.21476353   2.90910438  -0.08146789  -1.45343513  21.54456724], Best Fitness = 0.6000319847341739, Evaluations = 6112
Generation 191: Best Solution = [ -6.5924157  -17.08969119   4.903685    -1.34411961  -7.89151477
  -0.21476353   2.90910438  -0.08146789  -1.45343513  21.54456724], Best Fitness = 0.6000319847341739, Evaluations = 6144
Generation 192: Best Solution = [ -6.5924157  -17.08969119   4.903685    -1.34411961  -7.89151477
  -0.21476353   2.90910438  -0.08146789  -1.45343513  21.54456724], Best Fitness = 0.6000319847341739, Evaluations = 6176
Generation 193: Best Solution = [ -6.5924157  -17.08969119   4.903685    -1.34411961  -7.89151477
  -0.21476353   2.90910438  -0.08146789  -1.45343513  21.54456724], Best Fitness = 0.6000319847341739, Evaluations = 6208
Generation 194: Best Solution = [-0.35687809  4.94777267 -0.53250154  0.86438306 -7.82265187 -0.70235048
 -6.8124627  -1.47740909 -8.75651961 -0.21218431], Best Fitness = 0.5672899731321724, Evaluations = 6240
Generation 195: Best Solution = [-0.35687809  4.94777267 -0.53250154  0.86438306 -7.82265187 -0.70235048
 -6.8124627  -1.47740909 -8.75651961 -0.21218431], Best Fitness = 0.5672899731321724, Evaluations = 6272
Generation 196: Best Solution = [-0.35687809  4.94777267 -0.53250154  0.86438306 -7.82265187 -0.70235048
 -6.8124627  -1.47740909 -8.75651961 -0.21218431], Best Fitness = 0.5672899731321724, Evaluations = 6304
Generation 197: Best Solution = [-0.35687809  4.94777267 -0.53250154  0.86438306 -7.82265187 -0.70235048
 -6.8124627  -1.47740909 -8.75651961 -0.21218431], Best Fitness = 0.5672899731321724, Evaluations = 6336
Generation 198: Best Solution = [-0.35687809  4.94777267 -0.53250154  0.86438306 -7.82265187 -0.70235048
 -6.8124627  -1.47740909 -8.75651961 -0.21218431], Best Fitness = 0.5672899731321724, Evaluations = 6368
Generation 199: Best Solution = [-0.35687809  4.94777267 -0.53250154  0.86438306 -7.82265187 -0.70235048
 -6.8124627  -1.47740909 -8.75651961 -0.21218431], Best Fitness = 0.5672899731321724, Evaluations = 6400
Generation 200: Best Solution = [-0.35687809  4.94777267 -0.53250154  0.86438306 -7.82265187 -0.70235048
 -6.8124627  -1.47740909 -8.75651961 -0.21218431], Best Fitness = 0.5672899731321724, Evaluations = 6432
Generation 201: Best Solution = [-0.35687809  4.94777267 -0.53250154  0.86438306 -7.82265187 -0.70235048
 -6.8124627  -1.47740909 -8.75651961 -0.21218431], Best Fitness = 0.5672899731321724, Evaluations = 6464
Generation 202: Best Solution = [-0.35687809  4.94777267 -0.53250154  0.86438306 -7.82265187 -0.70235048
 -6.8124627  -1.47740909 -8.75651961 -0.21218431], Best Fitness = 0.5672899731321724, Evaluations = 6496
Generation 203: Best Solution = [-0.35687809  4.94777267 -0.53250154  0.86438306 -7.82265187 -0.70235048
 -6.8124627  -1.47740909 -8.75651961 -0.21218431], Best Fitness = 0.5672899731321724, Evaluations = 6528
Generation 204: Best Solution = [-0.35687809  4.94777267 -0.53250154  0.86438306 -7.82265187 -0.70235048
 -6.8124627  -1.47740909 -8.75651961 -0.21218431], Best Fitness = 0.5672899731321724, Evaluations = 6560
Generation 205: Best Solution = [-0.35687809  4.94777267 -0.53250154  0.86438306 -7.82265187 -0.70235048
 -6.8124627  -1.47740909 -8.75651961 -0.21218431], Best Fitness = 0.5672899731321724, Evaluations = 6592
Generation 206: Best Solution = [-0.35687809  4.94777267 -0.53250154  0.86438306 -7.82265187 -0.70235048
 -6.8124627  -1.47740909 -8.75651961 -0.21218431], Best Fitness = 0.5672899731321724, Evaluations = 6624
Generation 207: Best Solution = [-0.35687809  4.94777267 -0.53250154  0.86438306 -7.82265187 -0.70235048
 -6.8124627  -1.47740909 -8.75651961 -0.21218431], Best Fitness = 0.5672899731321724, Evaluations = 6656
Generation 208: Best Solution = [-0.35687809  4.94777267 -0.53250154  0.86438306 -7.82265187 -0.70235048
 -6.8124627  -1.47740909 -8.75651961 -0.21218431], Best Fitness = 0.5672899731321724, Evaluations = 6688
Generation 209: Best Solution = [-0.35687809  4.94777267 -0.53250154  0.86438306 -7.82265187 -0.70235048
 -6.8124627  -1.47740909 -8.75651961 -0.21218431], Best Fitness = 0.5672899731321724, Evaluations = 6720
Generation 210: Best Solution = [-0.35687809  4.94777267 -0.53250154  0.86438306 -7.82265187 -0.70235048
 -6.8124627  -1.47740909 -8.75651961 -0.21218431], Best Fitness = 0.5672899731321724, Evaluations = 6752
Generation 211: Best Solution = [-0.35687809  4.94777267 -0.53250154  0.86438306 -7.82265187 -0.70235048
 -6.8124627  -1.47740909 -8.75651961 -0.21218431], Best Fitness = 0.5672899731321724, Evaluations = 6784
Generation 212: Best Solution = [-0.35687809  4.94777267 -0.53250154  0.86438306 -7.82265187 -0.70235048
 -6.8124627  -1.47740909 -8.75651961 -0.21218431], Best Fitness = 0.5672899731321724, Evaluations = 6816
Generation 213: Best Solution = [-0.35687809  4.94777267 -0.53250154  0.86438306 -7.82265187 -0.70235048
 -6.8124627  -1.47740909 -8.75651961 -0.21218431], Best Fitness = 0.5672899731321724, Evaluations = 6848
Generation 214: Best Solution = [-0.35687809  4.94777267 -0.53250154  0.86438306 -7.82265187 -0.70235048
 -6.8124627  -1.47740909 -8.75651961 -0.21218431], Best Fitness = 0.5672899731321724, Evaluations = 6880
Generation 215: Best Solution = [-0.35687809  4.94777267 -0.53250154  0.86438306 -7.82265187 -0.70235048
 -6.8124627  -1.47740909 -8.75651961 -0.21218431], Best Fitness = 0.5672899731321724, Evaluations = 6912
Generation 216: Best Solution = [-0.35687809  4.94777267 -0.53250154  0.86438306 -7.82265187 -0.70235048
 -6.8124627  -1.47740909 -8.75651961 -0.21218431], Best Fitness = 0.5672899731321724, Evaluations = 6944
Generation 217: Best Solution = [-0.35687809  4.94777267 -0.53250154  0.86438306 -7.82265187 -0.70235048
 -6.8124627  -1.47740909 -8.75651961 -0.21218431], Best Fitness = 0.5672899731321724, Evaluations = 6976
Generation 218: Best Solution = [-0.35687809  4.94777267 -0.53250154  0.86438306 -7.82265187 -0.70235048
 -6.8124627  -1.47740909 -8.75651961 -0.21218431], Best Fitness = 0.5672899731321724, Evaluations = 7008
Generation 219: Best Solution = [-0.35687809  4.94777267 -0.53250154  0.86438306 -7.82265187 -0.70235048
 -6.8124627  -1.47740909 -8.75651961 -0.21218431], Best Fitness = 0.5672899731321724, Evaluations = 7040
Generation 220: Best Solution = [-0.35687809  4.94777267 -0.53250154  0.86438306 -7.82265187 -0.70235048
 -6.8124627  -1.47740909 -8.75651961 -0.21218431], Best Fitness = 0.5672899731321724, Evaluations = 7072
Generation 221: Best Solution = [-0.35687809  4.94777267 -0.53250154  0.86438306 -7.82265187 -0.70235048
 -6.8124627  -1.47740909 -8.75651961 -0.21218431], Best Fitness = 0.5672899731321724, Evaluations = 7104
Generation 222: Best Solution = [-0.35687809  4.94777267 -0.53250154  0.86438306 -7.82265187 -0.70235048
 -6.8124627  -1.47740909 -8.75651961 -0.21218431], Best Fitness = 0.5672899731321724, Evaluations = 7136
Generation 223: Best Solution = [-0.35687809  4.94777267 -0.53250154  0.86438306 -7.82265187 -0.70235048
 -6.8124627  -1.47740909 -8.75651961 -0.21218431], Best Fitness = 0.5672899731321724, Evaluations = 7168
Generation 224: Best Solution = [-0.35687809  4.94777267 -0.53250154  0.86438306 -7.82265187 -0.70235048
 -6.8124627  -1.47740909 -8.75651961 -0.21218431], Best Fitness = 0.5672899731321724, Evaluations = 7200
Generation 225: Best Solution = [-0.35687809  4.94777267 -0.53250154  0.86438306 -7.82265187 -0.70235048
 -6.8124627  -1.47740909 -8.75651961 -0.21218431], Best Fitness = 0.5672899731321724, Evaluations = 7232
Generation 226: Best Solution = [-0.35687809  4.94777267 -0.53250154  0.86438306 -7.82265187 -0.70235048
 -6.8124627  -1.47740909 -8.75651961 -0.21218431], Best Fitness = 0.5672899731321724, Evaluations = 7264
Generation 227: Best Solution = [-0.35687809  4.94777267 -0.53250154  0.86438306 -7.82265187 -0.70235048
 -6.8124627  -1.47740909 -8.75651961 -0.21218431], Best Fitness = 0.5672899731321724, Evaluations = 7296
Generation 228: Best Solution = [-0.35687809  4.94777267 -0.53250154  0.86438306 -7.82265187 -0.70235048
 -6.8124627  -1.47740909 -8.75651961 -0.21218431], Best Fitness = 0.5672899731321724, Evaluations = 7328
Generation 229: Best Solution = [-0.35687809  4.94777267 -0.53250154  0.86438306 -7.82265187 -0.70235048
 -6.8124627  -1.47740909 -8.75651961 -0.21218431], Best Fitness = 0.5672899731321724, Evaluations = 7360
Generation 230: Best Solution = [-0.35687809  4.94777267 -0.53250154  0.86438306 -7.82265187 -0.70235048
 -6.8124627  -1.47740909 -8.75651961 -0.21218431], Best Fitness = 0.5672899731321724, Evaluations = 7392
Generation 231: Best Solution = [-0.35687809  4.94777267 -0.53250154  0.86438306 -7.82265187 -0.70235048
 -6.8124627  -1.47740909 -8.75651961 -0.21218431], Best Fitness = 0.5672899731321724, Evaluations = 7424
Generation 232: Best Solution = [-0.35687809  4.94777267 -0.53250154  0.86438306 -7.82265187 -0.70235048
 -6.8124627  -1.47740909 -8.75651961 -0.21218431], Best Fitness = 0.5672899731321724, Evaluations = 7456
Generation 233: Best Solution = [-0.35687809  4.94777267 -0.53250154  0.86438306 -7.82265187 -0.70235048
 -6.8124627  -1.47740909 -8.75651961 -0.21218431], Best Fitness = 0.5672899731321724, Evaluations = 7488
Generation 234: Best Solution = [-0.35687809  4.94777267 -0.53250154  0.86438306 -7.82265187 -0.70235048
 -6.8124627  -1.47740909 -8.75651961 -0.21218431], Best Fitness = 0.5672899731321724, Evaluations = 7520
Generation 235: Best Solution = [-0.35687809  4.94777267 -0.53250154  0.86438306 -7.82265187 -0.70235048
 -6.8124627  -1.47740909 -8.75651961 -0.21218431], Best Fitness = 0.5672899731321724, Evaluations = 7552
Generation 236: Best Solution = [-0.35687809  4.94777267 -0.53250154  0.86438306 -7.82265187 -0.70235048
 -6.8124627  -1.47740909 -8.75651961 -0.21218431], Best Fitness = 0.5672899731321724, Evaluations = 7584
Generation 237: Best Solution = [-0.35687809  4.94777267 -0.53250154  0.86438306 -7.82265187 -0.70235048
 -6.8124627  -1.47740909 -8.75651961 -0.21218431], Best Fitness = 0.5672899731321724, Evaluations = 7616
Generation 238: Best Solution = [-0.35687809  4.94777267 -0.53250154  0.86438306 -7.82265187 -0.70235048
 -6.8124627  -1.47740909 -8.75651961 -0.21218431], Best Fitness = 0.5672899731321724, Evaluations = 7648
Generation 239: Best Solution = [-0.35687809  4.94777267 -0.53250154  0.86438306 -7.82265187 -0.70235048
 -6.8124627  -1.47740909 -8.75651961 -0.21218431], Best Fitness = 0.5672899731321724, Evaluations = 7680
Generation 240: Best Solution = [-0.35687809  4.94777267 -0.53250154  0.86438306 -7.82265187 -0.70235048
 -6.8124627  -1.47740909 -8.75651961 -0.21218431], Best Fitness = 0.5672899731321724, Evaluations = 7712
Generation 241: Best Solution = [-0.35687809  4.94777267 -0.53250154  0.86438306 -7.82265187 -0.70235048
 -6.8124627  -1.47740909 -8.75651961 -0.21218431], Best Fitness = 0.5672899731321724, Evaluations = 7744
Generation 242: Best Solution = [-6.5837622  -4.27590258  0.31639614  0.72585941  6.246714    0.60376935
 -1.20925288 -8.18239755 -1.60268784  8.65286573], Best Fitness = 0.5150265776743125, Evaluations = 7776
Generation 243: Best Solution = [ 9.87055902 -9.07358205 -0.56864425  0.05418385  0.47394855  0.80865642
 -9.09092616  0.34247193  1.90581248  1.24376186], Best Fitness = 0.5144913949728579, Evaluations = 7808
Generation 244: Best Solution = [ 9.87055902 -9.07358205 -0.56864425  0.05418385  0.47394855  0.80865642
 -9.09092616  0.34247193  1.90581248  1.24376186], Best Fitness = 0.5144913949728579, Evaluations = 7840
Generation 245: Best Solution = [ 9.87055902 -9.07358205 -0.56864425  0.05418385  0.47394855  0.80865642
 -9.09092616  0.34247193  1.90581248  1.24376186], Best Fitness = 0.5144913949728579, Evaluations = 7872
Generation 246: Best Solution = [ 9.87055902 -9.07358205 -0.56864425  0.05418385  0.47394855  0.80865642
 -9.09092616  0.34247193  1.90581248  1.24376186], Best Fitness = 0.5144913949728579, Evaluations = 7904
Generation 247: Best Solution = [-0.06843348  4.14250569  1.35061683 -0.01436521 -6.64463751 -0.25096249
  0.41807515 -9.18141849  1.41195198 -9.03091556], Best Fitness = 0.4868139677583483, Evaluations = 7936
Generation 248: Best Solution = [-0.06843348  4.14250569  1.35061683 -0.01436521 -6.64463751 -0.25096249
  0.41807515 -9.18141849  1.41195198 -9.03091556], Best Fitness = 0.4868139677583483, Evaluations = 7968
Generation 249: Best Solution = [-0.06843348  4.14250569  1.35061683 -0.01436521 -6.64463751 -0.25096249
  0.41807515 -9.18141849  1.41195198 -9.03091556], Best Fitness = 0.4868139677583483, Evaluations = 8000
Generation 250: Best Solution = [-0.06843348  4.14250569  1.35061683 -0.01436521 -6.64463751 -0.25096249
  0.41807515 -9.18141849  1.41195198 -9.03091556], Best Fitness = 0.4868139677583483, Evaluations = 8032
Generation 251: Best Solution = [-0.06843348  4.14250569  1.35061683 -0.01436521 -6.64463751 -0.25096249
  0.41807515 -9.18141849  1.41195198 -9.03091556], Best Fitness = 0.4868139677583483, Evaluations = 8064
Generation 252: Best Solution = [-0.06843348  4.14250569  1.35061683 -0.01436521 -6.64463751 -0.25096249
  0.41807515 -9.18141849  1.41195198 -9.03091556], Best Fitness = 0.4868139677583483, Evaluations = 8096
Generation 253: Best Solution = [-0.06843348  4.14250569  1.35061683 -0.01436521 -6.64463751 -0.25096249
  0.41807515 -9.18141849  1.41195198 -9.03091556], Best Fitness = 0.4868139677583483, Evaluations = 8128
Generation 254: Best Solution = [-0.06843348  4.14250569  1.35061683 -0.01436521 -6.64463751 -0.25096249
  0.41807515 -9.18141849  1.41195198 -9.03091556], Best Fitness = 0.4868139677583483, Evaluations = 8160
Generation 255: Best Solution = [-0.06843348  4.14250569  1.35061683 -0.01436521 -6.64463751 -0.25096249
  0.41807515 -9.18141849  1.41195198 -9.03091556], Best Fitness = 0.4868139677583483, Evaluations = 8192
Generation 256: Best Solution = [-0.06843348  4.14250569  1.35061683 -0.01436521 -6.64463751 -0.25096249
  0.41807515 -9.18141849  1.41195198 -9.03091556], Best Fitness = 0.4868139677583483, Evaluations = 8224
Generation 257: Best Solution = [-0.06843348  4.14250569  1.35061683 -0.01436521 -6.64463751 -0.25096249
  0.41807515 -9.18141849  1.41195198 -9.03091556], Best Fitness = 0.4868139677583483, Evaluations = 8256
Generation 258: Best Solution = [-0.06843348  4.14250569  1.35061683 -0.01436521 -6.64463751 -0.25096249
  0.41807515 -9.18141849  1.41195198 -9.03091556], Best Fitness = 0.4868139677583483, Evaluations = 8288
Generation 259: Best Solution = [-0.06843348  4.14250569  1.35061683 -0.01436521 -6.64463751 -0.25096249
  0.41807515 -9.18141849  1.41195198 -9.03091556], Best Fitness = 0.4868139677583483, Evaluations = 8320
Generation 260: Best Solution = [-0.06843348  4.14250569  1.35061683 -0.01436521 -6.64463751 -0.25096249
  0.41807515 -9.18141849  1.41195198 -9.03091556], Best Fitness = 0.4868139677583483, Evaluations = 8352
Generation 261: Best Solution = [-0.06843348  4.14250569  1.35061683 -0.01436521 -6.64463751 -0.25096249
  0.41807515 -9.18141849  1.41195198 -9.03091556], Best Fitness = 0.4868139677583483, Evaluations = 8384
Generation 262: Best Solution = [-0.06843348  4.14250569  1.35061683 -0.01436521 -6.64463751 -0.25096249
  0.41807515 -9.18141849  1.41195198 -9.03091556], Best Fitness = 0.4868139677583483, Evaluations = 8416
Generation 263: Best Solution = [-0.06843348  4.14250569  1.35061683 -0.01436521 -6.64463751 -0.25096249
  0.41807515 -9.18141849  1.41195198 -9.03091556], Best Fitness = 0.4868139677583483, Evaluations = 8448
Generation 264: Best Solution = [-0.06843348  4.14250569  1.35061683 -0.01436521 -6.64463751 -0.25096249
  0.41807515 -9.18141849  1.41195198 -9.03091556], Best Fitness = 0.4868139677583483, Evaluations = 8480
Generation 265: Best Solution = [-0.06843348  4.14250569  1.35061683 -0.01436521 -6.64463751 -0.25096249
  0.41807515 -9.18141849  1.41195198 -9.03091556], Best Fitness = 0.4868139677583483, Evaluations = 8512
Generation 266: Best Solution = [-0.06843348  4.14250569  1.35061683 -0.01436521 -6.64463751 -0.25096249
  0.41807515 -9.18141849  1.41195198 -9.03091556], Best Fitness = 0.4868139677583483, Evaluations = 8544
Generation 267: Best Solution = [-0.06843348  4.14250569  1.35061683 -0.01436521 -6.64463751 -0.25096249
  0.41807515 -9.18141849  1.41195198 -9.03091556], Best Fitness = 0.4868139677583483, Evaluations = 8576
Generation 268: Best Solution = [-0.06843348  4.14250569  1.35061683 -0.01436521 -6.64463751 -0.25096249
  0.41807515 -9.18141849  1.41195198 -9.03091556], Best Fitness = 0.4868139677583483, Evaluations = 8608
Generation 269: Best Solution = [-0.06843348  4.14250569  1.35061683 -0.01436521 -6.64463751 -0.25096249
  0.41807515 -9.18141849  1.41195198 -9.03091556], Best Fitness = 0.4868139677583483, Evaluations = 8640
Generation 270: Best Solution = [-0.06843348  4.14250569  1.35061683 -0.01436521 -6.64463751 -0.25096249
  0.41807515 -9.18141849  1.41195198 -9.03091556], Best Fitness = 0.4868139677583483, Evaluations = 8672
Generation 271: Best Solution = [-0.06843348  4.14250569  1.35061683 -0.01436521 -6.64463751 -0.25096249
  0.41807515 -9.18141849  1.41195198 -9.03091556], Best Fitness = 0.4868139677583483, Evaluations = 8704
Generation 272: Best Solution = [-0.06843348  4.14250569  1.35061683 -0.01436521 -6.64463751 -0.25096249
  0.41807515 -9.18141849  1.41195198 -9.03091556], Best Fitness = 0.4868139677583483, Evaluations = 8736
Generation 273: Best Solution = [-0.06843348  4.14250569  1.35061683 -0.01436521 -6.64463751 -0.25096249
  0.41807515 -9.18141849  1.41195198 -9.03091556], Best Fitness = 0.4868139677583483, Evaluations = 8768
Generation 274: Best Solution = [-0.06843348  4.14250569  1.35061683 -0.01436521 -6.64463751 -0.25096249
  0.41807515 -9.18141849  1.41195198 -9.03091556], Best Fitness = 0.4868139677583483, Evaluations = 8800
Generation 275: Best Solution = [-0.06843348  4.14250569  1.35061683 -0.01436521 -6.64463751 -0.25096249
  0.41807515 -9.18141849  1.41195198 -9.03091556], Best Fitness = 0.4868139677583483, Evaluations = 8832
Generation 276: Best Solution = [-0.06843348  4.14250569  1.35061683 -0.01436521 -6.64463751 -0.25096249
  0.41807515 -9.18141849  1.41195198 -9.03091556], Best Fitness = 0.4868139677583483, Evaluations = 8864
Generation 277: Best Solution = [-0.06843348  4.14250569  1.35061683 -0.01436521 -6.64463751 -0.25096249
  0.41807515 -9.18141849  1.41195198 -9.03091556], Best Fitness = 0.4868139677583483, Evaluations = 8896
Generation 278: Best Solution = [ -6.42482042   0.07520524   0.61100499   5.86703545 -13.63765094
   0.55040153  -0.51841792   1.26410058  -8.65002676   0.90172672], Best Fitness = 0.37107277338324374, Evaluations = 8928
Generation 279: Best Solution = [ -6.42482042   0.07520524   0.61100499   5.86703545 -13.63765094
   0.55040153  -0.51841792   1.26410058  -8.65002676   0.90172672], Best Fitness = 0.37107277338324374, Evaluations = 8960
Generation 280: Best Solution = [ -6.42482042   0.07520524   0.61100499   5.86703545 -13.63765094
   0.55040153  -0.51841792   1.26410058  -8.65002676   0.90172672], Best Fitness = 0.37107277338324374, Evaluations = 8992
Generation 281: Best Solution = [ -6.42482042   0.07520524   0.61100499   5.86703545 -13.63765094
   0.55040153  -0.51841792   1.26410058  -8.65002676   0.90172672], Best Fitness = 0.37107277338324374, Evaluations = 9024
Generation 282: Best Solution = [ -6.42482042   0.07520524   0.61100499   5.86703545 -13.63765094
   0.55040153  -0.51841792   1.26410058  -8.65002676   0.90172672], Best Fitness = 0.37107277338324374, Evaluations = 9056
Generation 283: Best Solution = [ -6.42482042   0.07520524   0.61100499   5.86703545 -13.63765094
   0.55040153  -0.51841792   1.26410058  -8.65002676   0.90172672], Best Fitness = 0.37107277338324374, Evaluations = 9088
Generation 284: Best Solution = [ -6.42482042   0.07520524   0.61100499   5.86703545 -13.63765094
   0.55040153  -0.51841792   1.26410058  -8.65002676   0.90172672], Best Fitness = 0.37107277338324374, Evaluations = 9120
Generation 285: Best Solution = [ -6.42482042   0.07520524   0.61100499   5.86703545 -13.63765094
   0.55040153  -0.51841792   1.26410058  -8.65002676   0.90172672], Best Fitness = 0.37107277338324374, Evaluations = 9152
Generation 286: Best Solution = [ -6.42482042   0.07520524   0.61100499   5.86703545 -13.63765094
   0.55040153  -0.51841792   1.26410058  -8.65002676   0.90172672], Best Fitness = 0.37107277338324374, Evaluations = 9184
Generation 287: Best Solution = [ -6.42482042   0.07520524   0.61100499   5.86703545 -13.63765094
   0.55040153  -0.51841792   1.26410058  -8.65002676   0.90172672], Best Fitness = 0.37107277338324374, Evaluations = 9216
Generation 288: Best Solution = [ -6.42482042   0.07520524   0.61100499   5.86703545 -13.63765094
   0.55040153  -0.51841792   1.26410058  -8.65002676   0.90172672], Best Fitness = 0.37107277338324374, Evaluations = 9248
Generation 289: Best Solution = [ -6.42482042   0.07520524   0.61100499   5.86703545 -13.63765094
   0.55040153  -0.51841792   1.26410058  -8.65002676   0.90172672], Best Fitness = 0.37107277338324374, Evaluations = 9280
Generation 290: Best Solution = [ -6.42482042   0.07520524   0.61100499   5.86703545 -13.63765094
   0.55040153  -0.51841792   1.26410058  -8.65002676   0.90172672], Best Fitness = 0.37107277338324374, Evaluations = 9312
Generation 291: Best Solution = [ -6.42482042   0.07520524   0.61100499   5.86703545 -13.63765094
   0.55040153  -0.51841792   1.26410058  -8.65002676   0.90172672], Best Fitness = 0.37107277338324374, Evaluations = 9344
Generation 292: Best Solution = [ -6.42482042   0.07520524   0.61100499   5.86703545 -13.63765094
   0.55040153  -0.51841792   1.26410058  -8.65002676   0.90172672], Best Fitness = 0.37107277338324374, Evaluations = 9376
Generation 293: Best Solution = [ -6.42482042   0.07520524   0.61100499   5.86703545 -13.63765094
   0.55040153  -0.51841792   1.26410058  -8.65002676   0.90172672], Best Fitness = 0.37107277338324374, Evaluations = 9408
Generation 294: Best Solution = [ -6.42482042   0.07520524   0.61100499   5.86703545 -13.63765094
   0.55040153  -0.51841792   1.26410058  -8.65002676   0.90172672], Best Fitness = 0.37107277338324374, Evaluations = 9440
Generation 295: Best Solution = [ -6.42482042   0.07520524   0.61100499   5.86703545 -13.63765094
   0.55040153  -0.51841792   1.26410058  -8.65002676   0.90172672], Best Fitness = 0.37107277338324374, Evaluations = 9472
Generation 296: Best Solution = [ -6.42482042   0.07520524   0.61100499   5.86703545 -13.63765094
   0.55040153  -0.51841792   1.26410058  -8.65002676   0.90172672], Best Fitness = 0.37107277338324374, Evaluations = 9504
Generation 297: Best Solution = [ -6.42482042   0.07520524   0.61100499   5.86703545 -13.63765094
   0.55040153  -0.51841792   1.26410058  -8.65002676   0.90172672], Best Fitness = 0.37107277338324374, Evaluations = 9536
Generation 298: Best Solution = [ -6.42482042   0.07520524   0.61100499   5.86703545 -13.63765094
   0.55040153  -0.51841792   1.26410058  -8.65002676   0.90172672], Best Fitness = 0.37107277338324374, Evaluations = 9568
Generation 299: Best Solution = [ -6.42482042   0.07520524   0.61100499   5.86703545 -13.63765094
   0.55040153  -0.51841792   1.26410058  -8.65002676   0.90172672], Best Fitness = 0.37107277338324374, Evaluations = 9600
Generation 300: Best Solution = [ -6.42482042   0.07520524   0.61100499   5.86703545 -13.63765094
   0.55040153  -0.51841792   1.26410058  -8.65002676   0.90172672], Best Fitness = 0.37107277338324374, Evaluations = 9632
Generation 301: Best Solution = [ -6.42482042   0.07520524   0.61100499   5.86703545 -13.63765094
   0.55040153  -0.51841792   1.26410058  -8.65002676   0.90172672], Best Fitness = 0.37107277338324374, Evaluations = 9664
Generation 302: Best Solution = [ -6.42482042   0.07520524   0.61100499   5.86703545 -13.63765094
   0.55040153  -0.51841792   1.26410058  -8.65002676   0.90172672], Best Fitness = 0.37107277338324374, Evaluations = 9696
Generation 303: Best Solution = [ -6.42482042   0.07520524   0.61100499   5.86703545 -13.63765094
   0.55040153  -0.51841792   1.26410058  -8.65002676   0.90172672], Best Fitness = 0.37107277338324374, Evaluations = 9728
Generation 304: Best Solution = [ -6.42482042   0.07520524   0.61100499   5.86703545 -13.63765094
   0.55040153  -0.51841792   1.26410058  -8.65002676   0.90172672], Best Fitness = 0.37107277338324374, Evaluations = 9760
Generation 305: Best Solution = [ -6.42482042   0.07520524   0.61100499   5.86703545 -13.63765094
   0.55040153  -0.51841792   1.26410058  -8.65002676   0.90172672], Best Fitness = 0.37107277338324374, Evaluations = 9792
Generation 306: Best Solution = [ -6.42482042   0.07520524   0.61100499   5.86703545 -13.63765094
   0.55040153  -0.51841792   1.26410058  -8.65002676   0.90172672], Best Fitness = 0.37107277338324374, Evaluations = 9824
Generation 307: Best Solution = [ -6.42482042   0.07520524   0.61100499   5.86703545 -13.63765094
   0.55040153  -0.51841792   1.26410058  -8.65002676   0.90172672], Best Fitness = 0.37107277338324374, Evaluations = 9856
Generation 308: Best Solution = [ -6.42482042   0.07520524   0.61100499   5.86703545 -13.63765094
   0.55040153  -0.51841792   1.26410058  -8.65002676   0.90172672], Best Fitness = 0.37107277338324374, Evaluations = 9888
Generation 309: Best Solution = [ -6.42482042   0.07520524   0.61100499   5.86703545 -13.63765094
   0.55040153  -0.51841792   1.26410058  -8.65002676   0.90172672], Best Fitness = 0.37107277338324374, Evaluations = 9920
Generation 310: Best Solution = [ -6.42482042   0.07520524   0.61100499   5.86703545 -13.63765094
   0.55040153  -0.51841792   1.26410058  -8.65002676   0.90172672], Best Fitness = 0.37107277338324374, Evaluations = 9952
Generation 311: Best Solution = [ -6.42482042   0.07520524   0.61100499   5.86703545 -13.63765094
   0.55040153  -0.51841792   1.26410058  -8.65002676   0.90172672], Best Fitness = 0.37107277338324374, Evaluations = 9984
Generation 312: Best Solution = [ -6.42482042   0.07520524   0.61100499   5.86703545 -13.63765094
   0.55040153  -0.51841792   1.26410058  -8.65002676   0.90172672], Best Fitness = 0.37107277338324374, Evaluations = 10016
