Algorithm: Differential Evolution
Objective Function: Rosenbrock
Dimension: 10
Population Size: 64
Max Evaluations: 10000

Generation 0: Best Solution = [ 2.79181145 -4.3038863  -2.72231397  0.95598795  1.98419938  4.86103796
 -0.40953301 -3.23324086  0.67960116  6.94065818], Best Fitness = 136918.46159735267, Evaluations = 64
Generation 1: Best Solution = [ 1.71648396  0.45819089  4.48483469  0.35266636  3.83962619  2.98720059
  1.68853072 -1.01742079 -2.25550437  4.172769  ], Best Fitness = 64633.976218171905, Evaluations = 128
Generation 2: Best Solution = [ 1.71648396  0.45819089  4.48483469  0.35266636  3.83962619  2.98720059
  1.68853072 -1.01742079 -2.25550437  4.172769  ], Best Fitness = 64633.976218171905, Evaluations = 192
Generation 3: Best Solution = [ 1.71648396  0.45819089  4.48483469  0.35266636  3.83962619  2.98720059
  1.68853072 -1.01742079 -2.25550437  4.172769  ], Best Fitness = 64633.976218171905, Evaluations = 256
Generation 4: Best Solution = [-3.58966049  3.06893322 -2.54705661  2.94355349 -1.6911288   1.58501845
  1.62586706  2.89399643  3.94418046  2.5325229 ], Best Fitness = 55169.07259033513, Evaluations = 320
Generation 5: Best Solution = [-3.58966049  3.06893322 -2.54705661  2.94355349 -1.6911288   1.58501845
  1.62586706  2.89399643  3.94418046  2.5325229 ], Best Fitness = 55169.07259033513, Evaluations = 384
Generation 6: Best Solution = [-3.58966049  3.06893322 -2.54705661  2.94355349 -1.6911288   1.58501845
  1.62586706  2.89399643  3.94418046  2.5325229 ], Best Fitness = 55169.07259033513, Evaluations = 448
Generation 7: Best Solution = [-3.58966049  3.06893322 -2.54705661  2.94355349 -1.6911288   1.58501845
  1.62586706  2.89399643  3.94418046  2.5325229 ], Best Fitness = 55169.07259033513, Evaluations = 512
Generation 8: Best Solution = [-1.78089179  1.7846237  -1.24905796  4.48535367 -1.39179058 -1.67791309
 -0.20002239 -2.10086441  0.27553831 -2.86629014], Best Fitness = 54585.34303662017, Evaluations = 576
Generation 9: Best Solution = [-1.78089179  1.7846237  -1.24905796  4.48535367 -1.39179058 -1.67791309
 -0.20002239 -2.10086441  0.27553831 -2.86629014], Best Fitness = 54585.34303662017, Evaluations = 640
Generation 10: Best Solution = [-1.78089179  3.16544498 -1.24905796  0.07769762 -1.39179058  1.4593161
 -0.20002239 -2.10086441  0.27553831 -2.86629014], Best Fitness = 16752.18339483745, Evaluations = 704
Generation 11: Best Solution = [-1.78089179  3.16544498 -1.24905796  0.07769762 -1.39179058  1.4593161
 -0.20002239 -2.10086441  0.27553831 -2.86629014], Best Fitness = 16752.18339483745, Evaluations = 768
Generation 12: Best Solution = [-1.78089179  3.16544498 -1.24905796  0.07769762 -1.39179058  1.4593161
 -0.20002239 -2.10086441  0.27553831 -2.86629014], Best Fitness = 16752.18339483745, Evaluations = 832
Generation 13: Best Solution = [-1.78089179  3.16544498 -1.24905796  0.07769762 -1.39179058  1.4593161
 -0.20002239 -2.10086441  0.27553831 -2.86629014], Best Fitness = 16752.18339483745, Evaluations = 896
Generation 14: Best Solution = [-1.78089179  3.16544498 -1.24905796  0.07769762 -1.39179058  1.4593161
 -0.20002239 -2.10086441  0.27553831 -2.86629014], Best Fitness = 16752.18339483745, Evaluations = 960
Generation 15: Best Solution = [-1.78089179  3.16544498 -1.24905796  0.07769762 -1.39179058  1.4593161
 -0.20002239 -2.10086441  0.27553831 -2.86629014], Best Fitness = 16752.18339483745, Evaluations = 1024
Generation 16: Best Solution = [-1.78089179  3.16544498 -1.24905796  0.07769762 -1.39179058  1.4593161
 -0.20002239 -2.10086441  0.27553831 -2.86629014], Best Fitness = 16752.18339483745, Evaluations = 1088
Generation 17: Best Solution = [ 1.71618461 -2.37986696  1.74868989  0.17469922  1.82984671 -2.05673934
  0.17496315 -0.6085765   3.01182241 10.        ], Best Fitness = 10944.928717473422, Evaluations = 1152
Generation 18: Best Solution = [ 1.71618461 -2.37986696  1.74868989  0.17469922  1.82984671 -2.05673934
  0.17496315 -0.6085765   3.01182241 10.        ], Best Fitness = 10944.928717473422, Evaluations = 1216
Generation 19: Best Solution = [ 1.71648396  0.45819089 -0.76177387  0.35266636 -0.04934841  1.25252304
  1.54847955 -1.01742079  0.7484516   4.172769  ], Best Fitness = 3367.606625757846, Evaluations = 1280
Generation 20: Best Solution = [ 1.71648396  0.45819089 -0.76177387  0.35266636 -0.04934841  1.25252304
  1.54847955 -1.01742079  0.7484516   4.172769  ], Best Fitness = 3367.606625757846, Evaluations = 1344
Generation 21: Best Solution = [ 1.71648396  0.45819089 -0.76177387  0.35266636 -0.04934841  1.25252304
  1.54847955 -1.01742079  0.7484516   4.172769  ], Best Fitness = 3367.606625757846, Evaluations = 1408
Generation 22: Best Solution = [ 1.71648396  0.45819089 -0.76177387  0.35266636 -0.04934841  1.25252304
  1.54847955 -1.01742079  0.7484516   4.172769  ], Best Fitness = 3367.606625757846, Evaluations = 1472
Generation 23: Best Solution = [ 1.71648396  0.45819089 -0.76177387  0.35266636 -0.04934841  1.25252304
  1.54847955 -1.01742079  0.7484516   4.172769  ], Best Fitness = 3367.606625757846, Evaluations = 1536
Generation 24: Best Solution = [ 1.61752438 -0.60318277 -0.94020131  0.07717015 -0.31552957 -1.26791619
  0.30182163 -0.71375901  2.13000038  1.83801851], Best Fitness = 2714.4849589937303, Evaluations = 1600
Generation 25: Best Solution = [ 1.61752438 -0.60318277 -0.94020131  0.07717015 -0.31552957 -1.26791619
  0.30182163 -0.71375901  2.13000038  1.83801851], Best Fitness = 2714.4849589937303, Evaluations = 1664
Generation 26: Best Solution = [ 1.61752438 -0.60318277 -0.94020131  0.07717015 -0.31552957 -1.26791619
  0.30182163 -0.71375901  2.13000038  1.83801851], Best Fitness = 2714.4849589937303, Evaluations = 1728
Generation 27: Best Solution = [ 1.61752438 -0.60318277 -0.94020131  0.07717015 -0.31552957 -1.26791619
  0.30182163 -0.71375901  2.13000038  1.83801851], Best Fitness = 2714.4849589937303, Evaluations = 1792
Generation 28: Best Solution = [ 1.61752438 -0.60318277 -0.94020131  0.07717015 -0.31552957 -1.26791619
  0.30182163 -0.71375901  2.13000038  1.83801851], Best Fitness = 2714.4849589937303, Evaluations = 1856
Generation 29: Best Solution = [ 1.61752438 -0.60318277 -0.94020131  0.07717015 -0.31552957 -1.26791619
  0.30182163 -0.71375901  2.13000038  1.83801851], Best Fitness = 2714.4849589937303, Evaluations = 1920
Generation 30: Best Solution = [ 1.61752438 -0.60318277 -0.94020131  0.07717015 -0.31552957 -1.26791619
  0.30182163 -0.71375901  2.13000038  1.83801851], Best Fitness = 2714.4849589937303, Evaluations = 1984
Generation 31: Best Solution = [ 1.61752438 -0.60318277 -0.94020131  0.07717015 -0.31552957 -1.26791619
  0.30182163 -0.71375901  2.13000038  1.83801851], Best Fitness = 2714.4849589937303, Evaluations = 2048
Generation 32: Best Solution = [ 1.61752438 -0.60318277 -0.94020131  0.07717015 -0.31552957 -1.26791619
  0.30182163 -0.71375901  2.13000038  1.83801851], Best Fitness = 2714.4849589937303, Evaluations = 2112
Generation 33: Best Solution = [ 1.61752438 -0.60318277 -0.94020131  0.07717015 -0.31552957 -1.26791619
  0.30182163 -0.71375901  2.13000038  1.83801851], Best Fitness = 2714.4849589937303, Evaluations = 2176
Generation 34: Best Solution = [-0.66755494  0.30018244 -1.6387466   0.17469922 -0.99808285 -0.86213585
 -0.42873194  0.46183528  3.01182241  7.79378125], Best Fitness = 2498.7176618970702, Evaluations = 2240
Generation 35: Best Solution = [ 0.54358664  1.21895239  0.72924162 -0.86336713 -0.18002025 -0.51680387
 -0.89297683  1.31202177 -1.33335391  4.50064448], Best Fitness = 2305.1759038034315, Evaluations = 2304
Generation 36: Best Solution = [ 0.54358664  1.21895239  0.72924162 -0.86336713 -0.18002025 -0.51680387
 -0.89297683  1.31202177 -1.33335391  4.50064448], Best Fitness = 2305.1759038034315, Evaluations = 2368
Generation 37: Best Solution = [ 0.54358664  1.21895239  0.72924162 -0.86336713 -0.18002025 -0.51680387
 -0.89297683  1.31202177 -1.33335391  4.50064448], Best Fitness = 2305.1759038034315, Evaluations = 2432
Generation 38: Best Solution = [-0.17267042  0.29521465 -0.19717371  0.98357509 -0.0960485   0.51558389
 -0.59455187  0.15431759 -0.60483373  0.0019186 ], Best Fitness = 384.43885132340836, Evaluations = 2496
Generation 39: Best Solution = [-0.17267042  0.29521465 -0.19717371  0.98357509 -0.0960485   0.51558389
 -0.59455187  0.15431759 -0.60483373  0.0019186 ], Best Fitness = 384.43885132340836, Evaluations = 2560
Generation 40: Best Solution = [-0.17267042  0.29521465 -0.19717371  0.98357509 -0.0960485   0.51558389
 -0.59455187  0.15431759 -0.60483373  0.0019186 ], Best Fitness = 384.43885132340836, Evaluations = 2624
Generation 41: Best Solution = [-0.17267042  0.29521465 -0.19717371  0.98357509 -0.0960485   0.51558389
 -0.59455187  0.15431759 -0.60483373  0.0019186 ], Best Fitness = 384.43885132340836, Evaluations = 2688
Generation 42: Best Solution = [-0.17267042  0.29521465 -0.19717371  0.98357509 -0.0960485   0.51558389
 -0.59455187  0.15431759 -0.60483373  0.0019186 ], Best Fitness = 384.43885132340836, Evaluations = 2752
Generation 43: Best Solution = [-0.17267042  0.29521465 -0.19717371  0.98357509 -0.0960485   0.51558389
 -0.59455187  0.15431759 -0.60483373  0.0019186 ], Best Fitness = 384.43885132340836, Evaluations = 2816
Generation 44: Best Solution = [-0.17267042  0.29521465 -0.19717371  0.98357509 -0.0960485   0.51558389
 -0.59455187  0.15431759 -0.60483373  0.0019186 ], Best Fitness = 384.43885132340836, Evaluations = 2880
Generation 45: Best Solution = [-0.17267042  0.29521465 -0.19717371  0.98357509 -0.0960485   0.51558389
 -0.59455187  0.15431759 -0.60483373  0.0019186 ], Best Fitness = 384.43885132340836, Evaluations = 2944
Generation 46: Best Solution = [-0.17267042  0.29521465 -0.19717371  0.98357509 -0.0960485   0.51558389
 -0.59455187  0.15431759 -0.60483373  0.0019186 ], Best Fitness = 384.43885132340836, Evaluations = 3008
Generation 47: Best Solution = [-0.17267042  0.29521465 -0.19717371  0.98357509 -0.0960485   0.51558389
 -0.59455187  0.15431759 -0.60483373  0.0019186 ], Best Fitness = 384.43885132340836, Evaluations = 3072
Generation 48: Best Solution = [-0.17267042  0.29521465 -0.19717371  0.98357509 -0.0960485   0.51558389
 -0.59455187  0.15431759 -0.60483373  0.0019186 ], Best Fitness = 384.43885132340836, Evaluations = 3136
Generation 49: Best Solution = [-0.17267042  0.29521465 -0.19717371  0.98357509 -0.0960485   0.51558389
 -0.59455187  0.15431759 -0.60483373  0.0019186 ], Best Fitness = 384.43885132340836, Evaluations = 3200
Generation 50: Best Solution = [-0.17267042  0.29521465 -0.19717371  0.98357509 -0.0960485   0.51558389
 -0.59455187  0.15431759 -0.60483373  0.0019186 ], Best Fitness = 384.43885132340836, Evaluations = 3264
Generation 51: Best Solution = [-0.17267042  0.29521465 -0.19717371  0.98357509 -0.0960485   0.51558389
 -0.59455187  0.15431759 -0.60483373  0.0019186 ], Best Fitness = 384.43885132340836, Evaluations = 3328
Generation 52: Best Solution = [-0.17267042  0.29521465 -0.19717371  0.98357509 -0.0960485   0.51558389
 -0.59455187  0.15431759 -0.60483373  0.0019186 ], Best Fitness = 384.43885132340836, Evaluations = 3392
Generation 53: Best Solution = [-0.17267042  0.29521465 -0.19717371  0.98357509 -0.0960485   0.51558389
 -0.59455187  0.15431759 -0.60483373  0.0019186 ], Best Fitness = 384.43885132340836, Evaluations = 3456
Generation 54: Best Solution = [-0.17267042  0.29521465 -0.19717371  0.98357509 -0.0960485   0.51558389
 -0.59455187  0.15431759 -0.60483373  0.0019186 ], Best Fitness = 384.43885132340836, Evaluations = 3520
Generation 55: Best Solution = [-0.17267042  0.29521465 -0.19717371  0.98357509 -0.0960485   0.51558389
 -0.59455187  0.15431759 -0.60483373  0.0019186 ], Best Fitness = 384.43885132340836, Evaluations = 3584
Generation 56: Best Solution = [-0.17267042  0.29521465 -0.19717371  0.98357509 -0.0960485   0.51558389
 -0.59455187  0.15431759 -0.60483373  0.0019186 ], Best Fitness = 384.43885132340836, Evaluations = 3648
Generation 57: Best Solution = [-0.86173865  0.06069123  0.71407141  1.02474734  1.43657766  0.69454115
  0.70045346  0.58045466 -0.17856874 -0.27114124], Best Fitness = 373.5695762536969, Evaluations = 3712
Generation 58: Best Solution = [-0.86173865  0.06069123  0.71407141  1.02474734  1.43657766  0.69454115
  0.70045346  0.58045466 -0.17856874 -0.27114124], Best Fitness = 373.5695762536969, Evaluations = 3776
Generation 59: Best Solution = [-0.13516168  0.13201905 -0.31170594 -0.18477826 -0.77166261  0.52267911
  0.46009112 -0.58385057  1.44603664  1.92367754], Best Fitness = 288.7875629036365, Evaluations = 3840
Generation 60: Best Solution = [ 0.01389774  0.40192647  0.18417415 -0.97919588  0.48347033 -0.67709112
  0.55044541  0.69557644  0.4455764   0.04403824], Best Fitness = 252.7752049823633, Evaluations = 3904
Generation 61: Best Solution = [ 0.01389774  0.40192647  0.18417415 -0.97919588  0.48347033 -0.67709112
  0.55044541  0.69557644  0.4455764   0.04403824], Best Fitness = 252.7752049823633, Evaluations = 3968
Generation 62: Best Solution = [ 0.01389774  0.40192647  0.18417415 -0.97919588  0.48347033 -0.67709112
  0.55044541  0.69557644  0.4455764   0.04403824], Best Fitness = 252.7752049823633, Evaluations = 4032
Generation 63: Best Solution = [ 0.01389774  0.40192647  0.18417415 -0.97919588  0.48347033 -0.67709112
  0.55044541  0.69557644  0.4455764   0.04403824], Best Fitness = 252.7752049823633, Evaluations = 4096
Generation 64: Best Solution = [ 0.01389774  0.40192647  0.18417415 -0.97919588  0.48347033 -0.67709112
  0.55044541  0.69557644  0.4455764   0.04403824], Best Fitness = 252.7752049823633, Evaluations = 4160
Generation 65: Best Solution = [ 0.01389774  0.40192647  0.18417415 -0.97919588  0.48347033 -0.67709112
  0.55044541  0.69557644  0.4455764   0.04403824], Best Fitness = 252.7752049823633, Evaluations = 4224
Generation 66: Best Solution = [ 0.01389774  0.40192647  0.18417415 -0.97919588  0.48347033 -0.67709112
  0.55044541  0.69557644  0.4455764   0.04403824], Best Fitness = 252.7752049823633, Evaluations = 4288
Generation 67: Best Solution = [ 0.01389774  0.40192647  0.18417415 -0.97919588  0.48347033 -0.67709112
  0.55044541  0.69557644  0.4455764   0.04403824], Best Fitness = 252.7752049823633, Evaluations = 4352
Generation 68: Best Solution = [ 0.01389774  0.40192647  0.18417415 -0.97919588  0.48347033 -0.67709112
  0.55044541  0.69557644  0.4455764   0.04403824], Best Fitness = 252.7752049823633, Evaluations = 4416
Generation 69: Best Solution = [ 0.01389774  0.40192647  0.18417415 -0.97919588  0.48347033 -0.67709112
  0.55044541  0.69557644  0.4455764   0.04403824], Best Fitness = 252.7752049823633, Evaluations = 4480
Generation 70: Best Solution = [-0.8668676   0.87444806  0.30516403 -0.33669187  0.47078385 -0.3839874
 -0.13649338 -0.63624786  0.61380334 -0.54860369], Best Fitness = 243.58305425727565, Evaluations = 4544
Generation 71: Best Solution = [ 0.04911738  0.2433179  -0.45055332  0.95923023  0.4597102   0.29802899
 -0.13140495 -0.77746767  0.46838097 -0.11172945], Best Fitness = 200.84163008289917, Evaluations = 4608
Generation 72: Best Solution = [ 0.2220757  -0.09646342 -0.40412561  0.59937464  0.19707066 -0.38171453
  0.2038972  -0.48225568  0.47815728  0.73549309], Best Fitness = 127.64557635635683, Evaluations = 4672
Generation 73: Best Solution = [ 0.2220757  -0.09646342 -0.40412561  0.59937464  0.19707066 -0.38171453
  0.2038972  -0.48225568  0.47815728  0.73549309], Best Fitness = 127.64557635635683, Evaluations = 4736
Generation 74: Best Solution = [ 0.2220757  -0.09646342 -0.40412561  0.59937464  0.19707066 -0.38171453
  0.2038972  -0.48225568  0.47815728  0.73549309], Best Fitness = 127.64557635635683, Evaluations = 4800
Generation 75: Best Solution = [ 0.2220757  -0.09646342 -0.40412561  0.59937464  0.19707066 -0.38171453
  0.2038972  -0.48225568  0.47815728  0.73549309], Best Fitness = 127.64557635635683, Evaluations = 4864
Generation 76: Best Solution = [ 0.2220757  -0.09646342 -0.40412561  0.59937464  0.19707066 -0.38171453
  0.2038972  -0.48225568  0.47815728  0.73549309], Best Fitness = 127.64557635635683, Evaluations = 4928
Generation 77: Best Solution = [ 0.2220757  -0.09646342 -0.40412561  0.59937464  0.19707066 -0.38171453
  0.2038972  -0.48225568  0.47815728  0.73549309], Best Fitness = 127.64557635635683, Evaluations = 4992
Generation 78: Best Solution = [ 0.2220757  -0.09646342 -0.40412561  0.59937464  0.19707066 -0.38171453
  0.2038972  -0.48225568  0.47815728  0.73549309], Best Fitness = 127.64557635635683, Evaluations = 5056
Generation 79: Best Solution = [ 0.2220757  -0.09646342 -0.40412561  0.59937464  0.19707066 -0.38171453
  0.2038972  -0.48225568  0.47815728  0.73549309], Best Fitness = 127.64557635635683, Evaluations = 5120
Generation 80: Best Solution = [ 0.2220757  -0.09646342 -0.40412561  0.59937464  0.19707066 -0.38171453
  0.2038972  -0.48225568  0.47815728  0.73549309], Best Fitness = 127.64557635635683, Evaluations = 5184
Generation 81: Best Solution = [ 0.2220757  -0.09646342 -0.40412561  0.59937464  0.19707066 -0.38171453
  0.2038972  -0.48225568  0.47815728  0.73549309], Best Fitness = 127.64557635635683, Evaluations = 5248
Generation 82: Best Solution = [ 0.2220757  -0.09646342 -0.40412561  0.59937464  0.19707066 -0.38171453
  0.2038972  -0.48225568  0.47815728  0.73549309], Best Fitness = 127.64557635635683, Evaluations = 5312
Generation 83: Best Solution = [ 0.2220757  -0.09646342 -0.40412561  0.59937464  0.19707066 -0.38171453
  0.2038972  -0.48225568  0.47815728  0.73549309], Best Fitness = 127.64557635635683, Evaluations = 5376
Generation 84: Best Solution = [ 0.2220757  -0.09646342 -0.40412561  0.59937464  0.19707066 -0.38171453
  0.2038972  -0.48225568  0.47815728  0.73549309], Best Fitness = 127.64557635635683, Evaluations = 5440
Generation 85: Best Solution = [ 0.2220757  -0.09646342 -0.40412561  0.59937464  0.19707066 -0.38171453
  0.2038972  -0.48225568  0.47815728  0.73549309], Best Fitness = 127.64557635635683, Evaluations = 5504
Generation 86: Best Solution = [ 0.2220757  -0.09646342 -0.40412561  0.59937464  0.19707066 -0.38171453
  0.2038972  -0.48225568  0.47815728  0.73549309], Best Fitness = 127.64557635635683, Evaluations = 5568
Generation 87: Best Solution = [ 0.2220757  -0.09646342 -0.40412561  0.59937464  0.19707066 -0.38171453
  0.2038972  -0.48225568  0.47815728  0.73549309], Best Fitness = 127.64557635635683, Evaluations = 5632
Generation 88: Best Solution = [ 0.2220757  -0.09646342 -0.40412561  0.59937464  0.19707066 -0.38171453
  0.2038972  -0.48225568  0.47815728  0.73549309], Best Fitness = 127.64557635635683, Evaluations = 5696
Generation 89: Best Solution = [ 0.2220757  -0.09646342 -0.40412561  0.59937464  0.19707066 -0.38171453
  0.2038972  -0.48225568  0.47815728  0.73549309], Best Fitness = 127.64557635635683, Evaluations = 5760
Generation 90: Best Solution = [ 0.2220757  -0.09646342 -0.40412561  0.59937464  0.19707066 -0.38171453
  0.2038972  -0.48225568  0.47815728  0.73549309], Best Fitness = 127.64557635635683, Evaluations = 5824
Generation 91: Best Solution = [ 0.2220757  -0.09646342 -0.40412561  0.59937464  0.19707066 -0.38171453
  0.2038972  -0.48225568  0.47815728  0.73549309], Best Fitness = 127.64557635635683, Evaluations = 5888
Generation 92: Best Solution = [ 0.12876102 -0.09646342 -0.40412561 -0.11419091  0.19707066  0.29339811
  0.2038972  -0.48225568  0.14691035 -0.43214579], Best Fitness = 95.96374509923717, Evaluations = 5952
Generation 93: Best Solution = [ 0.61982005  0.24400448 -0.08254761  0.33934332  0.36258991  0.34186399
 -0.20451254 -0.40291274  0.45895656  0.27850212], Best Fitness = 71.83248098778704, Evaluations = 6016
Generation 94: Best Solution = [ 0.61982005  0.24400448 -0.08254761  0.33934332  0.36258991  0.34186399
 -0.20451254 -0.40291274  0.45895656  0.27850212], Best Fitness = 71.83248098778704, Evaluations = 6080
Generation 95: Best Solution = [ 0.61982005  0.24400448 -0.08254761  0.33934332  0.36258991  0.34186399
 -0.20451254 -0.40291274  0.45895656  0.27850212], Best Fitness = 71.83248098778704, Evaluations = 6144
Generation 96: Best Solution = [ 0.61982005  0.24400448 -0.08254761  0.33934332  0.36258991  0.34186399
 -0.20451254 -0.40291274  0.45895656  0.27850212], Best Fitness = 71.83248098778704, Evaluations = 6208
Generation 97: Best Solution = [ 0.61982005  0.24400448 -0.08254761  0.33934332  0.36258991  0.34186399
 -0.20451254 -0.40291274  0.45895656  0.27850212], Best Fitness = 71.83248098778704, Evaluations = 6272
Generation 98: Best Solution = [ 0.61982005  0.24400448 -0.08254761  0.33934332  0.36258991  0.34186399
 -0.20451254 -0.40291274  0.45895656  0.27850212], Best Fitness = 71.83248098778704, Evaluations = 6336
Generation 99: Best Solution = [ 0.61982005  0.24400448 -0.08254761  0.33934332  0.36258991  0.34186399
 -0.20451254 -0.40291274  0.45895656  0.27850212], Best Fitness = 71.83248098778704, Evaluations = 6400
Generation 100: Best Solution = [ 0.61982005  0.24400448 -0.08254761  0.33934332  0.36258991  0.34186399
 -0.20451254 -0.40291274  0.45895656  0.27850212], Best Fitness = 71.83248098778704, Evaluations = 6464
Generation 101: Best Solution = [ 0.61982005  0.24400448 -0.08254761  0.33934332  0.36258991  0.34186399
 -0.20451254 -0.40291274  0.45895656  0.27850212], Best Fitness = 71.83248098778704, Evaluations = 6528
Generation 102: Best Solution = [-0.14177229  0.0115388   0.04688926  0.18998715  0.5359005   0.28200396
 -0.09073784 -0.00293423  0.0424086   0.0559468 ], Best Fitness = 39.80877783016582, Evaluations = 6592
Generation 103: Best Solution = [-0.14177229  0.0115388   0.04688926  0.18998715  0.5359005   0.28200396
 -0.09073784 -0.00293423  0.0424086   0.0559468 ], Best Fitness = 39.80877783016582, Evaluations = 6656
Generation 104: Best Solution = [-0.14177229  0.0115388   0.04688926  0.18998715  0.5359005   0.28200396
 -0.09073784 -0.00293423  0.0424086   0.0559468 ], Best Fitness = 39.80877783016582, Evaluations = 6720
Generation 105: Best Solution = [-0.14177229  0.0115388   0.04688926  0.18998715  0.5359005   0.28200396
 -0.09073784 -0.00293423  0.0424086   0.0559468 ], Best Fitness = 39.80877783016582, Evaluations = 6784
Generation 106: Best Solution = [-0.14177229  0.0115388   0.04688926  0.18998715  0.5359005   0.28200396
 -0.09073784 -0.00293423  0.0424086   0.0559468 ], Best Fitness = 39.80877783016582, Evaluations = 6848
Generation 107: Best Solution = [-0.14177229  0.0115388   0.04688926  0.18998715  0.5359005   0.28200396
 -0.09073784 -0.00293423  0.0424086   0.0559468 ], Best Fitness = 39.80877783016582, Evaluations = 6912
Generation 108: Best Solution = [-0.14177229  0.0115388   0.04688926  0.18998715  0.5359005   0.28200396
 -0.09073784 -0.00293423  0.0424086   0.0559468 ], Best Fitness = 39.80877783016582, Evaluations = 6976
Generation 109: Best Solution = [-0.14177229  0.0115388   0.04688926  0.18998715  0.5359005   0.28200396
 -0.09073784 -0.00293423  0.0424086   0.0559468 ], Best Fitness = 39.80877783016582, Evaluations = 7040
Generation 110: Best Solution = [-0.13702061  0.05181685 -0.00349648 -0.03020132  0.26151001  0.21682615
 -0.19579702  0.25830401  0.18269046  0.32074384], Best Fitness = 37.60297075768857, Evaluations = 7104
Generation 111: Best Solution = [-0.13702061  0.05181685 -0.00349648 -0.03020132  0.26151001  0.21682615
 -0.19579702  0.25830401  0.18269046  0.32074384], Best Fitness = 37.60297075768857, Evaluations = 7168
Generation 112: Best Solution = [-0.13702061  0.05181685 -0.00349648 -0.03020132  0.26151001  0.21682615
 -0.19579702  0.25830401  0.18269046  0.32074384], Best Fitness = 37.60297075768857, Evaluations = 7232
Generation 113: Best Solution = [-0.13702061  0.05181685 -0.00349648 -0.03020132  0.26151001  0.21682615
 -0.19579702  0.25830401  0.18269046  0.32074384], Best Fitness = 37.60297075768857, Evaluations = 7296
Generation 114: Best Solution = [-0.13702061  0.05181685 -0.00349648 -0.03020132  0.26151001  0.21682615
 -0.19579702  0.25830401  0.18269046  0.32074384], Best Fitness = 37.60297075768857, Evaluations = 7360
Generation 115: Best Solution = [-0.13702061  0.05181685 -0.00349648 -0.03020132  0.26151001  0.21682615
 -0.19579702  0.25830401  0.18269046  0.32074384], Best Fitness = 37.60297075768857, Evaluations = 7424
Generation 116: Best Solution = [-0.13702061  0.05181685 -0.00349648 -0.03020132  0.26151001  0.21682615
 -0.19579702  0.25830401  0.18269046  0.32074384], Best Fitness = 37.60297075768857, Evaluations = 7488
Generation 117: Best Solution = [-0.13702061  0.05181685 -0.00349648 -0.03020132  0.26151001  0.21682615
 -0.19579702  0.25830401  0.18269046  0.32074384], Best Fitness = 37.60297075768857, Evaluations = 7552
Generation 118: Best Solution = [ 0.10224334 -0.22207541 -0.17335058  0.19427451 -0.11815402  0.03216694
  0.1404092  -0.03612058  0.01526427 -0.04186112], Best Fitness = 27.271021939544525, Evaluations = 7616
Generation 119: Best Solution = [ 0.10224334 -0.22207541 -0.17335058  0.19427451 -0.11815402  0.03216694
  0.1404092  -0.03612058  0.01526427 -0.04186112], Best Fitness = 27.271021939544525, Evaluations = 7680
Generation 120: Best Solution = [ 0.10224334 -0.22207541 -0.17335058  0.19427451 -0.11815402  0.03216694
  0.1404092  -0.03612058  0.01526427 -0.04186112], Best Fitness = 27.271021939544525, Evaluations = 7744
Generation 121: Best Solution = [ 0.10224334 -0.22207541 -0.17335058  0.19427451 -0.11815402  0.03216694
  0.1404092  -0.03612058  0.01526427 -0.04186112], Best Fitness = 27.271021939544525, Evaluations = 7808
Generation 122: Best Solution = [ 0.10224334 -0.22207541 -0.17335058  0.19427451 -0.11815402  0.03216694
  0.1404092  -0.03612058  0.01526427 -0.04186112], Best Fitness = 27.271021939544525, Evaluations = 7872
Generation 123: Best Solution = [ 0.10224334 -0.22207541 -0.17335058  0.19427451 -0.11815402  0.03216694
  0.1404092  -0.03612058  0.01526427 -0.04186112], Best Fitness = 27.271021939544525, Evaluations = 7936
Generation 124: Best Solution = [ 0.10224334 -0.22207541 -0.17335058  0.19427451 -0.11815402  0.03216694
  0.1404092  -0.03612058  0.01526427 -0.04186112], Best Fitness = 27.271021939544525, Evaluations = 8000
Generation 125: Best Solution = [ 0.10224334 -0.22207541 -0.17335058  0.19427451 -0.11815402  0.03216694
  0.1404092  -0.03612058  0.01526427 -0.04186112], Best Fitness = 27.271021939544525, Evaluations = 8064
Generation 126: Best Solution = [-0.45211148  0.24660726  0.0733713   0.07029038  0.02274926 -0.24395802
 -0.15281032 -0.17036823  0.07002591 -0.05950321], Best Fitness = 25.932840512336025, Evaluations = 8128
Generation 127: Best Solution = [-0.45211148  0.24660726  0.0733713   0.07029038  0.02274926 -0.24395802
 -0.15281032 -0.17036823  0.07002591 -0.05950321], Best Fitness = 25.932840512336025, Evaluations = 8192
Generation 128: Best Solution = [-0.45211148  0.24660726  0.0733713   0.07029038  0.02274926 -0.24395802
 -0.15281032 -0.17036823  0.07002591 -0.05950321], Best Fitness = 25.932840512336025, Evaluations = 8256
Generation 129: Best Solution = [-0.45211148  0.24660726  0.0733713   0.07029038  0.02274926 -0.24395802
 -0.15281032 -0.17036823  0.07002591 -0.05950321], Best Fitness = 25.932840512336025, Evaluations = 8320
Generation 130: Best Solution = [-0.45211148  0.24660726  0.0733713   0.07029038  0.02274926 -0.24395802
 -0.15281032 -0.17036823  0.07002591 -0.05950321], Best Fitness = 25.932840512336025, Evaluations = 8384
Generation 131: Best Solution = [-0.45211148  0.24660726  0.0733713   0.07029038  0.02274926 -0.24395802
 -0.15281032 -0.17036823  0.07002591 -0.05950321], Best Fitness = 25.932840512336025, Evaluations = 8448
Generation 132: Best Solution = [ 0.33610139  0.17249011 -0.04909978 -0.0016574   0.09033584  0.21649227
  0.08953367  0.12297852 -0.02300136 -0.09513974], Best Fitness = 16.013725636429378, Evaluations = 8512
Generation 133: Best Solution = [ 0.33610139  0.17249011 -0.04909978 -0.0016574   0.09033584  0.21649227
  0.08953367  0.12297852 -0.02300136 -0.09513974], Best Fitness = 16.013725636429378, Evaluations = 8576
Generation 134: Best Solution = [ 0.33610139  0.17249011 -0.04909978 -0.0016574   0.09033584  0.21649227
  0.08953367  0.12297852 -0.02300136 -0.09513974], Best Fitness = 16.013725636429378, Evaluations = 8640
Generation 135: Best Solution = [ 0.33610139  0.17249011 -0.04909978 -0.0016574   0.09033584  0.21649227
  0.08953367  0.12297852 -0.02300136 -0.09513974], Best Fitness = 16.013725636429378, Evaluations = 8704
Generation 136: Best Solution = [ 0.33610139  0.17249011 -0.04909978 -0.0016574   0.09033584  0.21649227
  0.08953367  0.12297852 -0.02300136 -0.09513974], Best Fitness = 16.013725636429378, Evaluations = 8768
Generation 137: Best Solution = [ 0.33610139  0.17249011 -0.04909978 -0.0016574   0.09033584  0.21649227
  0.08953367  0.12297852 -0.02300136 -0.09513974], Best Fitness = 16.013725636429378, Evaluations = 8832
Generation 138: Best Solution = [ 0.33610139  0.17249011 -0.04909978 -0.0016574   0.09033584  0.21649227
  0.08953367  0.12297852 -0.02300136 -0.09513974], Best Fitness = 16.013725636429378, Evaluations = 8896
Generation 139: Best Solution = [ 0.33610139  0.17249011 -0.04909978 -0.0016574   0.09033584  0.21649227
  0.08953367  0.12297852 -0.02300136 -0.09513974], Best Fitness = 16.013725636429378, Evaluations = 8960
Generation 140: Best Solution = [ 0.33610139  0.17249011 -0.04909978 -0.0016574   0.09033584  0.21649227
  0.08953367  0.12297852 -0.02300136 -0.09513974], Best Fitness = 16.013725636429378, Evaluations = 9024
Generation 141: Best Solution = [ 0.33610139  0.17249011 -0.04909978 -0.0016574   0.09033584  0.21649227
  0.08953367  0.12297852 -0.02300136 -0.09513974], Best Fitness = 16.013725636429378, Evaluations = 9088
Generation 142: Best Solution = [ 0.33610139  0.17249011 -0.04909978 -0.0016574   0.09033584  0.21649227
  0.08953367  0.12297852 -0.02300136 -0.09513974], Best Fitness = 16.013725636429378, Evaluations = 9152
Generation 143: Best Solution = [-0.47232509  0.21399336 -0.03765649 -0.03516756  0.01850881  0.12034124
  0.08434917 -0.04177975 -0.14423127  0.04236086], Best Fitness = 15.116881613651007, Evaluations = 9216
Generation 144: Best Solution = [-0.47232509  0.21399336 -0.03765649 -0.03516756  0.01850881  0.12034124
  0.08434917 -0.04177975 -0.14423127  0.04236086], Best Fitness = 14.870308229073588, Evaluations = 9280
Generation 145: Best Solution = [-0.47232509  0.21399336 -0.03765649 -0.03516756  0.01850881  0.12034124
  0.08434917 -0.04177975 -0.14423127  0.04236086], Best Fitness = 14.870308229073588, Evaluations = 9344
Generation 146: Best Solution = [-0.47232509  0.21399336 -0.03765649 -0.03516756  0.01850881  0.12034124
  0.08434917 -0.04177975 -0.14423127  0.04236086], Best Fitness = 14.870308229073588, Evaluations = 9408
Generation 147: Best Solution = [-0.16695832 -0.08112898 -0.04728633  0.09867795  0.0401484   0.1277028
  0.00692604 -0.01191084 -0.00636261  0.11557928], Best Fitness = 14.598067326086536, Evaluations = 9472
Generation 148: Best Solution = [-0.16695832 -0.08112898 -0.04728633  0.09867795  0.0401484   0.1277028
  0.00692604 -0.01191084 -0.00636261  0.11557928], Best Fitness = 14.598067326086536, Evaluations = 9536
Generation 149: Best Solution = [-0.16695832 -0.08112898 -0.04728633  0.09867795  0.0401484   0.1277028
  0.00692604 -0.01191084 -0.00636261  0.11557928], Best Fitness = 14.598067326086536, Evaluations = 9600
Generation 150: Best Solution = [-0.16695832 -0.08112898 -0.04728633  0.09867795  0.0401484   0.1277028
  0.00692604 -0.01191084 -0.00636261  0.11557928], Best Fitness = 14.598067326086536, Evaluations = 9664
Generation 151: Best Solution = [-0.16695832 -0.08112898 -0.04728633  0.09867795  0.0401484   0.1277028
  0.00692604 -0.01191084 -0.00636261  0.11557928], Best Fitness = 14.598067326086536, Evaluations = 9728
Generation 152: Best Solution = [-0.16695832 -0.08112898 -0.04728633  0.09867795  0.0401484   0.1277028
  0.00692604 -0.01191084 -0.00636261  0.11557928], Best Fitness = 14.598067326086536, Evaluations = 9792
Generation 153: Best Solution = [-0.16695832 -0.08112898 -0.04728633  0.09867795  0.0401484   0.1277028
  0.00692604 -0.01191084 -0.00636261  0.11557928], Best Fitness = 14.598067326086536, Evaluations = 9856
Generation 154: Best Solution = [-0.16695832 -0.08112898 -0.04728633  0.09867795  0.0401484   0.1277028
  0.00692604 -0.01191084 -0.00636261  0.11557928], Best Fitness = 14.598067326086536, Evaluations = 9920
Generation 155: Best Solution = [-0.16695832 -0.08112898 -0.04728633  0.09867795  0.0401484   0.1277028
  0.00692604 -0.01191084 -0.00636261  0.11557928], Best Fitness = 14.598067326086536, Evaluations = 9984
Generation 156: Best Solution = [-0.16695832 -0.08112898 -0.04728633  0.09867795  0.0401484   0.1277028
  0.00692604 -0.01191084 -0.00636261  0.11557928], Best Fitness = 14.598067326086536, Evaluations = 10048
