Algorithm: Differential Evolution
Objective Function: Rosenbrock
Dimension: 10
Population Size: 32
Max Evaluations: 10000

Generation 0: Best Solution = [ 0.81276277 -4.79734366  2.62892459 -3.40506868 -1.86963017  3.1136212
  4.33576655  3.78277956 -0.15960507 -2.25946486], Best Fitness = 120287.60500292011, Evaluations = 32
Generation 1: Best Solution = [ 0.81276277 -4.79734366  2.62892459 -3.40506868 -1.86963017  3.1136212
  4.33576655  3.78277956 -0.15960507 -2.25946486], Best Fitness = 120287.60500292011, Evaluations = 64
Generation 2: Best Solution = [ 0.81276277 -4.79734366  2.62892459 -3.40506868 -1.86963017  3.1136212
  4.33576655  3.78277956 -0.15960507 -2.25946486], Best Fitness = 120287.60500292011, Evaluations = 96
Generation 3: Best Solution = [ 0.81276277 -4.79734366  2.62892459 -3.40506868 -1.86963017  3.1136212
  4.33576655  3.78277956 -0.15960507 -2.25946486], Best Fitness = 120287.60500292011, Evaluations = 128
Generation 4: Best Solution = [ 0.81276277 -4.79734366  2.62892459 -3.40506868 -1.86963017  3.1136212
  4.33576655  3.78277956 -0.15960507 -2.25946486], Best Fitness = 120287.60500292011, Evaluations = 160
Generation 5: Best Solution = [ 0.81276277 -4.79734366  2.62892459 -3.40506868 -1.86963017  3.1136212
  4.33576655  3.78277956 -0.15960507 -2.25946486], Best Fitness = 120287.60500292011, Evaluations = 192
Generation 6: Best Solution = [-0.16209969 -0.28781774 -4.27086171  2.80998993  3.65897895 -0.62198113
 -1.52354291  4.43736573  1.1302245   2.74073976], Best Fitness = 82674.45664193103, Evaluations = 224
Generation 7: Best Solution = [-0.16209969 -0.28781774 -4.27086171  2.80998993  3.65897895 -0.62198113
 -1.52354291  4.43736573  1.1302245   2.74073976], Best Fitness = 82674.45664193103, Evaluations = 256
Generation 8: Best Solution = [-2.81189063  2.86522607  2.31454693 -0.54925201  2.07395104  0.30800537
  0.71349122  4.26544944 -2.17367284 10.        ], Best Fitness = 57175.05450884927, Evaluations = 288
Generation 9: Best Solution = [-3.65251003 -2.8354691  -1.36748721 -1.82251273  0.70716542  1.88822811
 -0.31339122 -1.72959388  0.06074563  4.13771675], Best Fitness = 41724.208607353685, Evaluations = 320
Generation 10: Best Solution = [-3.65251003 -2.8354691  -1.36748721 -1.82251273  0.70716542  1.88822811
 -0.31339122 -1.72959388  0.06074563  4.13771675], Best Fitness = 41724.208607353685, Evaluations = 352
Generation 11: Best Solution = [-3.65251003 -2.8354691  -1.36748721 -1.82251273  0.70716542  1.88822811
 -0.31339122 -1.72959388  0.06074563  4.13771675], Best Fitness = 41724.208607353685, Evaluations = 384
Generation 12: Best Solution = [-3.65251003 -2.8354691  -1.36748721 -1.82251273  0.70716542  1.88822811
 -0.31339122 -1.72959388  0.06074563  4.13771675], Best Fitness = 41724.208607353685, Evaluations = 416
Generation 13: Best Solution = [-3.65251003 -2.8354691  -1.36748721 -1.82251273  0.70716542  1.88822811
 -0.31339122 -1.72959388  0.06074563  4.13771675], Best Fitness = 41724.208607353685, Evaluations = 448
Generation 14: Best Solution = [-3.65251003 -2.8354691  -1.36748721 -1.82251273  0.70716542  1.88822811
 -0.31339122 -1.72959388  0.06074563  4.13771675], Best Fitness = 41724.208607353685, Evaluations = 480
Generation 15: Best Solution = [ 1.59144865  0.43138427 -2.80421809  2.64014287 -1.13765664  1.4032027
 -1.03809963  3.67684531  4.63185003 10.        ], Best Fitness = 33284.299140311734, Evaluations = 512
Generation 16: Best Solution = [-0.641589   -3.01290981  2.50951348 -1.26498354 -0.96258034  0.63370831
  1.03619267  2.06472203 -0.94814375 -5.        ], Best Fitness = 18240.55166745251, Evaluations = 544
Generation 17: Best Solution = [-0.641589   -3.01290981  2.50951348 -1.26498354 -0.96258034  0.63370831
  1.03619267  2.06472203 -0.94814375 -5.        ], Best Fitness = 18240.55166745251, Evaluations = 576
Generation 18: Best Solution = [-0.641589   -3.01290981  2.50951348 -1.26498354 -0.96258034  0.63370831
  1.03619267  2.06472203 -0.94814375 -5.        ], Best Fitness = 18240.55166745251, Evaluations = 608
Generation 19: Best Solution = [ 0.99538767  0.70532801 -0.77709785  0.96434376 -0.42745554  2.12605682
  1.40479855  2.97510367  2.5945403   8.0744508 ], Best Fitness = 5924.468694334802, Evaluations = 640
Generation 20: Best Solution = [ 0.99538767  0.70532801 -0.77709785  0.96434376 -0.42745554  2.12605682
  1.40479855  2.97510367  2.5945403   8.0744508 ], Best Fitness = 5924.468694334802, Evaluations = 672
Generation 21: Best Solution = [ 0.99538767  0.70532801 -0.77709785  0.96434376 -0.42745554  2.12605682
  1.40479855  2.97510367  2.5945403   8.0744508 ], Best Fitness = 5924.468694334802, Evaluations = 704
Generation 22: Best Solution = [ 0.99538767  0.70532801 -0.77709785  0.96434376 -0.42745554  2.12605682
  1.40479855  2.97510367  2.5945403   8.0744508 ], Best Fitness = 5924.468694334802, Evaluations = 736
Generation 23: Best Solution = [ 0.99538767  0.70532801 -0.77709785  0.96434376 -0.42745554  2.12605682
  1.40479855  2.97510367  2.5945403   8.0744508 ], Best Fitness = 5924.468694334802, Evaluations = 768
Generation 24: Best Solution = [ 0.99538767  0.70532801 -0.77709785  0.96434376 -0.42745554  2.12605682
  1.40479855  2.97510367  2.5945403   8.0744508 ], Best Fitness = 5924.468694334802, Evaluations = 800
Generation 25: Best Solution = [ 0.99538767  0.70532801 -0.77709785  0.96434376 -0.42745554  2.12605682
  1.40479855  2.97510367  2.5945403   8.0744508 ], Best Fitness = 5924.468694334802, Evaluations = 832
Generation 26: Best Solution = [ 0.99538767  0.70532801 -0.77709785  0.96434376 -0.42745554  2.12605682
  1.40479855  2.97510367  2.5945403   8.0744508 ], Best Fitness = 5924.468694334802, Evaluations = 864
Generation 27: Best Solution = [-1.47120825  2.17875261  0.74004326 -2.11012449 -0.28947533  0.9425897
  1.14620264  0.83209706  0.06822415  3.26953363], Best Fitness = 5789.015659256911, Evaluations = 896
Generation 28: Best Solution = [ 1.05882072 -1.58353757  1.19665439 -0.05284052 -0.85248029 -0.37676537
  1.49856547  0.66273348 -0.15960507 -5.        ], Best Fitness = 4329.624599216126, Evaluations = 928
Generation 29: Best Solution = [ 1.05882072 -1.58353757  1.19665439 -0.05284052 -0.85248029 -0.37676537
  1.49856547  0.66273348 -0.15960507 -5.        ], Best Fitness = 4329.624599216126, Evaluations = 960
Generation 30: Best Solution = [ 1.05882072 -1.58353757  1.19665439 -0.05284052 -0.85248029 -0.37676537
  1.49856547  0.66273348 -0.15960507 -5.        ], Best Fitness = 4329.624599216126, Evaluations = 992
Generation 31: Best Solution = [ 1.05882072 -1.58353757  1.19665439 -0.05284052 -0.85248029 -0.37676537
  1.49856547  0.66273348 -0.15960507 -5.        ], Best Fitness = 4329.624599216126, Evaluations = 1024
Generation 32: Best Solution = [-0.58938328 -0.42549887  1.37141745  0.20104652  1.96638921  2.01269884
  0.6472346   0.35696759  0.14555702 -2.39467184], Best Fitness = 2949.394179789236, Evaluations = 1056
Generation 33: Best Solution = [-0.84229894  1.84509719  0.57388108  1.80963436  1.6082024   0.37904951
 -0.85152837  0.62863842  0.81880986  1.77357557], Best Fitness = 2163.12454007856, Evaluations = 1088
Generation 34: Best Solution = [-0.84229894  1.84509719  0.57388108  1.80963436  1.6082024   0.37904951
 -0.85152837  0.62863842  0.81880986  1.77357557], Best Fitness = 2163.12454007856, Evaluations = 1120
Generation 35: Best Solution = [ 1.03202903  0.41016875  0.97114266  1.01933105 -0.17835815  0.21877838
  0.55846903  2.33256062  3.29214531 10.        ], Best Fitness = 1235.5453455413308, Evaluations = 1152
Generation 36: Best Solution = [ 1.03202903  0.41016875  0.97114266  1.01933105 -0.17835815  0.21877838
  0.55846903  2.33256062  3.29214531 10.        ], Best Fitness = 1235.5453455413308, Evaluations = 1184
Generation 37: Best Solution = [ 1.03202903  0.41016875  0.97114266  1.01933105 -0.17835815  0.21877838
  0.55846903  2.33256062  3.29214531 10.        ], Best Fitness = 1235.5453455413308, Evaluations = 1216
Generation 38: Best Solution = [ 1.03202903  0.41016875  0.97114266  1.01933105 -0.17835815  0.21877838
  0.55846903  2.33256062  3.29214531 10.        ], Best Fitness = 1235.5453455413308, Evaluations = 1248
Generation 39: Best Solution = [ 1.03202903  0.41016875  0.97114266  1.01933105 -0.17835815  0.21877838
  0.55846903  2.33256062  3.29214531 10.        ], Best Fitness = 1235.5453455413308, Evaluations = 1280
Generation 40: Best Solution = [ 1.03202903  0.41016875  0.97114266  1.01933105 -0.17835815  0.21877838
  0.55846903  2.33256062  3.29214531 10.        ], Best Fitness = 1235.5453455413308, Evaluations = 1312
Generation 41: Best Solution = [ 1.03202903  0.41016875  0.97114266  1.01933105 -0.17835815  0.21877838
  0.55846903  2.33256062  3.29214531 10.        ], Best Fitness = 1235.5453455413308, Evaluations = 1344
Generation 42: Best Solution = [ 1.03202903  0.41016875  0.97114266  1.01933105 -0.17835815  0.21877838
  0.55846903  2.33256062  3.29214531 10.        ], Best Fitness = 1235.5453455413308, Evaluations = 1376
Generation 43: Best Solution = [ 1.03202903  0.41016875  0.97114266  1.01933105 -0.17835815  0.21877838
  0.55846903  2.33256062  3.29214531 10.        ], Best Fitness = 1235.5453455413308, Evaluations = 1408
Generation 44: Best Solution = [ 0.00168551  1.14615764  0.31711002 -0.07724999  1.09089707 -0.52510909
 -0.03929269  0.21044282 -0.05008657 -0.91194412], Best Fitness = 752.3164421570431, Evaluations = 1440
Generation 45: Best Solution = [ 0.00168551  1.14615764  0.31711002 -0.07724999  1.09089707 -0.52510909
 -0.03929269  0.21044282 -0.05008657 -0.91194412], Best Fitness = 752.3164421570431, Evaluations = 1472
Generation 46: Best Solution = [ 0.00168551  1.14615764  0.31711002 -0.07724999  1.09089707 -0.52510909
 -0.03929269  0.21044282 -0.05008657 -0.91194412], Best Fitness = 752.3164421570431, Evaluations = 1504
Generation 47: Best Solution = [ 0.00168551  1.14615764  0.31711002 -0.07724999  1.09089707 -0.52510909
 -0.03929269  0.21044282 -0.05008657 -0.91194412], Best Fitness = 752.3164421570431, Evaluations = 1536
Generation 48: Best Solution = [ 0.00168551  1.14615764  0.31711002 -0.07724999  1.09089707 -0.52510909
 -0.03929269  0.21044282 -0.05008657 -0.91194412], Best Fitness = 752.3164421570431, Evaluations = 1568
Generation 49: Best Solution = [ 0.00168551  1.14615764  0.31711002 -0.07724999  1.09089707 -0.52510909
 -0.03929269  0.21044282 -0.05008657 -0.91194412], Best Fitness = 752.3164421570431, Evaluations = 1600
Generation 50: Best Solution = [ 0.00168551  1.14615764  0.31711002 -0.07724999  1.09089707 -0.52510909
 -0.03929269  0.21044282 -0.05008657 -0.91194412], Best Fitness = 752.3164421570431, Evaluations = 1632
Generation 51: Best Solution = [ 0.00168551  1.14615764  0.31711002 -0.07724999  1.09089707 -0.52510909
 -0.03929269  0.21044282 -0.05008657 -0.91194412], Best Fitness = 752.3164421570431, Evaluations = 1664
Generation 52: Best Solution = [ 0.00168551  1.14615764  0.31711002 -0.07724999  1.09089707 -0.52510909
 -0.03929269  0.21044282 -0.05008657 -0.91194412], Best Fitness = 752.3164421570431, Evaluations = 1696
Generation 53: Best Solution = [ 0.00168551  1.14615764  0.31711002 -0.07724999  1.09089707 -0.52510909
 -0.03929269  0.21044282 -0.05008657 -0.91194412], Best Fitness = 752.3164421570431, Evaluations = 1728
Generation 54: Best Solution = [ 0.00168551  1.14615764  0.31711002 -0.07724999  1.09089707 -0.52510909
 -0.03929269  0.21044282 -0.05008657 -0.91194412], Best Fitness = 752.3164421570431, Evaluations = 1760
Generation 55: Best Solution = [ 0.00168551  1.14615764  0.31711002 -0.07724999  1.09089707 -0.52510909
 -0.03929269  0.21044282 -0.05008657 -0.91194412], Best Fitness = 752.3164421570431, Evaluations = 1792
Generation 56: Best Solution = [ 0.00168551  1.14615764  0.31711002 -0.07724999  1.09089707 -0.52510909
 -0.03929269  0.21044282 -0.05008657 -0.91194412], Best Fitness = 752.3164421570431, Evaluations = 1824
Generation 57: Best Solution = [ 0.00168551  1.14615764  0.31711002 -0.07724999  1.09089707 -0.52510909
 -0.03929269  0.21044282 -0.05008657 -0.91194412], Best Fitness = 752.3164421570431, Evaluations = 1856
Generation 58: Best Solution = [ 0.00168551  1.14615764  0.31711002 -0.07724999  1.09089707 -0.52510909
 -0.03929269  0.21044282 -0.05008657 -0.91194412], Best Fitness = 752.3164421570431, Evaluations = 1888
Generation 59: Best Solution = [ 0.00168551  1.14615764  0.31711002 -0.07724999  1.09089707 -0.52510909
 -0.03929269  0.21044282 -0.05008657 -0.91194412], Best Fitness = 752.3164421570431, Evaluations = 1920
Generation 60: Best Solution = [ 1.03202903  0.21211187  0.20306893 -0.01941179 -0.17835815 -0.30019358
  1.64114626  1.50567669  1.99735652  2.56368685], Best Fitness = 689.0549778811554, Evaluations = 1952
Generation 61: Best Solution = [ 1.03202903  0.21211187  0.20306893 -0.01941179 -0.17835815 -0.30019358
  1.64114626  1.50567669  1.99735652  2.56368685], Best Fitness = 689.0549778811554, Evaluations = 1984
Generation 62: Best Solution = [ 0.00168551  0.96962222  0.31711002  0.12982766 -0.80823864 -0.72732934
 -0.03929269  0.21044282 -0.05008657 -0.91194412], Best Fitness = 524.0538587044003, Evaluations = 2016
Generation 63: Best Solution = [ 0.00168551  0.96962222  0.31711002  0.12982766 -0.80823864 -0.72732934
 -0.03929269  0.21044282 -0.05008657 -0.91194412], Best Fitness = 524.0538587044003, Evaluations = 2048
Generation 64: Best Solution = [ 0.00168551  0.96962222  0.31711002  0.12982766 -0.80823864 -0.72732934
 -0.03929269  0.21044282 -0.05008657 -0.91194412], Best Fitness = 524.0538587044003, Evaluations = 2080
Generation 65: Best Solution = [ 0.00168551  0.96962222  0.31711002  0.12982766 -0.80823864 -0.72732934
 -0.03929269  0.21044282 -0.05008657 -0.91194412], Best Fitness = 524.0538587044003, Evaluations = 2112
Generation 66: Best Solution = [ 1.25763071  0.89520434 -0.11597873  0.90480548  0.2372157  -0.13350332
 -0.13621884  1.14422737  1.77535255  2.89876356], Best Fitness = 410.46660746648826, Evaluations = 2144
Generation 67: Best Solution = [ 0.40821634 -0.29864183 -0.17599713  0.28899571  0.69128011 -0.93578923
  0.3917006   0.96994387  1.17067657  1.1488087 ], Best Fitness = 380.5804589834777, Evaluations = 2176
Generation 68: Best Solution = [ 0.40821634 -0.29864183 -0.17599713  0.28899571  0.69128011 -0.93578923
  0.3917006   0.96994387  1.17067657  1.1488087 ], Best Fitness = 380.5804589834777, Evaluations = 2208
Generation 69: Best Solution = [ 0.40821634 -0.29864183 -0.17599713  0.28899571  0.69128011 -0.93578923
  0.3917006   0.96994387  1.17067657  1.1488087 ], Best Fitness = 380.5804589834777, Evaluations = 2240
Generation 70: Best Solution = [ 0.40821634 -0.29864183 -0.17599713  0.28899571  0.69128011 -0.93578923
  0.3917006   0.96994387  1.17067657  1.1488087 ], Best Fitness = 380.5804589834777, Evaluations = 2272
Generation 71: Best Solution = [ 0.40821634 -0.29864183 -0.17599713  0.28899571  0.69128011 -0.93578923
  0.3917006   0.96994387  1.17067657  1.1488087 ], Best Fitness = 380.5804589834777, Evaluations = 2304
Generation 72: Best Solution = [ 0.40821634 -0.29864183 -0.17599713  0.28899571  0.69128011 -0.93578923
  0.3917006   0.96994387  1.17067657  1.1488087 ], Best Fitness = 380.5804589834777, Evaluations = 2336
Generation 73: Best Solution = [ 0.40821634 -0.29864183 -0.17599713  0.28899571  0.69128011 -0.93578923
  0.3917006   0.96994387  1.17067657  1.1488087 ], Best Fitness = 380.5804589834777, Evaluations = 2368
Generation 74: Best Solution = [ 0.40821634 -0.29864183 -0.17599713  0.28899571  0.69128011 -0.93578923
  0.3917006   0.96994387  1.17067657  1.1488087 ], Best Fitness = 210.1456013251091, Evaluations = 2400
Generation 75: Best Solution = [ 0.40821634 -0.29864183 -0.17599713  0.28899571  0.69128011 -0.93578923
  0.3917006   0.96994387  1.17067657  1.1488087 ], Best Fitness = 210.1456013251091, Evaluations = 2432
Generation 76: Best Solution = [ 0.40821634 -0.29864183 -0.17599713  0.28899571  0.69128011 -0.93578923
  0.3917006   0.96994387  1.17067657  1.1488087 ], Best Fitness = 210.1456013251091, Evaluations = 2464
Generation 77: Best Solution = [ 0.40821634 -0.29864183 -0.17599713  0.28899571  0.69128011 -0.93578923
  0.3917006   0.96994387  1.17067657  1.1488087 ], Best Fitness = 210.1456013251091, Evaluations = 2496
Generation 78: Best Solution = [ 0.40821634 -0.29864183 -0.17599713  0.28899571  0.69128011 -0.93578923
  0.3917006   0.96994387  1.17067657  1.1488087 ], Best Fitness = 210.1456013251091, Evaluations = 2528
Generation 79: Best Solution = [ 0.40821634 -0.29864183 -0.17599713  0.28899571  0.69128011 -0.93578923
  0.3917006   0.96994387  1.17067657  1.1488087 ], Best Fitness = 210.1456013251091, Evaluations = 2560
Generation 80: Best Solution = [ 0.40821634 -0.29864183 -0.17599713  0.28899571  0.69128011 -0.93578923
  0.3917006   0.96994387  1.17067657  1.1488087 ], Best Fitness = 210.1456013251091, Evaluations = 2592
Generation 81: Best Solution = [ 0.40821634 -0.29864183 -0.17599713  0.28899571  0.69128011 -0.93578923
  0.3917006   0.96994387  1.17067657  1.1488087 ], Best Fitness = 210.1456013251091, Evaluations = 2624
Generation 82: Best Solution = [ 0.40821634 -0.29864183 -0.17599713  0.28899571  0.69128011 -0.93578923
  0.3917006   0.96994387  1.17067657  1.1488087 ], Best Fitness = 210.1456013251091, Evaluations = 2656
Generation 83: Best Solution = [ 0.40821634 -0.29864183 -0.17599713  0.28899571  0.69128011 -0.93578923
  0.3917006   0.96994387  1.17067657  1.1488087 ], Best Fitness = 210.1456013251091, Evaluations = 2688
Generation 84: Best Solution = [ 0.40821634 -0.29864183 -0.17599713  0.28899571  0.69128011 -0.93578923
  0.3917006   0.96994387  1.17067657  1.1488087 ], Best Fitness = 210.1456013251091, Evaluations = 2720
Generation 85: Best Solution = [ 0.40821634 -0.29864183 -0.17599713  0.28899571  0.69128011 -0.93578923
  0.3917006   0.96994387  1.17067657  1.1488087 ], Best Fitness = 210.1456013251091, Evaluations = 2752
Generation 86: Best Solution = [ 0.40821634 -0.29864183 -0.17599713  0.28899571  0.69128011 -0.93578923
  0.3917006   0.96994387  1.17067657  1.1488087 ], Best Fitness = 210.1456013251091, Evaluations = 2784
Generation 87: Best Solution = [ 0.40821634 -0.29864183 -0.17599713  0.28899571  0.69128011 -0.93578923
  0.3917006   0.96994387  1.17067657  1.1488087 ], Best Fitness = 210.1456013251091, Evaluations = 2816
Generation 88: Best Solution = [ 0.40821634 -0.29864183 -0.17599713  0.28899571  0.69128011 -0.93578923
  0.3917006   0.96994387  1.17067657  1.1488087 ], Best Fitness = 210.1456013251091, Evaluations = 2848
Generation 89: Best Solution = [ 0.40821634 -0.29864183 -0.17599713  0.28899571  0.69128011 -0.93578923
  0.3917006   0.96994387  1.17067657  1.1488087 ], Best Fitness = 210.1456013251091, Evaluations = 2880
Generation 90: Best Solution = [ 0.40821634 -0.29864183 -0.17599713  0.28899571  0.69128011 -0.93578923
  0.3917006   0.96994387  1.17067657  1.1488087 ], Best Fitness = 210.1456013251091, Evaluations = 2912
Generation 91: Best Solution = [ 0.40821634 -0.29864183 -0.17599713  0.28899571  0.69128011 -0.93578923
  0.3917006   0.96994387  1.17067657  1.1488087 ], Best Fitness = 210.1456013251091, Evaluations = 2944
Generation 92: Best Solution = [ 0.40821634 -0.29864183 -0.17599713  0.28899571  0.69128011 -0.93578923
  0.3917006   0.96994387  1.17067657  1.1488087 ], Best Fitness = 210.1456013251091, Evaluations = 2976
Generation 93: Best Solution = [ 0.40821634 -0.29864183 -0.17599713  0.28899571  0.69128011 -0.93578923
  0.3917006   0.96994387  1.17067657  1.1488087 ], Best Fitness = 210.1456013251091, Evaluations = 3008
Generation 94: Best Solution = [ 0.40821634 -0.29864183 -0.17599713  0.28899571  0.69128011 -0.93578923
  0.3917006   0.96994387  1.17067657  1.1488087 ], Best Fitness = 210.1456013251091, Evaluations = 3040
Generation 95: Best Solution = [ 0.40821634 -0.29864183 -0.17599713  0.28899571  0.69128011 -0.93578923
  0.3917006   0.96994387  1.17067657  1.1488087 ], Best Fitness = 210.1456013251091, Evaluations = 3072
Generation 96: Best Solution = [ 0.40821634 -0.29864183 -0.17599713  0.28899571  0.69128011 -0.93578923
  0.3917006   0.96994387  1.17067657  1.1488087 ], Best Fitness = 210.1456013251091, Evaluations = 3104
Generation 97: Best Solution = [ 0.40821634 -0.29864183 -0.17599713  0.28899571  0.69128011 -0.93578923
  0.3917006   0.96994387  1.17067657  1.1488087 ], Best Fitness = 210.1456013251091, Evaluations = 3136
Generation 98: Best Solution = [ 0.40821634 -0.29864183 -0.17599713  0.28899571  0.69128011 -0.93578923
  0.3917006   0.96994387  1.17067657  1.1488087 ], Best Fitness = 210.1456013251091, Evaluations = 3168
Generation 99: Best Solution = [ 0.40821634 -0.29864183 -0.17599713  0.28899571  0.69128011 -0.93578923
  0.3917006   0.96994387  1.17067657  1.1488087 ], Best Fitness = 210.1456013251091, Evaluations = 3200
Generation 100: Best Solution = [ 0.40821634 -0.29864183 -0.17599713  0.28899571  0.69128011 -0.93578923
  0.3917006   0.96994387  1.17067657  1.1488087 ], Best Fitness = 210.1456013251091, Evaluations = 3232
Generation 101: Best Solution = [ 0.40821634 -0.29864183 -0.17599713  0.28899571  0.69128011 -0.93578923
  0.3917006   0.96994387  1.17067657  1.1488087 ], Best Fitness = 210.1456013251091, Evaluations = 3264
Generation 102: Best Solution = [ 0.40821634 -0.29864183 -0.17599713  0.28899571  0.69128011 -0.93578923
  0.3917006   0.96994387  1.17067657  1.1488087 ], Best Fitness = 210.1456013251091, Evaluations = 3296
Generation 103: Best Solution = [ 0.40821634 -0.29864183 -0.17599713  0.28899571  0.69128011 -0.93578923
  0.3917006   0.96994387  1.17067657  1.1488087 ], Best Fitness = 210.1456013251091, Evaluations = 3328
Generation 104: Best Solution = [ 0.40821634 -0.29864183 -0.17599713  0.28899571  0.69128011 -0.93578923
  0.3917006   0.96994387  1.17067657  1.1488087 ], Best Fitness = 210.1456013251091, Evaluations = 3360
Generation 105: Best Solution = [-0.32906272 -0.23398872 -0.65502804  0.61473875 -0.15269901  0.24375601
  0.06100077  0.13976206 -0.68633168  0.94620844], Best Fitness = 185.35009678476564, Evaluations = 3392
Generation 106: Best Solution = [ 0.40821634 -0.29864183 -0.17599713  0.28899571 -0.24329731 -0.49211239
  0.36255213 -0.32318425  0.16618652 -0.09724784], Best Fitness = 111.0210238074335, Evaluations = 3424
Generation 107: Best Solution = [ 0.40821634 -0.29864183 -0.17599713  0.28899571 -0.24329731 -0.49211239
  0.36255213 -0.32318425  0.16618652 -0.09724784], Best Fitness = 111.0210238074335, Evaluations = 3456
Generation 108: Best Solution = [ 0.40821634 -0.29864183 -0.17599713  0.28899571 -0.24329731 -0.49211239
  0.36255213 -0.32318425  0.16618652 -0.09724784], Best Fitness = 111.0210238074335, Evaluations = 3488
Generation 109: Best Solution = [ 0.40821634 -0.29864183 -0.17599713  0.28899571 -0.24329731 -0.49211239
  0.36255213 -0.32318425  0.16618652 -0.09724784], Best Fitness = 111.0210238074335, Evaluations = 3520
Generation 110: Best Solution = [ 0.40821634 -0.29864183 -0.17599713  0.28899571 -0.24329731 -0.49211239
  0.36255213 -0.32318425  0.16618652 -0.09724784], Best Fitness = 111.0210238074335, Evaluations = 3552
Generation 111: Best Solution = [ 0.40821634 -0.29864183 -0.17599713  0.28899571 -0.24329731 -0.49211239
  0.36255213 -0.32318425  0.16618652 -0.09724784], Best Fitness = 111.0210238074335, Evaluations = 3584
Generation 112: Best Solution = [ 0.40821634 -0.29864183 -0.17599713  0.28899571 -0.24329731 -0.49211239
  0.36255213 -0.32318425  0.16618652 -0.09724784], Best Fitness = 111.0210238074335, Evaluations = 3616
Generation 113: Best Solution = [ 0.40821634 -0.29864183 -0.17599713  0.28899571 -0.24329731 -0.49211239
  0.36255213 -0.32318425  0.16618652 -0.09724784], Best Fitness = 111.0210238074335, Evaluations = 3648
Generation 114: Best Solution = [ 0.40821634 -0.29864183 -0.17599713  0.28899571 -0.24329731 -0.49211239
  0.36255213 -0.32318425  0.16618652 -0.09724784], Best Fitness = 111.0210238074335, Evaluations = 3680
Generation 115: Best Solution = [ 0.40821634 -0.29864183 -0.17599713  0.28899571 -0.24329731 -0.49211239
  0.36255213 -0.32318425  0.16618652 -0.09724784], Best Fitness = 111.0210238074335, Evaluations = 3712
Generation 116: Best Solution = [ 0.40821634 -0.29864183 -0.17599713  0.28899571 -0.24329731 -0.49211239
  0.36255213 -0.32318425  0.16618652 -0.09724784], Best Fitness = 111.0210238074335, Evaluations = 3744
Generation 117: Best Solution = [ 0.40821634 -0.29864183 -0.17599713  0.28899571 -0.24329731 -0.49211239
  0.36255213 -0.32318425  0.16618652 -0.09724784], Best Fitness = 111.0210238074335, Evaluations = 3776
Generation 118: Best Solution = [ 0.40821634 -0.29864183 -0.17599713  0.28899571 -0.24329731 -0.49211239
  0.36255213 -0.32318425  0.16618652 -0.09724784], Best Fitness = 111.0210238074335, Evaluations = 3808
Generation 119: Best Solution = [ 0.40821634 -0.29864183 -0.17599713  0.28899571 -0.24329731 -0.49211239
  0.36255213 -0.32318425  0.16618652 -0.09724784], Best Fitness = 111.0210238074335, Evaluations = 3840
Generation 120: Best Solution = [ 0.40821634 -0.29864183 -0.17599713  0.28899571 -0.24329731 -0.49211239
  0.36255213 -0.32318425  0.16618652 -0.09724784], Best Fitness = 111.0210238074335, Evaluations = 3872
Generation 121: Best Solution = [ 0.40821634 -0.29864183 -0.17599713  0.28899571 -0.24329731 -0.49211239
  0.36255213 -0.32318425  0.16618652 -0.09724784], Best Fitness = 111.0210238074335, Evaluations = 3904
Generation 122: Best Solution = [ 0.40821634 -0.29864183 -0.17599713  0.28899571 -0.24329731 -0.49211239
  0.36255213 -0.32318425  0.16618652 -0.09724784], Best Fitness = 111.0210238074335, Evaluations = 3936
Generation 123: Best Solution = [ 0.40821634 -0.29864183 -0.17599713  0.28899571 -0.24329731 -0.49211239
  0.36255213 -0.32318425  0.16618652 -0.09724784], Best Fitness = 111.0210238074335, Evaluations = 3968
Generation 124: Best Solution = [ 0.40821634 -0.29864183 -0.17599713  0.28899571 -0.24329731 -0.49211239
  0.36255213 -0.32318425  0.16618652 -0.09724784], Best Fitness = 111.0210238074335, Evaluations = 4000
Generation 125: Best Solution = [ 0.40821634 -0.29864183 -0.17599713  0.28899571 -0.24329731 -0.49211239
  0.36255213 -0.32318425  0.16618652 -0.09724784], Best Fitness = 111.0210238074335, Evaluations = 4032
Generation 126: Best Solution = [ 0.40821634 -0.29864183 -0.17599713  0.28899571 -0.24329731 -0.49211239
  0.36255213 -0.32318425  0.16618652 -0.09724784], Best Fitness = 108.12248964940238, Evaluations = 4064
Generation 127: Best Solution = [ 0.40821634 -0.29864183 -0.17599713  0.28899571 -0.24329731 -0.49211239
  0.36255213 -0.32318425  0.16618652 -0.09724784], Best Fitness = 108.12248964940238, Evaluations = 4096
Generation 128: Best Solution = [ 0.33140469  0.2606113   0.20714215 -0.08626626  0.30239582  0.41181168
  0.38863712  0.47993918  0.23986868  0.18283146], Best Fitness = 46.89549532249469, Evaluations = 4128
Generation 129: Best Solution = [ 0.33140469  0.2606113   0.20714215 -0.08626626  0.30239582  0.41181168
  0.38863712  0.47993918  0.23986868  0.18283146], Best Fitness = 46.89549532249469, Evaluations = 4160
Generation 130: Best Solution = [ 0.33140469  0.2606113   0.20714215 -0.08626626  0.30239582  0.41181168
  0.38863712  0.47993918  0.23986868  0.18283146], Best Fitness = 46.89549532249469, Evaluations = 4192
Generation 131: Best Solution = [ 0.33140469  0.2606113   0.20714215 -0.08626626  0.30239582  0.41181168
  0.38863712  0.47993918  0.23986868  0.18283146], Best Fitness = 46.89549532249469, Evaluations = 4224
Generation 132: Best Solution = [ 0.33140469  0.2606113   0.20714215 -0.08626626  0.30239582  0.41181168
  0.38863712  0.47993918  0.23986868  0.18283146], Best Fitness = 46.89549532249469, Evaluations = 4256
Generation 133: Best Solution = [ 0.33140469  0.2606113   0.20714215 -0.08626626  0.30239582  0.41181168
  0.38863712  0.47993918  0.23986868  0.18283146], Best Fitness = 46.89549532249469, Evaluations = 4288
Generation 134: Best Solution = [ 0.33140469  0.2606113   0.20714215 -0.08626626  0.30239582  0.41181168
  0.38863712  0.47993918  0.23986868  0.18283146], Best Fitness = 46.89549532249469, Evaluations = 4320
Generation 135: Best Solution = [ 0.33140469  0.2606113   0.20714215 -0.08626626  0.30239582  0.41181168
  0.38863712  0.47993918  0.23986868  0.18283146], Best Fitness = 46.89549532249469, Evaluations = 4352
Generation 136: Best Solution = [ 0.33140469  0.2606113   0.20714215 -0.08626626  0.30239582  0.41181168
  0.38863712  0.47993918  0.23986868  0.18283146], Best Fitness = 46.89549532249469, Evaluations = 4384
Generation 137: Best Solution = [ 0.33140469  0.2606113   0.20714215 -0.08626626  0.30239582  0.41181168
  0.38863712  0.47993918  0.23986868  0.18283146], Best Fitness = 46.89549532249469, Evaluations = 4416
Generation 138: Best Solution = [ 0.33140469  0.2606113   0.20714215 -0.08626626  0.30239582  0.41181168
  0.38863712  0.47993918  0.23986868  0.18283146], Best Fitness = 46.89549532249469, Evaluations = 4448
Generation 139: Best Solution = [ 0.33140469  0.2606113   0.20714215 -0.08626626  0.30239582  0.41181168
  0.38863712  0.47993918  0.23986868  0.18283146], Best Fitness = 46.89549532249469, Evaluations = 4480
Generation 140: Best Solution = [ 0.33140469  0.2606113   0.20714215 -0.08626626  0.30239582  0.41181168
  0.38863712  0.47993918  0.23986868  0.18283146], Best Fitness = 46.89549532249469, Evaluations = 4512
Generation 141: Best Solution = [ 0.33140469  0.2606113   0.20714215 -0.08626626  0.30239582  0.41181168
  0.38863712  0.47993918  0.23986868  0.18283146], Best Fitness = 46.89549532249469, Evaluations = 4544
Generation 142: Best Solution = [ 0.33140469  0.2606113   0.20714215 -0.08626626  0.30239582  0.41181168
  0.38863712  0.47993918  0.23986868  0.18283146], Best Fitness = 46.89549532249469, Evaluations = 4576
Generation 143: Best Solution = [ 0.33140469  0.2606113   0.20714215 -0.08626626  0.30239582  0.41181168
  0.38863712  0.47993918  0.23986868  0.18283146], Best Fitness = 46.89549532249469, Evaluations = 4608
Generation 144: Best Solution = [ 0.33140469  0.2606113   0.20714215 -0.08626626  0.30239582  0.41181168
  0.38863712  0.47993918  0.23986868  0.18283146], Best Fitness = 46.89549532249469, Evaluations = 4640
Generation 145: Best Solution = [ 0.33140469  0.2606113   0.20714215 -0.08626626  0.30239582  0.41181168
  0.38863712  0.47993918  0.23986868  0.18283146], Best Fitness = 46.89549532249469, Evaluations = 4672
Generation 146: Best Solution = [ 0.33140469  0.2606113   0.20714215 -0.08626626  0.30239582  0.41181168
  0.38863712  0.47993918  0.23986868  0.18283146], Best Fitness = 46.89549532249469, Evaluations = 4704
Generation 147: Best Solution = [ 0.33140469  0.2606113   0.20714215 -0.08626626  0.30239582  0.41181168
  0.38863712  0.47993918  0.23986868  0.18283146], Best Fitness = 46.89549532249469, Evaluations = 4736
Generation 148: Best Solution = [ 0.33140469  0.2606113   0.20714215 -0.08626626  0.30239582  0.41181168
  0.38863712  0.47993918  0.23986868  0.18283146], Best Fitness = 46.89549532249469, Evaluations = 4768
Generation 149: Best Solution = [ 0.33140469  0.2606113   0.20714215 -0.08626626  0.30239582  0.41181168
  0.38863712  0.47993918  0.23986868  0.18283146], Best Fitness = 46.89549532249469, Evaluations = 4800
Generation 150: Best Solution = [ 0.33140469  0.2606113   0.20714215 -0.08626626  0.30239582  0.41181168
  0.38863712  0.47993918  0.23986868  0.18283146], Best Fitness = 46.89549532249469, Evaluations = 4832
Generation 151: Best Solution = [ 0.33140469  0.2606113   0.20714215 -0.08626626  0.30239582  0.41181168
  0.38863712  0.47993918  0.23986868  0.18283146], Best Fitness = 46.89549532249469, Evaluations = 4864
Generation 152: Best Solution = [ 0.33140469  0.2606113   0.20714215 -0.08626626  0.30239582  0.41181168
  0.38863712  0.47993918  0.23986868  0.18283146], Best Fitness = 46.89549532249469, Evaluations = 4896
Generation 153: Best Solution = [ 0.33140469  0.2606113   0.20714215 -0.08626626  0.30239582  0.41181168
  0.38863712  0.47993918  0.23986868  0.18283146], Best Fitness = 46.89549532249469, Evaluations = 4928
Generation 154: Best Solution = [ 0.33140469  0.2606113   0.20714215 -0.08626626  0.30239582  0.41181168
  0.38863712  0.47993918  0.23986868  0.18283146], Best Fitness = 46.89549532249469, Evaluations = 4960
Generation 155: Best Solution = [-0.48026806  0.49563224  0.04022308  0.28657623  0.29128056  0.3599126
  0.14475154 -0.08502574 -0.03752662 -0.18118756], Best Fitness = 43.75582919447514, Evaluations = 4992
Generation 156: Best Solution = [-0.48026806  0.49563224  0.04022308  0.28657623  0.29128056  0.3599126
  0.14475154 -0.08502574 -0.03752662 -0.18118756], Best Fitness = 43.75582919447514, Evaluations = 5024
Generation 157: Best Solution = [ 0.33140469  0.2606113  -0.05160644 -0.08626626  0.11072124  0.35333522
 -0.11617664 -0.12099627  0.23986868 -0.06783229], Best Fitness = 39.02433883964486, Evaluations = 5056
Generation 158: Best Solution = [-0.15829495 -0.12791282 -0.27341689  0.10496091  0.16083978  0.16120198
  0.38646772  0.19363172  0.03181648  0.07409248], Best Fitness = 37.04090043633414, Evaluations = 5088
Generation 159: Best Solution = [-0.15829495 -0.12791282 -0.27341689  0.10496091  0.16083978  0.16120198
  0.38646772  0.19363172  0.03181648  0.07409248], Best Fitness = 37.04090043633414, Evaluations = 5120
Generation 160: Best Solution = [-0.15829495 -0.12791282 -0.27341689  0.10496091  0.16083978  0.16120198
  0.38646772  0.19363172  0.03181648  0.07409248], Best Fitness = 37.04090043633414, Evaluations = 5152
Generation 161: Best Solution = [-0.15829495 -0.12791282 -0.27341689  0.10496091  0.16083978  0.16120198
  0.38646772  0.19363172  0.03181648  0.07409248], Best Fitness = 37.04090043633414, Evaluations = 5184
Generation 162: Best Solution = [-0.15829495 -0.12791282 -0.27341689  0.10496091  0.16083978  0.16120198
  0.38646772  0.19363172  0.03181648  0.07409248], Best Fitness = 37.04090043633414, Evaluations = 5216
Generation 163: Best Solution = [-0.15829495 -0.12791282 -0.27341689  0.10496091  0.16083978  0.16120198
  0.38646772  0.19363172  0.03181648  0.07409248], Best Fitness = 37.04090043633414, Evaluations = 5248
Generation 164: Best Solution = [-0.15829495 -0.12791282 -0.27341689  0.10496091  0.16083978  0.16120198
  0.38646772  0.19363172  0.03181648  0.07409248], Best Fitness = 37.04090043633414, Evaluations = 5280
Generation 165: Best Solution = [-0.15829495 -0.12791282 -0.27341689  0.10496091  0.16083978  0.16120198
  0.38646772  0.19363172  0.03181648  0.07409248], Best Fitness = 37.04090043633414, Evaluations = 5312
Generation 166: Best Solution = [-0.15829495 -0.12791282 -0.27341689  0.10496091  0.16083978  0.16120198
  0.38646772  0.19363172  0.03181648  0.07409248], Best Fitness = 35.08720106204944, Evaluations = 5344
Generation 167: Best Solution = [-0.623659    0.2606113  -0.05160644  0.0596561   0.11072124  0.35333522
 -0.11617664 -0.12099627  0.04777926 -0.06783229], Best Fitness = 34.19293828939509, Evaluations = 5376
Generation 168: Best Solution = [-0.43245023  0.09937452  0.15029516  0.1074918  -0.08141349 -0.21576533
  0.07758067 -0.28807512 -0.10276702  0.04717963], Best Fitness = 32.35605298939287, Evaluations = 5408
Generation 169: Best Solution = [-0.43245023  0.09937452  0.15029516  0.1074918  -0.08141349 -0.21576533
  0.07758067 -0.28807512 -0.10276702  0.04717963], Best Fitness = 32.35605298939287, Evaluations = 5440
Generation 170: Best Solution = [ 0.31876382  0.08057556  0.02092146  0.15352423  0.1742041   0.25131125
 -0.11849676  0.09418549 -0.10397656 -0.01985653], Best Fitness = 22.387149903359973, Evaluations = 5472
Generation 171: Best Solution = [ 0.31876382  0.08057556  0.02092146  0.15352423  0.1742041   0.25131125
 -0.11849676  0.09418549 -0.10397656 -0.01985653], Best Fitness = 22.387149903359973, Evaluations = 5504
Generation 172: Best Solution = [ 0.62989744  0.42649562  0.38879549  0.01757435  0.19855482  0.13180673
  0.10010609 -0.11272244  0.14991698  0.11626413], Best Fitness = 21.86184004247053, Evaluations = 5536
Generation 173: Best Solution = [ 0.62989744  0.42649562  0.38879549  0.01757435  0.19855482  0.13180673
  0.10010609 -0.11272244  0.14991698  0.11626413], Best Fitness = 21.86184004247053, Evaluations = 5568
Generation 174: Best Solution = [ 0.03068857  0.08057556  0.02092146  0.15352423  0.1742041   0.25131125
  0.12227858  0.09418549  0.04424144 -0.01985653], Best Fitness = 18.506993872476727, Evaluations = 5600
Generation 175: Best Solution = [ 0.03068857  0.08057556  0.02092146  0.15352423  0.1742041   0.25131125
  0.12227858  0.09418549  0.04424144 -0.01985653], Best Fitness = 18.506993872476727, Evaluations = 5632
Generation 176: Best Solution = [ 0.03068857  0.08057556  0.02092146  0.15352423  0.1742041   0.25131125
  0.12227858  0.09418549  0.04424144 -0.01985653], Best Fitness = 18.506993872476727, Evaluations = 5664
Generation 177: Best Solution = [ 0.03068857  0.08057556  0.02092146  0.15352423  0.1742041   0.25131125
  0.12227858  0.09418549  0.04424144 -0.01985653], Best Fitness = 18.506993872476727, Evaluations = 5696
Generation 178: Best Solution = [ 0.03068857  0.08057556  0.02092146  0.15352423  0.1742041   0.25131125
  0.12227858  0.09418549  0.04424144 -0.01985653], Best Fitness = 18.506993872476727, Evaluations = 5728
Generation 179: Best Solution = [ 0.03068857  0.08057556  0.02092146  0.15352423  0.1742041   0.25131125
  0.12227858  0.09418549  0.04424144 -0.01985653], Best Fitness = 18.506993872476727, Evaluations = 5760
Generation 180: Best Solution = [ 0.03068857  0.08057556  0.02092146  0.15352423  0.1742041   0.25131125
  0.12227858  0.09418549  0.04424144 -0.01985653], Best Fitness = 18.506993872476727, Evaluations = 5792
Generation 181: Best Solution = [ 0.82985797  0.67541417  0.35968157  0.25029931 -0.15767724 -0.09936109
  0.14816407 -0.02397179  0.01993057  0.05117127], Best Fitness = 17.617217921906903, Evaluations = 5824
Generation 182: Best Solution = [ 0.82985797  0.67541417  0.35968157  0.25029931 -0.15767724 -0.09936109
  0.14816407 -0.02397179  0.01993057  0.05117127], Best Fitness = 17.617217921906903, Evaluations = 5856
Generation 183: Best Solution = [ 0.82985797  0.67541417  0.35968157  0.25029931 -0.15767724 -0.09936109
  0.14816407 -0.02397179  0.01993057  0.05117127], Best Fitness = 17.617217921906903, Evaluations = 5888
Generation 184: Best Solution = [ 0.82985797  0.67541417  0.35968157  0.25029931 -0.15767724 -0.09936109
  0.14816407 -0.02397179  0.01993057  0.05117127], Best Fitness = 17.617217921906903, Evaluations = 5920
Generation 185: Best Solution = [ 0.82985797  0.67541417  0.35968157  0.25029931 -0.15767724 -0.09936109
  0.14816407 -0.02397179  0.01993057  0.05117127], Best Fitness = 17.617217921906903, Evaluations = 5952
Generation 186: Best Solution = [ 0.82985797  0.67541417  0.35968157  0.25029931 -0.15767724 -0.09936109
  0.14816407 -0.02397179  0.01993057  0.05117127], Best Fitness = 15.824932296288628, Evaluations = 5984
Generation 187: Best Solution = [ 0.82985797  0.67541417  0.35968157  0.25029931 -0.15767724 -0.09936109
  0.14816407 -0.02397179  0.01993057  0.05117127], Best Fitness = 15.824932296288628, Evaluations = 6016
Generation 188: Best Solution = [ 0.82985797  0.67541417  0.35968157  0.25029931 -0.15767724 -0.09936109
  0.14816407 -0.02397179  0.01993057  0.05117127], Best Fitness = 15.824932296288628, Evaluations = 6048
Generation 189: Best Solution = [ 0.82985797  0.67541417  0.35968157  0.25029931 -0.15767724 -0.09936109
  0.14816407 -0.02397179  0.01993057  0.05117127], Best Fitness = 10.975338333207926, Evaluations = 6080
Generation 190: Best Solution = [ 0.82985797  0.67541417  0.35968157  0.25029931 -0.15767724 -0.09936109
  0.14816407 -0.02397179  0.01993057  0.05117127], Best Fitness = 10.975338333207926, Evaluations = 6112
Generation 191: Best Solution = [ 0.82985797  0.67541417  0.35968157  0.25029931 -0.15767724 -0.09936109
  0.14816407 -0.02397179  0.01993057  0.05117127], Best Fitness = 10.975338333207926, Evaluations = 6144
Generation 192: Best Solution = [ 0.82985797  0.67541417  0.35968157  0.25029931 -0.15767724 -0.09936109
  0.14816407 -0.02397179  0.01993057  0.05117127], Best Fitness = 10.975338333207926, Evaluations = 6176
Generation 193: Best Solution = [ 0.82985797  0.67541417  0.35968157  0.25029931 -0.15767724 -0.09936109
  0.14816407 -0.02397179  0.01993057  0.05117127], Best Fitness = 10.975338333207926, Evaluations = 6208
Generation 194: Best Solution = [ 0.82985797  0.67541417  0.35968157  0.25029931 -0.15767724 -0.09936109
  0.14816407 -0.02397179  0.01993057  0.05117127], Best Fitness = 10.975338333207926, Evaluations = 6240
Generation 195: Best Solution = [ 0.82985797  0.67541417  0.35968157  0.25029931 -0.15767724 -0.09936109
  0.14816407 -0.02397179  0.01993057  0.05117127], Best Fitness = 10.975338333207926, Evaluations = 6272
Generation 196: Best Solution = [ 0.82985797  0.67541417  0.35968157  0.25029931 -0.15767724 -0.09936109
  0.14816407 -0.02397179  0.01993057  0.05117127], Best Fitness = 10.975338333207926, Evaluations = 6304
Generation 197: Best Solution = [ 0.82985797  0.67541417  0.35968157  0.25029931 -0.15767724 -0.09936109
  0.14816407 -0.02397179  0.01993057  0.05117127], Best Fitness = 10.975338333207926, Evaluations = 6336
Generation 198: Best Solution = [ 0.82985797  0.67541417  0.35968157  0.25029931 -0.15767724 -0.09936109
  0.14816407 -0.02397179  0.01993057  0.05117127], Best Fitness = 10.975338333207926, Evaluations = 6368
Generation 199: Best Solution = [ 0.82985797  0.67541417  0.35968157  0.25029931 -0.15767724 -0.09936109
  0.14816407 -0.02397179  0.01993057  0.05117127], Best Fitness = 10.975338333207926, Evaluations = 6400
Generation 200: Best Solution = [ 0.82985797  0.67541417  0.35968157  0.25029931 -0.15767724 -0.09936109
  0.14816407 -0.02397179  0.01993057  0.05117127], Best Fitness = 10.975338333207926, Evaluations = 6432
Generation 201: Best Solution = [ 0.82985797  0.67541417  0.35968157  0.25029931 -0.15767724 -0.09936109
  0.14816407 -0.02397179  0.01993057  0.05117127], Best Fitness = 10.975338333207926, Evaluations = 6464
Generation 202: Best Solution = [ 0.82985797  0.67541417  0.35968157  0.25029931 -0.15767724 -0.09936109
  0.14816407 -0.02397179  0.01993057  0.05117127], Best Fitness = 10.975338333207926, Evaluations = 6496
Generation 203: Best Solution = [ 0.82985797  0.67541417  0.35968157  0.25029931 -0.15767724 -0.09936109
  0.14816407 -0.02397179  0.01993057  0.05117127], Best Fitness = 10.975338333207926, Evaluations = 6528
Generation 204: Best Solution = [ 0.69856239  0.52850864  0.15154267 -0.0097073   0.07267637  0.00273553
  0.0102902   0.05948332 -0.05950326  0.05706076], Best Fitness = 10.371807141852793, Evaluations = 6560
Generation 205: Best Solution = [ 0.72511536  0.45320649  0.22618084  0.04822019  0.0354751  -0.03878158
 -0.02580135 -0.08636159 -0.06870791 -0.03419483], Best Fitness = 9.667838643717145, Evaluations = 6592
Generation 206: Best Solution = [ 0.72511536  0.45320649  0.22618084  0.04822019  0.0354751  -0.03878158
 -0.02580135 -0.08636159 -0.06870791 -0.03419483], Best Fitness = 9.667838643717145, Evaluations = 6624
Generation 207: Best Solution = [ 0.72511536  0.45320649  0.22618084  0.04822019  0.0354751  -0.03878158
 -0.02580135 -0.08636159 -0.06870791 -0.03419483], Best Fitness = 9.667838643717145, Evaluations = 6656
Generation 208: Best Solution = [ 0.82985797  0.62657313  0.35968157  0.25029931 -0.03251291 -0.02874372
  0.03466143  0.02926242  0.01993057  0.02348969], Best Fitness = 9.333154992858612, Evaluations = 6688
Generation 209: Best Solution = [ 0.82985797  0.62657313  0.35968157  0.25029931 -0.03251291 -0.02874372
  0.03466143  0.02926242  0.01993057  0.02348969], Best Fitness = 9.333154992858612, Evaluations = 6720
Generation 210: Best Solution = [ 0.82985797  0.62657313  0.35968157  0.25029931 -0.03251291 -0.02874372
  0.03466143  0.02926242  0.01993057  0.02348969], Best Fitness = 9.333154992858612, Evaluations = 6752
Generation 211: Best Solution = [ 0.82985797  0.62657313  0.35968157  0.25029931 -0.03251291 -0.02874372
  0.03466143  0.02926242  0.01993057  0.02348969], Best Fitness = 9.333154992858612, Evaluations = 6784
Generation 212: Best Solution = [ 0.82985797  0.62657313  0.35968157  0.25029931 -0.03251291 -0.02874372
  0.03466143  0.02926242  0.01993057  0.02348969], Best Fitness = 9.333154992858612, Evaluations = 6816
Generation 213: Best Solution = [ 0.82985797  0.62657313  0.35968157  0.25029931 -0.03251291 -0.02874372
  0.03466143  0.02926242  0.01993057  0.02348969], Best Fitness = 9.333154992858612, Evaluations = 6848
Generation 214: Best Solution = [ 0.82985797  0.62657313  0.35968157  0.25029931 -0.03251291 -0.02874372
  0.03466143  0.02926242  0.01993057  0.02348969], Best Fitness = 9.333154992858612, Evaluations = 6880
Generation 215: Best Solution = [ 0.82985797  0.62657313  0.35968157  0.25029931 -0.03251291 -0.02874372
  0.03466143  0.02926242  0.01993057  0.02348969], Best Fitness = 9.333154992858612, Evaluations = 6912
Generation 216: Best Solution = [ 0.82985797  0.62657313  0.35968157  0.25029931 -0.03251291 -0.02874372
  0.03466143  0.02926242  0.01993057  0.02348969], Best Fitness = 9.333154992858612, Evaluations = 6944
Generation 217: Best Solution = [ 0.82985797  0.62657313  0.35968157  0.25029931 -0.03251291 -0.02874372
  0.03466143  0.02926242  0.01993057  0.02348969], Best Fitness = 9.333154992858612, Evaluations = 6976
Generation 218: Best Solution = [ 0.82985797  0.62657313  0.35968157  0.25029931 -0.03251291 -0.02874372
  0.03466143  0.02926242  0.01993057  0.02348969], Best Fitness = 9.333154992858612, Evaluations = 7008
Generation 219: Best Solution = [ 0.82985797  0.62657313  0.35968157  0.25029931 -0.03251291 -0.02874372
  0.03466143  0.02926242  0.01993057  0.02348969], Best Fitness = 9.333154992858612, Evaluations = 7040
Generation 220: Best Solution = [ 0.82985797  0.62657313  0.35968157  0.25029931 -0.03251291 -0.02874372
  0.03466143  0.02926242  0.01993057  0.02348969], Best Fitness = 9.333154992858612, Evaluations = 7072
Generation 221: Best Solution = [ 0.53940155  0.2334038  -0.01342954  0.00519289  0.03134922 -0.00505973
 -0.00419327 -0.00431122 -0.02374662 -0.01623082], Best Fitness = 8.814980959587878, Evaluations = 7104
Generation 222: Best Solution = [ 0.69856239  0.52850864  0.27125857  0.12950027  0.07267637 -0.02339822
  0.07716577  0.02612361 -0.05950326  0.05706076], Best Fitness = 8.58644768519474, Evaluations = 7136
Generation 223: Best Solution = [ 0.69856239  0.52850864  0.27125857  0.12950027  0.07267637 -0.02339822
  0.07716577  0.02612361 -0.05950326  0.05706076], Best Fitness = 8.58644768519474, Evaluations = 7168
Generation 224: Best Solution = [ 0.69856239  0.52850864  0.27125857  0.12950027  0.07267637 -0.02339822
  0.07716577  0.02612361 -0.05950326  0.05706076], Best Fitness = 8.58644768519474, Evaluations = 7200
Generation 225: Best Solution = [ 0.69856239  0.52850864  0.27125857  0.12950027  0.07267637 -0.02339822
  0.07716577  0.02612361 -0.05950326  0.05706076], Best Fitness = 8.58644768519474, Evaluations = 7232
Generation 226: Best Solution = [ 0.69856239  0.52850864  0.27125857  0.12950027  0.07267637 -0.02339822
  0.07716577  0.02612361 -0.05950326  0.05706076], Best Fitness = 8.58644768519474, Evaluations = 7264
Generation 227: Best Solution = [ 0.69856239  0.52850864  0.27125857  0.12950027  0.07267637 -0.02339822
  0.07716577  0.02612361 -0.05950326  0.05706076], Best Fitness = 8.58644768519474, Evaluations = 7296
Generation 228: Best Solution = [ 0.69856239  0.52850864  0.27125857  0.12950027  0.07267637 -0.02339822
  0.07716577  0.02612361 -0.05950326  0.05706076], Best Fitness = 8.58644768519474, Evaluations = 7328
Generation 229: Best Solution = [ 0.83596835  0.64061589  0.42846662  0.15725144  0.05991185 -0.01288606
  0.06864188  0.0029257  -0.02407995 -0.11054125], Best Fitness = 8.366990462770513, Evaluations = 7360
Generation 230: Best Solution = [ 0.83596835  0.64061589  0.42846662  0.15725144  0.05991185 -0.01288606
  0.06864188  0.0029257  -0.02407995 -0.11054125], Best Fitness = 8.366990462770513, Evaluations = 7392
Generation 231: Best Solution = [ 0.83596835  0.64061589  0.42846662  0.15725144  0.05991185 -0.01288606
  0.06864188  0.0029257  -0.02407995 -0.11054125], Best Fitness = 8.366990462770513, Evaluations = 7424
Generation 232: Best Solution = [ 0.83596835  0.64061589  0.42846662  0.15725144  0.05991185 -0.01288606
  0.06864188  0.0029257  -0.02407995 -0.11054125], Best Fitness = 8.366990462770513, Evaluations = 7456
Generation 233: Best Solution = [ 0.83596835  0.64061589  0.42846662  0.15725144  0.05991185 -0.01288606
  0.06864188  0.0029257  -0.02407995 -0.11054125], Best Fitness = 8.366990462770513, Evaluations = 7488
Generation 234: Best Solution = [ 0.83596835  0.64061589  0.42846662  0.15725144  0.05991185 -0.01288606
  0.06864188  0.0029257  -0.02407995 -0.11054125], Best Fitness = 8.366990462770513, Evaluations = 7520
Generation 235: Best Solution = [ 0.83596835  0.64061589  0.42846662  0.15725144  0.05991185 -0.01288606
  0.06864188  0.0029257  -0.02407995 -0.11054125], Best Fitness = 8.366990462770513, Evaluations = 7552
Generation 236: Best Solution = [ 0.83596835  0.64061589  0.42846662  0.15725144  0.05991185 -0.01288606
  0.06864188  0.0029257  -0.02407995 -0.11054125], Best Fitness = 8.366990462770513, Evaluations = 7584
Generation 237: Best Solution = [ 0.83596835  0.64061589  0.42846662  0.15725144  0.05991185 -0.01288606
  0.06864188  0.0029257  -0.02407995 -0.11054125], Best Fitness = 8.366990462770513, Evaluations = 7616
Generation 238: Best Solution = [ 0.83596835  0.64061589  0.42846662  0.15725144  0.05991185 -0.01288606
  0.06864188  0.0029257  -0.02407995 -0.11054125], Best Fitness = 7.897559738526325, Evaluations = 7648
Generation 239: Best Solution = [ 0.83596835  0.64061589  0.42846662  0.15725144  0.05991185 -0.01288606
  0.06864188  0.0029257  -0.02407995 -0.11054125], Best Fitness = 7.897559738526325, Evaluations = 7680
Generation 240: Best Solution = [ 0.83596835  0.64061589  0.42846662  0.15725144  0.05991185 -0.01288606
  0.06864188  0.0029257  -0.02407995 -0.11054125], Best Fitness = 7.897559738526325, Evaluations = 7712
Generation 241: Best Solution = [ 0.69744052  0.50281401  0.24426414  0.10934694 -0.00865087 -0.00562367
 -0.03594585 -0.02506871 -0.01575737  0.01021817], Best Fitness = 7.449954107952206, Evaluations = 7744
Generation 242: Best Solution = [ 0.69744052  0.50281401  0.24426414  0.10934694 -0.00865087 -0.00562367
 -0.03594585 -0.02506871 -0.01575737  0.01021817], Best Fitness = 7.449954107952206, Evaluations = 7776
Generation 243: Best Solution = [ 0.69744052  0.50281401  0.24426414  0.10934694 -0.00865087 -0.00562367
 -0.03594585 -0.02506871 -0.01575737  0.01021817], Best Fitness = 7.449954107952206, Evaluations = 7808
Generation 244: Best Solution = [ 0.69744052  0.50281401  0.24426414  0.10934694 -0.00865087 -0.00562367
 -0.03594585 -0.02506871 -0.01575737  0.01021817], Best Fitness = 7.449954107952206, Evaluations = 7840
Generation 245: Best Solution = [ 0.69744052  0.50281401  0.24426414  0.10934694 -0.00865087 -0.00562367
 -0.03594585 -0.02506871 -0.01575737  0.01021817], Best Fitness = 7.449954107952206, Evaluations = 7872
Generation 246: Best Solution = [ 0.69744052  0.50281401  0.24426414  0.10934694 -0.00865087 -0.00562367
 -0.03594585 -0.02506871 -0.01575737  0.01021817], Best Fitness = 7.449954107952206, Evaluations = 7904
Generation 247: Best Solution = [ 0.69744052  0.50281401  0.24426414  0.10934694 -0.00865087 -0.00562367
 -0.03594585 -0.02506871 -0.01575737  0.01021817], Best Fitness = 7.449954107952206, Evaluations = 7936
Generation 248: Best Solution = [ 0.69744052  0.50281401  0.24426414  0.10934694 -0.00865087 -0.00562367
 -0.03594585 -0.02506871 -0.01575737  0.01021817], Best Fitness = 7.449954107952206, Evaluations = 7968
Generation 249: Best Solution = [ 0.69744052  0.50281401  0.24426414  0.10934694 -0.00865087 -0.00562367
 -0.03594585 -0.02506871 -0.01575737  0.01021817], Best Fitness = 7.449954107952206, Evaluations = 8000
Generation 250: Best Solution = [ 0.69744052  0.50281401  0.24426414  0.10934694 -0.00865087 -0.00562367
 -0.03594585 -0.02506871 -0.01575737  0.01021817], Best Fitness = 7.449954107952206, Evaluations = 8032
Generation 251: Best Solution = [ 0.69744052  0.50281401  0.24426414  0.10934694 -0.00865087 -0.00562367
 -0.03594585 -0.02506871 -0.01575737  0.01021817], Best Fitness = 7.449954107952206, Evaluations = 8064
Generation 252: Best Solution = [ 0.69744052  0.50281401  0.24426414  0.10934694 -0.00865087 -0.00562367
 -0.03594585 -0.02506871 -0.01575737  0.01021817], Best Fitness = 7.449954107952206, Evaluations = 8096
Generation 253: Best Solution = [ 0.69744052  0.50281401  0.24426414  0.10934694 -0.00865087 -0.00562367
 -0.03594585 -0.02506871 -0.01575737  0.01021817], Best Fitness = 7.449954107952206, Evaluations = 8128
Generation 254: Best Solution = [ 0.69744052  0.50281401  0.24426414  0.10934694 -0.00865087 -0.00562367
 -0.03594585 -0.02506871 -0.01575737  0.01021817], Best Fitness = 7.449954107952206, Evaluations = 8160
Generation 255: Best Solution = [ 0.69744052  0.50281401  0.24426414  0.10934694 -0.00865087 -0.00562367
 -0.03594585 -0.02506871 -0.01575737  0.01021817], Best Fitness = 7.449954107952206, Evaluations = 8192
Generation 256: Best Solution = [ 0.69744052  0.50281401  0.24426414  0.10934694 -0.00865087 -0.00562367
 -0.03594585 -0.02506871 -0.01575737  0.01021817], Best Fitness = 7.449954107952206, Evaluations = 8224
Generation 257: Best Solution = [ 0.69744052  0.50281401  0.24426414  0.10934694 -0.00865087 -0.00562367
 -0.03594585 -0.02506871 -0.01575737  0.01021817], Best Fitness = 7.449954107952206, Evaluations = 8256
Generation 258: Best Solution = [ 0.65166612  0.40691177  0.1973451   0.05994211  0.03232745  0.03312923
  0.00793481 -0.00180797  0.00126895  0.0138092 ], Best Fitness = 7.243853779486838, Evaluations = 8288
Generation 259: Best Solution = [ 0.65166612  0.40691177  0.1973451   0.05994211  0.03232745  0.03312923
  0.00793481 -0.00180797  0.00126895  0.0138092 ], Best Fitness = 7.243853779486838, Evaluations = 8320
Generation 260: Best Solution = [ 0.65166612  0.40691177  0.1973451   0.05994211  0.03232745  0.03312923
  0.00793481 -0.00180797  0.00126895  0.0138092 ], Best Fitness = 7.243853779486838, Evaluations = 8352
Generation 261: Best Solution = [ 0.65166612  0.40691177  0.1973451   0.05994211  0.03232745  0.03312923
  0.00793481 -0.00180797  0.00126895  0.0138092 ], Best Fitness = 7.243853779486838, Evaluations = 8384
Generation 262: Best Solution = [ 0.65166612  0.40691177  0.1973451   0.05994211  0.03232745  0.03312923
  0.00793481 -0.00180797  0.00126895  0.0138092 ], Best Fitness = 7.243853779486838, Evaluations = 8416
Generation 263: Best Solution = [ 0.65166612  0.40691177  0.1973451   0.05994211  0.03232745  0.03312923
  0.00793481 -0.00180797  0.00126895  0.0138092 ], Best Fitness = 7.243853779486838, Evaluations = 8448
Generation 264: Best Solution = [ 0.65166612  0.40691177  0.1973451   0.05994211  0.03232745  0.03312923
  0.00793481 -0.00180797  0.00126895  0.0138092 ], Best Fitness = 7.243853779486838, Evaluations = 8480
Generation 265: Best Solution = [ 0.69744052  0.50281401  0.22992012  0.09852631  0.02103489  0.02497265
 -0.01301272 -0.0055271  -0.01575737  0.00853252], Best Fitness = 7.136966589050528, Evaluations = 8512
Generation 266: Best Solution = [ 0.69744052  0.50281401  0.22992012  0.09852631  0.02103489  0.02497265
 -0.01301272 -0.0055271  -0.01575737  0.00853252], Best Fitness = 7.136966589050528, Evaluations = 8544
Generation 267: Best Solution = [ 0.69744052  0.50281401  0.22992012  0.09852631  0.02103489  0.02497265
 -0.01301272 -0.0055271  -0.01575737  0.00853252], Best Fitness = 7.136966589050528, Evaluations = 8576
Generation 268: Best Solution = [ 0.69744052  0.50281401  0.22992012  0.09852631  0.02103489  0.02497265
 -0.01301272 -0.0055271  -0.01575737  0.00853252], Best Fitness = 7.136966589050528, Evaluations = 8608
Generation 269: Best Solution = [ 0.69744052  0.50281401  0.22992012  0.09852631  0.02103489  0.02497265
 -0.01301272 -0.0055271  -0.01575737  0.00853252], Best Fitness = 7.136966589050528, Evaluations = 8640
Generation 270: Best Solution = [ 0.69744052  0.50281401  0.22992012  0.09852631  0.02103489  0.02497265
 -0.01301272 -0.0055271  -0.01575737  0.00853252], Best Fitness = 7.136966589050528, Evaluations = 8672
Generation 271: Best Solution = [ 7.75745333e-01  5.76541293e-01  3.31600172e-01  7.22060466e-02
  6.51318427e-04 -5.05972640e-03  4.79892368e-02 -4.53478200e-03
  3.65307999e-02  3.44481751e-02], Best Fitness = 7.078311025277332, Evaluations = 8704
Generation 272: Best Solution = [ 7.75745333e-01  5.76541293e-01  3.31600172e-01  7.22060466e-02
  6.51318427e-04 -5.05972640e-03  4.79892368e-02 -4.53478200e-03
  3.65307999e-02  3.44481751e-02], Best Fitness = 7.078311025277332, Evaluations = 8736
Generation 273: Best Solution = [ 7.75745333e-01  5.76541293e-01  3.31600172e-01  7.22060466e-02
  6.51318427e-04 -5.05972640e-03  4.79892368e-02 -4.53478200e-03
  3.65307999e-02  3.44481751e-02], Best Fitness = 7.078311025277332, Evaluations = 8768
Generation 274: Best Solution = [ 7.75745333e-01  5.76541293e-01  3.31600172e-01  7.22060466e-02
  6.51318427e-04 -5.05972640e-03  4.79892368e-02 -4.53478200e-03
  3.65307999e-02  3.44481751e-02], Best Fitness = 7.078311025277332, Evaluations = 8800
Generation 275: Best Solution = [ 7.75745333e-01  5.76541293e-01  3.31600172e-01  7.22060466e-02
  6.51318427e-04 -5.05972640e-03  4.79892368e-02 -4.53478200e-03
  3.65307999e-02  3.44481751e-02], Best Fitness = 7.078311025277332, Evaluations = 8832
Generation 276: Best Solution = [ 7.75745333e-01  5.76541293e-01  3.31600172e-01  7.22060466e-02
  6.51318427e-04 -5.05972640e-03  4.79892368e-02 -4.53478200e-03
  3.65307999e-02  3.44481751e-02], Best Fitness = 6.881795052713854, Evaluations = 8864
Generation 277: Best Solution = [ 0.78058998  0.65880924  0.39069631  0.146587    0.05567276  0.02524298
  0.01561184 -0.01639196 -0.00645713 -0.00222028], Best Fitness = 6.778436576529758, Evaluations = 8896
Generation 278: Best Solution = [ 0.78058998  0.65880924  0.39069631  0.146587    0.05567276  0.02524298
  0.01561184 -0.01639196 -0.00645713 -0.00222028], Best Fitness = 6.778436576529758, Evaluations = 8928
Generation 279: Best Solution = [ 0.78058998  0.65880924  0.39069631  0.146587    0.05567276  0.02524298
  0.01561184 -0.01639196 -0.00645713 -0.00222028], Best Fitness = 6.778436576529758, Evaluations = 8960
Generation 280: Best Solution = [ 0.78058998  0.65880924  0.39069631  0.146587    0.05567276  0.02524298
  0.01561184 -0.01639196 -0.00645713 -0.00222028], Best Fitness = 6.778436576529758, Evaluations = 8992
Generation 281: Best Solution = [ 0.78058998  0.65880924  0.39069631  0.146587    0.05567276  0.02524298
  0.01561184 -0.01639196 -0.00645713 -0.00222028], Best Fitness = 6.778436576529758, Evaluations = 9024
Generation 282: Best Solution = [ 0.78058998  0.65880924  0.39069631  0.146587    0.05567276  0.02524298
  0.01561184 -0.01639196 -0.00645713 -0.00222028], Best Fitness = 6.778436576529758, Evaluations = 9056
Generation 283: Best Solution = [ 0.78058998  0.65880924  0.39069631  0.146587    0.05567276  0.02524298
  0.01561184 -0.01639196 -0.00645713 -0.00222028], Best Fitness = 6.778436576529758, Evaluations = 9088
Generation 284: Best Solution = [ 0.74039085  0.54516643  0.31994252  0.12232057  0.06018361  0.00550254
  0.01047702  0.01247921  0.02076059 -0.02840602], Best Fitness = 6.741719833753745, Evaluations = 9120
Generation 285: Best Solution = [ 0.74039085  0.54516643  0.31994252  0.12232057  0.06018361  0.00550254
  0.01047702  0.01247921  0.02076059 -0.02840602], Best Fitness = 6.741719833753745, Evaluations = 9152
Generation 286: Best Solution = [ 0.74039085  0.54516643  0.31994252  0.12232057  0.06018361  0.00550254
  0.01047702  0.01247921  0.02076059 -0.02840602], Best Fitness = 6.741719833753745, Evaluations = 9184
Generation 287: Best Solution = [ 0.74039085  0.54516643  0.31994252  0.12232057  0.06018361  0.00550254
  0.01047702  0.01247921  0.02076059 -0.02840602], Best Fitness = 6.741719833753745, Evaluations = 9216
Generation 288: Best Solution = [ 0.80750202  0.68963119  0.46593073  0.16143039  0.03401774 -0.01464473
 -0.01488016  0.00808187  0.01754446 -0.02477439], Best Fitness = 6.677582119341439, Evaluations = 9248
Generation 289: Best Solution = [ 0.80750202  0.68963119  0.46593073  0.16143039  0.03401774 -0.01464473
 -0.01488016  0.00808187  0.01754446 -0.02477439], Best Fitness = 6.677582119341439, Evaluations = 9280
Generation 290: Best Solution = [ 0.80750202  0.68963119  0.46593073  0.16143039  0.03401774 -0.01464473
 -0.01488016  0.00808187  0.01754446 -0.02477439], Best Fitness = 6.677582119341439, Evaluations = 9312
Generation 291: Best Solution = [ 0.80750202  0.68963119  0.46593073  0.16143039  0.03401774 -0.01464473
 -0.01488016  0.00808187  0.01754446 -0.02477439], Best Fitness = 6.677582119341439, Evaluations = 9344
Generation 292: Best Solution = [ 0.80750202  0.68963119  0.46593073  0.16143039  0.03401774 -0.01464473
 -0.01488016  0.00808187  0.01754446 -0.02477439], Best Fitness = 6.677582119341439, Evaluations = 9376
Generation 293: Best Solution = [ 0.80750202  0.68963119  0.46593073  0.16143039  0.03401774 -0.01464473
 -0.01488016  0.00808187  0.01754446 -0.02477439], Best Fitness = 6.677582119341439, Evaluations = 9408
Generation 294: Best Solution = [ 0.80750202  0.68963119  0.46593073  0.16143039  0.03401774 -0.01464473
 -0.01488016  0.00808187  0.01754446 -0.02477439], Best Fitness = 6.677582119341439, Evaluations = 9440
Generation 295: Best Solution = [ 0.78113497  0.61940596  0.39069631  0.146587    0.05567276  0.02524298
  0.01561184 -0.01639196 -0.00645713 -0.0137208 ], Best Fitness = 6.40585100207881, Evaluations = 9472
Generation 296: Best Solution = [ 0.78113497  0.61940596  0.39069631  0.146587    0.05567276  0.02524298
  0.01561184 -0.01639196 -0.00645713 -0.0137208 ], Best Fitness = 6.40585100207881, Evaluations = 9504
Generation 297: Best Solution = [ 0.78113497  0.61940596  0.39069631  0.146587    0.05567276  0.02524298
  0.01561184 -0.01639196 -0.00645713 -0.0137208 ], Best Fitness = 6.40585100207881, Evaluations = 9536
Generation 298: Best Solution = [ 0.78113497  0.61940596  0.39069631  0.146587    0.05567276  0.02524298
  0.01561184 -0.01639196 -0.00645713 -0.0137208 ], Best Fitness = 6.40585100207881, Evaluations = 9568
Generation 299: Best Solution = [ 0.78113497  0.61940596  0.39069631  0.146587    0.05567276  0.02524298
  0.01561184 -0.01639196 -0.00645713 -0.0137208 ], Best Fitness = 6.40585100207881, Evaluations = 9600
Generation 300: Best Solution = [ 0.78113497  0.61940596  0.39069631  0.146587    0.05567276  0.02524298
  0.01561184 -0.01639196 -0.00645713 -0.0137208 ], Best Fitness = 6.40585100207881, Evaluations = 9632
Generation 301: Best Solution = [ 0.78113497  0.61940596  0.39069631  0.146587    0.05567276  0.02524298
  0.01561184 -0.01639196 -0.00645713 -0.0137208 ], Best Fitness = 6.40585100207881, Evaluations = 9664
Generation 302: Best Solution = [ 0.78113497  0.61940596  0.39069631  0.146587    0.05567276  0.02524298
  0.01561184 -0.01639196 -0.00645713 -0.0137208 ], Best Fitness = 6.40585100207881, Evaluations = 9696
Generation 303: Best Solution = [ 0.78113497  0.61940596  0.39069631  0.146587    0.05567276  0.02524298
  0.01561184 -0.01639196 -0.00645713 -0.0137208 ], Best Fitness = 6.40585100207881, Evaluations = 9728
Generation 304: Best Solution = [ 0.78113497  0.61940596  0.39069631  0.146587    0.05567276  0.02524298
  0.01561184 -0.01639196 -0.00645713 -0.0137208 ], Best Fitness = 6.40585100207881, Evaluations = 9760
Generation 305: Best Solution = [ 8.06347484e-01  6.44447726e-01  3.86226045e-01  1.46395767e-01
  2.23134985e-02  3.12553896e-02 -4.77817064e-04  3.53559651e-03
  2.43125586e-02 -4.31285698e-03], Best Fitness = 6.3557521859121415, Evaluations = 9792
Generation 306: Best Solution = [ 8.06347484e-01  6.44447726e-01  3.86226045e-01  1.46395767e-01
  2.23134985e-02  3.12553896e-02 -4.77817064e-04  3.53559651e-03
  2.43125586e-02 -4.31285698e-03], Best Fitness = 6.3557521859121415, Evaluations = 9824
Generation 307: Best Solution = [ 8.06347484e-01  6.44447726e-01  3.86226045e-01  1.46395767e-01
  2.23134985e-02  3.12553896e-02 -4.77817064e-04  3.53559651e-03
  2.43125586e-02 -4.31285698e-03], Best Fitness = 6.3557521859121415, Evaluations = 9856
Generation 308: Best Solution = [ 8.06347484e-01  6.44447726e-01  3.86226045e-01  1.46395767e-01
  2.23134985e-02  3.12553896e-02 -4.77817064e-04  3.53559651e-03
  2.43125586e-02 -4.31285698e-03], Best Fitness = 6.3557521859121415, Evaluations = 9888
Generation 309: Best Solution = [ 8.06347484e-01  6.44447726e-01  3.86226045e-01  1.46395767e-01
  2.23134985e-02  3.12553896e-02 -4.77817064e-04  3.53559651e-03
  2.43125586e-02 -4.31285698e-03], Best Fitness = 6.3557521859121415, Evaluations = 9920
Generation 310: Best Solution = [ 8.06347484e-01  6.44447726e-01  3.86226045e-01  1.46395767e-01
  2.23134985e-02  3.12553896e-02 -4.77817064e-04  3.53559651e-03
  2.43125586e-02 -4.31285698e-03], Best Fitness = 6.3557521859121415, Evaluations = 9952
Generation 311: Best Solution = [ 8.06347484e-01  6.44447726e-01  3.86226045e-01  1.46395767e-01
  2.23134985e-02  3.12553896e-02 -4.77817064e-04  3.53559651e-03
  2.43125586e-02 -4.31285698e-03], Best Fitness = 6.3557521859121415, Evaluations = 9984
Generation 312: Best Solution = [ 8.06347484e-01  6.44447726e-01  3.86226045e-01  1.46395767e-01
  2.23134985e-02  3.12553896e-02 -4.77817064e-04  3.53559651e-03
  2.43125586e-02 -4.31285698e-03], Best Fitness = 6.3557521859121415, Evaluations = 10016
