Algorithm: Differential Evolution
Objective Function: Rastrigin
Dimension: 10
Population Size: 32
Max Evaluations: 10000

Generation 0: Best Solution = [-3.21077859 -3.10330607 -0.03029347 -3.5828509   0.76794675  1.53287991
 -1.0153761  -0.95579314 -3.04484961  0.07389316], Best Fitness = 105.93309697882756, Evaluations = 32
Generation 1: Best Solution = [-3.21077859 -3.10330607 -0.03029347 -3.5828509   0.76794675  1.53287991
 -1.0153761  -0.95579314 -3.04484961  0.07389316], Best Fitness = 105.93309697882756, Evaluations = 64
Generation 2: Best Solution = [-3.21077859 -3.10330607 -0.03029347 -3.5828509   0.76794675  1.53287991
 -1.0153761  -0.95579314 -3.04484961  0.07389316], Best Fitness = 105.93309697882756, Evaluations = 96
Generation 3: Best Solution = [ 1.17604731 -3.10330607 -0.03029347 -0.2369852   0.76794675 -0.86799305
  2.66155507  3.87015679 -3.04484961 -0.24694899], Best Fitness = 101.47153234157098, Evaluations = 128
Generation 4: Best Solution = [ 1.17604731 -3.10330607 -0.03029347 -0.2369852   0.76794675 -0.86799305
  2.66155507  3.87015679 -3.04484961 -0.24694899], Best Fitness = 101.47153234157098, Evaluations = 160
Generation 5: Best Solution = [-0.14715878 -2.28734409  2.24145346  0.86386079 -0.24510485 -0.37715077
  0.97912826  0.49383963  2.0985294   2.00812083], Best Fitness = 98.87853868590578, Evaluations = 192
Generation 6: Best Solution = [-0.14715878 -2.28734409  2.24145346  0.86386079 -0.24510485 -0.37715077
  0.97912826  0.49383963  2.0985294   2.00812083], Best Fitness = 98.87853868590578, Evaluations = 224
Generation 7: Best Solution = [-0.14715878 -2.28734409  2.24145346  0.86386079 -0.24510485 -0.37715077
  0.97912826  0.49383963  2.0985294   2.00812083], Best Fitness = 97.96757565262673, Evaluations = 256
Generation 8: Best Solution = [ 1.97970069e+00 -2.36295078e-01 -1.87763718e+00  1.95746571e+00
 -2.52734460e+00  1.79926592e+00 -2.66489071e+00 -1.43874353e-03
  1.91410511e+00 -9.00030492e-01], Best Fitness = 90.15476173991999, Evaluations = 288
Generation 9: Best Solution = [ 1.97970069e+00 -2.36295078e-01 -1.87763718e+00  1.95746571e+00
 -2.52734460e+00  1.79926592e+00 -2.66489071e+00 -1.43874353e-03
  1.91410511e+00 -9.00030492e-01], Best Fitness = 90.15476173991999, Evaluations = 320
Generation 10: Best Solution = [ 1.97970069e+00 -2.36295078e-01 -1.87763718e+00  1.95746571e+00
 -2.52734460e+00  1.79926592e+00 -2.66489071e+00 -1.43874353e-03
  1.91410511e+00 -9.00030492e-01], Best Fitness = 90.15476173991999, Evaluations = 352
Generation 11: Best Solution = [ 0.67281157  1.29506949  0.0062889   0.20445122  1.81309951 -2.11548063
 -1.90615162 -2.01442395  3.88847392  0.03130626], Best Fitness = 80.32397120537237, Evaluations = 384
Generation 12: Best Solution = [ 0.67281157  1.29506949  0.0062889   0.20445122  1.81309951 -2.11548063
 -1.90615162 -2.01442395  3.88847392  0.03130626], Best Fitness = 80.32397120537237, Evaluations = 416
Generation 13: Best Solution = [ 0.67281157  1.29506949  0.0062889   0.20445122  1.81309951 -2.11548063
 -1.90615162 -2.01442395  3.88847392  0.03130626], Best Fitness = 80.32397120537237, Evaluations = 448
Generation 14: Best Solution = [ 0.67281157  1.29506949  0.0062889   0.20445122  1.81309951 -2.11548063
 -1.90615162 -2.01442395  3.88847392  0.03130626], Best Fitness = 80.32397120537237, Evaluations = 480
Generation 15: Best Solution = [ 2.92362274  1.04605341  0.2801198   0.68961965  1.03165551 -0.88820018
 -0.14698761 -0.94538376 -0.0337097   0.10139618], Best Fitness = 49.40868073059439, Evaluations = 512
Generation 16: Best Solution = [ 2.92362274  1.04605341  0.2801198   0.68961965  1.03165551 -0.88820018
 -0.14698761 -0.94538376 -0.0337097   0.10139618], Best Fitness = 49.40868073059439, Evaluations = 544
Generation 17: Best Solution = [ 2.92362274  1.04605341  0.2801198   0.68961965  1.03165551 -0.88820018
 -0.14698761 -0.94538376 -0.0337097   0.10139618], Best Fitness = 49.40868073059439, Evaluations = 576
Generation 18: Best Solution = [ 2.92362274  1.04605341  0.2801198   0.68961965  1.03165551 -0.88820018
 -0.14698761 -0.94538376 -0.0337097   0.10139618], Best Fitness = 49.40868073059439, Evaluations = 608
Generation 19: Best Solution = [ 2.92362274  1.04605341  0.2801198   0.68961965  1.03165551 -0.88820018
 -0.14698761 -0.94538376 -0.0337097   0.10139618], Best Fitness = 49.40868073059439, Evaluations = 640
Generation 20: Best Solution = [ 2.92362274  1.04605341  0.2801198   0.68961965  1.03165551 -0.88820018
 -0.14698761 -0.94538376 -0.0337097   0.10139618], Best Fitness = 49.40868073059439, Evaluations = 672
Generation 21: Best Solution = [ 2.92362274  1.04605341  0.2801198   0.68961965  1.03165551 -0.88820018
 -0.14698761 -0.94538376 -0.0337097   0.10139618], Best Fitness = 49.40868073059439, Evaluations = 704
Generation 22: Best Solution = [ 2.92362274  1.04605341  0.2801198   0.68961965  1.03165551 -0.88820018
 -0.14698761 -0.94538376 -0.0337097   0.10139618], Best Fitness = 49.40868073059439, Evaluations = 736
Generation 23: Best Solution = [ 2.92362274  1.04605341  0.2801198   0.68961965  1.03165551 -0.88820018
 -0.14698761 -0.94538376 -0.0337097   0.10139618], Best Fitness = 49.40868073059439, Evaluations = 768
Generation 24: Best Solution = [ 2.92362274  1.04605341  0.2801198   0.68961965  1.03165551 -0.88820018
 -0.14698761 -0.94538376 -0.0337097   0.10139618], Best Fitness = 49.40868073059439, Evaluations = 800
Generation 25: Best Solution = [ 2.92362274  1.04605341  0.2801198   0.68961965  1.03165551 -0.88820018
 -0.14698761 -0.94538376 -0.0337097   0.10139618], Best Fitness = 49.40868073059439, Evaluations = 832
Generation 26: Best Solution = [ 2.92362274  1.04605341  0.2801198   0.68961965  1.03165551 -0.88820018
 -0.14698761 -0.94538376 -0.0337097   0.10139618], Best Fitness = 49.40868073059439, Evaluations = 864
Generation 27: Best Solution = [ 2.92362274  1.04605341  0.2801198   0.68961965  1.03165551 -0.88820018
 -0.14698761 -0.94538376 -0.0337097   0.10139618], Best Fitness = 49.40868073059439, Evaluations = 896
Generation 28: Best Solution = [ 2.92362274  1.04605341  0.2801198   0.68961965  1.03165551 -0.88820018
 -0.14698761 -0.94538376 -0.0337097   0.10139618], Best Fitness = 49.40868073059439, Evaluations = 928
Generation 29: Best Solution = [ 2.92362274  1.04605341  0.2801198   0.68961965  1.03165551 -0.88820018
 -0.14698761 -0.94538376 -0.0337097   0.10139618], Best Fitness = 49.40868073059439, Evaluations = 960
Generation 30: Best Solution = [ 2.92362274  1.04605341  0.2801198   0.68961965  1.03165551 -0.88820018
 -0.14698761 -0.94538376 -0.0337097   0.10139618], Best Fitness = 49.40868073059439, Evaluations = 992
Generation 31: Best Solution = [ 2.92362274  1.04605341  0.2801198   0.68961965  1.03165551 -0.88820018
 -0.14698761 -0.94538376 -0.0337097   0.10139618], Best Fitness = 49.40868073059439, Evaluations = 1024
Generation 32: Best Solution = [ 2.92362274  1.04605341  0.2801198   0.68961965  1.03165551 -0.88820018
 -0.14698761 -0.94538376 -0.0337097   0.10139618], Best Fitness = 49.40868073059439, Evaluations = 1056
Generation 33: Best Solution = [ 2.92362274  1.04605341  0.2801198   0.68961965  1.03165551 -0.88820018
 -0.14698761 -0.94538376 -0.0337097   0.10139618], Best Fitness = 49.40868073059439, Evaluations = 1088
Generation 34: Best Solution = [ 2.92362274  1.04605341  0.2801198   0.68961965  1.03165551 -0.88820018
 -0.14698761 -0.94538376 -0.0337097   0.10139618], Best Fitness = 49.40868073059439, Evaluations = 1120
Generation 35: Best Solution = [ 2.92362274  1.04605341  0.2801198   0.68961965  1.03165551 -0.88820018
 -0.14698761 -0.94538376 -0.0337097   0.10139618], Best Fitness = 49.40868073059439, Evaluations = 1152
Generation 36: Best Solution = [ 2.92362274  1.04605341  0.2801198   0.68961965  1.03165551 -0.88820018
 -0.14698761 -0.94538376 -0.0337097   0.10139618], Best Fitness = 49.40868073059439, Evaluations = 1184
Generation 37: Best Solution = [ 2.92362274  1.04605341  0.2801198   0.68961965  1.03165551 -0.88820018
 -0.14698761 -0.94538376 -0.0337097   0.10139618], Best Fitness = 49.40868073059439, Evaluations = 1216
Generation 38: Best Solution = [ 2.92362274  1.04605341  0.2801198   0.68961965  1.03165551 -0.88820018
 -0.14698761 -0.94538376 -0.0337097   0.10139618], Best Fitness = 49.40868073059439, Evaluations = 1248
Generation 39: Best Solution = [ 2.92362274  1.04605341  0.2801198   0.68961965  1.03165551 -0.88820018
 -0.14698761 -0.94538376 -0.0337097   0.10139618], Best Fitness = 49.40868073059439, Evaluations = 1280
Generation 40: Best Solution = [ 2.92362274  1.04605341  0.2801198   0.68961965  1.03165551 -0.88820018
 -0.14698761 -0.94538376 -0.0337097   0.10139618], Best Fitness = 49.40868073059439, Evaluations = 1312
Generation 41: Best Solution = [ 2.92362274  1.04605341  0.2801198   0.68961965  1.03165551 -0.88820018
 -0.14698761 -0.94538376 -0.0337097   0.10139618], Best Fitness = 49.40868073059439, Evaluations = 1344
Generation 42: Best Solution = [ 2.92362274  1.04605341  0.2801198   0.68961965  1.03165551 -0.88820018
 -0.14698761 -0.94538376 -0.0337097   0.10139618], Best Fitness = 49.40868073059439, Evaluations = 1376
Generation 43: Best Solution = [ 2.92362274  1.04605341  0.2801198   0.68961965  1.03165551 -0.88820018
 -0.14698761 -0.94538376 -0.0337097   0.10139618], Best Fitness = 49.40868073059439, Evaluations = 1408
Generation 44: Best Solution = [ 0.86169269 -0.97702468  0.0062889   0.20445122  1.81309951 -2.11548063
 -1.90615162  0.74211376 -0.97676172  0.03130626], Best Fitness = 46.61427292501738, Evaluations = 1440
Generation 45: Best Solution = [ 0.86169269 -0.97702468  0.0062889   0.20445122  1.81309951 -2.11548063
 -1.90615162  0.74211376 -0.97676172  0.03130626], Best Fitness = 46.61427292501738, Evaluations = 1472
Generation 46: Best Solution = [ 0.86169269 -0.97702468  0.0062889   0.20445122  1.81309951 -2.11548063
 -1.90615162  0.74211376 -0.97676172  0.03130626], Best Fitness = 46.61427292501738, Evaluations = 1504
Generation 47: Best Solution = [ 0.86169269 -0.97702468  0.0062889   0.20445122  1.81309951 -2.11548063
 -1.90615162  0.74211376 -0.97676172  0.03130626], Best Fitness = 46.61427292501738, Evaluations = 1536
Generation 48: Best Solution = [ 0.86169269 -0.97702468  0.0062889   0.20445122  1.81309951 -2.11548063
 -1.90615162  0.74211376 -0.97676172  0.03130626], Best Fitness = 46.61427292501738, Evaluations = 1568
Generation 49: Best Solution = [ 0.86169269 -0.97702468  0.0062889   0.20445122  1.81309951 -2.11548063
 -1.90615162  0.74211376 -0.97676172  0.03130626], Best Fitness = 46.61427292501738, Evaluations = 1600
Generation 50: Best Solution = [ 0.86169269 -0.97702468  0.0062889   0.20445122  1.81309951 -2.11548063
 -1.90615162  0.74211376 -0.97676172  0.03130626], Best Fitness = 46.61427292501738, Evaluations = 1632
Generation 51: Best Solution = [ 0.86169269 -0.97702468  0.0062889   0.20445122  1.81309951 -2.11548063
 -1.90615162  0.74211376 -0.97676172  0.03130626], Best Fitness = 46.61427292501738, Evaluations = 1664
Generation 52: Best Solution = [ 0.86169269 -0.97702468  0.0062889   0.20445122  1.81309951 -2.11548063
 -1.90615162  0.74211376 -0.97676172  0.03130626], Best Fitness = 46.61427292501738, Evaluations = 1696
Generation 53: Best Solution = [ 0.86169269 -0.97702468  0.0062889   0.20445122  1.81309951 -2.11548063
 -1.90615162  0.74211376 -0.97676172  0.03130626], Best Fitness = 46.61427292501738, Evaluations = 1728
Generation 54: Best Solution = [ 0.86169269 -0.97702468  0.0062889   0.20445122  1.81309951 -2.11548063
 -1.90615162  0.74211376 -0.97676172  0.03130626], Best Fitness = 46.61427292501738, Evaluations = 1760
Generation 55: Best Solution = [ 0.86169269 -0.97702468  0.0062889   0.20445122  1.81309951 -2.11548063
 -1.90615162  0.74211376 -0.97676172  0.03130626], Best Fitness = 46.61427292501738, Evaluations = 1792
Generation 56: Best Solution = [ 0.86169269 -0.97702468  0.0062889   0.20445122  1.81309951 -2.11548063
 -1.90615162  0.74211376 -0.97676172  0.03130626], Best Fitness = 46.61427292501738, Evaluations = 1824
Generation 57: Best Solution = [ 0.86169269 -0.97702468  0.0062889   0.20445122  1.81309951 -2.11548063
 -1.90615162  0.74211376 -0.97676172  0.03130626], Best Fitness = 46.61427292501738, Evaluations = 1856
Generation 58: Best Solution = [-0.78749224  0.05425383  0.01399342  0.03979279  2.74870341 -0.13517104
  0.05648224  0.23149235 -0.00682855 -0.06513437], Best Fitness = 40.62490010819425, Evaluations = 1888
Generation 59: Best Solution = [-0.78749224  0.05425383  0.01399342  0.03979279  2.74870341 -0.13517104
  0.05648224  0.23149235 -0.00682855 -0.06513437], Best Fitness = 40.62490010819425, Evaluations = 1920
Generation 60: Best Solution = [-0.78749224  0.05425383  0.01399342  0.03979279  2.74870341 -0.13517104
  0.05648224  0.23149235 -0.00682855 -0.06513437], Best Fitness = 40.62490010819425, Evaluations = 1952
Generation 61: Best Solution = [-0.78749224  0.05425383  0.01399342  0.03979279  2.74870341 -0.13517104
  0.05648224  0.23149235 -0.00682855 -0.06513437], Best Fitness = 40.62490010819425, Evaluations = 1984
Generation 62: Best Solution = [-0.78749224  0.05425383  0.01399342  0.03979279  2.74870341 -0.13517104
  0.05648224  0.23149235 -0.00682855 -0.06513437], Best Fitness = 40.62490010819425, Evaluations = 2016
Generation 63: Best Solution = [-0.78749224  0.05425383  0.01399342  0.03979279  2.74870341 -0.13517104
  0.05648224  0.23149235 -0.00682855 -0.06513437], Best Fitness = 40.62490010819425, Evaluations = 2048
Generation 64: Best Solution = [-0.78749224  0.05425383  0.01399342  0.03979279  2.74870341 -0.13517104
  0.05648224  0.23149235 -0.00682855 -0.06513437], Best Fitness = 40.62490010819425, Evaluations = 2080
Generation 65: Best Solution = [-0.78749224  0.05425383  0.01399342  0.03979279  2.74870341 -0.13517104
  0.05648224  0.23149235 -0.00682855 -0.06513437], Best Fitness = 40.62490010819425, Evaluations = 2112
Generation 66: Best Solution = [-0.78749224  0.05425383  0.01399342  0.03979279  2.74870341 -0.13517104
  0.05648224  0.23149235 -0.00682855 -0.06513437], Best Fitness = 40.62490010819425, Evaluations = 2144
Generation 67: Best Solution = [-0.78749224  0.05425383  0.01399342  0.03979279  2.74870341 -0.13517104
  0.05648224  0.23149235 -0.00682855 -0.06513437], Best Fitness = 40.62490010819425, Evaluations = 2176
Generation 68: Best Solution = [-0.78749224  0.05425383  0.01399342  0.03979279  2.74870341 -0.13517104
  0.05648224  0.23149235 -0.00682855 -0.06513437], Best Fitness = 40.62490010819425, Evaluations = 2208
Generation 69: Best Solution = [-0.78749224  0.05425383  0.01399342  0.03979279  2.74870341 -0.13517104
  0.05648224  0.23149235 -0.00682855 -0.06513437], Best Fitness = 40.62490010819425, Evaluations = 2240
Generation 70: Best Solution = [-0.78749224  0.05425383  0.01399342  0.03979279  2.74870341 -0.13517104
  0.05648224  0.23149235 -0.00682855 -0.06513437], Best Fitness = 40.62490010819425, Evaluations = 2272
Generation 71: Best Solution = [-0.78749224  0.05425383  0.01399342  0.03979279  2.74870341 -0.13517104
  0.05648224  0.23149235 -0.00682855 -0.06513437], Best Fitness = 40.62490010819425, Evaluations = 2304
Generation 72: Best Solution = [-0.78749224  0.05425383  0.01399342  0.03979279  2.74870341 -0.13517104
  0.05648224  0.23149235 -0.00682855 -0.06513437], Best Fitness = 40.62490010819425, Evaluations = 2336
Generation 73: Best Solution = [-0.78749224  0.05425383  0.01399342  0.03979279  2.74870341 -0.13517104
  0.05648224  0.23149235 -0.00682855 -0.06513437], Best Fitness = 40.62490010819425, Evaluations = 2368
Generation 74: Best Solution = [-0.78749224  0.05425383  0.01399342  0.03979279  2.74870341 -0.13517104
  0.05648224  0.23149235 -0.00682855 -0.06513437], Best Fitness = 40.62490010819425, Evaluations = 2400
Generation 75: Best Solution = [-0.78749224  0.05425383  0.01399342  0.03979279  2.74870341 -0.13517104
  0.05648224  0.23149235 -0.00682855 -0.06513437], Best Fitness = 40.62490010819425, Evaluations = 2432
Generation 76: Best Solution = [-0.78749224  0.05425383  0.01399342  0.03979279  2.74870341 -0.13517104
  0.05648224  0.23149235 -0.00682855 -0.06513437], Best Fitness = 40.62490010819425, Evaluations = 2464
Generation 77: Best Solution = [-0.78749224  0.05425383  0.01399342  0.03979279  2.74870341 -0.13517104
  0.05648224  0.23149235 -0.00682855 -0.06513437], Best Fitness = 40.62490010819425, Evaluations = 2496
Generation 78: Best Solution = [-0.78749224  0.05425383  0.01399342  0.03979279  2.74870341 -0.13517104
  0.05648224  0.23149235 -0.00682855 -0.06513437], Best Fitness = 40.62490010819425, Evaluations = 2528
Generation 79: Best Solution = [-0.78749224  0.05425383  0.01399342  0.03979279  2.74870341 -0.13517104
  0.05648224  0.23149235 -0.00682855 -0.06513437], Best Fitness = 40.62490010819425, Evaluations = 2560
Generation 80: Best Solution = [-0.78749224  0.05425383  0.01399342  0.03979279  2.74870341 -0.13517104
  0.05648224  0.23149235 -0.00682855 -0.06513437], Best Fitness = 40.62490010819425, Evaluations = 2592
Generation 81: Best Solution = [-0.78749224  0.05425383  0.01399342  0.03979279  2.74870341 -0.13517104
  0.05648224  0.23149235 -0.00682855 -0.06513437], Best Fitness = 40.62490010819425, Evaluations = 2624
Generation 82: Best Solution = [-0.78749224  0.05425383  0.01399342  0.03979279  2.74870341 -0.13517104
  0.05648224  0.23149235 -0.00682855 -0.06513437], Best Fitness = 40.62490010819425, Evaluations = 2656
Generation 83: Best Solution = [-0.78749224  0.05425383  0.01399342  0.03979279  2.74870341 -0.13517104
  0.05648224  0.23149235 -0.00682855 -0.06513437], Best Fitness = 40.62490010819425, Evaluations = 2688
Generation 84: Best Solution = [-0.78749224  0.05425383  0.01399342  0.03979279  2.74870341 -0.13517104
  0.05648224  0.23149235 -0.00682855 -0.06513437], Best Fitness = 40.62490010819425, Evaluations = 2720
Generation 85: Best Solution = [-0.90097995  0.89915283  0.91679882 -0.01637169 -1.35954915  1.86677298
 -0.01028377 -0.98880539  0.09057964  1.99316548], Best Fitness = 39.243706118172966, Evaluations = 2752
Generation 86: Best Solution = [-0.90097995  0.89915283  0.91679882 -0.01637169 -1.35954915  1.86677298
 -0.01028377 -0.98880539  0.09057964  1.99316548], Best Fitness = 39.243706118172966, Evaluations = 2784
Generation 87: Best Solution = [-0.90097995  0.89915283  0.91679882 -0.01637169 -1.35954915  1.86677298
 -0.01028377 -0.98880539  0.09057964  1.99316548], Best Fitness = 39.243706118172966, Evaluations = 2816
Generation 88: Best Solution = [-0.90097995  0.89915283  0.91679882 -0.01637169 -1.35954915  1.86677298
 -0.01028377 -0.98880539  0.09057964  1.99316548], Best Fitness = 39.243706118172966, Evaluations = 2848
Generation 89: Best Solution = [-0.90097995  0.89915283  0.91679882 -0.01637169 -1.35954915  1.86677298
 -0.01028377 -0.98880539  0.09057964  1.99316548], Best Fitness = 39.243706118172966, Evaluations = 2880
Generation 90: Best Solution = [-0.90097995  0.89915283  0.91679882 -0.01637169 -1.35954915  1.86677298
 -0.01028377 -0.98880539  0.09057964  1.99316548], Best Fitness = 39.243706118172966, Evaluations = 2912
Generation 91: Best Solution = [-0.90097995  0.89915283  0.91679882 -0.01637169 -1.35954915  1.86677298
 -0.01028377 -0.98880539  0.09057964  1.99316548], Best Fitness = 39.243706118172966, Evaluations = 2944
Generation 92: Best Solution = [-0.90097995  0.89915283  0.91679882 -0.01637169 -1.35954915  1.86677298
 -0.01028377 -0.98880539  0.09057964  1.99316548], Best Fitness = 39.243706118172966, Evaluations = 2976
Generation 93: Best Solution = [-0.90097995  0.89915283  0.91679882 -0.01637169 -1.35954915  1.86677298
 -0.01028377 -0.98880539  0.09057964  1.99316548], Best Fitness = 39.243706118172966, Evaluations = 3008
Generation 94: Best Solution = [-0.90097995  0.89915283  0.91679882 -0.01637169 -1.35954915  1.86677298
 -0.01028377 -0.98880539  0.09057964  1.99316548], Best Fitness = 39.243706118172966, Evaluations = 3040
Generation 95: Best Solution = [-0.90097995  0.89915283  0.91679882 -0.01637169 -1.35954915  1.86677298
 -0.01028377 -0.98880539  0.09057964  1.99316548], Best Fitness = 39.243706118172966, Evaluations = 3072
Generation 96: Best Solution = [-0.90097995  0.89915283  0.91679882 -0.01637169 -1.35954915  1.86677298
 -0.01028377 -0.98880539  0.09057964  1.99316548], Best Fitness = 39.243706118172966, Evaluations = 3104
Generation 97: Best Solution = [-0.90097995  0.89915283  0.91679882 -0.01637169 -1.35954915  1.86677298
 -0.01028377 -0.98880539  0.09057964  1.99316548], Best Fitness = 39.243706118172966, Evaluations = 3136
Generation 98: Best Solution = [-0.90097995  0.89915283  0.91679882 -0.01637169 -1.35954915  1.86677298
 -0.01028377 -0.98880539  0.09057964  1.99316548], Best Fitness = 39.243706118172966, Evaluations = 3168
Generation 99: Best Solution = [-0.90097995  0.89915283  0.91679882 -0.01637169 -1.35954915  1.86677298
 -0.01028377 -0.98880539  0.09057964  1.99316548], Best Fitness = 39.243706118172966, Evaluations = 3200
Generation 100: Best Solution = [-0.90097995  0.89915283  0.91679882 -0.01637169 -1.35954915  1.86677298
 -0.01028377 -0.98880539  0.09057964  1.99316548], Best Fitness = 39.243706118172966, Evaluations = 3232
Generation 101: Best Solution = [-0.90097995  0.89915283  0.91679882 -0.01637169 -1.35954915  1.86677298
 -0.01028377 -0.98880539  0.09057964  1.99316548], Best Fitness = 39.243706118172966, Evaluations = 3264
Generation 102: Best Solution = [-0.90097995  0.89915283  0.91679882 -0.01637169 -1.35954915  1.86677298
 -0.01028377 -0.98880539  0.09057964  1.99316548], Best Fitness = 39.243706118172966, Evaluations = 3296
Generation 103: Best Solution = [-0.90097995  0.89915283  0.91679882 -0.01637169 -1.35954915  1.86677298
 -0.01028377 -0.98880539  0.09057964  1.99316548], Best Fitness = 39.243706118172966, Evaluations = 3328
Generation 104: Best Solution = [-0.90097995  0.89915283  0.91679882 -0.01637169 -1.35954915  1.86677298
 -0.01028377 -0.98880539  0.09057964  1.99316548], Best Fitness = 39.243706118172966, Evaluations = 3360
Generation 105: Best Solution = [-0.90097995  0.89915283  0.91679882 -0.01637169 -1.35954915  1.86677298
 -0.01028377 -0.98880539  0.09057964  1.99316548], Best Fitness = 39.243706118172966, Evaluations = 3392
Generation 106: Best Solution = [-0.90097995  0.89915283  0.91679882 -0.01637169 -1.35954915  1.86677298
 -0.01028377 -0.98880539  0.09057964  1.99316548], Best Fitness = 39.243706118172966, Evaluations = 3424
Generation 107: Best Solution = [-0.90097995  0.89915283  0.91679882 -0.01637169 -1.35954915  1.86677298
 -0.01028377 -0.98880539  0.09057964  1.99316548], Best Fitness = 39.243706118172966, Evaluations = 3456
Generation 108: Best Solution = [ 0.33093435  1.04819258 -1.88648028  1.9927907   1.03165551 -0.88820018
 -0.14698761  0.07648955 -0.0337097   0.10139618], Best Fitness = 38.254814290648774, Evaluations = 3488
Generation 109: Best Solution = [ 0.33093435  1.04819258 -1.88648028  1.9927907   1.03165551 -0.88820018
 -0.14698761  0.07648955 -0.0337097   0.10139618], Best Fitness = 38.254814290648774, Evaluations = 3520
Generation 110: Best Solution = [ 0.33093435  1.04819258 -1.88648028  1.9927907   1.03165551 -0.88820018
 -0.14698761  0.07648955 -0.0337097   0.10139618], Best Fitness = 38.254814290648774, Evaluations = 3552
Generation 111: Best Solution = [ 0.33093435  1.04819258 -1.88648028  1.9927907   1.03165551 -0.88820018
 -0.14698761  0.07648955 -0.0337097   0.10139618], Best Fitness = 38.254814290648774, Evaluations = 3584
Generation 112: Best Solution = [ 0.88326207  0.91385143  1.08649006  0.02382016  1.01965757 -0.006206
 -0.64119784  0.91176183  0.95930288  0.20762502], Best Fitness = 37.18712820332871, Evaluations = 3616
Generation 113: Best Solution = [ 0.88326207  0.91385143  1.08649006  0.02382016  1.01965757 -0.006206
 -0.64119784  0.91176183  0.95930288  0.20762502], Best Fitness = 37.18712820332871, Evaluations = 3648
Generation 114: Best Solution = [ 0.88326207  0.91385143  1.08649006  0.02382016  1.01965757 -0.006206
 -0.64119784  0.91176183  0.95930288  0.20762502], Best Fitness = 37.18712820332871, Evaluations = 3680
Generation 115: Best Solution = [ 0.88326207  0.91385143  1.08649006  0.02382016  1.01965757 -0.006206
 -0.64119784  0.91176183  0.95930288  0.20762502], Best Fitness = 37.18712820332871, Evaluations = 3712
Generation 116: Best Solution = [ 0.88326207  0.91385143  1.08649006  0.02382016  1.01965757 -0.006206
 -0.64119784  0.91176183  0.95930288  0.20762502], Best Fitness = 37.18712820332871, Evaluations = 3744
Generation 117: Best Solution = [ 0.88326207  0.91385143  1.08649006  0.02382016  1.01965757 -0.006206
 -0.64119784  0.91176183  0.95930288  0.20762502], Best Fitness = 37.18712820332871, Evaluations = 3776
Generation 118: Best Solution = [-0.90097995  0.89915283  0.91679882 -0.01637169  1.11860836 -1.08090046
 -0.01028377 -0.98880539  1.15989227 -0.02517279], Best Fitness = 21.129467928691867, Evaluations = 3808
Generation 119: Best Solution = [-0.90097995  0.89915283  0.91679882 -0.01637169  1.11860836 -1.08090046
 -0.01028377 -0.98880539  1.15989227 -0.02517279], Best Fitness = 21.129467928691867, Evaluations = 3840
Generation 120: Best Solution = [-0.90097995  0.89915283  0.91679882 -0.01637169  1.11860836 -1.08090046
 -0.01028377 -0.98880539  1.15989227 -0.02517279], Best Fitness = 21.129467928691867, Evaluations = 3872
Generation 121: Best Solution = [-0.90097995  0.89915283  0.91679882 -0.01637169  1.11860836 -1.08090046
 -0.01028377 -0.98880539  1.15989227 -0.02517279], Best Fitness = 21.129467928691867, Evaluations = 3904
Generation 122: Best Solution = [-0.90097995  0.89915283  0.91679882 -0.01637169  1.11860836 -1.08090046
 -0.01028377 -0.98880539  1.15989227 -0.02517279], Best Fitness = 21.129467928691867, Evaluations = 3936
Generation 123: Best Solution = [-0.90097995  0.89915283  0.91679882 -0.01637169  1.11860836 -1.08090046
 -0.01028377 -0.98880539  1.15989227 -0.02517279], Best Fitness = 21.129467928691867, Evaluations = 3968
Generation 124: Best Solution = [-0.90097995  0.89915283  0.91679882 -0.01637169  1.11860836 -1.08090046
 -0.01028377 -0.98880539  1.15989227 -0.02517279], Best Fitness = 21.129467928691867, Evaluations = 4000
Generation 125: Best Solution = [-0.90097995  0.89915283  0.91679882 -0.01637169  1.11860836 -1.08090046
 -0.01028377 -0.98880539  1.15989227 -0.02517279], Best Fitness = 21.129467928691867, Evaluations = 4032
Generation 126: Best Solution = [-0.90097995  0.89915283  0.91679882 -0.01637169  1.11860836 -1.08090046
 -0.01028377 -0.98880539  1.15989227 -0.02517279], Best Fitness = 21.129467928691867, Evaluations = 4064
Generation 127: Best Solution = [-0.90097995  0.89915283  0.91679882 -0.01637169  1.11860836 -1.08090046
 -0.01028377 -0.98880539  1.15989227 -0.02517279], Best Fitness = 21.129467928691867, Evaluations = 4096
Generation 128: Best Solution = [-0.90097995  0.89915283  0.91679882 -0.01637169  1.11860836 -1.08090046
 -0.01028377 -0.98880539  1.15989227 -0.02517279], Best Fitness = 21.129467928691867, Evaluations = 4128
Generation 129: Best Solution = [-0.90097995  0.89915283  0.91679882 -0.01637169  1.11860836 -1.08090046
 -0.01028377 -0.98880539  1.15989227 -0.02517279], Best Fitness = 21.129467928691867, Evaluations = 4160
Generation 130: Best Solution = [-0.90097995  0.89915283  0.91679882 -0.01637169  1.11860836 -1.08090046
 -0.01028377 -0.98880539  1.15989227 -0.02517279], Best Fitness = 21.129467928691867, Evaluations = 4192
Generation 131: Best Solution = [-0.90097995  0.89915283  0.91679882 -0.01637169  1.11860836 -1.08090046
 -0.01028377 -0.98880539  1.15989227 -0.02517279], Best Fitness = 21.129467928691867, Evaluations = 4224
Generation 132: Best Solution = [-0.90097995  0.89915283  0.91679882 -0.01637169  1.11860836 -1.08090046
 -0.01028377 -0.98880539  1.15989227 -0.02517279], Best Fitness = 21.129467928691867, Evaluations = 4256
Generation 133: Best Solution = [-0.90097995  0.89915283  0.91679882 -0.01637169  1.11860836 -1.08090046
 -0.01028377 -0.98880539  1.15989227 -0.02517279], Best Fitness = 21.129467928691867, Evaluations = 4288
Generation 134: Best Solution = [-0.90097995  0.89915283  0.91679882 -0.01637169  1.11860836 -1.08090046
 -0.01028377 -0.98880539  1.15989227 -0.02517279], Best Fitness = 21.129467928691867, Evaluations = 4320
Generation 135: Best Solution = [-0.90097995  0.89915283  0.91679882 -0.01637169  1.11860836 -1.08090046
 -0.01028377 -0.98880539  1.15989227 -0.02517279], Best Fitness = 21.129467928691867, Evaluations = 4352
Generation 136: Best Solution = [-0.90097995  0.89915283  0.91679882 -0.01637169  1.11860836 -1.08090046
 -0.01028377 -0.98880539  1.15989227 -0.02517279], Best Fitness = 21.129467928691867, Evaluations = 4384
Generation 137: Best Solution = [-0.90097995  0.89915283  0.91679882 -0.01637169  1.11860836 -1.08090046
 -0.01028377 -0.98880539  1.15989227 -0.02517279], Best Fitness = 21.129467928691867, Evaluations = 4416
Generation 138: Best Solution = [-0.90097995  0.89915283  0.91679882 -0.01637169  1.11860836 -1.08090046
 -0.01028377 -0.98880539  1.15989227 -0.02517279], Best Fitness = 21.129467928691867, Evaluations = 4448
Generation 139: Best Solution = [-0.90097995  0.89915283  0.91679882 -0.01637169  1.11860836 -1.08090046
 -0.01028377 -0.98880539  1.15989227 -0.02517279], Best Fitness = 21.129467928691867, Evaluations = 4480
Generation 140: Best Solution = [-0.90097995  0.89915283  0.91679882 -0.01637169  1.11860836 -1.08090046
 -0.01028377 -0.98880539  1.15989227 -0.02517279], Best Fitness = 21.129467928691867, Evaluations = 4512
Generation 141: Best Solution = [-0.90097995  0.89915283  0.91679882 -0.01637169  1.11860836 -1.08090046
 -0.01028377 -0.98880539  1.15989227 -0.02517279], Best Fitness = 21.129467928691867, Evaluations = 4544
Generation 142: Best Solution = [-0.90097995  0.89915283  0.91679882 -0.01637169  1.11860836 -1.08090046
 -0.01028377 -0.98880539  1.15989227 -0.02517279], Best Fitness = 21.129467928691867, Evaluations = 4576
Generation 143: Best Solution = [-0.90097995  0.89915283  0.91679882 -0.01637169  1.11860836 -1.08090046
 -0.01028377 -0.98880539  1.15989227 -0.02517279], Best Fitness = 21.129467928691867, Evaluations = 4608
Generation 144: Best Solution = [-0.90097995  0.89915283  0.91679882 -0.01637169  1.11860836 -1.08090046
 -0.01028377 -0.98880539  1.15989227 -0.02517279], Best Fitness = 21.129467928691867, Evaluations = 4640
Generation 145: Best Solution = [-0.90097995  0.89915283  0.91679882 -0.01637169  1.11860836 -1.08090046
 -0.01028377 -0.98880539  1.15989227 -0.02517279], Best Fitness = 21.129467928691867, Evaluations = 4672
Generation 146: Best Solution = [-0.90097995  0.89915283  0.91679882 -0.01637169  1.11860836 -1.08090046
 -0.01028377 -0.98880539  1.15989227 -0.02517279], Best Fitness = 21.129467928691867, Evaluations = 4704
Generation 147: Best Solution = [-0.90097995  0.89915283  0.91679882 -0.01637169  1.11860836 -1.08090046
 -0.01028377 -0.98880539  1.15989227 -0.02517279], Best Fitness = 21.129467928691867, Evaluations = 4736
Generation 148: Best Solution = [-0.90097995  0.89915283  0.91679882 -0.01637169  1.11860836 -1.08090046
 -0.01028377 -0.98880539  1.15989227 -0.02517279], Best Fitness = 21.129467928691867, Evaluations = 4768
Generation 149: Best Solution = [-0.90097995  0.89915283  0.91679882 -0.01637169  1.11860836 -1.08090046
 -0.01028377 -0.98880539  1.15989227 -0.02517279], Best Fitness = 21.129467928691867, Evaluations = 4800
Generation 150: Best Solution = [-0.90097995  0.89915283  0.91679882 -0.01637169  1.11860836 -1.08090046
 -0.01028377 -0.98880539  1.15989227 -0.02517279], Best Fitness = 21.129467928691867, Evaluations = 4832
Generation 151: Best Solution = [-0.90097995  0.89915283  0.91679882 -0.01637169  1.11860836 -1.08090046
 -0.01028377 -0.98880539  1.15989227 -0.02517279], Best Fitness = 21.129467928691867, Evaluations = 4864
Generation 152: Best Solution = [-0.90097995  0.89915283  0.91679882 -0.01637169  1.11860836 -1.08090046
 -0.01028377 -0.98880539  1.15989227 -0.02517279], Best Fitness = 21.129467928691867, Evaluations = 4896
Generation 153: Best Solution = [-0.90097995  0.89915283  0.91679882 -0.01637169  1.11860836 -1.08090046
 -0.01028377 -0.98880539  1.15989227 -0.02517279], Best Fitness = 21.129467928691867, Evaluations = 4928
Generation 154: Best Solution = [-0.90097995  0.89915283  0.91679882 -0.01637169  1.11860836 -1.08090046
 -0.01028377 -0.98880539  1.15989227 -0.02517279], Best Fitness = 21.129467928691867, Evaluations = 4960
Generation 155: Best Solution = [-0.90097995  0.89915283  0.91679882 -0.01637169  1.11860836 -1.08090046
 -0.01028377 -0.98880539  1.15989227 -0.02517279], Best Fitness = 21.129467928691867, Evaluations = 4992
Generation 156: Best Solution = [-0.90097995  0.89915283  0.91679882 -0.01637169  1.11860836 -1.08090046
 -0.01028377 -0.98880539  1.15989227 -0.02517279], Best Fitness = 21.129467928691867, Evaluations = 5024
Generation 157: Best Solution = [-0.90097995  0.89915283  0.91679882 -0.01637169  1.11860836 -1.08090046
 -0.01028377 -0.98880539  1.15989227 -0.02517279], Best Fitness = 21.129467928691867, Evaluations = 5056
Generation 158: Best Solution = [-0.90097995  0.89915283  0.91679882 -0.01637169  1.11860836 -1.08090046
 -0.01028377 -0.98880539  1.15989227 -0.02517279], Best Fitness = 21.129467928691867, Evaluations = 5088
Generation 159: Best Solution = [-0.90097995  0.89915283  0.91679882 -0.01637169  1.11860836 -1.08090046
 -0.01028377 -0.98880539  1.15989227 -0.02517279], Best Fitness = 21.129467928691867, Evaluations = 5120
Generation 160: Best Solution = [-0.90097995  0.89915283  0.91679882 -0.01637169  1.11860836 -1.08090046
 -0.01028377 -0.98880539  1.15989227 -0.02517279], Best Fitness = 21.129467928691867, Evaluations = 5152
Generation 161: Best Solution = [-0.90097995  0.89915283  0.91679882 -0.01637169  1.11860836 -1.08090046
 -0.01028377 -0.98880539  1.15989227 -0.02517279], Best Fitness = 21.129467928691867, Evaluations = 5184
Generation 162: Best Solution = [-0.90097995  0.89915283  0.91679882 -0.01637169  1.11860836 -1.08090046
 -0.01028377 -0.98880539  1.15989227 -0.02517279], Best Fitness = 21.129467928691867, Evaluations = 5216
Generation 163: Best Solution = [-0.90097995  0.89915283  0.91679882 -0.01637169  1.11860836 -1.08090046
 -0.01028377 -0.98880539  1.15989227 -0.02517279], Best Fitness = 21.129467928691867, Evaluations = 5248
Generation 164: Best Solution = [-0.90097995  0.89915283  0.91679882 -0.01637169  1.11860836 -1.08090046
 -0.01028377 -0.98880539  1.15989227 -0.02517279], Best Fitness = 21.129467928691867, Evaluations = 5280
Generation 165: Best Solution = [-0.90097995  0.89915283  0.91679882 -0.01637169  1.11860836 -1.08090046
 -0.01028377 -0.98880539  1.15989227 -0.02517279], Best Fitness = 21.129467928691867, Evaluations = 5312
Generation 166: Best Solution = [-0.90097995  0.89915283  0.91679882 -0.01637169  1.11860836 -1.08090046
 -0.01028377 -0.98880539  1.15989227 -0.02517279], Best Fitness = 21.129467928691867, Evaluations = 5344
Generation 167: Best Solution = [-0.90097995  0.89915283  0.91679882 -0.01637169  1.11860836 -1.08090046
 -0.01028377 -0.98880539  1.15989227 -0.02517279], Best Fitness = 21.129467928691867, Evaluations = 5376
Generation 168: Best Solution = [-0.90097995  0.89915283  0.91679882 -0.01637169  1.11860836 -1.08090046
 -0.01028377 -0.98880539  1.15989227 -0.02517279], Best Fitness = 21.129467928691867, Evaluations = 5408
Generation 169: Best Solution = [-0.90097995  0.89915283  0.91679882 -0.01637169  1.11860836 -1.08090046
 -0.01028377 -0.98880539  1.15989227 -0.02517279], Best Fitness = 21.129467928691867, Evaluations = 5440
Generation 170: Best Solution = [-0.90097995  0.89915283  0.91679882 -0.01637169  1.11860836 -1.08090046
 -0.01028377 -0.98880539  1.15989227 -0.02517279], Best Fitness = 21.129467928691867, Evaluations = 5472
Generation 171: Best Solution = [-0.90097995  0.89915283  0.91679882 -0.01637169  1.11860836 -1.08090046
 -0.01028377 -0.98880539  1.15989227 -0.02517279], Best Fitness = 21.129467928691867, Evaluations = 5504
Generation 172: Best Solution = [-0.90097995  0.89915283  0.91679882 -0.01637169  1.11860836 -1.08090046
 -0.01028377 -0.98880539  1.15989227 -0.02517279], Best Fitness = 21.129467928691867, Evaluations = 5536
Generation 173: Best Solution = [-0.90097995  0.89915283  0.91679882 -0.01637169  1.11860836 -1.08090046
 -0.01028377 -0.98880539  1.15989227 -0.02517279], Best Fitness = 21.129467928691867, Evaluations = 5568
Generation 174: Best Solution = [-0.90097995  0.89915283  0.91679882 -0.01637169  1.11860836 -1.08090046
 -0.01028377 -0.98880539  1.15989227 -0.02517279], Best Fitness = 21.129467928691867, Evaluations = 5600
Generation 175: Best Solution = [-0.90097995  0.89915283  0.91679882 -0.01637169  1.11860836 -1.08090046
 -0.01028377 -0.98880539  1.15989227 -0.02517279], Best Fitness = 21.129467928691867, Evaluations = 5632
Generation 176: Best Solution = [-0.90097995  0.89915283  0.91679882 -0.01637169  1.11860836 -1.08090046
 -0.01028377 -0.98880539  1.15989227 -0.02517279], Best Fitness = 21.129467928691867, Evaluations = 5664
Generation 177: Best Solution = [-0.90097995  0.89915283  0.91679882 -0.01637169  1.11860836 -1.08090046
 -0.01028377 -0.98880539  1.15989227 -0.02517279], Best Fitness = 21.129467928691867, Evaluations = 5696
Generation 178: Best Solution = [-0.90097995  0.89915283  0.91679882 -0.01637169  1.11860836 -1.08090046
 -0.01028377 -0.98880539  1.15989227 -0.02517279], Best Fitness = 21.129467928691867, Evaluations = 5728
Generation 179: Best Solution = [-0.90097995  0.89915283  0.91679882 -0.01637169  1.11860836 -1.08090046
 -0.01028377 -0.98880539  1.15989227 -0.02517279], Best Fitness = 21.129467928691867, Evaluations = 5760
Generation 180: Best Solution = [-0.90097995  0.89915283  0.91679882 -0.01637169  1.11860836 -1.08090046
 -0.01028377 -0.98880539  1.15989227 -0.02517279], Best Fitness = 21.129467928691867, Evaluations = 5792
Generation 181: Best Solution = [-0.90097995  0.89915283  0.91679882 -0.01637169  1.11860836 -1.08090046
 -0.01028377 -0.98880539  1.15989227 -0.02517279], Best Fitness = 21.129467928691867, Evaluations = 5824
Generation 182: Best Solution = [-0.90097995  0.89915283  0.91679882 -0.01637169  1.11860836 -1.08090046
 -0.01028377 -0.98880539  1.15989227 -0.02517279], Best Fitness = 21.129467928691867, Evaluations = 5856
Generation 183: Best Solution = [-0.90097995  0.89915283  0.91679882 -0.01637169  1.11860836 -1.08090046
 -0.01028377 -0.98880539  1.15989227 -0.02517279], Best Fitness = 21.129467928691867, Evaluations = 5888
Generation 184: Best Solution = [-0.90097995  0.89915283  0.91679882 -0.01637169  1.11860836 -1.08090046
 -0.01028377 -0.98880539  1.15989227 -0.02517279], Best Fitness = 21.129467928691867, Evaluations = 5920
Generation 185: Best Solution = [-0.90097995  0.89915283  0.91679882 -0.01637169  1.11860836 -1.08090046
 -0.01028377 -0.98880539  1.15989227 -0.02517279], Best Fitness = 21.129467928691867, Evaluations = 5952
Generation 186: Best Solution = [-0.90097995  0.89915283  0.91679882 -0.01637169  1.11860836 -1.08090046
 -0.01028377 -0.98880539  1.15989227 -0.02517279], Best Fitness = 21.129467928691867, Evaluations = 5984
Generation 187: Best Solution = [-0.90097995  0.89915283  0.91679882 -0.01637169  1.11860836 -1.08090046
 -0.01028377 -0.98880539  1.15989227 -0.02517279], Best Fitness = 21.129467928691867, Evaluations = 6016
Generation 188: Best Solution = [-0.90097995  0.89915283  0.91679882 -0.01637169  1.11860836 -1.08090046
 -0.01028377 -0.98880539  1.15989227 -0.02517279], Best Fitness = 21.129467928691867, Evaluations = 6048
Generation 189: Best Solution = [-0.90097995  0.89915283  0.91679882 -0.01637169  1.11860836 -1.08090046
 -0.01028377 -0.98880539  1.15989227 -0.02517279], Best Fitness = 21.129467928691867, Evaluations = 6080
Generation 190: Best Solution = [-0.90097995  0.89915283  0.91679882 -0.01637169  1.11860836 -1.08090046
 -0.01028377 -0.98880539  1.15989227 -0.02517279], Best Fitness = 21.129467928691867, Evaluations = 6112
Generation 191: Best Solution = [-0.90097995  0.89915283  0.91679882 -0.01637169  1.11860836 -1.08090046
 -0.01028377 -0.98880539  1.15989227 -0.02517279], Best Fitness = 21.129467928691867, Evaluations = 6144
Generation 192: Best Solution = [-0.90097995  0.89915283  0.91679882 -0.01637169  1.11860836 -1.08090046
 -0.01028377 -0.98880539  1.15989227 -0.02517279], Best Fitness = 21.129467928691867, Evaluations = 6176
Generation 193: Best Solution = [-0.90097995  0.89915283  0.91679882 -0.01637169  1.11860836 -1.08090046
 -0.01028377 -0.98880539  1.15989227 -0.02517279], Best Fitness = 21.129467928691867, Evaluations = 6208
Generation 194: Best Solution = [-0.90097995  0.89915283  0.91679882 -0.01637169  1.11860836 -1.08090046
 -0.01028377 -0.98880539  1.15989227 -0.02517279], Best Fitness = 21.129467928691867, Evaluations = 6240
Generation 195: Best Solution = [-0.90097995  0.89915283  0.91679882 -0.01637169  1.11860836 -1.08090046
 -0.01028377 -0.98880539  1.15989227 -0.02517279], Best Fitness = 21.129467928691867, Evaluations = 6272
Generation 196: Best Solution = [-0.90097995  0.89915283  0.91679882 -0.01637169  1.11860836 -1.08090046
 -0.01028377 -0.98880539  1.15989227 -0.02517279], Best Fitness = 21.129467928691867, Evaluations = 6304
Generation 197: Best Solution = [-0.90097995  0.89915283  0.91679882 -0.01637169  1.11860836 -1.08090046
 -0.01028377 -0.98880539  1.15989227 -0.02517279], Best Fitness = 21.129467928691867, Evaluations = 6336
Generation 198: Best Solution = [ 2.02861855 -0.94883233  0.00832559 -0.06171894  1.02848993  1.12835322
 -0.9108192  -0.12503462  0.08017399  0.0236849 ], Best Fitness = 18.684168908238803, Evaluations = 6368
Generation 199: Best Solution = [ 2.02861855 -0.94883233  0.00832559 -0.06171894  1.02848993  1.12835322
 -0.9108192  -0.12503462  0.08017399  0.0236849 ], Best Fitness = 18.684168908238803, Evaluations = 6400
Generation 200: Best Solution = [ 2.02861855 -0.94883233  0.00832559 -0.06171894  1.02848993  1.12835322
 -0.9108192  -0.12503462  0.08017399  0.0236849 ], Best Fitness = 18.684168908238803, Evaluations = 6432
Generation 201: Best Solution = [ 2.02861855 -0.94883233  0.00832559 -0.06171894  1.02848993  1.12835322
 -0.9108192  -0.12503462  0.08017399  0.0236849 ], Best Fitness = 18.684168908238803, Evaluations = 6464
Generation 202: Best Solution = [ 2.02861855 -0.94883233  0.00832559 -0.06171894  1.02848993  1.12835322
 -0.9108192  -0.12503462  0.08017399  0.0236849 ], Best Fitness = 18.684168908238803, Evaluations = 6496
Generation 203: Best Solution = [ 2.02861855 -0.94883233  0.00832559 -0.06171894  1.02848993  1.12835322
 -0.9108192  -0.12503462  0.08017399  0.0236849 ], Best Fitness = 18.684168908238803, Evaluations = 6528
Generation 204: Best Solution = [ 2.02861855 -0.94883233  0.00832559 -0.06171894  1.02848993  1.12835322
 -0.9108192  -0.12503462  0.08017399  0.0236849 ], Best Fitness = 18.684168908238803, Evaluations = 6560
Generation 205: Best Solution = [ 2.02861855 -0.94883233  0.00832559 -0.06171894  1.02848993  1.12835322
 -0.9108192  -0.12503462  0.08017399  0.0236849 ], Best Fitness = 18.684168908238803, Evaluations = 6592
Generation 206: Best Solution = [ 2.02861855 -0.94883233  0.00832559 -0.06171894  1.02848993  1.12835322
 -0.9108192  -0.12503462  0.08017399  0.0236849 ], Best Fitness = 18.684168908238803, Evaluations = 6624
Generation 207: Best Solution = [ 2.02861855 -0.94883233  0.00832559 -0.06171894  1.02848993  1.12835322
 -0.9108192  -0.12503462  0.08017399  0.0236849 ], Best Fitness = 18.684168908238803, Evaluations = 6656
Generation 208: Best Solution = [ 2.02861855 -0.94883233  0.00832559 -0.06171894  1.02848993  1.12835322
 -0.9108192  -0.12503462  0.08017399  0.0236849 ], Best Fitness = 18.684168908238803, Evaluations = 6688
Generation 209: Best Solution = [ 2.02861855 -0.94883233  0.00832559 -0.06171894  1.02848993  1.12835322
 -0.9108192  -0.12503462  0.08017399  0.0236849 ], Best Fitness = 18.684168908238803, Evaluations = 6720
Generation 210: Best Solution = [ 2.02861855 -0.94883233  0.00832559 -0.06171894  1.02848993  1.12835322
 -0.9108192  -0.12503462  0.08017399  0.0236849 ], Best Fitness = 18.684168908238803, Evaluations = 6752
Generation 211: Best Solution = [ 2.02861855 -0.94883233  0.00832559 -0.06171894  1.02848993  1.12835322
 -0.9108192  -0.12503462  0.08017399  0.0236849 ], Best Fitness = 18.684168908238803, Evaluations = 6784
Generation 212: Best Solution = [ 2.02861855 -0.94883233  0.00832559 -0.06171894  1.02848993  1.12835322
 -0.9108192  -0.12503462  0.08017399  0.0236849 ], Best Fitness = 18.684168908238803, Evaluations = 6816
Generation 213: Best Solution = [ 2.02861855 -0.94883233  0.00832559 -0.06171894  1.02848993  1.12835322
 -0.9108192  -0.12503462  0.08017399  0.0236849 ], Best Fitness = 18.684168908238803, Evaluations = 6848
Generation 214: Best Solution = [ 2.02861855 -0.94883233  0.00832559 -0.06171894  1.02848993  1.12835322
 -0.9108192  -0.12503462  0.08017399  0.0236849 ], Best Fitness = 18.684168908238803, Evaluations = 6880
Generation 215: Best Solution = [ 2.02861855 -0.94883233  0.00832559 -0.06171894  1.02848993  1.12835322
 -0.9108192  -0.12503462  0.08017399  0.0236849 ], Best Fitness = 18.684168908238803, Evaluations = 6912
Generation 216: Best Solution = [ 2.02861855 -0.94883233  0.00832559 -0.06171894  1.02848993  1.12835322
 -0.9108192  -0.12503462  0.08017399  0.0236849 ], Best Fitness = 18.684168908238803, Evaluations = 6944
Generation 217: Best Solution = [ 2.02861855 -0.94883233  0.00832559 -0.06171894  1.02848993  1.12835322
 -0.9108192  -0.12503462  0.08017399  0.0236849 ], Best Fitness = 18.684168908238803, Evaluations = 6976
Generation 218: Best Solution = [ 2.02861855 -0.94883233  0.00832559 -0.06171894  1.02848993  1.12835322
 -0.9108192  -0.12503462  0.08017399  0.0236849 ], Best Fitness = 18.684168908238803, Evaluations = 7008
Generation 219: Best Solution = [-0.01584383 -0.10981628 -1.07961264 -0.10557755  0.9883312   0.04738291
  0.0861044  -1.00543191  0.08822948  0.10019103], Best Fitness = 14.202431312698423, Evaluations = 7040
Generation 220: Best Solution = [-0.01584383 -0.10981628 -1.07961264 -0.10557755  0.9883312   0.04738291
  0.0861044  -1.00543191  0.08822948  0.10019103], Best Fitness = 14.202431312698423, Evaluations = 7072
Generation 221: Best Solution = [-0.01584383 -0.10981628 -1.07961264 -0.10557755  0.9883312   0.04738291
  0.0861044  -1.00543191  0.08822948  0.10019103], Best Fitness = 14.202431312698423, Evaluations = 7104
Generation 222: Best Solution = [-0.01584383 -0.10981628 -1.07961264 -0.10557755  0.9883312   0.04738291
  0.0861044  -1.00543191  0.08822948  0.10019103], Best Fitness = 14.202431312698423, Evaluations = 7136
Generation 223: Best Solution = [-0.01584383 -0.10981628 -1.07961264 -0.10557755  0.9883312   0.04738291
  0.0861044  -1.00543191  0.08822948  0.10019103], Best Fitness = 14.202431312698423, Evaluations = 7168
Generation 224: Best Solution = [-0.01584383 -0.10981628 -1.07961264 -0.10557755  0.9883312   0.04738291
  0.0861044  -1.00543191  0.08822948  0.10019103], Best Fitness = 14.202431312698423, Evaluations = 7200
Generation 225: Best Solution = [-0.01584383 -0.10981628 -1.07961264 -0.10557755  0.9883312   0.04738291
  0.0861044  -1.00543191  0.08822948  0.10019103], Best Fitness = 14.202431312698423, Evaluations = 7232
Generation 226: Best Solution = [-0.01584383 -0.10981628 -1.07961264 -0.10557755  0.9883312   0.04738291
  0.0861044  -1.00543191  0.08822948  0.10019103], Best Fitness = 14.202431312698423, Evaluations = 7264
Generation 227: Best Solution = [-0.01584383 -0.10981628 -1.07961264 -0.10557755  0.9883312   0.04738291
  0.0861044  -1.00543191  0.08822948  0.10019103], Best Fitness = 14.202431312698423, Evaluations = 7296
Generation 228: Best Solution = [-0.01584383 -0.10981628 -1.07961264 -0.10557755  0.9883312   0.04738291
  0.0861044  -1.00543191  0.08822948  0.10019103], Best Fitness = 14.202431312698423, Evaluations = 7328
Generation 229: Best Solution = [-0.01584383 -0.10981628 -1.07961264 -0.10557755  0.9883312   0.04738291
  0.0861044  -1.00543191  0.08822948  0.10019103], Best Fitness = 14.202431312698423, Evaluations = 7360
Generation 230: Best Solution = [-0.01584383 -0.10981628 -1.07961264 -0.10557755  0.9883312   0.04738291
  0.0861044  -1.00543191  0.08822948  0.10019103], Best Fitness = 14.202431312698423, Evaluations = 7392
Generation 231: Best Solution = [-0.01584383 -0.10981628 -1.07961264 -0.10557755  0.9883312   0.04738291
  0.0861044  -1.00543191  0.08822948  0.10019103], Best Fitness = 14.202431312698423, Evaluations = 7424
Generation 232: Best Solution = [-0.01584383 -0.10981628 -1.07961264 -0.10557755  0.9883312   0.04738291
  0.0861044  -1.00543191  0.08822948  0.10019103], Best Fitness = 14.202431312698423, Evaluations = 7456
Generation 233: Best Solution = [-0.01584383 -0.10981628 -1.07961264 -0.10557755  0.9883312   0.04738291
  0.0861044  -1.00543191  0.08822948  0.10019103], Best Fitness = 14.202431312698423, Evaluations = 7488
Generation 234: Best Solution = [-0.01584383 -0.10981628 -1.07961264 -0.10557755  0.9883312   0.04738291
  0.0861044  -1.00543191  0.08822948  0.10019103], Best Fitness = 14.202431312698423, Evaluations = 7520
Generation 235: Best Solution = [-0.01584383 -0.10981628 -1.07961264 -0.10557755  0.9883312   0.04738291
  0.0861044  -1.00543191  0.08822948  0.10019103], Best Fitness = 14.202431312698423, Evaluations = 7552
Generation 236: Best Solution = [-0.01584383 -0.10981628 -1.07961264 -0.10557755  0.9883312   0.04738291
  0.0861044  -1.00543191  0.08822948  0.10019103], Best Fitness = 14.202431312698423, Evaluations = 7584
Generation 237: Best Solution = [-0.01584383 -0.10981628 -1.07961264 -0.10557755  0.9883312   0.04738291
  0.0861044  -1.00543191  0.08822948  0.10019103], Best Fitness = 14.202431312698423, Evaluations = 7616
Generation 238: Best Solution = [-0.01584383 -0.10981628 -1.07961264 -0.10557755  0.9883312   0.04738291
  0.0861044  -1.00543191  0.08822948  0.10019103], Best Fitness = 14.202431312698423, Evaluations = 7648
Generation 239: Best Solution = [-0.01584383 -0.10981628 -1.07961264 -0.10557755  0.9883312   0.04738291
  0.0861044  -1.00543191  0.08822948  0.10019103], Best Fitness = 14.202431312698423, Evaluations = 7680
Generation 240: Best Solution = [-0.01584383 -0.10981628 -1.07961264 -0.10557755  0.9883312   0.04738291
  0.0861044  -1.00543191  0.08822948  0.10019103], Best Fitness = 14.202431312698423, Evaluations = 7712
Generation 241: Best Solution = [-0.01584383 -0.10981628 -1.07961264 -0.10557755  0.9883312   0.04738291
  0.0861044  -1.00543191  0.08822948  0.10019103], Best Fitness = 14.202431312698423, Evaluations = 7744
Generation 242: Best Solution = [-0.01584383 -0.10981628 -1.07961264 -0.10557755  0.9883312   0.04738291
  0.0861044  -1.00543191  0.08822948  0.10019103], Best Fitness = 14.202431312698423, Evaluations = 7776
Generation 243: Best Solution = [-0.01584383 -0.10981628 -1.07961264 -0.10557755  0.9883312   0.04738291
  0.0861044  -1.00543191  0.08822948  0.10019103], Best Fitness = 14.202431312698423, Evaluations = 7808
Generation 244: Best Solution = [-0.01584383 -0.10981628 -1.07961264 -0.10557755  0.9883312   0.04738291
  0.0861044  -1.00543191  0.08822948  0.10019103], Best Fitness = 14.202431312698423, Evaluations = 7840
Generation 245: Best Solution = [-0.01584383 -0.10981628 -1.07961264 -0.10557755  0.9883312   0.04738291
  0.0861044  -1.00543191  0.08822948  0.10019103], Best Fitness = 14.202431312698423, Evaluations = 7872
Generation 246: Best Solution = [-0.01584383 -0.10981628 -1.07961264 -0.10557755  0.9883312   0.04738291
  0.0861044  -1.00543191  0.08822948  0.10019103], Best Fitness = 14.202431312698423, Evaluations = 7904
Generation 247: Best Solution = [-0.01584383 -0.10981628 -1.07961264 -0.10557755  0.9883312   0.04738291
  0.0861044  -1.00543191  0.08822948  0.10019103], Best Fitness = 14.202431312698423, Evaluations = 7936
Generation 248: Best Solution = [-0.01584383 -0.10981628 -1.07961264 -0.10557755  0.9883312   0.04738291
  0.0861044  -1.00543191  0.08822948  0.10019103], Best Fitness = 14.202431312698423, Evaluations = 7968
Generation 249: Best Solution = [-0.01584383 -0.10981628 -1.07961264 -0.10557755  0.9883312   0.04738291
  0.0861044  -1.00543191  0.08822948  0.10019103], Best Fitness = 14.202431312698423, Evaluations = 8000
Generation 250: Best Solution = [-0.01584383 -0.10981628 -1.07961264 -0.10557755  0.9883312   0.04738291
  0.0861044  -1.00543191  0.08822948  0.10019103], Best Fitness = 14.202431312698423, Evaluations = 8032
Generation 251: Best Solution = [-0.01584383 -0.10981628 -1.07961264 -0.10557755  0.9883312   0.04738291
  0.0861044  -1.00543191  0.08822948  0.10019103], Best Fitness = 14.202431312698423, Evaluations = 8064
Generation 252: Best Solution = [-0.01584383 -0.10981628 -1.07961264 -0.10557755  0.9883312   0.04738291
  0.0861044  -1.00543191  0.08822948  0.10019103], Best Fitness = 14.202431312698423, Evaluations = 8096
Generation 253: Best Solution = [-0.01584383 -0.10981628 -1.07961264 -0.10557755  0.9883312   0.04738291
  0.0861044  -1.00543191  0.08822948  0.10019103], Best Fitness = 14.202431312698423, Evaluations = 8128
Generation 254: Best Solution = [-0.01584383 -0.10981628 -1.07961264 -0.10557755  0.9883312   0.04738291
  0.0861044  -1.00543191  0.08822948  0.10019103], Best Fitness = 14.202431312698423, Evaluations = 8160
Generation 255: Best Solution = [-0.01584383 -0.10981628 -1.07961264 -0.10557755  0.9883312   0.04738291
  0.0861044  -1.00543191  0.08822948  0.10019103], Best Fitness = 14.202431312698423, Evaluations = 8192
Generation 256: Best Solution = [-0.01584383 -0.10981628 -1.07961264 -0.10557755  0.9883312   0.04738291
  0.0861044  -1.00543191  0.08822948  0.10019103], Best Fitness = 14.202431312698423, Evaluations = 8224
Generation 257: Best Solution = [-0.01584383 -0.10981628 -1.07961264 -0.10557755  0.9883312   0.04738291
  0.0861044  -1.00543191  0.08822948  0.10019103], Best Fitness = 14.202431312698423, Evaluations = 8256
Generation 258: Best Solution = [-0.01584383 -0.10981628 -1.07961264 -0.10557755  0.9883312   0.04738291
  0.0861044  -1.00543191  0.08822948  0.10019103], Best Fitness = 14.202431312698423, Evaluations = 8288
Generation 259: Best Solution = [-0.01584383 -0.10981628 -1.07961264 -0.10557755  0.9883312   0.04738291
  0.0861044  -1.00543191  0.08822948  0.10019103], Best Fitness = 14.202431312698423, Evaluations = 8320
Generation 260: Best Solution = [-0.01584383 -0.10981628 -1.07961264 -0.10557755  0.9883312   0.04738291
  0.0861044  -1.00543191  0.08822948  0.10019103], Best Fitness = 14.202431312698423, Evaluations = 8352
Generation 261: Best Solution = [-0.01584383 -0.10981628 -1.07961264 -0.10557755  0.9883312   0.04738291
  0.0861044  -1.00543191  0.08822948  0.10019103], Best Fitness = 14.202431312698423, Evaluations = 8384
Generation 262: Best Solution = [-0.01584383 -0.10981628 -1.07961264 -0.10557755  0.9883312   0.04738291
  0.0861044  -1.00543191  0.08822948  0.10019103], Best Fitness = 14.202431312698423, Evaluations = 8416
Generation 263: Best Solution = [-0.01584383 -0.10981628 -1.07961264 -0.10557755  0.9883312   0.04738291
  0.0861044  -1.00543191  0.08822948  0.10019103], Best Fitness = 14.202431312698423, Evaluations = 8448
Generation 264: Best Solution = [-0.01584383 -0.10981628 -1.07961264 -0.10557755  0.9883312   0.04738291
  0.0861044  -1.00543191  0.08822948  0.10019103], Best Fitness = 14.202431312698423, Evaluations = 8480
Generation 265: Best Solution = [-0.01584383 -0.10981628 -1.07961264 -0.10557755  0.9883312   0.04738291
  0.0861044  -1.00543191  0.08822948  0.10019103], Best Fitness = 14.202431312698423, Evaluations = 8512
Generation 266: Best Solution = [-0.01584383 -0.10981628 -1.07961264 -0.10557755  0.9883312   0.04738291
  0.0861044  -1.00543191  0.08822948  0.10019103], Best Fitness = 14.202431312698423, Evaluations = 8544
Generation 267: Best Solution = [-0.01584383 -0.10981628 -1.07961264 -0.10557755  0.9883312   0.04738291
  0.0861044  -1.00543191  0.08822948  0.10019103], Best Fitness = 14.202431312698423, Evaluations = 8576
Generation 268: Best Solution = [-0.01584383 -0.10981628 -1.07961264 -0.10557755  0.9883312   0.04738291
  0.0861044  -1.00543191  0.08822948  0.10019103], Best Fitness = 14.202431312698423, Evaluations = 8608
Generation 269: Best Solution = [-0.01584383 -0.10981628 -1.07961264 -0.10557755  0.9883312   0.04738291
  0.0861044  -1.00543191  0.08822948  0.10019103], Best Fitness = 14.202431312698423, Evaluations = 8640
Generation 270: Best Solution = [-0.01584383 -0.10981628 -1.07961264 -0.10557755  0.9883312   0.04738291
  0.0861044  -1.00543191  0.08822948  0.10019103], Best Fitness = 14.202431312698423, Evaluations = 8672
Generation 271: Best Solution = [-0.01584383 -0.10981628 -1.07961264 -0.10557755  0.9883312   0.04738291
  0.0861044  -1.00543191  0.08822948  0.10019103], Best Fitness = 14.202431312698423, Evaluations = 8704
Generation 272: Best Solution = [-0.01584383 -0.10981628 -1.07961264 -0.10557755  0.9883312   0.04738291
  0.0861044  -1.00543191  0.08822948  0.10019103], Best Fitness = 14.202431312698423, Evaluations = 8736
Generation 273: Best Solution = [-0.01584383 -0.10981628 -1.07961264 -0.10557755  0.9883312   0.04738291
  0.0861044  -1.00543191  0.08822948  0.10019103], Best Fitness = 14.202431312698423, Evaluations = 8768
Generation 274: Best Solution = [-0.01584383 -0.10981628 -1.07961264 -0.10557755  0.9883312   0.04738291
  0.0861044  -1.00543191  0.08822948  0.10019103], Best Fitness = 14.202431312698423, Evaluations = 8800
Generation 275: Best Solution = [-0.01584383 -0.10981628 -1.07961264 -0.10557755  0.9883312   0.04738291
  0.0861044  -1.00543191  0.08822948  0.10019103], Best Fitness = 14.202431312698423, Evaluations = 8832
Generation 276: Best Solution = [-0.01584383 -0.10981628 -1.07961264 -0.10557755  0.9883312   0.04738291
  0.0861044  -1.00543191  0.08822948  0.10019103], Best Fitness = 14.202431312698423, Evaluations = 8864
Generation 277: Best Solution = [-0.01584383 -0.10981628 -1.07961264 -0.10557755  0.9883312   0.04738291
  0.0861044  -1.00543191  0.08822948  0.10019103], Best Fitness = 14.202431312698423, Evaluations = 8896
Generation 278: Best Solution = [-0.01584383 -0.10981628 -1.07961264 -0.10557755  0.9883312   0.04738291
  0.0861044  -1.00543191  0.08822948  0.10019103], Best Fitness = 14.202431312698423, Evaluations = 8928
Generation 279: Best Solution = [-0.01584383 -0.10981628 -1.07961264 -0.10557755  0.9883312   0.04738291
  0.0861044  -1.00543191  0.08822948  0.10019103], Best Fitness = 14.202431312698423, Evaluations = 8960
Generation 280: Best Solution = [-0.01584383 -0.10981628 -1.07961264 -0.10557755  0.9883312   0.04738291
  0.0861044  -1.00543191  0.08822948  0.10019103], Best Fitness = 14.202431312698423, Evaluations = 8992
Generation 281: Best Solution = [-0.01584383 -0.10981628 -1.07961264 -0.10557755  0.9883312   0.04738291
  0.0861044  -1.00543191  0.08822948  0.10019103], Best Fitness = 14.202431312698423, Evaluations = 9024
Generation 282: Best Solution = [-0.01584383 -0.10981628 -1.07961264 -0.10557755  0.9883312   0.04738291
  0.0861044  -1.00543191  0.08822948  0.10019103], Best Fitness = 14.202431312698423, Evaluations = 9056
Generation 283: Best Solution = [-0.01584383 -0.10981628 -1.07961264 -0.10557755  0.9883312   0.04738291
  0.0861044  -1.00543191  0.08822948  0.10019103], Best Fitness = 14.202431312698423, Evaluations = 9088
Generation 284: Best Solution = [-0.01584383 -0.10981628 -1.07961264 -0.10557755  0.9883312   0.04738291
  0.0861044  -1.00543191  0.08822948  0.10019103], Best Fitness = 14.202431312698423, Evaluations = 9120
Generation 285: Best Solution = [-0.01584383 -0.10981628 -1.07961264 -0.10557755  0.9883312   0.04738291
  0.0861044  -1.00543191  0.08822948  0.10019103], Best Fitness = 14.202431312698423, Evaluations = 9152
Generation 286: Best Solution = [-0.01584383 -0.10981628 -1.07961264 -0.10557755  0.9883312   0.04738291
  0.0861044  -1.00543191  0.08822948  0.10019103], Best Fitness = 14.202431312698423, Evaluations = 9184
Generation 287: Best Solution = [-0.01584383 -0.10981628 -1.07961264 -0.10557755  0.9883312   0.04738291
  0.0861044  -1.00543191  0.08822948  0.10019103], Best Fitness = 14.202431312698423, Evaluations = 9216
Generation 288: Best Solution = [-0.01584383 -0.10981628 -1.07961264 -0.10557755  0.9883312   0.04738291
  0.0861044  -1.00543191  0.08822948  0.10019103], Best Fitness = 14.202431312698423, Evaluations = 9248
Generation 289: Best Solution = [-0.01584383 -0.10981628 -1.07961264 -0.10557755  0.9883312   0.04738291
  0.0861044  -1.00543191  0.08822948  0.10019103], Best Fitness = 14.202431312698423, Evaluations = 9280
Generation 290: Best Solution = [-0.01584383 -0.10981628 -1.07961264 -0.10557755  0.9883312   0.04738291
  0.0861044  -1.00543191  0.08822948  0.10019103], Best Fitness = 14.202431312698423, Evaluations = 9312
Generation 291: Best Solution = [-0.01584383 -0.10981628 -1.07961264 -0.10557755  0.9883312   0.04738291
  0.0861044  -1.00543191  0.08822948  0.10019103], Best Fitness = 14.202431312698423, Evaluations = 9344
Generation 292: Best Solution = [-0.01584383 -0.10981628 -1.07961264 -0.10557755  0.9883312   0.04738291
  0.0861044  -1.00543191  0.08822948  0.10019103], Best Fitness = 14.202431312698423, Evaluations = 9376
Generation 293: Best Solution = [-0.01584383 -0.10981628 -1.07961264 -0.10557755  0.9883312   0.04738291
  0.0861044  -1.00543191  0.08822948  0.10019103], Best Fitness = 14.202431312698423, Evaluations = 9408
Generation 294: Best Solution = [-0.01584383 -0.10981628 -1.07961264 -0.10557755  0.9883312   0.04738291
  0.0861044  -1.00543191  0.08822948  0.10019103], Best Fitness = 14.202431312698423, Evaluations = 9440
Generation 295: Best Solution = [-0.01584383 -0.10981628 -1.07961264 -0.10557755  0.9883312   0.04738291
  0.0861044  -1.00543191  0.08822948  0.10019103], Best Fitness = 14.202431312698423, Evaluations = 9472
Generation 296: Best Solution = [-0.01584383 -0.10981628 -1.07961264 -0.10557755  0.9883312   0.04738291
  0.0861044  -1.00543191  0.08822948  0.10019103], Best Fitness = 14.202431312698423, Evaluations = 9504
Generation 297: Best Solution = [-0.01584383 -0.10981628 -1.07961264 -0.10557755  0.9883312   0.04738291
  0.0861044  -1.00543191  0.08822948  0.10019103], Best Fitness = 14.202431312698423, Evaluations = 9536
Generation 298: Best Solution = [-0.01584383 -0.10981628 -1.07961264 -0.10557755  0.9883312   0.04738291
  0.0861044  -1.00543191  0.08822948  0.10019103], Best Fitness = 14.202431312698423, Evaluations = 9568
Generation 299: Best Solution = [-0.01584383 -0.10981628 -1.07961264 -0.10557755  0.9883312   0.04738291
  0.0861044  -1.00543191  0.08822948  0.10019103], Best Fitness = 14.202431312698423, Evaluations = 9600
Generation 300: Best Solution = [-0.01584383 -0.10981628 -1.07961264 -0.10557755  0.9883312   0.04738291
  0.0861044  -1.00543191  0.08822948  0.10019103], Best Fitness = 14.202431312698423, Evaluations = 9632
Generation 301: Best Solution = [-0.01584383 -0.10981628 -1.07961264 -0.10557755  0.9883312   0.04738291
  0.0861044  -1.00543191  0.08822948  0.10019103], Best Fitness = 14.202431312698423, Evaluations = 9664
Generation 302: Best Solution = [-0.01584383 -0.10981628 -1.07961264 -0.10557755  0.9883312   0.04738291
  0.0861044  -1.00543191  0.08822948  0.10019103], Best Fitness = 14.202431312698423, Evaluations = 9696
Generation 303: Best Solution = [-0.01584383 -0.10981628 -1.07961264 -0.10557755  0.9883312   0.04738291
  0.0861044  -1.00543191  0.08822948  0.10019103], Best Fitness = 14.202431312698423, Evaluations = 9728
Generation 304: Best Solution = [-0.01584383 -0.10981628 -1.07961264 -0.10557755  0.9883312   0.04738291
  0.0861044  -1.00543191  0.08822948  0.10019103], Best Fitness = 14.202431312698423, Evaluations = 9760
Generation 305: Best Solution = [-0.01584383 -0.10981628 -1.07961264 -0.10557755  0.9883312   0.04738291
  0.0861044  -1.00543191  0.08822948  0.10019103], Best Fitness = 14.202431312698423, Evaluations = 9792
Generation 306: Best Solution = [-0.01584383 -0.10981628 -1.07961264 -0.10557755  0.9883312   0.04738291
  0.0861044  -1.00543191  0.08822948  0.10019103], Best Fitness = 14.202431312698423, Evaluations = 9824
Generation 307: Best Solution = [-0.01584383 -0.10981628 -1.07961264 -0.10557755  0.9883312   0.04738291
  0.0861044  -1.00543191  0.08822948  0.10019103], Best Fitness = 14.202431312698423, Evaluations = 9856
Generation 308: Best Solution = [-0.01584383 -0.10981628 -1.07961264 -0.10557755  0.9883312   0.04738291
  0.0861044  -1.00543191  0.08822948  0.10019103], Best Fitness = 14.202431312698423, Evaluations = 9888
Generation 309: Best Solution = [-0.01584383 -0.10981628 -1.07961264 -0.10557755  0.9883312   0.04738291
  0.0861044  -1.00543191  0.08822948  0.10019103], Best Fitness = 14.202431312698423, Evaluations = 9920
Generation 310: Best Solution = [-0.01584383 -0.10981628 -1.07961264 -0.10557755  0.9883312   0.04738291
  0.0861044  -1.00543191  0.08822948  0.10019103], Best Fitness = 14.202431312698423, Evaluations = 9952
Generation 311: Best Solution = [-0.01584383 -0.10981628 -1.07961264 -0.10557755  0.9883312   0.04738291
  0.0861044  -1.00543191  0.08822948  0.10019103], Best Fitness = 14.202431312698423, Evaluations = 9984
Generation 312: Best Solution = [-0.01584383 -0.10981628 -1.07961264 -0.10557755  0.9883312   0.04738291
  0.0861044  -1.00543191  0.08822948  0.10019103], Best Fitness = 14.202431312698423, Evaluations = 10016
