Algorithm: Differential Evolution
Objective Function: Rosenbrock
Dimension: 2
Population Size: 8
Max Evaluations: 2000

Generation 0: Best Solution = [-1.62616911  4.89504024], Best Fitness = 513.4232264522864, Evaluations = 8
Generation 1: Best Solution = [-1.81376041  4.89504024], Best Fitness = 265.6203677427707, Evaluations = 16
Generation 2: Best Solution = [0.937866   1.66495729], Best Fitness = 61.68362531346723, Evaluations = 24
Generation 3: Best Solution = [-0.24156428  0.65193698], Best Fitness = 36.77563967526629, Evaluations = 32
Generation 4: Best Solution = [-0.24156428  0.65193698], Best Fitness = 36.77563967526629, Evaluations = 40
Generation 5: Best Solution = [1.06819805 1.29588567], Best Fitness = 2.4021499103736224, Evaluations = 48
Generation 6: Best Solution = [1.06819805 1.29588567], Best Fitness = 2.4021499103736224, Evaluations = 56
Generation 7: Best Solution = [1.06819805 1.29588567], Best Fitness = 2.4021499103736224, Evaluations = 64
Generation 8: Best Solution = [1.06819805 1.29588567], Best Fitness = 2.4021499103736224, Evaluations = 72
Generation 9: Best Solution = [1.06819805 1.29588567], Best Fitness = 2.4021499103736224, Evaluations = 80
Generation 10: Best Solution = [1.06819805 1.29588567], Best Fitness = 2.4021499103736224, Evaluations = 88
Generation 11: Best Solution = [1.06819805 1.29588567], Best Fitness = 2.4021499103736224, Evaluations = 96
Generation 12: Best Solution = [1.06819805 1.29588567], Best Fitness = 2.4021499103736224, Evaluations = 104
Generation 13: Best Solution = [1.06819805 1.29588567], Best Fitness = 2.4021499103736224, Evaluations = 112
Generation 14: Best Solution = [1.06819805 1.29588567], Best Fitness = 2.4021499103736224, Evaluations = 120
Generation 15: Best Solution = [1.06819805 1.29588567], Best Fitness = 2.4021499103736224, Evaluations = 128
Generation 16: Best Solution = [1.06819805 1.29588567], Best Fitness = 2.4021499103736224, Evaluations = 136
Generation 17: Best Solution = [1.06819805 1.29588567], Best Fitness = 2.4021499103736224, Evaluations = 144
Generation 18: Best Solution = [1.06819805 1.29588567], Best Fitness = 2.4021499103736224, Evaluations = 152
Generation 19: Best Solution = [1.06819805 1.29588567], Best Fitness = 2.4021499103736224, Evaluations = 160
Generation 20: Best Solution = [1.06819805 1.29588567], Best Fitness = 2.4021499103736224, Evaluations = 168
Generation 21: Best Solution = [1.06819805 1.29588567], Best Fitness = 2.4021499103736224, Evaluations = 176
Generation 22: Best Solution = [1.06819805 1.29588567], Best Fitness = 2.4021499103736224, Evaluations = 184
Generation 23: Best Solution = [1.06819805 1.29588567], Best Fitness = 2.4021499103736224, Evaluations = 192
Generation 24: Best Solution = [1.06819805 1.29588567], Best Fitness = 2.4021499103736224, Evaluations = 200
Generation 25: Best Solution = [1.06819805 1.29588567], Best Fitness = 2.4021499103736224, Evaluations = 208
Generation 26: Best Solution = [1.06819805 1.29588567], Best Fitness = 2.1308809951528644, Evaluations = 216
Generation 27: Best Solution = [1.06819805 1.29588567], Best Fitness = 2.1308809951528644, Evaluations = 224
Generation 28: Best Solution = [1.06819805 1.29588567], Best Fitness = 2.1308809951528644, Evaluations = 232
Generation 29: Best Solution = [1.06819805 1.29588567], Best Fitness = 2.1308809951528644, Evaluations = 240
Generation 30: Best Solution = [1.06819805 1.29588567], Best Fitness = 2.1308809951528644, Evaluations = 248
Generation 31: Best Solution = [1.06819805 1.29588567], Best Fitness = 2.1308809951528644, Evaluations = 256
Generation 32: Best Solution = [1.06819805 1.29588567], Best Fitness = 2.1308809951528644, Evaluations = 264
Generation 33: Best Solution = [1.06819805 1.29588567], Best Fitness = 0.6315558861629851, Evaluations = 272
Generation 34: Best Solution = [1.06819805 1.29588567], Best Fitness = 0.6315558861629851, Evaluations = 280
Generation 35: Best Solution = [1.06819805 1.29588567], Best Fitness = 0.6315558861629851, Evaluations = 288
Generation 36: Best Solution = [1.06819805 1.29588567], Best Fitness = 0.6315558861629851, Evaluations = 296
Generation 37: Best Solution = [1.06819805 1.29588567], Best Fitness = 0.6315558861629851, Evaluations = 304
Generation 38: Best Solution = [1.06819805 1.29588567], Best Fitness = 0.6315558861629851, Evaluations = 312
Generation 39: Best Solution = [1.06819805 1.29588567], Best Fitness = 0.6315558861629851, Evaluations = 320
Generation 40: Best Solution = [1.06819805 1.29588567], Best Fitness = 0.6315558861629851, Evaluations = 328
Generation 41: Best Solution = [1.06819805 1.29588567], Best Fitness = 0.6315558861629851, Evaluations = 336
Generation 42: Best Solution = [1.06819805 1.29588567], Best Fitness = 0.6315558861629851, Evaluations = 344
Generation 43: Best Solution = [1.06819805 1.29588567], Best Fitness = 0.26023325396932595, Evaluations = 352
Generation 44: Best Solution = [1.06819805 1.29588567], Best Fitness = 0.26023325396932595, Evaluations = 360
Generation 45: Best Solution = [1.06819805 1.29588567], Best Fitness = 0.26023325396932595, Evaluations = 368
Generation 46: Best Solution = [1.06819805 1.29588567], Best Fitness = 0.26023325396932595, Evaluations = 376
Generation 47: Best Solution = [1.06819805 1.29588567], Best Fitness = 0.26023325396932595, Evaluations = 384
Generation 48: Best Solution = [1.06819805 1.29588567], Best Fitness = 0.26023325396932595, Evaluations = 392
Generation 49: Best Solution = [1.06819805 1.29588567], Best Fitness = 0.26023325396932595, Evaluations = 400
Generation 50: Best Solution = [0.56055112 0.32853425], Best Fitness = 0.21361207612246047, Evaluations = 408
Generation 51: Best Solution = [0.56055112 0.32853425], Best Fitness = 0.21361207612246047, Evaluations = 416
Generation 52: Best Solution = [0.56055112 0.32853425], Best Fitness = 0.21361207612246047, Evaluations = 424
Generation 53: Best Solution = [0.71959721 0.55125726], Best Fitness = 0.19042983368349728, Evaluations = 432
Generation 54: Best Solution = [0.71959721 0.55125726], Best Fitness = 0.19042983368349728, Evaluations = 440
Generation 55: Best Solution = [0.71959721 0.55125726], Best Fitness = 0.19042983368349728, Evaluations = 448
Generation 56: Best Solution = [0.71959721 0.55125726], Best Fitness = 0.19042983368349728, Evaluations = 456
Generation 57: Best Solution = [0.71959721 0.55125726], Best Fitness = 0.19042983368349728, Evaluations = 464
Generation 58: Best Solution = [0.71959721 0.55125726], Best Fitness = 0.19042983368349728, Evaluations = 472
Generation 59: Best Solution = [0.71959721 0.55125726], Best Fitness = 0.19042983368349728, Evaluations = 480
Generation 60: Best Solution = [0.75936687 0.58548511], Best Fitness = 0.0657313733648764, Evaluations = 488
Generation 61: Best Solution = [0.75936687 0.58548511], Best Fitness = 0.05635363276395138, Evaluations = 496
Generation 62: Best Solution = [0.75936687 0.58548511], Best Fitness = 0.05635363276395138, Evaluations = 504
Generation 63: Best Solution = [0.75936687 0.58548511], Best Fitness = 0.05635363276395138, Evaluations = 512
Generation 64: Best Solution = [0.75936687 0.58548511], Best Fitness = 0.05635363276395138, Evaluations = 520
Generation 65: Best Solution = [0.75936687 0.58548511], Best Fitness = 0.05635363276395138, Evaluations = 528
Generation 66: Best Solution = [0.75936687 0.58548511], Best Fitness = 0.05635363276395138, Evaluations = 536
Generation 67: Best Solution = [0.75936687 0.58548511], Best Fitness = 0.05635363276395138, Evaluations = 544
Generation 68: Best Solution = [0.75936687 0.58548511], Best Fitness = 0.0369142657192653, Evaluations = 552
Generation 69: Best Solution = [0.75936687 0.58548511], Best Fitness = 0.0369142657192653, Evaluations = 560
Generation 70: Best Solution = [0.75936687 0.58548511], Best Fitness = 0.0369142657192653, Evaluations = 568
Generation 71: Best Solution = [0.75936687 0.58548511], Best Fitness = 0.0369142657192653, Evaluations = 576
Generation 72: Best Solution = [0.84330564 0.70720116], Best Fitness = 0.026123853743133252, Evaluations = 584
Generation 73: Best Solution = [0.84330564 0.70720116], Best Fitness = 0.026123853743133252, Evaluations = 592
Generation 74: Best Solution = [0.84330564 0.70720116], Best Fitness = 0.026123853743133252, Evaluations = 600
Generation 75: Best Solution = [0.84330564 0.70720116], Best Fitness = 0.026123853743133252, Evaluations = 608
Generation 76: Best Solution = [0.84330564 0.70720116], Best Fitness = 0.026123853743133252, Evaluations = 616
Generation 77: Best Solution = [0.84330564 0.70720116], Best Fitness = 0.026123853743133252, Evaluations = 624
Generation 78: Best Solution = [0.856059   0.72580665], Best Fitness = 0.025661612961362962, Evaluations = 632
Generation 79: Best Solution = [0.856059   0.72580665], Best Fitness = 0.025661612961362962, Evaluations = 640
Generation 80: Best Solution = [0.856059   0.72580665], Best Fitness = 0.025661612961362962, Evaluations = 648
Generation 81: Best Solution = [0.856059   0.72580665], Best Fitness = 0.025661612961362962, Evaluations = 656
Generation 82: Best Solution = [0.856059   0.72580665], Best Fitness = 0.025661612961362962, Evaluations = 664
Generation 83: Best Solution = [0.856059   0.72580665], Best Fitness = 0.025661612961362962, Evaluations = 672
Generation 84: Best Solution = [0.856059   0.72580665], Best Fitness = 0.025661612961362962, Evaluations = 680
Generation 85: Best Solution = [0.88581684 0.78266881], Best Fitness = 0.013438856605147936, Evaluations = 688
Generation 86: Best Solution = [0.88581684 0.78266881], Best Fitness = 0.013438856605147936, Evaluations = 696
Generation 87: Best Solution = [0.88581684 0.78266881], Best Fitness = 0.013438856605147936, Evaluations = 704
Generation 88: Best Solution = [0.91669952 0.83276525], Best Fitness = 0.012673634020434477, Evaluations = 712
Generation 89: Best Solution = [0.91669952 0.83276525], Best Fitness = 0.012673634020434477, Evaluations = 720
Generation 90: Best Solution = [0.91669952 0.83276525], Best Fitness = 0.012673634020434477, Evaluations = 728
Generation 91: Best Solution = [0.91669952 0.83276525], Best Fitness = 0.012673634020434477, Evaluations = 736
Generation 92: Best Solution = [0.91669952 0.83276525], Best Fitness = 0.012673634020434477, Evaluations = 744
Generation 93: Best Solution = [0.91669952 0.83276525], Best Fitness = 0.012673634020434477, Evaluations = 752
Generation 94: Best Solution = [0.91669952 0.83276525], Best Fitness = 0.012673634020434477, Evaluations = 760
Generation 95: Best Solution = [0.91669952 0.83276525], Best Fitness = 0.012673634020434477, Evaluations = 768
Generation 96: Best Solution = [0.91669952 0.83276525], Best Fitness = 0.012673634020434477, Evaluations = 776
Generation 97: Best Solution = [0.91669952 0.83276525], Best Fitness = 0.012673634020434477, Evaluations = 784
Generation 98: Best Solution = [0.91669952 0.83276525], Best Fitness = 0.012673634020434477, Evaluations = 792
Generation 99: Best Solution = [0.91669952 0.83276525], Best Fitness = 0.012673634020434477, Evaluations = 800
Generation 100: Best Solution = [0.91669952 0.83276525], Best Fitness = 0.012673634020434477, Evaluations = 808
Generation 101: Best Solution = [0.91669952 0.83276525], Best Fitness = 0.012673634020434477, Evaluations = 816
Generation 102: Best Solution = [0.91669952 0.83276525], Best Fitness = 0.012673634020434477, Evaluations = 824
Generation 103: Best Solution = [0.91669952 0.83276525], Best Fitness = 0.012673634020434477, Evaluations = 832
Generation 104: Best Solution = [0.91669952 0.83276525], Best Fitness = 0.012673634020434477, Evaluations = 840
Generation 105: Best Solution = [0.91669952 0.83276525], Best Fitness = 0.012673634020434477, Evaluations = 848
Generation 106: Best Solution = [0.91669952 0.83276525], Best Fitness = 0.012673634020434477, Evaluations = 856
Generation 107: Best Solution = [0.89508164 0.79745331], Best Fitness = 0.012390088635197305, Evaluations = 864
Generation 108: Best Solution = [0.89508164 0.79745331], Best Fitness = 0.012390088635197305, Evaluations = 872
Generation 109: Best Solution = [0.89625139 0.80622321], Best Fitness = 0.01163794697594279, Evaluations = 880
Generation 110: Best Solution = [0.89625139 0.80622321], Best Fitness = 0.01163794697594279, Evaluations = 888
Generation 111: Best Solution = [0.89625139 0.80622321], Best Fitness = 0.01163794697594279, Evaluations = 896
Generation 112: Best Solution = [0.89312103 0.79745331], Best Fitness = 0.011427603167175298, Evaluations = 904
Generation 113: Best Solution = [0.91158658 0.83195047], Best Fitness = 0.007909164241609807, Evaluations = 912
Generation 114: Best Solution = [0.91158658 0.83195047], Best Fitness = 0.007909164241609807, Evaluations = 920
Generation 115: Best Solution = [0.91158658 0.83195047], Best Fitness = 0.007909164241609807, Evaluations = 928
Generation 116: Best Solution = [0.91158658 0.83195047], Best Fitness = 0.007909164241609807, Evaluations = 936
Generation 117: Best Solution = [0.92094879 0.85092914], Best Fitness = 0.0070233120541711965, Evaluations = 944
Generation 118: Best Solution = [0.92094879 0.85092914], Best Fitness = 0.0070233120541711965, Evaluations = 952
Generation 119: Best Solution = [0.92094879 0.85092914], Best Fitness = 0.0070233120541711965, Evaluations = 960
Generation 120: Best Solution = [0.92094879 0.85092914], Best Fitness = 0.006401093201494571, Evaluations = 968
Generation 121: Best Solution = [0.92094879 0.85092914], Best Fitness = 0.006401093201494571, Evaluations = 976
Generation 122: Best Solution = [0.92094879 0.85092914], Best Fitness = 0.006401093201494571, Evaluations = 984
Generation 123: Best Solution = [0.92094879 0.85092914], Best Fitness = 0.006401093201494571, Evaluations = 992
Generation 124: Best Solution = [0.92094879 0.85092914], Best Fitness = 0.006401093201494571, Evaluations = 1000
Generation 125: Best Solution = [0.92094879 0.85092914], Best Fitness = 0.006401093201494571, Evaluations = 1008
Generation 126: Best Solution = [0.92094879 0.85092914], Best Fitness = 0.006401093201494571, Evaluations = 1016
Generation 127: Best Solution = [0.92094879 0.85092914], Best Fitness = 0.006401093201494571, Evaluations = 1024
Generation 128: Best Solution = [0.93786785 0.87493792], Best Fitness = 0.006030263970110675, Evaluations = 1032
Generation 129: Best Solution = [0.93786785 0.87493792], Best Fitness = 0.006030263970110675, Evaluations = 1040
Generation 130: Best Solution = [0.93068099 0.86533791], Best Fitness = 0.004873880306847337, Evaluations = 1048
Generation 131: Best Solution = [0.93068099 0.86533791], Best Fitness = 0.004873880306847337, Evaluations = 1056
Generation 132: Best Solution = [0.93068099 0.86533791], Best Fitness = 0.004873880306847337, Evaluations = 1064
Generation 133: Best Solution = [0.937722   0.87618922], Best Fitness = 0.004860325014259034, Evaluations = 1072
Generation 134: Best Solution = [0.93462841 0.87158246], Best Fitness = 0.004652840610834107, Evaluations = 1080
Generation 135: Best Solution = [0.94937095 0.90020118], Best Fitness = 0.0026851869044828194, Evaluations = 1088
Generation 136: Best Solution = [0.94937095 0.90020118], Best Fitness = 0.0026851869044828194, Evaluations = 1096
Generation 137: Best Solution = [0.94937095 0.90020118], Best Fitness = 0.0026851869044828194, Evaluations = 1104
Generation 138: Best Solution = [0.94937095 0.90020118], Best Fitness = 0.0026851869044828194, Evaluations = 1112
Generation 139: Best Solution = [0.94937095 0.90020118], Best Fitness = 0.0026851869044828194, Evaluations = 1120
Generation 140: Best Solution = [0.94937095 0.90020118], Best Fitness = 0.0026851869044828194, Evaluations = 1128
Generation 141: Best Solution = [0.94937095 0.90020118], Best Fitness = 0.0026851869044828194, Evaluations = 1136
Generation 142: Best Solution = [0.94937095 0.90020118], Best Fitness = 0.0026851869044828194, Evaluations = 1144
Generation 143: Best Solution = [0.94937095 0.90020118], Best Fitness = 0.0026851869044828194, Evaluations = 1152
Generation 144: Best Solution = [0.94937095 0.90020118], Best Fitness = 0.0026851869044828194, Evaluations = 1160
Generation 145: Best Solution = [0.94937095 0.90020118], Best Fitness = 0.0026851869044828194, Evaluations = 1168
Generation 146: Best Solution = [0.94937095 0.90020118], Best Fitness = 0.0026851869044828194, Evaluations = 1176
Generation 147: Best Solution = [0.95314259 0.90982265], Best Fitness = 0.0023756755954309067, Evaluations = 1184
Generation 148: Best Solution = [0.95314259 0.90982265], Best Fitness = 0.0023756755954309067, Evaluations = 1192
Generation 149: Best Solution = [0.95314259 0.90982265], Best Fitness = 0.0023756755954309067, Evaluations = 1200
Generation 150: Best Solution = [0.95314259 0.90982265], Best Fitness = 0.0023756755954309067, Evaluations = 1208
Generation 151: Best Solution = [0.95507744 0.91204797], Best Fitness = 0.0020195975949184016, Evaluations = 1216
Generation 152: Best Solution = [0.95590666 0.91300168], Best Fitness = 0.0020013543152316384, Evaluations = 1224
Generation 153: Best Solution = [0.95590666 0.91300168], Best Fitness = 0.0020013543152316384, Evaluations = 1232
Generation 154: Best Solution = [0.95590666 0.91300168], Best Fitness = 0.0020013543152316384, Evaluations = 1240
Generation 155: Best Solution = [0.96416474 0.92947473], Best Fitness = 0.0012860956938378018, Evaluations = 1248
Generation 156: Best Solution = [0.96416474 0.92947473], Best Fitness = 0.0012860956938378018, Evaluations = 1256
Generation 157: Best Solution = [0.96416474 0.92947473], Best Fitness = 0.0012860956938378018, Evaluations = 1264
Generation 158: Best Solution = [0.96416474 0.92947473], Best Fitness = 0.0012860956938378018, Evaluations = 1272
Generation 159: Best Solution = [0.96416474 0.92947473], Best Fitness = 0.0012860956938378018, Evaluations = 1280
Generation 160: Best Solution = [0.96416474 0.92947473], Best Fitness = 0.0012860956938378018, Evaluations = 1288
Generation 161: Best Solution = [0.96416474 0.92947473], Best Fitness = 0.0012860956938378018, Evaluations = 1296
Generation 162: Best Solution = [0.96903051 0.93932943], Best Fitness = 0.0009686761624514879, Evaluations = 1304
Generation 163: Best Solution = [0.96903051 0.93932943], Best Fitness = 0.0009686761624514879, Evaluations = 1312
Generation 164: Best Solution = [0.97062799 0.94165648], Best Fitness = 0.0008840799030285564, Evaluations = 1320
Generation 165: Best Solution = [0.97911536 0.95829737], Best Fitness = 0.0004498221700184957, Evaluations = 1328
Generation 166: Best Solution = [0.97911536 0.95829737], Best Fitness = 0.0004498221700184957, Evaluations = 1336
Generation 167: Best Solution = [0.97911536 0.95829737], Best Fitness = 0.0004498221700184957, Evaluations = 1344
Generation 168: Best Solution = [0.97911536 0.95829737], Best Fitness = 0.0004498221700184957, Evaluations = 1352
Generation 169: Best Solution = [0.97911536 0.95829737], Best Fitness = 0.0004498221700184957, Evaluations = 1360
Generation 170: Best Solution = [0.97911536 0.95829737], Best Fitness = 0.0004498221700184957, Evaluations = 1368
Generation 171: Best Solution = [0.97911536 0.95829737], Best Fitness = 0.0004498221700184957, Evaluations = 1376
Generation 172: Best Solution = [0.97911536 0.95829737], Best Fitness = 0.0004498221700184957, Evaluations = 1384
Generation 173: Best Solution = [0.9852185  0.97023802], Best Fitness = 0.00023592069836037049, Evaluations = 1392
Generation 174: Best Solution = [0.99538513 0.99134488], Best Fitness = 5.1912765052022764e-05, Evaluations = 1400
Generation 175: Best Solution = [0.99538513 0.99134488], Best Fitness = 5.1912765052022764e-05, Evaluations = 1408
Generation 176: Best Solution = [0.99538513 0.99134488], Best Fitness = 5.1912765052022764e-05, Evaluations = 1416
Generation 177: Best Solution = [0.99538513 0.99134488], Best Fitness = 5.1912765052022764e-05, Evaluations = 1424
Generation 178: Best Solution = [0.99538513 0.99134488], Best Fitness = 5.1912765052022764e-05, Evaluations = 1432
Generation 179: Best Solution = [0.99538513 0.99134488], Best Fitness = 5.1912765052022764e-05, Evaluations = 1440
Generation 180: Best Solution = [0.99538513 0.99134488], Best Fitness = 5.1912765052022764e-05, Evaluations = 1448
Generation 181: Best Solution = [0.99538513 0.99134488], Best Fitness = 5.1912765052022764e-05, Evaluations = 1456
Generation 182: Best Solution = [0.99538513 0.99134488], Best Fitness = 5.1912765052022764e-05, Evaluations = 1464
Generation 183: Best Solution = [0.99538513 0.99134488], Best Fitness = 5.1912765052022764e-05, Evaluations = 1472
Generation 184: Best Solution = [0.99538513 0.99134488], Best Fitness = 5.1912765052022764e-05, Evaluations = 1480
Generation 185: Best Solution = [0.99538513 0.99134488], Best Fitness = 5.1912765052022764e-05, Evaluations = 1488
Generation 186: Best Solution = [0.99719366 0.9944763 ], Best Fitness = 8.533357634892539e-06, Evaluations = 1496
Generation 187: Best Solution = [0.99719366 0.9944763 ], Best Fitness = 8.533357634892539e-06, Evaluations = 1504
Generation 188: Best Solution = [0.99719366 0.9944763 ], Best Fitness = 8.533357634892539e-06, Evaluations = 1512
Generation 189: Best Solution = [0.99719366 0.9944763 ], Best Fitness = 8.533357634892539e-06, Evaluations = 1520
Generation 190: Best Solution = [0.99719366 0.9944763 ], Best Fitness = 8.533357634892539e-06, Evaluations = 1528
Generation 191: Best Solution = [0.99719366 0.9944763 ], Best Fitness = 8.533357634892539e-06, Evaluations = 1536
Generation 192: Best Solution = [0.99719366 0.9944763 ], Best Fitness = 8.533357634892539e-06, Evaluations = 1544
Generation 193: Best Solution = [0.99719366 0.9944763 ], Best Fitness = 8.533357634892539e-06, Evaluations = 1552
Generation 194: Best Solution = [0.99993913 0.99977686], Best Fitness = 1.0319314907648323e-06, Evaluations = 1560
Generation 195: Best Solution = [0.99993913 0.99977686], Best Fitness = 1.0319314907648323e-06, Evaluations = 1568
Generation 196: Best Solution = [0.99993913 0.99977686], Best Fitness = 1.0319314907648323e-06, Evaluations = 1576
Generation 197: Best Solution = [0.99993913 0.99977686], Best Fitness = 1.0319314907648323e-06, Evaluations = 1584
Generation 198: Best Solution = [0.99993913 0.99977686], Best Fitness = 1.0319314907648323e-06, Evaluations = 1592
Generation 199: Best Solution = [0.99993913 0.99977686], Best Fitness = 1.0319314907648323e-06, Evaluations = 1600
Generation 200: Best Solution = [0.99993913 0.99977686], Best Fitness = 1.0319314907648323e-06, Evaluations = 1608
Generation 201: Best Solution = [0.99993913 0.99977686], Best Fitness = 1.0319314907648323e-06, Evaluations = 1616
Generation 202: Best Solution = [0.99993913 0.99977686], Best Fitness = 1.0319314907648323e-06, Evaluations = 1624
Generation 203: Best Solution = [0.99993913 0.99977686], Best Fitness = 1.0319314907648323e-06, Evaluations = 1632
Generation 204: Best Solution = [0.99993913 0.99977686], Best Fitness = 1.0319314907648323e-06, Evaluations = 1640
Generation 205: Best Solution = [0.99993913 0.99977686], Best Fitness = 1.0319314907648323e-06, Evaluations = 1648
Generation 206: Best Solution = [0.99993913 0.99977686], Best Fitness = 1.0319314907648323e-06, Evaluations = 1656
Generation 207: Best Solution = [0.99993913 0.99977686], Best Fitness = 1.0319314907648323e-06, Evaluations = 1664
Generation 208: Best Solution = [0.99993913 0.99977686], Best Fitness = 1.0319314907648323e-06, Evaluations = 1672
Generation 209: Best Solution = [0.99976743 0.9996091 ], Best Fitness = 6.043855192427091e-07, Evaluations = 1680
Generation 210: Best Solution = [0.99976743 0.9996091 ], Best Fitness = 6.043855192427091e-07, Evaluations = 1688
Generation 211: Best Solution = [0.99976743 0.9996091 ], Best Fitness = 6.043855192427091e-07, Evaluations = 1696
Generation 212: Best Solution = [1.00019276 1.00045091], Best Fitness = 4.642021864489011e-07, Evaluations = 1704
Generation 213: Best Solution = [0.99976743 0.99950724], Best Fitness = 1.3068337195846114e-07, Evaluations = 1712
Generation 214: Best Solution = [0.99993913 0.99990975], Best Fitness = 1.028402337850121e-07, Evaluations = 1720
Generation 215: Best Solution = [0.99993913 0.99990975], Best Fitness = 1.028402337850121e-07, Evaluations = 1728
Generation 216: Best Solution = [0.99993913 0.99990975], Best Fitness = 1.028402337850121e-07, Evaluations = 1736
Generation 217: Best Solution = [0.99993913 0.99990975], Best Fitness = 1.028402337850121e-07, Evaluations = 1744
Generation 218: Best Solution = [0.99993913 0.99990975], Best Fitness = 1.028402337850121e-07, Evaluations = 1752
Generation 219: Best Solution = [0.99993913 0.99990975], Best Fitness = 1.028402337850121e-07, Evaluations = 1760
Generation 220: Best Solution = [0.99993913 0.99990975], Best Fitness = 1.028402337850121e-07, Evaluations = 1768
Generation 221: Best Solution = [0.99993913 0.99990975], Best Fitness = 1.028402337850121e-07, Evaluations = 1776
Generation 222: Best Solution = [0.99993913 0.99990975], Best Fitness = 1.028402337850121e-07, Evaluations = 1784
Generation 223: Best Solution = [0.99993913 0.99990975], Best Fitness = 1.028402337850121e-07, Evaluations = 1792
Generation 224: Best Solution = [0.99993913 0.99990975], Best Fitness = 1.028402337850121e-07, Evaluations = 1800
Generation 225: Best Solution = [0.99993913 0.99990975], Best Fitness = 1.028402337850121e-07, Evaluations = 1808
Generation 226: Best Solution = [0.99993913 0.99990975], Best Fitness = 1.028402337850121e-07, Evaluations = 1816
Generation 227: Best Solution = [0.99995988 0.99993097], Best Fitness = 1.4182981322853618e-08, Evaluations = 1824
Generation 228: Best Solution = [0.99995988 0.99993097], Best Fitness = 1.4182981322853618e-08, Evaluations = 1832
Generation 229: Best Solution = [0.99995988 0.99993097], Best Fitness = 1.4182981322853618e-08, Evaluations = 1840
Generation 230: Best Solution = [0.99995988 0.99993097], Best Fitness = 1.4182981322853618e-08, Evaluations = 1848
Generation 231: Best Solution = [0.99995988 0.99993097], Best Fitness = 1.4182981322853618e-08, Evaluations = 1856
Generation 232: Best Solution = [0.99995988 0.99993097], Best Fitness = 1.4182981322346747e-08, Evaluations = 1864
Generation 233: Best Solution = [0.99995988 0.99993097], Best Fitness = 1.4182981322346747e-08, Evaluations = 1872
Generation 234: Best Solution = [0.99995988 0.99993097], Best Fitness = 1.4182981322346747e-08, Evaluations = 1880
Generation 235: Best Solution = [0.99995988 0.99993097], Best Fitness = 1.4182981322346747e-08, Evaluations = 1888
Generation 236: Best Solution = [0.99995988 0.99993097], Best Fitness = 1.4182981322346747e-08, Evaluations = 1896
Generation 237: Best Solution = [0.99994709 0.9998955 ], Best Fitness = 2.9747998506792283e-09, Evaluations = 1904
Generation 238: Best Solution = [0.99994709 0.9998955 ], Best Fitness = 2.9747998506792283e-09, Evaluations = 1912
Generation 239: Best Solution = [1.00001918 1.00004214], Best Fitness = 1.7947648359767626e-09, Evaluations = 1920
Generation 240: Best Solution = [1.00001918 1.00004214], Best Fitness = 1.7947648359767626e-09, Evaluations = 1928
Generation 241: Best Solution = [0.99998903 0.99997779], Best Fitness = 1.2768445839640337e-10, Evaluations = 1936
Generation 242: Best Solution = [0.99998903 0.99997779], Best Fitness = 1.2768445839640337e-10, Evaluations = 1944
Generation 243: Best Solution = [0.99998903 0.99997779], Best Fitness = 1.2768445839640337e-10, Evaluations = 1952
Generation 244: Best Solution = [0.99998903 0.99997779], Best Fitness = 1.2768445839640337e-10, Evaluations = 1960
Generation 245: Best Solution = [0.99998903 0.99997779], Best Fitness = 1.2768445839640337e-10, Evaluations = 1968
Generation 246: Best Solution = [0.99998903 0.99997779], Best Fitness = 1.2768445839640337e-10, Evaluations = 1976
Generation 247: Best Solution = [0.99998903 0.99997779], Best Fitness = 1.2768445839640337e-10, Evaluations = 1984
Generation 248: Best Solution = [0.99998903 0.99997779], Best Fitness = 1.2768445839640337e-10, Evaluations = 1992
Generation 249: Best Solution = [0.99998903 0.99997779], Best Fitness = 1.2768445839640337e-10, Evaluations = 2000
