Algorithm: Differential Evolution
Objective Function: Rosenbrock
Dimension: 10
Population Size: 64
Max Evaluations: 10000

Generation 0: Best Solution = [-2.0316564   1.82008068  4.78414882 -1.41565021  3.51322004 -0.60473645
  1.41697121 -0.02475228  0.36650846  6.85421575], Best Fitness = 81900.78746107503, Evaluations = 64
Generation 1: Best Solution = [-2.0316564   1.82008068  4.78414882 -1.41565021  3.51322004 -0.60473645
  1.41697121 -0.02475228  0.36650846  6.85421575], Best Fitness = 81900.78746107503, Evaluations = 128
Generation 2: Best Solution = [-2.0316564   1.82008068  4.78414882 -1.41565021  3.51322004 -0.60473645
  1.41697121 -0.02475228  0.36650846  6.85421575], Best Fitness = 81900.78746107503, Evaluations = 192
Generation 3: Best Solution = [-2.0316564   1.82008068  4.78414882 -1.41565021  3.51322004 -0.60473645
  1.41697121 -0.02475228  0.36650846  6.85421575], Best Fitness = 81900.78746107503, Evaluations = 256
Generation 4: Best Solution = [-5.          1.77104939 -2.36672445  0.08824243  0.60273765 -1.0278473
 -1.73036318 -0.0645734  -3.43523625  1.08968413], Best Fitness = 74704.85933017671, Evaluations = 320
Generation 5: Best Solution = [-5.          1.77104939 -2.36672445  0.08824243  0.60273765 -1.0278473
 -1.73036318 -0.0645734  -3.43523625  1.08968413], Best Fitness = 74704.85933017671, Evaluations = 384
Generation 6: Best Solution = [-2.0316564   1.82008068 -1.47858374 -1.41565021  3.51322004 -0.60473645
  1.41697121 -0.02475228  0.36650846 -3.69004911], Best Fitness = 23148.834599668742, Evaluations = 448
Generation 7: Best Solution = [-2.0316564   1.82008068 -1.47858374 -1.41565021  3.51322004 -0.60473645
  1.41697121 -0.02475228  0.36650846 -3.69004911], Best Fitness = 23148.834599668742, Evaluations = 512
Generation 8: Best Solution = [-2.0316564   1.82008068 -1.47858374 -1.41565021  3.51322004 -0.60473645
  1.41697121 -0.02475228  0.36650846 -3.69004911], Best Fitness = 23148.834599668742, Evaluations = 576
Generation 9: Best Solution = [-2.0316564   1.82008068 -1.47858374 -1.41565021  3.51322004 -0.60473645
  1.41697121 -0.02475228  0.36650846 -3.69004911], Best Fitness = 23148.834599668742, Evaluations = 640
Generation 10: Best Solution = [-2.0316564   1.82008068 -1.47858374 -1.41565021  3.51322004 -0.60473645
  1.41697121 -0.02475228  0.36650846 -3.69004911], Best Fitness = 23148.834599668742, Evaluations = 704
Generation 11: Best Solution = [ 2.32470538  0.64534617  2.20744031  0.03448429 -0.50929697  0.025332
 -1.98764885  0.94346289 -2.14138421  6.14224148], Best Fitness = 7445.280613963175, Evaluations = 768
Generation 12: Best Solution = [ 2.32470538  0.64534617  2.20744031  0.03448429 -0.50929697  0.025332
 -1.98764885  0.94346289 -2.14138421  6.14224148], Best Fitness = 7445.280613963175, Evaluations = 832
Generation 13: Best Solution = [ 2.32470538  0.64534617  2.20744031  0.03448429 -0.50929697  0.025332
 -1.98764885  0.94346289 -2.14138421  6.14224148], Best Fitness = 7445.280613963175, Evaluations = 896
Generation 14: Best Solution = [ 2.32470538  0.64534617  2.20744031  0.03448429 -0.50929697  0.025332
 -1.98764885  0.94346289 -2.14138421  6.14224148], Best Fitness = 7445.280613963175, Evaluations = 960
Generation 15: Best Solution = [ 2.32470538  0.64534617  2.20744031  0.03448429 -0.50929697  0.025332
 -1.98764885  0.94346289 -2.14138421  6.14224148], Best Fitness = 7445.280613963175, Evaluations = 1024
Generation 16: Best Solution = [ 2.32470538  0.64534617  2.20744031  0.03448429 -0.50929697  0.025332
 -1.98764885  0.94346289 -2.14138421  6.14224148], Best Fitness = 7445.280613963175, Evaluations = 1088
Generation 17: Best Solution = [ 2.32470538  0.64534617  2.20744031  0.03448429 -0.50929697  0.025332
 -1.98764885  0.94346289 -2.14138421  6.14224148], Best Fitness = 7445.280613963175, Evaluations = 1152
Generation 18: Best Solution = [ 2.32470538  0.64534617  2.20744031  0.03448429 -0.50929697  0.025332
 -1.98764885  0.94346289 -2.14138421  6.14224148], Best Fitness = 7445.280613963175, Evaluations = 1216
Generation 19: Best Solution = [ 2.32470538  0.64534617  2.20744031  0.03448429 -0.50929697  0.025332
 -1.98764885  0.94346289 -2.14138421  6.14224148], Best Fitness = 7445.280613963175, Evaluations = 1280
Generation 20: Best Solution = [ 2.32470538  0.64534617  2.20744031  0.03448429 -0.50929697  0.025332
 -1.98764885  0.94346289 -2.14138421  6.14224148], Best Fitness = 7445.280613963175, Evaluations = 1344
Generation 21: Best Solution = [ 2.32470538  0.64534617  2.20744031  0.03448429 -0.50929697  0.025332
 -1.98764885  0.94346289 -2.14138421  6.14224148], Best Fitness = 7445.280613963175, Evaluations = 1408
Generation 22: Best Solution = [ 2.32470538  0.64534617  2.20744031  0.03448429 -0.50929697  0.025332
 -1.98764885  0.94346289 -2.14138421  6.14224148], Best Fitness = 7445.280613963175, Evaluations = 1472
Generation 23: Best Solution = [ 2.32470538  0.64534617  2.20744031  0.03448429 -0.50929697  0.025332
 -1.98764885  0.94346289 -2.14138421  6.14224148], Best Fitness = 7445.280613963175, Evaluations = 1536
Generation 24: Best Solution = [ 2.32470538  0.64534617  2.20744031  0.03448429 -0.50929697  0.025332
 -1.98764885  0.94346289 -2.14138421  6.14224148], Best Fitness = 7445.280613963175, Evaluations = 1600
Generation 25: Best Solution = [ 2.32470538  0.64534617  2.20744031  0.03448429 -0.50929697  0.025332
 -1.98764885  0.94346289 -2.14138421  6.14224148], Best Fitness = 7445.280613963175, Evaluations = 1664
Generation 26: Best Solution = [ 2.32470538  0.64534617  2.20744031  0.03448429 -0.50929697  0.025332
 -1.98764885  0.94346289 -2.14138421  6.14224148], Best Fitness = 7445.280613963175, Evaluations = 1728
Generation 27: Best Solution = [-0.04696737  0.3118668  -1.37068677  1.13691385  0.56898515 -1.0278473
  1.0996776  -0.0645734   2.96169184  4.19435119], Best Fitness = 3663.9398182620757, Evaluations = 1792
Generation 28: Best Solution = [-1.78556926  0.9891587   2.05834875  1.41205727  0.84747728  0.87408078
 -1.1410536  -0.04436617 -1.95472049  6.46850877], Best Fitness = 3183.524606900153, Evaluations = 1856
Generation 29: Best Solution = [-1.61944247 -1.27329092 -0.3529109  -1.32834655 -0.19567762  0.18691145
  1.04275691 -0.89148841  1.93386711  4.09635167], Best Fitness = 3166.4996848032106, Evaluations = 1920
Generation 30: Best Solution = [-1.61944247 -1.27329092 -0.3529109  -1.32834655 -0.19567762  0.18691145
  1.04275691 -0.89148841  1.93386711  4.09635167], Best Fitness = 3166.4996848032106, Evaluations = 1984
Generation 31: Best Solution = [-1.61944247 -1.27329092 -0.3529109  -1.32834655 -0.19567762  0.18691145
  1.04275691 -0.89148841  1.93386711  4.09635167], Best Fitness = 3166.4996848032106, Evaluations = 2048
Generation 32: Best Solution = [-1.61944247 -1.27329092 -0.3529109  -1.32834655 -0.19567762  0.18691145
  1.04275691 -0.89148841  1.93386711  4.09635167], Best Fitness = 3166.4996848032106, Evaluations = 2112
Generation 33: Best Solution = [-1.61944247 -1.27329092 -0.3529109  -1.32834655 -0.19567762  0.18691145
  1.04275691 -0.89148841  1.93386711  4.09635167], Best Fitness = 3166.4996848032106, Evaluations = 2176
Generation 34: Best Solution = [-1.61944247 -1.27329092 -0.3529109  -1.32834655 -0.19567762  0.18691145
  1.04275691 -0.89148841  1.93386711  4.09635167], Best Fitness = 3166.4996848032106, Evaluations = 2240
Generation 35: Best Solution = [-1.61944247 -1.27329092 -0.3529109  -1.32834655 -0.19567762  0.18691145
  1.04275691 -0.89148841  1.93386711  4.09635167], Best Fitness = 3166.4996848032106, Evaluations = 2304
Generation 36: Best Solution = [-1.61944247 -1.27329092 -0.3529109  -1.32834655 -0.19567762  0.18691145
  1.04275691 -0.89148841  1.93386711  4.09635167], Best Fitness = 1831.117030221483, Evaluations = 2368
Generation 37: Best Solution = [-1.61944247 -1.27329092 -0.3529109  -1.32834655 -0.19567762  0.18691145
  1.04275691 -0.89148841  1.93386711  4.09635167], Best Fitness = 1831.117030221483, Evaluations = 2432
Generation 38: Best Solution = [-1.61944247 -1.27329092 -0.3529109  -1.32834655 -0.19567762  0.18691145
  1.04275691 -0.89148841  1.93386711  4.09635167], Best Fitness = 1831.117030221483, Evaluations = 2496
Generation 39: Best Solution = [-0.03676618  0.24509089 -0.88759735  0.69211592 -0.75479717  0.61337355
 -0.30729651 -0.46201733 -1.50514957  3.34000415], Best Fitness = 756.2471353891805, Evaluations = 2560
Generation 40: Best Solution = [-0.03676618  0.24509089 -0.88759735  0.69211592 -0.75479717  0.61337355
 -0.30729651 -0.46201733 -1.50514957  3.34000415], Best Fitness = 756.2471353891805, Evaluations = 2624
Generation 41: Best Solution = [-0.03676618  0.24509089 -0.88759735  0.69211592 -0.75479717  0.61337355
 -0.30729651 -0.46201733 -1.50514957  3.34000415], Best Fitness = 756.2471353891805, Evaluations = 2688
Generation 42: Best Solution = [-0.03676618  0.24509089 -0.88759735  0.69211592 -0.75479717  0.61337355
 -0.30729651 -0.46201733 -1.50514957  3.34000415], Best Fitness = 756.2471353891805, Evaluations = 2752
Generation 43: Best Solution = [-0.03676618  0.24509089 -0.88759735  0.69211592 -0.75479717  0.61337355
 -0.30729651 -0.46201733 -1.50514957  3.34000415], Best Fitness = 756.2471353891805, Evaluations = 2816
Generation 44: Best Solution = [-0.03676618  0.24509089 -0.88759735  0.69211592 -0.75479717  0.61337355
 -0.30729651 -0.46201733 -1.50514957  3.34000415], Best Fitness = 756.2471353891805, Evaluations = 2880
Generation 45: Best Solution = [ 0.51570158  0.5611886   1.31085023  0.7602307   0.04106593 -0.55152225
  0.03675001  0.2669356  -0.96572284  1.88212697], Best Fitness = 480.2564973014024, Evaluations = 2944
Generation 46: Best Solution = [ 0.51570158  0.5611886   1.31085023  0.7602307   0.04106593 -0.55152225
  0.03675001  0.2669356  -0.96572284  1.88212697], Best Fitness = 462.5681364295712, Evaluations = 3008
Generation 47: Best Solution = [ 0.51570158  0.5611886   1.31085023  0.7602307   0.04106593 -0.55152225
  0.03675001  0.2669356  -0.96572284  1.88212697], Best Fitness = 462.5681364295712, Evaluations = 3072
Generation 48: Best Solution = [ 0.51570158  0.5611886   1.31085023  0.7602307   0.04106593 -0.55152225
  0.03675001  0.2669356  -0.96572284  1.88212697], Best Fitness = 462.5681364295712, Evaluations = 3136
Generation 49: Best Solution = [ 0.51570158  0.5611886   1.31085023  0.7602307   0.04106593 -0.55152225
  0.03675001  0.2669356  -0.96572284  1.88212697], Best Fitness = 462.5681364295712, Evaluations = 3200
Generation 50: Best Solution = [ 0.51570158  0.5611886   1.31085023  0.7602307   0.04106593 -0.55152225
  0.03675001  0.2669356  -0.96572284  1.88212697], Best Fitness = 462.5681364295712, Evaluations = 3264
Generation 51: Best Solution = [ 0.51570158  0.5611886   1.31085023  0.7602307   0.04106593 -0.55152225
  0.03675001  0.2669356  -0.96572284  1.88212697], Best Fitness = 462.5681364295712, Evaluations = 3328
Generation 52: Best Solution = [ 0.51570158  0.5611886   1.31085023  0.7602307   0.04106593 -0.55152225
  0.03675001  0.2669356  -0.96572284  1.88212697], Best Fitness = 462.5681364295712, Evaluations = 3392
Generation 53: Best Solution = [ 0.51570158  0.5611886   1.31085023  0.7602307   0.04106593 -0.55152225
  0.03675001  0.2669356  -0.96572284  1.88212697], Best Fitness = 462.5681364295712, Evaluations = 3456
Generation 54: Best Solution = [ 0.51570158  0.5611886   1.31085023  0.7602307   0.04106593 -0.55152225
  0.03675001  0.2669356  -0.96572284  1.88212697], Best Fitness = 462.5681364295712, Evaluations = 3520
Generation 55: Best Solution = [ 0.51570158  0.5611886   1.31085023  0.7602307   0.04106593 -0.55152225
  0.03675001  0.2669356  -0.96572284  1.88212697], Best Fitness = 462.5681364295712, Evaluations = 3584
Generation 56: Best Solution = [ 0.06506513  0.30147517  0.32738987 -0.69074018  0.90609901 -0.40357325
 -0.83840349  0.51984818  0.36650846  0.34839505], Best Fitness = 366.2401134345182, Evaluations = 3648
Generation 57: Best Solution = [ 0.06506513  0.30147517  0.32738987 -0.69074018  0.90609901 -0.40357325
 -0.83840349  0.51984818  0.36650846  0.34839505], Best Fitness = 366.2401134345182, Evaluations = 3712
Generation 58: Best Solution = [ 0.06506513  0.30147517  0.32738987 -0.69074018  0.90609901 -0.40357325
 -0.83840349  0.51984818  0.36650846  0.34839505], Best Fitness = 366.2401134345182, Evaluations = 3776
Generation 59: Best Solution = [ 0.06506513  0.30147517  0.32738987 -0.69074018  0.90609901 -0.40357325
 -0.83840349  0.51984818  0.36650846  0.34839505], Best Fitness = 366.2401134345182, Evaluations = 3840
Generation 60: Best Solution = [ 0.06506513  0.30147517  0.32738987 -0.69074018  0.90609901 -0.40357325
 -0.83840349  0.51984818  0.36650846  0.34839505], Best Fitness = 366.2401134345182, Evaluations = 3904
Generation 61: Best Solution = [ 0.06506513  0.30147517  0.32738987 -0.69074018  0.90609901 -0.40357325
 -0.83840349  0.51984818  0.36650846  0.34839505], Best Fitness = 366.2401134345182, Evaluations = 3968
Generation 62: Best Solution = [ 0.06506513  0.30147517  0.32738987 -0.69074018  0.90609901 -0.40357325
 -0.83840349  0.51984818  0.36650846  0.34839505], Best Fitness = 366.2401134345182, Evaluations = 4032
Generation 63: Best Solution = [ 0.06506513  0.30147517  0.32738987 -0.69074018  0.90609901 -0.40357325
 -0.83840349  0.51984818  0.36650846  0.34839505], Best Fitness = 366.2401134345182, Evaluations = 4096
Generation 64: Best Solution = [ 0.06506513  0.30147517  0.32738987 -0.69074018  0.90609901 -0.40357325
 -0.83840349  0.51984818  0.36650846  0.34839505], Best Fitness = 366.2401134345182, Evaluations = 4160
Generation 65: Best Solution = [1.33457396 1.4550146  0.93254718 0.88894547 0.40004585 0.0653711
 0.13897523 0.88086474 1.21402663 2.21082961], Best Fitness = 319.0164551330245, Evaluations = 4224
Generation 66: Best Solution = [1.33457396 1.4550146  0.93254718 0.88894547 0.40004585 0.0653711
 0.13897523 0.88086474 1.21402663 2.21082961], Best Fitness = 319.0164551330245, Evaluations = 4288
Generation 67: Best Solution = [1.33457396 1.4550146  0.93254718 0.88894547 0.40004585 0.0653711
 0.13897523 0.88086474 1.21402663 2.21082961], Best Fitness = 319.0164551330245, Evaluations = 4352
Generation 68: Best Solution = [1.33457396 1.4550146  0.93254718 0.88894547 0.40004585 0.0653711
 0.13897523 0.88086474 1.21402663 2.21082961], Best Fitness = 319.0164551330245, Evaluations = 4416
Generation 69: Best Solution = [1.33457396 1.4550146  0.93254718 0.88894547 0.40004585 0.0653711
 0.13897523 0.88086474 1.21402663 2.21082961], Best Fitness = 319.0164551330245, Evaluations = 4480
Generation 70: Best Solution = [1.33457396 1.4550146  0.93254718 0.88894547 0.40004585 0.0653711
 0.13897523 0.88086474 1.21402663 2.21082961], Best Fitness = 319.0164551330245, Evaluations = 4544
Generation 71: Best Solution = [1.33457396 1.4550146  0.93254718 0.88894547 0.40004585 0.0653711
 0.13897523 0.88086474 1.21402663 2.21082961], Best Fitness = 319.0164551330245, Evaluations = 4608
Generation 72: Best Solution = [1.33457396 1.4550146  0.93254718 0.88894547 0.40004585 0.0653711
 0.13897523 0.88086474 1.21402663 2.21082961], Best Fitness = 319.0164551330245, Evaluations = 4672
Generation 73: Best Solution = [-0.54671063 -0.26370733 -0.53151401 -0.15338661  0.80525896 -0.138968
 -0.41698024  0.62230349  0.25510428  0.54042753], Best Fitness = 285.08286532216, Evaluations = 4736
Generation 74: Best Solution = [-0.54671063 -0.26370733 -0.53151401 -0.15338661  0.80525896 -0.138968
 -0.41698024  0.62230349  0.25510428  0.54042753], Best Fitness = 285.08286532216, Evaluations = 4800
Generation 75: Best Solution = [ 0.31099898  0.33622061  0.33150323  0.46486902  0.68013878  0.37639543
  0.12085883  0.24102551  0.29815163 -0.11697706], Best Fitness = 64.53726365643361, Evaluations = 4864
Generation 76: Best Solution = [ 0.31099898  0.33622061  0.33150323  0.46486902  0.68013878  0.37639543
  0.12085883  0.24102551  0.29815163 -0.11697706], Best Fitness = 64.53726365643361, Evaluations = 4928
Generation 77: Best Solution = [ 0.31099898  0.33622061  0.33150323  0.46486902  0.68013878  0.37639543
  0.12085883  0.24102551  0.29815163 -0.11697706], Best Fitness = 64.53726365643361, Evaluations = 4992
Generation 78: Best Solution = [ 0.31099898  0.33622061  0.33150323  0.46486902  0.68013878  0.37639543
  0.12085883  0.24102551  0.29815163 -0.11697706], Best Fitness = 64.53726365643361, Evaluations = 5056
Generation 79: Best Solution = [ 0.31099898  0.33622061  0.33150323  0.46486902  0.68013878  0.37639543
  0.12085883  0.24102551  0.29815163 -0.11697706], Best Fitness = 64.53726365643361, Evaluations = 5120
Generation 80: Best Solution = [ 0.31099898  0.33622061  0.33150323  0.46486902  0.68013878  0.37639543
  0.12085883  0.24102551  0.29815163 -0.11697706], Best Fitness = 64.53726365643361, Evaluations = 5184
Generation 81: Best Solution = [ 0.31099898  0.33622061  0.33150323  0.46486902  0.68013878  0.37639543
  0.12085883  0.24102551  0.29815163 -0.11697706], Best Fitness = 64.53726365643361, Evaluations = 5248
Generation 82: Best Solution = [ 0.31099898  0.33622061  0.33150323  0.46486902  0.68013878  0.37639543
  0.12085883  0.24102551  0.29815163 -0.11697706], Best Fitness = 64.53726365643361, Evaluations = 5312
Generation 83: Best Solution = [ 0.31099898  0.33622061  0.33150323  0.46486902  0.68013878  0.37639543
  0.12085883  0.24102551  0.29815163 -0.11697706], Best Fitness = 64.53726365643361, Evaluations = 5376
Generation 84: Best Solution = [ 0.31099898  0.33622061  0.33150323  0.46486902  0.68013878  0.37639543
  0.12085883  0.24102551  0.29815163 -0.11697706], Best Fitness = 64.53726365643361, Evaluations = 5440
Generation 85: Best Solution = [ 0.31099898  0.33622061  0.33150323  0.46486902  0.68013878  0.37639543
  0.12085883  0.24102551  0.29815163 -0.11697706], Best Fitness = 64.53726365643361, Evaluations = 5504
Generation 86: Best Solution = [ 0.31099898  0.33622061  0.33150323  0.46486902  0.68013878  0.37639543
  0.12085883  0.24102551  0.29815163 -0.11697706], Best Fitness = 64.53726365643361, Evaluations = 5568
Generation 87: Best Solution = [ 0.31099898  0.33622061  0.33150323  0.46486902  0.68013878  0.37639543
  0.12085883  0.24102551  0.29815163 -0.11697706], Best Fitness = 64.53726365643361, Evaluations = 5632
Generation 88: Best Solution = [ 0.31099898  0.33622061  0.33150323  0.46486902  0.68013878  0.37639543
  0.12085883  0.24102551  0.29815163 -0.11697706], Best Fitness = 64.53726365643361, Evaluations = 5696
Generation 89: Best Solution = [ 0.31099898  0.33622061  0.33150323  0.46486902  0.68013878  0.37639543
  0.12085883  0.24102551  0.29815163 -0.11697706], Best Fitness = 64.53726365643361, Evaluations = 5760
Generation 90: Best Solution = [ 0.31099898  0.33622061  0.33150323  0.46486902  0.68013878  0.37639543
  0.12085883  0.24102551  0.29815163 -0.11697706], Best Fitness = 64.53726365643361, Evaluations = 5824
Generation 91: Best Solution = [ 0.31099898  0.33622061  0.33150323  0.46486902  0.68013878  0.37639543
  0.12085883  0.24102551  0.29815163 -0.11697706], Best Fitness = 64.53726365643361, Evaluations = 5888
Generation 92: Best Solution = [ 0.31099898  0.33622061  0.33150323  0.46486902  0.68013878  0.37639543
  0.12085883  0.24102551  0.29815163 -0.11697706], Best Fitness = 64.53726365643361, Evaluations = 5952
Generation 93: Best Solution = [ 0.31099898  0.33622061  0.33150323  0.46486902  0.68013878  0.37639543
  0.12085883  0.24102551  0.29815163 -0.11697706], Best Fitness = 64.53726365643361, Evaluations = 6016
Generation 94: Best Solution = [ 0.31099898  0.33622061  0.33150323  0.46486902  0.68013878  0.37639543
  0.12085883  0.24102551  0.29815163 -0.11697706], Best Fitness = 64.53726365643361, Evaluations = 6080
Generation 95: Best Solution = [ 0.31099898  0.33622061  0.33150323  0.46486902  0.68013878  0.37639543
  0.12085883  0.24102551  0.29815163 -0.11697706], Best Fitness = 64.53726365643361, Evaluations = 6144
Generation 96: Best Solution = [ 0.31099898  0.33622061  0.33150323  0.46486902  0.68013878  0.37639543
  0.12085883  0.24102551  0.29815163 -0.11697706], Best Fitness = 64.53726365643361, Evaluations = 6208
Generation 97: Best Solution = [ 0.31099898  0.33622061  0.33150323  0.46486902  0.68013878  0.37639543
  0.12085883  0.24102551  0.29815163 -0.11697706], Best Fitness = 64.53726365643361, Evaluations = 6272
Generation 98: Best Solution = [ 0.31099898  0.33622061  0.33150323  0.46486902  0.68013878  0.37639543
  0.12085883  0.24102551  0.29815163 -0.11697706], Best Fitness = 64.53726365643361, Evaluations = 6336
Generation 99: Best Solution = [ 0.31099898  0.33622061  0.33150323  0.46486902  0.68013878  0.37639543
  0.12085883  0.24102551  0.29815163 -0.11697706], Best Fitness = 64.53726365643361, Evaluations = 6400
Generation 100: Best Solution = [ 0.31099898  0.33622061  0.33150323  0.46486902  0.68013878  0.37639543
  0.12085883  0.24102551  0.29815163 -0.11697706], Best Fitness = 64.53726365643361, Evaluations = 6464
Generation 101: Best Solution = [ 0.06506513  0.11665323 -0.39200846  0.06568543 -0.00438792  0.06654674
 -0.09785114  0.51984818  0.36650846  0.34839505], Best Fitness = 59.71606468051108, Evaluations = 6528
Generation 102: Best Solution = [ 0.06506513  0.11665323 -0.39200846  0.06568543 -0.00438792  0.06654674
 -0.09785114  0.51984818  0.36650846  0.34839505], Best Fitness = 59.71606468051108, Evaluations = 6592
Generation 103: Best Solution = [ 0.06506513  0.11665323 -0.39200846  0.06568543 -0.00438792  0.06654674
 -0.09785114  0.51984818  0.36650846  0.34839505], Best Fitness = 59.71606468051108, Evaluations = 6656
Generation 104: Best Solution = [ 0.06506513  0.11665323 -0.39200846  0.06568543 -0.00438792  0.06654674
 -0.09785114  0.51984818  0.36650846  0.34839505], Best Fitness = 59.71606468051108, Evaluations = 6720
Generation 105: Best Solution = [ 0.06506513  0.11665323 -0.39200846  0.06568543 -0.00438792  0.06654674
 -0.09785114  0.51984818  0.36650846  0.34839505], Best Fitness = 59.71606468051108, Evaluations = 6784
Generation 106: Best Solution = [ 0.06506513  0.11665323 -0.39200846  0.06568543 -0.00438792  0.06654674
 -0.09785114  0.51984818  0.36650846  0.34839505], Best Fitness = 59.71606468051108, Evaluations = 6848
Generation 107: Best Solution = [ 0.06506513  0.11665323 -0.39200846  0.06568543 -0.00438792  0.06654674
 -0.09785114  0.51984818  0.36650846  0.34839505], Best Fitness = 51.756938863385855, Evaluations = 6912
Generation 108: Best Solution = [ 0.06506513  0.11665323 -0.39200846  0.06568543 -0.00438792  0.06654674
 -0.09785114  0.51984818  0.36650846  0.34839505], Best Fitness = 51.756938863385855, Evaluations = 6976
Generation 109: Best Solution = [ 1.01781749  0.75379999  0.3687219   0.31097636  0.03953127  0.2145269
 -0.26989534  0.09991155 -0.19515762  0.00583386], Best Fitness = 40.55697335985239, Evaluations = 7040
Generation 110: Best Solution = [ 1.01781749  0.75379999  0.3687219   0.31097636  0.03953127  0.2145269
 -0.26989534  0.09991155 -0.19515762  0.00583386], Best Fitness = 40.55697335985239, Evaluations = 7104
Generation 111: Best Solution = [ 1.01781749  0.75379999  0.3687219   0.31097636  0.03953127  0.2145269
 -0.26989534  0.09991155 -0.19515762  0.00583386], Best Fitness = 40.55697335985239, Evaluations = 7168
Generation 112: Best Solution = [ 1.01781749  0.75379999  0.3687219   0.31097636  0.03953127  0.2145269
 -0.26989534  0.09991155 -0.19515762  0.00583386], Best Fitness = 40.55697335985239, Evaluations = 7232
Generation 113: Best Solution = [ 1.01781749  0.75379999  0.3687219   0.31097636  0.03953127  0.2145269
 -0.26989534  0.09991155 -0.19515762  0.00583386], Best Fitness = 40.55697335985239, Evaluations = 7296
Generation 114: Best Solution = [ 1.01781749  0.75379999  0.3687219   0.31097636  0.03953127  0.2145269
 -0.26989534  0.09991155 -0.19515762  0.00583386], Best Fitness = 40.55697335985239, Evaluations = 7360
Generation 115: Best Solution = [ 1.01781749  0.75379999  0.3687219   0.31097636  0.03953127  0.2145269
 -0.26989534  0.09991155 -0.19515762  0.00583386], Best Fitness = 40.55697335985239, Evaluations = 7424
Generation 116: Best Solution = [ 1.01781749  0.75379999  0.3687219   0.31097636  0.03953127  0.2145269
 -0.26989534  0.09991155 -0.19515762  0.00583386], Best Fitness = 40.55697335985239, Evaluations = 7488
Generation 117: Best Solution = [ 1.01781749  0.75379999  0.3687219   0.31097636  0.03953127  0.2145269
 -0.26989534  0.09991155 -0.19515762  0.00583386], Best Fitness = 40.55697335985239, Evaluations = 7552
Generation 118: Best Solution = [ 1.01781749  0.75379999  0.3687219   0.31097636  0.03953127  0.2145269
 -0.26989534  0.09991155 -0.19515762  0.00583386], Best Fitness = 40.55697335985239, Evaluations = 7616
Generation 119: Best Solution = [ 1.01781749  0.75379999  0.3687219   0.31097636  0.03953127  0.2145269
 -0.26989534  0.09991155 -0.19515762  0.00583386], Best Fitness = 40.55697335985239, Evaluations = 7680
Generation 120: Best Solution = [ 1.01781749  0.75379999  0.3687219   0.31097636  0.03953127  0.2145269
 -0.26989534  0.09991155 -0.19515762  0.00583386], Best Fitness = 40.55697335985239, Evaluations = 7744
Generation 121: Best Solution = [ 1.01781749  0.75379999  0.3687219   0.31097636  0.03953127  0.2145269
 -0.26989534  0.09991155 -0.19515762  0.00583386], Best Fitness = 40.55697335985239, Evaluations = 7808
Generation 122: Best Solution = [ 0.80718008  0.72221615  0.49208236  0.37410481 -0.00438792  0.06654674
 -0.09785114  0.10178965  0.36650846 -0.0287995 ], Best Fitness = 27.153224559795955, Evaluations = 7872
Generation 123: Best Solution = [ 0.80718008  0.72221615  0.49208236  0.37410481 -0.00438792  0.06654674
 -0.09785114  0.10178965  0.36650846 -0.0287995 ], Best Fitness = 27.153224559795955, Evaluations = 7936
Generation 124: Best Solution = [ 0.80718008  0.72221615  0.49208236  0.37410481 -0.00438792  0.06654674
 -0.09785114  0.10178965  0.36650846 -0.0287995 ], Best Fitness = 27.153224559795955, Evaluations = 8000
Generation 125: Best Solution = [ 0.80718008  0.72221615  0.49208236  0.37410481 -0.00438792  0.06654674
 -0.09785114  0.10178965  0.36650846 -0.0287995 ], Best Fitness = 27.153224559795955, Evaluations = 8064
Generation 126: Best Solution = [ 0.80718008  0.72221615  0.49208236  0.37410481 -0.00438792  0.06654674
 -0.09785114  0.10178965  0.36650846 -0.0287995 ], Best Fitness = 27.153224559795955, Evaluations = 8128
Generation 127: Best Solution = [ 0.80718008  0.72221615  0.49208236  0.37410481 -0.00438792  0.06654674
 -0.09785114  0.10178965  0.36650846 -0.0287995 ], Best Fitness = 27.153224559795955, Evaluations = 8192
Generation 128: Best Solution = [ 0.80718008  0.72221615  0.49208236  0.37410481 -0.00438792  0.06654674
 -0.09785114  0.10178965  0.36650846 -0.0287995 ], Best Fitness = 27.153224559795955, Evaluations = 8256
Generation 129: Best Solution = [ 0.80718008  0.72221615  0.49208236  0.37410481 -0.00438792  0.06654674
 -0.09785114  0.10178965  0.36650846 -0.0287995 ], Best Fitness = 27.153224559795955, Evaluations = 8320
Generation 130: Best Solution = [ 0.80718008  0.72221615  0.49208236  0.37410481 -0.00438792  0.06654674
 -0.09785114  0.10178965  0.36650846 -0.0287995 ], Best Fitness = 27.153224559795955, Evaluations = 8384
Generation 131: Best Solution = [ 0.80718008  0.72221615  0.49208236  0.37410481 -0.00438792  0.06654674
 -0.09785114  0.10178965  0.36650846 -0.0287995 ], Best Fitness = 27.153224559795955, Evaluations = 8448
Generation 132: Best Solution = [ 0.80718008  0.72221615  0.49208236  0.37410481 -0.00438792  0.06654674
 -0.09785114  0.10178965  0.36650846 -0.0287995 ], Best Fitness = 27.153224559795955, Evaluations = 8512
Generation 133: Best Solution = [ 0.80718008  0.72221615  0.49208236  0.37410481 -0.00438792  0.06654674
 -0.09785114  0.10178965  0.36650846 -0.0287995 ], Best Fitness = 27.153224559795955, Evaluations = 8576
Generation 134: Best Solution = [ 0.80718008  0.72221615  0.49208236  0.37410481 -0.00438792  0.06654674
 -0.09785114  0.10178965  0.36650846 -0.0287995 ], Best Fitness = 27.153224559795955, Evaluations = 8640
Generation 135: Best Solution = [ 0.80718008  0.72221615  0.49208236  0.37410481 -0.00438792  0.06654674
 -0.09785114  0.10178965  0.36650846 -0.0287995 ], Best Fitness = 22.042783568327387, Evaluations = 8704
Generation 136: Best Solution = [ 0.80718008  0.72221615  0.49208236  0.37410481 -0.00438792  0.06654674
 -0.09785114  0.10178965  0.36650846 -0.0287995 ], Best Fitness = 22.042783568327387, Evaluations = 8768
Generation 137: Best Solution = [ 0.80718008  0.72221615  0.49208236  0.37410481 -0.00438792  0.06654674
 -0.09785114  0.10178965  0.36650846 -0.0287995 ], Best Fitness = 22.042783568327387, Evaluations = 8832
Generation 138: Best Solution = [ 0.80718008  0.72221615  0.49208236  0.37410481 -0.00438792  0.06654674
 -0.09785114  0.10178965  0.36650846 -0.0287995 ], Best Fitness = 22.042783568327387, Evaluations = 8896
Generation 139: Best Solution = [ 0.80718008  0.72221615  0.49208236  0.37410481 -0.00438792  0.06654674
 -0.09785114  0.10178965  0.36650846 -0.0287995 ], Best Fitness = 22.042783568327387, Evaluations = 8960
Generation 140: Best Solution = [ 0.80718008  0.72221615  0.49208236  0.37410481 -0.00438792  0.06654674
 -0.09785114  0.10178965  0.36650846 -0.0287995 ], Best Fitness = 22.042783568327387, Evaluations = 9024
Generation 141: Best Solution = [ 0.80718008  0.72221615  0.49208236  0.37410481 -0.00438792  0.06654674
 -0.09785114  0.10178965  0.36650846 -0.0287995 ], Best Fitness = 22.042783568327387, Evaluations = 9088
Generation 142: Best Solution = [ 0.80718008  0.72221615  0.49208236  0.37410481 -0.00438792  0.06654674
 -0.09785114  0.10178965  0.36650846 -0.0287995 ], Best Fitness = 22.042783568327387, Evaluations = 9152
Generation 143: Best Solution = [ 0.80718008  0.72221615  0.49208236  0.37410481 -0.00438792  0.06654674
 -0.09785114  0.10178965  0.36650846 -0.0287995 ], Best Fitness = 22.042783568327387, Evaluations = 9216
Generation 144: Best Solution = [ 0.80718008  0.72221615  0.49208236  0.37410481 -0.00438792  0.06654674
 -0.09785114  0.10178965  0.36650846 -0.0287995 ], Best Fitness = 22.042783568327387, Evaluations = 9280
Generation 145: Best Solution = [ 0.80718008  0.72221615  0.49208236  0.37410481 -0.00438792  0.06654674
 -0.09785114  0.10178965  0.36650846 -0.0287995 ], Best Fitness = 22.042783568327387, Evaluations = 9344
Generation 146: Best Solution = [ 0.80718008  0.72221615  0.49208236  0.37410481 -0.00438792  0.06654674
 -0.09785114  0.10178965  0.36650846 -0.0287995 ], Best Fitness = 18.626132187045233, Evaluations = 9408
Generation 147: Best Solution = [ 0.80718008  0.72221615  0.49208236  0.37410481 -0.00438792  0.06654674
 -0.09785114  0.10178965  0.36650846 -0.0287995 ], Best Fitness = 18.626132187045233, Evaluations = 9472
Generation 148: Best Solution = [ 0.80718008  0.72221615  0.49208236  0.37410481 -0.00438792  0.06654674
 -0.09785114  0.10178965  0.36650846 -0.0287995 ], Best Fitness = 18.626132187045233, Evaluations = 9536
Generation 149: Best Solution = [ 0.80718008  0.72221615  0.49208236  0.37410481 -0.00438792  0.06654674
 -0.09785114  0.10178965  0.36650846 -0.0287995 ], Best Fitness = 18.626132187045233, Evaluations = 9600
Generation 150: Best Solution = [ 0.80718008  0.72221615  0.49208236  0.37410481 -0.00438792  0.06654674
 -0.09785114  0.10178965  0.36650846 -0.0287995 ], Best Fitness = 18.626132187045233, Evaluations = 9664
Generation 151: Best Solution = [ 0.80718008  0.72221615  0.49208236  0.37410481 -0.00438792  0.06654674
 -0.09785114  0.10178965  0.36650846 -0.0287995 ], Best Fitness = 18.626132187045233, Evaluations = 9728
Generation 152: Best Solution = [ 0.80718008  0.72221615  0.49208236  0.37410481 -0.00438792  0.06654674
 -0.09785114  0.10178965  0.36650846 -0.0287995 ], Best Fitness = 18.626132187045233, Evaluations = 9792
Generation 153: Best Solution = [ 0.80718008  0.72221615  0.49208236  0.37410481 -0.00438792  0.06654674
 -0.09785114  0.10178965  0.36650846 -0.0287995 ], Best Fitness = 18.626132187045233, Evaluations = 9856
Generation 154: Best Solution = [ 0.80718008  0.72221615  0.49208236  0.37410481 -0.00438792  0.06654674
 -0.09785114  0.10178965  0.36650846 -0.0287995 ], Best Fitness = 18.626132187045233, Evaluations = 9920
Generation 155: Best Solution = [ 0.80718008  0.72221615  0.49208236  0.37410481 -0.00438792  0.06654674
 -0.09785114  0.10178965  0.36650846 -0.0287995 ], Best Fitness = 18.626132187045233, Evaluations = 9984
Generation 156: Best Solution = [ 0.80718008  0.72221615  0.49208236  0.37410481 -0.00438792  0.06654674
 -0.09785114  0.10178965  0.36650846 -0.0287995 ], Best Fitness = 18.626132187045233, Evaluations = 10048
