Algorithm: Differential Evolution
Objective Function: Rosenbrock
Dimension: 2
Population Size: 8
Max Evaluations: 2000

Generation 0: Best Solution = [-0.60273063  9.94393355], Best Fitness = 9181.452929292382, Evaluations = 8
Generation 1: Best Solution = [-0.60273063  9.94393355], Best Fitness = 9181.452929292382, Evaluations = 16
Generation 2: Best Solution = [1.29465141 6.12082733], Best Fitness = 1975.6271159924197, Evaluations = 24
Generation 3: Best Solution = [0.39952453 0.61032992], Best Fitness = 20.674527479038357, Evaluations = 32
Generation 4: Best Solution = [0.39952453 0.61032992], Best Fitness = 20.674527479038357, Evaluations = 40
Generation 5: Best Solution = [0.39952453 0.61032992], Best Fitness = 20.674527479038357, Evaluations = 48
Generation 6: Best Solution = [0.39952453 0.61032992], Best Fitness = 20.674527479038357, Evaluations = 56
Generation 7: Best Solution = [-0.12310518  0.23627979], Best Fitness = 6.150987704162244, Evaluations = 64
Generation 8: Best Solution = [-0.12310518  0.23627979], Best Fitness = 1.2622608376728148, Evaluations = 72
Generation 9: Best Solution = [-0.12310518  0.23627979], Best Fitness = 1.2622608376728148, Evaluations = 80
Generation 10: Best Solution = [-0.12310518  0.23627979], Best Fitness = 1.2622608376728148, Evaluations = 88
Generation 11: Best Solution = [-0.12310518  0.23627979], Best Fitness = 1.2622608376728148, Evaluations = 96
Generation 12: Best Solution = [-0.12310518  0.23627979], Best Fitness = 1.2622608376728148, Evaluations = 104
Generation 13: Best Solution = [-0.12310518  0.23627979], Best Fitness = 1.2622608376728148, Evaluations = 112
Generation 14: Best Solution = [-0.12310518  0.23627979], Best Fitness = 1.2622608376728148, Evaluations = 120
Generation 15: Best Solution = [-0.12310518  0.23627979], Best Fitness = 1.2622608376728148, Evaluations = 128
Generation 16: Best Solution = [-0.12310518  0.23627979], Best Fitness = 1.2622608376728148, Evaluations = 136
Generation 17: Best Solution = [-0.12310518  0.23627979], Best Fitness = 1.2622608376728148, Evaluations = 144
Generation 18: Best Solution = [-0.12310518  0.23627979], Best Fitness = 1.2622608376728148, Evaluations = 152
Generation 19: Best Solution = [0.66826854 0.42957035], Best Fitness = 0.13898825322875719, Evaluations = 160
Generation 20: Best Solution = [0.66826854 0.42957035], Best Fitness = 0.13898825322875719, Evaluations = 168
Generation 21: Best Solution = [0.66826854 0.42957035], Best Fitness = 0.13898825322875719, Evaluations = 176
Generation 22: Best Solution = [0.66826854 0.42957035], Best Fitness = 0.13898825322875719, Evaluations = 184
Generation 23: Best Solution = [0.66826854 0.42957035], Best Fitness = 0.13898825322875719, Evaluations = 192
Generation 24: Best Solution = [0.66826854 0.42957035], Best Fitness = 0.13898825322875719, Evaluations = 200
Generation 25: Best Solution = [0.66826854 0.42957035], Best Fitness = 0.13898825322875719, Evaluations = 208
Generation 26: Best Solution = [0.66826854 0.42957035], Best Fitness = 0.11004836249246994, Evaluations = 216
Generation 27: Best Solution = [0.66826854 0.42957035], Best Fitness = 0.11004836249246994, Evaluations = 224
Generation 28: Best Solution = [0.66826854 0.42957035], Best Fitness = 0.11004836249246994, Evaluations = 232
Generation 29: Best Solution = [0.66826854 0.42957035], Best Fitness = 0.11004836249246994, Evaluations = 240
Generation 30: Best Solution = [0.66826854 0.42957035], Best Fitness = 0.11004836249246994, Evaluations = 248
Generation 31: Best Solution = [0.66826854 0.42957035], Best Fitness = 0.11004836249246994, Evaluations = 256
Generation 32: Best Solution = [0.66826854 0.42957035], Best Fitness = 0.11004836249246994, Evaluations = 264
Generation 33: Best Solution = [0.66826854 0.42957035], Best Fitness = 0.11004836249246994, Evaluations = 272
Generation 34: Best Solution = [0.66826854 0.42957035], Best Fitness = 0.11004836249246994, Evaluations = 280
Generation 35: Best Solution = [0.68150845 0.46219352], Best Fitness = 0.10194774031276488, Evaluations = 288
Generation 36: Best Solution = [0.68150845 0.46219352], Best Fitness = 0.10194774031276488, Evaluations = 296
Generation 37: Best Solution = [0.68150845 0.46219352], Best Fitness = 0.10194774031276488, Evaluations = 304
Generation 38: Best Solution = [0.68150845 0.46219352], Best Fitness = 0.10194774031276488, Evaluations = 312
Generation 39: Best Solution = [0.68150845 0.46219352], Best Fitness = 0.10194774031276488, Evaluations = 320
Generation 40: Best Solution = [0.68150845 0.46219352], Best Fitness = 0.10194774031276488, Evaluations = 328
Generation 41: Best Solution = [0.68150845 0.46219352], Best Fitness = 0.10194774031276488, Evaluations = 336
Generation 42: Best Solution = [0.68150845 0.46219352], Best Fitness = 0.10194774031276488, Evaluations = 344
Generation 43: Best Solution = [0.68150845 0.46219352], Best Fitness = 0.10194774031276488, Evaluations = 352
Generation 44: Best Solution = [0.68150845 0.46219352], Best Fitness = 0.10194774031276488, Evaluations = 360
Generation 45: Best Solution = [0.68150845 0.46219352], Best Fitness = 0.10194774031276488, Evaluations = 368
Generation 46: Best Solution = [0.68150845 0.46219352], Best Fitness = 0.10194774031276488, Evaluations = 376
Generation 47: Best Solution = [0.68150845 0.46219352], Best Fitness = 0.10194774031276488, Evaluations = 384
Generation 48: Best Solution = [0.69641401 0.49482787], Best Fitness = 0.10183796223819953, Evaluations = 392
Generation 49: Best Solution = [0.69614921 0.49077065], Best Fitness = 0.09610377881508535, Evaluations = 400
Generation 50: Best Solution = [0.70382422 0.49482787], Best Fitness = 0.08774932527796288, Evaluations = 408
Generation 51: Best Solution = [0.70382422 0.49482787], Best Fitness = 0.08774932527796288, Evaluations = 416
Generation 52: Best Solution = [0.70382422 0.49482787], Best Fitness = 0.08774932527796288, Evaluations = 424
Generation 53: Best Solution = [0.70382422 0.49482787], Best Fitness = 0.08774932527796288, Evaluations = 432
Generation 54: Best Solution = [0.77603865 0.61285763], Best Fitness = 0.06144063626932522, Evaluations = 440
Generation 55: Best Solution = [0.77603865 0.61285763], Best Fitness = 0.06144063626932522, Evaluations = 448
Generation 56: Best Solution = [0.77603865 0.61285763], Best Fitness = 0.06144063626932522, Evaluations = 456
Generation 57: Best Solution = [0.77603865 0.61285763], Best Fitness = 0.06144063626932522, Evaluations = 464
Generation 58: Best Solution = [0.77603865 0.61285763], Best Fitness = 0.06144063626932522, Evaluations = 472
Generation 59: Best Solution = [0.77603865 0.61285763], Best Fitness = 0.06144063626932522, Evaluations = 480
Generation 60: Best Solution = [0.77603865 0.61285763], Best Fitness = 0.06144063626932522, Evaluations = 488
Generation 61: Best Solution = [0.78523218 0.6231992 ], Best Fitness = 0.05049393166039259, Evaluations = 496
Generation 62: Best Solution = [0.78523218 0.6231992 ], Best Fitness = 0.05049393166039259, Evaluations = 504
Generation 63: Best Solution = [0.78523218 0.6231992 ], Best Fitness = 0.05049393166039259, Evaluations = 512
Generation 64: Best Solution = [0.79363879 0.62875938], Best Fitness = 0.042706643558656276, Evaluations = 520
Generation 65: Best Solution = [0.79363879 0.62875938], Best Fitness = 0.042706643558656276, Evaluations = 528
Generation 66: Best Solution = [0.79755228 0.63500353], Best Fitness = 0.04110304298147342, Evaluations = 536
Generation 67: Best Solution = [0.81053862 0.65435918], Best Fitness = 0.036578741953724465, Evaluations = 544
Generation 68: Best Solution = [0.81053862 0.65435918], Best Fitness = 0.036578741953724465, Evaluations = 552
Generation 69: Best Solution = [0.81053862 0.65435918], Best Fitness = 0.036578741953724465, Evaluations = 560
Generation 70: Best Solution = [0.81053862 0.65435918], Best Fitness = 0.036578741953724465, Evaluations = 568
Generation 71: Best Solution = [0.81053862 0.65435918], Best Fitness = 0.036578741953724465, Evaluations = 576
Generation 72: Best Solution = [0.84929995 0.71300275], Best Fitness = 0.029612201058308557, Evaluations = 584
Generation 73: Best Solution = [0.84929995 0.71300275], Best Fitness = 0.029612201058308557, Evaluations = 592
Generation 74: Best Solution = [0.85013629 0.73000154], Best Fitness = 0.027744172814158585, Evaluations = 600
Generation 75: Best Solution = [0.84132014 0.70676698], Best Fitness = 0.0252900940016573, Evaluations = 608
Generation 76: Best Solution = [0.84132014 0.70676698], Best Fitness = 0.0252900940016573, Evaluations = 616
Generation 77: Best Solution = [0.86310066 0.74383313], Best Fitness = 0.018864553633356634, Evaluations = 624
Generation 78: Best Solution = [0.86310066 0.74383313], Best Fitness = 0.018864553633356634, Evaluations = 632
Generation 79: Best Solution = [0.86310066 0.74383313], Best Fitness = 0.018864553633356634, Evaluations = 640
Generation 80: Best Solution = [0.91172396 0.82438476], Best Fitness = 0.01249289101198425, Evaluations = 648
Generation 81: Best Solution = [0.89389193 0.79809706], Best Fitness = 0.011348362212118742, Evaluations = 656
Generation 82: Best Solution = [0.89389193 0.79809706], Best Fitness = 0.011348362212118742, Evaluations = 664
Generation 83: Best Solution = [0.89389193 0.79809706], Best Fitness = 0.011348362212118742, Evaluations = 672
Generation 84: Best Solution = [0.89389193 0.79809706], Best Fitness = 0.011348362212118742, Evaluations = 680
Generation 85: Best Solution = [0.89389193 0.79809706], Best Fitness = 0.011348362212118742, Evaluations = 688
Generation 86: Best Solution = [0.93019977 0.87205162], Best Fitness = 0.009468916306391562, Evaluations = 696
Generation 87: Best Solution = [0.92112472 0.84763934], Best Fitness = 0.0062904332868585315, Evaluations = 704
Generation 88: Best Solution = [0.92112472 0.84763934], Best Fitness = 0.0062904332868585315, Evaluations = 712
Generation 89: Best Solution = [0.92112472 0.84763934], Best Fitness = 0.0062904332868585315, Evaluations = 720
Generation 90: Best Solution = [0.94183807 0.89213175], Best Fitness = 0.005956145395583105, Evaluations = 728
Generation 91: Best Solution = [0.94183807 0.89213175], Best Fitness = 0.005956145395583105, Evaluations = 736
Generation 92: Best Solution = [0.94183807 0.89213175], Best Fitness = 0.005956145395583105, Evaluations = 744
Generation 93: Best Solution = [0.94183807 0.89213175], Best Fitness = 0.005956145395583105, Evaluations = 752
Generation 94: Best Solution = [0.94183807 0.89213175], Best Fitness = 0.005956145395583105, Evaluations = 760
Generation 95: Best Solution = [0.93494385 0.87205162], Best Fitness = 0.004660120341489509, Evaluations = 768
Generation 96: Best Solution = [0.98639285 0.97732826], Best Fitness = 0.0020838512714440815, Evaluations = 776
Generation 97: Best Solution = [0.98639285 0.97732826], Best Fitness = 0.0020838512714440815, Evaluations = 784
Generation 98: Best Solution = [0.98639285 0.97732826], Best Fitness = 0.0020838512714440815, Evaluations = 792
Generation 99: Best Solution = [0.98639285 0.97732826], Best Fitness = 0.0020838512714440815, Evaluations = 800
Generation 100: Best Solution = [1.03983434 1.08302829], Best Fitness = 0.0019010682973133106, Evaluations = 808
Generation 101: Best Solution = [0.98867298 0.97991706], Best Fitness = 0.0007250285226959777, Evaluations = 816
Generation 102: Best Solution = [1.00933967 1.02060119], Best Fitness = 0.00042380966890850224, Evaluations = 824
Generation 103: Best Solution = [1.00933967 1.02060119], Best Fitness = 0.00042380966890850224, Evaluations = 832
Generation 104: Best Solution = [1.00933967 1.02060119], Best Fitness = 0.00042380966890850224, Evaluations = 840
Generation 105: Best Solution = [1.00933967 1.02060119], Best Fitness = 0.00042380966890850224, Evaluations = 848
Generation 106: Best Solution = [1.00933967 1.02060119], Best Fitness = 0.00042380966890850224, Evaluations = 856
Generation 107: Best Solution = [1.00933967 1.02060119], Best Fitness = 0.00042380966890850224, Evaluations = 864
Generation 108: Best Solution = [1.00933967 1.02060119], Best Fitness = 0.00042380966890850224, Evaluations = 872
Generation 109: Best Solution = [1.00933967 1.02060119], Best Fitness = 0.00042380966890850224, Evaluations = 880
Generation 110: Best Solution = [1.00933967 1.02060119], Best Fitness = 0.00042380966890850224, Evaluations = 888
Generation 111: Best Solution = [0.99391793 0.98762842], Best Fitness = 4.2966079765460054e-05, Evaluations = 896
Generation 112: Best Solution = [0.99391793 0.98762842], Best Fitness = 4.2966079765460054e-05, Evaluations = 904
Generation 113: Best Solution = [0.99391793 0.98762842], Best Fitness = 4.2966079765460054e-05, Evaluations = 912
Generation 114: Best Solution = [0.99391793 0.98762842], Best Fitness = 4.2966079765460054e-05, Evaluations = 920
Generation 115: Best Solution = [0.99391793 0.98762842], Best Fitness = 4.2966079765460054e-05, Evaluations = 928
Generation 116: Best Solution = [0.99391793 0.98762842], Best Fitness = 4.2966079765460054e-05, Evaluations = 936
Generation 117: Best Solution = [0.99391793 0.98762842], Best Fitness = 4.2966079765460054e-05, Evaluations = 944
Generation 118: Best Solution = [0.99391793 0.98762842], Best Fitness = 4.2966079765460054e-05, Evaluations = 952
Generation 119: Best Solution = [0.99391793 0.98762842], Best Fitness = 4.2966079765460054e-05, Evaluations = 960
Generation 120: Best Solution = [1.00222588 1.0044417 ], Best Fitness = 4.977046010788367e-06, Evaluations = 968
Generation 121: Best Solution = [1.00222588 1.0044417 ], Best Fitness = 4.977046010788367e-06, Evaluations = 976
Generation 122: Best Solution = [1.00222588 1.0044417 ], Best Fitness = 4.977046010788367e-06, Evaluations = 984
Generation 123: Best Solution = [1.00222588 1.0044417 ], Best Fitness = 4.977046010788367e-06, Evaluations = 992
Generation 124: Best Solution = [1.00222588 1.0044417 ], Best Fitness = 4.977046010788367e-06, Evaluations = 1000
Generation 125: Best Solution = [1.00222588 1.0044417 ], Best Fitness = 4.977046010788367e-06, Evaluations = 1008
Generation 126: Best Solution = [1.00222588 1.0044417 ], Best Fitness = 4.977046010788367e-06, Evaluations = 1016
Generation 127: Best Solution = [1.00222588 1.0044417 ], Best Fitness = 4.977046010788367e-06, Evaluations = 1024
Generation 128: Best Solution = [1.00222588 1.0044417 ], Best Fitness = 4.977046010788367e-06, Evaluations = 1032
Generation 129: Best Solution = [1.00222588 1.0044417 ], Best Fitness = 4.977046010788367e-06, Evaluations = 1040
Generation 130: Best Solution = [1.00222588 1.0044417 ], Best Fitness = 4.977046010788367e-06, Evaluations = 1048
Generation 131: Best Solution = [0.99868594 0.99751027], Best Fitness = 3.5942425427887285e-06, Evaluations = 1056
Generation 132: Best Solution = [0.99868594 0.99751027], Best Fitness = 3.5942425427887285e-06, Evaluations = 1064
Generation 133: Best Solution = [1.0005974  1.00135523], Best Fitness = 2.9190469867410195e-06, Evaluations = 1072
Generation 134: Best Solution = [1.00034781 1.00060275], Best Fitness = 9.857625604417136e-07, Evaluations = 1080
Generation 135: Best Solution = [1.00034781 1.00060275], Best Fitness = 9.857625604417136e-07, Evaluations = 1088
Generation 136: Best Solution = [1.00034781 1.00060275], Best Fitness = 9.857625604417136e-07, Evaluations = 1096
Generation 137: Best Solution = [1.00034781 1.00060275], Best Fitness = 9.857625604417136e-07, Evaluations = 1104
Generation 138: Best Solution = [1.00034781 1.00060275], Best Fitness = 9.857625604417136e-07, Evaluations = 1112
Generation 139: Best Solution = [1.00034781 1.00060275], Best Fitness = 9.857625604417136e-07, Evaluations = 1120
Generation 140: Best Solution = [1.00069503 1.00135523], Best Fitness = 6.077078737847106e-07, Evaluations = 1128
Generation 141: Best Solution = [1.00069503 1.00135523], Best Fitness = 6.077078737847106e-07, Evaluations = 1136
Generation 142: Best Solution = [1.00069503 1.00135523], Best Fitness = 6.077078737847106e-07, Evaluations = 1144
Generation 143: Best Solution = [1.00069503 1.00135523], Best Fitness = 6.077078737847106e-07, Evaluations = 1152
Generation 144: Best Solution = [1.00069503 1.00135523], Best Fitness = 6.077078737847106e-07, Evaluations = 1160
Generation 145: Best Solution = [1.00033373 1.00065638], Best Fitness = 1.239191012662975e-07, Evaluations = 1168
Generation 146: Best Solution = [1.00033373 1.00065638], Best Fitness = 1.239191012662975e-07, Evaluations = 1176
Generation 147: Best Solution = [1.00033373 1.00065638], Best Fitness = 1.239191012662975e-07, Evaluations = 1184
Generation 148: Best Solution = [1.00033373 1.00065638], Best Fitness = 1.239191012662975e-07, Evaluations = 1192
Generation 149: Best Solution = [1.00033373 1.00065638], Best Fitness = 1.239191012662975e-07, Evaluations = 1200
Generation 150: Best Solution = [1.00010746 1.00024575], Best Fitness = 1.0651557437116296e-07, Evaluations = 1208
Generation 151: Best Solution = [1.00010746 1.00024575], Best Fitness = 1.0651557437116296e-07, Evaluations = 1216
Generation 152: Best Solution = [1.00010746 1.00024575], Best Fitness = 1.0651557437116296e-07, Evaluations = 1224
Generation 153: Best Solution = [1.00010746 1.00024575], Best Fitness = 1.0651557437116296e-07, Evaluations = 1232
Generation 154: Best Solution = [1.00010746 1.00024575], Best Fitness = 1.0651557437116296e-07, Evaluations = 1240
Generation 155: Best Solution = [1.00010746 1.00024575], Best Fitness = 1.0651557437116296e-07, Evaluations = 1248
Generation 156: Best Solution = [1.00010746 1.00024575], Best Fitness = 1.0651557437116296e-07, Evaluations = 1256
Generation 157: Best Solution = [1.00010746 1.00024575], Best Fitness = 1.0651557437116296e-07, Evaluations = 1264
Generation 158: Best Solution = [1.00010746 1.00024575], Best Fitness = 1.0651557437116296e-07, Evaluations = 1272
Generation 159: Best Solution = [1.00010746 1.00024575], Best Fitness = 1.0651557437116296e-07, Evaluations = 1280
Generation 160: Best Solution = [1.00010746 1.00024575], Best Fitness = 1.0651557437116296e-07, Evaluations = 1288
Generation 161: Best Solution = [1.00004631 1.00011915], Best Fitness = 7.254020601314852e-08, Evaluations = 1296
Generation 162: Best Solution = [1.00014546 1.00028242], Best Fitness = 2.841282851823146e-08, Evaluations = 1304
Generation 163: Best Solution = [1.00014546 1.00028242], Best Fitness = 2.841282851823146e-08, Evaluations = 1312
Generation 164: Best Solution = [1.00004631 1.00010057], Best Fitness = 8.461542102249453e-09, Evaluations = 1320
Generation 165: Best Solution = [1.00004631 1.00010057], Best Fitness = 8.461542102249453e-09, Evaluations = 1328
Generation 166: Best Solution = [1.00004631 1.00010057], Best Fitness = 8.461542102249453e-09, Evaluations = 1336
Generation 167: Best Solution = [1.00004631 1.00010057], Best Fitness = 8.461542102249453e-09, Evaluations = 1344
Generation 168: Best Solution = [1.00004631 1.00010057], Best Fitness = 8.461542102249453e-09, Evaluations = 1352
Generation 169: Best Solution = [1.00004631 1.00010057], Best Fitness = 8.461542102249453e-09, Evaluations = 1360
Generation 170: Best Solution = [1.00004631 1.00010057], Best Fitness = 8.461542102249453e-09, Evaluations = 1368
Generation 171: Best Solution = [1.00004631 1.00010057], Best Fitness = 8.461542102249453e-09, Evaluations = 1376
Generation 172: Best Solution = [1.00004631 1.00010057], Best Fitness = 8.461542102249453e-09, Evaluations = 1384
Generation 173: Best Solution = [1.00004631 1.00010057], Best Fitness = 8.461542102249453e-09, Evaluations = 1392
Generation 174: Best Solution = [1.00004631 1.00010057], Best Fitness = 8.461542102249453e-09, Evaluations = 1400
Generation 175: Best Solution = [1.00004631 1.00010057], Best Fitness = 8.461542102249453e-09, Evaluations = 1408
Generation 176: Best Solution = [1.00004631 1.00010057], Best Fitness = 8.461542102249453e-09, Evaluations = 1416
Generation 177: Best Solution = [1.00004631 1.00010057], Best Fitness = 8.461542102249453e-09, Evaluations = 1424
Generation 178: Best Solution = [1.00004631 1.00010057], Best Fitness = 8.461542102249453e-09, Evaluations = 1432
Generation 179: Best Solution = [1.0000713  1.00014741], Best Fitness = 7.388156365934693e-09, Evaluations = 1440
Generation 180: Best Solution = [1.0000713  1.00014741], Best Fitness = 6.328078377581032e-09, Evaluations = 1448
Generation 181: Best Solution = [1.0000713  1.00014741], Best Fitness = 6.328078377581032e-09, Evaluations = 1456
Generation 182: Best Solution = [1.0000713  1.00014741], Best Fitness = 6.328078377581032e-09, Evaluations = 1464
Generation 183: Best Solution = [1.0000713  1.00014741], Best Fitness = 6.328078377581032e-09, Evaluations = 1472
Generation 184: Best Solution = [1.00006174 1.00012146], Best Fitness = 4.2203539321220844e-09, Evaluations = 1480
Generation 185: Best Solution = [1.00002581 1.0000475 ], Best Fitness = 2.3746979580386275e-09, Evaluations = 1488
Generation 186: Best Solution = [1.00002581 1.0000475 ], Best Fitness = 2.3746979580386275e-09, Evaluations = 1496
Generation 187: Best Solution = [1.00002581 1.0000475 ], Best Fitness = 2.3746979580386275e-09, Evaluations = 1504
Generation 188: Best Solution = [1.00002581 1.0000475 ], Best Fitness = 2.3746979580386275e-09, Evaluations = 1512
Generation 189: Best Solution = [1.00004638 1.00009295], Best Fitness = 2.154788507682518e-09, Evaluations = 1520
Generation 190: Best Solution = [1.00004638 1.00009295], Best Fitness = 2.154788507682518e-09, Evaluations = 1528
Generation 191: Best Solution = [1.00004638 1.00009295], Best Fitness = 2.154788507682518e-09, Evaluations = 1536
Generation 192: Best Solution = [1.00004638 1.00009295], Best Fitness = 2.154788507682518e-09, Evaluations = 1544
Generation 193: Best Solution = [1.00004638 1.00009295], Best Fitness = 2.154788507682518e-09, Evaluations = 1552
Generation 194: Best Solution = [1.00004638 1.00009295], Best Fitness = 1.7221399735366478e-09, Evaluations = 1560
Generation 195: Best Solution = [1.00004638 1.00009295], Best Fitness = 1.7221399735366478e-09, Evaluations = 1568
Generation 196: Best Solution = [1.00004638 1.00009295], Best Fitness = 1.7221399735366478e-09, Evaluations = 1576
Generation 197: Best Solution = [1.00002589 1.0000487 ], Best Fitness = 1.6270472541367243e-09, Evaluations = 1584
Generation 198: Best Solution = [1.00002589 1.0000487 ], Best Fitness = 1.6270472541367243e-09, Evaluations = 1592
Generation 199: Best Solution = [1.00002589 1.0000487 ], Best Fitness = 1.6270472541367243e-09, Evaluations = 1600
Generation 200: Best Solution = [1.00002585 1.00004899], Best Fitness = 1.3964321949186462e-09, Evaluations = 1608
Generation 201: Best Solution = [1.00002585 1.00004899], Best Fitness = 1.3964321949186462e-09, Evaluations = 1616
Generation 202: Best Solution = [1.00002585 1.00004899], Best Fitness = 1.3964321949186462e-09, Evaluations = 1624
Generation 203: Best Solution = [1.00002585 1.00004899], Best Fitness = 1.3964321949186462e-09, Evaluations = 1632
Generation 204: Best Solution = [1.00002585 1.00004899], Best Fitness = 1.3964321949186462e-09, Evaluations = 1640
Generation 205: Best Solution = [1.00002585 1.00004899], Best Fitness = 1.3964321949186462e-09, Evaluations = 1648
Generation 206: Best Solution = [1.00002585 1.00004899], Best Fitness = 1.3964321949186462e-09, Evaluations = 1656
Generation 207: Best Solution = [1.00002585 1.00004899], Best Fitness = 1.3964321949186462e-09, Evaluations = 1664
Generation 208: Best Solution = [1.00001211 1.00002079], Best Fitness = 1.3287242606937449e-09, Evaluations = 1672
Generation 209: Best Solution = [1.00001211 1.00002079], Best Fitness = 1.3287242606937449e-09, Evaluations = 1680
Generation 210: Best Solution = [1.00001211 1.00002079], Best Fitness = 1.3287242606937449e-09, Evaluations = 1688
Generation 211: Best Solution = [1.00001211 1.00002079], Best Fitness = 1.3287242606937449e-09, Evaluations = 1696
Generation 212: Best Solution = [1.00001211 1.00002079], Best Fitness = 1.3287242606937449e-09, Evaluations = 1704
Generation 213: Best Solution = [1.00001265 1.00002194], Best Fitness = 1.2828905782158246e-09, Evaluations = 1712
Generation 214: Best Solution = [1.00001265 1.00002194], Best Fitness = 1.2828905782158246e-09, Evaluations = 1720
Generation 215: Best Solution = [1.0000199  1.00004141], Best Fitness = 6.519796340690889e-10, Evaluations = 1728
Generation 216: Best Solution = [1.0000199  1.00004141], Best Fitness = 6.519796340690889e-10, Evaluations = 1736
Generation 217: Best Solution = [1.00001149 1.00002194], Best Fitness = 2.3876225178578927e-10, Evaluations = 1744
Generation 218: Best Solution = [1.00001149 1.00002194], Best Fitness = 2.3876225178578927e-10, Evaluations = 1752
Generation 219: Best Solution = [1.00001149 1.00002194], Best Fitness = 2.3876225178578927e-10, Evaluations = 1760
Generation 220: Best Solution = [1.00000445 1.00000868], Best Fitness = 2.4543061401653618e-11, Evaluations = 1768
Generation 221: Best Solution = [1.00000445 1.00000868], Best Fitness = 2.4543061401653618e-11, Evaluations = 1776
Generation 222: Best Solution = [1.00000445 1.00000868], Best Fitness = 2.4543061401653618e-11, Evaluations = 1784
Generation 223: Best Solution = [1.00000445 1.00000868], Best Fitness = 2.4543061401653618e-11, Evaluations = 1792
Generation 224: Best Solution = [1.00000445 1.00000868], Best Fitness = 2.4543061401653618e-11, Evaluations = 1800
Generation 225: Best Solution = [1.00000445 1.00000868], Best Fitness = 2.4543061401653618e-11, Evaluations = 1808
Generation 226: Best Solution = [1.00000445 1.00000868], Best Fitness = 2.4543061401653618e-11, Evaluations = 1816
Generation 227: Best Solution = [1.00000445 1.00000868], Best Fitness = 2.4543061401653618e-11, Evaluations = 1824
Generation 228: Best Solution = [1.00000445 1.00000868], Best Fitness = 2.4543061401653618e-11, Evaluations = 1832
Generation 229: Best Solution = [1.00000445 1.00000868], Best Fitness = 2.4543061401653618e-11, Evaluations = 1840
Generation 230: Best Solution = [1.00000445 1.00000868], Best Fitness = 2.4543061401653618e-11, Evaluations = 1848
Generation 231: Best Solution = [1.00000445 1.00000868], Best Fitness = 2.4543061401653618e-11, Evaluations = 1856
Generation 232: Best Solution = [1.00000445 1.00000868], Best Fitness = 2.4543061401653618e-11, Evaluations = 1864
Generation 233: Best Solution = [1.00000445 1.00000868], Best Fitness = 2.4543061401653618e-11, Evaluations = 1872
Generation 234: Best Solution = [1.00000445 1.00000868], Best Fitness = 2.4543061401653618e-11, Evaluations = 1880
Generation 235: Best Solution = [1.00000445 1.00000868], Best Fitness = 2.406297522662659e-11, Evaluations = 1888
Generation 236: Best Solution = [1.00000445 1.00000868], Best Fitness = 2.406297522662659e-11, Evaluations = 1896
Generation 237: Best Solution = [1.00000445 1.00000868], Best Fitness = 2.406297522662659e-11, Evaluations = 1904
Generation 238: Best Solution = [1.00000148 1.00000288], Best Fitness = 2.690096775721497e-12, Evaluations = 1912
Generation 239: Best Solution = [1.00000148 1.00000288], Best Fitness = 2.690096775721497e-12, Evaluations = 1920
Generation 240: Best Solution = [1.00000148 1.00000288], Best Fitness = 2.690096775721497e-12, Evaluations = 1928
Generation 241: Best Solution = [1.00000148 1.00000288], Best Fitness = 2.690096775721497e-12, Evaluations = 1936
Generation 242: Best Solution = [1.00000148 1.00000288], Best Fitness = 2.690096775721497e-12, Evaluations = 1944
Generation 243: Best Solution = [1.00000148 1.00000288], Best Fitness = 2.690096775721497e-12, Evaluations = 1952
Generation 244: Best Solution = [1.00000148 1.00000288], Best Fitness = 2.26511428227612e-12, Evaluations = 1960
Generation 245: Best Solution = [1.00000148 1.00000288], Best Fitness = 2.26511428227612e-12, Evaluations = 1968
Generation 246: Best Solution = [1.00000148 1.00000288], Best Fitness = 2.26511428227612e-12, Evaluations = 1976
Generation 247: Best Solution = [1.00000148 1.00000288], Best Fitness = 2.26511428227612e-12, Evaluations = 1984
Generation 248: Best Solution = [1.00000148 1.00000288], Best Fitness = 2.26511428227612e-12, Evaluations = 1992
Generation 249: Best Solution = [1.00000148 1.00000288], Best Fitness = 2.26511428227612e-12, Evaluations = 2000
