Algorithm: Differential Evolution
Objective Function: Sphere
Dimension: 10
Population Size: 64
Max Evaluations: 10000

Generation 0: Best Solution = [ 1.28353225  0.02534707 -0.32222266  0.79709137 -4.04695037 -1.13064308
 -3.46569772 -2.66495397 -0.73826408 -0.2565943 ], Best Fitness = 39.767355539758704, Evaluations = 64
Generation 1: Best Solution = [-1.22161522  0.02534707 -0.32222266  0.79709137  2.03341544 -1.13064308
 -3.46569772 -0.85548901 -0.73826408 -1.54591282], Best Fitness = 23.323102913830017, Evaluations = 128
Generation 2: Best Solution = [-1.22161522  0.02534707 -0.32222266  0.79709137  2.03341544 -1.13064308
 -3.46569772 -0.85548901 -0.73826408 -1.54591282], Best Fitness = 23.323102913830017, Evaluations = 192
Generation 3: Best Solution = [-1.22161522  0.02534707 -0.32222266  0.79709137  2.03341544 -1.13064308
 -3.46569772 -0.85548901 -0.73826408 -1.54591282], Best Fitness = 23.323102913830017, Evaluations = 256
Generation 4: Best Solution = [-1.22161522  0.02534707 -0.32222266  0.79709137  2.03341544 -1.13064308
 -3.46569772 -0.85548901 -0.73826408 -1.54591282], Best Fitness = 23.323102913830017, Evaluations = 320
Generation 5: Best Solution = [ 0.24099277  2.01752188 -0.14189777  1.4903405   1.14677997  0.99455429
  1.94005578  0.55810564  1.54123231 -0.31043543], Best Fitness = 15.221029873706156, Evaluations = 384
Generation 6: Best Solution = [ 0.24099277  2.01752188 -0.14189777  1.4903405   1.14677997  0.99455429
  1.94005578  0.55810564  1.54123231 -0.31043543], Best Fitness = 15.221029873706156, Evaluations = 448
Generation 7: Best Solution = [ 0.24099277  2.01752188 -0.14189777  1.4903405   1.14677997  0.99455429
  1.94005578  0.55810564  1.54123231 -0.31043543], Best Fitness = 15.221029873706156, Evaluations = 512
Generation 8: Best Solution = [ 0.24099277  2.01752188 -0.14189777  1.4903405   1.14677997  0.99455429
  1.94005578  0.55810564  1.54123231 -0.31043543], Best Fitness = 15.221029873706156, Evaluations = 576
Generation 9: Best Solution = [ 0.24099277  2.01752188 -0.14189777  1.4903405   1.14677997  0.99455429
  1.94005578  0.55810564  1.54123231 -0.31043543], Best Fitness = 15.221029873706156, Evaluations = 640
Generation 10: Best Solution = [ 0.24099277  2.01752188 -0.14189777  1.4903405   1.14677997  0.99455429
  1.94005578  0.55810564  1.54123231 -0.31043543], Best Fitness = 15.221029873706156, Evaluations = 704
Generation 11: Best Solution = [ 0.24099277  2.01752188 -0.14189777  1.4903405   1.14677997  0.99455429
  1.94005578  0.55810564  1.54123231 -0.31043543], Best Fitness = 15.221029873706156, Evaluations = 768
Generation 12: Best Solution = [-0.63651916  1.31247422 -2.00802051 -0.62397917  1.33923175  0.48386515
 -0.48660673 -0.33929714 -1.58766439 -1.20722186], Best Fitness = 12.906880246874536, Evaluations = 832
Generation 13: Best Solution = [-0.68370068  2.61416384 -0.43163513 -0.36511743 -0.48695917 -0.88036966
 -0.17432827  0.02529364  0.120492    1.00335704], Best Fitness = 9.685372558996418, Evaluations = 896
Generation 14: Best Solution = [-0.68370068  2.61416384 -0.43163513 -0.36511743 -0.48695917 -0.88036966
 -0.17432827  0.02529364  0.120492    1.00335704], Best Fitness = 3.116883625920066, Evaluations = 960
Generation 15: Best Solution = [-0.68370068  2.61416384 -0.43163513 -0.36511743 -0.48695917 -0.88036966
 -0.17432827  0.02529364  0.120492    1.00335704], Best Fitness = 3.116883625920066, Evaluations = 1024
Generation 16: Best Solution = [-0.68370068  2.61416384 -0.43163513 -0.36511743 -0.48695917 -0.88036966
 -0.17432827  0.02529364  0.120492    1.00335704], Best Fitness = 3.116883625920066, Evaluations = 1088
Generation 17: Best Solution = [-0.68370068  2.61416384 -0.43163513 -0.36511743 -0.48695917 -0.88036966
 -0.17432827  0.02529364  0.120492    1.00335704], Best Fitness = 3.116883625920066, Evaluations = 1152
Generation 18: Best Solution = [-0.68370068  2.61416384 -0.43163513 -0.36511743 -0.48695917 -0.88036966
 -0.17432827  0.02529364  0.120492    1.00335704], Best Fitness = 3.116883625920066, Evaluations = 1216
Generation 19: Best Solution = [-0.68370068  2.61416384 -0.43163513 -0.36511743 -0.48695917 -0.88036966
 -0.17432827  0.02529364  0.120492    1.00335704], Best Fitness = 3.116883625920066, Evaluations = 1280
Generation 20: Best Solution = [-0.68370068  2.61416384 -0.43163513 -0.36511743 -0.48695917 -0.88036966
 -0.17432827  0.02529364  0.120492    1.00335704], Best Fitness = 3.116883625920066, Evaluations = 1344
Generation 21: Best Solution = [-0.68370068  2.61416384 -0.43163513 -0.36511743 -0.48695917 -0.88036966
 -0.17432827  0.02529364  0.120492    1.00335704], Best Fitness = 3.116883625920066, Evaluations = 1408
Generation 22: Best Solution = [-0.68370068  2.61416384 -0.43163513 -0.36511743 -0.48695917 -0.88036966
 -0.17432827  0.02529364  0.120492    1.00335704], Best Fitness = 2.3113556358400347, Evaluations = 1472
Generation 23: Best Solution = [-0.68370068  2.61416384 -0.43163513 -0.36511743 -0.48695917 -0.88036966
 -0.17432827  0.02529364  0.120492    1.00335704], Best Fitness = 2.1767159501307543, Evaluations = 1536
Generation 24: Best Solution = [-0.68370068  2.61416384 -0.43163513 -0.36511743 -0.48695917 -0.88036966
 -0.17432827  0.02529364  0.120492    1.00335704], Best Fitness = 2.1767159501307543, Evaluations = 1600
Generation 25: Best Solution = [-0.68370068  2.61416384 -0.43163513 -0.36511743 -0.48695917 -0.88036966
 -0.17432827  0.02529364  0.120492    1.00335704], Best Fitness = 2.1767159501307543, Evaluations = 1664
Generation 26: Best Solution = [-0.68370068  2.61416384 -0.43163513 -0.36511743 -0.48695917 -0.88036966
 -0.17432827  0.02529364  0.120492    1.00335704], Best Fitness = 2.1767159501307543, Evaluations = 1728
Generation 27: Best Solution = [-0.68370068  2.61416384 -0.43163513 -0.36511743 -0.48695917 -0.88036966
 -0.17432827  0.02529364  0.120492    1.00335704], Best Fitness = 2.1767159501307543, Evaluations = 1792
Generation 28: Best Solution = [-0.68370068  2.61416384 -0.43163513 -0.36511743 -0.48695917 -0.88036966
 -0.17432827  0.02529364  0.120492    1.00335704], Best Fitness = 2.1767159501307543, Evaluations = 1856
Generation 29: Best Solution = [-0.68370068  2.61416384 -0.43163513 -0.36511743 -0.48695917 -0.88036966
 -0.17432827  0.02529364  0.120492    1.00335704], Best Fitness = 2.1767159501307543, Evaluations = 1920
Generation 30: Best Solution = [-0.68370068  2.61416384 -0.43163513 -0.36511743 -0.48695917 -0.88036966
 -0.17432827  0.02529364  0.120492    1.00335704], Best Fitness = 2.1767159501307543, Evaluations = 1984
Generation 31: Best Solution = [-0.68370068  2.61416384 -0.43163513 -0.36511743 -0.48695917 -0.88036966
 -0.17432827  0.02529364  0.120492    1.00335704], Best Fitness = 2.1767159501307543, Evaluations = 2048
Generation 32: Best Solution = [-0.68370068  2.61416384 -0.43163513 -0.36511743 -0.48695917 -0.88036966
 -0.17432827  0.02529364  0.120492    1.00335704], Best Fitness = 2.1767159501307543, Evaluations = 2112
Generation 33: Best Solution = [-0.68250837 -0.09135368 -0.30490014  0.33830923  0.11718549 -0.09453299
 -0.48685974  0.66810717 -0.33810038 -0.62891329], Best Fitness = 1.8974927244049105, Evaluations = 2176
Generation 34: Best Solution = [-0.68250837 -0.09135368 -0.30490014  0.33830923  0.11718549 -0.09453299
 -0.48685974  0.66810717 -0.33810038 -0.62891329], Best Fitness = 1.8974927244049105, Evaluations = 2240
Generation 35: Best Solution = [-0.68250837 -0.09135368 -0.30490014  0.33830923  0.11718549 -0.09453299
 -0.48685974  0.66810717 -0.33810038 -0.62891329], Best Fitness = 1.8974927244049105, Evaluations = 2304
Generation 36: Best Solution = [-0.68250837 -0.09135368 -0.30490014  0.33830923  0.11718549 -0.09453299
 -0.48685974  0.66810717 -0.33810038 -0.62891329], Best Fitness = 1.8974927244049105, Evaluations = 2368
Generation 37: Best Solution = [-0.68250837 -0.09135368 -0.30490014  0.33830923  0.11718549 -0.09453299
 -0.48685974  0.66810717 -0.33810038 -0.62891329], Best Fitness = 1.8974927244049105, Evaluations = 2432
Generation 38: Best Solution = [-0.68250837 -0.09135368 -0.30490014  0.33830923  0.11718549 -0.09453299
 -0.48685974  0.66810717 -0.33810038 -0.62891329], Best Fitness = 1.8974927244049105, Evaluations = 2496
Generation 39: Best Solution = [ 0.58335016  0.17618972 -0.08817779 -0.19749871  0.12633091  0.31494431
  0.12468339 -0.14967533 -0.58154673  0.64045358], Best Fitness = 1.3195967430803246, Evaluations = 2560
Generation 40: Best Solution = [ 0.58335016  0.17618972 -0.08817779 -0.19749871  0.12633091  0.31494431
  0.12468339 -0.14967533 -0.58154673  0.64045358], Best Fitness = 1.3195967430803246, Evaluations = 2624
Generation 41: Best Solution = [ 0.58335016  0.17618972 -0.08817779 -0.19749871  0.12633091  0.31494431
  0.12468339 -0.14967533 -0.58154673  0.64045358], Best Fitness = 1.3195967430803246, Evaluations = 2688
Generation 42: Best Solution = [ 0.58335016  0.17618972 -0.08817779 -0.19749871  0.12633091  0.31494431
  0.12468339 -0.14967533 -0.58154673  0.64045358], Best Fitness = 1.3195967430803246, Evaluations = 2752
Generation 43: Best Solution = [ 0.58335016  0.17618972 -0.08817779 -0.19749871  0.12633091  0.31494431
  0.12468339 -0.14967533 -0.58154673  0.64045358], Best Fitness = 1.3195967430803246, Evaluations = 2816
Generation 44: Best Solution = [ 0.58335016  0.17618972 -0.08817779 -0.19749871  0.12633091  0.31494431
  0.12468339 -0.14967533 -0.58154673  0.64045358], Best Fitness = 1.3195967430803246, Evaluations = 2880
Generation 45: Best Solution = [-6.82508374e-01 -2.70548518e-01 -3.04900144e-01  3.38309226e-01
 -1.41957425e-01 -1.39763918e-01 -1.28624882e-01 -5.36022661e-02
 -3.45614135e-04 -6.28913287e-01], Best Fitness = 1.2010668790262926, Evaluations = 2944
Generation 46: Best Solution = [-6.82508374e-01 -2.70548518e-01 -3.04900144e-01  3.38309226e-01
 -1.41957425e-01 -1.39763918e-01 -1.28624882e-01 -5.36022661e-02
 -3.45614135e-04 -6.28913287e-01], Best Fitness = 1.2010668790262926, Evaluations = 3008
Generation 47: Best Solution = [-6.82508374e-01 -2.70548518e-01 -3.04900144e-01  3.38309226e-01
 -1.41957425e-01 -1.39763918e-01 -1.28624882e-01 -5.36022661e-02
 -3.45614135e-04 -6.28913287e-01], Best Fitness = 1.2010668790262926, Evaluations = 3072
Generation 48: Best Solution = [ 0.37173826  0.1287367   0.03498642  0.82006258  0.19525306 -0.00136772
  0.24225726  0.38417649  0.32423869 -0.14823878], Best Fitness = 1.2000004023193025, Evaluations = 3136
Generation 49: Best Solution = [ 0.08108411  0.27623183 -0.19503688 -0.27712551  0.20457771  0.35514217
 -0.15720758 -0.45283558 -0.02886137 -0.24715141], Best Fitness = 0.6573856761274516, Evaluations = 3200
Generation 50: Best Solution = [ 0.06473727 -0.4825338  -0.24775034 -0.15858223 -0.14934326  0.15219507
 -0.09925351 -0.02378575  0.10725657 -0.02474102], Best Fitness = 0.39155819038935236, Evaluations = 3264
Generation 51: Best Solution = [ 0.06473727 -0.4825338  -0.24775034 -0.15858223 -0.14934326  0.15219507
 -0.09925351 -0.02378575  0.10725657 -0.02474102], Best Fitness = 0.39155819038935236, Evaluations = 3328
Generation 52: Best Solution = [ 0.06473727 -0.4825338  -0.24775034 -0.15858223 -0.14934326  0.15219507
 -0.09925351 -0.02378575  0.10725657 -0.02474102], Best Fitness = 0.39155819038935236, Evaluations = 3392
Generation 53: Best Solution = [ 0.06473727 -0.4825338  -0.24775034 -0.15858223 -0.14934326  0.15219507
 -0.09925351 -0.02378575  0.10725657 -0.02474102], Best Fitness = 0.39155819038935236, Evaluations = 3456
Generation 54: Best Solution = [ 0.06473727 -0.4825338  -0.24775034 -0.15858223 -0.14934326  0.15219507
 -0.09925351 -0.02378575  0.10725657 -0.02474102], Best Fitness = 0.39155819038935236, Evaluations = 3520
Generation 55: Best Solution = [ 0.06473727 -0.4825338  -0.24775034 -0.15858223 -0.14934326  0.15219507
 -0.09925351 -0.02378575  0.10725657 -0.02474102], Best Fitness = 0.39155819038935236, Evaluations = 3584
Generation 56: Best Solution = [ 0.06473727 -0.4825338  -0.24775034 -0.15858223 -0.14934326  0.15219507
 -0.09925351 -0.02378575  0.10725657 -0.02474102], Best Fitness = 0.39155819038935236, Evaluations = 3648
Generation 57: Best Solution = [ 0.06473727 -0.4825338  -0.24775034 -0.15858223 -0.14934326  0.15219507
 -0.09925351 -0.02378575  0.10725657 -0.02474102], Best Fitness = 0.39155819038935236, Evaluations = 3712
Generation 58: Best Solution = [ 0.06473727 -0.4825338  -0.24775034 -0.15858223 -0.14934326  0.15219507
 -0.09925351 -0.02378575  0.10725657 -0.02474102], Best Fitness = 0.39155819038935236, Evaluations = 3776
Generation 59: Best Solution = [ 0.06473727 -0.4825338  -0.24775034 -0.15858223 -0.14934326  0.15219507
 -0.09925351 -0.02378575  0.10725657 -0.02474102], Best Fitness = 0.39155819038935236, Evaluations = 3840
Generation 60: Best Solution = [ 0.06473727 -0.4825338  -0.24775034 -0.15858223 -0.14934326  0.15219507
 -0.09925351 -0.02378575  0.10725657 -0.02474102], Best Fitness = 0.39155819038935236, Evaluations = 3904
Generation 61: Best Solution = [ 0.23218909  0.17457409 -0.22790138 -0.12625682 -0.16095968 -0.19151599
  0.25544392  0.09841539 -0.20932947  0.00624078], Best Fitness = 0.3336490584735554, Evaluations = 3968
Generation 62: Best Solution = [ 0.23218909  0.17457409 -0.22790138 -0.12625682 -0.16095968 -0.19151599
  0.25544392  0.09841539 -0.20932947  0.00624078], Best Fitness = 0.3336490584735554, Evaluations = 4032
Generation 63: Best Solution = [ 0.23218909  0.17457409 -0.22790138 -0.12625682 -0.16095968 -0.19151599
  0.25544392  0.09841539 -0.20932947  0.00624078], Best Fitness = 0.3336490584735554, Evaluations = 4096
Generation 64: Best Solution = [-4.06876794e-01 -2.70548518e-01  8.46590912e-02  7.06427499e-02
 -9.71865053e-02  1.80048549e-01 -1.85910463e-01 -3.20236368e-02
 -3.45614135e-04 -3.54780290e-02], Best Fitness = 0.3296125065349553, Evaluations = 4160
Generation 65: Best Solution = [-4.06876794e-01 -2.70548518e-01  8.46590912e-02  7.06427499e-02
 -9.71865053e-02  1.80048549e-01 -1.85910463e-01 -3.20236368e-02
 -3.45614135e-04 -3.54780290e-02], Best Fitness = 0.3296125065349553, Evaluations = 4224
Generation 66: Best Solution = [-0.15090074 -0.10193883  0.07048011 -0.11528924  0.10132715 -0.06121179
  0.06884848 -0.19762864 -0.22866016  0.05950239], Best Fitness = 0.16505888860402315, Evaluations = 4288
Generation 67: Best Solution = [-0.15090074 -0.10193883  0.07048011 -0.11528924  0.10132715 -0.06121179
  0.06884848 -0.19762864 -0.22866016  0.05950239], Best Fitness = 0.16505888860402315, Evaluations = 4352
Generation 68: Best Solution = [-0.15090074 -0.10193883  0.07048011 -0.11528924  0.10132715 -0.06121179
  0.06884848 -0.19762864 -0.22866016  0.05950239], Best Fitness = 0.16505888860402315, Evaluations = 4416
Generation 69: Best Solution = [-0.15090074 -0.10193883  0.07048011 -0.11528924  0.10132715 -0.06121179
  0.06884848 -0.19762864 -0.22866016  0.05950239], Best Fitness = 0.16505888860402315, Evaluations = 4480
Generation 70: Best Solution = [-0.17281023 -0.06543427  0.20325244  0.01936559  0.04356122 -0.05986035
  0.04794897 -0.06024465 -0.09056713 -0.15911396], Best Fitness = 0.12076062029768435, Evaluations = 4544
Generation 71: Best Solution = [-0.17281023 -0.06543427  0.20325244  0.01936559  0.04356122 -0.05986035
  0.04794897 -0.06024465 -0.09056713 -0.15911396], Best Fitness = 0.12076062029768435, Evaluations = 4608
Generation 72: Best Solution = [-0.17281023 -0.06543427  0.20325244  0.01936559  0.04356122 -0.05986035
  0.04794897 -0.06024465 -0.09056713 -0.15911396], Best Fitness = 0.12076062029768435, Evaluations = 4672
Generation 73: Best Solution = [-0.17281023 -0.06543427  0.20325244  0.01936559  0.04356122 -0.05986035
  0.04794897 -0.06024465 -0.09056713 -0.15911396], Best Fitness = 0.12076062029768435, Evaluations = 4736
Generation 74: Best Solution = [-0.17281023 -0.06543427  0.20325244  0.01936559  0.04356122 -0.05986035
  0.04794897 -0.06024465 -0.09056713 -0.15911396], Best Fitness = 0.12076062029768435, Evaluations = 4800
Generation 75: Best Solution = [-0.17281023 -0.06543427  0.20325244  0.01936559  0.04356122 -0.05986035
  0.04794897 -0.06024465 -0.09056713 -0.15911396], Best Fitness = 0.12076062029768435, Evaluations = 4864
Generation 76: Best Solution = [-0.17281023 -0.06543427  0.20325244  0.01936559  0.04356122 -0.05986035
  0.04794897 -0.06024465 -0.09056713 -0.15911396], Best Fitness = 0.12076062029768435, Evaluations = 4928
Generation 77: Best Solution = [-0.17281023 -0.06543427  0.20325244  0.01936559  0.04356122 -0.05986035
  0.04794897 -0.06024465 -0.09056713 -0.15911396], Best Fitness = 0.12076062029768435, Evaluations = 4992
Generation 78: Best Solution = [-0.17281023 -0.06543427  0.20325244  0.01936559  0.04356122 -0.05986035
  0.04794897 -0.06024465 -0.09056713 -0.15911396], Best Fitness = 0.12076062029768435, Evaluations = 5056
Generation 79: Best Solution = [-0.17281023 -0.06543427  0.20325244  0.01936559  0.04356122 -0.05986035
  0.04794897 -0.06024465 -0.09056713 -0.15911396], Best Fitness = 0.12076062029768435, Evaluations = 5120
Generation 80: Best Solution = [-0.17281023 -0.06543427  0.20325244  0.01936559  0.04356122 -0.05986035
  0.04794897 -0.06024465 -0.09056713 -0.15911396], Best Fitness = 0.12076062029768435, Evaluations = 5184
Generation 81: Best Solution = [ 0.15417634 -0.00387642 -0.12937178  0.0865378  -0.02614237  0.01110019
 -0.09783697  0.15605519  0.0659273  -0.14051246], Best Fitness = 0.10683330778006705, Evaluations = 5248
Generation 82: Best Solution = [ 0.08412713 -0.05426689  0.04302776  0.08253253 -0.1285369  -0.10998318
  0.10949313 -0.10855199 -0.05334043  0.09163361], Best Fitness = 0.08231751095283345, Evaluations = 5312
Generation 83: Best Solution = [ 0.08412713 -0.05426689  0.04302776  0.08253253 -0.1285369  -0.10998318
  0.10949313 -0.10855199 -0.05334043  0.09163361], Best Fitness = 0.07027340035122953, Evaluations = 5376
Generation 84: Best Solution = [ 0.08412713 -0.05426689  0.04302776  0.08253253 -0.1285369  -0.10998318
  0.10949313 -0.10855199 -0.05334043  0.09163361], Best Fitness = 0.07027340035122953, Evaluations = 5440
Generation 85: Best Solution = [ 0.08412713 -0.05426689  0.04302776  0.08253253 -0.1285369  -0.10998318
  0.10949313 -0.10855199 -0.05334043  0.09163361], Best Fitness = 0.07027340035122953, Evaluations = 5504
Generation 86: Best Solution = [ 0.08412713 -0.05426689  0.04302776  0.08253253 -0.1285369  -0.10998318
  0.10949313 -0.10855199 -0.05334043  0.09163361], Best Fitness = 0.05708590228738311, Evaluations = 5568
Generation 87: Best Solution = [ 0.08412713 -0.05426689  0.04302776  0.08253253 -0.1285369  -0.10998318
  0.10949313 -0.10855199 -0.05334043  0.09163361], Best Fitness = 0.05708590228738311, Evaluations = 5632
Generation 88: Best Solution = [ 0.08412713 -0.05426689  0.04302776  0.08253253 -0.1285369  -0.10998318
  0.10949313 -0.10855199 -0.05334043  0.09163361], Best Fitness = 0.05708590228738311, Evaluations = 5696
Generation 89: Best Solution = [-0.06226648 -0.00546015  0.07048011  0.12378263  0.10132715 -0.00212653
  0.06884848 -0.0828373  -0.05896973 -0.01762361], Best Fitness = 0.04985837956040937, Evaluations = 5760
Generation 90: Best Solution = [-0.06226648 -0.00546015  0.07048011  0.12378263  0.10132715 -0.00212653
  0.06884848 -0.0828373  -0.05896973 -0.01762361], Best Fitness = 0.04985837956040937, Evaluations = 5824
Generation 91: Best Solution = [-0.06226648 -0.00546015  0.07048011  0.12378263  0.10132715 -0.00212653
  0.06884848 -0.0828373  -0.05896973 -0.01762361], Best Fitness = 0.04985837956040937, Evaluations = 5888
Generation 92: Best Solution = [-0.06226648 -0.00546015  0.07048011  0.12378263  0.10132715 -0.00212653
  0.06884848 -0.0828373  -0.05896973 -0.01762361], Best Fitness = 0.04985837956040937, Evaluations = 5952
Generation 93: Best Solution = [-0.06226648 -0.00546015  0.07048011  0.12378263  0.10132715 -0.00212653
  0.06884848 -0.0828373  -0.05896973 -0.01762361], Best Fitness = 0.04985837956040937, Evaluations = 6016
Generation 94: Best Solution = [ 0.06438411 -0.01039363  0.0448083  -0.02987843 -0.094257    0.02271106
 -0.00337914  0.00182404  0.07075118 -0.04788002], Best Fitness = 0.023866991342397444, Evaluations = 6080
Generation 95: Best Solution = [ 0.06438411 -0.01039363  0.0448083  -0.02987843 -0.094257    0.02271106
 -0.00337914  0.00182404  0.07075118 -0.04788002], Best Fitness = 0.023866991342397444, Evaluations = 6144
Generation 96: Best Solution = [ 0.06438411 -0.01039363  0.0448083  -0.02987843 -0.094257    0.02271106
 -0.00337914  0.00182404  0.07075118 -0.04788002], Best Fitness = 0.023866991342397444, Evaluations = 6208
Generation 97: Best Solution = [ 0.06438411 -0.01039363  0.0448083  -0.02987843 -0.094257    0.02271106
 -0.00337914  0.00182404  0.07075118 -0.04788002], Best Fitness = 0.023866991342397444, Evaluations = 6272
Generation 98: Best Solution = [ 0.06438411 -0.01039363  0.0448083  -0.02987843 -0.094257    0.02271106
 -0.00337914  0.00182404  0.07075118 -0.04788002], Best Fitness = 0.023866991342397444, Evaluations = 6336
Generation 99: Best Solution = [ 0.01723899 -0.05358207  0.01371862  0.01640645  0.00354986 -0.05544972
 -0.01876377 -0.06118284 -0.07883087 -0.03932006], Best Fitness = 0.018568657996648644, Evaluations = 6400
Generation 100: Best Solution = [ 0.02096446 -0.0144205  -0.02873352  0.07216196  0.01454012  0.01110019
 -0.03139814  0.01708839  0.01689745 -0.03843601], Best Fitness = 0.010055759585359217, Evaluations = 6464
Generation 101: Best Solution = [ 0.02096446 -0.0144205  -0.02873352  0.07216196  0.01454012  0.01110019
 -0.03139814  0.01708839  0.01689745 -0.03843601], Best Fitness = 0.010055759585359217, Evaluations = 6528
Generation 102: Best Solution = [ 0.02096446 -0.0144205  -0.02873352  0.07216196  0.01454012  0.01110019
 -0.03139814  0.01708839  0.01689745 -0.03843601], Best Fitness = 0.010055759585359217, Evaluations = 6592
Generation 103: Best Solution = [ 0.02096446 -0.0144205  -0.02873352  0.07216196  0.01454012  0.01110019
 -0.03139814  0.01708839  0.01689745 -0.03843601], Best Fitness = 0.010055759585359217, Evaluations = 6656
Generation 104: Best Solution = [ 0.02096446 -0.0144205  -0.02873352  0.07216196  0.01454012  0.01110019
 -0.03139814  0.01708839  0.01689745 -0.03843601], Best Fitness = 0.010055759585359217, Evaluations = 6720
Generation 105: Best Solution = [ 0.02096446 -0.0144205  -0.02873352  0.07216196  0.01454012  0.01110019
 -0.03139814  0.01708839  0.01689745 -0.03843601], Best Fitness = 0.010055759585359217, Evaluations = 6784
Generation 106: Best Solution = [ 0.04006781 -0.02561569 -0.04678998  0.02741916  0.02252924 -0.00581103
  0.0158012  -0.01211831 -0.0153946   0.0133371 ], Best Fitness = 0.006555444798386795, Evaluations = 6848
Generation 107: Best Solution = [ 0.04006781 -0.02561569 -0.04678998  0.02741916  0.02252924 -0.00581103
  0.0158012  -0.01211831 -0.0153946   0.0133371 ], Best Fitness = 0.006555444798386795, Evaluations = 6912
Generation 108: Best Solution = [ 0.04006781 -0.02561569 -0.04678998  0.02741916  0.02252924 -0.00581103
  0.0158012  -0.01211831 -0.0153946   0.0133371 ], Best Fitness = 0.006555444798386795, Evaluations = 6976
Generation 109: Best Solution = [ 0.04006781 -0.02561569 -0.04678998  0.02741916  0.02252924 -0.00581103
  0.0158012  -0.01211831 -0.0153946   0.0133371 ], Best Fitness = 0.006555444798386795, Evaluations = 7040
Generation 110: Best Solution = [ 0.04006781 -0.02561569 -0.04678998  0.02741916  0.02252924 -0.00581103
  0.0158012  -0.01211831 -0.0153946   0.0133371 ], Best Fitness = 0.006555444798386795, Evaluations = 7104
Generation 111: Best Solution = [ 0.04006781 -0.02561569 -0.04678998  0.02741916  0.02252924 -0.00581103
  0.0158012  -0.01211831 -0.0153946   0.0133371 ], Best Fitness = 0.006555444798386795, Evaluations = 7168
Generation 112: Best Solution = [ 0.04006781 -0.02561569 -0.04678998  0.02741916  0.02252924 -0.00581103
  0.0158012  -0.01211831 -0.0153946   0.0133371 ], Best Fitness = 0.006555444798386795, Evaluations = 7232
Generation 113: Best Solution = [ 0.04006781 -0.02561569 -0.04678998  0.02741916  0.02252924 -0.00581103
  0.0158012  -0.01211831 -0.0153946   0.0133371 ], Best Fitness = 0.006555444798386795, Evaluations = 7296
Generation 114: Best Solution = [-0.01059512  0.00369141 -0.02646404 -0.01407827  0.05478106  0.01356238
  0.01020973  0.0156935   0.01450001 -0.03280494], Best Fitness = 0.00584626823413077, Evaluations = 7360
Generation 115: Best Solution = [-0.01059512  0.00369141 -0.02646404 -0.01407827  0.05478106  0.01356238
  0.01020973  0.0156935   0.01450001 -0.03280494], Best Fitness = 0.00584626823413077, Evaluations = 7424
Generation 116: Best Solution = [ 0.01314308  0.00854135  0.03282009  0.01761968  0.01281391 -0.02703984
 -0.02179117  0.01432748  0.03511076 -0.03318032], Best Fitness = 0.00554248597516471, Evaluations = 7488
Generation 117: Best Solution = [ 0.01314308  0.00854135  0.03282009  0.01761968  0.01281391 -0.02703984
 -0.02179117  0.01432748  0.03511076 -0.03318032], Best Fitness = 0.00554248597516471, Evaluations = 7552
Generation 118: Best Solution = [ 0.01314308  0.00854135  0.03282009  0.01761968  0.01281391 -0.02703984
 -0.02179117  0.01432748  0.03511076 -0.03318032], Best Fitness = 0.00554248597516471, Evaluations = 7616
Generation 119: Best Solution = [ 0.01314308  0.00854135  0.03282009  0.01761968  0.01281391 -0.02703984
 -0.02179117  0.01432748  0.03511076 -0.03318032], Best Fitness = 0.00554248597516471, Evaluations = 7680
Generation 120: Best Solution = [ 0.01314308  0.00854135  0.03282009  0.01761968  0.01281391 -0.02703984
 -0.02179117  0.01432748  0.03511076 -0.03318032], Best Fitness = 0.00554248597516471, Evaluations = 7744
Generation 121: Best Solution = [ 0.01653235  0.01764051 -0.02457854 -0.01994517 -0.00520988 -0.02689536
  0.02406639  0.01068643 -0.00897758 -0.0096608 ], Best Fitness = 0.0032042429510182172, Evaluations = 7808
Generation 122: Best Solution = [ 0.01653235  0.01764051 -0.02457854 -0.01994517 -0.00520988 -0.02689536
  0.02406639  0.01068643 -0.00897758 -0.0096608 ], Best Fitness = 0.0032042429510182172, Evaluations = 7872
Generation 123: Best Solution = [ 0.01653235  0.01764051 -0.02457854 -0.01994517 -0.00520988 -0.02689536
  0.02406639  0.01068643 -0.00897758 -0.0096608 ], Best Fitness = 0.0032042429510182172, Evaluations = 7936
Generation 124: Best Solution = [ 0.01653235  0.01764051 -0.02457854 -0.01994517 -0.00520988 -0.02689536
  0.02406639  0.01068643 -0.00897758 -0.0096608 ], Best Fitness = 0.0032042429510182172, Evaluations = 8000
Generation 125: Best Solution = [ 0.01653235  0.01764051 -0.02457854 -0.01994517 -0.00520988 -0.02689536
  0.02406639  0.01068643 -0.00897758 -0.0096608 ], Best Fitness = 0.0032042429510182172, Evaluations = 8064
Generation 126: Best Solution = [ 0.01843037  0.03812587 -0.00947266 -0.00331036 -0.02480676  0.00593693
  0.00386852  0.0181126  -0.01602048 -0.00497007], Best Fitness = 0.0031689618873506978, Evaluations = 8128
Generation 127: Best Solution = [ 0.01843037  0.03812587 -0.00947266 -0.00331036 -0.02480676  0.00593693
  0.00386852  0.0181126  -0.01602048 -0.00497007], Best Fitness = 0.0031689618873506978, Evaluations = 8192
Generation 128: Best Solution = [ 0.01843037  0.03812587 -0.00947266 -0.00331036 -0.02480676  0.00593693
  0.00386852  0.0181126  -0.01602048 -0.00497007], Best Fitness = 0.0031689618873506978, Evaluations = 8256
Generation 129: Best Solution = [ 0.01843037  0.03812587 -0.00947266 -0.00331036 -0.02480676  0.00593693
  0.00386852  0.0181126  -0.01602048 -0.00497007], Best Fitness = 0.0031689618873506978, Evaluations = 8320
Generation 130: Best Solution = [ 0.00231371 -0.00201683 -0.02153385 -0.01082357 -0.02408946 -0.00068998
  0.00937303 -0.02384153 -0.01095124  0.01310068], Best Fitness = 0.0021188851133323973, Evaluations = 8384
Generation 131: Best Solution = [ 0.00231371 -0.00201683 -0.02153385 -0.01082357 -0.02408946 -0.00068998
  0.00937303 -0.02384153 -0.01095124  0.01310068], Best Fitness = 0.0021188851133323973, Evaluations = 8448
Generation 132: Best Solution = [-0.01502932  0.00468321 -0.00842479  0.00263556 -0.01001512 -0.00495496
 -0.02900684 -0.00880853  0.0118505   0.01518233], Best Fitness = 0.001740514851697646, Evaluations = 8512
Generation 133: Best Solution = [ 0.01272092  0.00415999  0.01684931 -0.00259746  0.00525027  0.00479916
  0.00181207 -0.01520985 -0.00638166 -0.0007497 ], Best Fitness = 0.0007962814306544466, Evaluations = 8576
Generation 134: Best Solution = [ 0.01272092  0.00415999  0.01684931 -0.00259746  0.00525027  0.00479916
  0.00181207 -0.01520985 -0.00638166 -0.0007497 ], Best Fitness = 0.0007962814306544466, Evaluations = 8640
Generation 135: Best Solution = [ 0.01272092  0.00415999  0.01684931 -0.00259746  0.00525027  0.00479916
  0.00181207 -0.01520985 -0.00638166 -0.0007497 ], Best Fitness = 0.0007962814306544466, Evaluations = 8704
Generation 136: Best Solution = [ 0.01272092  0.00415999  0.01684931 -0.00259746  0.00525027  0.00479916
  0.00181207 -0.01520985 -0.00638166 -0.0007497 ], Best Fitness = 0.0007962814306544466, Evaluations = 8768
Generation 137: Best Solution = [ 0.01272092  0.00415999  0.01684931 -0.00259746  0.00525027  0.00479916
  0.00181207 -0.01520985 -0.00638166 -0.0007497 ], Best Fitness = 0.0007962814306544466, Evaluations = 8832
Generation 138: Best Solution = [ 0.01272092  0.00415999  0.01684931 -0.00259746  0.00525027  0.00479916
  0.00181207 -0.01520985 -0.00638166 -0.0007497 ], Best Fitness = 0.0007962814306544466, Evaluations = 8896
Generation 139: Best Solution = [ 0.01272092  0.00415999  0.01684931 -0.00259746  0.00525027  0.00479916
  0.00181207 -0.01520985 -0.00638166 -0.0007497 ], Best Fitness = 0.0007962814306544466, Evaluations = 8960
Generation 140: Best Solution = [ 0.01272092  0.00415999  0.01684931 -0.00259746  0.00525027  0.00479916
  0.00181207 -0.01520985 -0.00638166 -0.0007497 ], Best Fitness = 0.0007962814306544466, Evaluations = 9024
Generation 141: Best Solution = [ 0.01272092  0.00415999  0.01684931 -0.00259746  0.00525027  0.00479916
  0.00181207 -0.01520985 -0.00638166 -0.0007497 ], Best Fitness = 0.0007962814306544466, Evaluations = 9088
Generation 142: Best Solution = [ 0.01272092  0.00415999  0.01684931 -0.00259746  0.00525027  0.00479916
  0.00181207 -0.01520985 -0.00638166 -0.0007497 ], Best Fitness = 0.0007962814306544466, Evaluations = 9152
Generation 143: Best Solution = [ 0.01272092  0.00415999  0.01684931 -0.00259746  0.00525027  0.00479916
  0.00181207 -0.01520985 -0.00638166 -0.0007497 ], Best Fitness = 0.0007962814306544466, Evaluations = 9216
Generation 144: Best Solution = [ 0.01272092  0.00415999  0.01684931 -0.00259746  0.00525027  0.00479916
  0.00181207 -0.01520985 -0.00638166 -0.0007497 ], Best Fitness = 0.0007962814306544466, Evaluations = 9280
Generation 145: Best Solution = [ 0.01272092  0.00415999  0.01684931 -0.00259746  0.00525027  0.00479916
  0.00181207 -0.01520985 -0.00638166 -0.0007497 ], Best Fitness = 0.0007962814306544466, Evaluations = 9344
Generation 146: Best Solution = [ 0.01272092  0.00415999  0.01684931 -0.00259746  0.00525027  0.00479916
  0.00181207 -0.01520985 -0.00638166 -0.0007497 ], Best Fitness = 0.0005801737972033609, Evaluations = 9408
Generation 147: Best Solution = [ 0.01272092  0.00415999  0.01684931 -0.00259746  0.00525027  0.00479916
  0.00181207 -0.01520985 -0.00638166 -0.0007497 ], Best Fitness = 0.0005801737972033609, Evaluations = 9472
Generation 148: Best Solution = [ 0.01272092  0.00415999  0.01684931 -0.00259746  0.00525027  0.00479916
  0.00181207 -0.01520985 -0.00638166 -0.0007497 ], Best Fitness = 0.0005801737972033609, Evaluations = 9536
Generation 149: Best Solution = [-0.00058653 -0.00435242 -0.0073267  -0.00416207 -0.0065785   0.00126778
 -0.00131893 -0.00234575  0.00188858  0.00701497], Best Fitness = 0.00019519345028047298, Evaluations = 9600
Generation 150: Best Solution = [-0.00058653 -0.00435242 -0.0073267  -0.00416207 -0.0065785   0.00126778
 -0.00131893 -0.00234575  0.00188858  0.00701497], Best Fitness = 0.00019519345028047298, Evaluations = 9664
Generation 151: Best Solution = [-0.00058653 -0.00435242 -0.0073267  -0.00416207 -0.0065785   0.00126778
 -0.00131893 -0.00234575  0.00188858  0.00701497], Best Fitness = 0.00019519345028047298, Evaluations = 9728
Generation 152: Best Solution = [-0.00058653 -0.00435242 -0.0073267  -0.00416207 -0.0065785   0.00126778
 -0.00131893 -0.00234575  0.00188858  0.00701497], Best Fitness = 0.00019519345028047298, Evaluations = 9792
Generation 153: Best Solution = [-0.00058653 -0.00435242 -0.0073267  -0.00416207 -0.0065785   0.00126778
 -0.00131893 -0.00234575  0.00188858  0.00701497], Best Fitness = 0.00019519345028047298, Evaluations = 9856
Generation 154: Best Solution = [-0.00058653 -0.00435242 -0.0073267  -0.00416207 -0.0065785   0.00126778
 -0.00131893 -0.00234575  0.00188858  0.00701497], Best Fitness = 0.00019519345028047298, Evaluations = 9920
Generation 155: Best Solution = [-0.00058653 -0.00435242 -0.0073267  -0.00416207 -0.0065785   0.00126778
 -0.00131893 -0.00234575  0.00188858  0.00701497], Best Fitness = 0.00019519345028047298, Evaluations = 9984
Generation 156: Best Solution = [-0.00058653 -0.00435242 -0.0073267  -0.00416207 -0.0065785   0.00126778
 -0.00131893 -0.00234575  0.00188858  0.00701497], Best Fitness = 0.00019519345028047298, Evaluations = 10048
