Algorithm: Differential Evolution
Objective Function: Sphere
Dimension: 10
Population Size: 64
Max Evaluations: 10000

Generation 0: Best Solution = [ 1.21120035 -0.91065562 -2.77976243  1.57993522  0.90452847  1.52453362
  1.594601    0.06276111 -2.70225983  0.27949725], Best Fitness = 25.58896719658007, Evaluations = 64
Generation 1: Best Solution = [ 1.21120035 -0.91065562 -2.77976243  1.57993522  0.90452847  1.52453362
  1.594601    0.06276111 -2.70225983  0.27949725], Best Fitness = 25.58896719658007, Evaluations = 128
Generation 2: Best Solution = [ 2.4847655   0.29015123  0.10229714  1.2113939   1.62074601  0.05584781
  0.51678392  1.62945206  1.22531183 -2.61295391], Best Fitness = 21.61722063153047, Evaluations = 192
Generation 3: Best Solution = [ 2.4847655   0.29015123  0.10229714  1.2113939   1.62074601  0.05584781
  0.51678392  1.62945206  1.22531183 -2.61295391], Best Fitness = 21.61722063153047, Evaluations = 256
Generation 4: Best Solution = [ 2.4847655   0.29015123  0.10229714  1.2113939   1.62074601  0.05584781
  0.51678392  1.62945206  1.22531183 -2.61295391], Best Fitness = 21.61722063153047, Evaluations = 320
Generation 5: Best Solution = [ 2.4847655   0.29015123  0.10229714  1.2113939   1.62074601  0.05584781
  0.51678392  1.62945206  1.22531183 -2.61295391], Best Fitness = 21.61722063153047, Evaluations = 384
Generation 6: Best Solution = [-0.14471833 -0.16281197  0.94154135 -1.689731   -1.39927833  1.6598157
 -2.3075008   0.28380548  1.05456017  1.46781446], Best Fitness = 17.17379206331232, Evaluations = 448
Generation 7: Best Solution = [-0.14471833 -0.16281197  0.94154135 -1.689731   -1.39927833  1.6598157
 -2.3075008   0.28380548  1.05456017  1.46781446], Best Fitness = 17.17379206331232, Evaluations = 512
Generation 8: Best Solution = [-0.14471833 -0.16281197  0.94154135 -1.689731   -1.39927833  1.6598157
 -2.3075008   0.28380548  1.05456017  1.46781446], Best Fitness = 17.17379206331232, Evaluations = 576
Generation 9: Best Solution = [-0.14471833 -0.16281197  0.94154135 -1.689731   -1.39927833  1.6598157
 -2.3075008   0.28380548  1.05456017  1.46781446], Best Fitness = 17.17379206331232, Evaluations = 640
Generation 10: Best Solution = [-0.14471833 -0.16281197  0.94154135 -1.689731   -1.39927833  1.6598157
 -2.3075008   0.28380548  1.05456017  1.46781446], Best Fitness = 17.17379206331232, Evaluations = 704
Generation 11: Best Solution = [-0.14471833 -0.16281197  0.94154135 -1.689731   -1.39927833  1.6598157
 -2.3075008   0.28380548  1.05456017  1.46781446], Best Fitness = 17.17379206331232, Evaluations = 768
Generation 12: Best Solution = [-0.14471833 -0.16281197  0.94154135 -1.689731   -1.39927833  1.6598157
 -2.3075008   0.28380548  1.05456017  1.46781446], Best Fitness = 17.17379206331232, Evaluations = 832
Generation 13: Best Solution = [-0.14471833 -0.16281197  0.94154135 -1.689731   -1.39927833  1.6598157
 -2.3075008   0.28380548  1.05456017  1.46781446], Best Fitness = 17.17379206331232, Evaluations = 896
Generation 14: Best Solution = [-0.14471833 -0.16281197  0.94154135 -1.689731   -1.39927833  1.6598157
 -2.3075008   0.28380548  1.05456017  1.46781446], Best Fitness = 17.17379206331232, Evaluations = 960
Generation 15: Best Solution = [-0.14471833 -0.16281197  0.94154135 -1.689731   -1.39927833  1.6598157
 -2.3075008   0.28380548  1.05456017  1.46781446], Best Fitness = 17.17379206331232, Evaluations = 1024
Generation 16: Best Solution = [-0.46629403  1.22973795  0.68413194 -1.41061153  0.4855856  -1.43593472
 -0.60259528 -0.53261861  1.08612667 -1.56316443], Best Fitness = 10.755206653680272, Evaluations = 1088
Generation 17: Best Solution = [-0.46629403  1.22973795  0.68413194 -1.41061153  0.4855856  -1.43593472
 -0.60259528 -0.53261861  1.08612667 -1.56316443], Best Fitness = 10.169467532764598, Evaluations = 1152
Generation 18: Best Solution = [-0.46629403  1.22973795  0.68413194 -1.41061153  0.4855856  -1.43593472
 -0.60259528 -0.53261861  1.08612667 -1.56316443], Best Fitness = 10.169467532764598, Evaluations = 1216
Generation 19: Best Solution = [-0.46629403  1.22973795  0.68413194 -1.41061153  0.4855856  -1.43593472
 -0.60259528 -0.53261861  1.08612667 -1.56316443], Best Fitness = 10.169467532764598, Evaluations = 1280
Generation 20: Best Solution = [-0.46629403  1.22973795  0.68413194 -1.41061153  0.4855856  -1.43593472
 -0.60259528 -0.53261861  1.08612667 -1.56316443], Best Fitness = 10.169467532764598, Evaluations = 1344
Generation 21: Best Solution = [-0.46629403  1.22973795  0.68413194 -1.41061153  0.4855856  -1.43593472
 -0.60259528 -0.53261861  1.08612667 -1.56316443], Best Fitness = 9.626834746298128, Evaluations = 1408
Generation 22: Best Solution = [-0.46629403  1.22973795  0.68413194 -1.41061153  0.4855856  -1.43593472
 -0.60259528 -0.53261861  1.08612667 -1.56316443], Best Fitness = 9.626834746298128, Evaluations = 1472
Generation 23: Best Solution = [-0.93955744 -0.38682226 -0.29456493  0.85334871  0.8205898  -0.43572227
 -0.75906106 -0.82363682  0.96738389  0.76645807], Best Fitness = 5.488434541295104, Evaluations = 1536
Generation 24: Best Solution = [-0.93955744 -0.38682226 -0.29456493  0.85334871  0.8205898  -0.43572227
 -0.75906106 -0.82363682  0.96738389  0.76645807], Best Fitness = 5.488434541295104, Evaluations = 1600
Generation 25: Best Solution = [-0.93955744 -0.38682226 -0.29456493  0.85334871  0.8205898  -0.43572227
 -0.75906106 -0.82363682  0.96738389  0.76645807], Best Fitness = 5.488434541295104, Evaluations = 1664
Generation 26: Best Solution = [-0.93955744 -0.38682226 -0.29456493  0.85334871  0.8205898  -0.43572227
 -0.75906106 -0.82363682  0.96738389  0.76645807], Best Fitness = 5.488434541295104, Evaluations = 1728
Generation 27: Best Solution = [-0.93955744 -0.38682226 -0.29456493  0.85334871  0.8205898  -0.43572227
 -0.75906106 -0.82363682  0.96738389  0.76645807], Best Fitness = 5.488434541295104, Evaluations = 1792
Generation 28: Best Solution = [-0.93955744 -0.38682226 -0.29456493  0.85334871  0.8205898  -0.43572227
 -0.75906106 -0.82363682  0.96738389  0.76645807], Best Fitness = 5.488434541295104, Evaluations = 1856
Generation 29: Best Solution = [ 0.51782673 -0.74174461 -0.28809175  0.37851192 -0.82935572 -0.34524731
 -0.24167866 -0.37876784  1.1931156  -0.90294738], Best Fitness = 4.292336783422449, Evaluations = 1920
Generation 30: Best Solution = [ 0.51782673 -0.74174461 -0.28809175  0.37851192 -0.82935572 -0.34524731
 -0.24167866 -0.37876784  1.1931156  -0.90294738], Best Fitness = 4.292336783422449, Evaluations = 1984
Generation 31: Best Solution = [ 0.51782673 -0.74174461 -0.28809175  0.37851192 -0.82935572 -0.34524731
 -0.24167866 -0.37876784  1.1931156  -0.90294738], Best Fitness = 4.292336783422449, Evaluations = 2048
Generation 32: Best Solution = [-0.17741868  0.62950405 -0.38419072  0.41502691  0.3638904   0.60681495
 -1.30939178  0.06089189  0.46016244 -0.12150295], Best Fitness = 3.19297026568025, Evaluations = 2112
Generation 33: Best Solution = [-0.17741868  0.62950405 -0.38419072  0.41502691  0.3638904   0.60681495
 -1.30939178  0.06089189  0.46016244 -0.12150295], Best Fitness = 3.19297026568025, Evaluations = 2176
Generation 34: Best Solution = [-0.43811588 -0.31051499 -0.74784098  0.42302307 -0.20312298  0.37604261
  0.61049367 -0.80991209 -0.24241416  0.11214532], Best Fitness = 2.309248037084052, Evaluations = 2240
Generation 35: Best Solution = [-0.43811588 -0.31051499 -0.74784098  0.42302307 -0.20312298  0.37604261
  0.61049367 -0.80991209 -0.24241416  0.11214532], Best Fitness = 2.309248037084052, Evaluations = 2304
Generation 36: Best Solution = [-0.43811588 -0.31051499 -0.74784098  0.42302307 -0.20312298  0.37604261
  0.61049367 -0.80991209 -0.24241416  0.11214532], Best Fitness = 1.6741263904612589, Evaluations = 2368
Generation 37: Best Solution = [-0.43811588 -0.31051499 -0.74784098  0.42302307 -0.20312298  0.37604261
  0.61049367 -0.80991209 -0.24241416  0.11214532], Best Fitness = 1.6741263904612589, Evaluations = 2432
Generation 38: Best Solution = [-0.43811588 -0.31051499 -0.74784098  0.42302307 -0.20312298  0.37604261
  0.61049367 -0.80991209 -0.24241416  0.11214532], Best Fitness = 1.6741263904612589, Evaluations = 2496
Generation 39: Best Solution = [-0.43811588 -0.31051499 -0.74784098  0.42302307 -0.20312298  0.37604261
  0.61049367 -0.80991209 -0.24241416  0.11214532], Best Fitness = 1.6741263904612589, Evaluations = 2560
Generation 40: Best Solution = [-0.43811588 -0.31051499 -0.74784098  0.42302307 -0.20312298  0.37604261
  0.61049367 -0.80991209 -0.24241416  0.11214532], Best Fitness = 1.6741263904612589, Evaluations = 2624
Generation 41: Best Solution = [-0.17741868  0.62950405  0.11043001  0.41502691  0.3638904   0.60681495
 -0.17009967  0.06089189  0.46016244 -0.12150295], Best Fitness = 1.371989617482511, Evaluations = 2688
Generation 42: Best Solution = [-0.17741868  0.62950405  0.11043001  0.41502691  0.3638904   0.60681495
 -0.17009967  0.06089189  0.46016244 -0.12150295], Best Fitness = 1.371989617482511, Evaluations = 2752
Generation 43: Best Solution = [-0.17741868  0.62950405  0.11043001  0.41502691  0.3638904   0.60681495
 -0.17009967  0.06089189  0.46016244 -0.12150295], Best Fitness = 1.371989617482511, Evaluations = 2816
Generation 44: Best Solution = [-0.17741868  0.62950405  0.11043001  0.41502691  0.3638904   0.60681495
 -0.17009967  0.06089189  0.46016244 -0.12150295], Best Fitness = 1.371989617482511, Evaluations = 2880
Generation 45: Best Solution = [-0.17741868  0.62950405  0.11043001  0.41502691  0.3638904   0.60681495
 -0.17009967  0.06089189  0.46016244 -0.12150295], Best Fitness = 1.371989617482511, Evaluations = 2944
Generation 46: Best Solution = [-0.17741868  0.62950405  0.11043001  0.41502691  0.3638904   0.60681495
 -0.17009967  0.06089189  0.46016244 -0.12150295], Best Fitness = 1.371989617482511, Evaluations = 3008
Generation 47: Best Solution = [-0.17741868  0.62950405  0.11043001  0.41502691  0.3638904   0.60681495
 -0.17009967  0.06089189  0.46016244 -0.12150295], Best Fitness = 1.371989617482511, Evaluations = 3072
Generation 48: Best Solution = [-0.17741868  0.62950405  0.11043001  0.41502691  0.3638904   0.60681495
 -0.17009967  0.06089189  0.46016244 -0.12150295], Best Fitness = 1.371989617482511, Evaluations = 3136
Generation 49: Best Solution = [-0.17741868  0.62950405  0.11043001  0.41502691  0.3638904   0.60681495
 -0.17009967  0.06089189  0.46016244 -0.12150295], Best Fitness = 1.371989617482511, Evaluations = 3200
Generation 50: Best Solution = [-0.17741868  0.62950405  0.11043001  0.41502691  0.3638904   0.60681495
 -0.17009967  0.06089189  0.46016244 -0.12150295], Best Fitness = 1.371989617482511, Evaluations = 3264
Generation 51: Best Solution = [ 0.22420742  0.44009634 -0.36299709  0.13745396 -0.40532948 -0.48687286
 -0.45539303 -0.34086076  0.15418536  0.1701893 ], Best Fitness = 1.1722577969453798, Evaluations = 3328
Generation 52: Best Solution = [ 0.22420742  0.44009634 -0.36299709  0.13745396 -0.40532948 -0.48687286
 -0.45539303 -0.34086076  0.15418536  0.1701893 ], Best Fitness = 1.1722577969453798, Evaluations = 3392
Generation 53: Best Solution = [ 0.13465846  0.51705985  0.15947298  0.22001414  0.07827076 -0.0119133
 -0.00462999 -0.66661752 -0.4119591   0.02382376], Best Fitness = 0.980268103301718, Evaluations = 3456
Generation 54: Best Solution = [ 0.13465846  0.51705985  0.15947298  0.22001414  0.07827076 -0.0119133
 -0.00462999 -0.66661752 -0.4119591   0.02382376], Best Fitness = 0.980268103301718, Evaluations = 3520
Generation 55: Best Solution = [ 0.13465846  0.51705985  0.15947298  0.22001414  0.07827076 -0.0119133
 -0.00462999 -0.66661752 -0.4119591   0.02382376], Best Fitness = 0.980268103301718, Evaluations = 3584
Generation 56: Best Solution = [ 0.13465846  0.51705985  0.15947298  0.22001414  0.07827076 -0.0119133
 -0.00462999 -0.66661752 -0.4119591   0.02382376], Best Fitness = 0.980268103301718, Evaluations = 3648
Generation 57: Best Solution = [ 0.13465846  0.51705985  0.15947298  0.22001414  0.07827076 -0.0119133
 -0.00462999 -0.66661752 -0.4119591   0.02382376], Best Fitness = 0.980268103301718, Evaluations = 3712
Generation 58: Best Solution = [ 0.0437946   0.53946142  0.01032675 -0.44994233 -0.232945    0.24514751
  0.32509473  0.3300733  -0.12112387  0.06833335], Best Fitness = 0.8438274124104731, Evaluations = 3776
Generation 59: Best Solution = [ 0.54362913 -0.03501433 -0.22807899 -0.14098737 -0.38035339 -0.25847758
  0.1245259  -0.39940527  0.05634517  0.26368894], Best Fitness = 0.8278733593233714, Evaluations = 3840
Generation 60: Best Solution = [-0.17741868  0.13707121  0.11043001 -0.19380499 -0.16760555 -0.06616566
 -0.07898416  0.06089189  0.02165409 -0.12150295], Best Fitness = 0.15766876562928184, Evaluations = 3904
Generation 61: Best Solution = [-0.17741868  0.13707121  0.11043001 -0.19380499 -0.16760555 -0.06616566
 -0.07898416  0.06089189  0.02165409 -0.12150295], Best Fitness = 0.15766876562928184, Evaluations = 3968
Generation 62: Best Solution = [-0.17741868  0.13707121  0.11043001 -0.19380499 -0.16760555 -0.06616566
 -0.07898416  0.06089189  0.02165409 -0.12150295], Best Fitness = 0.15766876562928184, Evaluations = 4032
Generation 63: Best Solution = [-0.17741868  0.13707121  0.11043001 -0.19380499 -0.16760555 -0.06616566
 -0.07898416  0.06089189  0.02165409 -0.12150295], Best Fitness = 0.15766876562928184, Evaluations = 4096
Generation 64: Best Solution = [-0.17741868  0.13707121  0.11043001 -0.19380499 -0.16760555 -0.06616566
 -0.07898416  0.06089189  0.02165409 -0.12150295], Best Fitness = 0.15766876562928184, Evaluations = 4160
Generation 65: Best Solution = [-0.17741868  0.13707121  0.11043001 -0.19380499 -0.16760555 -0.06616566
 -0.07898416  0.06089189  0.02165409 -0.12150295], Best Fitness = 0.15766876562928184, Evaluations = 4224
Generation 66: Best Solution = [-0.17741868  0.13707121  0.11043001 -0.19380499 -0.16760555 -0.06616566
 -0.07898416  0.06089189  0.02165409 -0.12150295], Best Fitness = 0.15766876562928184, Evaluations = 4288
Generation 67: Best Solution = [-0.17741868  0.13707121  0.11043001 -0.19380499 -0.16760555 -0.06616566
 -0.07898416  0.06089189  0.02165409 -0.12150295], Best Fitness = 0.15766876562928184, Evaluations = 4352
Generation 68: Best Solution = [-0.17741868  0.13707121  0.11043001 -0.19380499 -0.16760555 -0.06616566
 -0.07898416  0.06089189  0.02165409 -0.12150295], Best Fitness = 0.15766876562928184, Evaluations = 4416
Generation 69: Best Solution = [-0.17741868  0.13707121  0.11043001 -0.19380499 -0.16760555 -0.06616566
 -0.07898416  0.06089189  0.02165409 -0.12150295], Best Fitness = 0.15766876562928184, Evaluations = 4480
Generation 70: Best Solution = [-0.17741868  0.13707121  0.11043001 -0.19380499 -0.16760555 -0.06616566
 -0.07898416  0.06089189  0.02165409 -0.12150295], Best Fitness = 0.15766876562928184, Evaluations = 4544
Generation 71: Best Solution = [-0.17741868  0.13707121  0.11043001 -0.19380499 -0.16760555 -0.06616566
 -0.07898416  0.06089189  0.02165409 -0.12150295], Best Fitness = 0.15766876562928184, Evaluations = 4608
Generation 72: Best Solution = [-0.17741868  0.13707121  0.11043001 -0.19380499 -0.16760555 -0.06616566
 -0.07898416  0.06089189  0.02165409 -0.12150295], Best Fitness = 0.15766876562928184, Evaluations = 4672
Generation 73: Best Solution = [-0.17741868  0.13707121  0.11043001 -0.19380499 -0.16760555 -0.06616566
 -0.07898416  0.06089189  0.02165409 -0.12150295], Best Fitness = 0.15766876562928184, Evaluations = 4736
Generation 74: Best Solution = [-0.17741868  0.13707121  0.11043001 -0.19380499 -0.16760555 -0.06616566
 -0.07898416  0.06089189  0.02165409 -0.12150295], Best Fitness = 0.15766876562928184, Evaluations = 4800
Generation 75: Best Solution = [-0.17741868  0.13707121  0.11043001 -0.19380499 -0.16760555 -0.06616566
 -0.07898416  0.06089189  0.02165409 -0.12150295], Best Fitness = 0.15766876562928184, Evaluations = 4864
Generation 76: Best Solution = [-0.17741868  0.13707121  0.11043001 -0.19380499 -0.16760555 -0.06616566
 -0.07898416  0.06089189  0.02165409 -0.12150295], Best Fitness = 0.15766876562928184, Evaluations = 4928
Generation 77: Best Solution = [-0.17741868  0.13707121  0.11043001 -0.19380499 -0.16760555 -0.06616566
 -0.07898416  0.06089189  0.02165409 -0.12150295], Best Fitness = 0.15766876562928184, Evaluations = 4992
Generation 78: Best Solution = [-0.17741868  0.13707121  0.11043001 -0.19380499 -0.16760555 -0.06616566
 -0.07898416  0.06089189  0.02165409 -0.12150295], Best Fitness = 0.15766876562928184, Evaluations = 5056
Generation 79: Best Solution = [-0.17741868  0.13707121  0.11043001 -0.19380499 -0.16760555 -0.06616566
 -0.07898416  0.06089189  0.02165409 -0.12150295], Best Fitness = 0.15766876562928184, Evaluations = 5120
Generation 80: Best Solution = [-0.17741868  0.13707121  0.11043001 -0.19380499 -0.16760555 -0.06616566
 -0.07898416  0.06089189  0.02165409 -0.12150295], Best Fitness = 0.15766876562928184, Evaluations = 5184
Generation 81: Best Solution = [-0.17741868  0.13707121  0.11043001 -0.19380499 -0.16760555 -0.06616566
 -0.07898416  0.06089189  0.02165409 -0.12150295], Best Fitness = 0.15766876562928184, Evaluations = 5248
Generation 82: Best Solution = [-0.10578093 -0.00155133  0.0615849   0.03412559  0.15656511  0.20943255
  0.00342185  0.01243557  0.26410089 -0.04365472], Best Fitness = 0.15634526479896116, Evaluations = 5312
Generation 83: Best Solution = [-0.10578093 -0.00155133  0.0615849   0.03412559  0.15656511  0.20943255
  0.00342185  0.01243557  0.26410089 -0.04365472], Best Fitness = 0.15634526479896116, Evaluations = 5376
Generation 84: Best Solution = [ 0.08578996 -0.10148777  0.04493653  0.30115284  0.06284974  0.10380134
  0.04089457  0.05978351 -0.06303219  0.06133166], Best Fitness = 0.13807787991993323, Evaluations = 5440
Generation 85: Best Solution = [ 0.08578996 -0.10148777  0.04493653  0.30115284  0.06284974  0.10380134
  0.04089457  0.05978351 -0.06303219  0.06133166], Best Fitness = 0.13807787991993323, Evaluations = 5504
Generation 86: Best Solution = [-5.69046172e-02  6.92293564e-02 -1.01571332e-02 -4.06702171e-02
 -1.21128717e-02  1.96338759e-04  5.37044107e-02  1.85946105e-01
 -3.21410659e-02  2.13934793e-01], Best Fitness = 0.09419609480064375, Evaluations = 5568
Generation 87: Best Solution = [-0.05391617  0.03449291 -0.10972027 -0.00526239  0.10958233 -0.06214753
 -0.01598682  0.08930608  0.06093447 -0.14141392], Best Fitness = 0.06397560736521544, Evaluations = 5632
Generation 88: Best Solution = [-0.05391617  0.03449291 -0.10972027 -0.00526239  0.10958233 -0.06214753
 -0.01598682  0.08930608  0.06093447 -0.14141392], Best Fitness = 0.06397560736521544, Evaluations = 5696
Generation 89: Best Solution = [-0.05391617  0.03449291 -0.10972027 -0.00526239  0.10958233 -0.06214753
 -0.01598682  0.08930608  0.06093447 -0.14141392], Best Fitness = 0.06397560736521544, Evaluations = 5760
Generation 90: Best Solution = [-0.05391617  0.03449291 -0.10972027 -0.00526239  0.10958233 -0.06214753
 -0.01598682  0.08930608  0.06093447 -0.14141392], Best Fitness = 0.06397560736521544, Evaluations = 5824
Generation 91: Best Solution = [-0.05391617  0.03449291 -0.10972027 -0.00526239  0.10958233 -0.06214753
 -0.01598682  0.08930608  0.06093447 -0.14141392], Best Fitness = 0.06397560736521544, Evaluations = 5888
Generation 92: Best Solution = [-0.05391617  0.03449291 -0.10972027 -0.00526239  0.10958233 -0.06214753
 -0.01598682  0.08930608  0.06093447 -0.14141392], Best Fitness = 0.06397560736521544, Evaluations = 5952
Generation 93: Best Solution = [-0.05391617  0.03449291 -0.10972027 -0.00526239  0.10958233 -0.06214753
 -0.01598682  0.08930608  0.06093447 -0.14141392], Best Fitness = 0.06397560736521544, Evaluations = 6016
Generation 94: Best Solution = [-0.05391617  0.03449291 -0.10972027 -0.00526239  0.10958233 -0.06214753
 -0.01598682  0.08930608  0.06093447 -0.14141392], Best Fitness = 0.06397560736521544, Evaluations = 6080
Generation 95: Best Solution = [-0.05391617  0.03449291 -0.10972027 -0.00526239  0.10958233 -0.06214753
 -0.01598682  0.08930608  0.06093447 -0.14141392], Best Fitness = 0.06397560736521544, Evaluations = 6144
Generation 96: Best Solution = [-0.05391617  0.03449291 -0.10972027 -0.00526239  0.10958233 -0.06214753
 -0.01598682  0.08930608  0.06093447 -0.14141392], Best Fitness = 0.06397560736521544, Evaluations = 6208
Generation 97: Best Solution = [ 0.02225267 -0.03332422  0.04063709  0.10768823  0.06119864  0.08280725
 -0.04055405  0.03040985 -0.10410716  0.11639501], Best Fitness = 0.052411618059149595, Evaluations = 6272
Generation 98: Best Solution = [ 0.02225267 -0.03332422  0.04063709  0.10768823  0.06119864  0.08280725
 -0.04055405  0.03040985 -0.10410716  0.11639501], Best Fitness = 0.052411618059149595, Evaluations = 6336
Generation 99: Best Solution = [-0.05391617  0.05672872  0.04420059  0.00767451  0.10958233  0.02282742
 -0.01598682  0.12871491  0.03984781  0.01651014], Best Fitness = 0.039350609656125926, Evaluations = 6400
Generation 100: Best Solution = [-0.05391617  0.05672872  0.04420059  0.00767451  0.10958233  0.02282742
 -0.01598682  0.12871491  0.03984781  0.01651014], Best Fitness = 0.039350609656125926, Evaluations = 6464
Generation 101: Best Solution = [-0.05391617  0.05672872  0.04420059  0.00767451  0.10958233  0.02282742
 -0.01598682  0.12871491  0.03984781  0.01651014], Best Fitness = 0.039350609656125926, Evaluations = 6528
Generation 102: Best Solution = [-0.05391617  0.05672872  0.04420059  0.00767451  0.10958233  0.02282742
 -0.01598682  0.12871491  0.03984781  0.01651014], Best Fitness = 0.039350609656125926, Evaluations = 6592
Generation 103: Best Solution = [-0.05391617  0.05672872  0.04420059  0.00767451  0.10958233  0.02282742
 -0.01598682  0.12871491  0.03984781  0.01651014], Best Fitness = 0.039350609656125926, Evaluations = 6656
Generation 104: Best Solution = [ 0.07470885 -0.03213553  0.06956491 -0.00714111  0.01575829 -0.01178289
 -0.13513467 -0.06995981  0.03682001 -0.00993154], Best Fitness = 0.03650164051655439, Evaluations = 6720
Generation 105: Best Solution = [ 0.02225267 -0.03332422  0.04063709  0.10768823  0.01907956  0.08280725
 -0.04055405  0.03040985 -0.10410716  0.00832703], Best Fitness = 0.035551914569180026, Evaluations = 6784
Generation 106: Best Solution = [ 0.02225267 -0.03332422  0.04063709  0.10768823  0.01907956  0.08280725
 -0.04055405  0.03040985 -0.10410716  0.00832703], Best Fitness = 0.035551914569180026, Evaluations = 6848
Generation 107: Best Solution = [ 0.01496339 -0.01951925 -0.07301837  0.03412559  0.05121911 -0.00862984
  0.02734993  0.01243557  0.12782192 -0.01700087], Best Fitness = 0.027329150433553343, Evaluations = 6912
Generation 108: Best Solution = [ 0.01496339 -0.01951925 -0.07301837  0.03412559  0.05121911 -0.00862984
  0.02734993  0.01243557  0.12782192 -0.01700087], Best Fitness = 0.027329150433553343, Evaluations = 6976
Generation 109: Best Solution = [-0.05665828 -0.02033861 -0.05419167  0.04846329 -0.02709241  0.03625666
  0.01079916  0.06550259  0.09744182 -0.00167983], Best Fitness = 0.024862733142303826, Evaluations = 7040
Generation 110: Best Solution = [ 0.07372939 -0.00803467 -0.03288296 -0.06446955  0.04206835 -0.03790445
  0.06014667 -0.01740011 -0.00854854  0.05736038], Best Fitness = 0.021228359673633675, Evaluations = 7104
Generation 111: Best Solution = [ 0.07470885  0.01741231  0.08681827 -0.00714111  0.01575829 -0.01178289
 -0.03366272  0.01235359  0.0055345  -0.00993154], Best Fitness = 0.015275224373913454, Evaluations = 7168
Generation 112: Best Solution = [ 0.07470885  0.01741231  0.08681827 -0.00714111  0.01575829 -0.01178289
 -0.03366272  0.01235359  0.0055345  -0.00993154], Best Fitness = 0.015275224373913454, Evaluations = 7232
Generation 113: Best Solution = [-0.08017416 -0.01951925 -0.07301837  0.03412559  0.01051418  0.0060934
  0.0054248   0.01243557 -0.00017567 -0.01700087], Best Fitness = 0.013925945382802398, Evaluations = 7296
Generation 114: Best Solution = [-0.08017416 -0.01951925 -0.07301837  0.03412559  0.01051418  0.0060934
  0.0054248   0.01243557 -0.00017567 -0.01700087], Best Fitness = 0.013925945382802398, Evaluations = 7360
Generation 115: Best Solution = [ 0.02833969  0.06901945 -0.05840598 -0.04078082  0.01509971 -0.01685372
 -0.03007053  0.02268138  0.00709052  0.00243002], Best Fitness = 0.01262806716933834, Evaluations = 7424
Generation 116: Best Solution = [ 0.02833969  0.06901945 -0.05840598 -0.04078082  0.01509971 -0.01685372
 -0.03007053  0.02268138  0.00709052  0.00243002], Best Fitness = 0.01262806716933834, Evaluations = 7488
Generation 117: Best Solution = [ 0.02833969  0.06901945 -0.05840598 -0.04078082  0.01509971 -0.01685372
 -0.03007053  0.02268138  0.00709052  0.00243002], Best Fitness = 0.00727108483909404, Evaluations = 7552
Generation 118: Best Solution = [ 0.02833969  0.06901945 -0.05840598 -0.04078082  0.01509971 -0.01685372
 -0.03007053  0.02268138  0.00709052  0.00243002], Best Fitness = 0.00727108483909404, Evaluations = 7616
Generation 119: Best Solution = [ 0.02833969  0.06901945 -0.05840598 -0.04078082  0.01509971 -0.01685372
 -0.03007053  0.02268138  0.00709052  0.00243002], Best Fitness = 0.00727108483909404, Evaluations = 7680
Generation 120: Best Solution = [ 0.01175983  0.03811983  0.03130614 -0.03124014  0.04507695 -0.0236492
 -0.01030752 -0.00686884  0.00979796 -0.0171402 ], Best Fitness = 0.006681863600476076, Evaluations = 7744
Generation 121: Best Solution = [ 0.01175983  0.03811983  0.03130614 -0.03124014  0.04507695 -0.0236492
 -0.01030752 -0.00686884  0.00979796 -0.0171402 ], Best Fitness = 0.006681863600476076, Evaluations = 7808
Generation 122: Best Solution = [ 0.01175983  0.03811983  0.03130614 -0.03124014  0.04507695 -0.0236492
 -0.01030752 -0.00686884  0.00979796 -0.0171402 ], Best Fitness = 0.006681863600476076, Evaluations = 7872
Generation 123: Best Solution = [ 0.01561343 -0.01951925 -0.02916551 -0.02071047  0.02798309  0.0060934
 -0.00913558 -0.013152    0.04865528  0.01469558], Best Fitness = 0.005564243607885728, Evaluations = 7936
Generation 124: Best Solution = [ 0.01561343 -0.01951925 -0.02916551 -0.02071047  0.02798309  0.0060934
 -0.00913558 -0.013152    0.04865528  0.01469558], Best Fitness = 0.005564243607885728, Evaluations = 8000
Generation 125: Best Solution = [-0.01568443  0.0305637  -0.00143489  0.03348517 -0.01439272 -0.00222713
  0.04321249  0.02858461  0.00774653 -0.00966408], Best Fitness = 0.005353369777789684, Evaluations = 8064
Generation 126: Best Solution = [-0.01568443  0.0305637  -0.00143489  0.03348517 -0.01439272 -0.00222713
  0.04321249  0.02858461  0.00774653 -0.00966408], Best Fitness = 0.005353369777789684, Evaluations = 8128
Generation 127: Best Solution = [-0.01568443  0.0305637  -0.00143489  0.03348517 -0.01439272 -0.00222713
  0.04321249  0.02858461  0.00774653 -0.00966408], Best Fitness = 0.005353369777789684, Evaluations = 8192
Generation 128: Best Solution = [-0.02582559  0.01582062 -0.03033036  0.01662882  0.01409264  0.01005093
  0.01443957  0.02552414 -0.03276277  0.0154871 ], Best Fitness = 0.0045865572157516256, Evaluations = 8256
Generation 129: Best Solution = [ 0.01957232 -0.00741276 -0.01689979 -0.02738459 -0.01897007  0.01111613
 -0.0078428   0.00220708 -0.01373302 -0.03258674], Best Fitness = 0.0032738476241633147, Evaluations = 8320
Generation 130: Best Solution = [ 0.01957232 -0.00741276 -0.01689979 -0.02738459 -0.01897007  0.01111613
 -0.0078428   0.00220708 -0.01373302 -0.03258674], Best Fitness = 0.0032738476241633147, Evaluations = 8384
Generation 131: Best Solution = [ 0.01957232 -0.00741276 -0.01689979 -0.02738459 -0.01897007  0.01111613
 -0.0078428   0.00220708 -0.01373302 -0.03258674], Best Fitness = 0.0032738476241633147, Evaluations = 8448
Generation 132: Best Solution = [ 0.01957232 -0.00741276 -0.01689979 -0.02738459 -0.01897007  0.01111613
 -0.0078428   0.00220708 -0.01373302 -0.03258674], Best Fitness = 0.0032738476241633147, Evaluations = 8512
Generation 133: Best Solution = [ 0.00219236 -0.00442503 -0.00299635  0.02461281 -0.02487122  0.01138134
 -0.0019467   0.01602312 -0.00340114  0.03607828], Best Fitness = 0.0029610085865706052, Evaluations = 8576
Generation 134: Best Solution = [ 0.00219236 -0.00442503 -0.00299635  0.02461281 -0.02487122  0.01138134
 -0.0019467   0.01602312 -0.00340114  0.03607828], Best Fitness = 0.0029610085865706052, Evaluations = 8640
Generation 135: Best Solution = [-9.45292021e-03 -6.61208731e-03  7.22013366e-03  1.79465056e-03
 -3.82789373e-03 -1.74064740e-02 -2.27844355e-02 -2.35592110e-02
 -8.31796020e-05 -2.65139745e-02], Best Fitness = 0.0022832312943511963, Evaluations = 8704
Generation 136: Best Solution = [-9.45292021e-03 -6.61208731e-03  7.22013366e-03  1.79465056e-03
 -3.82789373e-03 -1.74064740e-02 -2.27844355e-02 -2.35592110e-02
 -8.31796020e-05 -2.65139745e-02], Best Fitness = 0.0022832312943511963, Evaluations = 8768
Generation 137: Best Solution = [ 0.00251625  0.02964625  0.02302332  0.00695002 -0.02096311 -0.00905178
  0.01110819 -0.00419203  0.0012857  -0.00798931], Best Fitness = 0.0021914411049279176, Evaluations = 8832
Generation 138: Best Solution = [ 0.00251625  0.02964625  0.02302332  0.00695002 -0.02096311 -0.00905178
  0.01110819 -0.00419203  0.0012857  -0.00798931], Best Fitness = 0.0021914411049279176, Evaluations = 8896
Generation 139: Best Solution = [ 0.00251625  0.02964625  0.02302332  0.00695002 -0.02096311 -0.00905178
  0.01110819 -0.00419203  0.0012857  -0.00798931], Best Fitness = 0.0021914411049279176, Evaluations = 8960
Generation 140: Best Solution = [ 0.01656735 -0.01434133 -0.01793286  0.00349971  0.01832552 -0.01945733
  0.01136397  0.00361215  0.00433354  0.00379233], Best Fitness = 0.0017037475175508867, Evaluations = 9024
Generation 141: Best Solution = [ 0.01656735 -0.01434133 -0.01793286  0.00349971  0.01832552 -0.01945733
  0.01136397  0.00361215  0.00433354  0.00379233], Best Fitness = 0.0017037475175508867, Evaluations = 9088
Generation 142: Best Solution = [ 0.01656735 -0.01434133 -0.01793286  0.00349971  0.01832552 -0.01945733
  0.01136397  0.00361215  0.00433354  0.00379233], Best Fitness = 0.0017037475175508867, Evaluations = 9152
Generation 143: Best Solution = [ 0.01656735 -0.01434133 -0.01793286  0.00349971  0.01832552 -0.01945733
  0.01136397  0.00361215  0.00433354  0.00379233], Best Fitness = 0.0017037475175508867, Evaluations = 9216
Generation 144: Best Solution = [ 0.01656735 -0.01434133 -0.01793286  0.00349971  0.01832552 -0.01945733
  0.01136397  0.00361215  0.00433354  0.00379233], Best Fitness = 0.0014558788321670632, Evaluations = 9280
Generation 145: Best Solution = [ 0.01656735 -0.01434133 -0.01793286  0.00349971  0.01832552 -0.01945733
  0.01136397  0.00361215  0.00433354  0.00379233], Best Fitness = 0.0014558788321670632, Evaluations = 9344
Generation 146: Best Solution = [ 0.01746265  0.00845679 -0.00401177 -0.00509587  0.00543751  0.00216064
 -0.00352123  0.01320138 -0.0229777   0.01547846], Best Fitness = 0.0014069919800852274, Evaluations = 9408
Generation 147: Best Solution = [-0.00424242 -0.00309494  0.01292057 -0.01086843  0.00813322 -0.01203502
  0.00750567  0.02322237  0.00203426  0.01072142], Best Fitness = 0.0012383322468251488, Evaluations = 9472
Generation 148: Best Solution = [ 0.01017092  0.01013456  0.00388202  0.00600951 -0.007346    0.00334844
  0.00673207 -0.01418888  0.02250897 -0.00167605], Best Fitness = 0.001078624733721871, Evaluations = 9536
Generation 149: Best Solution = [ 0.01017092  0.01013456  0.00388202  0.00600951 -0.007346    0.00334844
  0.00673207 -0.01418888  0.02250897 -0.00167605], Best Fitness = 0.001078624733721871, Evaluations = 9600
Generation 150: Best Solution = [ 0.01017092  0.01013456  0.00388202  0.00600951 -0.007346    0.00334844
  0.00673207 -0.01418888  0.02250897 -0.00167605], Best Fitness = 0.001078624733721871, Evaluations = 9664
Generation 151: Best Solution = [ 0.00252288 -0.00735762 -0.01305915  0.00363369 -0.01446451  0.02110141
  0.0013765   0.00830326  0.00480528 -0.00114943], Best Fitness = 0.0009939866766176682, Evaluations = 9728
Generation 152: Best Solution = [-0.00140281  0.01268643 -0.00976996  0.00761482  0.01229952  0.00539735
 -0.00556605  0.01513739  0.00115802  0.00914288], Best Fitness = 0.0008418152945324729, Evaluations = 9792
Generation 153: Best Solution = [-0.00140281  0.01268643 -0.00976996  0.00761482  0.01229952  0.00539735
 -0.00556605  0.01513739  0.00115802  0.00914288], Best Fitness = 0.0008418152945324729, Evaluations = 9856
Generation 154: Best Solution = [-0.00140281  0.01268643 -0.00976996  0.00761482  0.01229952  0.00539735
 -0.00556605  0.01513739  0.00115802  0.00914288], Best Fitness = 0.0008418152945324729, Evaluations = 9920
Generation 155: Best Solution = [ 5.55745384e-03  5.08240773e-03  1.34662982e-02 -4.15325968e-03
  4.90549173e-03 -2.28948425e-03  1.21743606e-05 -6.86883546e-03
  4.06809253e-04  5.79593074e-03], Best Fitness = 0.00036555185685569326, Evaluations = 9984
Generation 156: Best Solution = [ 5.55745384e-03  5.08240773e-03  1.34662982e-02 -4.15325968e-03
  4.90549173e-03 -2.28948425e-03  1.21743606e-05 -6.86883546e-03
  4.06809253e-04  5.79593074e-03], Best Fitness = 0.00036555185685569326, Evaluations = 10048
