Algorithm: Differential Evolution
Objective Function: Sphere
Dimension: 10
Population Size: 32
Max Evaluations: 10000

Generation 0: Best Solution = [ 1.87007137 -1.44972988  2.85835206  2.16454088  1.59647171 -0.40867977
  0.15492114  2.23635025  0.59111793 -3.64424414], Best Fitness = 39.825237190770295, Evaluations = 32
Generation 1: Best Solution = [ 1.87007137 -1.44972988  2.85835206  2.16454088  1.59647171 -0.40867977
  0.15492114  2.23635025  0.59111793 -3.64424414], Best Fitness = 39.825237190770295, Evaluations = 64
Generation 2: Best Solution = [ 1.87007137 -1.44972988  2.85835206  2.16454088  1.59647171 -0.40867977
  0.15492114  2.23635025  0.59111793 -3.64424414], Best Fitness = 39.825237190770295, Evaluations = 96
Generation 3: Best Solution = [ 1.87007137 -1.44972988  2.85835206  2.16454088  1.59647171 -0.40867977
  0.15492114  2.23635025  0.59111793 -3.64424414], Best Fitness = 39.825237190770295, Evaluations = 128
Generation 4: Best Solution = [ 1.87007137 -1.44972988  2.85835206  2.16454088  1.59647171 -0.40867977
  0.15492114  2.23635025  0.59111793 -3.64424414], Best Fitness = 39.825237190770295, Evaluations = 160
Generation 5: Best Solution = [ 1.87007137 -1.44972988  2.85835206  2.16454088  2.26864628  2.35007669
  0.15492114  1.72416079  0.59111793  1.13998845], Best Fitness = 33.76963884378548, Evaluations = 192
Generation 6: Best Solution = [ 1.87007137 -1.44972988  2.85835206  2.16454088  2.26864628  2.35007669
  0.15492114  1.72416079  0.59111793  1.13998845], Best Fitness = 33.76963884378548, Evaluations = 224
Generation 7: Best Solution = [ 1.75385065  1.27961184  0.53373924 -0.1314439  -0.05901139  1.41604178
 -0.86191788  0.82712536 -0.86473934  3.4704632 ], Best Fitness = 21.243138002485388, Evaluations = 256
Generation 8: Best Solution = [ 0.84878843  0.19144731 -2.08170372  0.17474703  0.56847379 -2.53772202
  2.27536473 -1.25615868  0.24333545 -1.01016777], Best Fitness = 19.71918664590174, Evaluations = 288
Generation 9: Best Solution = [ 0.84878843  0.19144731 -2.08170372  0.17474703  0.56847379 -2.53772202
  2.27536473 -1.25615868  0.24333545 -1.01016777], Best Fitness = 19.71918664590174, Evaluations = 320
Generation 10: Best Solution = [ 0.93682502  0.74525117 -2.36925635  2.06541372  1.25688375 -0.59974884
 -1.03601543 -1.65330526  0.18072259  1.10121272], Best Fitness = 18.303881710033487, Evaluations = 352
Generation 11: Best Solution = [ 0.93682502  0.74525117 -2.36925635  2.06541372  1.25688375 -0.59974884
 -1.03601543 -1.65330526  0.18072259  1.10121272], Best Fitness = 18.303881710033487, Evaluations = 384
Generation 12: Best Solution = [ 0.93682502  0.74525117 -2.36925635  2.06541372  1.25688375 -0.59974884
 -1.03601543 -1.65330526  0.18072259  1.10121272], Best Fitness = 18.303881710033487, Evaluations = 416
Generation 13: Best Solution = [ 0.93682502  0.74525117 -2.36925635  2.06541372  1.25688375 -0.59974884
 -1.03601543 -1.65330526  0.18072259  1.10121272], Best Fitness = 18.303881710033487, Evaluations = 448
Generation 14: Best Solution = [ 0.93682502  0.74525117 -2.36925635  2.06541372  1.25688375 -0.59974884
 -1.03601543 -1.65330526  0.18072259  1.10121272], Best Fitness = 18.303881710033487, Evaluations = 480
Generation 15: Best Solution = [ 1.24888752  0.80239951 -0.91473419 -0.85241856  2.25063644  0.74043413
  0.45465001 -0.79507803 -1.19480606  0.57184943], Best Fitness = 11.973957127602496, Evaluations = 512
Generation 16: Best Solution = [ 1.24888752  0.80239951 -0.91473419 -0.85241856  2.25063644  0.74043413
  0.45465001 -0.79507803 -1.19480606  0.57184943], Best Fitness = 11.973957127602496, Evaluations = 544
Generation 17: Best Solution = [ 1.24888752  0.80239951 -0.91473419 -0.85241856  2.25063644  0.74043413
  0.45465001 -0.79507803 -1.19480606  0.57184943], Best Fitness = 11.973957127602496, Evaluations = 576
Generation 18: Best Solution = [ 1.24888752  0.80239951 -0.91473419 -0.85241856  2.25063644  0.74043413
  0.45465001 -0.79507803 -1.19480606  0.57184943], Best Fitness = 11.973957127602496, Evaluations = 608
Generation 19: Best Solution = [ 1.24888752  0.80239951 -0.91473419 -0.85241856  2.25063644  0.74043413
  0.45465001 -0.79507803 -1.19480606  0.57184943], Best Fitness = 11.973957127602496, Evaluations = 640
Generation 20: Best Solution = [ 1.24888752  0.80239951 -0.91473419 -0.85241856  2.25063644  0.74043413
  0.45465001 -0.79507803 -1.19480606  0.57184943], Best Fitness = 11.973957127602496, Evaluations = 672
Generation 21: Best Solution = [ 1.31649335  0.09733601  0.76227265 -0.19400308  0.38192978  0.78485978
  1.27111824 -2.61359998  0.28100036 -0.36994252], Best Fitness = 11.7856661721984, Evaluations = 704
Generation 22: Best Solution = [-0.85966963  0.14095109  0.24909781 -0.66395546  1.37048701  0.13950895
 -0.46066716  0.92082936  0.6327473   1.2322995 ], Best Fitness = 6.138555195296862, Evaluations = 736
Generation 23: Best Solution = [-0.85966963  0.14095109  0.24909781 -0.66395546  1.37048701  0.13950895
 -0.46066716  0.92082936  0.6327473   1.2322995 ], Best Fitness = 3.931756039636461, Evaluations = 768
Generation 24: Best Solution = [-0.85966963  0.14095109  0.24909781 -0.66395546  1.37048701  0.13950895
 -0.46066716  0.92082936  0.6327473   1.2322995 ], Best Fitness = 3.931756039636461, Evaluations = 800
Generation 25: Best Solution = [-0.85966963  0.14095109  0.24909781 -0.66395546  1.37048701  0.13950895
 -0.46066716  0.92082936  0.6327473   1.2322995 ], Best Fitness = 3.931756039636461, Evaluations = 832
Generation 26: Best Solution = [-0.85966963  0.14095109  0.24909781 -0.66395546  1.37048701  0.13950895
 -0.46066716  0.92082936  0.6327473   1.2322995 ], Best Fitness = 3.931756039636461, Evaluations = 864
Generation 27: Best Solution = [-0.85966963  0.14095109  0.24909781 -0.66395546  1.37048701  0.13950895
 -0.46066716  0.92082936  0.6327473   1.2322995 ], Best Fitness = 3.931756039636461, Evaluations = 896
Generation 28: Best Solution = [-0.85966963  0.14095109  0.24909781 -0.66395546  1.37048701  0.13950895
 -0.46066716  0.92082936  0.6327473   1.2322995 ], Best Fitness = 3.931756039636461, Evaluations = 928
Generation 29: Best Solution = [-0.46960054 -1.15445808 -0.82311958 -0.25257536 -0.18867497 -0.35427244
  1.04322074 -0.58362668 -0.13004846  0.0765018 ], Best Fitness = 3.9074202089002457, Evaluations = 960
Generation 30: Best Solution = [-0.46960054 -1.15445808 -0.82311958 -0.25257536 -0.18867497 -0.35427244
  1.04322074 -0.58362668 -0.13004846  0.0765018 ], Best Fitness = 3.9074202089002457, Evaluations = 992
Generation 31: Best Solution = [-0.46960054 -1.15445808 -0.82311958 -0.25257536 -0.18867497 -0.35427244
  1.04322074 -0.58362668 -0.13004846  0.0765018 ], Best Fitness = 3.9074202089002457, Evaluations = 1024
Generation 32: Best Solution = [-0.46960054 -1.15445808 -0.82311958 -0.25257536 -0.18867497 -0.35427244
  1.04322074 -0.58362668 -0.13004846  0.0765018 ], Best Fitness = 3.9074202089002457, Evaluations = 1056
Generation 33: Best Solution = [-0.46960054 -1.15445808 -0.82311958 -0.25257536 -0.18867497 -0.35427244
  1.04322074 -0.58362668 -0.13004846  0.0765018 ], Best Fitness = 3.9074202089002457, Evaluations = 1088
Generation 34: Best Solution = [-0.46960054 -1.15445808 -0.82311958 -0.25257536 -0.18867497 -0.35427244
  1.04322074 -0.58362668 -0.13004846  0.0765018 ], Best Fitness = 3.9074202089002457, Evaluations = 1120
Generation 35: Best Solution = [-0.46960054 -1.15445808 -0.82311958 -0.25257536 -0.18867497 -0.35427244
  1.04322074 -0.58362668 -0.13004846  0.0765018 ], Best Fitness = 3.9074202089002457, Evaluations = 1152
Generation 36: Best Solution = [-0.46960054 -1.15445808 -0.82311958 -0.25257536 -0.18867497 -0.35427244
  1.04322074 -0.58362668 -0.13004846  0.0765018 ], Best Fitness = 3.7383482580869174, Evaluations = 1184
Generation 37: Best Solution = [-0.03962225 -0.90589076 -0.98267554  0.09959892  0.10826616  0.81995399
  0.68938521 -0.38092516 -0.44841208 -0.10438991], Best Fitness = 3.314151847497975, Evaluations = 1216
Generation 38: Best Solution = [-0.03962225 -0.90589076 -0.98267554  0.09959892  0.10826616  0.81995399
  0.68938521 -0.38092516 -0.44841208 -0.10438991], Best Fitness = 3.314151847497975, Evaluations = 1248
Generation 39: Best Solution = [-0.03962225 -0.90589076 -0.98267554  0.09959892  0.10826616  0.81995399
  0.68938521 -0.38092516 -0.44841208 -0.10438991], Best Fitness = 3.314151847497975, Evaluations = 1280
Generation 40: Best Solution = [-0.03962225 -0.90589076 -0.98267554  0.09959892  0.10826616  0.81995399
  0.68938521 -0.38092516 -0.44841208 -0.10438991], Best Fitness = 1.2780498839974677, Evaluations = 1312
Generation 41: Best Solution = [-0.03962225 -0.90589076 -0.98267554  0.09959892  0.10826616  0.81995399
  0.68938521 -0.38092516 -0.44841208 -0.10438991], Best Fitness = 1.2780498839974677, Evaluations = 1344
Generation 42: Best Solution = [-0.03962225 -0.90589076 -0.98267554  0.09959892  0.10826616  0.81995399
  0.68938521 -0.38092516 -0.44841208 -0.10438991], Best Fitness = 1.2780498839974677, Evaluations = 1376
Generation 43: Best Solution = [-0.03962225 -0.90589076 -0.98267554  0.09959892  0.10826616  0.81995399
  0.68938521 -0.38092516 -0.44841208 -0.10438991], Best Fitness = 1.2780498839974677, Evaluations = 1408
Generation 44: Best Solution = [-0.03962225 -0.90589076 -0.98267554  0.09959892  0.10826616  0.81995399
  0.68938521 -0.38092516 -0.44841208 -0.10438991], Best Fitness = 1.2780498839974677, Evaluations = 1440
Generation 45: Best Solution = [-0.03962225 -0.90589076 -0.98267554  0.09959892  0.10826616  0.81995399
  0.68938521 -0.38092516 -0.44841208 -0.10438991], Best Fitness = 1.2780498839974677, Evaluations = 1472
Generation 46: Best Solution = [-0.03962225 -0.90589076 -0.98267554  0.09959892  0.10826616  0.81995399
  0.68938521 -0.38092516 -0.44841208 -0.10438991], Best Fitness = 1.2780498839974677, Evaluations = 1504
Generation 47: Best Solution = [-0.03962225 -0.90589076 -0.98267554  0.09959892  0.10826616  0.81995399
  0.68938521 -0.38092516 -0.44841208 -0.10438991], Best Fitness = 1.2780498839974677, Evaluations = 1536
Generation 48: Best Solution = [ 0.02272734  0.13662958 -0.01095826  0.16036594  0.17091795 -0.00387712
 -0.48753236 -0.43310182 -0.03072835  0.29293009], Best Fitness = 0.5862667220007677, Evaluations = 1568
Generation 49: Best Solution = [ 0.02272734  0.13662958 -0.01095826  0.16036594  0.17091795 -0.00387712
 -0.48753236 -0.43310182 -0.03072835  0.29293009], Best Fitness = 0.5862667220007677, Evaluations = 1600
Generation 50: Best Solution = [ 0.02272734  0.13662958 -0.01095826  0.16036594  0.17091795 -0.00387712
 -0.48753236 -0.43310182 -0.03072835  0.29293009], Best Fitness = 0.5862667220007677, Evaluations = 1632
Generation 51: Best Solution = [ 0.02272734  0.13662958 -0.01095826  0.16036594  0.17091795 -0.00387712
 -0.48753236 -0.43310182 -0.03072835  0.29293009], Best Fitness = 0.5862667220007677, Evaluations = 1664
Generation 52: Best Solution = [ 0.02272734  0.13662958 -0.01095826  0.16036594  0.17091795 -0.00387712
 -0.48753236 -0.43310182 -0.03072835  0.29293009], Best Fitness = 0.5862667220007677, Evaluations = 1696
Generation 53: Best Solution = [ 0.02272734  0.13662958 -0.01095826  0.16036594  0.17091795 -0.00387712
 -0.48753236 -0.43310182 -0.03072835  0.29293009], Best Fitness = 0.5862667220007677, Evaluations = 1728
Generation 54: Best Solution = [ 0.02272734  0.13662958 -0.01095826  0.16036594  0.17091795 -0.00387712
 -0.48753236 -0.43310182 -0.03072835  0.29293009], Best Fitness = 0.5862667220007677, Evaluations = 1760
Generation 55: Best Solution = [ 0.02272734  0.13662958 -0.01095826  0.16036594  0.17091795 -0.00387712
 -0.48753236 -0.43310182 -0.03072835  0.29293009], Best Fitness = 0.5862667220007677, Evaluations = 1792
Generation 56: Best Solution = [ 0.02272734  0.13662958 -0.01095826  0.16036594  0.17091795 -0.00387712
 -0.48753236 -0.43310182 -0.03072835  0.29293009], Best Fitness = 0.5862667220007677, Evaluations = 1824
Generation 57: Best Solution = [ 0.02272734  0.13662958 -0.01095826  0.16036594  0.17091795 -0.00387712
 -0.48753236 -0.43310182 -0.03072835  0.29293009], Best Fitness = 0.5862667220007677, Evaluations = 1856
Generation 58: Best Solution = [ 0.02272734  0.13662958 -0.01095826  0.16036594  0.17091795 -0.00387712
 -0.48753236 -0.43310182 -0.03072835  0.29293009], Best Fitness = 0.5862667220007677, Evaluations = 1888
Generation 59: Best Solution = [-0.18987884  0.32074837 -0.08344991 -0.28420159 -0.08261744  0.17749827
  0.11501605 -0.16302821  0.13166112  0.26056985], Best Fitness = 0.39003738512540487, Evaluations = 1920
Generation 60: Best Solution = [-0.18987884  0.32074837 -0.08344991 -0.28420159 -0.08261744  0.17749827
  0.11501605 -0.16302821  0.13166112  0.26056985], Best Fitness = 0.39003738512540487, Evaluations = 1952
Generation 61: Best Solution = [-0.18987884  0.32074837 -0.08344991 -0.28420159 -0.08261744  0.17749827
  0.11501605 -0.16302821  0.13166112  0.26056985], Best Fitness = 0.39003738512540487, Evaluations = 1984
Generation 62: Best Solution = [-0.18987884  0.32074837 -0.08344991 -0.28420159 -0.08261744  0.17749827
  0.11501605 -0.16302821  0.13166112  0.26056985], Best Fitness = 0.39003738512540487, Evaluations = 2016
Generation 63: Best Solution = [ 0.17035795  0.13662958 -0.01095826  0.16036594 -0.26197247 -0.00387712
 -0.16376671  0.44298874  0.00802306 -0.11404869], Best Fitness = 0.3783014300830713, Evaluations = 2048
Generation 64: Best Solution = [ 0.17035795  0.13662958 -0.01095826  0.16036594 -0.26197247 -0.00387712
 -0.16376671  0.44298874  0.00802306 -0.11404869], Best Fitness = 0.3783014300830713, Evaluations = 2080
Generation 65: Best Solution = [ 0.17035795  0.13662958 -0.01095826  0.16036594 -0.26197247 -0.00387712
 -0.16376671  0.44298874  0.00802306 -0.11404869], Best Fitness = 0.3783014300830713, Evaluations = 2112
Generation 66: Best Solution = [-0.17279996 -0.10921857 -0.19487223 -0.0173263  -0.15036126  0.20764742
 -0.33621781 -0.09115336  0.00426861 -0.23019989], Best Fitness = 0.3201514348581999, Evaluations = 2144
Generation 67: Best Solution = [-0.17279996 -0.10921857 -0.19487223 -0.0173263  -0.15036126  0.20764742
 -0.33621781 -0.09115336  0.00426861 -0.23019989], Best Fitness = 0.3201514348581999, Evaluations = 2176
Generation 68: Best Solution = [-0.17279996 -0.10921857 -0.19487223 -0.0173263  -0.15036126  0.20764742
 -0.33621781 -0.09115336  0.00426861 -0.23019989], Best Fitness = 0.3201514348581999, Evaluations = 2208
Generation 69: Best Solution = [ 0.02473952 -0.01184857  0.12620413 -0.09013323 -0.02388465  0.0595985
 -0.07364282  0.01794041 -0.28465222  0.0109161 ], Best Fitness = 0.11581754438154072, Evaluations = 2240
Generation 70: Best Solution = [ 0.02473952 -0.01184857  0.12620413 -0.09013323 -0.02388465  0.0595985
 -0.07364282  0.01794041 -0.28465222  0.0109161 ], Best Fitness = 0.11581754438154072, Evaluations = 2272
Generation 71: Best Solution = [ 0.02473952 -0.01184857  0.12620413 -0.09013323 -0.02388465  0.0595985
 -0.07364282  0.01794041 -0.28465222  0.0109161 ], Best Fitness = 0.11581754438154072, Evaluations = 2304
Generation 72: Best Solution = [ 0.02473952 -0.01184857  0.12620413 -0.09013323 -0.02388465  0.0595985
 -0.07364282  0.01794041 -0.28465222  0.0109161 ], Best Fitness = 0.11581754438154072, Evaluations = 2336
Generation 73: Best Solution = [ 0.02473952 -0.01184857  0.12620413 -0.09013323 -0.02388465  0.0595985
 -0.07364282  0.01794041 -0.28465222  0.0109161 ], Best Fitness = 0.11581754438154072, Evaluations = 2368
Generation 74: Best Solution = [ 0.02473952 -0.01184857  0.12620413 -0.09013323 -0.02388465  0.0595985
 -0.07364282  0.01794041 -0.28465222  0.0109161 ], Best Fitness = 0.11581754438154072, Evaluations = 2400
Generation 75: Best Solution = [ 0.02473952 -0.01184857  0.12620413 -0.09013323 -0.02388465  0.0595985
 -0.07364282  0.01794041 -0.28465222  0.0109161 ], Best Fitness = 0.11581754438154072, Evaluations = 2432
Generation 76: Best Solution = [ 0.02473952 -0.01184857  0.12620413 -0.09013323 -0.02388465  0.0595985
 -0.07364282  0.01794041 -0.28465222  0.0109161 ], Best Fitness = 0.11581754438154072, Evaluations = 2464
Generation 77: Best Solution = [ 0.02473952 -0.01184857  0.12620413 -0.09013323 -0.02388465  0.0595985
 -0.07364282  0.01794041 -0.28465222  0.0109161 ], Best Fitness = 0.11581754438154072, Evaluations = 2496
Generation 78: Best Solution = [ 0.02473952 -0.01184857  0.12620413 -0.09013323 -0.02388465  0.0595985
 -0.07364282  0.01794041 -0.28465222  0.0109161 ], Best Fitness = 0.11581754438154072, Evaluations = 2528
Generation 79: Best Solution = [ 0.02473952 -0.01184857  0.12620413 -0.09013323 -0.02388465  0.0595985
 -0.07364282  0.01794041 -0.28465222  0.0109161 ], Best Fitness = 0.11581754438154072, Evaluations = 2560
Generation 80: Best Solution = [-0.1038182   0.04307562 -0.09747155  0.12879334  0.05542956  0.09715601
  0.2281216  -0.02755774 -0.05367898  0.05689748], Best Fitness = 0.11015153175719339, Evaluations = 2592
Generation 81: Best Solution = [-0.05636283 -0.18818571 -0.0342092   0.09527318 -0.12131118  0.0595985
 -0.07364282  0.01794041 -0.19195958  0.0109161 ], Best Fitness = 0.109819029232426, Evaluations = 2624
Generation 82: Best Solution = [-0.05636283 -0.18818571 -0.0342092   0.09527318 -0.12131118  0.0595985
 -0.07364282  0.01794041 -0.19195958  0.0109161 ], Best Fitness = 0.109819029232426, Evaluations = 2656
Generation 83: Best Solution = [-0.05636283 -0.18818571 -0.0342092   0.09527318 -0.12131118  0.0595985
 -0.07364282  0.01794041 -0.19195958  0.0109161 ], Best Fitness = 0.109819029232426, Evaluations = 2688
Generation 84: Best Solution = [-0.05636283 -0.18818571 -0.0342092   0.09527318 -0.12131118  0.0595985
 -0.07364282  0.01794041 -0.19195958  0.0109161 ], Best Fitness = 0.109819029232426, Evaluations = 2720
Generation 85: Best Solution = [-0.05636283 -0.18818571 -0.0342092   0.09527318 -0.12131118  0.0595985
 -0.07364282  0.01794041 -0.19195958  0.0109161 ], Best Fitness = 0.109819029232426, Evaluations = 2752
Generation 86: Best Solution = [ 0.01667316 -0.02231638  0.04781505  0.14836059  0.05832966 -0.02050786
  0.00903564  0.17624282 -0.13541093 -0.12431146], Best Fitness = 0.09382871329445952, Evaluations = 2784
Generation 87: Best Solution = [ 0.01667316 -0.02231638  0.04781505  0.14836059  0.05832966 -0.02050786
  0.00903564  0.17624282 -0.13541093 -0.12431146], Best Fitness = 0.09382871329445952, Evaluations = 2816
Generation 88: Best Solution = [ 0.01667316 -0.02231638  0.04781505  0.14836059  0.05832966 -0.02050786
  0.00903564  0.17624282 -0.13541093 -0.12431146], Best Fitness = 0.09382871329445952, Evaluations = 2848
Generation 89: Best Solution = [ 0.12270232 -0.02231638  0.04781505  0.02234615  0.03215925 -0.06509908
  0.00903564 -0.0764633  -0.13541093 -0.12431146], Best Fitness = 0.06332935781892364, Evaluations = 2880
Generation 90: Best Solution = [ 0.12270232 -0.02231638  0.04781505  0.02234615  0.03215925 -0.06509908
  0.00903564 -0.0764633  -0.13541093 -0.12431146], Best Fitness = 0.06332935781892364, Evaluations = 2912
Generation 91: Best Solution = [ 0.12270232 -0.02231638  0.04781505  0.02234615  0.03215925 -0.06509908
  0.00903564 -0.0764633  -0.13541093 -0.12431146], Best Fitness = 0.06332935781892364, Evaluations = 2944
Generation 92: Best Solution = [-0.02849715  0.05685896  0.12763869  0.07393996 -0.06838663  0.10327571
  0.04492557 -0.0851681   0.06165319 -0.00332447], Best Fitness = 0.05423046531111816, Evaluations = 2976
Generation 93: Best Solution = [-0.02849715  0.05685896  0.12763869  0.07393996 -0.06838663  0.10327571
  0.04492557 -0.0851681   0.06165319 -0.00332447], Best Fitness = 0.05423046531111816, Evaluations = 3008
Generation 94: Best Solution = [-0.02849715  0.05685896  0.12763869  0.07393996 -0.06838663  0.10327571
  0.04492557 -0.0851681   0.06165319 -0.00332447], Best Fitness = 0.05423046531111816, Evaluations = 3040
Generation 95: Best Solution = [-0.02849715  0.05685896  0.12763869  0.07393996 -0.06838663  0.10327571
  0.04492557 -0.0851681   0.06165319 -0.00332447], Best Fitness = 0.05423046531111816, Evaluations = 3072
Generation 96: Best Solution = [-0.0284215  -0.04724988 -0.0980582   0.07691517 -0.02278333 -0.04744874
 -0.02408245 -0.02873567  0.10199564 -0.091934  ], Best Fitness = 0.041602822857657505, Evaluations = 3104
Generation 97: Best Solution = [-0.0284215  -0.04724988 -0.0980582   0.07691517 -0.02278333 -0.04744874
 -0.02408245 -0.02873567  0.10199564 -0.091934  ], Best Fitness = 0.041602822857657505, Evaluations = 3136
Generation 98: Best Solution = [-0.0284215  -0.04724988 -0.0980582   0.07691517 -0.02278333 -0.04744874
 -0.02408245 -0.02873567  0.10199564 -0.091934  ], Best Fitness = 0.041602822857657505, Evaluations = 3168
Generation 99: Best Solution = [-0.0284215  -0.04724988 -0.0980582   0.07691517 -0.02278333 -0.04744874
 -0.02408245 -0.02873567  0.10199564 -0.091934  ], Best Fitness = 0.041602822857657505, Evaluations = 3200
Generation 100: Best Solution = [-0.01703111  0.02759681  0.05976206 -0.02482584  0.0031081  -0.02369803
  0.05503506  0.09244681  0.09892979 -0.0985798 ], Best Fitness = 0.03689107621497896, Evaluations = 3232
Generation 101: Best Solution = [-0.01278086 -0.02513218 -0.06161753 -0.00039943  0.10102664 -0.02225635
  0.01991274 -0.02339856  0.05978996 -0.01004546], Best Fitness = 0.019913343592972737, Evaluations = 3264
Generation 102: Best Solution = [-0.01278086 -0.02513218 -0.06161753 -0.00039943  0.10102664 -0.02225635
  0.01991274 -0.02339856  0.05978996 -0.01004546], Best Fitness = 0.019913343592972737, Evaluations = 3296
Generation 103: Best Solution = [-0.01278086 -0.02513218 -0.06161753 -0.00039943  0.10102664 -0.02225635
  0.01991274 -0.02339856  0.05978996 -0.01004546], Best Fitness = 0.019913343592972737, Evaluations = 3328
Generation 104: Best Solution = [-0.01278086 -0.02513218 -0.06161753 -0.00039943  0.10102664 -0.02225635
  0.01991274 -0.02339856  0.05978996 -0.01004546], Best Fitness = 0.019913343592972737, Evaluations = 3360
Generation 105: Best Solution = [-0.01278086 -0.02513218 -0.06161753 -0.00039943  0.10102664 -0.02225635
  0.01991274 -0.02339856  0.05978996 -0.01004546], Best Fitness = 0.019913343592972737, Evaluations = 3392
Generation 106: Best Solution = [-0.02157777  0.03632424  0.03966607  0.0143591  -0.06197308  0.08308933
  0.00215758  0.01977337  0.02823291 -0.06146839], Best Fitness = 0.01928023252870494, Evaluations = 3424
Generation 107: Best Solution = [-0.02157777  0.03632424  0.03966607  0.0143591  -0.06197308  0.08308933
  0.00215758  0.01977337  0.02823291 -0.06146839], Best Fitness = 0.01928023252870494, Evaluations = 3456
Generation 108: Best Solution = [-0.02157777  0.03632424  0.03966607  0.0143591  -0.06197308  0.08308933
  0.00215758  0.01977337  0.02823291 -0.06146839], Best Fitness = 0.01928023252870494, Evaluations = 3488
Generation 109: Best Solution = [-0.02157777  0.03632424  0.03966607  0.0143591  -0.06197308  0.08308933
  0.00215758  0.01977337  0.02823291 -0.06146839], Best Fitness = 0.013118104351903838, Evaluations = 3520
Generation 110: Best Solution = [-0.02157777  0.03632424  0.03966607  0.0143591  -0.06197308  0.08308933
  0.00215758  0.01977337  0.02823291 -0.06146839], Best Fitness = 0.013118104351903838, Evaluations = 3552
Generation 111: Best Solution = [-0.02157777  0.03632424  0.03966607  0.0143591  -0.06197308  0.08308933
  0.00215758  0.01977337  0.02823291 -0.06146839], Best Fitness = 0.013118104351903838, Evaluations = 3584
Generation 112: Best Solution = [-0.02157777  0.03632424  0.03966607  0.0143591  -0.06197308  0.08308933
  0.00215758  0.01977337  0.02823291 -0.06146839], Best Fitness = 0.013118104351903838, Evaluations = 3616
Generation 113: Best Solution = [-0.02157777  0.03632424  0.03966607  0.0143591  -0.06197308  0.08308933
  0.00215758  0.01977337  0.02823291 -0.06146839], Best Fitness = 0.008249758962684808, Evaluations = 3648
Generation 114: Best Solution = [-0.02157777  0.03632424  0.03966607  0.0143591  -0.06197308  0.08308933
  0.00215758  0.01977337  0.02823291 -0.06146839], Best Fitness = 0.008249758962684808, Evaluations = 3680
Generation 115: Best Solution = [-0.02157777  0.03632424  0.03966607  0.0143591  -0.06197308  0.08308933
  0.00215758  0.01977337  0.02823291 -0.06146839], Best Fitness = 0.008249758962684808, Evaluations = 3712
Generation 116: Best Solution = [-0.02157777  0.03632424  0.03966607  0.0143591  -0.06197308  0.08308933
  0.00215758  0.01977337  0.02823291 -0.06146839], Best Fitness = 0.008249758962684808, Evaluations = 3744
Generation 117: Best Solution = [-0.02157777  0.03632424  0.03966607  0.0143591  -0.06197308  0.08308933
  0.00215758  0.01977337  0.02823291 -0.06146839], Best Fitness = 0.008249758962684808, Evaluations = 3776
Generation 118: Best Solution = [ 0.04445416 -0.02513218  0.01514665 -0.02926817 -0.01028383 -0.00427319
  0.01992433 -0.00194471  0.02907706  0.00803302], Best Fitness = 0.005128629079090648, Evaluations = 3808
Generation 119: Best Solution = [ 0.04445416 -0.02513218  0.01514665 -0.02926817 -0.01028383 -0.00427319
  0.01992433 -0.00194471  0.02907706  0.00803302], Best Fitness = 0.005128629079090648, Evaluations = 3840
Generation 120: Best Solution = [ 0.04445416 -0.02513218  0.01514665 -0.02926817 -0.01028383 -0.00427319
  0.01992433 -0.00194471  0.02907706  0.00803302], Best Fitness = 0.005128629079090648, Evaluations = 3872
Generation 121: Best Solution = [ 0.04445416 -0.02513218  0.01514665 -0.02926817 -0.01028383 -0.00427319
  0.01992433 -0.00194471  0.02907706  0.00803302], Best Fitness = 0.005128629079090648, Evaluations = 3904
Generation 122: Best Solution = [ 0.04445416 -0.02513218  0.01514665 -0.02926817 -0.01028383 -0.00427319
  0.01992433 -0.00194471  0.02907706  0.00803302], Best Fitness = 0.005128629079090648, Evaluations = 3936
Generation 123: Best Solution = [ 0.04445416 -0.02513218  0.01514665 -0.02926817 -0.01028383 -0.00427319
  0.01992433 -0.00194471  0.02907706  0.00803302], Best Fitness = 0.005128629079090648, Evaluations = 3968
Generation 124: Best Solution = [ 0.04445416 -0.02513218  0.01514665 -0.02926817 -0.01028383 -0.00427319
  0.01992433 -0.00194471  0.02907706  0.00803302], Best Fitness = 0.005128629079090648, Evaluations = 4000
Generation 125: Best Solution = [ 0.04445416 -0.02513218  0.01514665 -0.02926817 -0.01028383 -0.00427319
  0.01992433 -0.00194471  0.02907706  0.00803302], Best Fitness = 0.005128629079090648, Evaluations = 4032
Generation 126: Best Solution = [ 0.04445416 -0.02513218  0.01514665 -0.02926817 -0.01028383 -0.00427319
  0.01992433 -0.00194471  0.02907706  0.00803302], Best Fitness = 0.005128629079090648, Evaluations = 4064
Generation 127: Best Solution = [ 0.04445416 -0.02513218  0.01514665 -0.02926817 -0.01028383 -0.00427319
  0.01992433 -0.00194471  0.02907706  0.00803302], Best Fitness = 0.005128629079090648, Evaluations = 4096
Generation 128: Best Solution = [ 0.04445416 -0.02513218  0.01514665 -0.02926817 -0.01028383 -0.00427319
  0.01992433 -0.00194471  0.02907706  0.00803302], Best Fitness = 0.004424473356420776, Evaluations = 4128
Generation 129: Best Solution = [ 0.04445416 -0.02513218  0.01514665 -0.02926817 -0.01028383 -0.00427319
  0.01992433 -0.00194471  0.02907706  0.00803302], Best Fitness = 0.004424473356420776, Evaluations = 4160
Generation 130: Best Solution = [ 0.04445416 -0.02513218  0.01514665 -0.02926817 -0.01028383 -0.00427319
  0.01992433 -0.00194471  0.02907706  0.00803302], Best Fitness = 0.004424473356420776, Evaluations = 4192
Generation 131: Best Solution = [ 0.04445416 -0.02513218  0.01514665 -0.02926817 -0.01028383 -0.00427319
  0.01992433 -0.00194471  0.02907706  0.00803302], Best Fitness = 0.004424473356420776, Evaluations = 4224
Generation 132: Best Solution = [-0.01554471 -0.01247959  0.02108681 -0.0072141  -0.02028297 -0.04036098
  0.00043246 -0.00095049 -0.00702707 -0.01407257], Best Fitness = 0.0031829894956737353, Evaluations = 4256
Generation 133: Best Solution = [-0.01554471 -0.01247959  0.02108681 -0.0072141  -0.02028297 -0.04036098
  0.00043246 -0.00095049 -0.00702707 -0.01407257], Best Fitness = 0.0031829894956737353, Evaluations = 4288
Generation 134: Best Solution = [-0.01554471 -0.01247959  0.02108681 -0.0072141  -0.02028297 -0.04036098
  0.00043246 -0.00095049 -0.00702707 -0.01407257], Best Fitness = 0.0031829894956737353, Evaluations = 4320
Generation 135: Best Solution = [-0.01554471 -0.01247959  0.02108681 -0.0072141  -0.02028297 -0.04036098
  0.00043246 -0.00095049 -0.00702707 -0.01407257], Best Fitness = 0.0031829894956737353, Evaluations = 4352
Generation 136: Best Solution = [-0.01554471 -0.01247959  0.02108681 -0.0072141  -0.02028297 -0.04036098
  0.00043246 -0.00095049 -0.00702707 -0.01407257], Best Fitness = 0.0031829894956737353, Evaluations = 4384
Generation 137: Best Solution = [-0.01554471 -0.01247959  0.02108681 -0.0072141  -0.02028297 -0.04036098
  0.00043246 -0.00095049 -0.00702707 -0.01407257], Best Fitness = 0.0031829894956737353, Evaluations = 4416
Generation 138: Best Solution = [-0.01554471 -0.01247959  0.02108681 -0.0072141  -0.02028297 -0.04036098
  0.00043246 -0.00095049 -0.00702707 -0.01407257], Best Fitness = 0.0031829894956737353, Evaluations = 4448
Generation 139: Best Solution = [ 0.00414364 -0.01675946  0.00844678 -0.00977451  0.01319109 -0.03944718
  0.0043567   0.0043932  -0.01360478 -0.01345597], Best Fitness = 0.002599457273656437, Evaluations = 4480
Generation 140: Best Solution = [ 0.00414364 -0.01675946  0.00844678 -0.00977451  0.01319109 -0.03944718
  0.0043567   0.0043932  -0.01360478 -0.01345597], Best Fitness = 0.002599457273656437, Evaluations = 4512
Generation 141: Best Solution = [ 0.00414364 -0.01675946  0.00844678 -0.00977451  0.01319109 -0.03944718
  0.0043567   0.0043932  -0.01360478 -0.01345597], Best Fitness = 0.002599457273656437, Evaluations = 4544
Generation 142: Best Solution = [-0.00373846 -0.00434761  0.00826518  0.01537253 -0.00944221 -0.00179807
  0.00266512 -0.01470838 -0.01899158 -0.01851293], Best Fitness = 0.0013567418578968185, Evaluations = 4576
Generation 143: Best Solution = [-0.00373846 -0.00434761  0.00826518  0.01537253 -0.00944221 -0.00179807
  0.00266512 -0.01470838 -0.01899158 -0.01851293], Best Fitness = 0.0013567418578968185, Evaluations = 4608
Generation 144: Best Solution = [ 0.00633039 -0.00982674  0.01218079 -0.0072141  -0.01412752  0.01714541
  0.00043246 -0.00095049 -0.00702707 -0.01407257], Best Fitness = 0.001079112993099278, Evaluations = 4640
Generation 145: Best Solution = [ 0.00633039 -0.00982674  0.01218079 -0.0072141  -0.01412752  0.01714541
  0.00043246 -0.00095049 -0.00702707 -0.01407257], Best Fitness = 0.001079112993099278, Evaluations = 4672
Generation 146: Best Solution = [ 0.00633039 -0.00982674  0.01218079 -0.0072141  -0.01412752  0.01714541
  0.00043246 -0.00095049 -0.00702707 -0.01407257], Best Fitness = 0.0008181955738307961, Evaluations = 4704
Generation 147: Best Solution = [ 0.00633039 -0.00982674  0.01218079 -0.0072141  -0.01412752  0.01714541
  0.00043246 -0.00095049 -0.00702707 -0.01407257], Best Fitness = 0.0008181955738307961, Evaluations = 4736
Generation 148: Best Solution = [ 0.00633039 -0.00982674  0.01218079 -0.0072141  -0.01412752  0.01714541
  0.00043246 -0.00095049 -0.00702707 -0.01407257], Best Fitness = 0.0008181955738307961, Evaluations = 4768
Generation 149: Best Solution = [ 0.00633039 -0.00982674  0.01218079 -0.0072141  -0.01412752  0.01714541
  0.00043246 -0.00095049 -0.00702707 -0.01407257], Best Fitness = 0.0008181955738307961, Evaluations = 4800
Generation 150: Best Solution = [ 0.00633039 -0.00982674  0.01218079 -0.0072141  -0.01412752  0.01714541
  0.00043246 -0.00095049 -0.00702707 -0.01407257], Best Fitness = 0.0008181955738307961, Evaluations = 4832
Generation 151: Best Solution = [-0.01059626  0.01069808  0.00792545 -0.01262711  0.00808605 -0.00406492
 -0.00302894 -0.00418876 -0.00636555 -0.00673764], Best Fitness = 0.0006435302400511417, Evaluations = 4864
Generation 152: Best Solution = [-0.01059626  0.01069808  0.00792545 -0.01262711  0.00808605 -0.00406492
 -0.00302894 -0.00418876 -0.00636555 -0.00673764], Best Fitness = 0.0006435302400511417, Evaluations = 4896
Generation 153: Best Solution = [-0.01059626  0.01069808  0.00792545 -0.01262711  0.00808605 -0.00406492
 -0.00302894 -0.00418876 -0.00636555 -0.00673764], Best Fitness = 0.0006435302400511417, Evaluations = 4928
Generation 154: Best Solution = [-0.01059626  0.01069808  0.00792545 -0.01262711  0.00808605 -0.00406492
 -0.00302894 -0.00418876 -0.00636555 -0.00673764], Best Fitness = 0.0006435302400511417, Evaluations = 4960
Generation 155: Best Solution = [ 0.00228829  0.01326392  0.00803945 -0.00273099  0.00592403  0.00473869
 -0.00905169 -0.00835177 -0.00391676  0.00815337], Best Fitness = 0.0005443122001701786, Evaluations = 4992
Generation 156: Best Solution = [ 0.00228829  0.01326392  0.00803945 -0.00273099  0.00592403  0.00473869
 -0.00905169 -0.00835177 -0.00391676  0.00815337], Best Fitness = 0.0005443122001701786, Evaluations = 5024
Generation 157: Best Solution = [ 0.00228829  0.01326392  0.00803945 -0.00273099  0.00592403  0.00473869
 -0.00905169 -0.00835177 -0.00391676  0.00815337], Best Fitness = 0.0005443122001701786, Evaluations = 5056
Generation 158: Best Solution = [ 0.00228829  0.01326392  0.00803945 -0.00273099  0.00592403  0.00473869
 -0.00905169 -0.00835177 -0.00391676  0.00815337], Best Fitness = 0.0005443122001701786, Evaluations = 5088
Generation 159: Best Solution = [ 0.00234715  0.00330223 -0.00758552 -0.00181672 -0.01448001  0.0052239
 -0.0101655  -0.00387915 -0.00275582  0.00139459], Best Fitness = 0.0004421391247216634, Evaluations = 5120
Generation 160: Best Solution = [ 0.00234715  0.00330223 -0.00758552 -0.00181672 -0.01448001  0.0052239
 -0.0101655  -0.00387915 -0.00275582  0.00139459], Best Fitness = 0.0004421391247216634, Evaluations = 5152
Generation 161: Best Solution = [ 0.00234715  0.00330223 -0.00758552 -0.00181672 -0.01448001  0.0052239
 -0.0101655  -0.00387915 -0.00275582  0.00139459], Best Fitness = 0.0004421391247216634, Evaluations = 5184
Generation 162: Best Solution = [ 0.00234715  0.00330223 -0.00758552 -0.00181672 -0.01448001  0.0052239
 -0.0101655  -0.00387915 -0.00275582  0.00139459], Best Fitness = 0.0004421391247216634, Evaluations = 5216
Generation 163: Best Solution = [-0.00476967  0.00242882  0.00411141 -0.01048586  0.00440397  0.00421357
  0.00413257  0.00205272 -0.00217216  0.00583888], Best Fitness = 0.0002527574867013105, Evaluations = 5248
Generation 164: Best Solution = [-0.00476967  0.00242882  0.00411141 -0.01048586  0.00440397  0.00421357
  0.00413257  0.00205272 -0.00217216  0.00583888], Best Fitness = 0.0002527574867013105, Evaluations = 5280
Generation 165: Best Solution = [ 2.49695338e-03 -3.46352290e-03  9.93462248e-04  1.19632603e-02
  3.85953273e-03 -6.78724688e-03  8.44171603e-06 -4.57707471e-04
  1.57775294e-03 -1.31584735e-03], Best Fitness = 0.00022773036979710894, Evaluations = 5312
Generation 166: Best Solution = [ 2.49695338e-03 -3.46352290e-03  9.93462248e-04  1.19632603e-02
  3.85953273e-03 -6.78724688e-03  8.44171603e-06 -4.57707471e-04
  1.57775294e-03 -1.31584735e-03], Best Fitness = 0.00022773036979710894, Evaluations = 5344
Generation 167: Best Solution = [ 7.32170127e-05  1.13905469e-03 -4.80162479e-03  6.20754399e-03
 -7.13515181e-03  1.44290631e-04 -4.36149331e-04 -6.98934854e-03
 -4.66053003e-03 -3.54875243e-03], Best Fitness = 0.00019717862371267138, Evaluations = 5376
Generation 168: Best Solution = [ 7.32170127e-05  1.13905469e-03 -4.80162479e-03  6.20754399e-03
 -7.13515181e-03  1.44290631e-04 -4.36149331e-04 -6.98934854e-03
 -4.66053003e-03 -3.54875243e-03], Best Fitness = 0.00019717862371267138, Evaluations = 5408
Generation 169: Best Solution = [-4.15360584e-04 -3.46352290e-03  9.93462248e-04  4.78238467e-03
  3.85953273e-03 -4.94587672e-03  8.44171603e-06  4.82020300e-03
 -6.47689125e-03  6.17789119e-03], Best Fitness = 0.00017873526319851186, Evaluations = 5440
Generation 170: Best Solution = [-0.00160456  0.00330223  0.0056151  -0.00181672  0.00358552  0.0003339
  0.00125722 -0.00387915 -0.00035765  0.00139459], Best Fitness = 7.997782029707863e-05, Evaluations = 5472
Generation 171: Best Solution = [-0.00160456  0.00330223  0.0056151  -0.00181672  0.00358552  0.0003339
  0.00125722 -0.00387915 -0.00035765  0.00139459], Best Fitness = 7.997782029707863e-05, Evaluations = 5504
Generation 172: Best Solution = [-0.00160456  0.00330223  0.0056151  -0.00181672  0.00358552  0.0003339
  0.00125722 -0.00387915 -0.00035765  0.00139459], Best Fitness = 7.997782029707863e-05, Evaluations = 5536
Generation 173: Best Solution = [-0.00160456  0.00330223  0.0056151  -0.00181672  0.00358552  0.0003339
  0.00125722 -0.00387915 -0.00035765  0.00139459], Best Fitness = 7.997782029707863e-05, Evaluations = 5568
Generation 174: Best Solution = [-0.00160456  0.00330223  0.0056151  -0.00181672  0.00358552  0.0003339
  0.00125722 -0.00387915 -0.00035765  0.00139459], Best Fitness = 7.997782029707863e-05, Evaluations = 5600
Generation 175: Best Solution = [-0.00160456  0.00330223  0.0056151  -0.00181672  0.00358552  0.0003339
  0.00125722 -0.00387915 -0.00035765  0.00139459], Best Fitness = 7.997782029707863e-05, Evaluations = 5632
Generation 176: Best Solution = [-0.00160456  0.00330223  0.0056151  -0.00181672  0.00358552  0.0003339
  0.00125722 -0.00387915 -0.00035765  0.00139459], Best Fitness = 7.997782029707863e-05, Evaluations = 5664
Generation 177: Best Solution = [-0.00160456  0.00330223  0.0056151  -0.00181672  0.00358552  0.0003339
  0.00125722 -0.00387915 -0.00035765  0.00139459], Best Fitness = 7.997782029707863e-05, Evaluations = 5696
Generation 178: Best Solution = [-3.08741941e-03 -2.65078264e-03  3.47655177e-03  5.93355919e-05
  8.28630526e-04  1.95996348e-03 -1.15548806e-03  2.35501353e-03
  1.52240316e-03 -5.88723836e-03], Best Fitness = 7.70353538912788e-05, Evaluations = 5728
Generation 179: Best Solution = [-3.08741941e-03 -2.65078264e-03  3.47655177e-03  5.93355919e-05
  8.28630526e-04  1.95996348e-03 -1.15548806e-03  2.35501353e-03
  1.52240316e-03 -5.88723836e-03], Best Fitness = 7.70353538912788e-05, Evaluations = 5760
Generation 180: Best Solution = [-3.08741941e-03 -2.65078264e-03  3.47655177e-03  5.93355919e-05
  8.28630526e-04  1.95996348e-03 -1.15548806e-03  2.35501353e-03
  1.52240316e-03 -5.88723836e-03], Best Fitness = 7.70353538912788e-05, Evaluations = 5792
Generation 181: Best Solution = [-3.08741941e-03 -2.65078264e-03  3.47655177e-03  5.93355919e-05
  8.28630526e-04  1.95996348e-03 -1.15548806e-03  2.35501353e-03
  1.52240316e-03 -5.88723836e-03], Best Fitness = 4.671049307849072e-05, Evaluations = 5824
Generation 182: Best Solution = [-3.08741941e-03 -2.65078264e-03  3.47655177e-03  5.93355919e-05
  8.28630526e-04  1.95996348e-03 -1.15548806e-03  2.35501353e-03
  1.52240316e-03 -5.88723836e-03], Best Fitness = 4.671049307849072e-05, Evaluations = 5856
Generation 183: Best Solution = [-3.08741941e-03 -2.65078264e-03  3.47655177e-03  5.93355919e-05
  8.28630526e-04  1.95996348e-03 -1.15548806e-03  2.35501353e-03
  1.52240316e-03 -5.88723836e-03], Best Fitness = 4.671049307849072e-05, Evaluations = 5888
Generation 184: Best Solution = [-3.08741941e-03 -2.65078264e-03  3.47655177e-03  5.93355919e-05
  8.28630526e-04  1.95996348e-03 -1.15548806e-03  2.35501353e-03
  1.52240316e-03 -5.88723836e-03], Best Fitness = 4.671049307849072e-05, Evaluations = 5920
Generation 185: Best Solution = [-3.08741941e-03 -2.65078264e-03  3.47655177e-03  5.93355919e-05
  8.28630526e-04  1.95996348e-03 -1.15548806e-03  2.35501353e-03
  1.52240316e-03 -5.88723836e-03], Best Fitness = 4.671049307849072e-05, Evaluations = 5952
Generation 186: Best Solution = [-3.08741941e-03 -2.65078264e-03  3.47655177e-03  5.93355919e-05
  8.28630526e-04  1.95996348e-03 -1.15548806e-03  2.35501353e-03
  1.52240316e-03 -5.88723836e-03], Best Fitness = 4.309362902096195e-05, Evaluations = 5984
Generation 187: Best Solution = [-3.08741941e-03 -2.65078264e-03  3.47655177e-03  5.93355919e-05
  8.28630526e-04  1.95996348e-03 -1.15548806e-03  2.35501353e-03
  1.52240316e-03 -5.88723836e-03], Best Fitness = 4.309362902096195e-05, Evaluations = 6016
Generation 188: Best Solution = [-3.08741941e-03 -2.65078264e-03  3.47655177e-03  5.93355919e-05
  8.28630526e-04  1.95996348e-03 -1.15548806e-03  2.35501353e-03
  1.52240316e-03 -5.88723836e-03], Best Fitness = 4.309362902096195e-05, Evaluations = 6048
Generation 189: Best Solution = [-3.08741941e-03 -2.65078264e-03  3.47655177e-03  5.93355919e-05
  8.28630526e-04  1.95996348e-03 -1.15548806e-03  2.35501353e-03
  1.52240316e-03 -5.88723836e-03], Best Fitness = 4.309362902096195e-05, Evaluations = 6080
Generation 190: Best Solution = [-0.00080026 -0.00153645 -0.00019391 -0.00122827  0.00125256 -0.00058676
 -0.0019256  -0.00125906 -0.00297414  0.00423318], Best Fitness = 3.8519010707217815e-05, Evaluations = 6112
Generation 191: Best Solution = [-0.00080026 -0.00153645 -0.00019391 -0.00122827  0.00125256 -0.00058676
 -0.0019256  -0.00125906 -0.00297414  0.00423318], Best Fitness = 3.8519010707217815e-05, Evaluations = 6144
Generation 192: Best Solution = [-0.0027616  -0.00068783  0.003301   -0.00070693  0.00140122 -0.00114416
 -0.00068076  0.000188   -0.00223982 -0.00238436], Best Fitness = 3.396914045313753e-05, Evaluations = 6176
Generation 193: Best Solution = [-0.0027616  -0.00068783  0.003301   -0.00070693  0.00140122 -0.00114416
 -0.00068076  0.000188   -0.00223982 -0.00238436], Best Fitness = 3.003253694510971e-05, Evaluations = 6208
Generation 194: Best Solution = [-0.0027616  -0.00068783  0.003301   -0.00070693  0.00140122 -0.00114416
 -0.00068076  0.000188   -0.00223982 -0.00238436], Best Fitness = 3.003253694510971e-05, Evaluations = 6240
Generation 195: Best Solution = [-0.00025771 -0.00243789  0.00029873  0.00100808  0.00186349  0.00097528
 -0.00167609  0.00020405  0.00245284  0.00280789], Best Fitness = 2.8290519288339087e-05, Evaluations = 6272
Generation 196: Best Solution = [-0.00128657 -0.00102278  0.00276105  0.00234788 -0.0018589  -0.00110149
  0.00089473 -0.0003042   0.00126406  0.00058702], Best Fitness = 2.3341587862656952e-05, Evaluations = 6304
Generation 197: Best Solution = [-0.00128657 -0.00102278  0.00276105  0.00234788 -0.0018589  -0.00110149
  0.00089473 -0.0003042   0.00126406  0.00058702], Best Fitness = 2.3341587862656952e-05, Evaluations = 6336
Generation 198: Best Solution = [-0.00128657 -0.00102278  0.00276105  0.00234788 -0.0018589  -0.00110149
  0.00089473 -0.0003042   0.00126406  0.00058702], Best Fitness = 2.3341587862656952e-05, Evaluations = 6368
Generation 199: Best Solution = [-0.00080026 -0.00153645 -0.00019391  0.00122725 -0.00138772 -0.00111599
 -0.0019256  -0.00125906  0.00061484 -0.00115416], Best Fitness = 1.4719345671380423e-05, Evaluations = 6400
Generation 200: Best Solution = [-0.00080026 -0.00153645 -0.00019391  0.00122725 -0.00138772 -0.00111599
 -0.0019256  -0.00125906  0.00061484 -0.00115416], Best Fitness = 1.4719345671380423e-05, Evaluations = 6432
Generation 201: Best Solution = [-0.00080026 -0.00153645 -0.00019391  0.00122725 -0.00138772 -0.00111599
 -0.0019256  -0.00125906  0.00061484 -0.00115416], Best Fitness = 1.4719345671380423e-05, Evaluations = 6464
Generation 202: Best Solution = [-0.00080026 -0.00153645 -0.00019391  0.00122725 -0.00138772 -0.00111599
 -0.0019256  -0.00125906  0.00061484 -0.00115416], Best Fitness = 1.4719345671380423e-05, Evaluations = 6496
Generation 203: Best Solution = [-2.24463952e-04  1.21772145e-04  1.43687237e-03 -2.20699085e-04
  1.32522660e-04  1.26172008e-03 -1.43082406e-03  7.70463056e-04
 -1.00750400e-03 -7.90050104e-05], Best Fitness = 7.450199530744381e-06, Evaluations = 6528
Generation 204: Best Solution = [-2.24463952e-04  1.21772145e-04  1.43687237e-03 -2.20699085e-04
  1.32522660e-04  1.26172008e-03 -1.43082406e-03  7.70463056e-04
 -1.00750400e-03 -7.90050104e-05], Best Fitness = 7.450199530744381e-06, Evaluations = 6560
Generation 205: Best Solution = [-2.24463952e-04  1.21772145e-04  1.43687237e-03 -2.20699085e-04
  1.32522660e-04  1.26172008e-03 -1.43082406e-03  7.70463056e-04
 -1.00750400e-03 -7.90050104e-05], Best Fitness = 7.450199530744381e-06, Evaluations = 6592
Generation 206: Best Solution = [-2.24463952e-04  1.21772145e-04  1.43687237e-03 -2.20699085e-04
  1.32522660e-04  1.26172008e-03 -1.43082406e-03  7.70463056e-04
 -1.00750400e-03 -7.90050104e-05], Best Fitness = 7.450199530744381e-06, Evaluations = 6624
Generation 207: Best Solution = [-2.24463952e-04  1.21772145e-04  1.43687237e-03 -2.20699085e-04
  1.32522660e-04  1.26172008e-03 -1.43082406e-03  7.70463056e-04
 -1.00750400e-03 -7.90050104e-05], Best Fitness = 7.450199530744381e-06, Evaluations = 6656
Generation 208: Best Solution = [-2.24463952e-04  1.21772145e-04  1.43687237e-03 -2.20699085e-04
  1.32522660e-04  1.26172008e-03 -1.43082406e-03  7.70463056e-04
 -1.00750400e-03 -7.90050104e-05], Best Fitness = 7.450199530744381e-06, Evaluations = 6688
Generation 209: Best Solution = [-0.00065694  0.00131634  0.00042419  0.00031349  0.00140198 -0.00063529
  0.00038236  0.00116659 -0.00072098 -0.00072306], Best Fitness = 7.36144930558929e-06, Evaluations = 6720
Generation 210: Best Solution = [-0.00065694  0.00131634  0.00042419  0.00031349  0.00140198 -0.00063529
  0.00038236  0.00116659 -0.00072098 -0.00072306], Best Fitness = 7.36144930558929e-06, Evaluations = 6752
Generation 211: Best Solution = [-0.00065694  0.00131634  0.00042419  0.00031349  0.00140198 -0.00063529
  0.00038236  0.00116659 -0.00072098 -0.00072306], Best Fitness = 7.36144930558929e-06, Evaluations = 6784
Generation 212: Best Solution = [-0.00043464 -0.00027093 -0.00028865  0.00079509  0.00114258 -0.00114732
 -0.00010385 -0.00017541  0.00045604  0.00034876], Best Fitness = 3.970787457191582e-06, Evaluations = 6816
Generation 213: Best Solution = [-0.00043464 -0.00027093 -0.00028865  0.00079509  0.00114258 -0.00114732
 -0.00010385 -0.00017541  0.00045604  0.00034876], Best Fitness = 3.3572688566857826e-06, Evaluations = 6848
Generation 214: Best Solution = [-0.00043464 -0.00027093 -0.00028865  0.00079509  0.00114258 -0.00114732
 -0.00010385 -0.00017541  0.00045604  0.00034876], Best Fitness = 3.3572688566857826e-06, Evaluations = 6880
Generation 215: Best Solution = [-0.00043464 -0.00027093 -0.00028865  0.00079509  0.00114258 -0.00114732
 -0.00010385 -0.00017541  0.00045604  0.00034876], Best Fitness = 3.3572688566857826e-06, Evaluations = 6912
Generation 216: Best Solution = [-0.00043464 -0.00027093 -0.00028865  0.00079509  0.00114258 -0.00114732
 -0.00010385 -0.00017541  0.00045604  0.00034876], Best Fitness = 3.3572688566857826e-06, Evaluations = 6944
Generation 217: Best Solution = [-0.00043464 -0.00027093 -0.00028865  0.00079509  0.00114258 -0.00114732
 -0.00010385 -0.00017541  0.00045604  0.00034876], Best Fitness = 3.3572688566857826e-06, Evaluations = 6976
Generation 218: Best Solution = [-0.00043464 -0.00027093 -0.00028865  0.00079509  0.00114258 -0.00114732
 -0.00010385 -0.00017541  0.00045604  0.00034876], Best Fitness = 3.3572688566857826e-06, Evaluations = 7008
Generation 219: Best Solution = [-0.00043464 -0.00027093 -0.00028865  0.00079509  0.00114258 -0.00114732
 -0.00010385 -0.00017541  0.00045604  0.00034876], Best Fitness = 3.3572688566857826e-06, Evaluations = 7040
Generation 220: Best Solution = [-0.00043464 -0.00027093 -0.00028865  0.00079509  0.00114258 -0.00114732
 -0.00010385 -0.00017541  0.00045604  0.00034876], Best Fitness = 3.2761005692576337e-06, Evaluations = 7072
Generation 221: Best Solution = [-0.00043464 -0.00027093 -0.00028865  0.00079509  0.00114258 -0.00114732
 -0.00010385 -0.00017541  0.00045604  0.00034876], Best Fitness = 3.2761005692576337e-06, Evaluations = 7104
Generation 222: Best Solution = [-0.00043464 -0.00027093 -0.00028865  0.00079509  0.00114258 -0.00114732
 -0.00010385 -0.00017541  0.00045604  0.00034876], Best Fitness = 3.2761005692576337e-06, Evaluations = 7136
Generation 223: Best Solution = [-0.00043464 -0.00027093 -0.00028865  0.00079509  0.00114258 -0.00114732
 -0.00010385 -0.00017541  0.00045604  0.00034876], Best Fitness = 3.2761005692576337e-06, Evaluations = 7168
Generation 224: Best Solution = [-1.82438042e-04  1.22995524e-03  3.24938766e-04 -8.42651175e-04
 -3.41557752e-04  6.08954260e-04 -9.44956426e-05 -4.23261115e-04
  3.76761344e-04  2.90704301e-04], Best Fitness = 3.263744227570663e-06, Evaluations = 7200
Generation 225: Best Solution = [-1.82438042e-04  1.22995524e-03  3.24938766e-04 -8.42651175e-04
 -3.41557752e-04  6.08954260e-04 -9.44956426e-05 -4.23261115e-04
  3.76761344e-04  2.90704301e-04], Best Fitness = 3.263744227570663e-06, Evaluations = 7232
Generation 226: Best Solution = [-1.82438042e-04  1.22995524e-03  3.24938766e-04 -8.42651175e-04
 -3.41557752e-04  6.08954260e-04 -9.44956426e-05 -4.23261115e-04
  3.76761344e-04  2.90704301e-04], Best Fitness = 2.1932318331055214e-06, Evaluations = 7264
Generation 227: Best Solution = [-1.82438042e-04  1.22995524e-03  3.24938766e-04 -8.42651175e-04
 -3.41557752e-04  6.08954260e-04 -9.44956426e-05 -4.23261115e-04
  3.76761344e-04  2.90704301e-04], Best Fitness = 2.1932318331055214e-06, Evaluations = 7296
Generation 228: Best Solution = [-1.82438042e-04  1.22995524e-03  3.24938766e-04 -8.42651175e-04
 -3.41557752e-04  6.08954260e-04 -9.44956426e-05 -4.23261115e-04
  3.76761344e-04  2.90704301e-04], Best Fitness = 2.1932318331055214e-06, Evaluations = 7328
Generation 229: Best Solution = [-1.82438042e-04  1.22995524e-03  3.24938766e-04 -8.42651175e-04
 -3.41557752e-04  6.08954260e-04 -9.44956426e-05 -4.23261115e-04
  3.76761344e-04  2.90704301e-04], Best Fitness = 2.1932318331055214e-06, Evaluations = 7360
Generation 230: Best Solution = [-1.82438042e-04  1.22995524e-03  3.24938766e-04 -8.42651175e-04
 -3.41557752e-04  6.08954260e-04 -9.44956426e-05 -4.23261115e-04
  3.76761344e-04  2.90704301e-04], Best Fitness = 2.1932318331055214e-06, Evaluations = 7392
Generation 231: Best Solution = [-1.82438042e-04  1.22995524e-03  3.24938766e-04 -8.42651175e-04
 -3.41557752e-04  6.08954260e-04 -9.44956426e-05 -4.23261115e-04
  3.76761344e-04  2.90704301e-04], Best Fitness = 2.1932318331055214e-06, Evaluations = 7424
Generation 232: Best Solution = [-1.82438042e-04  1.22995524e-03  3.24938766e-04 -8.42651175e-04
 -3.41557752e-04  6.08954260e-04 -9.44956426e-05 -4.23261115e-04
  3.76761344e-04  2.90704301e-04], Best Fitness = 2.1932318331055214e-06, Evaluations = 7456
Generation 233: Best Solution = [-3.91760079e-04 -9.99994117e-05  5.01341972e-04 -2.74488480e-04
  5.37346927e-04 -5.63080750e-04 -5.67880384e-04  1.55535793e-04
 -1.09896812e-04  1.67077199e-04], Best Fitness = 1.4826368056304227e-06, Evaluations = 7488
Generation 234: Best Solution = [ 4.15093024e-04 -7.85903710e-04 -1.89702988e-04  2.35205024e-05
  4.71597052e-05 -2.79555868e-04 -3.28330747e-04  6.95010900e-05
  1.92370306e-04  6.27740136e-04], Best Fitness = 1.4505583119869533e-06, Evaluations = 7520
Generation 235: Best Solution = [ 4.15093024e-04 -7.85903710e-04 -1.89702988e-04  2.35205024e-05
  4.71597052e-05 -2.79555868e-04 -3.28330747e-04  6.95010900e-05
  1.92370306e-04  6.27740136e-04], Best Fitness = 1.4505583119869533e-06, Evaluations = 7552
Generation 236: Best Solution = [ 4.15093024e-04 -7.85903710e-04 -1.89702988e-04  2.35205024e-05
  4.71597052e-05 -2.79555868e-04 -3.28330747e-04  6.95010900e-05
  1.92370306e-04  6.27740136e-04], Best Fitness = 1.4505583119869533e-06, Evaluations = 7584
Generation 237: Best Solution = [ 2.34278176e-04  1.71913356e-04  1.21055176e-04  2.11657885e-04
 -3.02321442e-04 -1.38438096e-05  3.49386575e-05 -2.10955227e-06
  5.47476432e-04 -1.06069084e-04], Best Fitness = 5.47690041168904e-07, Evaluations = 7616
Generation 238: Best Solution = [ 2.34278176e-04  1.71913356e-04  1.21055176e-04  2.11657885e-04
 -3.02321442e-04 -1.38438096e-05  3.49386575e-05 -2.10955227e-06
  5.47476432e-04 -1.06069084e-04], Best Fitness = 5.47690041168904e-07, Evaluations = 7648
Generation 239: Best Solution = [ 2.34278176e-04  1.71913356e-04  1.21055176e-04  2.11657885e-04
 -3.02321442e-04 -1.38438096e-05  3.49386575e-05 -2.10955227e-06
  5.47476432e-04 -1.06069084e-04], Best Fitness = 4.287205140720341e-07, Evaluations = 7680
Generation 240: Best Solution = [ 2.34278176e-04  1.71913356e-04  1.21055176e-04  2.11657885e-04
 -3.02321442e-04 -1.38438096e-05  3.49386575e-05 -2.10955227e-06
  5.47476432e-04 -1.06069084e-04], Best Fitness = 4.287205140720341e-07, Evaluations = 7712
Generation 241: Best Solution = [ 2.34278176e-04  1.71913356e-04  1.21055176e-04  2.11657885e-04
 -3.02321442e-04 -1.38438096e-05  3.49386575e-05 -2.10955227e-06
  5.47476432e-04 -1.06069084e-04], Best Fitness = 4.287205140720341e-07, Evaluations = 7744
Generation 242: Best Solution = [ 2.34278176e-04  1.71913356e-04  1.21055176e-04  2.11657885e-04
 -3.02321442e-04 -1.38438096e-05  3.49386575e-05 -2.10955227e-06
  5.47476432e-04 -1.06069084e-04], Best Fitness = 4.287205140720341e-07, Evaluations = 7776
Generation 243: Best Solution = [ 2.34278176e-04  1.71913356e-04  1.21055176e-04  2.11657885e-04
 -3.02321442e-04 -1.38438096e-05  3.49386575e-05 -2.10955227e-06
  5.47476432e-04 -1.06069084e-04], Best Fitness = 1.4015264809007866e-07, Evaluations = 7808
Generation 244: Best Solution = [ 2.34278176e-04  1.71913356e-04  1.21055176e-04  2.11657885e-04
 -3.02321442e-04 -1.38438096e-05  3.49386575e-05 -2.10955227e-06
  5.47476432e-04 -1.06069084e-04], Best Fitness = 1.4015264809007866e-07, Evaluations = 7840
Generation 245: Best Solution = [ 2.34278176e-04  1.71913356e-04  1.21055176e-04  2.11657885e-04
 -3.02321442e-04 -1.38438096e-05  3.49386575e-05 -2.10955227e-06
  5.47476432e-04 -1.06069084e-04], Best Fitness = 1.4015264809007866e-07, Evaluations = 7872
Generation 246: Best Solution = [ 2.34278176e-04  1.71913356e-04  1.21055176e-04  2.11657885e-04
 -3.02321442e-04 -1.38438096e-05  3.49386575e-05 -2.10955227e-06
  5.47476432e-04 -1.06069084e-04], Best Fitness = 1.4015264809007866e-07, Evaluations = 7904
Generation 247: Best Solution = [ 2.34278176e-04  1.71913356e-04  1.21055176e-04  2.11657885e-04
 -3.02321442e-04 -1.38438096e-05  3.49386575e-05 -2.10955227e-06
  5.47476432e-04 -1.06069084e-04], Best Fitness = 1.4015264809007866e-07, Evaluations = 7936
Generation 248: Best Solution = [ 2.34278176e-04  1.71913356e-04  1.21055176e-04  2.11657885e-04
 -3.02321442e-04 -1.38438096e-05  3.49386575e-05 -2.10955227e-06
  5.47476432e-04 -1.06069084e-04], Best Fitness = 1.4015264809007866e-07, Evaluations = 7968
Generation 249: Best Solution = [ 2.34278176e-04  1.71913356e-04  1.21055176e-04  2.11657885e-04
 -3.02321442e-04 -1.38438096e-05  3.49386575e-05 -2.10955227e-06
  5.47476432e-04 -1.06069084e-04], Best Fitness = 1.4015264809007866e-07, Evaluations = 8000
Generation 250: Best Solution = [ 2.34278176e-04  1.71913356e-04  1.21055176e-04  2.11657885e-04
 -3.02321442e-04 -1.38438096e-05  3.49386575e-05 -2.10955227e-06
  5.47476432e-04 -1.06069084e-04], Best Fitness = 1.4015264809007866e-07, Evaluations = 8032
Generation 251: Best Solution = [ 2.34278176e-04  1.71913356e-04  1.21055176e-04  2.11657885e-04
 -3.02321442e-04 -1.38438096e-05  3.49386575e-05 -2.10955227e-06
  5.47476432e-04 -1.06069084e-04], Best Fitness = 1.4015264809007866e-07, Evaluations = 8064
Generation 252: Best Solution = [ 2.34278176e-04  1.71913356e-04  1.21055176e-04  2.11657885e-04
 -3.02321442e-04 -1.38438096e-05  3.49386575e-05 -2.10955227e-06
  5.47476432e-04 -1.06069084e-04], Best Fitness = 1.4015264809007866e-07, Evaluations = 8096
Generation 253: Best Solution = [ 2.34278176e-04  1.71913356e-04  1.21055176e-04  2.11657885e-04
 -3.02321442e-04 -1.38438096e-05  3.49386575e-05 -2.10955227e-06
  5.47476432e-04 -1.06069084e-04], Best Fitness = 1.4015264809007866e-07, Evaluations = 8128
Generation 254: Best Solution = [ 2.34278176e-04  1.71913356e-04  1.21055176e-04  2.11657885e-04
 -3.02321442e-04 -1.38438096e-05  3.49386575e-05 -2.10955227e-06
  5.47476432e-04 -1.06069084e-04], Best Fitness = 1.4015264809007866e-07, Evaluations = 8160
Generation 255: Best Solution = [ 2.34278176e-04  1.71913356e-04  1.21055176e-04  2.11657885e-04
 -3.02321442e-04 -1.38438096e-05  3.49386575e-05 -2.10955227e-06
  5.47476432e-04 -1.06069084e-04], Best Fitness = 1.4015264809007866e-07, Evaluations = 8192
Generation 256: Best Solution = [ 2.34278176e-04  1.71913356e-04  1.21055176e-04  2.11657885e-04
 -3.02321442e-04 -1.38438096e-05  3.49386575e-05 -2.10955227e-06
  5.47476432e-04 -1.06069084e-04], Best Fitness = 1.4015264809007866e-07, Evaluations = 8224
Generation 257: Best Solution = [ 2.34278176e-04  1.71913356e-04  1.21055176e-04  2.11657885e-04
 -3.02321442e-04 -1.38438096e-05  3.49386575e-05 -2.10955227e-06
  5.47476432e-04 -1.06069084e-04], Best Fitness = 1.4015264809007866e-07, Evaluations = 8256
Generation 258: Best Solution = [ 2.34278176e-04  1.71913356e-04  1.21055176e-04  2.11657885e-04
 -3.02321442e-04 -1.38438096e-05  3.49386575e-05 -2.10955227e-06
  5.47476432e-04 -1.06069084e-04], Best Fitness = 1.4015264809007866e-07, Evaluations = 8288
Generation 259: Best Solution = [ 2.34278176e-04  1.71913356e-04  1.21055176e-04  2.11657885e-04
 -3.02321442e-04 -1.38438096e-05  3.49386575e-05 -2.10955227e-06
  5.47476432e-04 -1.06069084e-04], Best Fitness = 1.2694906323626832e-07, Evaluations = 8320
Generation 260: Best Solution = [-1.74040424e-04  9.42929823e-06 -9.62427574e-06 -9.37571760e-05
 -3.40083546e-06 -6.24727171e-05  1.86843367e-05  1.39522061e-04
 -4.81788480e-05 -3.47208245e-05], Best Fitness = 6.65186684246384e-08, Evaluations = 8352
Generation 261: Best Solution = [-1.74040424e-04  9.42929823e-06 -9.62427574e-06 -9.37571760e-05
 -3.40083546e-06 -6.24727171e-05  1.86843367e-05  1.39522061e-04
 -4.81788480e-05 -3.47208245e-05], Best Fitness = 6.65186684246384e-08, Evaluations = 8384
Generation 262: Best Solution = [-1.74040424e-04  9.42929823e-06 -9.62427574e-06 -9.37571760e-05
 -3.40083546e-06 -6.24727171e-05  1.86843367e-05  1.39522061e-04
 -4.81788480e-05 -3.47208245e-05], Best Fitness = 6.65186684246384e-08, Evaluations = 8416
Generation 263: Best Solution = [-1.74040424e-04  9.42929823e-06 -9.62427574e-06 -9.37571760e-05
 -3.40083546e-06 -6.24727171e-05  1.86843367e-05  1.39522061e-04
 -4.81788480e-05 -3.47208245e-05], Best Fitness = 6.65186684246384e-08, Evaluations = 8448
Generation 264: Best Solution = [-1.74040424e-04  9.42929823e-06 -9.62427574e-06 -9.37571760e-05
 -3.40083546e-06 -6.24727171e-05  1.86843367e-05  1.39522061e-04
 -4.81788480e-05 -3.47208245e-05], Best Fitness = 6.65186684246384e-08, Evaluations = 8480
Generation 265: Best Solution = [-1.74040424e-04  9.42929823e-06 -9.62427574e-06 -9.37571760e-05
 -3.40083546e-06 -6.24727171e-05  1.86843367e-05  1.39522061e-04
 -4.81788480e-05 -3.47208245e-05], Best Fitness = 6.65186684246384e-08, Evaluations = 8512
Generation 266: Best Solution = [-1.74040424e-04  9.42929823e-06 -9.62427574e-06 -9.37571760e-05
 -3.40083546e-06 -6.24727171e-05  1.86843367e-05  1.39522061e-04
 -4.81788480e-05 -3.47208245e-05], Best Fitness = 6.65186684246384e-08, Evaluations = 8544
Generation 267: Best Solution = [-1.74040424e-04  9.42929823e-06 -9.62427574e-06 -9.37571760e-05
 -3.40083546e-06 -6.24727171e-05  1.86843367e-05  1.39522061e-04
 -4.81788480e-05 -3.47208245e-05], Best Fitness = 6.65186684246384e-08, Evaluations = 8576
Generation 268: Best Solution = [-1.74040424e-04  9.42929823e-06 -9.62427574e-06 -9.37571760e-05
 -3.40083546e-06 -6.24727171e-05  1.86843367e-05  1.39522061e-04
 -4.81788480e-05 -3.47208245e-05], Best Fitness = 6.65186684246384e-08, Evaluations = 8608
Generation 269: Best Solution = [-1.74040424e-04  9.42929823e-06 -9.62427574e-06 -9.37571760e-05
 -3.40083546e-06 -6.24727171e-05  1.86843367e-05  1.39522061e-04
 -4.81788480e-05 -3.47208245e-05], Best Fitness = 4.363899174309694e-08, Evaluations = 8640
Generation 270: Best Solution = [-1.74040424e-04  9.42929823e-06 -9.62427574e-06 -9.37571760e-05
 -3.40083546e-06 -6.24727171e-05  1.86843367e-05  1.39522061e-04
 -4.81788480e-05 -3.47208245e-05], Best Fitness = 4.363899174309694e-08, Evaluations = 8672
Generation 271: Best Solution = [-1.74040424e-04  9.42929823e-06 -9.62427574e-06 -9.37571760e-05
 -3.40083546e-06 -6.24727171e-05  1.86843367e-05  1.39522061e-04
 -4.81788480e-05 -3.47208245e-05], Best Fitness = 4.363899174309694e-08, Evaluations = 8704
Generation 272: Best Solution = [-1.74040424e-04  9.42929823e-06 -9.62427574e-06 -9.37571760e-05
 -3.40083546e-06 -6.24727171e-05  1.86843367e-05  1.39522061e-04
 -4.81788480e-05 -3.47208245e-05], Best Fitness = 4.363899174309694e-08, Evaluations = 8736
Generation 273: Best Solution = [-1.74040424e-04  9.42929823e-06 -9.62427574e-06 -9.37571760e-05
 -3.40083546e-06 -6.24727171e-05  1.86843367e-05  1.39522061e-04
 -4.81788480e-05 -3.47208245e-05], Best Fitness = 4.363899174309694e-08, Evaluations = 8768
Generation 274: Best Solution = [-1.74040424e-04  9.42929823e-06 -9.62427574e-06 -9.37571760e-05
 -3.40083546e-06 -6.24727171e-05  1.86843367e-05  1.39522061e-04
 -4.81788480e-05 -3.47208245e-05], Best Fitness = 4.363899174309694e-08, Evaluations = 8800
Generation 275: Best Solution = [-1.74040424e-04  9.42929823e-06 -9.62427574e-06 -9.37571760e-05
 -3.40083546e-06 -6.24727171e-05  1.86843367e-05  1.39522061e-04
 -4.81788480e-05 -3.47208245e-05], Best Fitness = 4.363899174309694e-08, Evaluations = 8832
Generation 276: Best Solution = [-1.74040424e-04  9.42929823e-06 -9.62427574e-06 -9.37571760e-05
 -3.40083546e-06 -6.24727171e-05  1.86843367e-05  1.39522061e-04
 -4.81788480e-05 -3.47208245e-05], Best Fitness = 4.363899174309694e-08, Evaluations = 8864
Generation 277: Best Solution = [-1.74040424e-04  9.42929823e-06 -9.62427574e-06 -9.37571760e-05
 -3.40083546e-06 -6.24727171e-05  1.86843367e-05  1.39522061e-04
 -4.81788480e-05 -3.47208245e-05], Best Fitness = 4.363899174309694e-08, Evaluations = 8896
Generation 278: Best Solution = [-1.74040424e-04  9.42929823e-06 -9.62427574e-06 -9.37571760e-05
 -3.40083546e-06 -6.24727171e-05  1.86843367e-05  1.39522061e-04
 -4.81788480e-05 -3.47208245e-05], Best Fitness = 4.363899174309694e-08, Evaluations = 8928
Generation 279: Best Solution = [-1.74040424e-04  9.42929823e-06 -9.62427574e-06 -9.37571760e-05
 -3.40083546e-06 -6.24727171e-05  1.86843367e-05  1.39522061e-04
 -4.81788480e-05 -3.47208245e-05], Best Fitness = 4.363899174309694e-08, Evaluations = 8960
Generation 280: Best Solution = [-4.30982712e-05  1.23005027e-04  4.83904111e-05  1.76592547e-05
  6.21670650e-05  2.92169171e-05  7.60801978e-05 -4.19356060e-05
  4.45199174e-05  5.59623582e-05], Best Fitness = 3.702015106468303e-08, Evaluations = 8992
Generation 281: Best Solution = [-4.30982712e-05  1.23005027e-04  4.83904111e-05  1.76592547e-05
  6.21670650e-05  2.92169171e-05  7.60801978e-05 -4.19356060e-05
  4.45199174e-05  5.59623582e-05], Best Fitness = 3.702015106468303e-08, Evaluations = 9024
Generation 282: Best Solution = [-4.30982712e-05  1.23005027e-04  4.83904111e-05  1.76592547e-05
  6.21670650e-05  2.92169171e-05  7.60801978e-05 -4.19356060e-05
  4.45199174e-05  5.59623582e-05], Best Fitness = 3.702015106468303e-08, Evaluations = 9056
Generation 283: Best Solution = [ 8.40363409e-05 -6.23054731e-05  1.59235648e-05 -2.59261372e-05
  5.54293995e-06  2.18828629e-06  6.65602406e-05  1.14830962e-04
  2.01347272e-05 -2.37156239e-05], Best Fitness = 3.0489569348068485e-08, Evaluations = 9088
Generation 284: Best Solution = [ 1.02652143e-05 -9.17998972e-05 -1.55768147e-05  5.58506588e-05
  1.47774956e-05 -1.53222739e-05  7.37084026e-05  8.20207196e-05
 -5.18641315e-05  2.43351516e-06], Best Fitness = 2.7203812632682816e-08, Evaluations = 9120
Generation 285: Best Solution = [ 1.02652143e-05 -9.17998972e-05 -1.55768147e-05  5.58506588e-05
  1.47774956e-05 -1.53222739e-05  7.37084026e-05  8.20207196e-05
 -5.18641315e-05  2.43351516e-06], Best Fitness = 2.7203812632682816e-08, Evaluations = 9152
Generation 286: Best Solution = [ 1.02652143e-05 -9.17998972e-05 -1.55768147e-05  5.58506588e-05
  1.47774956e-05 -1.53222739e-05  7.37084026e-05  8.20207196e-05
 -5.18641315e-05  2.43351516e-06], Best Fitness = 2.7203812632682816e-08, Evaluations = 9184
Generation 287: Best Solution = [ 1.68702165e-05  3.65766479e-05  1.70345885e-05  4.42512290e-06
  3.52765240e-06  3.91288395e-05  4.09974078e-05  4.40242555e-05
 -4.21901646e-05  7.78493825e-05], Best Fitness = 1.4935183569011968e-08, Evaluations = 9216
Generation 288: Best Solution = [ 1.68702165e-05  3.65766479e-05  1.70345885e-05  4.42512290e-06
  3.52765240e-06  3.91288395e-05  4.09974078e-05  4.40242555e-05
 -4.21901646e-05  7.78493825e-05], Best Fitness = 1.4935183569011968e-08, Evaluations = 9248
Generation 289: Best Solution = [ 3.95703756e-05 -6.23054731e-05 -8.77221342e-06 -2.59261372e-05
  5.54293995e-06 -5.69391196e-05  6.75737820e-07 -4.81792239e-05
  1.45855688e-05 -2.07478618e-05], Best Fitness = 1.2434597277805671e-08, Evaluations = 9280
Generation 290: Best Solution = [ 3.95703756e-05 -6.23054731e-05 -8.77221342e-06 -2.59261372e-05
  5.54293995e-06 -5.69391196e-05  6.75737820e-07 -4.81792239e-05
  1.45855688e-05 -2.07478618e-05], Best Fitness = 1.2434597277805671e-08, Evaluations = 9312
Generation 291: Best Solution = [ 3.95703756e-05 -6.23054731e-05 -8.77221342e-06 -2.59261372e-05
  5.54293995e-06 -5.69391196e-05  6.75737820e-07 -4.81792239e-05
  1.45855688e-05 -2.07478618e-05], Best Fitness = 1.2434597277805671e-08, Evaluations = 9344
Generation 292: Best Solution = [ 3.95703756e-05 -6.23054731e-05 -8.77221342e-06 -2.59261372e-05
  5.54293995e-06 -5.69391196e-05  6.75737820e-07 -4.81792239e-05
  1.45855688e-05 -2.07478618e-05], Best Fitness = 1.2434597277805671e-08, Evaluations = 9376
Generation 293: Best Solution = [ 9.62258163e-06 -2.46964369e-05  4.16341998e-06 -3.05239227e-05
 -5.47519749e-06 -4.90594448e-05 -1.69553224e-05  2.83238049e-06
  2.95286323e-05  1.95334422e-05], Best Fitness = 5.637359730777545e-09, Evaluations = 9408
Generation 294: Best Solution = [ 9.62258163e-06 -2.46964369e-05  4.16341998e-06 -3.05239227e-05
 -5.47519749e-06 -4.90594448e-05 -1.69553224e-05  2.83238049e-06
  2.95286323e-05  1.95334422e-05], Best Fitness = 5.637359730777545e-09, Evaluations = 9440
Generation 295: Best Solution = [ 9.62258163e-06 -2.46964369e-05  4.16341998e-06 -3.05239227e-05
 -5.47519749e-06 -4.90594448e-05 -1.69553224e-05  2.83238049e-06
  2.95286323e-05  1.95334422e-05], Best Fitness = 5.637359730777545e-09, Evaluations = 9472
Generation 296: Best Solution = [ 9.62258163e-06 -2.46964369e-05  4.16341998e-06 -3.05239227e-05
 -5.47519749e-06 -4.90594448e-05 -1.69553224e-05  2.83238049e-06
  2.95286323e-05  1.95334422e-05], Best Fitness = 5.637359730777545e-09, Evaluations = 9504
Generation 297: Best Solution = [ 9.62258163e-06 -2.46964369e-05  4.16341998e-06 -3.05239227e-05
 -5.47519749e-06 -4.90594448e-05 -1.69553224e-05  2.83238049e-06
  2.95286323e-05  1.95334422e-05], Best Fitness = 5.637359730777545e-09, Evaluations = 9536
Generation 298: Best Solution = [ 9.62258163e-06 -2.46964369e-05  4.16341998e-06 -3.05239227e-05
 -5.47519749e-06 -4.90594448e-05 -1.69553224e-05  2.83238049e-06
  2.95286323e-05  1.95334422e-05], Best Fitness = 5.637359730777545e-09, Evaluations = 9568
Generation 299: Best Solution = [ 9.62258163e-06 -2.46964369e-05  4.16341998e-06 -3.05239227e-05
 -5.47519749e-06 -4.90594448e-05 -1.69553224e-05  2.83238049e-06
  2.95286323e-05  1.95334422e-05], Best Fitness = 5.637359730777545e-09, Evaluations = 9600
Generation 300: Best Solution = [ 9.62258163e-06 -2.46964369e-05  4.16341998e-06 -3.05239227e-05
 -5.47519749e-06 -4.90594448e-05 -1.69553224e-05  2.83238049e-06
  2.95286323e-05  1.95334422e-05], Best Fitness = 5.637359730777545e-09, Evaluations = 9632
Generation 301: Best Solution = [ 9.62258163e-06 -2.46964369e-05  4.16341998e-06 -3.05239227e-05
 -5.47519749e-06 -4.90594448e-05 -1.69553224e-05  2.83238049e-06
  2.95286323e-05  1.95334422e-05], Best Fitness = 5.637359730777545e-09, Evaluations = 9664
Generation 302: Best Solution = [ 9.62258163e-06 -2.46964369e-05  4.16341998e-06 -3.05239227e-05
 -5.47519749e-06 -4.90594448e-05 -1.69553224e-05  2.83238049e-06
  2.95286323e-05  1.95334422e-05], Best Fitness = 5.637359730777545e-09, Evaluations = 9696
Generation 303: Best Solution = [ 9.62258163e-06 -2.46964369e-05  4.16341998e-06 -3.05239227e-05
 -5.47519749e-06 -4.90594448e-05 -1.69553224e-05  2.83238049e-06
  2.95286323e-05  1.95334422e-05], Best Fitness = 5.637359730777545e-09, Evaluations = 9728
Generation 304: Best Solution = [ 9.62258163e-06 -2.46964369e-05  4.16341998e-06 -3.05239227e-05
 -5.47519749e-06 -4.90594448e-05 -1.69553224e-05  2.83238049e-06
  2.95286323e-05  1.95334422e-05], Best Fitness = 5.637359730777545e-09, Evaluations = 9760
Generation 305: Best Solution = [ 9.62258163e-06 -2.46964369e-05  4.16341998e-06 -3.05239227e-05
 -5.47519749e-06 -4.90594448e-05 -1.69553224e-05  2.83238049e-06
  2.95286323e-05  1.95334422e-05], Best Fitness = 5.637359730777545e-09, Evaluations = 9792
Generation 306: Best Solution = [ 1.19712801e-05  3.62908607e-06  2.84611104e-05  1.49971201e-05
 -3.67745773e-06  1.78099186e-05  2.21611253e-05  7.14196834e-06
  2.18286753e-05  1.79226923e-05], Best Fitness = 2.8619842757687355e-09, Evaluations = 9824
Generation 307: Best Solution = [ 1.19712801e-05  3.62908607e-06  2.84611104e-05  1.49971201e-05
 -3.67745773e-06  1.78099186e-05  2.21611253e-05  7.14196834e-06
  2.18286753e-05  1.79226923e-05], Best Fitness = 2.8619842757687355e-09, Evaluations = 9856
Generation 308: Best Solution = [ 2.29518877e-05  2.62180765e-06  7.21989577e-06  1.31250854e-05
 -1.17462522e-05 -2.55925244e-06  2.33815946e-05 -1.43754192e-05
  2.45813924e-05  4.82907053e-06], Best Fitness = 2.2834984139544237e-09, Evaluations = 9888
Generation 309: Best Solution = [ 2.29518877e-05  2.62180765e-06  7.21989577e-06  1.31250854e-05
 -1.17462522e-05 -2.55925244e-06  2.33815946e-05 -1.43754192e-05
  2.45813924e-05  4.82907053e-06], Best Fitness = 2.2834984139544237e-09, Evaluations = 9920
Generation 310: Best Solution = [ 2.29518877e-05  2.62180765e-06  7.21989577e-06  1.31250854e-05
 -1.17462522e-05 -2.55925244e-06  2.33815946e-05 -1.43754192e-05
  2.45813924e-05  4.82907053e-06], Best Fitness = 2.2834984139544237e-09, Evaluations = 9952
Generation 311: Best Solution = [ 2.29518877e-05  2.62180765e-06  7.21989577e-06  1.31250854e-05
 -1.17462522e-05 -2.55925244e-06  2.33815946e-05 -1.43754192e-05
  2.45813924e-05  4.82907053e-06], Best Fitness = 2.2834984139544237e-09, Evaluations = 9984
Generation 312: Best Solution = [ 2.29518877e-05  2.62180765e-06  7.21989577e-06  1.31250854e-05
 -1.17462522e-05 -2.55925244e-06  2.33815946e-05 -1.43754192e-05
  2.45813924e-05  4.82907053e-06], Best Fitness = 2.2834984139544237e-09, Evaluations = 10016
