Algorithm: Differential Evolution
Objective Function: Sphere
Dimension: 10
Population Size: 32
Max Evaluations: 10000

Generation 0: Best Solution = [-4.36234111 -0.97820938 -1.13788071 -0.18789718  1.12383247  1.49325388
  3.02381311  0.27133196  2.26876918  2.09002099], Best Fitness = 43.54236600245894, Evaluations = 32
Generation 1: Best Solution = [ 0.66464429  1.22607014  4.80570791  0.58348657 -1.06849355  0.89043092
 -2.48788522  1.16327557  1.94557733  1.14556112], Best Fitness = 39.95519513899139, Evaluations = 64
Generation 2: Best Solution = [ 0.66464429  1.22607014  4.80570791  0.58348657 -1.06849355  0.89043092
 -2.48788522  1.16327557  1.94557733  1.14556112], Best Fitness = 39.95519513899139, Evaluations = 96
Generation 3: Best Solution = [-0.29224188  1.19035053  0.31747025 -2.45428083  0.80353431 -0.14338859
 -0.99135002 -0.36884926  3.13730647  1.98370044], Best Fitness = 23.189433089472313, Evaluations = 128
Generation 4: Best Solution = [-0.29224188  1.19035053  0.31747025 -2.45428083  0.80353431 -0.14338859
 -0.99135002 -0.36884926  3.13730647  1.98370044], Best Fitness = 23.189433089472313, Evaluations = 160
Generation 5: Best Solution = [-0.29224188  1.19035053  0.31747025 -2.45428083  0.80353431 -0.14338859
 -0.99135002 -0.36884926  3.13730647  1.98370044], Best Fitness = 23.189433089472313, Evaluations = 192
Generation 6: Best Solution = [-0.29224188  1.19035053  0.31747025 -2.45428083  0.80353431 -0.14338859
 -0.99135002 -0.36884926  3.13730647  1.98370044], Best Fitness = 23.189433089472313, Evaluations = 224
Generation 7: Best Solution = [-0.29224188  1.19035053  0.31747025 -2.45428083  0.80353431 -0.14338859
 -0.99135002 -0.36884926  3.13730647  1.98370044], Best Fitness = 23.189433089472313, Evaluations = 256
Generation 8: Best Solution = [-0.29224188  1.19035053  0.31747025 -2.45428083  0.80353431 -0.14338859
 -0.99135002 -0.36884926  3.13730647  1.98370044], Best Fitness = 23.189433089472313, Evaluations = 288
Generation 9: Best Solution = [-0.29224188  1.19035053  0.31747025 -2.45428083  0.80353431 -0.14338859
 -0.99135002 -0.36884926  3.13730647  1.98370044], Best Fitness = 23.189433089472313, Evaluations = 320
Generation 10: Best Solution = [-0.29224188  1.19035053  0.31747025 -2.45428083  0.80353431 -0.14338859
 -0.99135002 -0.36884926  3.13730647  1.98370044], Best Fitness = 23.189433089472313, Evaluations = 352
Generation 11: Best Solution = [-0.9672549   1.19035053  1.45762933 -2.45428083  0.80353431 -0.14338859
 -0.99135002  1.32958791  0.64577625  1.98370044], Best Fitness = 18.269595031451193, Evaluations = 384
Generation 12: Best Solution = [-0.9672549   1.19035053  1.45762933 -2.45428083  0.80353431 -0.14338859
 -0.99135002  1.32958791  0.64577625  1.98370044], Best Fitness = 18.269595031451193, Evaluations = 416
Generation 13: Best Solution = [-0.9672549   1.19035053  1.45762933 -2.45428083  0.80353431 -0.14338859
 -0.99135002  1.32958791  0.64577625  1.98370044], Best Fitness = 18.269595031451193, Evaluations = 448
Generation 14: Best Solution = [-1.58116941  0.90100449  1.75173947  0.8406101   0.53528423 -0.57128737
 -1.06214102 -0.43515069 -2.36433564  0.00315084], Best Fitness = 14.607613369975754, Evaluations = 480
Generation 15: Best Solution = [-1.58116941  0.90100449  1.75173947  0.8406101   0.53528423 -0.57128737
 -1.06214102 -0.43515069 -2.36433564  0.00315084], Best Fitness = 14.607613369975754, Evaluations = 512
Generation 16: Best Solution = [-1.13852628 -0.5164693   0.98751173  0.76675673  0.0989418  -0.4505852
  1.67684733  1.06664209  1.86424108  0.73645367], Best Fitness = 11.306195530392941, Evaluations = 544
Generation 17: Best Solution = [-1.13852628 -0.5164693   0.98751173  0.76675673  0.0989418  -0.4505852
  1.67684733  1.06664209  1.86424108  0.73645367], Best Fitness = 11.306195530392941, Evaluations = 576
Generation 18: Best Solution = [ 1.2228221   0.71229216  0.00380568 -0.07579843 -0.55817842 -1.59779256
 -1.6508306   0.56883877 -1.3078059   0.08832615], Best Fitness = 9.639895086000877, Evaluations = 608
Generation 19: Best Solution = [ 1.2228221   0.71229216  0.00380568 -0.07579843 -0.55817842 -1.59779256
 -1.6508306   0.56883877 -1.3078059   0.08832615], Best Fitness = 9.639895086000877, Evaluations = 640
Generation 20: Best Solution = [ 1.08774262 -0.5164693  -1.06603555 -0.57864303 -0.87957229 -0.4505852
 -0.38670692  1.06664209  0.13236725  0.73645367], Best Fitness = 5.745011211202485, Evaluations = 672
Generation 21: Best Solution = [-0.87248289  0.67746041 -0.66312209  0.25085028 -0.22947246  1.6277555
 -0.59206547  0.92016662 -0.334947   -0.04713778], Best Fitness = 5.736740957734807, Evaluations = 704
Generation 22: Best Solution = [-0.87248289  0.67746041 -0.66312209  0.25085028 -0.22947246  1.6277555
 -0.59206547  0.92016662 -0.334947   -0.04713778], Best Fitness = 5.736740957734807, Evaluations = 736
Generation 23: Best Solution = [-0.87248289  0.67746041 -0.66312209  0.25085028 -0.22947246  1.6277555
 -0.59206547  0.92016662 -0.334947   -0.04713778], Best Fitness = 5.736740957734807, Evaluations = 768
Generation 24: Best Solution = [-0.87248289  0.67746041 -0.66312209  0.25085028 -0.22947246  1.6277555
 -0.59206547  0.92016662 -0.334947   -0.04713778], Best Fitness = 5.736740957734807, Evaluations = 800
Generation 25: Best Solution = [-0.87248289  0.67746041 -0.66312209  0.25085028 -0.22947246  1.6277555
 -0.59206547  0.92016662 -0.334947   -0.04713778], Best Fitness = 5.736740957734807, Evaluations = 832
Generation 26: Best Solution = [-0.87248289  0.67746041 -0.66312209  0.25085028 -0.22947246  1.6277555
 -0.59206547  0.92016662 -0.334947   -0.04713778], Best Fitness = 5.736740957734807, Evaluations = 864
Generation 27: Best Solution = [-0.87248289  0.67746041 -0.66312209  0.25085028 -0.22947246  1.6277555
 -0.59206547  0.92016662 -0.334947   -0.04713778], Best Fitness = 5.736740957734807, Evaluations = 896
Generation 28: Best Solution = [-1.44245645  0.51394619  0.68949977  0.06259673 -0.3921357  -0.09894886
 -0.23151017  0.95231789 -0.38668032  0.73055472], Best Fitness = 4.631449038943426, Evaluations = 928
Generation 29: Best Solution = [-1.44245645  0.51394619  0.68949977  0.06259673 -0.3921357  -0.09894886
 -0.23151017  0.95231789 -0.38668032  0.73055472], Best Fitness = 4.631449038943426, Evaluations = 960
Generation 30: Best Solution = [-1.44245645  0.51394619  0.68949977  0.06259673 -0.3921357  -0.09894886
 -0.23151017  0.95231789 -0.38668032  0.73055472], Best Fitness = 4.631449038943426, Evaluations = 992
Generation 31: Best Solution = [-1.44245645  0.51394619  0.68949977  0.06259673 -0.3921357  -0.09894886
 -0.23151017  0.95231789 -0.38668032  0.73055472], Best Fitness = 4.631449038943426, Evaluations = 1024
Generation 32: Best Solution = [-1.18050662 -0.32353149  0.43784959  0.02853407 -0.17438636 -0.61476958
  1.16860186  0.36796111 -0.14740676  0.34520896], Best Fitness = 3.74107085437017, Evaluations = 1056
Generation 33: Best Solution = [-0.91638678  0.16969423  0.85842659  0.68886947  0.65135707  0.6172615
 -0.24279908  0.53175457 -0.6168335  -0.18856067], Best Fitness = 3.6430289993248213, Evaluations = 1088
Generation 34: Best Solution = [ 1.01490204  0.15989792 -0.39244222 -0.37990654  0.01692299 -0.88936933
  0.18564084 -0.17597686 -0.43428571 -0.69575591], Best Fitness = 2.883308296592128, Evaluations = 1120
Generation 35: Best Solution = [-0.42038259  0.51585417 -0.19290785 -0.35120215 -0.24199093  0.75894294
 -0.11219039  0.24767833  1.04405921 -0.48002661], Best Fitness = 2.6323538493136756, Evaluations = 1152
Generation 36: Best Solution = [-0.42038259  0.51585417 -0.19290785 -0.35120215 -0.24199093  0.75894294
 -0.11219039  0.24767833  1.04405921 -0.48002661], Best Fitness = 2.6323538493136756, Evaluations = 1184
Generation 37: Best Solution = [-0.42038259  0.51585417 -0.19290785 -0.35120215 -0.24199093  0.75894294
 -0.11219039  0.24767833  1.04405921 -0.48002661], Best Fitness = 2.6323538493136756, Evaluations = 1216
Generation 38: Best Solution = [ 0.40432983  0.51394619 -0.08707467  0.06259673  0.14742557 -0.09894886
 -0.32588905  0.12372924 -0.27370939  0.73055472], Best Fitness = 1.2007884471878714, Evaluations = 1248
Generation 39: Best Solution = [ 0.40432983  0.51394619 -0.08707467  0.06259673  0.14742557 -0.09894886
 -0.32588905  0.12372924 -0.27370939  0.73055472], Best Fitness = 1.2007884471878714, Evaluations = 1280
Generation 40: Best Solution = [ 0.40432983  0.51394619 -0.08707467  0.06259673  0.14742557 -0.09894886
 -0.32588905  0.12372924 -0.27370939  0.73055472], Best Fitness = 1.2007884471878714, Evaluations = 1312
Generation 41: Best Solution = [ 0.40432983  0.51394619 -0.08707467  0.06259673  0.14742557 -0.09894886
 -0.32588905  0.12372924 -0.27370939  0.73055472], Best Fitness = 1.2007884471878714, Evaluations = 1344
Generation 42: Best Solution = [ 0.40432983  0.51394619 -0.08707467  0.06259673  0.14742557 -0.09894886
 -0.32588905  0.12372924 -0.27370939  0.73055472], Best Fitness = 1.2007884471878714, Evaluations = 1376
Generation 43: Best Solution = [ 0.40432983  0.51394619 -0.08707467  0.06259673  0.14742557 -0.09894886
 -0.32588905  0.12372924 -0.27370939  0.73055472], Best Fitness = 1.2007884471878714, Evaluations = 1408
Generation 44: Best Solution = [ 0.40432983  0.51394619 -0.08707467  0.06259673  0.14742557 -0.09894886
 -0.32588905  0.12372924 -0.27370939  0.73055472], Best Fitness = 1.2007884471878714, Evaluations = 1440
Generation 45: Best Solution = [ 0.40432983  0.51394619 -0.08707467  0.06259673  0.14742557 -0.09894886
 -0.32588905  0.12372924 -0.27370939  0.73055472], Best Fitness = 1.2007884471878714, Evaluations = 1472
Generation 46: Best Solution = [ 0.40432983  0.51394619 -0.08707467  0.06259673  0.14742557 -0.09894886
 -0.32588905  0.12372924 -0.27370939  0.73055472], Best Fitness = 1.2007884471878714, Evaluations = 1504
Generation 47: Best Solution = [ 0.40432983  0.51394619 -0.08707467  0.06259673  0.14742557 -0.09894886
 -0.32588905  0.12372924 -0.27370939  0.73055472], Best Fitness = 1.2007884471878714, Evaluations = 1536
Generation 48: Best Solution = [ 0.40432983  0.51394619 -0.08707467  0.06259673  0.14742557 -0.09894886
 -0.32588905  0.12372924 -0.27370939  0.73055472], Best Fitness = 1.2007884471878714, Evaluations = 1568
Generation 49: Best Solution = [ 0.40432983  0.51394619 -0.08707467  0.06259673  0.14742557 -0.09894886
 -0.32588905  0.12372924 -0.27370939  0.73055472], Best Fitness = 1.2007884471878714, Evaluations = 1600
Generation 50: Best Solution = [ 0.40432983  0.51394619 -0.08707467  0.06259673  0.14742557 -0.09894886
 -0.32588905  0.12372924 -0.27370939  0.73055472], Best Fitness = 1.2007884471878714, Evaluations = 1632
Generation 51: Best Solution = [ 0.77243066 -0.08612184 -0.30763109  0.44837906 -0.24199093  0.44969541
 -0.06722987 -0.16268779  0.07008769  0.05601814], Best Fitness = 1.199569838478992, Evaluations = 1664
Generation 52: Best Solution = [ 0.77243066 -0.08612184 -0.30763109  0.44837906 -0.24199093  0.44969541
 -0.06722987 -0.16268779  0.07008769  0.05601814], Best Fitness = 1.199569838478992, Evaluations = 1696
Generation 53: Best Solution = [ 0.77243066 -0.08612184 -0.30763109  0.44837906 -0.24199093  0.44969541
 -0.06722987 -0.16268779  0.07008769  0.05601814], Best Fitness = 1.199569838478992, Evaluations = 1728
Generation 54: Best Solution = [ 0.03239289  0.15989792 -0.39244222 -0.37990654  0.01692299  0.19356747
 -0.01447502  0.45740483 -0.72820449  0.02171312], Best Fitness = 1.1028932170739083, Evaluations = 1760
Generation 55: Best Solution = [ 0.03239289  0.15989792 -0.39244222 -0.37990654  0.01692299  0.19356747
 -0.01447502  0.45740483 -0.72820449  0.02171312], Best Fitness = 0.8397277390919491, Evaluations = 1792
Generation 56: Best Solution = [ 0.03239289  0.15989792 -0.39244222 -0.37990654  0.01692299  0.19356747
 -0.01447502  0.45740483 -0.72820449  0.02171312], Best Fitness = 0.8397277390919491, Evaluations = 1824
Generation 57: Best Solution = [ 0.03239289  0.15989792 -0.39244222 -0.37990654  0.01692299  0.19356747
 -0.01447502  0.45740483 -0.72820449  0.02171312], Best Fitness = 0.8397277390919491, Evaluations = 1856
Generation 58: Best Solution = [ 0.03239289  0.15989792 -0.39244222 -0.37990654  0.01692299  0.19356747
 -0.01447502  0.45740483 -0.72820449  0.02171312], Best Fitness = 0.8397277390919491, Evaluations = 1888
Generation 59: Best Solution = [ 0.03239289  0.15989792 -0.39244222 -0.37990654  0.01692299  0.19356747
 -0.01447502  0.45740483 -0.72820449  0.02171312], Best Fitness = 0.8397277390919491, Evaluations = 1920
Generation 60: Best Solution = [ 2.17226091e-01  2.93089377e-01 -3.47291971e-01 -1.44427694e-01
  4.64780900e-02  1.59490246e-01  2.83095172e-01  5.38531276e-04
  6.37582580e-01  1.73598781e-01], Best Fitness = 0.8189482304158063, Evaluations = 1952
Generation 61: Best Solution = [ 0.20424217  0.08990817  0.27751489  0.08953341 -0.21810144 -0.17687501
  0.01829916  0.14104525 -0.67158575 -0.09726758], Best Fitness = 0.6943991222722973, Evaluations = 1984
Generation 62: Best Solution = [ 0.20424217  0.08990817  0.27751489  0.08953341 -0.21810144 -0.17687501
  0.01829916  0.14104525 -0.67158575 -0.09726758], Best Fitness = 0.6943991222722973, Evaluations = 2016
Generation 63: Best Solution = [ 0.06934879 -0.05763461 -0.51958017 -0.30288721 -0.28432295  0.14973521
 -0.09081818  0.11231053  0.20114325  0.02005423], Best Fitness = 0.5348177735235555, Evaluations = 2048
Generation 64: Best Solution = [ 0.06934879 -0.05763461 -0.51958017 -0.30288721 -0.28432295  0.14973521
 -0.09081818  0.11231053  0.20114325  0.02005423], Best Fitness = 0.5348177735235555, Evaluations = 2080
Generation 65: Best Solution = [ 0.06934879 -0.05763461 -0.51958017 -0.30288721 -0.28432295  0.14973521
 -0.09081818  0.11231053  0.20114325  0.02005423], Best Fitness = 0.5348177735235555, Evaluations = 2112
Generation 66: Best Solution = [ 0.2798024   0.31476271 -0.19196803 -0.21954311  0.37107856 -0.1175173
  0.23180654  0.11762209 -0.08511755 -0.04434767], Best Fitness = 0.4907063990644853, Evaluations = 2144
Generation 67: Best Solution = [-0.17419699 -0.015021   -0.13520855  0.29377991  0.3363507  -0.1854322
  0.10711489 -0.1220312   0.07101779 -0.07753433], Best Fitness = 0.32009541527331614, Evaluations = 2176
Generation 68: Best Solution = [-0.17419699 -0.015021   -0.13520855  0.29377991  0.3363507  -0.1854322
  0.10711489 -0.1220312   0.07101779 -0.07753433], Best Fitness = 0.32009541527331614, Evaluations = 2208
Generation 69: Best Solution = [-0.17419699 -0.015021   -0.13520855  0.29377991  0.3363507  -0.1854322
  0.10711489 -0.1220312   0.07101779 -0.07753433], Best Fitness = 0.32009541527331614, Evaluations = 2240
Generation 70: Best Solution = [-0.17419699 -0.015021   -0.13520855  0.29377991  0.3363507  -0.1854322
  0.10711489 -0.1220312   0.07101779 -0.07753433], Best Fitness = 0.32009541527331614, Evaluations = 2272
Generation 71: Best Solution = [-0.17419699 -0.015021   -0.13520855  0.29377991  0.3363507  -0.1854322
  0.10711489 -0.1220312   0.07101779 -0.07753433], Best Fitness = 0.32009541527331614, Evaluations = 2304
Generation 72: Best Solution = [ 0.20424217  0.07588246 -0.03670764 -0.37227214  0.13367241 -0.12762347
  0.01829916  0.13187443  0.03930783  0.07495952], Best Fitness = 0.24645282908437127, Evaluations = 2336
Generation 73: Best Solution = [ 0.20424217  0.07588246 -0.03670764 -0.37227214  0.13367241 -0.12762347
  0.01829916  0.13187443  0.03930783  0.07495952], Best Fitness = 0.24645282908437127, Evaluations = 2368
Generation 74: Best Solution = [ 0.20424217  0.07588246 -0.03670764 -0.37227214  0.13367241 -0.12762347
  0.01829916  0.13187443  0.03930783  0.07495952], Best Fitness = 0.24645282908437127, Evaluations = 2400
Generation 75: Best Solution = [ 0.20424217  0.07588246 -0.03670764 -0.37227214  0.13367241 -0.12762347
  0.01829916  0.13187443  0.03930783  0.07495952], Best Fitness = 0.24645282908437127, Evaluations = 2432
Generation 76: Best Solution = [ 0.20424217  0.07588246 -0.03670764 -0.37227214  0.13367241 -0.12762347
  0.01829916  0.13187443  0.03930783  0.07495952], Best Fitness = 0.24645282908437127, Evaluations = 2464
Generation 77: Best Solution = [-0.17419699 -0.015021   -0.13520855  0.29377991 -0.1564073  -0.1854322
  0.10711489 -0.1220312   0.07101779 -0.07753433], Best Fitness = 0.23142686378279037, Evaluations = 2496
Generation 78: Best Solution = [-0.26234808 -0.04189784 -0.08987031 -0.05674401  0.15499712  0.25212356
 -0.15730909 -0.02536792  0.02698861  0.01492779], Best Fitness = 0.19580979963555395, Evaluations = 2528
Generation 79: Best Solution = [-0.10820033 -0.21080311 -0.03105414 -0.1141828   0.11289497  0.11992164
 -0.13480237 -0.11574637 -0.04982395  0.12574296], Best Fitness = 0.14713642754933343, Evaluations = 2560
Generation 80: Best Solution = [-0.10820033 -0.21080311 -0.03105414 -0.1141828   0.11289497  0.11992164
 -0.13480237 -0.11574637 -0.04982395  0.12574296], Best Fitness = 0.14713642754933343, Evaluations = 2592
Generation 81: Best Solution = [-0.10820033 -0.21080311 -0.03105414 -0.1141828   0.11289497  0.11992164
 -0.13480237 -0.11574637 -0.04982395  0.12574296], Best Fitness = 0.14713642754933343, Evaluations = 2624
Generation 82: Best Solution = [-0.10820033 -0.21080311 -0.03105414 -0.1141828   0.11289497  0.11992164
 -0.13480237 -0.11574637 -0.04982395  0.12574296], Best Fitness = 0.14713642754933343, Evaluations = 2656
Generation 83: Best Solution = [-0.10820033 -0.21080311 -0.03105414 -0.1141828   0.11289497  0.11992164
 -0.13480237 -0.11574637 -0.04982395  0.12574296], Best Fitness = 0.14713642754933343, Evaluations = 2688
Generation 84: Best Solution = [ 0.18045435 -0.00359012  0.10065509 -0.17224273  0.15639185 -0.03805091
 -0.05000605  0.07319658  0.07840401  0.15855551], Best Fitness = 0.13742733010815955, Evaluations = 2720
Generation 85: Best Solution = [ 0.18045435 -0.00359012  0.10065509 -0.17224273  0.15639185 -0.03805091
 -0.05000605  0.07319658  0.07840401  0.15855551], Best Fitness = 0.13742733010815955, Evaluations = 2752
Generation 86: Best Solution = [ 0.18045435 -0.00359012  0.10065509 -0.17224273  0.15639185 -0.03805091
 -0.05000605  0.07319658  0.07840401  0.15855551], Best Fitness = 0.13742733010815955, Evaluations = 2784
Generation 87: Best Solution = [ 0.00427824  0.10872502 -0.1555239   0.07727119  0.18137212 -0.15169102
  0.09362827  0.02226344  0.1612834   0.02191588], Best Fitness = 0.1336585162057321, Evaluations = 2816
Generation 88: Best Solution = [ 0.08156723 -0.0649359  -0.17787046 -0.04904591  0.11289497 -0.13262406
 -0.13480237 -0.06202637 -0.04982395  0.12574296], Best Fitness = 0.11556036768246455, Evaluations = 2848
Generation 89: Best Solution = [ 0.08156723 -0.0649359  -0.17787046 -0.04904591  0.11289497 -0.13262406
 -0.13480237 -0.06202637 -0.04982395  0.12574296], Best Fitness = 0.11556036768246455, Evaluations = 2880
Generation 90: Best Solution = [-0.00348671 -0.00386692 -0.10599734  0.10357101  0.18705091 -0.12175977
  0.12391515  0.05977892 -0.13907964 -0.04597919], Best Fitness = 0.11218870396587789, Evaluations = 2912
Generation 91: Best Solution = [-0.00138326 -0.0829316  -0.00785508 -0.11949337 -0.12217796 -0.0079038
  0.04995441  0.19186577 -0.1214694   0.01059124], Best Fitness = 0.09038475817777131, Evaluations = 2944
Generation 92: Best Solution = [-0.14126105 -0.06642251  0.03241298  0.01123712 -0.10475963  0.06261714
  0.16747162  0.05493179  0.07101779  0.03982601], Best Fitness = 0.0781328784173246, Evaluations = 2976
Generation 93: Best Solution = [-0.14126105 -0.06642251  0.03241298  0.01123712 -0.10475963  0.06261714
  0.16747162  0.05493179  0.07101779  0.03982601], Best Fitness = 0.0781328784173246, Evaluations = 3008
Generation 94: Best Solution = [-0.14126105 -0.06642251  0.03241298  0.01123712 -0.10475963  0.06261714
  0.16747162  0.05493179  0.07101779  0.03982601], Best Fitness = 0.0781328784173246, Evaluations = 3040
Generation 95: Best Solution = [-0.14126105 -0.06642251  0.03241298  0.01123712 -0.10475963  0.06261714
  0.16747162  0.05493179  0.07101779  0.03982601], Best Fitness = 0.0781328784173246, Evaluations = 3072
Generation 96: Best Solution = [ 0.04895979 -0.03758384  0.06657682 -0.08067849  0.06314124 -0.01836241
 -0.01308583 -0.13542788  0.14442713  0.05897867], Best Fitness = 0.061924720863161455, Evaluations = 3104
Generation 97: Best Solution = [ 0.04895979 -0.03758384  0.06657682 -0.08067849  0.06314124 -0.01836241
 -0.01308583 -0.13542788  0.14442713  0.05897867], Best Fitness = 0.061924720863161455, Evaluations = 3136
Generation 98: Best Solution = [ 0.04895979 -0.03758384  0.06657682 -0.08067849  0.06314124 -0.01836241
 -0.01308583 -0.13542788  0.14442713  0.05897867], Best Fitness = 0.061924720863161455, Evaluations = 3168
Generation 99: Best Solution = [ 0.04895979 -0.03758384  0.06657682 -0.08067849  0.06314124 -0.01836241
 -0.01308583 -0.13542788  0.14442713  0.05897867], Best Fitness = 0.061924720863161455, Evaluations = 3200
Generation 100: Best Solution = [-0.00023855  0.07963404  0.05290883 -0.09214792  0.01278119  0.02845284
 -0.01168498  0.07333822  0.11962262 -0.03111129], Best Fitness = 0.03939766130226412, Evaluations = 3232
Generation 101: Best Solution = [-0.00023855  0.07963404  0.05290883 -0.09214792  0.01278119  0.02845284
 -0.01168498  0.07333822  0.11962262 -0.03111129], Best Fitness = 0.03939766130226412, Evaluations = 3264
Generation 102: Best Solution = [ 0.04917919 -0.10917079 -0.02491513  0.01316933 -0.04201839 -0.00967533
 -0.01363064  0.07080627  0.02304789  0.01610032], Best Fitness = 0.022979954335842327, Evaluations = 3296
Generation 103: Best Solution = [ 0.04917919 -0.10917079 -0.02491513  0.01316933 -0.04201839 -0.00967533
 -0.01363064  0.07080627  0.02304789  0.01610032], Best Fitness = 0.022979954335842327, Evaluations = 3328
Generation 104: Best Solution = [ 0.04917919 -0.10917079 -0.02491513  0.01316933 -0.04201839 -0.00967533
 -0.01363064  0.07080627  0.02304789  0.01610032], Best Fitness = 0.022979954335842327, Evaluations = 3360
Generation 105: Best Solution = [ 0.04917919 -0.10917079 -0.02491513  0.01316933 -0.04201839 -0.00967533
 -0.01363064  0.07080627  0.02304789  0.01610032], Best Fitness = 0.022979954335842327, Evaluations = 3392
Generation 106: Best Solution = [ 0.04917919 -0.10917079 -0.02491513  0.01316933 -0.04201839 -0.00967533
 -0.01363064  0.07080627  0.02304789  0.01610032], Best Fitness = 0.022979954335842327, Evaluations = 3424
Generation 107: Best Solution = [ 0.04917919 -0.10917079 -0.02491513  0.01316933 -0.04201839 -0.00967533
 -0.01363064  0.07080627  0.02304789  0.01610032], Best Fitness = 0.022979954335842327, Evaluations = 3456
Generation 108: Best Solution = [ 0.04917919 -0.10917079 -0.02491513  0.01316933 -0.04201839 -0.00967533
 -0.01363064  0.07080627  0.02304789  0.01610032], Best Fitness = 0.022979954335842327, Evaluations = 3488
Generation 109: Best Solution = [ 0.04917919 -0.10917079 -0.02491513  0.01316933 -0.04201839 -0.00967533
 -0.01363064  0.07080627  0.02304789  0.01610032], Best Fitness = 0.022979954335842327, Evaluations = 3520
Generation 110: Best Solution = [ 0.04917919 -0.10917079 -0.02491513  0.01316933 -0.04201839 -0.00967533
 -0.01363064  0.07080627  0.02304789  0.01610032], Best Fitness = 0.022979954335842327, Evaluations = 3552
Generation 111: Best Solution = [ 0.04917919 -0.10917079 -0.02491513  0.01316933 -0.04201839 -0.00967533
 -0.01363064  0.07080627  0.02304789  0.01610032], Best Fitness = 0.022979954335842327, Evaluations = 3584
Generation 112: Best Solution = [ 0.00172108 -0.05864111 -0.00813891  0.02579904 -0.06118998 -0.04116409
 -0.01655041  0.06954699  0.06815988 -0.02770031], Best Fitness = 0.02013604550937475, Evaluations = 3616
Generation 113: Best Solution = [ 0.00172108 -0.05864111 -0.00813891  0.02579904 -0.06118998 -0.04116409
 -0.01655041  0.06954699  0.06815988 -0.02770031], Best Fitness = 0.02013604550937475, Evaluations = 3648
Generation 114: Best Solution = [ 0.00172108 -0.05864111 -0.00813891  0.02579904 -0.06118998 -0.04116409
 -0.01655041  0.06954699  0.06815988 -0.02770031], Best Fitness = 0.02013604550937475, Evaluations = 3680
Generation 115: Best Solution = [ 0.00172108 -0.05864111 -0.00813891  0.02579904 -0.06118998 -0.04116409
 -0.01655041  0.06954699  0.06815988 -0.02770031], Best Fitness = 0.02013604550937475, Evaluations = 3712
Generation 116: Best Solution = [ 0.00172108 -0.05864111 -0.00813891  0.02579904 -0.06118998 -0.04116409
 -0.01655041  0.06954699  0.06815988 -0.02770031], Best Fitness = 0.02013604550937475, Evaluations = 3744
Generation 117: Best Solution = [ 0.01933384  0.02550158 -0.02522105  0.01123712  0.01529343  0.03477203
  0.02348645  0.00949823  0.05080705 -0.03640287], Best Fitness = 0.007777840227354013, Evaluations = 3776
Generation 118: Best Solution = [ 0.01933384  0.02550158 -0.02522105  0.01123712  0.01529343  0.03477203
  0.02348645  0.00949823  0.05080705 -0.03640287], Best Fitness = 0.007777840227354013, Evaluations = 3808
Generation 119: Best Solution = [-0.01015983 -0.04241578 -0.00661974 -0.01541033  0.00964054  0.03829878
  0.03949374 -0.00041006 -0.01456949 -0.00263697], Best Fitness = 0.005522503742702151, Evaluations = 3840
Generation 120: Best Solution = [-0.01015983 -0.04241578 -0.00661974 -0.01541033  0.00964054  0.03829878
  0.03949374 -0.00041006 -0.01456949 -0.00263697], Best Fitness = 0.005522503742702151, Evaluations = 3872
Generation 121: Best Solution = [-0.01015983 -0.04241578 -0.00661974 -0.01541033  0.00964054  0.03829878
  0.03949374 -0.00041006 -0.01456949 -0.00263697], Best Fitness = 0.005522503742702151, Evaluations = 3904
Generation 122: Best Solution = [-0.01015983 -0.04241578 -0.00661974 -0.01541033  0.00964054  0.03829878
  0.03949374 -0.00041006 -0.01456949 -0.00263697], Best Fitness = 0.005522503742702151, Evaluations = 3936
Generation 123: Best Solution = [-0.01015983 -0.04241578 -0.00661974 -0.01541033  0.00964054  0.03829878
  0.03949374 -0.00041006 -0.01456949 -0.00263697], Best Fitness = 0.005522503742702151, Evaluations = 3968
Generation 124: Best Solution = [-0.01015983 -0.04241578 -0.00661974 -0.01541033  0.00964054  0.03829878
  0.03949374 -0.00041006 -0.01456949 -0.00263697], Best Fitness = 0.005522503742702151, Evaluations = 4000
Generation 125: Best Solution = [-0.01015983 -0.04241578 -0.00661974 -0.01541033  0.00964054  0.03829878
  0.03949374 -0.00041006 -0.01456949 -0.00263697], Best Fitness = 0.005522503742702151, Evaluations = 4032
Generation 126: Best Solution = [-0.01015983 -0.04241578 -0.00661974 -0.01541033  0.00964054  0.03829878
  0.03949374 -0.00041006 -0.01456949 -0.00263697], Best Fitness = 0.005522503742702151, Evaluations = 4064
Generation 127: Best Solution = [-1.94713388e-02  2.55015755e-02 -2.52210475e-02  1.12371175e-02
  1.11695875e-02  3.47720310e-02  2.34864481e-02  3.18574533e-03
  6.22432369e-03 -2.29898715e-05], Best Fitness = 0.00372619621249004, Evaluations = 4096
Generation 128: Best Solution = [-1.94713388e-02  2.55015755e-02 -2.52210475e-02  1.12371175e-02
  1.11695875e-02  3.47720310e-02  2.34864481e-02  3.18574533e-03
  6.22432369e-03 -2.29898715e-05], Best Fitness = 0.003634611096946922, Evaluations = 4128
Generation 129: Best Solution = [-1.94713388e-02  2.55015755e-02 -2.52210475e-02  1.12371175e-02
  1.11695875e-02  3.47720310e-02  2.34864481e-02  3.18574533e-03
  6.22432369e-03 -2.29898715e-05], Best Fitness = 0.003634611096946922, Evaluations = 4160
Generation 130: Best Solution = [-1.94713388e-02  2.55015755e-02 -2.52210475e-02  1.12371175e-02
  1.11695875e-02  3.47720310e-02  2.34864481e-02  3.18574533e-03
  6.22432369e-03 -2.29898715e-05], Best Fitness = 0.003634611096946922, Evaluations = 4192
Generation 131: Best Solution = [ 0.00172108  0.0121829   0.01105136  0.00624983  0.01835722  0.00636022
  0.00804767 -0.01984448 -0.00578444  0.02149984], Best Fitness = 0.0016442892197168636, Evaluations = 4224
Generation 132: Best Solution = [ 0.00172108  0.0121829   0.01105136  0.00624983  0.01835722  0.00636022
  0.00804767 -0.01984448 -0.00578444  0.02149984], Best Fitness = 0.0016442892197168636, Evaluations = 4256
Generation 133: Best Solution = [ 0.00172108  0.0121829   0.01105136  0.00624983  0.01835722  0.00636022
  0.00804767 -0.01984448 -0.00578444  0.02149984], Best Fitness = 0.0016442892197168636, Evaluations = 4288
Generation 134: Best Solution = [ 0.00172108  0.0121829   0.01105136  0.00624983  0.01835722  0.00636022
  0.00804767 -0.01984448 -0.00578444  0.02149984], Best Fitness = 0.0016442892197168636, Evaluations = 4320
Generation 135: Best Solution = [ 0.00172108  0.0121829   0.01105136  0.00624983  0.01835722  0.00636022
  0.00804767 -0.01984448 -0.00578444  0.02149984], Best Fitness = 0.0016442892197168636, Evaluations = 4352
Generation 136: Best Solution = [ 0.00172108  0.0121829   0.01105136  0.00624983  0.01835722  0.00636022
  0.00804767 -0.01984448 -0.00578444  0.02149984], Best Fitness = 0.0016442892197168636, Evaluations = 4384
Generation 137: Best Solution = [ 0.00172108  0.0121829   0.01105136  0.00624983  0.01835722  0.00636022
  0.00804767 -0.01984448 -0.00578444  0.02149984], Best Fitness = 0.0016442892197168636, Evaluations = 4416
Generation 138: Best Solution = [ 0.00172108  0.0121829   0.01105136  0.00624983  0.01835722  0.00636022
  0.00804767 -0.01984448 -0.00578444  0.02149984], Best Fitness = 0.0016442892197168636, Evaluations = 4448
Generation 139: Best Solution = [ 0.00172108  0.0121829   0.01105136  0.00624983  0.01835722  0.00636022
  0.00804767 -0.01984448 -0.00578444  0.02149984], Best Fitness = 0.0016442892197168636, Evaluations = 4480
Generation 140: Best Solution = [ 0.00172108  0.0121829   0.01105136  0.00624983  0.01835722  0.00636022
  0.00804767 -0.01984448 -0.00578444  0.02149984], Best Fitness = 0.0016442892197168636, Evaluations = 4512
Generation 141: Best Solution = [ 0.00172108  0.0121829   0.01105136  0.00624983  0.01835722  0.00636022
  0.00804767 -0.01984448 -0.00578444  0.02149984], Best Fitness = 0.0016442892197168636, Evaluations = 4544
Generation 142: Best Solution = [ 0.00172108  0.0121829   0.01105136  0.00624983  0.01835722  0.00636022
  0.00804767 -0.01984448 -0.00578444  0.02149984], Best Fitness = 0.0016442892197168636, Evaluations = 4576
Generation 143: Best Solution = [ 0.00172108  0.0121829   0.01105136  0.00624983  0.01835722  0.00636022
  0.00804767 -0.01984448 -0.00578444  0.02149984], Best Fitness = 0.0016442892197168636, Evaluations = 4608
Generation 144: Best Solution = [ 0.00172108  0.0121829   0.01105136  0.00624983  0.01835722  0.00636022
  0.00804767 -0.01984448 -0.00578444  0.02149984], Best Fitness = 0.0016442892197168636, Evaluations = 4640
Generation 145: Best Solution = [ 0.00172108  0.0121829   0.01105136  0.00624983  0.01835722  0.00636022
  0.00804767 -0.01984448 -0.00578444  0.02149984], Best Fitness = 0.0016442892197168636, Evaluations = 4672
Generation 146: Best Solution = [ 0.00172108  0.0121829   0.01105136  0.00624983  0.01835722  0.00636022
  0.00804767 -0.01984448 -0.00578444  0.02149984], Best Fitness = 0.0016442892197168636, Evaluations = 4704
Generation 147: Best Solution = [ 0.00172108  0.0121829   0.01105136  0.00624983  0.01835722  0.00636022
  0.00804767 -0.01984448 -0.00578444  0.02149984], Best Fitness = 0.0016442892197168636, Evaluations = 4736
Generation 148: Best Solution = [ 0.00172108  0.0121829   0.01105136  0.00624983  0.01835722  0.00636022
  0.00804767 -0.01984448 -0.00578444  0.02149984], Best Fitness = 0.0016442892197168636, Evaluations = 4768
Generation 149: Best Solution = [ 0.01262181  0.01237352  0.00953952  0.00884588 -0.02565175 -0.00703689
 -0.00463592 -0.01237977  0.00221361  0.00240984], Best Fitness = 0.001374653867539869, Evaluations = 4800
Generation 150: Best Solution = [-0.01168545  0.0061722   0.00535818  0.01740964  0.01850512  0.0180396
  0.00202771 -0.01198546  0.00352186  0.00330487], Best Fitness = 0.0013454062947514912, Evaluations = 4832
Generation 151: Best Solution = [-0.00958324 -0.00296532  0.01361492 -0.00258679  0.00819195  0.01375628
  0.00087387 -0.02252094  0.00123646  0.0008428 ], Best Fitness = 0.0010592281329849609, Evaluations = 4864
Generation 152: Best Solution = [ 0.00172108 -0.00946128  0.00981368  0.00624983  0.01835722  0.00636022
 -0.0002105  -0.00810052 -0.00697596 -0.00620947], Best Fitness = 0.0007581708007112604, Evaluations = 4896
Generation 153: Best Solution = [ 0.00172108 -0.00946128  0.00981368  0.00624983  0.01835722  0.00636022
 -0.0002105  -0.00810052 -0.00697596 -0.00620947], Best Fitness = 0.0007581708007112604, Evaluations = 4928
Generation 154: Best Solution = [ 0.00172108 -0.00946128  0.00981368  0.00624983  0.01835722  0.00636022
 -0.0002105  -0.00810052 -0.00697596 -0.00620947], Best Fitness = 0.0007581708007112604, Evaluations = 4960
Generation 155: Best Solution = [ 0.00172108 -0.00946128  0.00981368  0.00624983  0.01835722  0.00636022
 -0.0002105  -0.00810052 -0.00697596 -0.00620947], Best Fitness = 0.0007581708007112604, Evaluations = 4992
Generation 156: Best Solution = [ 0.00172108 -0.00946128  0.00981368  0.00624983  0.01835722  0.00636022
 -0.0002105  -0.00810052 -0.00697596 -0.00620947], Best Fitness = 0.0007581708007112604, Evaluations = 5024
Generation 157: Best Solution = [ 0.00172108 -0.00946128  0.00981368  0.00624983  0.01835722  0.00636022
 -0.0002105  -0.00810052 -0.00697596 -0.00620947], Best Fitness = 0.0007581708007112604, Evaluations = 5056
Generation 158: Best Solution = [-0.00181743  0.01027442  0.00718102  0.00616804 -0.00375147  0.00979615
 -0.00713123  0.01517032  0.00117334 -0.00896803], Best Fitness = 0.0006713122277226134, Evaluations = 5088
Generation 159: Best Solution = [ 0.00709213  0.00394296  0.00074843  0.01081381  0.00374108  0.00734825
  0.00944893  0.00034883 -0.01098013 -0.00871172], Best Fitness = 0.0005371976804007172, Evaluations = 5120
Generation 160: Best Solution = [ 0.00709213  0.00394296  0.00074843  0.01081381  0.00374108  0.00734825
  0.00944893  0.00034883 -0.01098013 -0.00871172], Best Fitness = 0.0005371976804007172, Evaluations = 5152
Generation 161: Best Solution = [ 0.00709213  0.00394296  0.00074843  0.01081381  0.00374108  0.00734825
  0.00944893  0.00034883 -0.01098013 -0.00871172], Best Fitness = 0.0005371976804007172, Evaluations = 5184
Generation 162: Best Solution = [-0.00958324 -0.00296532  0.00097027 -0.00258679  0.0082794   0.01375628
 -0.0005176  -0.00111538  0.00123646  0.0008428 ], Best Fitness = 0.00036979942236160205, Evaluations = 5216
Generation 163: Best Solution = [-0.00958324 -0.00296532  0.00097027 -0.00258679  0.0082794   0.01375628
 -0.0005176  -0.00111538  0.00123646  0.0008428 ], Best Fitness = 0.00036979942236160205, Evaluations = 5248
Generation 164: Best Solution = [-0.00439275  0.00308613 -0.00385029  0.00616393 -0.00604789  0.01237563
  0.00147353 -0.00106081  0.00260563 -0.00906324], Best Fitness = 0.0003636009055961323, Evaluations = 5280
Generation 165: Best Solution = [-4.39275459e-03  4.86285657e-05 -1.66118893e-03 -5.76498252e-03
 -6.04788783e-03  1.23756322e-02  1.47352609e-03 -1.06081111e-03
  2.60563214e-03 -9.06324449e-03], Best Fitness = 0.0003372547688576986, Evaluations = 5312
Generation 166: Best Solution = [-4.39275459e-03  4.86285657e-05 -1.66118893e-03 -5.76498252e-03
 -6.04788783e-03  1.23756322e-02  1.47352609e-03 -1.06081111e-03
  2.60563214e-03 -9.06324449e-03], Best Fitness = 0.0003372547688576986, Evaluations = 5344
Generation 167: Best Solution = [-4.39275459e-03  4.86285657e-05 -1.66118893e-03 -5.76498252e-03
 -6.04788783e-03  1.23756322e-02  1.47352609e-03 -1.06081111e-03
  2.60563214e-03 -9.06324449e-03], Best Fitness = 0.0003372547688576986, Evaluations = 5376
Generation 168: Best Solution = [-4.39275459e-03  4.86285657e-05 -1.66118893e-03 -5.76498252e-03
 -6.04788783e-03  1.23756322e-02  1.47352609e-03 -1.06081111e-03
  2.60563214e-03 -9.06324449e-03], Best Fitness = 0.0003372547688576986, Evaluations = 5408
Generation 169: Best Solution = [-4.39275459e-03  4.86285657e-05 -1.66118893e-03 -5.76498252e-03
 -6.04788783e-03  1.23756322e-02  1.47352609e-03 -1.06081111e-03
  2.60563214e-03 -9.06324449e-03], Best Fitness = 0.0003372547688576986, Evaluations = 5440
Generation 170: Best Solution = [ 0.00016783  0.00394296  0.00074843  0.00322212 -0.00545646  0.00734825
  0.00944893  0.00034883 -0.00442363 -0.00372538], Best Fitness = 0.00023313802269607842, Evaluations = 5472
Generation 171: Best Solution = [ 0.00016783  0.00394296  0.00074843  0.00322212 -0.00545646  0.00734825
  0.00944893  0.00034883 -0.00442363 -0.00372538], Best Fitness = 0.00023313802269607842, Evaluations = 5504
Generation 172: Best Solution = [-0.0021418  -0.00658278  0.00044388  0.0038212  -0.0050944   0.00010855
  0.00924553  0.00153606  0.00512155 -0.00545108], Best Fitness = 0.00023246757271342403, Evaluations = 5536
Generation 173: Best Solution = [-0.0021418  -0.00658278  0.00044388  0.0038212  -0.0050944   0.00010855
  0.00924553  0.00153606  0.00512155 -0.00545108], Best Fitness = 0.00023246757271342403, Evaluations = 5568
Generation 174: Best Solution = [-0.0021418  -0.00658278  0.00044388  0.0038212  -0.0050944   0.00010855
  0.00924553  0.00153606  0.00512155 -0.00545108], Best Fitness = 0.00023246757271342403, Evaluations = 5600
Generation 175: Best Solution = [-0.0021418  -0.00658278  0.00044388  0.0038212  -0.0050944   0.00010855
  0.00924553  0.00153606  0.00512155 -0.00545108], Best Fitness = 0.00023246757271342403, Evaluations = 5632
Generation 176: Best Solution = [-0.0021418  -0.00658278  0.00044388  0.0038212  -0.0050944   0.00010855
  0.00924553  0.00153606  0.00512155 -0.00545108], Best Fitness = 0.00023246757271342403, Evaluations = 5664
Generation 177: Best Solution = [-0.00024688 -0.00167451  0.00676065  0.00033119  0.00550423 -0.00128803
  0.0034839   0.00825061 -0.00138087  0.00447999], Best Fitness = 0.00018282366472851456, Evaluations = 5696
Generation 178: Best Solution = [-0.00024688 -0.00167451  0.00676065  0.00033119  0.00550423 -0.00128803
  0.0034839   0.00825061 -0.00138087  0.00447999], Best Fitness = 0.00018282366472851456, Evaluations = 5728
Generation 179: Best Solution = [-0.00242215  0.00164044  0.00242824 -0.00787767  0.00253764  0.00148761
 -0.00055561 -0.0011764   0.00784402  0.00330487], Best Fitness = 0.00015930796674778003, Evaluations = 5760
Generation 180: Best Solution = [-0.00242215  0.00164044  0.00242824 -0.00787767  0.00253764  0.00148761
 -0.00055561 -0.0011764   0.00784402  0.00330487], Best Fitness = 0.00015930796674778003, Evaluations = 5792
Generation 181: Best Solution = [-5.18527295e-03 -1.49785502e-03 -1.97914298e-03 -7.41302693e-05
 -5.18545351e-04 -6.11800555e-03 -2.98911186e-03 -6.95114847e-04
 -6.04097420e-03  5.36426215e-03], Best Fitness = 0.00014543866072795074, Evaluations = 5824
Generation 182: Best Solution = [ 3.14660666e-03  5.03913444e-03 -6.44772301e-03  6.81764870e-03
 -3.12769843e-04 -1.34392043e-03 -1.79814897e-03 -7.45933412e-04
  9.10549421e-05 -2.59208611e-03], Best Fitness = 0.00013576838009827954, Evaluations = 5856
Generation 183: Best Solution = [-0.00024688 -0.00167451 -0.00289226  0.00033119  0.00550423 -0.00128803
 -0.00611975 -0.00052454 -0.00151434  0.00447999], Best Fitness = 0.00010338534583476152, Evaluations = 5888
Generation 184: Best Solution = [ 1.75453882e-03 -1.06527298e-03 -5.66456444e-04  6.17152407e-03
  6.10458227e-05  6.21697587e-04 -6.28535472e-04 -6.50532794e-03
  1.22876427e-03 -2.41825625e-03], Best Fitness = 9.308420312233633e-05, Evaluations = 5920
Generation 185: Best Solution = [ 1.75453882e-03 -1.06527298e-03 -5.66456444e-04  6.17152407e-03
  6.10458227e-05  6.21697587e-04 -6.28535472e-04 -6.50532794e-03
  1.22876427e-03 -2.41825625e-03], Best Fitness = 9.308420312233633e-05, Evaluations = 5952
Generation 186: Best Solution = [ 1.67834114e-04 -1.66759153e-03 -2.65661936e-03  4.07102031e-03
 -2.12424463e-03 -6.87317078e-05  2.60898874e-03  3.48825015e-04
 -6.10757324e-04 -7.79646715e-04], Best Fitness = 3.886637649842087e-05, Evaluations = 5984
Generation 187: Best Solution = [ 1.67834114e-04 -1.66759153e-03 -2.65661936e-03  4.07102031e-03
 -2.12424463e-03 -6.87317078e-05  2.60898874e-03  3.48825015e-04
 -6.10757324e-04 -7.79646715e-04], Best Fitness = 3.886637649842087e-05, Evaluations = 6016
Generation 188: Best Solution = [ 1.67834114e-04 -1.66759153e-03 -2.65661936e-03  4.07102031e-03
 -2.12424463e-03 -6.87317078e-05  2.60898874e-03  3.48825015e-04
 -6.10757324e-04 -7.79646715e-04], Best Fitness = 3.886637649842087e-05, Evaluations = 6048
Generation 189: Best Solution = [ 1.67834114e-04 -1.66759153e-03 -2.65661936e-03  4.07102031e-03
 -2.12424463e-03 -6.87317078e-05  2.60898874e-03  3.48825015e-04
 -6.10757324e-04 -7.79646715e-04], Best Fitness = 3.886637649842087e-05, Evaluations = 6080
Generation 190: Best Solution = [ 1.67834114e-04 -1.66759153e-03 -2.65661936e-03  4.07102031e-03
 -2.12424463e-03 -6.87317078e-05  2.60898874e-03  3.48825015e-04
 -6.10757324e-04 -7.79646715e-04], Best Fitness = 3.886637649842087e-05, Evaluations = 6112
Generation 191: Best Solution = [ 1.67834114e-04 -1.66759153e-03 -2.65661936e-03  4.07102031e-03
 -2.12424463e-03 -6.87317078e-05  2.60898874e-03  3.48825015e-04
 -6.10757324e-04 -7.79646715e-04], Best Fitness = 3.886637649842087e-05, Evaluations = 6144
Generation 192: Best Solution = [ 1.67834114e-04 -1.66759153e-03 -2.65661936e-03  4.07102031e-03
 -2.12424463e-03 -6.87317078e-05  2.60898874e-03  3.48825015e-04
 -6.10757324e-04 -7.79646715e-04], Best Fitness = 3.886637649842087e-05, Evaluations = 6176
Generation 193: Best Solution = [ 1.67834114e-04 -1.66759153e-03 -2.65661936e-03  4.07102031e-03
 -2.12424463e-03 -6.87317078e-05  2.60898874e-03  3.48825015e-04
 -6.10757324e-04 -7.79646715e-04], Best Fitness = 3.886637649842087e-05, Evaluations = 6208
Generation 194: Best Solution = [ 1.67834114e-04 -1.66759153e-03 -2.65661936e-03  4.07102031e-03
 -2.12424463e-03 -6.87317078e-05  2.60898874e-03  3.48825015e-04
 -6.10757324e-04 -7.79646715e-04], Best Fitness = 3.886637649842087e-05, Evaluations = 6240
Generation 195: Best Solution = [ 1.67834114e-04 -1.66759153e-03 -2.65661936e-03  4.07102031e-03
 -2.12424463e-03 -6.87317078e-05  2.60898874e-03  3.48825015e-04
 -6.10757324e-04 -7.79646715e-04], Best Fitness = 3.886637649842087e-05, Evaluations = 6272
Generation 196: Best Solution = [ 1.67834114e-04 -1.66759153e-03 -2.65661936e-03  4.07102031e-03
 -2.12424463e-03 -6.87317078e-05  2.60898874e-03  3.48825015e-04
 -6.10757324e-04 -7.79646715e-04], Best Fitness = 3.886637649842087e-05, Evaluations = 6304
Generation 197: Best Solution = [ 1.86937583e-03 -1.49785502e-03  9.78512103e-04 -7.41302693e-05
 -5.18545351e-04  3.46410798e-04 -1.90055345e-03 -1.73688107e-04
  2.00176992e-03  1.78794054e-03], Best Fitness = 1.7936091787400728e-05, Evaluations = 6336
Generation 198: Best Solution = [ 1.86937583e-03 -1.49785502e-03  9.78512103e-04 -7.41302693e-05
 -5.18545351e-04  3.46410798e-04 -1.90055345e-03 -1.73688107e-04
  2.00176992e-03  1.78794054e-03], Best Fitness = 1.7936091787400728e-05, Evaluations = 6368
Generation 199: Best Solution = [ 1.86937583e-03 -1.49785502e-03  9.78512103e-04 -7.41302693e-05
 -5.18545351e-04  3.46410798e-04 -1.90055345e-03 -1.73688107e-04
  2.00176992e-03  1.78794054e-03], Best Fitness = 1.7936091787400728e-05, Evaluations = 6400
Generation 200: Best Solution = [ 1.86937583e-03 -1.49785502e-03  9.78512103e-04 -7.41302693e-05
 -5.18545351e-04  3.46410798e-04 -1.90055345e-03 -1.73688107e-04
  2.00176992e-03  1.78794054e-03], Best Fitness = 1.7936091787400728e-05, Evaluations = 6432
Generation 201: Best Solution = [ 1.86937583e-03 -1.49785502e-03  9.78512103e-04 -7.41302693e-05
 -5.18545351e-04  3.46410798e-04 -1.90055345e-03 -1.73688107e-04
  2.00176992e-03  1.78794054e-03], Best Fitness = 1.7936091787400728e-05, Evaluations = 6464
Generation 202: Best Solution = [ 1.86937583e-03 -1.49785502e-03  9.78512103e-04 -7.41302693e-05
 -5.18545351e-04  3.46410798e-04 -1.90055345e-03 -1.73688107e-04
  2.00176992e-03  1.78794054e-03], Best Fitness = 1.7936091787400728e-05, Evaluations = 6496
Generation 203: Best Solution = [-0.00162268 -0.00200961 -0.00045042  0.0003949   0.00083819 -0.00080028
 -0.00024738 -0.00050481  0.00090978  0.00037718], Best Fitness = 9.659452281018772e-06, Evaluations = 6528
Generation 204: Best Solution = [-0.00162268 -0.00200961 -0.00045042  0.0003949   0.00083819 -0.00080028
 -0.00024738 -0.00050481  0.00090978  0.00037718], Best Fitness = 9.659452281018772e-06, Evaluations = 6560
Generation 205: Best Solution = [-0.00162268 -0.00200961 -0.00045042  0.0003949   0.00083819 -0.00080028
 -0.00024738 -0.00050481  0.00090978  0.00037718], Best Fitness = 9.659452281018772e-06, Evaluations = 6592
Generation 206: Best Solution = [-0.00162268 -0.00200961 -0.00045042  0.0003949   0.00083819 -0.00080028
 -0.00024738 -0.00050481  0.00090978  0.00037718], Best Fitness = 9.659452281018772e-06, Evaluations = 6624
Generation 207: Best Solution = [-0.00162268 -0.00200961 -0.00045042  0.0003949   0.00083819 -0.00080028
 -0.00024738 -0.00050481  0.00090978  0.00037718], Best Fitness = 9.659452281018772e-06, Evaluations = 6656
Generation 208: Best Solution = [-0.00162268 -0.00200961 -0.00045042  0.0003949   0.00083819 -0.00080028
 -0.00024738 -0.00050481  0.00090978  0.00037718], Best Fitness = 9.659452281018772e-06, Evaluations = 6688
Generation 209: Best Solution = [-2.39213397e-04 -5.65017677e-04 -1.21628412e-03  2.49818420e-04
 -8.46733500e-05 -1.14356611e-03  7.68420711e-05  1.10253346e-03
  1.35551569e-03  8.14377604e-04], Best Fitness = 6.955255737432772e-06, Evaluations = 6720
Generation 210: Best Solution = [-2.39213397e-04 -5.65017677e-04 -1.21628412e-03  2.49818420e-04
 -8.46733500e-05 -1.14356611e-03  7.68420711e-05  1.10253346e-03
  1.35551569e-03  8.14377604e-04], Best Fitness = 6.955255737432772e-06, Evaluations = 6752
Generation 211: Best Solution = [-2.39213397e-04 -5.65017677e-04 -1.21628412e-03  2.49818420e-04
 -8.46733500e-05 -1.14356611e-03  7.68420711e-05  1.10253346e-03
  1.35551569e-03  8.14377604e-04], Best Fitness = 6.955255737432772e-06, Evaluations = 6784
Generation 212: Best Solution = [-2.39213397e-04 -5.65017677e-04 -1.21628412e-03  2.49818420e-04
 -8.46733500e-05 -1.14356611e-03  7.68420711e-05  1.10253346e-03
  1.35551569e-03  8.14377604e-04], Best Fitness = 6.955255737432772e-06, Evaluations = 6816
Generation 213: Best Solution = [-2.39213397e-04 -5.65017677e-04 -1.21628412e-03  2.49818420e-04
 -8.46733500e-05 -1.14356611e-03  7.68420711e-05  1.10253346e-03
  1.35551569e-03  8.14377604e-04], Best Fitness = 6.955255737432772e-06, Evaluations = 6848
Generation 214: Best Solution = [-2.39213397e-04 -5.65017677e-04 -1.21628412e-03  2.49818420e-04
 -8.46733500e-05 -1.14356611e-03  7.68420711e-05  1.10253346e-03
  1.35551569e-03  8.14377604e-04], Best Fitness = 6.955255737432772e-06, Evaluations = 6880
Generation 215: Best Solution = [-2.39213397e-04 -5.65017677e-04 -1.21628412e-03  2.49818420e-04
 -8.46733500e-05 -1.14356611e-03  7.68420711e-05  1.10253346e-03
  1.35551569e-03  8.14377604e-04], Best Fitness = 6.955255737432772e-06, Evaluations = 6912
Generation 216: Best Solution = [-2.39213397e-04 -5.65017677e-04 -1.21628412e-03  2.49818420e-04
 -8.46733500e-05 -1.14356611e-03  7.68420711e-05  1.10253346e-03
  1.35551569e-03  8.14377604e-04], Best Fitness = 6.955255737432772e-06, Evaluations = 6944
Generation 217: Best Solution = [-2.39213397e-04 -5.65017677e-04 -1.21628412e-03  2.49818420e-04
 -8.46733500e-05 -1.14356611e-03  7.68420711e-05  1.10253346e-03
  1.35551569e-03  8.14377604e-04], Best Fitness = 6.955255737432772e-06, Evaluations = 6976
Generation 218: Best Solution = [-2.39213397e-04 -5.65017677e-04 -1.21628412e-03  2.49818420e-04
 -8.46733500e-05 -1.14356611e-03  7.68420711e-05  1.10253346e-03
  1.35551569e-03  8.14377604e-04], Best Fitness = 6.955255737432772e-06, Evaluations = 7008
Generation 219: Best Solution = [-2.39213397e-04 -5.65017677e-04 -1.21628412e-03  2.49818420e-04
 -8.46733500e-05 -1.14356611e-03  7.68420711e-05  1.10253346e-03
  1.35551569e-03  8.14377604e-04], Best Fitness = 6.955255737432772e-06, Evaluations = 7040
Generation 220: Best Solution = [-2.39213397e-04 -5.65017677e-04 -1.21628412e-03  2.49818420e-04
 -8.46733500e-05 -1.14356611e-03  7.68420711e-05  1.10253346e-03
  1.35551569e-03  8.14377604e-04], Best Fitness = 6.955255737432772e-06, Evaluations = 7072
Generation 221: Best Solution = [-2.39213397e-04 -5.65017677e-04 -1.21628412e-03  2.49818420e-04
 -8.46733500e-05 -1.14356611e-03  7.68420711e-05  1.10253346e-03
  1.35551569e-03  8.14377604e-04], Best Fitness = 6.955255737432772e-06, Evaluations = 7104
Generation 222: Best Solution = [-7.50230426e-04 -5.50882560e-04 -1.11477861e-04 -2.11665911e-03
 -1.04600292e-04 -3.15521788e-04 -9.17416182e-05 -5.02533724e-04
  9.10549421e-05 -1.75380141e-04], Best Fitness = 5.769491492479033e-06, Evaluations = 7136
Generation 223: Best Solution = [-7.50230426e-04 -5.50882560e-04 -1.11477861e-04 -2.11665911e-03
 -1.04600292e-04 -3.15521788e-04 -9.17416182e-05 -5.02533724e-04
  9.10549421e-05 -1.75380141e-04], Best Fitness = 3.5953458031814107e-06, Evaluations = 7168
Generation 224: Best Solution = [-7.50230426e-04 -5.50882560e-04 -1.11477861e-04 -2.11665911e-03
 -1.04600292e-04 -3.15521788e-04 -9.17416182e-05 -5.02533724e-04
  9.10549421e-05 -1.75380141e-04], Best Fitness = 3.5953458031814107e-06, Evaluations = 7200
Generation 225: Best Solution = [ 4.13874140e-04  2.46211454e-06 -4.50423192e-04  3.94896794e-04
 -8.49832422e-04  8.10148988e-04 -8.97336095e-04 -5.04806280e-04
  4.24530494e-04  3.77177716e-04], Best Fitness = 3.2912095395819022e-06, Evaluations = 7232
Generation 226: Best Solution = [ 4.13874140e-04  2.46211454e-06 -4.50423192e-04  3.94896794e-04
 -8.49832422e-04  8.10148988e-04 -8.97336095e-04 -5.04806280e-04
  4.24530494e-04  3.77177716e-04], Best Fitness = 3.2912095395819022e-06, Evaluations = 7264
Generation 227: Best Solution = [ 4.13874140e-04  2.46211454e-06 -4.50423192e-04  3.94896794e-04
 -8.49832422e-04  8.10148988e-04 -8.97336095e-04 -5.04806280e-04
  4.24530494e-04  3.77177716e-04], Best Fitness = 3.2912095395819022e-06, Evaluations = 7296
Generation 228: Best Solution = [ 4.13874140e-04  2.46211454e-06 -4.50423192e-04  3.94896794e-04
 -8.49832422e-04  8.10148988e-04 -8.97336095e-04 -5.04806280e-04
  4.24530494e-04  3.77177716e-04], Best Fitness = 3.2912095395819022e-06, Evaluations = 7328
Generation 229: Best Solution = [ 4.13874140e-04  2.46211454e-06 -4.50423192e-04  3.94896794e-04
 -8.49832422e-04  8.10148988e-04 -8.97336095e-04 -5.04806280e-04
  4.24530494e-04  3.77177716e-04], Best Fitness = 3.2912095395819022e-06, Evaluations = 7360
Generation 230: Best Solution = [ 4.13874140e-04  2.46211454e-06 -4.50423192e-04  3.94896794e-04
 -8.49832422e-04  8.10148988e-04 -8.97336095e-04 -5.04806280e-04
  4.24530494e-04  3.77177716e-04], Best Fitness = 3.2912095395819022e-06, Evaluations = 7392
Generation 231: Best Solution = [-0.00022993  0.00059843 -0.00018048  0.00026185  0.00026529 -0.00034396
  0.00032983 -0.00048939  0.00027936 -0.00126319], Best Fitness = 2.7227934884443066e-06, Evaluations = 7424
Generation 232: Best Solution = [-0.00022993  0.00059843 -0.00018048  0.00026185  0.00026529 -0.00034396
  0.00032983 -0.00048939  0.00027936 -0.00126319], Best Fitness = 2.7227934884443066e-06, Evaluations = 7456
Generation 233: Best Solution = [-0.00022993  0.00059843 -0.00018048  0.00026185  0.00026529 -0.00034396
  0.00032983 -0.00048939  0.00027936 -0.00126319], Best Fitness = 2.7227934884443066e-06, Evaluations = 7488
Generation 234: Best Solution = [-0.00022993  0.00059843 -0.00018048  0.00026185  0.00026529 -0.00034396
  0.00032983 -0.00048939  0.00027936 -0.00126319], Best Fitness = 2.7227934884443066e-06, Evaluations = 7520
Generation 235: Best Solution = [-0.00022993  0.00059843 -0.00018048  0.00026185  0.00026529 -0.00034396
  0.00032983 -0.00048939  0.00027936 -0.00126319], Best Fitness = 2.7227934884443066e-06, Evaluations = 7552
Generation 236: Best Solution = [-0.00022993  0.00059843 -0.00018048  0.00026185  0.00026529 -0.00034396
  0.00032983 -0.00048939  0.00027936 -0.00126319], Best Fitness = 2.7227934884443066e-06, Evaluations = 7584
Generation 237: Best Solution = [-0.00022993  0.00059843 -0.00018048  0.00026185  0.00026529 -0.00034396
  0.00032983 -0.00048939  0.00027936 -0.00126319], Best Fitness = 2.7227934884443066e-06, Evaluations = 7616
Generation 238: Best Solution = [ 2.72526396e-05 -2.66750852e-04 -6.47007106e-05  2.89603260e-04
  1.22730901e-03  2.97166345e-04 -3.41495685e-04  3.04041141e-04
  5.43958666e-04  2.98601765e-04], Best Fitness = 2.348664569132231e-06, Evaluations = 7648
Generation 239: Best Solution = [-2.59034189e-04 -2.79117297e-05 -3.31966915e-04 -3.74981617e-04
  1.14004575e-05  2.66895991e-04 -1.28532327e-04  9.40637203e-04
 -7.80682612e-04 -1.47769738e-04], Best Fitness = 1.922674603776096e-06, Evaluations = 7680
Generation 240: Best Solution = [-2.59034189e-04 -2.79117297e-05 -3.31966915e-04 -3.74981617e-04
  1.14004575e-05  2.66895991e-04 -1.28532327e-04  9.40637203e-04
 -7.80682612e-04 -1.47769738e-04], Best Fitness = 1.922674603776096e-06, Evaluations = 7712
Generation 241: Best Solution = [-2.59034189e-04 -2.79117297e-05 -3.31966915e-04 -3.74981617e-04
  1.14004575e-05  2.66895991e-04 -1.28532327e-04  9.40637203e-04
 -7.80682612e-04 -1.47769738e-04], Best Fitness = 1.922674603776096e-06, Evaluations = 7744
Generation 242: Best Solution = [-2.59034189e-04 -2.79117297e-05 -3.31966915e-04 -3.74981617e-04
  1.14004575e-05  2.66895991e-04 -1.28532327e-04  9.40637203e-04
 -7.80682612e-04 -1.47769738e-04], Best Fitness = 1.922674603776096e-06, Evaluations = 7776
Generation 243: Best Solution = [-2.59034189e-04 -2.79117297e-05 -3.31966915e-04 -3.74981617e-04
  1.14004575e-05  2.66895991e-04 -1.28532327e-04  9.40637203e-04
 -7.80682612e-04 -1.47769738e-04], Best Fitness = 1.7320446414462559e-06, Evaluations = 7808
Generation 244: Best Solution = [-2.59034189e-04 -2.79117297e-05 -3.31966915e-04 -3.74981617e-04
  1.14004575e-05  2.66895991e-04 -1.28532327e-04  9.40637203e-04
 -7.80682612e-04 -1.47769738e-04], Best Fitness = 1.7320446414462559e-06, Evaluations = 7840
Generation 245: Best Solution = [-2.59034189e-04 -2.79117297e-05 -3.31966915e-04 -3.74981617e-04
  1.14004575e-05  2.66895991e-04 -1.28532327e-04  9.40637203e-04
 -7.80682612e-04 -1.47769738e-04], Best Fitness = 1.7320446414462559e-06, Evaluations = 7872
Generation 246: Best Solution = [-2.59034189e-04 -2.79117297e-05 -3.31966915e-04 -3.74981617e-04
  1.14004575e-05  2.66895991e-04 -1.28532327e-04  9.40637203e-04
 -7.80682612e-04 -1.47769738e-04], Best Fitness = 1.7320446414462559e-06, Evaluations = 7904
Generation 247: Best Solution = [-2.59034189e-04 -2.79117297e-05 -3.31966915e-04 -3.74981617e-04
  1.14004575e-05  2.66895991e-04 -1.28532327e-04  9.40637203e-04
 -7.80682612e-04 -1.47769738e-04], Best Fitness = 1.7320446414462559e-06, Evaluations = 7936
Generation 248: Best Solution = [-4.69996606e-04  1.26006426e-04 -4.91165751e-04  2.02057610e-04
  3.40762051e-04  4.13578429e-04 -5.21978563e-05 -2.23576609e-04
  1.57522646e-04  3.32339270e-04], Best Fitness = 9.939852847248661e-07, Evaluations = 7968
Generation 249: Best Solution = [ 1.34184900e-04 -4.29016071e-05 -6.47007106e-05 -4.32279511e-04
  1.52839956e-04  3.22393133e-04 -3.41495685e-04 -4.10029512e-04
 -1.27976579e-04  2.98601765e-04], Best Fitness = 7.284798001279525e-07, Evaluations = 8000
Generation 250: Best Solution = [ 1.34184900e-04 -4.29016071e-05 -6.47007106e-05 -4.32279511e-04
  1.52839956e-04  3.22393133e-04 -3.41495685e-04 -4.10029512e-04
 -1.27976579e-04  2.98601765e-04], Best Fitness = 7.284798001279525e-07, Evaluations = 8032
Generation 251: Best Solution = [ 1.34184900e-04 -4.29016071e-05 -6.47007106e-05 -4.32279511e-04
  1.52839956e-04  3.22393133e-04 -3.41495685e-04 -4.10029512e-04
 -1.27976579e-04  2.98601765e-04], Best Fitness = 7.284798001279525e-07, Evaluations = 8064
Generation 252: Best Solution = [ 1.34184900e-04 -4.29016071e-05 -6.47007106e-05 -4.32279511e-04
  1.52839956e-04  3.22393133e-04 -3.41495685e-04 -4.10029512e-04
 -1.27976579e-04  2.98601765e-04], Best Fitness = 7.284798001279525e-07, Evaluations = 8096
Generation 253: Best Solution = [ 2.46576923e-04  1.45357619e-04  1.27481868e-04 -2.43759873e-04
  7.21324278e-05 -1.20080489e-04 -1.63469992e-04 -2.77052641e-04
 -7.01482970e-05  4.59246372e-04], Best Fitness = 4.96530547800019e-07, Evaluations = 8128
Generation 254: Best Solution = [ 2.46576923e-04  1.45357619e-04  1.27481868e-04 -2.43759873e-04
  7.21324278e-05 -1.20080489e-04 -1.63469992e-04 -2.77052641e-04
 -7.01482970e-05  4.59246372e-04], Best Fitness = 4.96530547800019e-07, Evaluations = 8160
Generation 255: Best Solution = [ 2.46576923e-04  1.45357619e-04  1.27481868e-04 -2.43759873e-04
  7.21324278e-05 -1.20080489e-04 -1.63469992e-04 -2.77052641e-04
 -7.01482970e-05  4.59246372e-04], Best Fitness = 4.96530547800019e-07, Evaluations = 8192
Generation 256: Best Solution = [ 2.46576923e-04  1.45357619e-04  1.27481868e-04 -2.43759873e-04
  7.21324278e-05 -1.20080489e-04 -1.63469992e-04 -2.77052641e-04
 -7.01482970e-05  4.59246372e-04], Best Fitness = 4.96530547800019e-07, Evaluations = 8224
Generation 257: Best Solution = [ 2.46576923e-04  1.45357619e-04  1.27481868e-04 -2.43759873e-04
  7.21324278e-05 -1.20080489e-04 -1.63469992e-04 -2.77052641e-04
 -7.01482970e-05  4.59246372e-04], Best Fitness = 4.96530547800019e-07, Evaluations = 8256
Generation 258: Best Solution = [ 2.46576923e-04  1.45357619e-04  1.27481868e-04 -2.43759873e-04
  7.21324278e-05 -1.20080489e-04 -1.63469992e-04 -2.77052641e-04
 -7.01482970e-05  4.59246372e-04], Best Fitness = 4.96530547800019e-07, Evaluations = 8288
Generation 259: Best Solution = [ 2.46576923e-04  1.45357619e-04  1.27481868e-04 -2.43759873e-04
  7.21324278e-05 -1.20080489e-04 -1.63469992e-04 -2.77052641e-04
 -7.01482970e-05  4.59246372e-04], Best Fitness = 4.96530547800019e-07, Evaluations = 8320
Generation 260: Best Solution = [ 2.46576923e-04  1.45357619e-04  1.27481868e-04 -2.43759873e-04
  7.21324278e-05 -1.20080489e-04 -1.63469992e-04 -2.77052641e-04
 -7.01482970e-05  4.59246372e-04], Best Fitness = 4.96530547800019e-07, Evaluations = 8352
Generation 261: Best Solution = [ 4.29411797e-05 -2.25504039e-04  2.42073947e-04  1.20599993e-05
 -3.52327685e-04 -3.27451776e-04 -2.54019478e-04  1.31442564e-05
  7.10205121e-05 -2.70188576e-04], Best Fitness = 4.855451659469362e-07, Evaluations = 8384
Generation 262: Best Solution = [ 4.29411797e-05 -2.25504039e-04  2.42073947e-04  1.20599993e-05
 -3.52327685e-04 -3.27451776e-04 -2.54019478e-04  1.31442564e-05
  7.10205121e-05 -2.70188576e-04], Best Fitness = 4.855451659469362e-07, Evaluations = 8416
Generation 263: Best Solution = [ 4.29411797e-05 -2.25504039e-04  2.42073947e-04  1.20599993e-05
 -3.52327685e-04 -3.27451776e-04 -2.54019478e-04  1.31442564e-05
  7.10205121e-05 -2.70188576e-04], Best Fitness = 4.855451659469362e-07, Evaluations = 8448
Generation 264: Best Solution = [ 4.29411797e-05 -2.25504039e-04  2.42073947e-04  1.20599993e-05
 -3.52327685e-04 -3.27451776e-04 -2.54019478e-04  1.31442564e-05
  7.10205121e-05 -2.70188576e-04], Best Fitness = 3.479645565162276e-07, Evaluations = 8480
Generation 265: Best Solution = [ 4.29411797e-05 -2.25504039e-04  2.42073947e-04  1.20599993e-05
 -3.52327685e-04 -3.27451776e-04 -2.54019478e-04  1.31442564e-05
  7.10205121e-05 -2.70188576e-04], Best Fitness = 3.479645565162276e-07, Evaluations = 8512
Generation 266: Best Solution = [ 4.29411797e-05 -2.25504039e-04  2.42073947e-04  1.20599993e-05
 -3.52327685e-04 -3.27451776e-04 -2.54019478e-04  1.31442564e-05
  7.10205121e-05 -2.70188576e-04], Best Fitness = 3.479645565162276e-07, Evaluations = 8544
Generation 267: Best Solution = [ 2.46576923e-04  1.45357619e-04  1.31818460e-04  3.73368523e-05
 -2.70146950e-05 -1.20080489e-04 -3.07981529e-04 -2.77052641e-04
 -7.01482970e-05 -2.03206861e-04], Best Fitness = 3.336728803758296e-07, Evaluations = 8576
Generation 268: Best Solution = [ 3.05543497e-04  6.57427665e-05  5.43147082e-06  6.88236138e-05
  6.04730015e-05  1.06252832e-04  1.05143319e-04 -1.47119104e-04
 -1.80548122e-04 -2.88717260e-04], Best Fitness = 2.66046207106083e-07, Evaluations = 8608
Generation 269: Best Solution = [ 3.05543497e-04  6.57427665e-05  5.43147082e-06  6.88236138e-05
  6.04730015e-05  1.06252832e-04  1.05143319e-04 -1.47119104e-04
 -1.80548122e-04 -2.88717260e-04], Best Fitness = 2.66046207106083e-07, Evaluations = 8640
Generation 270: Best Solution = [ 1.24831343e-04 -3.14358936e-05 -2.21096911e-05  2.10392088e-04
 -7.74380822e-05  9.75428615e-05  1.59665354e-04 -1.72342246e-04
  2.41665205e-04  5.98650763e-05], Best Fitness = 1.9401678883646386e-07, Evaluations = 8672
Generation 271: Best Solution = [ 1.24831343e-04 -3.14358936e-05 -2.21096911e-05  2.10392088e-04
 -7.74380822e-05  9.75428615e-05  1.59665354e-04 -1.72342246e-04
  2.41665205e-04  5.98650763e-05], Best Fitness = 1.9401678883646386e-07, Evaluations = 8704
Generation 272: Best Solution = [ 1.24831343e-04 -3.14358936e-05 -2.21096911e-05  2.10392088e-04
 -7.74380822e-05  9.75428615e-05  1.59665354e-04 -1.72342246e-04
  2.41665205e-04  5.98650763e-05], Best Fitness = 1.9401678883646386e-07, Evaluations = 8736
Generation 273: Best Solution = [ 1.24831343e-04 -3.14358936e-05 -2.21096911e-05  2.10392088e-04
 -7.74380822e-05  9.75428615e-05  1.59665354e-04 -1.72342246e-04
  2.41665205e-04  5.98650763e-05], Best Fitness = 1.9401678883646386e-07, Evaluations = 8768
Generation 274: Best Solution = [ 1.24831343e-04 -3.14358936e-05 -2.21096911e-05  2.10392088e-04
 -7.74380822e-05  9.75428615e-05  1.59665354e-04 -1.72342246e-04
  2.41665205e-04  5.98650763e-05], Best Fitness = 1.9401678883646386e-07, Evaluations = 8800
Generation 275: Best Solution = [ 1.24831343e-04 -3.14358936e-05 -2.21096911e-05  2.10392088e-04
 -7.74380822e-05  9.75428615e-05  1.59665354e-04 -1.72342246e-04
  2.41665205e-04  5.98650763e-05], Best Fitness = 1.9401678883646386e-07, Evaluations = 8832
Generation 276: Best Solution = [ 2.10269905e-04  6.38004385e-05  1.56772078e-05 -1.68530627e-04
 -1.78088705e-04  9.36913840e-05  1.32325164e-04 -1.55795593e-04
  3.70587411e-05  1.32350987e-04], Best Fitness = 1.7809828783121524e-07, Evaluations = 8864
Generation 277: Best Solution = [ 2.10269905e-04  6.38004385e-05  1.56772078e-05 -1.68530627e-04
 -1.78088705e-04  9.36913840e-05  1.32325164e-04 -1.55795593e-04
  3.70587411e-05  1.32350987e-04], Best Fitness = 1.490873064675598e-07, Evaluations = 8896
Generation 278: Best Solution = [ 1.20637895e-04  1.50309996e-04  1.15049255e-04 -4.32371472e-05
 -2.64301894e-05  1.71275493e-04 -6.56145826e-05  1.68282769e-05
 -2.62516072e-05  8.26377593e-05], Best Fitness = 9.439283851482347e-08, Evaluations = 8928
Generation 279: Best Solution = [ 1.20637895e-04  1.50309996e-04  1.15049255e-04 -4.32371472e-05
 -2.64301894e-05  1.71275493e-04 -6.56145826e-05  1.68282769e-05
 -2.62516072e-05  8.26377593e-05], Best Fitness = 9.439283851482347e-08, Evaluations = 8960
Generation 280: Best Solution = [-1.50505485e-04  1.85681397e-05 -5.13453379e-05  6.37330369e-05
  7.01121910e-05 -6.79852930e-05 -1.24033667e-04 -9.95304172e-05
 -8.40411785e-05 -1.62346414e-05], Best Fitness = 7.184977789984698e-08, Evaluations = 8992
Generation 281: Best Solution = [-1.50505485e-04  1.85681397e-05 -5.13453379e-05  6.37330369e-05
  7.01121910e-05 -6.79852930e-05 -1.24033667e-04 -9.95304172e-05
 -8.40411785e-05 -1.62346414e-05], Best Fitness = 7.184977789984698e-08, Evaluations = 9024
Generation 282: Best Solution = [-1.50505485e-04  1.85681397e-05 -5.13453379e-05  6.37330369e-05
  7.01121910e-05 -6.79852930e-05 -1.24033667e-04 -9.95304172e-05
 -8.40411785e-05 -1.62346414e-05], Best Fitness = 7.184977789984698e-08, Evaluations = 9056
Generation 283: Best Solution = [-1.50505485e-04  1.85681397e-05 -5.13453379e-05  6.37330369e-05
  7.01121910e-05 -6.79852930e-05 -1.24033667e-04 -9.95304172e-05
 -8.40411785e-05 -1.62346414e-05], Best Fitness = 7.184977789984698e-08, Evaluations = 9088
Generation 284: Best Solution = [ 4.17491619e-05 -1.17884122e-04  9.93561695e-05 -3.11666411e-05
  1.15332867e-04 -1.41966392e-04 -3.97669373e-05  3.57911222e-05
 -1.63894231e-05 -6.26087895e-05], Best Fitness = 6.69896807500101e-08, Evaluations = 9120
Generation 285: Best Solution = [ 4.17491619e-05 -1.17884122e-04  9.93561695e-05 -3.11666411e-05
  1.15332867e-04 -1.41966392e-04 -3.97669373e-05  3.57911222e-05
 -1.63894231e-05 -6.26087895e-05], Best Fitness = 6.69896807500101e-08, Evaluations = 9152
Generation 286: Best Solution = [ 3.26692820e-05 -6.85431063e-05  6.40906308e-06  1.20599993e-05
  6.30178736e-05  3.82946849e-05 -9.28328077e-05 -1.69079221e-04
  7.10205121e-05  2.83927043e-05], Best Fitness = 5.444546641995641e-08, Evaluations = 9184
Generation 287: Best Solution = [ 3.26692820e-05 -6.85431063e-05  6.40906308e-06  1.20599993e-05
  6.30178736e-05  3.82946849e-05 -9.28328077e-05 -1.69079221e-04
  7.10205121e-05  2.83927043e-05], Best Fitness = 5.444546641995641e-08, Evaluations = 9216
Generation 288: Best Solution = [ 3.26692820e-05 -6.85431063e-05  6.40906308e-06  1.20599993e-05
  6.30178736e-05  3.82946849e-05 -9.28328077e-05 -1.69079221e-04
  7.10205121e-05  2.83927043e-05], Best Fitness = 5.444546641995641e-08, Evaluations = 9248
Generation 289: Best Solution = [ 4.17491619e-05 -1.17884122e-04 -4.46455520e-05  6.77924479e-05
  7.06891862e-05 -1.17014486e-04 -3.97669373e-05  3.57911222e-05
 -1.63894231e-05 -6.26087895e-05], Best Fitness = 4.796893838137488e-08, Evaluations = 9280
Generation 290: Best Solution = [ 4.17491619e-05 -1.17884122e-04 -4.46455520e-05  6.77924479e-05
  7.06891862e-05 -1.17014486e-04 -3.97669373e-05  3.57911222e-05
 -1.63894231e-05 -6.26087895e-05], Best Fitness = 4.796893838137488e-08, Evaluations = 9312
Generation 291: Best Solution = [ 4.17491619e-05 -1.17884122e-04 -4.46455520e-05  6.77924479e-05
  7.06891862e-05 -1.17014486e-04 -3.97669373e-05  3.57911222e-05
 -1.63894231e-05 -6.26087895e-05], Best Fitness = 4.796893838137488e-08, Evaluations = 9344
Generation 292: Best Solution = [-1.90493077e-06 -4.88867534e-05 -3.56884043e-06  2.31529442e-06
  1.28637159e-04 -7.73239045e-05 -3.06370740e-05  5.96238498e-06
  8.40769108e-05  3.27958300e-06], Best Fitness = 3.2992008452168625e-08, Evaluations = 9376
Generation 293: Best Solution = [-1.90493077e-06 -4.88867534e-05 -3.56884043e-06  2.31529442e-06
  1.28637159e-04 -7.73239045e-05 -3.06370740e-05  5.96238498e-06
  8.40769108e-05  3.27958300e-06], Best Fitness = 2.6859917674882716e-08, Evaluations = 9408
Generation 294: Best Solution = [-1.90493077e-06 -4.88867534e-05 -3.56884043e-06  2.31529442e-06
  1.28637159e-04 -7.73239045e-05 -3.06370740e-05  5.96238498e-06
  8.40769108e-05  3.27958300e-06], Best Fitness = 2.6859917674882716e-08, Evaluations = 9440
Generation 295: Best Solution = [-1.90493077e-06 -4.88867534e-05 -3.56884043e-06  2.31529442e-06
  1.28637159e-04 -7.73239045e-05 -3.06370740e-05  5.96238498e-06
  8.40769108e-05  3.27958300e-06], Best Fitness = 2.6859917674882716e-08, Evaluations = 9472
Generation 296: Best Solution = [ 3.26692820e-05 -6.85431063e-05 -1.61334230e-05  1.20599993e-05
  5.61589256e-05  3.82946849e-05  9.56644251e-05 -2.65170902e-05
  7.10205121e-05  2.83927043e-05], Best Fitness = 2.6496375250185493e-08, Evaluations = 9504
Generation 297: Best Solution = [ 3.26692820e-05 -6.85431063e-05 -1.61334230e-05  1.20599993e-05
  5.61589256e-05  3.82946849e-05  9.56644251e-05 -2.65170902e-05
  7.10205121e-05  2.83927043e-05], Best Fitness = 2.6496375250185493e-08, Evaluations = 9536
Generation 298: Best Solution = [ 6.03711978e-05 -1.41440367e-05 -6.52539887e-05  4.04458845e-05
 -1.24541169e-05  7.37198149e-05  4.27563885e-05 -7.48951063e-05
  3.00627999e-05  2.74178806e-05], Best Fitness = 2.4421301870660876e-08, Evaluations = 9568
Generation 299: Best Solution = [ 6.03711978e-05 -1.41440367e-05 -6.52539887e-05  4.04458845e-05
 -1.24541169e-05  7.37198149e-05  4.27563885e-05 -7.48951063e-05
  3.00627999e-05  2.74178806e-05], Best Fitness = 2.417194357907451e-08, Evaluations = 9600
Generation 300: Best Solution = [ 6.03711978e-05 -1.41440367e-05 -6.52539887e-05  4.04458845e-05
 -1.24541169e-05  7.37198149e-05  4.27563885e-05 -7.48951063e-05
  3.00627999e-05  2.74178806e-05], Best Fitness = 2.417194357907451e-08, Evaluations = 9632
Generation 301: Best Solution = [-6.26861355e-05  2.17825067e-06 -2.06716487e-05 -3.08302049e-05
 -3.93889708e-05 -4.35564691e-06  3.46586937e-05 -5.86291865e-06
  6.01166999e-05  4.17009272e-05], Best Fitness = 1.347116143181055e-08, Evaluations = 9664
Generation 302: Best Solution = [-5.78988973e-05 -2.15947150e-05 -1.88591811e-05 -1.80132167e-05
  2.04620561e-05  5.49621411e-05 -2.45203644e-06 -1.45396332e-05
  2.73538534e-05 -4.86130520e-05], Best Fitness = 1.1267166941110926e-08, Evaluations = 9696
Generation 303: Best Solution = [-5.78988973e-05 -2.15947150e-05 -1.88591811e-05 -1.80132167e-05
  2.04620561e-05  5.49621411e-05 -2.45203644e-06 -1.45396332e-05
  2.73538534e-05 -4.86130520e-05], Best Fitness = 1.1267166941110926e-08, Evaluations = 9728
Generation 304: Best Solution = [-5.78988973e-05 -2.15947150e-05 -1.88591811e-05 -1.80132167e-05
  2.04620561e-05  5.49621411e-05 -2.45203644e-06 -1.45396332e-05
  2.73538534e-05 -4.86130520e-05], Best Fitness = 1.1267166941110926e-08, Evaluations = 9760
Generation 305: Best Solution = [-5.78988973e-05 -2.15947150e-05 -1.88591811e-05 -1.80132167e-05
  2.04620561e-05  5.49621411e-05 -2.45203644e-06 -1.45396332e-05
  2.73538534e-05 -4.86130520e-05], Best Fitness = 1.1267166941110926e-08, Evaluations = 9792
Generation 306: Best Solution = [ 7.73046580e-06 -4.51721459e-05  1.91925830e-05  4.04458845e-05
 -3.71901208e-06  6.48442417e-05  9.46483158e-06  2.20748451e-06
  3.00627999e-05  3.31011896e-05], Best Fitness = 1.0417031129638364e-08, Evaluations = 9824
Generation 307: Best Solution = [ 7.73046580e-06 -4.51721459e-05  1.91925830e-05  4.04458845e-05
 -3.71901208e-06  6.48442417e-05  9.46483158e-06  2.20748451e-06
  3.00627999e-05  3.31011896e-05], Best Fitness = 1.0417031129638364e-08, Evaluations = 9856
Generation 308: Best Solution = [-1.90493077e-06  2.99548311e-05  6.62879216e-05  2.31529442e-06
  5.07792163e-05  2.74990768e-05  3.46501239e-05  5.96238498e-06
  1.43899935e-05  3.27958300e-06], Best Fitness = 1.0089106527581695e-08, Evaluations = 9888
Generation 309: Best Solution = [-1.90493077e-06  2.99548311e-05  6.62879216e-05  2.31529442e-06
  5.07792163e-05  2.74990768e-05  3.46501239e-05  5.96238498e-06
  1.43899935e-05  3.27958300e-06], Best Fitness = 1.0089106527581695e-08, Evaluations = 9920
Generation 310: Best Solution = [-1.90493077e-06  2.99548311e-05  6.62879216e-05  2.31529442e-06
  5.07792163e-05  2.74990768e-05  3.46501239e-05  5.96238498e-06
  1.43899935e-05  3.27958300e-06], Best Fitness = 1.0089106527581695e-08, Evaluations = 9952
Generation 311: Best Solution = [-1.90493077e-06  2.99548311e-05  6.62879216e-05  2.31529442e-06
  5.07792163e-05  2.74990768e-05  3.46501239e-05  5.96238498e-06
  1.43899935e-05  3.27958300e-06], Best Fitness = 1.0089106527581695e-08, Evaluations = 9984
Generation 312: Best Solution = [-1.90493077e-06  2.99548311e-05  6.62879216e-05  2.31529442e-06
  5.07792163e-05  2.74990768e-05  3.46501239e-05  5.96238498e-06
  1.43899935e-05  3.27958300e-06], Best Fitness = 1.0089106527581695e-08, Evaluations = 10016
