Algorithm: Cross-Entropy Method
Objective Function: Griewank
Dimension: 10
Population Size: 32
Max Evaluations: 10000

Generation 1: Best Solution = [ 141.66308564  246.38129922  140.8626718  -251.05943834  -47.10200127
 -124.35431509  205.170852   -279.6608429  -113.43071506 -550.08830357], Best Fitness = 155.2730139567252, Evaluations = 32
Generation 2: Best Solution = [ -29.43744153  451.61775837 -138.73232843   58.76891368   59.26620102
 -190.57290627  281.13755085  215.63135158  -45.3034341  -260.9413419 ], Best Fitness = 116.75857652794208, Evaluations = 64
Generation 3: Best Solution = [ 2.22984308e+02  2.63196059e+02 -7.07843605e+01 -1.28435029e+02
 -1.36011625e+01 -2.25487162e+02 -4.88518808e+00  7.54533784e+01
 -1.64058442e-01 -3.41873381e+02], Best Fitness = 79.5311793736895, Evaluations = 96
Generation 4: Best Solution = [ 224.52195352  128.8763862   -32.11347116   13.06322753   80.96701129
 -204.69101207  121.09870391   -5.21647069   52.8838244  -391.781124  ], Best Fitness = 72.9141097777663, Evaluations = 128
Generation 5: Best Solution = [ 152.65569371  194.85245579  -46.44849921  -51.21249396   91.1083311
 -209.99134867  127.23526956   61.59554141   30.4893039  -354.66794737], Best Fitness = 67.29141021069424, Evaluations = 160
Generation 6: Best Solution = [ 188.81906891  184.23642997  -19.66449659  -42.51709582  110.29676744
 -185.44253872  132.85390299   49.9929759   -12.29567422 -338.38034833], Best Fitness = 64.28963867600585, Evaluations = 192
Generation 7: Best Solution = [ 188.28269464  183.53128028  -17.08119016  -35.33190415  125.8559448
 -191.89926616  139.51271126   62.85158631  -20.63479732 -326.02269932], Best Fitness = 64.2732069190474, Evaluations = 224
Generation 8: Best Solution = [ 194.60056811  179.07969401  -19.88145988  -33.48011329  111.02667118
 -183.01385133  138.31704308   52.79676671  -17.08644107 -338.41254065], Best Fitness = 64.47344552114325, Evaluations = 256
Generation 9: Best Solution = [ 183.50390386  177.20508294  -10.8746916   -38.26587624  127.08799728
 -183.6793059   136.64671507   53.45180268  -19.02177844 -337.60087858], Best Fitness = 64.0625775847802, Evaluations = 288
Generation 10: Best Solution = [ 186.36753197  182.18992382  -15.76396428  -38.75321846  118.15471014
 -188.86278046  138.68774621   59.92306222  -18.54471599 -331.80222678], Best Fitness = 64.13613501331875, Evaluations = 320
Generation 11: Best Solution = [ 175.41820747  173.3947695    -6.570673    -43.28524513  119.75389083
 -192.05379696  147.7173356    60.17532694  -21.19075542 -335.93448611], Best Fitness = 63.965745664610914, Evaluations = 352
Generation 12: Best Solution = [ 179.38304238  176.28701813   -9.41258454  -42.03876392  118.68323419
 -186.91920469  142.69753149   56.3913062   -19.59836411 -338.3161892 ], Best Fitness = 64.08816508516573, Evaluations = 384
Generation 13: Best Solution = [ 182.39872836  176.48015408  -10.99944975  -40.06236884  120.29418148
 -185.27217132  140.04321279   54.59354156  -18.75561587 -338.58116627], Best Fitness = 63.963576595477385, Evaluations = 416
Generation 14: Best Solution = [ 183.26301246  177.83240265  -12.1574786   -39.665394    118.6555073
 -185.68167497  140.33295259   55.90168489  -18.83186944 -337.35371747], Best Fitness = 64.01761864198039, Evaluations = 448
Generation 15: Best Solution = [ 178.42939507  177.92003003   -9.85634354  -43.96743062  117.61503313
 -187.03036051  140.70553963   55.63347448  -17.78375607 -338.88413603], Best Fitness = 63.94372999188266, Evaluations = 480
Generation 16: Best Solution = [ 179.14040235  177.68830637  -10.04783737  -43.38999578  117.99251384
 -186.60794724  140.40700385   55.20428144  -17.83566613 -339.02463898], Best Fitness = 63.79284903584618, Evaluations = 512
Generation 17: Best Solution = [ 179.32210341  177.36981971   -9.91466902  -42.99841126  119.08831849
 -186.21867592  140.10371521   54.87557193  -17.96863378 -339.18667656], Best Fitness = 63.73613484672008, Evaluations = 544
Generation 18: Best Solution = [ 178.88033953  177.62547346   -9.74514899  -43.47856335  118.97092739
 -186.1296419   140.05197878   54.85450384  -17.97669603 -339.35203493], Best Fitness = 63.71734211184768, Evaluations = 576
Generation 19: Best Solution = [ 179.08166421  177.47515286   -9.76312338  -43.28788598  119.189541
 -185.86553132  139.9095221    54.58344374  -17.98209942 -339.52714617], Best Fitness = 63.69695137502931, Evaluations = 608
Generation 20: Best Solution = [ 179.12751184  177.59629947   -9.87140954  -43.29828382  118.98081254
 -185.99172742  139.92163243   54.72228853  -17.93643893 -339.3975004 ], Best Fitness = 63.690043957289504, Evaluations = 640
Generation 21: Best Solution = [ 179.15542312  177.55833619   -9.86055487  -43.20846258  119.12083546
 -185.93756551  139.96255765   54.74017661  -18.01283568 -339.36956102], Best Fitness = 63.68339921919952, Evaluations = 672
Generation 22: Best Solution = [ 179.15737095  177.53758494   -9.84455173  -43.17639299  119.17581342
 -185.92483564  140.01219024   54.76563003  -18.06399926 -339.33670242], Best Fitness = 63.67929198077608, Evaluations = 704
Generation 23: Best Solution = [ 179.15146088  177.55724713   -9.85133441  -43.20234713  119.16542899
 -185.91468662  139.97163167   54.74387236  -18.04769271 -339.36003863], Best Fitness = 63.67882698685392, Evaluations = 736
Generation 24: Best Solution = [ 179.1547851   177.57381729   -9.84445826  -43.17908225  119.1855865
 -185.90984565  140.00433108   54.77803057  -18.09774323 -339.33079255], Best Fitness = 63.67744755757722, Evaluations = 768
Generation 25: Best Solution = [ 179.14875092  177.57401853   -9.85883119  -43.19855598  119.15279827
 -185.93002918  139.97911749   54.75562391  -18.04780637 -339.33015319], Best Fitness = 63.67482131557748, Evaluations = 800
Generation 26: Best Solution = [ 179.13805045  177.58261384   -9.87010905  -43.21585972  119.12773771
 -185.95826965  139.98749282   54.76849412  -18.0272541  -339.31204773], Best Fitness = 63.67316568124592, Evaluations = 832
Generation 27: Best Solution = [ 179.14485541  177.57840644   -9.86445944  -43.19253876  119.16814098
 -185.93457056  139.98038961   54.75815214  -18.04965018 -339.31585516], Best Fitness = 63.67227667829455, Evaluations = 864
Generation 28: Best Solution = [ 179.1267779   177.59640567   -9.87261687  -43.230059    119.13245694
 -185.90291424  139.9570432    54.72061046  -18.01845156 -339.36987937], Best Fitness = 63.67055499314461, Evaluations = 896
Generation 29: Best Solution = [ 179.13845965  177.58530156   -9.86649315  -43.22164625  119.15288949
 -185.89792394  139.94807694   54.70930194  -18.02395897 -339.36072942], Best Fitness = 63.66906859168426, Evaluations = 928
Generation 30: Best Solution = [ 179.13687226  177.58381256   -9.86316672  -43.22687748  119.14644882
 -185.90086199  139.97534953   54.72841748  -18.05395186 -339.34204776], Best Fitness = 63.66533787719126, Evaluations = 960
Generation 31: Best Solution = [ 179.14669137  177.57109027   -9.87147892  -43.22941325  119.15078033
 -185.91382482  139.98893621   54.74481162  -18.05479216 -339.32180341], Best Fitness = 63.66348322259597, Evaluations = 992
Generation 32: Best Solution = [ 179.11851671  177.59015323   -9.86945724  -43.22650466  119.13239454
 -185.86631765  139.94057318   54.69567356  -18.01372261 -339.37734281], Best Fitness = 63.662720834952864, Evaluations = 1024
Generation 33: Best Solution = [ 179.14102471  177.58017156   -9.87045705  -43.22793162  119.16105724
 -185.89235643  140.00593103   54.7520508   -18.06950091 -339.31982316], Best Fitness = 63.65942184959673, Evaluations = 1056
Generation 34: Best Solution = [ 179.14156213  177.57731268   -9.87207863  -43.21150278  119.16325898
 -185.89354233  140.00599093   54.75709601  -18.08623266 -339.30970918], Best Fitness = 63.65807715176371, Evaluations = 1088
Generation 35: Best Solution = [ 179.14695313  177.57292851   -9.87131735  -43.1979917   119.17834616
 -185.90374149  140.02585173   54.77084774  -18.11462526 -339.28150675], Best Fitness = 63.65560988453852, Evaluations = 1120
Generation 36: Best Solution = [ 179.13575451  177.56308949   -9.86532694  -43.22136369  119.17047549
 -185.89971612  140.01246847   54.76613542  -18.08535912 -339.29342224], Best Fitness = 63.655451068817335, Evaluations = 1152
Generation 37: Best Solution = [ 179.15243053  177.55713488   -9.87835111  -43.23817683  119.17101509
 -185.89726778  140.00813417   54.75878455  -18.07343076 -339.29748122], Best Fitness = 63.6540394035029, Evaluations = 1184
Generation 38: Best Solution = [ 179.14520667  177.56008019   -9.87473116  -43.23569794  119.16581906
 -185.88884569  139.98974638   54.75062026  -18.08253306 -339.304363  ], Best Fitness = 63.653092518993745, Evaluations = 1216
Generation 39: Best Solution = [ 179.14726276  177.5760693    -9.88351425  -43.24022398  119.15899675
 -185.89073168  139.98927633   54.72692657  -18.07245039 -339.31094248], Best Fitness = 63.65182515243058, Evaluations = 1248
Generation 40: Best Solution = [ 179.16271118  177.54689171   -9.87570259  -43.24328969  119.17412543
 -185.88807345  140.02251781   54.78002235  -18.08092565 -339.27371037], Best Fitness = 63.649495098294786, Evaluations = 1280
Generation 41: Best Solution = [ 179.16508513  177.54202852   -9.87750682  -43.24764978  119.17872354
 -185.88203876  140.0249046    54.78304903  -18.06927636 -339.27238225], Best Fitness = 63.648350975537554, Evaluations = 1312
Generation 42: Best Solution = [ 179.16477169  177.55601609   -9.87367584  -43.2399654   119.16745106
 -185.87312223  140.0252546    54.76851317  -18.07729865 -339.27145945], Best Fitness = 63.645867574195265, Evaluations = 1344
Generation 43: Best Solution = [ 179.16871871  177.55306505   -9.88474476  -43.24177541  119.16646999
 -185.8778339   140.02935811   54.76267213  -18.07212967 -339.27507087], Best Fitness = 63.64542101811306, Evaluations = 1376
Generation 44: Best Solution = [ 179.17663328  177.5466605    -9.8824901   -43.25043479  119.17015561
 -185.88303064  140.01935518   54.77696552  -18.06934123 -339.25193055], Best Fitness = 63.64345131134149, Evaluations = 1408
Generation 45: Best Solution = [ 179.16308365  177.54352051   -9.88655482  -43.24842438  119.17042686
 -185.88875523  140.0145013    54.77784662  -18.06807886 -339.25212899], Best Fitness = 63.64232613367677, Evaluations = 1440
Generation 46: Best Solution = [ 179.16568561  177.54662833   -9.88650766  -43.25605504  119.164975
 -185.88185887  140.02091957   54.76784409  -18.07122404 -339.25038428], Best Fitness = 63.63899833180302, Evaluations = 1472
Generation 47: Best Solution = [ 179.17103818  177.55432254   -9.89151493  -43.25976175  119.15505847
 -185.87370203  140.02428089   54.74983369  -18.06580622 -339.25738785], Best Fitness = 63.63681966458936, Evaluations = 1504
Generation 48: Best Solution = [ 179.17094399  177.54797557   -9.8922398   -43.26474067  119.15541157
 -185.88412383  140.01919597   54.76211839  -18.07041821 -339.23875767], Best Fitness = 63.63494226619683, Evaluations = 1536
Generation 49: Best Solution = [ 179.18110638  177.54234236   -9.89511693  -43.26420526  119.15006272
 -185.88190047  140.02274184   54.75060828  -18.06490752 -339.23857079], Best Fitness = 63.63371424766908, Evaluations = 1568
Generation 50: Best Solution = [ 179.16907239  177.55314549   -9.89930422  -43.2559533   119.15609269
 -185.86524109  140.02687716   54.73883236  -18.06707683 -339.25249926], Best Fitness = 63.6313163090372, Evaluations = 1600
Generation 51: Best Solution = [ 179.16959163  177.5455418    -9.9020097   -43.26558864  119.15250143
 -185.87286673  140.02609391   54.74471521  -18.07535828 -339.2402262 ], Best Fitness = 63.62873161464136, Evaluations = 1632
Generation 52: Best Solution = [ 179.17566877  177.55699699   -9.90375269  -43.25633425  119.14528941
 -185.85603688  140.01948531   54.73746545  -18.06937261 -339.24061685], Best Fitness = 63.62657640480554, Evaluations = 1664
Generation 53: Best Solution = [ 179.17608677  177.54687056   -9.89997678  -43.26117502  119.1429052
 -185.86045396  140.01561007   54.73087604  -18.07037182 -339.2323962 ], Best Fitness = 63.62447399106033, Evaluations = 1696
Generation 54: Best Solution = [ 179.18153305  177.53784586   -9.89962534  -43.26639146  119.1418531
 -185.86619958  140.0136256    54.73287162  -18.07942185 -339.21952782], Best Fitness = 63.62245818505542, Evaluations = 1728
Generation 55: Best Solution = [ 179.16489238  177.5485554    -9.89586771  -43.26272422  119.14909754
 -185.85015272  140.02297691   54.71812414  -18.07872891 -339.23359677], Best Fitness = 63.62024525406423, Evaluations = 1760
Generation 56: Best Solution = [ 179.1651504   177.54490475   -9.89060235  -43.26484875  119.15132569
 -185.84793707  140.02173742   54.71736805  -18.0807577  -339.2269767 ], Best Fitness = 63.618767113546454, Evaluations = 1792
Generation 57: Best Solution = [ 179.13966555  177.5508004    -9.90189438  -43.27251538  119.14975718
 -185.83547645  140.03742246   54.72571888  -18.0739485  -339.24740871], Best Fitness = 63.61681189266417, Evaluations = 1824
Generation 58: Best Solution = [ 179.13492414  177.54889602   -9.91445951  -43.26850025  119.1486783
 -185.83247776  140.04339482   54.72997008  -18.06124757 -339.24508108], Best Fitness = 63.613938748883584, Evaluations = 1856
Generation 59: Best Solution = [ 179.11987355  177.54503774   -9.92704563  -43.2733561   119.14974477
 -185.82233391  140.04480551   54.72834613  -18.05197223 -339.26388995], Best Fitness = 63.61242593607476, Evaluations = 1888
Generation 60: Best Solution = [ 179.14016252  177.54258837   -9.90954095  -43.26674972  119.14257731
 -185.83169825  140.0436645    54.72591516  -18.07787265 -339.23147963], Best Fitness = 63.61050011695456, Evaluations = 1920
Generation 61: Best Solution = [ 179.1304304   177.54169515   -9.91335392  -43.26638953  119.14798198
 -185.82242027  140.04514565   54.72819711  -18.07430117 -339.24103402], Best Fitness = 63.60978638397744, Evaluations = 1952
Generation 62: Best Solution = [ 179.14076703  177.5367951    -9.91457792  -43.25960472  119.15085998
 -185.82166228  140.03985995   54.72169936  -18.07244661 -339.23295976], Best Fitness = 63.608443146791274, Evaluations = 1984
Generation 63: Best Solution = [ 179.14304071  177.54385228   -9.92020911  -43.2655391   119.14445267
 -185.81006241  140.03740921   54.72684091  -18.0826244  -339.23640493], Best Fitness = 63.60649920147822, Evaluations = 2016
Generation 64: Best Solution = [ 179.13423694  177.54424823   -9.92584203  -43.2705376   119.14422002
 -185.80823083  140.03180096   54.71509284  -18.06759776 -339.24065833], Best Fitness = 63.60410325985239, Evaluations = 2048
Generation 65: Best Solution = [ 179.12544461  177.53585915   -9.9375133   -43.26404209  119.14711138
 -185.80331315  140.02598335   54.71673991  -18.05845484 -339.25033762], Best Fitness = 63.60338995847978, Evaluations = 2080
Generation 66: Best Solution = [ 179.12623619  177.53892885   -9.94323645  -43.26401461  119.14601275
 -185.79072064  140.03289341   54.7034758   -18.04622939 -339.25670471], Best Fitness = 63.60055584268398, Evaluations = 2112
Generation 67: Best Solution = [ 179.13024093  177.54315726   -9.9389276   -43.27548866  119.14422748
 -185.78441754  140.03421819   54.70601816  -18.05441169 -339.25530669], Best Fitness = 63.599551507945016, Evaluations = 2144
Generation 68: Best Solution = [ 179.133001    177.53283655   -9.95178145  -43.27075362  119.14436469
 -185.77780363  140.03667347   54.70283043  -18.05110905 -339.26034249], Best Fitness = 63.597334553356724, Evaluations = 2176
Generation 69: Best Solution = [ 179.14232279  177.52850729   -9.96145719  -43.2651791   119.14836541
 -185.76176115  140.03086278   54.68818487  -18.0381711  -339.27018172], Best Fitness = 63.595567434437086, Evaluations = 2208
Generation 70: Best Solution = [ 179.12696769  177.53646358   -9.95252229  -43.27158492  119.14958104
 -185.77182519  140.03555377   54.69581209  -18.05552465 -339.25562181], Best Fitness = 63.593546330658484, Evaluations = 2240
Generation 71: Best Solution = [ 179.12111057  177.53379045   -9.94375698  -43.26414213  119.14504272
 -185.77645196  140.03858748   54.70519512  -18.05362602 -339.23785092], Best Fitness = 63.59211782856662, Evaluations = 2272
Generation 72: Best Solution = [ 179.12756376  177.5339677    -9.95230221  -43.26499975  119.14929985
 -185.77303126  140.03183844   54.70252386  -18.04843332 -339.23740988], Best Fitness = 63.59085369888475, Evaluations = 2304
Generation 73: Best Solution = [ 179.12224864  177.53367405   -9.9522162   -43.25672793  119.15769917
 -185.77479384  140.04492135   54.71129785  -18.06570992 -339.22673174], Best Fitness = 63.58893116908826, Evaluations = 2336
Generation 74: Best Solution = [ 179.12743402  177.53204131   -9.94745303  -43.26502579  119.14734219
 -185.76631144  140.04314279   54.69568787  -18.06444609 -339.23390132], Best Fitness = 63.58771511189763, Evaluations = 2368
Generation 75: Best Solution = [ 179.1227778   177.52994744   -9.96380958  -43.26279605  119.15177554
 -185.77743237  140.04814099   54.69936044  -18.07402086 -339.23171852], Best Fitness = 63.58627530899057, Evaluations = 2400
Generation 76: Best Solution = [ 179.10789759  177.52482935   -9.94975799  -43.2622674   119.14915158
 -185.7803572   140.04794708   54.67833932  -18.06856583 -339.23239761], Best Fitness = 63.58504075383804, Evaluations = 2432
Generation 77: Best Solution = [ 179.1218072   177.51786416   -9.96358939  -43.26783802  119.1498727
 -185.77730811  140.04553889   54.69043208  -18.06109866 -339.22389397], Best Fitness = 63.58277938446221, Evaluations = 2464
Generation 78: Best Solution = [ 179.10517409  177.51710167   -9.93332363  -43.2654553   119.12407946
 -185.76936328  140.07709612   54.66185284  -18.08305265 -339.22234176], Best Fitness = 63.578501195518626, Evaluations = 2496
Generation 79: Best Solution = [ 179.11785341  177.50935921  -10.00286499  -43.27977468  119.1587248
 -185.76333963  140.01411507   54.68994434  -18.05116108 -339.23614649], Best Fitness = 63.57684042531853, Evaluations = 2528
Generation 80: Best Solution = [ 179.12984162  177.50211777   -9.95586704  -43.27784581  119.12303436
 -185.74793135  140.05702452   54.66910268  -18.06881777 -339.23064855], Best Fitness = 63.57593970358046, Evaluations = 2560
Generation 81: Best Solution = [ 179.12888882  177.50265463   -9.9587623   -43.28241642  119.11859957
 -185.74341725  140.04935265   54.66870025  -18.07043825 -339.22531049], Best Fitness = 63.57286420948139, Evaluations = 2592
Generation 82: Best Solution = [ 179.13097279  177.49557681   -9.96481161  -43.27909185  119.11943911
 -185.75489339  140.04535327   54.66473865  -18.07631387 -339.21656274], Best Fitness = 63.57154868944651, Evaluations = 2624
Generation 83: Best Solution = [ 179.12793434  177.49909295   -9.95373693  -43.28973371  119.12446742
 -185.75492042  140.05175265   54.66205418  -18.0748481  -339.20568302], Best Fitness = 63.569446431425355, Evaluations = 2656
Generation 84: Best Solution = [ 179.12462137  177.50017449   -9.98021387  -43.29046513  119.13392328
 -185.74749508  140.04110712   54.66594814  -18.06368397 -339.21060849], Best Fitness = 63.56599620886273, Evaluations = 2688
Generation 85: Best Solution = [ 179.12494551  177.4882114    -9.95550611  -43.2875905   119.12545568
 -185.74362763  140.0469977    54.6611198   -18.08330536 -339.2023313 ], Best Fitness = 63.56541287952863, Evaluations = 2720
Generation 86: Best Solution = [ 179.12522195  177.48575864   -9.96702688  -43.30120922  119.13624672
 -185.74448947  140.03069988   54.65985678  -18.06516146 -339.20645353], Best Fitness = 63.56499215051472, Evaluations = 2752
Generation 87: Best Solution = [ 179.12027981  177.49890846   -9.96751586  -43.28744255  119.1259005
 -185.73858035  140.0475566    54.66501958  -18.0816848  -339.19772903], Best Fitness = 63.5617249232746, Evaluations = 2784
Generation 88: Best Solution = [ 179.11929646  177.49621395   -9.97633861  -43.29092084  119.12475049
 -185.73158975  140.03595355   54.67438507  -18.07772017 -339.19864709], Best Fitness = 63.56031277498796, Evaluations = 2816
Generation 89: Best Solution = [ 179.11715802  177.49770324   -9.97594517  -43.2901859   119.11927729
 -185.7322565   140.04600325   54.67208064  -18.07777417 -339.19508635], Best Fitness = 63.558772952965114, Evaluations = 2848
Generation 90: Best Solution = [ 179.10533981  177.50154982   -9.98104131  -43.29267898  119.11804478
 -185.73258987  140.04570261   54.67291707  -18.08527388 -339.19379054], Best Fitness = 63.55617418105511, Evaluations = 2880
Generation 91: Best Solution = [ 179.10900752  177.49220302   -9.98733468  -43.296722    119.12019884
 -185.72157899  140.04291347   54.67825015  -18.09101323 -339.19152135], Best Fitness = 63.55295500028044, Evaluations = 2912
Generation 92: Best Solution = [ 179.12200262  177.49784406   -9.986921    -43.29079617  119.10957826
 -185.71011326  140.04725684   54.68050001  -18.09604112 -339.18776795], Best Fitness = 63.55170790466346, Evaluations = 2944
Generation 93: Best Solution = [ 179.12046249  177.49218224   -9.98941066  -43.29020716  119.11286023
 -185.70631149  140.04813852   54.67782405  -18.08604664 -339.18158889], Best Fitness = 63.54885873432792, Evaluations = 2976
Generation 94: Best Solution = [ 179.10837459  177.50186293   -9.98659881  -43.29611144  119.12660141
 -185.70432899  140.0506025    54.67602078  -18.08836961 -339.18245876], Best Fitness = 63.54775559657635, Evaluations = 3008
Generation 95: Best Solution = [ 179.11153373  177.50123076   -9.98280877  -43.2872083   119.12460245
 -185.69654796  140.03912172   54.66666016  -18.10234922 -339.18188344], Best Fitness = 63.54640050352802, Evaluations = 3040
Generation 96: Best Solution = [ 179.10740371  177.49294758   -9.99452969  -43.28948142  119.12751733
 -185.70954431  140.04605437   54.66796824  -18.10032293 -339.17414726], Best Fitness = 63.54423425920902, Evaluations = 3072
Generation 97: Best Solution = [ 179.09393383  177.5097909    -9.98617048  -43.30263648  119.13584636
 -185.70891398  140.04536591   54.64779717  -18.09048957 -339.17702651], Best Fitness = 63.542617561714906, Evaluations = 3104
Generation 98: Best Solution = [ 179.10067848  177.50366723   -9.99425901  -43.29562081  119.12651668
 -185.68991482  140.04443057   54.65678686  -18.10720344 -339.18074599], Best Fitness = 63.53994009839325, Evaluations = 3136
Generation 99: Best Solution = [ 179.11054124  177.50679585   -9.99680568  -43.28530109  119.12197576
 -185.67966094  140.0359119    54.66731507  -18.11048001 -339.17218168], Best Fitness = 63.53872007299427, Evaluations = 3168
Generation 100: Best Solution = [ 179.08970759  177.49870122   -9.99762449  -43.30001801  119.1271702
 -185.70824056  140.05720167   54.66607377  -18.10277429 -339.15792751], Best Fitness = 63.53649811029892, Evaluations = 3200
Generation 101: Best Solution = [ 179.0857286   177.49621463   -9.99971615  -43.30213203  119.12713139
 -185.71050323  140.06487064   54.66180861  -18.09843558 -339.15490223], Best Fitness = 63.53463957786049, Evaluations = 3232
Generation 102: Best Solution = [ 179.09477786  177.4943882   -10.00154067  -43.29820876  119.12286034
 -185.6870798   140.05595869   54.66505515  -18.10753974 -339.16157617], Best Fitness = 63.53298269107853, Evaluations = 3264
Generation 103: Best Solution = [ 179.09354767  177.5002917   -10.00046523  -43.30132303  119.12017801
 -185.68894862  140.06463062   54.66300025  -18.10486606 -339.16123869], Best Fitness = 63.53278333094098, Evaluations = 3296
Generation 104: Best Solution = [ 179.09488048  177.49951339  -10.00137169  -43.29383448  119.11621678
 -185.68548098  140.05313757   54.65782525  -18.10958726 -339.15400801], Best Fitness = 63.53028943967796, Evaluations = 3328
Generation 105: Best Solution = [ 179.09569133  177.49078909   -9.99737778  -43.30899258  119.1170875
 -185.68036275  140.05979223   54.65782404  -18.10193454 -339.15689732], Best Fitness = 63.52955197601095, Evaluations = 3360
Generation 106: Best Solution = [ 179.09012031  177.4900273    -9.99930527  -43.30649369  119.11578853
 -185.67598144  140.0601236    54.66463392  -18.10031    -339.150113  ], Best Fitness = 63.527196614877305, Evaluations = 3392
Generation 107: Best Solution = [ 179.09195996  177.49553124  -10.00114408  -43.30866382  119.11621437
 -185.67380479  140.06216069   54.65910345  -18.10402475 -339.14573184], Best Fitness = 63.524781911431596, Evaluations = 3424
Generation 108: Best Solution = [ 179.09795839  177.49549446  -10.00518634  -43.31133477  119.11021838
 -185.6693144   140.05476443   54.65125522  -18.10041188 -339.14785453], Best Fitness = 63.5234843844783, Evaluations = 3456
Generation 109: Best Solution = [ 179.09345977  177.49239647  -10.00575372  -43.31351988  119.10253803
 -185.66807895  140.07103095   54.65037687  -18.10493219 -339.14601599], Best Fitness = 63.52106381033492, Evaluations = 3488
Generation 110: Best Solution = [ 179.08705143  177.50353574   -9.99381595  -43.31256885  119.10590032
 -185.65827108  140.07064158   54.64270045  -18.10421275 -339.14123804], Best Fitness = 63.519024178540434, Evaluations = 3520
Generation 111: Best Solution = [ 179.08704881  177.47324555  -10.00424259  -43.31795271  119.10516362
 -185.65854539  140.0654006    54.6604549   -18.10811809 -339.13709762], Best Fitness = 63.51725671815593, Evaluations = 3552
Generation 112: Best Solution = [ 179.08410546  177.50167353  -10.00909462  -43.31927557  119.11022213
 -185.65348092  140.08038079   54.65181166  -18.10235851 -339.14358583], Best Fitness = 63.516430631599405, Evaluations = 3584
Generation 113: Best Solution = [ 179.07480451  177.4712026   -10.02030031  -43.32049141  119.10221343
 -185.65980935  140.0724852    54.66320049  -18.10739369 -339.14020069], Best Fitness = 63.514365909186736, Evaluations = 3616
Generation 114: Best Solution = [ 179.08328043  177.49817589  -10.01342417  -43.32903789  119.10492915
 -185.6437747   140.07488259   54.65150592  -18.10322151 -339.14127962], Best Fitness = 63.51249560633191, Evaluations = 3648
Generation 115: Best Solution = [ 179.08024745  177.50260354  -10.02654031  -43.33209242  119.11895948
 -185.6466227   140.06433441   54.65749911  -18.10599717 -339.12935786], Best Fitness = 63.50894716026211, Evaluations = 3680
Generation 116: Best Solution = [ 179.07985247  177.49268223  -10.04020407  -43.33035243  119.11635808
 -185.65057945  140.06725429   54.66387449  -18.11071608 -339.12338594], Best Fitness = 63.50627658349965, Evaluations = 3712
Generation 117: Best Solution = [ 179.07824957  177.48623039  -10.03586651  -43.33535168  119.11851887
 -185.65657481  140.07253037   54.65026497  -18.11491819 -339.11809244], Best Fitness = 63.50414934594418, Evaluations = 3744
Generation 118: Best Solution = [ 179.07780181  177.48087554  -10.04119507  -43.32786313  119.11164972
 -185.63965172  140.05620002   54.66365008  -18.10560988 -339.11740191], Best Fitness = 63.50268861539088, Evaluations = 3776
Generation 119: Best Solution = [ 179.07772465  177.47765353  -10.03884046  -43.3290096   119.11276327
 -185.63458848  140.06777791   54.66310025  -18.10583651 -339.10424481], Best Fitness = 63.498339088834705, Evaluations = 3808
Generation 120: Best Solution = [ 179.08053865  177.47003565  -10.03898371  -43.33085761  119.10741585
 -185.63046384  140.06644937   54.66517184  -18.1006509  -339.09662275], Best Fitness = 63.49600912870367, Evaluations = 3840
Generation 121: Best Solution = [ 179.08141494  177.46548004  -10.04493087  -43.34334305  119.11786287
 -185.64298652  140.06678121   54.67112227  -18.10146931 -339.0913852 ], Best Fitness = 63.49619212775403, Evaluations = 3872
Generation 122: Best Solution = [ 179.0773932   177.48098357  -10.04605423  -43.34349767  119.12083338
 -185.63421413  140.0663035    54.65788491  -18.1027708  -339.09440173], Best Fitness = 63.4935248782728, Evaluations = 3904
Generation 123: Best Solution = [ 179.07707092  177.46890834  -10.04802236  -43.339719    119.1185819
 -185.6356661   140.07132751   54.65714503  -18.1078932  -339.08657291], Best Fitness = 63.49100656489381, Evaluations = 3936
Generation 124: Best Solution = [ 179.07427023  177.47731399  -10.04869093  -43.33682217  119.11307897
 -185.63699255  140.0636511    54.65147476  -18.11565451 -339.08623053], Best Fitness = 63.49030870232668, Evaluations = 3968
Generation 125: Best Solution = [ 179.06855942  177.48904547  -10.05711012  -43.33022918  119.11524277
 -185.63601929  140.07034061   54.65802101  -18.12366058 -339.08246486], Best Fitness = 63.488513236852796, Evaluations = 4000
Generation 126: Best Solution = [ 179.07572177  177.49272631  -10.05290452  -43.33541637  119.12285733
 -185.61863043  140.06886078   54.65544138  -18.11662222 -339.08396267], Best Fitness = 63.48694455092023, Evaluations = 4032
Generation 127: Best Solution = [ 179.07236967  177.49024726  -10.05958318  -43.33431877  119.12482597
 -185.62203714  140.06857765   54.64323044  -18.12346412 -339.08648453], Best Fitness = 63.485128276199745, Evaluations = 4064
Generation 128: Best Solution = [ 179.08485364  177.49104608  -10.05500271  -43.33199939  119.12411945
 -185.61933334  140.07344255   54.65001212  -18.1175344  -339.07336069], Best Fitness = 63.48437963944734, Evaluations = 4096
Generation 129: Best Solution = [ 179.0763125   177.49127958  -10.04253925  -43.34387333  119.13184649
 -185.6174104   140.07133988   54.63896867  -18.11625486 -339.07280199], Best Fitness = 63.48319980724118, Evaluations = 4128
Generation 130: Best Solution = [ 179.06915746  177.48851508  -10.05878263  -43.33750809  119.12087805
 -185.61662647  140.07389351   54.64561785  -18.11196483 -339.07744047], Best Fitness = 63.481934286803984, Evaluations = 4160
Generation 131: Best Solution = [ 179.05727063  177.4861892   -10.04993092  -43.34867035  119.13074857
 -185.61389005  140.07974798   54.64022425  -18.10119936 -339.0727269 ], Best Fitness = 63.479644550232905, Evaluations = 4192
Generation 132: Best Solution = [ 179.07505737  177.4928431   -10.06883016  -43.33891549  119.12402763
 -185.61308449  140.08026471   54.64366238  -18.11716722 -339.07283927], Best Fitness = 63.47859490181471, Evaluations = 4224
Generation 133: Best Solution = [ 179.0682933   177.4913882   -10.05305953  -43.34855741  119.12291396
 -185.61200579  140.08017148   54.62184606  -18.11574869 -339.07156024], Best Fitness = 63.47656065333625, Evaluations = 4256
Generation 134: Best Solution = [ 179.0691438   177.4945282   -10.05862795  -43.34991888  119.12774646
 -185.61182348  140.08145547   54.61941031  -18.11601821 -339.07074602], Best Fitness = 63.475289346822535, Evaluations = 4288
Generation 135: Best Solution = [ 179.06118097  177.49233604  -10.05019035  -43.35260588  119.13089461
 -185.60496044  140.06847977   54.61523656  -18.1181917  -339.06315543], Best Fitness = 63.472528767611145, Evaluations = 4320
Generation 136: Best Solution = [ 179.0667495   177.48110077  -10.04855743  -43.36170495  119.1304041
 -185.5979156   140.05960231   54.62268226  -18.11752244 -339.06166875], Best Fitness = 63.47197585756706, Evaluations = 4352
Generation 137: Best Solution = [ 179.05317938  177.49578525  -10.05712834  -43.35388565  119.12099784
 -185.59410569  140.05644187   54.61563419  -18.11529711 -339.06525491], Best Fitness = 63.46963983346428, Evaluations = 4384
Generation 138: Best Solution = [ 179.06236412  177.48713801  -10.06079386  -43.35117159  119.11964952
 -185.59113419  140.07032165   54.61908241  -18.1190203  -339.06101012], Best Fitness = 63.46796738525723, Evaluations = 4416
Generation 139: Best Solution = [ 179.05927497  177.47956548  -10.0625202   -43.35965188  119.13141499
 -185.59137774  140.06344998   54.61801146  -18.12079979 -339.05775892], Best Fitness = 63.46628363972956, Evaluations = 4448
Generation 140: Best Solution = [ 179.05711327  177.48595543  -10.06341047  -43.36408302  119.11869899
 -185.58360441  140.05948508   54.61645116  -18.11782097 -339.05800896], Best Fitness = 63.46420635304726, Evaluations = 4480
Generation 141: Best Solution = [ 179.06240123  177.48780325  -10.06437977  -43.36504972  119.11260796
 -185.58082811  140.05422598   54.59861507  -18.11599728 -339.05670483], Best Fitness = 63.461562157768334, Evaluations = 4512
Generation 142: Best Solution = [ 179.05232198  177.4716646   -10.04422508  -43.36509266  119.11510836
 -185.5776955   140.07507388   54.6042047   -18.11018608 -339.0452296 ], Best Fitness = 63.460457530510276, Evaluations = 4544
Generation 143: Best Solution = [ 179.0558706   177.47242555  -10.04840156  -43.36686717  119.11784833
 -185.57486875  140.07896435   54.60154304  -18.10669373 -339.04292113], Best Fitness = 63.458637555826904, Evaluations = 4576
Generation 144: Best Solution = [ 179.05364042  177.4865623   -10.06397504  -43.37322546  119.12285566
 -185.56888616  140.06649639   54.59996915  -18.10986367 -339.04923198], Best Fitness = 63.45658411623885, Evaluations = 4608
Generation 145: Best Solution = [ 179.05042077  177.48613024  -10.05661045  -43.36768579  119.10624179
 -185.56288971  140.06242574   54.60321559  -18.11423249 -339.03697638], Best Fitness = 63.45377190316881, Evaluations = 4640
Generation 146: Best Solution = [ 179.05121556  177.49082987  -10.05519462  -43.37474109  119.11209547
 -185.56030309  140.06094946   54.59941852  -18.1194117  -339.03412857], Best Fitness = 63.452098834592974, Evaluations = 4672
Generation 147: Best Solution = [ 179.0521822   177.49455206  -10.06379343  -43.37686979  119.11292334
 -185.55478627  140.06063145   54.59773162  -18.11417223 -339.03999065], Best Fitness = 63.45122154716704, Evaluations = 4704
Generation 148: Best Solution = [ 179.05579545  177.48669482  -10.04993962  -43.37659778  119.11391098
 -185.55772174  140.07437995   54.5954039   -18.12021317 -339.02495992], Best Fitness = 63.4494383636015, Evaluations = 4736
Generation 149: Best Solution = [ 179.04581307  177.49433855  -10.04893276  -43.38472242  119.11109421
 -185.55876954  140.07502322   54.59215939  -18.11036578 -339.02465031], Best Fitness = 63.448473515245986, Evaluations = 4768
Generation 150: Best Solution = [ 179.05228529  177.50677317  -10.07132458  -43.36878227  119.1084567
 -185.55084729  140.06502296   54.5853531   -18.1224606  -339.02992613], Best Fitness = 63.44564303931238, Evaluations = 4800
Generation 151: Best Solution = [ 179.06147959  177.51010217  -10.08744067  -43.36711058  119.10465971
 -185.54456169  140.06319465   54.57478658  -18.13057121 -339.03830958], Best Fitness = 63.44337233973092, Evaluations = 4832
Generation 152: Best Solution = [ 179.05413617  177.51420881  -10.08072219  -43.3677759   119.09889101
 -185.54633394  140.06907556   54.57684111  -18.14022371 -339.02475752], Best Fitness = 63.44044837521255, Evaluations = 4864
Generation 153: Best Solution = [ 179.05733169  177.51420649  -10.10134912  -43.36520216  119.1009905
 -185.55409448  140.06472027   54.56986846  -18.14219889 -339.02920832], Best Fitness = 63.439411970028054, Evaluations = 4896
Generation 154: Best Solution = [ 179.06175522  177.51918424  -10.10759791  -43.35487841  119.09903483
 -185.5557366   140.07153798   54.55832114  -18.13627161 -339.02371603], Best Fitness = 63.43714271531401, Evaluations = 4928
Generation 155: Best Solution = [ 179.05710395  177.52276077  -10.10557505  -43.35685995  119.09655675
 -185.54987059  140.05541978   54.55833999  -18.14282458 -339.0193646 ], Best Fitness = 63.43526761013814, Evaluations = 4960
Generation 156: Best Solution = [ 179.05899353  177.51581755  -10.10930188  -43.35545184  119.09477852
 -185.54903718  140.06102487   54.55091451  -18.13056154 -339.01819952], Best Fitness = 63.433579424299424, Evaluations = 4992
Generation 157: Best Solution = [ 179.05498003  177.52058814  -10.11552607  -43.36386458  119.09778181
 -185.54765196  140.06512121   54.55214812  -18.13540285 -339.01897139], Best Fitness = 63.4316734383695, Evaluations = 5024
Generation 158: Best Solution = [ 179.04785217  177.51782492  -10.11778962  -43.36580261  119.10028612
 -185.54293979  140.05518905   54.54907422  -18.14064799 -339.02052276], Best Fitness = 63.429968156927345, Evaluations = 5056
Generation 159: Best Solution = [ 179.03734477  177.52043001  -10.11228855  -43.36592418  119.10407065
 -185.52146255  140.04989504   54.54694071  -18.14303826 -339.02862729], Best Fitness = 63.42824915142935, Evaluations = 5088
Generation 160: Best Solution = [ 179.03405821  177.52048748  -10.1138935   -43.36673455  119.09975674
 -185.5136146   140.04673183   54.54894722  -18.13687007 -339.02526818], Best Fitness = 63.426026619037835, Evaluations = 5120
Generation 161: Best Solution = [ 179.02860217  177.518793    -10.11267592  -43.36335985  119.09807847
 -185.49956042  140.05043231   54.55071137  -18.1476713  -339.03265472], Best Fitness = 63.42501897018575, Evaluations = 5152
Generation 162: Best Solution = [ 179.03159826  177.51988337  -10.1262312   -43.37336767  119.09570045
 -185.50842525  140.04716027   54.54598008  -18.13937855 -339.02693846], Best Fitness = 63.42244443733563, Evaluations = 5184
Generation 163: Best Solution = [ 179.03620835  177.51149953  -10.12376106  -43.35410884  119.09133704
 -185.51249207  140.0451796    54.54151828  -18.14307929 -339.01364523], Best Fitness = 63.42099248900083, Evaluations = 5216
Generation 164: Best Solution = [ 179.03496683  177.52268337  -10.12071783  -43.3666616   119.08413193
 -185.52910685  140.05116738   54.52783294  -18.1285227  -338.99758385], Best Fitness = 63.418314880045315, Evaluations = 5248
Generation 165: Best Solution = [ 179.02983416  177.51750644  -10.13711864  -43.36045505  119.0991833
 -185.51622145  140.0508381    54.53057488  -18.13390374 -339.00916467], Best Fitness = 63.41678479543645, Evaluations = 5280
Generation 166: Best Solution = [ 179.03167088  177.51346095  -10.13661918  -43.36048433  119.10093507
 -185.50576247  140.05537136   54.53433084  -18.13664995 -339.01020439], Best Fitness = 63.415472905509596, Evaluations = 5312
Generation 167: Best Solution = [ 179.03349674  177.50995979  -10.13179902  -43.36374568  119.09952693
 -185.5026614   140.04875894   54.52936695  -18.12275153 -339.00416751], Best Fitness = 63.41413937507877, Evaluations = 5344
Generation 168: Best Solution = [ 179.02189383  177.51913935  -10.14129151  -43.36294214  119.09355764
 -185.51533442  140.041094     54.52895799  -18.11782435 -338.98859898], Best Fitness = 63.41107442422668, Evaluations = 5376
Generation 169: Best Solution = [ 179.03503744  177.51064235  -10.14134229  -43.36988329  119.09141638
 -185.50458323  140.04980216   54.51827119  -18.11380973 -338.98953001], Best Fitness = 63.40794956433325, Evaluations = 5408
Generation 170: Best Solution = [ 179.0361289   177.50237319  -10.14895145  -43.36618114  119.08934922
 -185.51482175  140.04587334   54.51321643  -18.1060485  -338.98069067], Best Fitness = 63.40641080235058, Evaluations = 5440
Generation 171: Best Solution = [ 179.01878633  177.51296983  -10.15054108  -43.37580654  119.08437926
 -185.51334512  140.04176866   54.52255533  -18.10742599 -338.9767022 ], Best Fitness = 63.404600075246876, Evaluations = 5472
Generation 172: Best Solution = [ 179.0201095   177.51300685  -10.14967496  -43.37460249  119.08406389
 -185.49414316  140.03971036   54.52453813  -18.09324659 -338.97989129], Best Fitness = 63.40320099767157, Evaluations = 5504
Generation 173: Best Solution = [ 179.03078021  177.50507484  -10.15708641  -43.37311858  119.09425872
 -185.49988164  140.04507405   54.51202993  -18.10438695 -338.98080311], Best Fitness = 63.401893723179185, Evaluations = 5536
Generation 174: Best Solution = [ 179.02096098  177.50186888  -10.1601167   -43.38368844  119.09502977
 -185.49937802  140.03549081   54.52085592  -18.10550222 -338.97869684], Best Fitness = 63.400878395327226, Evaluations = 5568
Generation 175: Best Solution = [ 179.03290528  177.51046423  -10.1553749   -43.36837231  119.08503569
 -185.49973376  140.06289722   54.50217389  -18.10462367 -338.97513927], Best Fitness = 63.39920362244211, Evaluations = 5600
Generation 176: Best Solution = [ 179.02144695  177.51797515  -10.15438196  -43.38657723  119.07774481
 -185.49702846  140.05092587   54.51043092  -18.09891881 -338.97131187], Best Fitness = 63.39776032323088, Evaluations = 5632
Generation 177: Best Solution = [ 179.02066937  177.50365452  -10.16748831  -43.39234791  119.09553236
 -185.48902956  140.04306801   54.51672054  -18.10228486 -338.97704251], Best Fitness = 63.39632914744171, Evaluations = 5664
Generation 178: Best Solution = [ 179.02329115  177.50869232  -10.15982818  -43.40069706  119.08708863
 -185.49675427  140.05032168   54.51087029  -18.0965397  -338.96356294], Best Fitness = 63.394270860277295, Evaluations = 5696
Generation 179: Best Solution = [ 179.02382081  177.5115015   -10.16581881  -43.39761105  119.09090223
 -185.49085192  140.04997886   54.51057431  -18.10360014 -338.96436512], Best Fitness = 63.392635456004484, Evaluations = 5728
Generation 180: Best Solution = [ 179.02123709  177.50370649  -10.17182559  -43.40352734  119.10120656
 -185.48012286  140.05068894   54.50942462  -18.10514322 -338.97248333], Best Fitness = 63.39108268777611, Evaluations = 5760
Generation 181: Best Solution = [ 179.02717196  177.51946175  -10.16105787  -43.37490325  119.08596753
 -185.48447518  140.06737252   54.51113918  -18.09966114 -338.94303866], Best Fitness = 63.38842464826328, Evaluations = 5792
Generation 182: Best Solution = [ 179.01865117  177.53029287  -10.16278617  -43.36951549  119.08248137
 -185.48860537  140.07093435   54.50763169  -18.10207423 -338.93284445], Best Fitness = 63.38589068282309, Evaluations = 5824
Generation 183: Best Solution = [ 179.01875006  177.52353754  -10.16706157  -43.37201682  119.0852475
 -185.47735973  140.07395236   54.50237812  -18.10108391 -338.9429226 ], Best Fitness = 63.38466814758738, Evaluations = 5856
Generation 184: Best Solution = [ 179.01479346  177.53235068  -10.16934704  -43.36592839  119.08290579
 -185.47887419  140.0689722    54.50751928  -18.10446745 -338.92563408], Best Fitness = 63.3815760224479, Evaluations = 5888
Generation 185: Best Solution = [ 179.01327259  177.54577972  -10.16121195  -43.35210588  119.08027467
 -185.47657736  140.08277777   54.51237454  -18.09280886 -338.90637991], Best Fitness = 63.37960336179799, Evaluations = 5920
Generation 186: Best Solution = [ 179.01127064  177.52791159  -10.1735951   -43.37578794  119.0753528
 -185.4736682   140.07524829   54.50843232  -18.09685896 -338.92574787], Best Fitness = 63.37903934214085, Evaluations = 5952
Generation 187: Best Solution = [ 178.99819229  177.51944398  -10.18023898  -43.37984998  119.08636637
 -185.46403248  140.06018604   54.49844968  -18.09764791 -338.93499169], Best Fitness = 63.37705259066149, Evaluations = 5984
Generation 188: Best Solution = [ 179.0046621   177.52306963  -10.17095391  -43.37947552  119.08378665
 -185.47221177  140.07925382   54.48705566  -18.10251654 -338.92359925], Best Fitness = 63.37502951087225, Evaluations = 6016
Generation 189: Best Solution = [ 179.00451641  177.52332982  -10.17424044  -43.37994184  119.08913577
 -185.46874328  140.07372758   54.49122482  -18.10175916 -338.91856738], Best Fitness = 63.373575244021914, Evaluations = 6048
Generation 190: Best Solution = [ 179.00405669  177.52789906  -10.17542748  -43.37302049  119.08169715
 -185.47542093  140.0799083    54.47797451  -18.10343178 -338.91610781], Best Fitness = 63.37251350520827, Evaluations = 6080
Generation 191: Best Solution = [ 178.99793478  177.52455412  -10.19080542  -43.37393428  119.08638921
 -185.46453493  140.06713664   54.48506193  -18.09949376 -338.91712028], Best Fitness = 63.369858297937625, Evaluations = 6112
Generation 192: Best Solution = [ 178.99887567  177.52448925  -10.1961958   -43.37036685  119.08515967
 -185.46259147  140.06621823   54.48053913  -18.10298915 -338.91434942], Best Fitness = 63.36771315213251, Evaluations = 6144
Generation 193: Best Solution = [ 178.99152926  177.53037354  -10.19684296  -43.366416    119.08634239
 -185.45769994  140.0705829    54.47054243  -18.10965785 -338.91681658], Best Fitness = 63.36586483266719, Evaluations = 6176
Generation 194: Best Solution = [ 178.99046786  177.52000614  -10.20774775  -43.37612281  119.09195783
 -185.46996829  140.05922007   54.47249375  -18.1041279  -338.90652224], Best Fitness = 63.36399870907771, Evaluations = 6208
Generation 195: Best Solution = [ 178.97931241  177.53058197  -10.19039388  -43.37376401  119.09566939
 -185.46033131  140.08372766   54.47044679  -18.11901311 -338.90167459], Best Fitness = 63.36177176417717, Evaluations = 6240
Generation 196: Best Solution = [ 178.9728131   177.53357777  -10.18997986  -43.37272385  119.08840964
 -185.45838374  140.0809522    54.46435366  -18.11747322 -338.89985687], Best Fitness = 63.36034002450516, Evaluations = 6272
Generation 197: Best Solution = [ 178.97041329  177.52943926  -10.18424511  -43.36899887  119.08788952
 -185.44603184  140.09221823   54.46184494  -18.11734837 -338.9010776 ], Best Fitness = 63.358597414908836, Evaluations = 6304
Generation 198: Best Solution = [ 178.97681351  177.52897202  -10.19712062  -43.36979454  119.09263044
 -185.45538347  140.07764175   54.46667427  -18.11534761 -338.89334375], Best Fitness = 63.35801655064267, Evaluations = 6336
Generation 199: Best Solution = [ 178.97289565  177.52959474  -10.19980246  -43.36882978  119.0947577
 -185.45211075  140.07785207   54.46748064  -18.12098335 -338.89186267], Best Fitness = 63.35657680798573, Evaluations = 6368
Generation 200: Best Solution = [ 178.97075358  177.53205353  -10.19455173  -43.37332763  119.09651328
 -185.44216374  140.09786444   54.46708407  -18.10831992 -338.88926242], Best Fitness = 63.35428911752081, Evaluations = 6400
Generation 201: Best Solution = [ 178.98359383  177.52027134  -10.20757723  -43.36607489  119.09718853
 -185.44042091  140.07224861   54.46123585  -18.11073517 -338.8858228 ], Best Fitness = 63.35226317668351, Evaluations = 6432
Generation 202: Best Solution = [ 178.96789636  177.52725408  -10.19894718  -43.36877683  119.10853441
 -185.4300009   140.08191943   54.46328843  -18.10381648 -338.88675998], Best Fitness = 63.35176474052761, Evaluations = 6464
Generation 203: Best Solution = [ 178.98925292  177.52963535  -10.20400715  -43.37415283  119.08863777
 -185.43181939  140.08569526   54.46714322  -18.10717181 -338.88099902], Best Fitness = 63.35009993813544, Evaluations = 6496
Generation 204: Best Solution = [ 178.98324774  177.52056681  -10.21008738  -43.35920018  119.09804067
 -185.42488838  140.06780182   54.45281208  -18.10875535 -338.87948864], Best Fitness = 63.347544380839665, Evaluations = 6528
Generation 205: Best Solution = [ 178.98042783  177.52509409  -10.20327705  -43.37581922  119.10602113
 -185.42844125  140.08196917   54.4615283   -18.10665421 -338.86994089], Best Fitness = 63.346231285037994, Evaluations = 6560
Generation 206: Best Solution = [ 178.97850427  177.53096544  -10.19902246  -43.3909525   119.10907228
 -185.42289564  140.09776364   54.47116643  -18.11042646 -338.86689013], Best Fitness = 63.34451454818608, Evaluations = 6592
Generation 207: Best Solution = [ 178.97590541  177.54129552  -10.20404795  -43.3869801   119.10202238
 -185.41835111  140.11550505   54.46705547  -18.11048058 -338.8697733 ], Best Fitness = 63.34282922255836, Evaluations = 6624
Generation 208: Best Solution = [ 178.97325897  177.54848814  -10.21358997  -43.38650977  119.08592772
 -185.41793589  140.12516911   54.45593259  -18.09911133 -338.8691187 ], Best Fitness = 63.339879657771334, Evaluations = 6656
Generation 209: Best Solution = [ 178.98273567  177.54340436  -10.21549404  -43.39346348  119.09010447
 -185.4176984   140.11235041   54.45593323  -18.10083642 -338.86412001], Best Fitness = 63.33852203145715, Evaluations = 6688
Generation 210: Best Solution = [ 178.99791819  177.53200041  -10.21400579  -43.40438373  119.10767243
 -185.41176616  140.10936824   54.46303366  -18.11491885 -338.86121389], Best Fitness = 63.33715961547308, Evaluations = 6720
Generation 211: Best Solution = [ 178.97369597  177.547443    -10.22094996  -43.39670832  119.10301901
 -185.41069425  140.12498489   54.4618619   -18.10026359 -338.86002995], Best Fitness = 63.33562746397597, Evaluations = 6752
Generation 212: Best Solution = [ 178.99944108  177.51508337  -10.21861442  -43.39694948  119.11677881
 -185.40337803  140.09439509   54.45015785  -18.126713   -338.85922899], Best Fitness = 63.3335206836501, Evaluations = 6784
Generation 213: Best Solution = [ 179.00176221  177.52243499  -10.22397885  -43.39597195  119.10824145
 -185.3999035   140.10536282   54.45610835  -18.11858283 -338.85478652], Best Fitness = 63.33187263871945, Evaluations = 6816
Generation 214: Best Solution = [ 179.0109192   177.5294105   -10.22795035  -43.40022299  119.11286444
 -185.40014415  140.10618507   54.45299627  -18.11367175 -338.85002394], Best Fitness = 63.33043407657559, Evaluations = 6848
Generation 215: Best Solution = [ 179.01074948  177.52356909  -10.22985466  -43.39898658  119.11151104
 -185.39634721  140.11010815   54.45191984  -18.12238173 -338.84987407], Best Fitness = 63.32868328193041, Evaluations = 6880
Generation 216: Best Solution = [ 178.99094679  177.51650653  -10.2135041   -43.40094698  119.10320273
 -185.38401976  140.12083579   54.45270389  -18.13588235 -338.84864809], Best Fitness = 63.32627216718568, Evaluations = 6912
Generation 217: Best Solution = [ 179.01087291  177.5086891   -10.23278752  -43.39820897  119.11440572
 -185.38908581  140.10015107   54.45192372  -18.13956634 -338.84253043], Best Fitness = 63.32476008595986, Evaluations = 6944
Generation 218: Best Solution = [ 179.00592573  177.50345401  -10.2334757   -43.39780904  119.11098926
 -185.38540059  140.09692093   54.4539507   -18.13817621 -338.84220197], Best Fitness = 63.324021695614185, Evaluations = 6976
Generation 219: Best Solution = [ 179.01011415  177.49702699  -10.23562279  -43.39595111  119.1161089
 -185.37897764  140.09570969   54.45025985  -18.14147542 -338.84180509], Best Fitness = 63.322335772413766, Evaluations = 7008
Generation 220: Best Solution = [ 179.00513061  177.50947669  -10.23070807  -43.39628483  119.11177206
 -185.37847231  140.11420541   54.44290101  -18.13199988 -338.83968998], Best Fitness = 63.32096750248394, Evaluations = 7040
Generation 221: Best Solution = [ 179.01241922  177.4940362   -10.24516978  -43.38894875  119.11415161
 -185.37239703  140.09949451   54.44345454  -18.14898792 -338.84048456], Best Fitness = 63.318826608269504, Evaluations = 7072
Generation 222: Best Solution = [ 179.00984653  177.49946595  -10.25500314  -43.37820788  119.10742342
 -185.35841327  140.09933433   54.45276243  -18.15629687 -338.83761188], Best Fitness = 63.31598229348762, Evaluations = 7104
Generation 223: Best Solution = [ 179.00481607  177.49316276  -10.24613872  -43.38510748  119.10787631
 -185.35956565  140.09941276   54.45295812  -18.14899407 -338.83223174], Best Fitness = 63.31552148352757, Evaluations = 7136
Generation 224: Best Solution = [ 179.00751486  177.4809355   -10.23980629  -43.38478276  119.11437869
 -185.37149569  140.09469394   54.41979425  -18.16695098 -338.83359489], Best Fitness = 63.31426269207584, Evaluations = 7168
Generation 225: Best Solution = [ 179.02402556  177.48935816  -10.24613408  -43.39309744  119.123149
 -185.36917294  140.08687524   54.41610583  -18.1498905  -338.82787801], Best Fitness = 63.31283971291498, Evaluations = 7200
Generation 226: Best Solution = [ 179.02008975  177.49530339  -10.25267338  -43.3903992   119.11556193
 -185.35717064  140.10367444   54.4365119   -18.13483719 -338.82429509], Best Fitness = 63.31129567039617, Evaluations = 7232
Generation 227: Best Solution = [ 179.01750579  177.49113432  -10.25367379  -43.39026175  119.10778986
 -185.35576229  140.0941312    54.43168243  -18.15519407 -338.82199367], Best Fitness = 63.30903554434943, Evaluations = 7264
Generation 228: Best Solution = [ 179.01947242  177.49355772  -10.24973144  -43.39203996  119.1133737
 -185.34616646  140.10977958   54.43473517  -18.14767794 -338.81656602], Best Fitness = 63.306740241247674, Evaluations = 7296
Generation 229: Best Solution = [ 179.01773602  177.49394444  -10.26669551  -43.3931378   119.12342257
 -185.34416139  140.10022122   54.43084827  -18.15130491 -338.81743478], Best Fitness = 63.30418601274418, Evaluations = 7328
Generation 230: Best Solution = [ 179.02294939  177.48877175  -10.27188405  -43.39802805  119.1243296
 -185.3428087   140.10189654   54.43397066  -18.14784741 -338.8100626 ], Best Fitness = 63.30181957896169, Evaluations = 7360
Generation 231: Best Solution = [ 179.02651784  177.48350307  -10.27261757  -43.39310798  119.13133462
 -185.33661488  140.10424294   54.43622283  -18.15479653 -338.81029114], Best Fitness = 63.30128878676557, Evaluations = 7392
Generation 232: Best Solution = [ 179.01425976  177.4871005   -10.2673645   -43.39593964  119.12164686
 -185.34412314  140.09624284   54.41652848  -18.15257556 -338.80998038], Best Fitness = 63.300165470259095, Evaluations = 7424
Generation 233: Best Solution = [ 179.02615361  177.47815297  -10.28146237  -43.40261363  119.13015786
 -185.33030085  140.11071895   54.42312828  -18.15725252 -338.81431658], Best Fitness = 63.29718853583713, Evaluations = 7456
Generation 234: Best Solution = [ 179.02416846  177.48336682  -10.28252039  -43.39552737  119.12290122
 -185.32989679  140.10890158   54.42487865  -18.15843988 -338.80797828], Best Fitness = 63.29605020111878, Evaluations = 7488
Generation 235: Best Solution = [ 179.02474088  177.47558651  -10.2845363   -43.40311172  119.12195459
 -185.32215983  140.10354573   54.44140745  -18.16645499 -338.80441337], Best Fitness = 63.29499072418598, Evaluations = 7520
Generation 236: Best Solution = [ 179.01799624  177.47588961  -10.28604657  -43.40372389  119.12710797
 -185.31897949  140.11416598   54.43455286  -18.15131983 -338.80306314], Best Fitness = 63.29289180269538, Evaluations = 7552
Generation 237: Best Solution = [ 179.01837566  177.47703823  -10.28969544  -43.40216415  119.12773704
 -185.31356735  140.1172364    54.43732021  -18.15130408 -338.79979182], Best Fitness = 63.2911144448324, Evaluations = 7584
Generation 238: Best Solution = [ 179.02109657  177.47806565  -10.28962937  -43.40365011  119.13352586
 -185.32211441  140.10866348   54.43149721  -18.15358711 -338.78315368], Best Fitness = 63.2883295525661, Evaluations = 7616
Generation 239: Best Solution = [ 179.00668861  177.48104611  -10.29286762  -43.40115327  119.13068663
 -185.31506788  140.10906896   54.43474352  -18.15668435 -338.78364376], Best Fitness = 63.28653764647067, Evaluations = 7648
Generation 240: Best Solution = [ 179.01411298  177.47538612  -10.28737069  -43.39878876  119.12819706
 -185.30708099  140.11621225   54.44260277  -18.14254024 -338.76720386], Best Fitness = 63.28372634099375, Evaluations = 7680
Generation 241: Best Solution = [ 178.99845804  177.46211944  -10.28736975  -43.39474846  119.12543669
 -185.30675989  140.12248885   54.45381599  -18.15445845 -338.76292506], Best Fitness = 63.28266871565536, Evaluations = 7712
Generation 242: Best Solution = [ 178.9978573   177.46087704  -10.28056479  -43.39603338  119.13416609
 -185.30587935  140.13434205   54.44257004  -18.14458972 -338.7529731 ], Best Fitness = 63.27957855784595, Evaluations = 7744
Generation 243: Best Solution = [ 178.99995548  177.46923924  -10.28075812  -43.39582825  119.1400858
 -185.3052845   140.13694578   54.44324201  -18.1475019  -338.7483141 ], Best Fitness = 63.2784804450148, Evaluations = 7776
Generation 244: Best Solution = [ 178.99583409  177.46177268  -10.28675408  -43.39836274  119.13528102
 -185.29942207  140.13552108   54.44795654  -18.15107232 -338.74606842], Best Fitness = 63.276205428969085, Evaluations = 7808
Generation 245: Best Solution = [ 178.98755396  177.46132252  -10.2826484   -43.3992516   119.1275474
 -185.30159305  140.12894402   54.43751484  -18.14482591 -338.74167121], Best Fitness = 63.27479029716708, Evaluations = 7840
Generation 246: Best Solution = [ 178.98131235  177.45748086  -10.28972052  -43.39809737  119.12683859
 -185.29564428  140.11844885   54.43977841  -18.14903181 -338.73683643], Best Fitness = 63.272236234686474, Evaluations = 7872
Generation 247: Best Solution = [ 178.99481643  177.46362176  -10.2918962   -43.39973411  119.1236527
 -185.2869279   140.13500626   54.43466053  -18.14807841 -338.74697517], Best Fitness = 63.27185330678928, Evaluations = 7904
Generation 248: Best Solution = [ 178.98718165  177.47112059  -10.30295029  -43.40231386  119.13015326
 -185.29311768  140.13716793   54.42972273  -18.1475269  -338.7459319 ], Best Fitness = 63.27018063518419, Evaluations = 7936
Generation 249: Best Solution = [ 178.98517313  177.45742888  -10.29535188  -43.39871785  119.13538721
 -185.28686397  140.13247977   54.42714392  -18.13898266 -338.73718953], Best Fitness = 63.26862811853909, Evaluations = 7968
Generation 250: Best Solution = [ 178.98317907  177.4697716   -10.3074682   -43.40644809  119.13512207
 -185.29704703  140.13798842   54.42757187  -18.15102785 -338.73854785], Best Fitness = 63.267688452412216, Evaluations = 8000
Generation 251: Best Solution = [ 178.98485765  177.45276211  -10.30102406  -43.40282468  119.13131429
 -185.28457094  140.1368318    54.43050636  -18.14436323 -338.73181204], Best Fitness = 63.265822124721545, Evaluations = 8032
Generation 252: Best Solution = [ 178.98632468  177.46181648  -10.31259912  -43.41142483  119.14012908
 -185.29189539  140.13032216   54.41721282  -18.14506099 -338.7367342 ], Best Fitness = 63.26491924854741, Evaluations = 8064
Generation 253: Best Solution = [ 178.99018395  177.4691936   -10.31904784  -43.4077574   119.13410411
 -185.29310851  140.12164758   54.4211605   -18.15855514 -338.72791251], Best Fitness = 63.262887214665426, Evaluations = 8096
Generation 254: Best Solution = [ 178.99290806  177.48338363  -10.3271537   -43.41491929  119.14131528
 -185.29351941  140.12860551   54.41118785  -18.16603751 -338.73148667], Best Fitness = 63.26070483723385, Evaluations = 8128
Generation 255: Best Solution = [ 178.99057626  177.47588304  -10.31438042  -43.4071432   119.14369666
 -185.28247373  140.12631929   54.41607423  -18.14833222 -338.72015844], Best Fitness = 63.259839329995906, Evaluations = 8160
Generation 256: Best Solution = [ 178.98620284  177.4641435   -10.30585054  -43.41850042  119.14642386
 -185.27011631  140.13093909   54.42044231  -18.14620065 -338.71646173], Best Fitness = 63.2574710354467, Evaluations = 8192
Generation 257: Best Solution = [ 178.98094668  177.47595366  -10.33222446  -43.42655813  119.13967616
 -185.27686823  140.12540531   54.40331795  -18.17204885 -338.74055662], Best Fitness = 63.257102674878304, Evaluations = 8224
Generation 258: Best Solution = [ 178.99401391  177.46126142  -10.32293328  -43.41531516  119.14480374
 -185.28358229  140.12819633   54.41271939  -18.14927659 -338.71047375], Best Fitness = 63.25557681537701, Evaluations = 8256
Generation 259: Best Solution = [ 178.97905761  177.4688235   -10.30733605  -43.41801925  119.14984111
 -185.27811338  140.12521445   54.41020826  -18.14925933 -338.70273732], Best Fitness = 63.254149398175045, Evaluations = 8288
Generation 260: Best Solution = [ 178.9750816   177.47453521  -10.31607762  -43.41287452  119.14003901
 -185.2781724   140.12822291   54.41770377  -18.15047382 -338.69924416], Best Fitness = 63.25306172791246, Evaluations = 8320
Generation 261: Best Solution = [ 178.9840144   177.46583907  -10.32268081  -43.41918428  119.14626687
 -185.2815743   140.13462544   54.41188482  -18.14145624 -338.69298848], Best Fitness = 63.2505407742524, Evaluations = 8352
Generation 262: Best Solution = [ 178.96906155  177.47081328  -10.32124401  -43.41968886  119.14524878
 -185.27384103  140.13344023   54.40462186  -18.14669596 -338.69603268], Best Fitness = 63.248692388952946, Evaluations = 8384
Generation 263: Best Solution = [ 178.9723376   177.46637035  -10.31411058  -43.41474222  119.14217444
 -185.26515902  140.13729987   54.40844151  -18.14832776 -338.69238155], Best Fitness = 63.247925465926095, Evaluations = 8416
Generation 264: Best Solution = [ 178.96826865  177.4691061   -10.32636994  -43.42049508  119.1444947
 -185.2659486   140.13778868   54.40854804  -18.15389295 -338.69396037], Best Fitness = 63.24616295920463, Evaluations = 8448
Generation 265: Best Solution = [ 178.96475107  177.4660859   -10.3269395   -43.42601038  119.14588893
 -185.26668984  140.12992381   54.40168897  -18.15420622 -338.68346973], Best Fitness = 63.2428390296477, Evaluations = 8480
Generation 266: Best Solution = [ 178.96752461  177.46936189  -10.33070058  -43.42356852  119.1365237
 -185.2621492   140.12729393   54.39611188  -18.14291169 -338.68368523], Best Fitness = 63.24169805072157, Evaluations = 8512
Generation 267: Best Solution = [ 178.95836044  177.49831073  -10.33606154  -43.42183814  119.11966202
 -185.25071373  140.12732248   54.40513607  -18.14311348 -338.67894732], Best Fitness = 63.23917504861014, Evaluations = 8544
Generation 268: Best Solution = [ 178.96075702  177.49288047  -10.34690272  -43.42878918  119.12217435
 -185.25704453  140.12755014   54.3974814   -18.13623566 -338.67506427], Best Fitness = 63.236794627898476, Evaluations = 8576
Generation 269: Best Solution = [ 178.95959244  177.49670164  -10.34316642  -43.42403934  119.11380505
 -185.25318376  140.12034557   54.38581272  -18.14064008 -338.67358059], Best Fitness = 63.23526836636403, Evaluations = 8608
Generation 270: Best Solution = [ 178.96069672  177.50617704  -10.34428229  -43.43663625  119.11779073
 -185.25814137  140.12629437   54.39352349  -18.14352003 -338.66875574], Best Fitness = 63.234602521278426, Evaluations = 8640
Generation 271: Best Solution = [ 178.95556659  177.5146182   -10.35702902  -43.43337061  119.13283499
 -185.25058187  140.12821609   54.38294955  -18.13771162 -338.67347281], Best Fitness = 63.23245320799917, Evaluations = 8672
Generation 272: Best Solution = [ 178.96561913  177.47840207  -10.33166741  -43.43906583  119.11258735
 -185.24471629  140.11728648   54.3863759   -18.13941557 -338.65808683], Best Fitness = 63.230808614609444, Evaluations = 8704
Generation 273: Best Solution = [ 178.96528105  177.49917247  -10.349844    -43.4505723   119.10577983
 -185.24307397  140.11987034   54.39341835  -18.13431858 -338.65935552], Best Fitness = 63.22887772689597, Evaluations = 8736
Generation 274: Best Solution = [ 178.96524549  177.48285398  -10.34964517  -43.449678    119.09584036
 -185.24280284  140.11471385   54.39774143  -18.13791012 -338.6524603 ], Best Fitness = 63.22763014670647, Evaluations = 8768
Generation 275: Best Solution = [ 178.9491069   177.51936736  -10.37045286  -43.43683857  119.13515781
 -185.24186333  140.13358947   54.39189931  -18.14573782 -338.66115295], Best Fitness = 63.226940121475614, Evaluations = 8800
Generation 276: Best Solution = [ 178.96158258  177.49839137  -10.36299725  -43.4407407   119.11681359
 -185.2402809   140.11894425   54.39061766  -18.14148124 -338.6501723 ], Best Fitness = 63.2249604153585, Evaluations = 8832
Generation 277: Best Solution = [ 178.96009773  177.51574475  -10.36463167  -43.43799646  119.13698994
 -185.23360678  140.12938854   54.38426336  -18.14130698 -338.65131793], Best Fitness = 63.223504402540755, Evaluations = 8864
Generation 278: Best Solution = [ 178.9643609   177.51457459  -10.37172538  -43.44006132  119.12888352
 -185.23624164  140.12405132   54.38733324  -18.14104123 -338.64500553], Best Fitness = 63.22203994232539, Evaluations = 8896
Generation 279: Best Solution = [ 178.96182195  177.51717207  -10.37241856  -43.44208144  119.13050141
 -185.23017294  140.11975916   54.38755323  -18.14077668 -338.64102248], Best Fitness = 63.22026039369197, Evaluations = 8928
Generation 280: Best Solution = [ 178.96674178  177.49412875  -10.36674105  -43.44808355  119.11146751
 -185.23231119  140.12761218   54.38831222  -18.14564699 -338.64301415], Best Fitness = 63.22008662098545, Evaluations = 8960
Generation 281: Best Solution = [ 178.96937043  177.49943522  -10.36113823  -43.45110368  119.1152646
 -185.23039176  140.11867935   54.39078233  -18.14037075 -338.63172327], Best Fitness = 63.218843527330705, Evaluations = 8992
Generation 282: Best Solution = [ 178.95518764  177.49189453  -10.36956413  -43.44794753  119.10903641
 -185.22722297  140.12840226   54.37900245  -18.15236324 -338.64204138], Best Fitness = 63.21702761764886, Evaluations = 9024
Generation 283: Best Solution = [ 178.95916515  177.48768948  -10.36922457  -43.45850927  119.10377073
 -185.23066977  140.13647737   54.37461304  -18.14942479 -338.63694207], Best Fitness = 63.214752701605995, Evaluations = 9056
Generation 284: Best Solution = [ 178.94913122  177.48666787  -10.37948371  -43.45285806  119.11601129
 -185.22193108  140.1361122    54.38087179  -18.16050098 -338.64183074], Best Fitness = 63.214133698765636, Evaluations = 9088
Generation 285: Best Solution = [ 178.9546237   177.49663511  -10.37087575  -43.44645202  119.11061788
 -185.22195364  140.13229006   54.3850144   -18.16291556 -338.6271127 ], Best Fitness = 63.21287207503737, Evaluations = 9120
Generation 286: Best Solution = [ 178.96063779  177.49071393  -10.38179099  -43.45727715  119.11287514
 -185.22471423  140.13148847   54.3762877   -18.14979269 -338.62435377], Best Fitness = 63.21021961066358, Evaluations = 9152
Generation 287: Best Solution = [ 178.96123796  177.49595304  -10.37579681  -43.46350393  119.11183007
 -185.22424772  140.12275714   54.37744878  -18.14926209 -338.61163681], Best Fitness = 63.20817351555498, Evaluations = 9184
Generation 288: Best Solution = [ 178.96078518  177.49686849  -10.38019495  -43.4541688   119.11089493
 -185.22098397  140.12672574   54.37777037  -18.15752945 -338.60970216], Best Fitness = 63.20681873014777, Evaluations = 9216
Generation 289: Best Solution = [ 178.95924807  177.509255    -10.37204702  -43.46753667  119.10196355
 -185.22194246  140.12569602   54.37559652  -18.14883813 -338.60491709], Best Fitness = 63.20607547763338, Evaluations = 9248
Generation 290: Best Solution = [ 178.96029563  177.50056329  -10.37598502  -43.4638382   119.10231548
 -185.22245999  140.12423182   54.37703894  -18.15469448 -338.59804037], Best Fitness = 63.204267630260205, Evaluations = 9280
Generation 291: Best Solution = [ 178.95391735  177.49935076  -10.38150324  -43.47052731  119.10117152
 -185.22522036  140.1199575    54.37437857  -18.15522382 -338.59263823], Best Fitness = 63.20215328280015, Evaluations = 9312
Generation 292: Best Solution = [ 178.94827201  177.49761027  -10.38166199  -43.46397923  119.10642419
 -185.22412164  140.12051532   54.37155684  -18.16411002 -338.58768659], Best Fitness = 63.200538292744724, Evaluations = 9344
Generation 293: Best Solution = [ 178.95217037  177.49756049  -10.37755003  -43.46663154  119.11282329
 -185.21651684  140.11923586   54.37088183  -18.17028245 -338.58681704], Best Fitness = 63.19927966593826, Evaluations = 9376
Generation 294: Best Solution = [ 178.95774533  177.49162028  -10.38624125  -43.46630267  119.10965449
 -185.21387212  140.12745719   54.3729372   -18.16612836 -338.58667286], Best Fitness = 63.19777728129762, Evaluations = 9408
Generation 295: Best Solution = [ 178.95931153  177.49683793  -10.38772193  -43.46595129  119.11018411
 -185.2103797   140.13000689   54.3654808   -18.16271842 -338.58152247], Best Fitness = 63.19509638028127, Evaluations = 9440
Generation 296: Best Solution = [ 178.94991858  177.49618489  -10.39456978  -43.46212244  119.10661115
 -185.21088248  140.12636467   54.36164609  -18.16611358 -338.57803226], Best Fitness = 63.19332298676807, Evaluations = 9472
Generation 297: Best Solution = [ 178.95629389  177.49840473  -10.3893935   -43.46365554  119.11488695
 -185.21504582  140.14098392   54.35756016  -18.16930596 -338.57683046], Best Fitness = 63.19291566114951, Evaluations = 9504
Generation 298: Best Solution = [ 178.9443257   177.49158867  -10.38551307  -43.47169186  119.11254088
 -185.2128145   140.12517568   54.359656    -18.18230372 -338.57084743], Best Fitness = 63.19147747519699, Evaluations = 9536
Generation 299: Best Solution = [ 178.94965692  177.49502776  -10.39286995  -43.47144774  119.11541133
 -185.20881829  140.12302485   54.35705731  -18.18533187 -338.56903208], Best Fitness = 63.18939542496724, Evaluations = 9568
Generation 300: Best Solution = [ 178.94461429  177.50065701  -10.39971754  -43.46439188  119.1082083
 -185.20416313  140.13299986   54.34768734  -18.17671055 -338.56826494], Best Fitness = 63.186847869301126, Evaluations = 9600
Generation 301: Best Solution = [ 178.94605465  177.49866189  -10.40459116  -43.46380916  119.11033751
 -185.20609882  140.13258507   54.34711411  -18.17745126 -338.5618493 ], Best Fitness = 63.185128351535226, Evaluations = 9632
Generation 302: Best Solution = [ 178.95675416  177.51132889  -10.41376641  -43.45946075  119.10919687
 -185.20892927  140.13988873   54.33982206  -18.17138064 -338.55826876], Best Fitness = 63.18325334223695, Evaluations = 9664
Generation 303: Best Solution = [ 178.95495438  177.51213629  -10.41031439  -43.46767455  119.10876258
 -185.19918678  140.12933068   54.33634572  -18.17908109 -338.55977745], Best Fitness = 63.18168852237316, Evaluations = 9696
Generation 304: Best Solution = [ 178.95741976  177.50540044  -10.40908927  -43.47189476  119.11061275
 -185.2052923   140.13096968   54.33790983  -18.18345192 -338.55009888], Best Fitness = 63.18013024089007, Evaluations = 9728
Generation 305: Best Solution = [ 178.95980752  177.5072117   -10.41356187  -43.47014903  119.11112279
 -185.20575749  140.12277162   54.33681707  -18.19207154 -338.54415576], Best Fitness = 63.178515986070344, Evaluations = 9760
Generation 306: Best Solution = [ 178.95620481  177.50908529  -10.41069141  -43.46012152  119.10797348
 -185.19651336  140.14124664   54.34133713  -18.17665912 -338.54086855], Best Fitness = 63.17751725623801, Evaluations = 9792
Generation 307: Best Solution = [ 178.95506839  177.50265236  -10.40221981  -43.46884377  119.10747233
 -185.19671706  140.13458901   54.33302027  -18.18102092 -338.54010096], Best Fitness = 63.17674015795085, Evaluations = 9824
Generation 308: Best Solution = [ 178.95131066  177.51308465  -10.4189184   -43.46589208  119.10199571
 -185.20011134  140.14899047   54.34253568  -18.18723052 -338.53789486], Best Fitness = 63.175286610494055, Evaluations = 9856
Generation 309: Best Solution = [ 178.9507546   177.50235676  -10.42528795  -43.47494952  119.1053895
 -185.20478136  140.14800787   54.34688877  -18.1936528  -338.53556979], Best Fitness = 63.17435950794089, Evaluations = 9888
Generation 310: Best Solution = [ 178.95576008  177.50780723  -10.42527277  -43.47133165  119.10752187
 -185.20036917  140.15048257   54.34400892  -18.19585207 -338.5338263 ], Best Fitness = 63.17308355062143, Evaluations = 9920
Generation 311: Best Solution = [ 178.95280124  177.48736808  -10.43529107  -43.47371543  119.10888485
 -185.20404262  140.13030168   54.3361138   -18.18984279 -338.52524521], Best Fitness = 63.17073068511228, Evaluations = 9952
Generation 312: Best Solution = [ 178.95323289  177.47986294  -10.45691285  -43.46896351  119.10717377
 -185.21042978  140.1325561    54.33504679  -18.19148393 -338.52623628], Best Fitness = 63.16970880795439, Evaluations = 9984
Generation 313: Best Solution = [ 178.9539028   177.48945725  -10.4617106   -43.47107694  119.1071127
 -185.20080288  140.13261805   54.33139197  -18.18810718 -338.52840608], Best Fitness = 63.16783472550019, Evaluations = 10016
