Algorithm: Cross-Entropy Method
Objective Function: Griewank
Dimension: 10
Population Size: 128
Max Evaluations: 10000

Generation 1: Best Solution = [-380.49263458   17.82323635 -244.53513103   61.42778665 -440.69057577
 -401.68449094 -288.65834701  139.21216837 -210.65383892  -25.51610095], Best Fitness = 178.99993815859767, Evaluations = 128
Generation 2: Best Solution = [-235.91340029 -202.7165532  -207.97885469  243.31578766 -236.73058004
    7.87070451 -108.6899203   269.83109738 -108.96644823  217.54790927], Best Fitness = 100.77550038626404, Evaluations = 256
Generation 3: Best Solution = [-358.18090757  -79.2374774   -33.54250103   48.66838205  -21.77767232
   49.0330068  -189.07025681  326.00225304   60.92534187   38.31701308], Best Fitness = 73.04507099093121, Evaluations = 384
Generation 4: Best Solution = [-195.25270898  -57.45493717 -121.50694637  195.03112746 -105.22481603
 -364.88678869  -89.64147358   74.3850297   -21.53995266   81.78810348], Best Fitness = 65.80672835528128, Evaluations = 512
Generation 5: Best Solution = [-111.35374388  -70.56626001  -80.78306239  185.44304927 -153.13775283
 -179.69909929  -92.9517959   253.63428581  -27.0219821   113.63380157], Best Fitness = 51.16265525817668, Evaluations = 640
Generation 6: Best Solution = [-213.62870722  -69.66354567   61.33926028   -7.97079121 -138.38868261
 -223.23180345  -67.98276843  210.66400701  -12.06600026   62.60930546], Best Fitness = 45.06554610445785, Evaluations = 768
Generation 7: Best Solution = [ -61.3410404   -40.18094862  -40.3041423   120.76310486 -125.63862033
 -278.78177741 -106.41546673  182.01834866  -74.74086437   66.20469532], Best Fitness = 43.37871904018595, Evaluations = 896
Generation 8: Best Solution = [-137.76821472  -86.10155015  -38.68544107   75.03233901 -131.93428322
 -200.35128768  -56.73208506  234.56910097  -33.44103545   89.54204161], Best Fitness = 40.620627066863406, Evaluations = 1024
Generation 9: Best Solution = [-122.07778019  -36.13610084  -25.09544192   58.85938461 -126.75036135
 -247.83712198 -106.5968311   210.34312153  -42.53102151   25.70165494], Best Fitness = 39.966692903181304, Evaluations = 1152
Generation 10: Best Solution = [-152.35652621  -78.47733743   22.17741866   44.07583033 -100.7241468
 -232.4866951   -78.1749477   199.10446454  -69.07105529   76.33641635], Best Fitness = 39.088322979663324, Evaluations = 1280
Generation 11: Best Solution = [-142.97385833  -72.67120331  -24.60295335   43.66945375 -139.55293265
 -219.0418803   -93.66838079  203.2687917   -26.33512946   54.79056218], Best Fitness = 38.36921034739024, Evaluations = 1408
Generation 12: Best Solution = [-140.26801697  -94.52504354    7.50942536   36.65546709 -120.7742859
 -216.8572808   -77.2577196   206.20186254  -59.12907227   62.43793264], Best Fitness = 37.86394706778607, Evaluations = 1536
Generation 13: Best Solution = [-135.9955428   -99.2835729    -3.15318941   32.96217205 -126.11829744
 -201.37427884  -83.52287392  211.33953689  -69.06159728   65.50389903], Best Fitness = 37.65660632910019, Evaluations = 1664
Generation 14: Best Solution = [-143.0662643  -100.53700076   -9.61192003   38.30407804 -124.95767627
 -203.30902746  -89.46277882  205.99764019  -54.07153311   59.80053945], Best Fitness = 37.50848813306527, Evaluations = 1792
Generation 15: Best Solution = [-140.72136935 -102.46434895    5.1690595    40.85386724 -124.49095001
 -206.4587623   -93.38623552  203.89318931  -43.9057401    59.40045955], Best Fitness = 37.4665217945593, Evaluations = 1920
Generation 16: Best Solution = [-137.76662122  -80.79281661   -3.9328466    29.77725182 -132.45031164
 -200.25830656  -98.09604319  212.18141648  -64.58533448   57.97181786], Best Fitness = 37.38515096452437, Evaluations = 2048
Generation 17: Best Solution = [-131.53069385  -83.55936247   -6.25729431   31.31297038 -132.86907492
 -207.3640997   -93.79430188  211.06349561  -58.33565601   56.41639108], Best Fitness = 37.34629841170085, Evaluations = 2176
Generation 18: Best Solution = [-132.92686145  -97.72622298   -9.02780663   31.86339453 -135.17549395
 -207.84486192  -91.2629199   204.3461166   -48.69386806   60.03954206], Best Fitness = 37.30150201284606, Evaluations = 2304
Generation 19: Best Solution = [-132.41879077  -84.74735289   -3.91196591   37.12366527 -126.327168
 -209.34617973  -91.61012201  211.67796628  -56.68712569   58.69973059], Best Fitness = 37.09672568544042, Evaluations = 2432
Generation 20: Best Solution = [-1.28772415e+02 -8.39868444e+01 -1.84239785e-01  3.65388311e+01
 -1.28196895e+02 -2.09622848e+02 -9.25292964e+01  2.12865479e+02
 -5.69101404e+01  5.62053935e+01], Best Fitness = 37.22962053798308, Evaluations = 2560
Generation 21: Best Solution = [-1.30049272e+02 -8.86657493e+01  4.07148943e-02  3.86960487e+01
 -1.32792505e+02 -2.07319152e+02 -8.93391016e+01  2.12691684e+02
 -5.10405479e+01  5.07481399e+01], Best Fitness = 37.27702561447365, Evaluations = 2688
Generation 22: Best Solution = [-128.33287753  -91.33086428    1.09709688   37.19208591 -132.51360301
 -206.41160319  -90.64057765  212.09089215  -56.84121536   51.08903105], Best Fitness = 37.27532652016066, Evaluations = 2816
Generation 23: Best Solution = [-129.05029485  -98.36669534   -1.82100903   35.91120989 -134.67245717
 -207.03183803  -83.8240557   209.80267185  -54.54307356   51.67823729], Best Fitness = 37.28108608705264, Evaluations = 2944
Generation 24: Best Solution = [-134.11985141  -92.41256225   -1.22291571   33.13401182 -131.85425837
 -207.07396491  -90.93581631  208.25738811  -47.05932828   58.6876144 ], Best Fitness = 37.26777176547815, Evaluations = 3072
Generation 25: Best Solution = [-131.5781962   -97.68186028   -5.45309426   32.01310623 -132.97739165
 -208.2179012   -91.24841479  206.94723646  -46.58270459   53.62532366], Best Fitness = 37.124112463507196, Evaluations = 3200
Generation 26: Best Solution = [-131.93338347  -96.82484171   -5.09935989   32.04219255 -131.66652171
 -208.60151938  -91.65713106  207.16016304  -47.89416986   53.51668705], Best Fitness = 37.2000329919397, Evaluations = 3328
Generation 27: Best Solution = [-131.13407478  -97.38237898   -5.41026789   31.96856178 -134.13659611
 -207.60136427  -91.76042021  207.22114225  -47.05723286   52.56981267], Best Fitness = 37.09309817110786, Evaluations = 3456
Generation 28: Best Solution = [-132.118494    -98.10709393   -4.88381503   31.55130595 -133.90890685
 -207.20613455  -92.78285303  206.48114733  -47.1913872    52.39335749], Best Fitness = 36.93536472626754, Evaluations = 3584
Generation 29: Best Solution = [-131.81371109  -97.74954754   -6.10212936   31.48695006 -133.73065139
 -208.10282409  -92.26528138  206.49546839  -46.31823138   52.23833095], Best Fitness = 36.87649659740512, Evaluations = 3712
Generation 30: Best Solution = [-131.9886741   -97.74086677   -5.88161714   31.37669661 -133.38558412
 -208.13928039  -91.94650474  206.49698379  -47.04453781   52.38713844], Best Fitness = 36.84225642530162, Evaluations = 3840
Generation 31: Best Solution = [-132.02885454  -98.07534054   -5.58963397   31.62967096 -133.4077368
 -207.97063298  -92.03272801  206.53005389  -46.9166123    52.08688872], Best Fitness = 36.80690505390051, Evaluations = 3968
Generation 32: Best Solution = [-131.85194838  -98.11659941   -5.56830939   31.57675205 -133.34303631
 -208.09710757  -92.06441279  206.5078193   -47.33996067   51.87192799], Best Fitness = 36.78215558847031, Evaluations = 4096
Generation 33: Best Solution = [-131.9104782   -98.22100805   -5.58580733   31.13278429 -133.09115904
 -208.40309149  -92.15758848  206.26765876  -47.76382617   51.6794429 ], Best Fitness = 36.76971100901165, Evaluations = 4224
Generation 34: Best Solution = [-131.88894325  -98.11534385   -5.75793879   31.29564409 -133.20535356
 -208.30028043  -92.29474406  206.31928908  -47.58590759   51.66473902], Best Fitness = 36.76037598381352, Evaluations = 4352
Generation 35: Best Solution = [-131.88797213  -97.91420722   -5.62652286   31.3763027  -133.39133464
 -208.22159691  -92.12150733  206.45801377  -47.34591176   51.79278059], Best Fitness = 36.754627060142695, Evaluations = 4480
Generation 36: Best Solution = [-131.94770405  -98.03694916   -5.67500296   31.32582141 -133.35341885
 -208.241581    -92.17295648  206.32918803  -47.2321859    51.87416533], Best Fitness = 36.7540837817456, Evaluations = 4608
Generation 37: Best Solution = [-131.94066393  -98.01878207   -5.66073395   31.25681619 -133.39365544
 -208.19109209  -92.14847162  206.40843648  -47.30320999   51.77860175], Best Fitness = 36.75085730145746, Evaluations = 4736
Generation 38: Best Solution = [-131.92794903  -98.05445231   -5.64901621   31.23678158 -133.35162012
 -208.26158915  -92.1989416   206.32506238  -47.31845951   51.79354109], Best Fitness = 36.74833744793668, Evaluations = 4864
Generation 39: Best Solution = [-131.89319872  -98.06228238   -5.64473411   31.23120446 -133.34937515
 -208.22840199  -92.14028267  206.39909644  -47.39003393   51.71647909], Best Fitness = 36.746658251508194, Evaluations = 4992
Generation 40: Best Solution = [-131.91230564  -98.06909195   -5.58634192   31.26804989 -133.35872846
 -208.19648087  -92.18752101  206.37511023  -47.4214523    51.73671715], Best Fitness = 36.744940804032844, Evaluations = 5120
Generation 41: Best Solution = [-131.88029251  -98.0089624    -5.67860409   31.28084091 -133.34802734
 -208.24817081  -92.16786035  206.36126129  -47.38922249   51.75927927], Best Fitness = 36.74269911167148, Evaluations = 5248
Generation 42: Best Solution = [-131.89733412  -98.01358089   -5.6253703    31.28516274 -133.37231394
 -208.21897591  -92.1077784   206.3852674   -47.46786153   51.75083801], Best Fitness = 36.74091847556613, Evaluations = 5376
Generation 43: Best Solution = [-131.91278673  -97.98191228   -5.6941091    31.23330861 -133.30999915
 -208.22192009  -92.2459391   206.36167419  -47.35181657   51.72579339], Best Fitness = 36.737799605869846, Evaluations = 5504
Generation 44: Best Solution = [-131.91471217  -97.97239822   -5.63885739   31.21728808 -133.33790004
 -208.22003979  -92.20125911  206.37576628  -47.33413795   51.74222556], Best Fitness = 36.736469663842186, Evaluations = 5632
Generation 45: Best Solution = [-131.91280889  -98.00924985   -5.65521626   31.22054942 -133.34466217
 -208.21757674  -92.14100967  206.36845708  -47.38646226   51.73639911], Best Fitness = 36.73405848363689, Evaluations = 5760
Generation 46: Best Solution = [-131.90445095  -98.02701712   -5.63448537   31.25795688 -133.32298828
 -208.22434034  -92.12100187  206.36010686  -47.4299353    51.73231357], Best Fitness = 36.73145626122474, Evaluations = 5888
Generation 47: Best Solution = [-131.90671277  -98.01666008   -5.66249923   31.21240462 -133.35255172
 -208.20468814  -92.15163814  206.36686129  -47.31126935   51.72846685], Best Fitness = 36.73025681253902, Evaluations = 6016
Generation 48: Best Solution = [-131.8968111   -98.00243425   -5.61711194   31.28361081 -133.27955376
 -208.20511975  -92.18254965  206.37006064  -47.41261254   51.71203373], Best Fitness = 36.72762564323654, Evaluations = 6144
Generation 49: Best Solution = [-131.88102446  -97.98567808   -5.60280393   31.28324864 -133.2954882
 -208.24486782  -92.14356469  206.34677849  -47.48176872   51.72920388], Best Fitness = 36.72651684807606, Evaluations = 6272
Generation 50: Best Solution = [-131.91432459  -98.01456798   -5.64447207   31.26806887 -133.3160032
 -208.20545434  -92.14186853  206.3471832   -47.38935089   51.72249007], Best Fitness = 36.72298023730925, Evaluations = 6400
Generation 51: Best Solution = [-131.89879622  -97.99650579   -5.62819501   31.22929764 -133.33913052
 -208.22660735  -92.14877288  206.31783929  -47.42040919   51.7452879 ], Best Fitness = 36.72182124862078, Evaluations = 6528
Generation 52: Best Solution = [-131.89881103  -98.01912222   -5.64797012   31.27300312 -133.29078201
 -208.18848161  -92.20321654  206.34789804  -47.37666136   51.67896412], Best Fitness = 36.718727924774484, Evaluations = 6656
Generation 53: Best Solution = [-131.8882329   -97.99575732   -5.60411133   31.29541889 -133.27840653
 -208.22703073  -92.16264459  206.33192751  -47.46579425   51.70393332], Best Fitness = 36.71779894874407, Evaluations = 6784
Generation 54: Best Solution = [-131.89724197  -97.99834449   -5.59769584   31.27963291 -133.31079431
 -208.22009917  -92.1382251   206.31745066  -47.47841548   51.71513142], Best Fitness = 36.714660626643074, Evaluations = 6912
Generation 55: Best Solution = [-131.87930926  -97.99639789   -5.5806521    31.30070265 -133.29849887
 -208.23121702  -92.1221493   206.30868991  -47.51199113   51.7128297 ], Best Fitness = 36.711520627762695, Evaluations = 7040
Generation 56: Best Solution = [-131.90278275  -98.02398962   -5.58076077   31.31792642 -133.28473944
 -208.21055621  -92.10948092  206.32413985  -47.48952699   51.69522145], Best Fitness = 36.71107504369052, Evaluations = 7168
Generation 57: Best Solution = [-131.8851295   -98.01427918   -5.59842383   31.31843612 -133.25995407
 -208.19817678  -92.15407796  206.32414455  -47.49377824   51.6754137 ], Best Fitness = 36.708567825491244, Evaluations = 7296
Generation 58: Best Solution = [-131.87155905  -98.00695248   -5.58731246   31.27388342 -133.2866453
 -208.22861138  -92.14323725  206.28867065  -47.47541234   51.70734109], Best Fitness = 36.70622960847099, Evaluations = 7424
Generation 59: Best Solution = [-131.87139005  -97.99032988   -5.59254756   31.24969921 -133.28765628
 -208.20713371  -92.1719721   206.29435762  -47.45586657   51.70094173], Best Fitness = 36.70406082886864, Evaluations = 7552
Generation 60: Best Solution = [-131.88341642  -98.00197889   -5.57357598   31.26474072 -133.28956779
 -208.22246664  -92.1399724   206.29211331  -47.48146993   51.68833486], Best Fitness = 36.70259706129144, Evaluations = 7680
Generation 61: Best Solution = [-131.88517224  -97.99585612   -5.59903371   31.29541738 -133.29061279
 -208.22653306  -92.1399141   206.29035731  -47.4615824    51.68198557], Best Fitness = 36.700800148902744, Evaluations = 7808
Generation 62: Best Solution = [-131.89385978  -97.99604719   -5.60187627   31.30269758 -133.2969869
 -208.21313479  -92.12883712  206.30589556  -47.44904247   51.66318828], Best Fitness = 36.69895437988143, Evaluations = 7936
Generation 63: Best Solution = [-131.85475149  -97.99268867   -5.58486878   31.29772803 -133.28268761
 -208.2217825   -92.13978042  206.28696229  -47.45904705   51.67960437], Best Fitness = 36.69682742116418, Evaluations = 8064
Generation 64: Best Solution = [-131.88089195  -98.00702507   -5.60975632   31.35036641 -133.25421806
 -208.19022443  -92.15977029  206.30869422  -47.45229093   51.63501288], Best Fitness = 36.69484752038599, Evaluations = 8192
Generation 65: Best Solution = [-131.88704299  -98.00899113   -5.58942455   31.33980555 -133.28169118
 -208.2062174   -92.14013453  206.29331851  -47.44259331   51.64818658], Best Fitness = 36.69344897181965, Evaluations = 8320
Generation 66: Best Solution = [-131.88346451  -98.00276628   -5.58568447   31.29036504 -133.30115348
 -208.19554276  -92.12918011  206.27389046  -47.46072057   51.67249818], Best Fitness = 36.69004941617853, Evaluations = 8448
Generation 67: Best Solution = [-131.90694126  -97.98628689   -5.6001949    31.33245461 -133.28788451
 -208.18639378  -92.11699587  206.29553265  -47.45528669   51.65094785], Best Fitness = 36.688253421598816, Evaluations = 8576
Generation 68: Best Solution = [-131.87617833  -97.99413007   -5.56467157   31.31423691 -133.26926012
 -208.1884694   -92.1440889   206.28122326  -47.44997522   51.65783182], Best Fitness = 36.68640965926117, Evaluations = 8704
Generation 69: Best Solution = [-131.88842832  -97.9999786    -5.58579806   31.31703367 -133.26130471
 -208.17485826  -92.14654056  206.28433259  -47.44258118   51.63747574], Best Fitness = 36.683328862943604, Evaluations = 8832
Generation 70: Best Solution = [-131.89945574  -97.99949928   -5.6059567    31.29279134 -133.2783964
 -208.19884683  -92.13263448  206.25049519  -47.46032751   51.65892263], Best Fitness = 36.68224085160968, Evaluations = 8960
Generation 71: Best Solution = [-131.91093162  -97.99515473   -5.62222437   31.29101722 -133.29349565
 -208.18554853  -92.12639003  206.25722956  -47.45542555   51.64830599], Best Fitness = 36.68072664938116, Evaluations = 9088
Generation 72: Best Solution = [-131.89737949  -97.98816092   -5.60407713   31.32400031 -133.27253235
 -208.17601976  -92.12195719  206.2736095   -47.44929935   51.64208701], Best Fitness = 36.67897795956415, Evaluations = 9216
Generation 73: Best Solution = [-131.89010621  -97.9815254    -5.57268322   31.3142836  -133.28148685
 -208.19914299  -92.12978037  206.2682166   -47.44851029   51.61924695], Best Fitness = 36.676389004402935, Evaluations = 9344
Generation 74: Best Solution = [-131.90474574  -97.98397185   -5.61012191   31.31737666 -133.26912742
 -208.15394721  -92.12393024  206.26965145  -47.43330027   51.64452882], Best Fitness = 36.67448618510167, Evaluations = 9472
Generation 75: Best Solution = [-131.90164817  -97.97062117   -5.60611034   31.27106452 -133.30494708
 -208.19756015  -92.09324216  206.23942725  -47.4828747    51.6507422 ], Best Fitness = 36.67261974579515, Evaluations = 9600
Generation 76: Best Solution = [-131.88187039  -97.96956148   -5.58876935   31.27970799 -133.27472805
 -208.19814835  -92.0994018   206.25747822  -47.43629937   51.63143465], Best Fitness = 36.670153991105245, Evaluations = 9728
Generation 77: Best Solution = [-131.902036    -97.96932246   -5.60039855   31.30703291 -133.26778934
 -208.1827236   -92.12507292  206.24074248  -47.44762053   51.63131257], Best Fitness = 36.667284690240905, Evaluations = 9856
Generation 78: Best Solution = [-131.90608115  -97.98418852   -5.60281876   31.29229981 -133.27121034
 -208.17045436  -92.11720862  206.23211014  -47.43927302   51.63693625], Best Fitness = 36.665094291697365, Evaluations = 9984
Generation 79: Best Solution = [-131.87352569  -97.97278016   -5.60265828   31.31943054 -133.27092864
 -208.15814872  -92.12162826  206.25376372  -47.41917466   51.61852629], Best Fitness = 36.66331401383973, Evaluations = 10112
