Algorithm: Cross-Entropy Method
Objective Function: Ackley
Dimension: 10
Population Size: 32
Max Evaluations: 10000

Generation 1: Best Solution = [  6.1005076  -10.06599411 -11.4187099   11.5385481  -19.4288518
 -19.63305261  11.85269755  -4.91446777  -4.15742351   3.13978272], Best Fitness = 19.671377805950858, Evaluations = 32
Generation 2: Best Solution = [ 10.68123307  -3.37506611 -14.24294382  14.52868993   0.12645295
  -2.92350647   7.89731321  -5.6044105   12.29926759   9.33329721], Best Fitness = 18.775046314324893, Evaluations = 64
Generation 3: Best Solution = [ 13.14239749  -9.10107589 -13.13271296  10.19793784  -9.57681104
 -10.94803861   5.23719651 -11.00049365  14.05507443   6.82607763], Best Fitness = 18.70265469810146, Evaluations = 96
Generation 4: Best Solution = [  8.26524487   0.4682735  -11.06219794  12.80725856  -7.73303804
  -8.00608533  11.98442518  -7.81051973   6.30559353   2.35885669], Best Fitness = 17.931260349379517, Evaluations = 128
Generation 5: Best Solution = [  9.43409313  -2.86489323 -12.83798726   9.77352017  -5.95135462
  -7.3221834   11.09662626  -6.63493994   9.96033604   4.8555138 ], Best Fitness = 17.817084216276275, Evaluations = 160
Generation 6: Best Solution = [  1.06946859  -2.12461179 -18.10639558  11.96733422  -8.01662811
  -8.82532317   6.21781493  -3.16527335   1.15522451   5.30506903], Best Fitness = 17.173654839207448, Evaluations = 192
Generation 7: Best Solution = [  6.92111021  -3.72994571 -15.16124525  11.72658335  -8.81527643
  -9.96417191   6.6978217   -2.50207112   2.84526551   2.867498  ], Best Fitness = 17.570077943131846, Evaluations = 224
Generation 8: Best Solution = [  7.86717728  -2.72793976 -14.05960581  10.87549578  -8.01863065
  -8.05973637   9.40922415  -2.70768211   3.02148349   2.4627426 ], Best Fitness = 17.255303351118066, Evaluations = 256
Generation 9: Best Solution = [  6.98635076  -2.17418933 -14.82628058  11.9125638   -7.80789142
  -9.02770202   8.02414691  -2.45331928   3.72874073   3.21249181], Best Fitness = 17.213723070531508, Evaluations = 288
Generation 10: Best Solution = [  5.10357148  -3.86470196 -15.50414419   8.46080289  -8.02915501
  -7.06881589  10.04211706  -3.80993626   3.00482899   4.06786601], Best Fitness = 16.9278374871515, Evaluations = 320
Generation 11: Best Solution = [  8.80612675  -3.02799596 -13.12614442   7.30131598  -7.95783127
  -6.40586976  12.79153695  -2.88349192   3.82156953   0.99735804], Best Fitness = 16.957768006033984, Evaluations = 352
Generation 12: Best Solution = [  8.12198973  -3.00464065 -13.91217271   8.94029678  -7.84515842
  -7.42651976  10.76264988  -2.55476058   3.95273075   2.23940529], Best Fitness = 17.11914273052048, Evaluations = 384
Generation 13: Best Solution = [  7.96804303  -1.68849022 -14.09669396  10.24468311  -7.51045737
  -7.98747566  10.08979032  -1.87327268   4.20533543   2.05841082], Best Fitness = 17.04019592323543, Evaluations = 416
Generation 14: Best Solution = [  5.39378367  -2.95587177 -15.10933957   8.30946199  -7.91068051
  -6.79364632  10.90707146  -3.63886587   2.98629042   3.02618976], Best Fitness = 16.964330216488175, Evaluations = 448
Generation 15: Best Solution = [  4.2686649   -3.27191459 -16.02798387  10.10086602  -7.87567769
  -7.66470586   8.80793805  -4.13379914   2.94018007   4.86236539], Best Fitness = 17.11489268094502, Evaluations = 480
Generation 16: Best Solution = [  4.95395761  -2.97028786 -15.57611132  10.05501952  -7.89551315
  -7.68579334   9.21364351  -3.88569712   3.0455604    4.11403225], Best Fitness = 16.93877406165634, Evaluations = 512
Generation 17: Best Solution = [  6.07107429  -2.99966268 -14.91956451   8.88112173  -7.90339744
  -7.23168999  10.38952533  -3.22392712   3.22230764   3.01882057], Best Fitness = 16.8194878488504, Evaluations = 544
Generation 18: Best Solution = [  5.10841113  -3.0752073  -15.41149566   9.0962326   -7.90801192
  -7.21721098  10.02841349  -3.75182522   2.97865024   3.66189456], Best Fitness = 16.996548025189096, Evaluations = 576
Generation 19: Best Solution = [  4.79096997  -3.04900253 -15.66255788  10.0205291   -7.91371167
  -7.66758786   9.17309943  -3.97649144   2.96366155   4.19072083], Best Fitness = 16.98611763602883, Evaluations = 608
Generation 20: Best Solution = [  6.15952086  -3.00768149 -14.82364534   8.2585542   -7.91166496
  -6.93436102  10.91680186  -3.08751033   3.21133825   2.68475334], Best Fitness = 16.7331177201212, Evaluations = 640
Generation 21: Best Solution = [  6.00019513  -3.05591548 -14.92355871   8.34981934  -7.90595039
  -6.96348023  10.78853268  -3.2024701    3.17299638   2.86160319], Best Fitness = 16.668912676309187, Evaluations = 672
Generation 22: Best Solution = [  6.02637828  -3.02038355 -14.88436352   8.19129523  -7.92697717
  -6.88017873  10.97070315  -3.1836634    3.14726995   2.70930045], Best Fitness = 16.519807307298933, Evaluations = 704
Generation 23: Best Solution = [  6.03775372  -2.99084814 -14.88067817   8.20270739  -7.92967847
  -6.88794599  10.98729147  -3.15907467   3.15442394   2.6801123 ], Best Fitness = 16.542295704269396, Evaluations = 736
Generation 24: Best Solution = [  6.02575954  -3.13883827 -14.89659037   8.09943818  -7.92698099
  -6.84262434  10.97422421  -3.20577076   3.12810754   2.79088276], Best Fitness = 16.431365340440195, Evaluations = 768
Generation 25: Best Solution = [  6.01507033  -3.16590849 -14.89877631   8.05410284  -7.92474479
  -6.82471076  10.98884918  -3.21439059   3.12256576   2.82138391], Best Fitness = 16.415499753269263, Evaluations = 800
Generation 26: Best Solution = [  6.00890111  -3.12190325 -14.90670348   8.09474298  -7.91777182
  -6.83550799  10.96487967  -3.1885696    3.14616017   2.81079196], Best Fitness = 16.388480734143172, Evaluations = 832
Generation 27: Best Solution = [  6.03781151  -3.13505294 -14.90167589   8.05776002  -7.92920171
  -6.82072283  10.97370587  -3.18683105   3.14330837   2.82305154], Best Fitness = 16.375817281213823, Evaluations = 864
Generation 28: Best Solution = [  6.03827885  -3.12767159 -14.90237823   8.07045815  -7.93267261
  -6.82854836  10.97077249  -3.17479452   3.14689002   2.81249594], Best Fitness = 16.367563516706635, Evaluations = 896
Generation 29: Best Solution = [  6.03796654  -3.13529674 -14.91061224   8.06042982  -7.93341384
  -6.82204932  10.96985618  -3.17203502   3.15180362   2.83542012], Best Fitness = 16.347329790715545, Evaluations = 928
Generation 30: Best Solution = [  6.03359202  -3.12651082 -14.89490624   8.07253725  -7.93466722
  -6.82288533  10.96720827  -3.17153766   3.14379672   2.8378581 ], Best Fitness = 16.34069771313596, Evaluations = 960
Generation 31: Best Solution = [  6.03625158  -3.13101859 -14.90541029   8.05959724  -7.94134473
  -6.8278592   10.95852426  -3.1743262    3.14211128   2.83458182], Best Fitness = 16.33027603035678, Evaluations = 992
Generation 32: Best Solution = [  6.03768903  -3.12403774 -14.90662905   8.06833669  -7.94198343
  -6.83204052  10.97146641  -3.16382564   3.15500719   2.8378937 ], Best Fitness = 16.319686524062355, Evaluations = 1024
Generation 33: Best Solution = [  6.04183664  -3.12324138 -14.8994116    8.0660033   -7.93567984
  -6.83777772  10.96710539  -3.1599825    3.14785567   2.84154495], Best Fitness = 16.303970069326123, Evaluations = 1056
Generation 34: Best Solution = [  6.04610189  -3.11838279 -14.8978998    8.06424985  -7.93834142
  -6.83817751  10.97005451  -3.15339606   3.1515938    2.84272805], Best Fitness = 16.29440125624011, Evaluations = 1088
Generation 35: Best Solution = [  6.05103715  -3.12912484 -14.90368741   8.06921719  -7.94669884
  -6.84343322  10.96201846  -3.15429314   3.13959748   2.84616322], Best Fitness = 16.283490905524225, Evaluations = 1120
Generation 36: Best Solution = [  6.05357916  -3.13370033 -14.90068413   8.07357138  -7.95299147
  -6.85129766  10.95763498  -3.16285217   3.12557048   2.85163755], Best Fitness = 16.274710345605488, Evaluations = 1152
Generation 37: Best Solution = [  6.03721134  -3.119458   -14.89795348   8.06735447  -7.94730825
  -6.85631677  10.95915636  -3.16051553   3.13559265   2.84550201], Best Fitness = 16.261247129852457, Evaluations = 1184
Generation 38: Best Solution = [  6.04759929  -3.10339037 -14.89281243   8.08228601  -7.93181857
  -6.85067248  10.96656431  -3.15982648   3.12256273   2.85091012], Best Fitness = 16.255741575630875, Evaluations = 1216
Generation 39: Best Solution = [  6.03884264  -3.12187784 -14.90252296   8.06669111  -7.94727101
  -6.85664092  10.95134374  -3.15393785   3.12793201   2.85687524], Best Fitness = 16.234762633067678, Evaluations = 1248
Generation 40: Best Solution = [  6.04030431  -3.11781091 -14.90588373   8.06727517  -7.93614408
  -6.86264881  10.95784936  -3.15289536   3.12518034   2.86575601], Best Fitness = 16.213394008845995, Evaluations = 1280
Generation 41: Best Solution = [  6.03217258  -3.12674357 -14.91477703   8.05744634  -7.94510573
  -6.86475809  10.94923705  -3.14925428   3.12730581   2.8708371 ], Best Fitness = 16.19746336694438, Evaluations = 1312
Generation 42: Best Solution = [  6.04584241  -3.1027419  -14.90459488   8.07766676  -7.93369317
  -6.858776    10.95943491  -3.1381042    3.12131789   2.87006125], Best Fitness = 16.189543352345442, Evaluations = 1344
Generation 43: Best Solution = [  6.04094968  -3.09944453 -14.90255097   8.06762561  -7.94056544
  -6.86054437  10.96284448  -3.13985352   3.12527636   2.87135514], Best Fitness = 16.17772245313588, Evaluations = 1376
Generation 44: Best Solution = [  6.0482585   -3.10487283 -14.90337953   8.06823882  -7.94753344
  -6.86250687  10.95091969  -3.13945037   3.12704124   2.88377989], Best Fitness = 16.1736208036944, Evaluations = 1408
Generation 45: Best Solution = [  6.05134435  -3.09237204 -14.9067945    8.07298622  -7.94064533
  -6.86286922  10.96604773  -3.13518023   3.12898301   2.88807159], Best Fitness = 16.157754486013282, Evaluations = 1440
Generation 46: Best Solution = [  6.03882551  -3.10434375 -14.90298627   8.0568267   -7.9429572
  -6.86920953  10.96234196  -3.13656152   3.12227332   2.88372073], Best Fitness = 16.14598386025336, Evaluations = 1472
Generation 47: Best Solution = [  6.03294927  -3.10597623 -14.90773849   8.05757451  -7.94961863
  -6.87667433  10.96415812  -3.13584244   3.12860186   2.88633221], Best Fitness = 16.136033819824938, Evaluations = 1504
Generation 48: Best Solution = [  6.03550514  -3.10587206 -14.90941113   8.05301531  -7.94719636
  -6.87095313  10.95878174  -3.1329283    3.11556868   2.88351413], Best Fitness = 16.12661948829591, Evaluations = 1536
Generation 49: Best Solution = [  6.03880714  -3.10174465 -14.91718938   8.06052261  -7.94582986
  -6.87872579  10.96807057  -3.12998815   3.12157938   2.88403149], Best Fitness = 16.117747001622952, Evaluations = 1568
Generation 50: Best Solution = [  6.03503689  -3.10351981 -14.91509062   8.05755068  -7.95227738
  -6.88615675  10.96888009  -3.11997969   3.12289919   2.88029091], Best Fitness = 16.102257603935627, Evaluations = 1600
Generation 51: Best Solution = [  6.0359908   -3.0910001  -14.91962839   8.05905066  -7.9450183
  -6.88135504  10.96819668  -3.12365428   3.11963016   2.88119502], Best Fitness = 16.096795716091624, Evaluations = 1632
Generation 52: Best Solution = [  6.03666416  -3.0949194  -14.91113108   8.05006689  -7.94416762
  -6.88126873  10.95559748  -3.13172984   3.10404429   2.89359793], Best Fitness = 16.08537523228746, Evaluations = 1664
Generation 53: Best Solution = [  6.03296423  -3.0984112  -14.9079663    8.05084903  -7.94468273
  -6.88996832  10.96066022  -3.12410557   3.11076591   2.90004731], Best Fitness = 16.072652238543153, Evaluations = 1696
Generation 54: Best Solution = [  6.0343531   -3.08925707 -14.914125     8.05533549  -7.95447794
  -6.89394545  10.96661376  -3.12524173   3.10027412   2.88474773], Best Fitness = 16.060756933496553, Evaluations = 1728
Generation 55: Best Solution = [  6.04446529  -3.08791576 -14.90621841   8.04935554  -7.95296738
  -6.90841962  10.96687993  -3.12916998   3.09390057   2.896966  ], Best Fitness = 16.042149420002378, Evaluations = 1760
Generation 56: Best Solution = [  6.0411343   -3.08099561 -14.91401418   8.04907221  -7.95868344
  -6.907617    10.96338931  -3.12098447   3.09953038   2.89196582], Best Fitness = 16.029939896223382, Evaluations = 1792
Generation 57: Best Solution = [  6.03937643  -3.08343596 -14.90998523   8.04547168  -7.95774908
  -6.9154606   10.96200135  -3.11486301   3.09706459   2.90355464], Best Fitness = 16.007790654838946, Evaluations = 1824
Generation 58: Best Solution = [  6.03528594  -3.08087082 -14.91770269   8.04048592  -7.96120717
  -6.90763454  10.96682632  -3.11720939   3.09149431   2.89530435], Best Fitness = 16.005125035390982, Evaluations = 1856
Generation 59: Best Solution = [  6.02542639  -3.07760683 -14.92092749   8.04473358  -7.95914084
  -6.89284753  10.96374414  -3.10155339   3.0943931    2.89913321], Best Fitness = 15.996156399098403, Evaluations = 1888
Generation 60: Best Solution = [  6.02400894  -3.07969339 -14.92722671   8.04676471  -7.96480449
  -6.90046028  10.96838358  -3.10170256   3.09880965   2.90354896], Best Fitness = 15.986427854622493, Evaluations = 1920
Generation 61: Best Solution = [  6.02737045  -3.06666135 -14.92016254   8.04238585  -7.96258448
  -6.90899966  10.97515822  -3.10823017   3.09240295   2.89817143], Best Fitness = 15.977797136742993, Evaluations = 1952
Generation 62: Best Solution = [  6.02346288  -3.07347215 -14.92070224   8.03674137  -7.9604578
  -6.91232038  10.97109779  -3.11043339   3.08984099   2.90400789], Best Fitness = 15.971966557493337, Evaluations = 1984
Generation 63: Best Solution = [  6.0283952   -3.06107888 -14.92348138   8.03695136  -7.95971369
  -6.91868199  10.97691172  -3.10437535   3.08912494   2.89905471], Best Fitness = 15.956359610931942, Evaluations = 2016
Generation 64: Best Solution = [  6.02018708  -3.06851    -14.92193316   8.03791241  -7.97831984
  -6.91816351  10.98064852  -3.10477719   3.08820805   2.90728609], Best Fitness = 15.94865481995855, Evaluations = 2048
Generation 65: Best Solution = [  6.02074392  -3.05079621 -14.93377471   8.0348842   -7.9558313
  -6.91612602  10.97369082  -3.1015309    3.07871214   2.89631645], Best Fitness = 15.936577669870713, Evaluations = 2080
Generation 66: Best Solution = [  6.01567318  -3.06600503 -14.92165618   8.04328963  -7.97835432
  -6.92462206  10.9774718   -3.09748554   3.08061722   2.91517395], Best Fitness = 15.925008082525954, Evaluations = 2112
Generation 67: Best Solution = [  6.02545024  -3.0511016  -14.93080603   8.04510121  -7.96574722
  -6.91694379  10.96551548  -3.09768746   3.0740722    2.91616192], Best Fitness = 15.91854297141412, Evaluations = 2144
Generation 68: Best Solution = [  6.02440312  -3.05339341 -14.92869939   8.04755899  -7.96785843
  -6.91982472  10.95839449  -3.08963833   3.07490712   2.92218646], Best Fitness = 15.910004989002967, Evaluations = 2176
Generation 69: Best Solution = [  6.01633812  -3.06061026 -14.92083362   8.03421273  -7.98127117
  -6.92185609  10.98600288  -3.09298235   3.06333838   2.91798872], Best Fitness = 15.90004453111256, Evaluations = 2208
Generation 70: Best Solution = [  6.0192778   -3.05899519 -14.92315253   8.03478389  -7.98133234
  -6.92629693  10.98367215  -3.08587248   3.06379664   2.91600153], Best Fitness = 15.891357213680458, Evaluations = 2240
Generation 71: Best Solution = [  6.00080092  -3.05404487 -14.91104131   8.03115799  -7.97746407
  -6.93351722  10.97450832  -3.08514045   3.06256264   2.9179017 ], Best Fitness = 15.885448170502519, Evaluations = 2272
Generation 72: Best Solution = [  6.01413662  -3.05082916 -14.92252386   8.03838371  -7.97887535
  -6.92911226  10.96623602  -3.07899702   3.06327869   2.92520579], Best Fitness = 15.875446444471182, Evaluations = 2304
Generation 73: Best Solution = [  6.00349377  -3.05056748 -14.9223409    8.03231179  -7.974794
  -6.93525856  10.97428754  -3.08382269   3.06258634   2.93694186], Best Fitness = 15.862603619076276, Evaluations = 2336
Generation 74: Best Solution = [  6.00438806  -3.05383528 -14.92613214   8.03183554  -7.98621286
  -6.92692494  10.9836908   -3.07087877   3.05106463   2.9353757 ], Best Fitness = 15.848884855278865, Evaluations = 2368
Generation 75: Best Solution = [  6.01258318  -3.05168564 -14.93175196   8.04972629  -7.98497054
  -6.93242459  10.97008742  -3.06911088   3.05621317   2.94814771], Best Fitness = 15.847760742548722, Evaluations = 2400
Generation 76: Best Solution = [  6.02174164  -3.04416927 -14.9288927    8.05831837  -7.98600936
  -6.94218207  10.96768154  -3.06578446   3.05096243   2.94976011], Best Fitness = 15.841978858864, Evaluations = 2432
Generation 77: Best Solution = [  6.0174761   -3.05039618 -14.92796354   8.04096419  -7.9907369
  -6.95253074  10.97423203  -3.06870082   3.04285564   2.94362636], Best Fitness = 15.829351345204444, Evaluations = 2464
Generation 78: Best Solution = [  6.02000249  -3.04225651 -14.92938165   8.04920751  -7.98663766
  -6.96051416  10.97830897  -3.07188251   3.04235894   2.95300336], Best Fitness = 15.823870888642706, Evaluations = 2496
Generation 79: Best Solution = [  6.02231055  -3.05419487 -14.92889876   8.02803867  -7.98303875
  -6.9549229   10.97856545  -3.05381356   3.04621494   2.937298  ], Best Fitness = 15.82103461517359, Evaluations = 2528
Generation 80: Best Solution = [  6.00985413  -3.05005889 -14.9315998    8.02813723  -7.99146141
  -6.95428561  10.98843794  -3.06695154   3.04324893   2.94418624], Best Fitness = 15.81693230443036, Evaluations = 2560
Generation 81: Best Solution = [  6.0095623   -3.0452062  -14.94099106   8.05003138  -7.9953445
  -6.96240085  10.97605642  -3.0586978    3.03475016   2.94480635], Best Fitness = 15.80910686813795, Evaluations = 2592
Generation 82: Best Solution = [  6.01198631  -3.03972982 -14.92841883   8.03842026  -7.99290628
  -6.96313968  10.97712844  -3.05794184   3.03125171   2.94853789], Best Fitness = 15.802756028577436, Evaluations = 2624
Generation 83: Best Solution = [  6.01076725  -3.03734657 -14.9371474    8.04027717  -7.98872487
  -6.96361322  10.98424168  -3.05457138   3.03485317   2.94729915], Best Fitness = 15.797211190041766, Evaluations = 2656
Generation 84: Best Solution = [  6.01983044  -3.03978772 -14.93630699   8.03379996  -7.98991707
  -6.96049825  10.98498068  -3.05305416   3.03398327   2.95286933], Best Fitness = 15.79469204906625, Evaluations = 2688
Generation 85: Best Solution = [  6.01255293  -3.03456131 -14.94082261   8.03416624  -7.99961517
  -6.96531682  10.97622801  -3.05929418   3.02013928   2.95480882], Best Fitness = 15.787020947499014, Evaluations = 2720
Generation 86: Best Solution = [  6.004833    -3.0270901  -14.93631115   8.03015292  -7.99519935
  -6.96769634  10.9812375   -3.05225863   3.03263648   2.95457609], Best Fitness = 15.781817019803471, Evaluations = 2752
Generation 87: Best Solution = [  6.00044953  -3.02758969 -14.94289506   8.02508616  -7.98979994
  -6.96223642  10.99004257  -3.0493481    3.03497053   2.95688472], Best Fitness = 15.776239295115442, Evaluations = 2784
Generation 88: Best Solution = [  6.00002824  -3.02543559 -14.94169058   8.02694621  -7.98614583
  -6.95993224  10.99273735  -3.04835061   3.02570549   2.95678855], Best Fitness = 15.773960648315253, Evaluations = 2816
Generation 89: Best Solution = [  6.00771866  -3.02862826 -14.94705391   8.0291202   -7.99053404
  -6.95704009  10.98874807  -3.03723161   3.02952641   2.96164792], Best Fitness = 15.769245010921669, Evaluations = 2848
Generation 90: Best Solution = [  6.00690577  -3.02257866 -14.94237598   8.02185462  -7.9836775
  -6.96986807  10.98970454  -3.03730031   3.02404804   2.95299631], Best Fitness = 15.764896889000571, Evaluations = 2880
Generation 91: Best Solution = [  6.00140383  -3.02613568 -14.9406594    8.01720248  -7.98501694
  -6.96381635  10.98838298  -3.03358444   3.02181785   2.95964238], Best Fitness = 15.761299761741885, Evaluations = 2912
Generation 92: Best Solution = [  5.99664066  -3.01257136 -14.94900921   8.02631125  -7.97987328
  -6.96812133  10.98339387  -3.03520194   3.02436999   2.9581294 ], Best Fitness = 15.758707073172499, Evaluations = 2944
Generation 93: Best Solution = [  5.99792074  -3.01883191 -14.94553496   8.02288656  -7.98601228
  -6.96621466  10.9812648   -3.02542432   3.02023079   2.95746144], Best Fitness = 15.755939949702572, Evaluations = 2976
Generation 94: Best Solution = [  5.99358691  -3.01392546 -14.95232717   8.01592671  -7.97842122
  -6.97219313  10.99498824  -3.02538354   3.02852617   2.9542579 ], Best Fitness = 15.75332078702443, Evaluations = 3008
Generation 95: Best Solution = [  5.9969866   -3.01524407 -14.95762551   8.02115571  -7.98453224
  -6.9726387   10.99042661  -3.02350037   3.02052816   2.9608748 ], Best Fitness = 15.746945653481628, Evaluations = 3040
Generation 96: Best Solution = [  6.00108829  -3.02404516 -14.9553697    8.01403364  -7.98360782
  -6.97234319  10.994798    -3.01794073   3.02017245   2.96620361], Best Fitness = 15.744961054055839, Evaluations = 3072
Generation 97: Best Solution = [  5.99911622  -3.01462742 -14.95468099   8.02178718  -7.98218005
  -6.97540931  10.9959348   -3.01858392   3.01923701   2.96651744], Best Fitness = 15.744380503573876, Evaluations = 3104
Generation 98: Best Solution = [  5.99370191  -3.01392955 -14.95379792   8.00764809  -7.9802246
  -6.97708329  10.99213612  -3.0200741    3.01872159   2.96163711], Best Fitness = 15.74252506011369, Evaluations = 3136
Generation 99: Best Solution = [  6.00567547  -3.01312852 -14.96499547   8.00865016  -7.99082883
  -6.97244251  10.9894554   -3.02509679   3.00114961   2.9602622 ], Best Fitness = 15.73998234301262, Evaluations = 3168
Generation 100: Best Solution = [  6.00256217  -3.01728455 -14.9584527    8.0073379   -7.98036044
  -6.97382185  10.99225751  -3.01579052   3.01085419   2.97695313], Best Fitness = 15.73585450446597, Evaluations = 3200
Generation 101: Best Solution = [  5.99852373  -3.01881419 -14.96676739   8.00759778  -7.98172277
  -6.97276686  10.99890726  -3.0184937    3.00890309   2.9815911 ], Best Fitness = 15.734062637318257, Evaluations = 3232
Generation 102: Best Solution = [  5.99122694  -3.01109885 -14.96963983   8.00737777  -7.986096
  -6.98448586  10.99861229  -3.01704882   2.99876011   2.97244259], Best Fitness = 15.730670008039436, Evaluations = 3264
Generation 103: Best Solution = [  5.98612131  -3.01226568 -14.97379696   8.00065864  -7.97743517
  -6.98157778  10.9945929   -3.00997181   2.99771799   2.97905017], Best Fitness = 15.727798361770665, Evaluations = 3296
Generation 104: Best Solution = [  5.99083237  -3.00682183 -14.98132405   8.00065372  -7.98029716
  -6.97849455  10.98979394  -3.01664241   3.00327446   2.98044326], Best Fitness = 15.727221826048105, Evaluations = 3328
Generation 105: Best Solution = [  5.99457683  -3.00886654 -14.97215142   8.00218094  -7.99131993
  -6.9859337   11.00056451  -3.01227327   3.00471524   2.98545488], Best Fitness = 15.7261027916715, Evaluations = 3360
Generation 106: Best Solution = [  5.99557074  -3.00908516 -14.98026226   8.00298414  -7.9857724
  -6.98228537  10.99654678  -3.00710578   3.00856603   2.99004432], Best Fitness = 15.724870434308988, Evaluations = 3392
Generation 107: Best Solution = [  5.98627189  -3.0043008  -14.98234358   8.00218605  -7.99054211
  -6.98976001  10.9928039   -3.00396193   3.013801     2.99104395], Best Fitness = 15.723970512944446, Evaluations = 3424
Generation 108: Best Solution = [  5.99464079  -3.00783795 -14.98457156   7.99543058  -7.98189055
  -6.98505959  10.9811672   -3.00205007   3.00047374   2.99317647], Best Fitness = 15.72275891165867, Evaluations = 3456
Generation 109: Best Solution = [  5.99416487  -3.00681923 -14.98595216   7.99933958  -7.98723298
  -6.99191784  10.98927914  -3.00218821   3.005235     2.99103057], Best Fitness = 15.72230366178136, Evaluations = 3488
Generation 110: Best Solution = [  5.99170409  -2.99987837 -14.98580051   7.99676832  -7.98114564
  -6.98925997  10.98510123  -2.99670446   2.99675223   2.99433299], Best Fitness = 15.72160811744514, Evaluations = 3520
Generation 111: Best Solution = [  5.98825632  -3.00177828 -14.98210553   7.99668675  -7.99246413
  -6.99060102  10.98788569  -2.99531839   2.99760037   2.99738407], Best Fitness = 15.721129486049287, Evaluations = 3552
Generation 112: Best Solution = [  5.99363938  -3.00281344 -14.98578233   7.99377717  -7.98887528
  -6.99148032  10.98679135  -2.99576957   2.9993144    2.99125172], Best Fitness = 15.721127012736375, Evaluations = 3584
Generation 113: Best Solution = [  5.99145167  -2.99833926 -14.98425703   7.99191377  -7.99287887
  -6.99169151  10.98656275  -2.99490202   3.00397936   2.99039077], Best Fitness = 15.72122168024596, Evaluations = 3616
Generation 114: Best Solution = [  5.99197568  -3.00133758 -14.98236347   7.99197791  -7.98959704
  -6.99239043  10.99056255  -3.00093681   2.99696184   2.99159234], Best Fitness = 15.72105885132806, Evaluations = 3648
Generation 115: Best Solution = [  5.99347154  -2.99385678 -14.98015267   7.99179519  -7.9922535
  -6.99490262  10.99241538  -3.00059896   2.99799049   2.99782194], Best Fitness = 15.720965825236409, Evaluations = 3680
Generation 116: Best Solution = [  5.99261454  -2.99563273 -14.98373166   7.9905018   -7.99203255
  -6.99284672  10.99186468  -2.99465001   3.00157656   2.9959857 ], Best Fitness = 15.720861736444167, Evaluations = 3712
Generation 117: Best Solution = [  5.99163444  -2.99446926 -14.98627832   7.99172851  -7.99255618
  -6.99261828  10.98836347  -2.9977062    2.99802045   2.99375381], Best Fitness = 15.720770292771846, Evaluations = 3744
Generation 118: Best Solution = [  5.9961007   -2.99485826 -14.98396428   7.98539897  -7.99154117
  -6.99447555  10.98729297  -2.99649492   2.99358067   2.99770389], Best Fitness = 15.720981859572062, Evaluations = 3776
Generation 119: Best Solution = [  5.9967895   -2.9981511  -14.98671693   7.99047462  -7.99307503
  -6.98966027  10.98777817  -2.9980886    2.99948241   2.99783332], Best Fitness = 15.720834456994655, Evaluations = 3808
Generation 120: Best Solution = [  5.99697843  -2.99532811 -14.98927073   7.99039119  -7.99408869
  -6.99105101  10.98631715  -2.99444759   2.99768361   2.99418981], Best Fitness = 15.720978664279677, Evaluations = 3840
Generation 121: Best Solution = [  5.9963601   -2.99430134 -14.98160527   7.9934655   -7.99275068
  -6.99400028  10.98796773  -2.99795279   2.99720351   2.99842298], Best Fitness = 15.72079489840041, Evaluations = 3872
Generation 122: Best Solution = [  5.99368162  -2.99807028 -14.98852811   7.99300559  -7.99043282
  -6.99426374  10.98644447  -2.99585467   2.99233925   2.99278538], Best Fitness = 15.720987668848007, Evaluations = 3904
Generation 123: Best Solution = [  5.99621335  -2.99583829 -14.98126618   7.9921711   -7.9920473
  -6.98714423  10.98344681  -2.99670554   2.99706598   2.99626133], Best Fitness = 15.721032553188682, Evaluations = 3936
Generation 124: Best Solution = [  5.99780665  -2.99656658 -14.98722876   7.99078249  -7.98925259
  -6.99300619  10.98713932  -2.99145768   2.99923338   2.99579554], Best Fitness = 15.721000366945926, Evaluations = 3968
Generation 125: Best Solution = [  5.99351534  -3.0003553  -14.9828759    7.99426136  -7.99002513
  -6.99350966  10.98617294  -2.99524624   2.99190312   2.99502533], Best Fitness = 15.720957188978813, Evaluations = 4000
Generation 126: Best Solution = [  5.99335821  -2.99775871 -14.98327647   7.99038971  -7.99205562
  -6.99165185  10.98889715  -2.99348772   2.99752858   2.99878289], Best Fitness = 15.720740949475854, Evaluations = 4032
Generation 127: Best Solution = [  5.99418065  -2.99719543 -14.98551038   7.99181598  -7.99490842
  -6.98979549  10.98575788  -2.99566609   2.99610822   2.9966517 ], Best Fitness = 15.720792260959184, Evaluations = 4064
Generation 128: Best Solution = [  5.99589711  -2.99818632 -14.98174188   7.99407437  -7.99231996
  -6.99257838  10.98605003  -2.99975825   2.99734495   2.99491238], Best Fitness = 15.720833076664182, Evaluations = 4096
Generation 129: Best Solution = [  5.99236988  -2.9929353  -14.98324721   7.99086066  -7.99421101
  -6.99571403  10.98423498  -2.99801246   2.9972946    2.99658616], Best Fitness = 15.720924831246402, Evaluations = 4128
Generation 130: Best Solution = [  5.9944292   -2.9976942  -14.9867641    7.99083991  -7.9890789
  -6.99068863  10.98669439  -3.00104991   2.99672896   2.99426206], Best Fitness = 15.720876141076914, Evaluations = 4160
Generation 131: Best Solution = [  5.99398341  -2.99838226 -14.98293304   7.99309754  -7.99186698
  -6.98802826  10.98954476  -3.00118673   2.99292202   2.99573257], Best Fitness = 15.720977725948947, Evaluations = 4192
Generation 132: Best Solution = [  5.99862385  -2.99838757 -14.98160199   7.99236169  -7.98883738
  -6.99265914  10.99007789  -2.99707237   2.99776072   2.99893801], Best Fitness = 15.720893952558407, Evaluations = 4224
Generation 133: Best Solution = [  5.99275916  -2.99887751 -14.98805817   7.98875732  -7.99443864
  -6.9941315   10.98939482  -2.99684056   2.99451521   2.99682173], Best Fitness = 15.720855969094458, Evaluations = 4256
Generation 134: Best Solution = [  5.99660905  -2.99697888 -14.98501859   7.98760634  -7.99316688
  -6.99142915  10.99139505  -2.99556443   2.99455273   2.99586381], Best Fitness = 15.720870450691503, Evaluations = 4288
Generation 135: Best Solution = [  5.9932089   -2.99506485 -14.98583988   7.99211161  -7.98733837
  -6.99189046  10.98723825  -2.99604539   2.99959181   2.99380717], Best Fitness = 15.72086938255709, Evaluations = 4320
Generation 136: Best Solution = [  5.99526041  -2.99591926 -14.98316816   7.9919368   -7.99305663
  -6.98825308  10.98661511  -2.99792955   2.9960062    2.99848409], Best Fitness = 15.720816336203717, Evaluations = 4352
Generation 137: Best Solution = [  5.98921025  -2.99761082 -14.98332894   7.99126644  -7.99171626
  -6.99004863  10.98784237  -2.9955941    2.99711405   2.99314103], Best Fitness = 15.720877082074345, Evaluations = 4384
Generation 138: Best Solution = [  5.99241536  -2.99695021 -14.98426365   7.99287593  -7.99109958
  -6.99103502  10.98846423  -3.00125984   3.00105029   2.99486943], Best Fitness = 15.720880801417719, Evaluations = 4416
Generation 139: Best Solution = [  5.99241689  -3.00004082 -14.98623901   7.99339887  -7.99194943
  -6.99120943  10.99001892  -3.00034039   2.99748724   2.99355307], Best Fitness = 15.720873652171624, Evaluations = 4448
Generation 140: Best Solution = [  5.99262478  -3.00240935 -14.98662715   7.99284965  -7.99188368
  -6.99330683  10.98643481  -2.99892262   2.99527947   2.9961035 ], Best Fitness = 15.720897845923336, Evaluations = 4480
Generation 141: Best Solution = [  5.99437579  -2.99764703 -14.98499634   7.99371099  -7.9877661
  -6.99310194  10.99155491  -2.99863669   3.00044035   2.99280223], Best Fitness = 15.720961014740968, Evaluations = 4512
Generation 142: Best Solution = [  5.99402383  -2.99708413 -14.9831586    7.98964436  -7.99613603
  -6.98811367  10.98903291  -2.99356807   2.99506109   2.99724003], Best Fitness = 15.720959241270393, Evaluations = 4544
Generation 143: Best Solution = [  5.99564586  -2.99107967 -14.98443251   7.99315684  -7.98550051
  -6.99215616  10.98788844  -2.99981352   2.99989921   2.99802261], Best Fitness = 15.721151256967568, Evaluations = 4576
Generation 144: Best Solution = [  5.99694017  -3.00186159 -14.98259035   7.98673803  -7.99023839
  -6.99190433  10.98831625  -2.99465326   2.99620419   2.99970751], Best Fitness = 15.721052294106896, Evaluations = 4608
Generation 145: Best Solution = [  5.99357226  -2.99987584 -14.98311108   7.99201182  -7.98824407
  -6.98856951  10.98595018  -2.99914322   2.99918127   2.99536068], Best Fitness = 15.720948760447634, Evaluations = 4640
Generation 146: Best Solution = [  5.99065796  -2.99751241 -14.98775655   7.99482359  -7.98999648
  -6.99359985  10.99013961  -2.9945083    3.00206634   2.99752167], Best Fitness = 15.7210023378163, Evaluations = 4672
Generation 147: Best Solution = [  5.99455261  -2.99781159 -14.98426157   7.98816357  -7.99293817
  -6.99248448  10.98700155  -2.99659957   3.000688     2.9969528 ], Best Fitness = 15.720803441299191, Evaluations = 4704
Generation 148: Best Solution = [  5.99584698  -2.99575056 -14.98663738   7.98967777  -7.99482224
  -6.99158772  10.99058801  -2.99659183   2.99933094   3.00103316], Best Fitness = 15.72091099115919, Evaluations = 4736
Generation 149: Best Solution = [  5.99323765  -2.99639698 -14.9838516    7.98987696  -7.99375012
  -6.99321734  10.98741848  -2.99835228   2.99613725   2.99462284], Best Fitness = 15.720724175121164, Evaluations = 4768
Generation 150: Best Solution = [  5.99576658  -2.99988073 -14.98392578   7.99067816  -7.99147252
  -6.99045053  10.98833777  -2.99528438   2.99484074   2.99496672], Best Fitness = 15.72078967709251, Evaluations = 4800
Generation 151: Best Solution = [  5.99412693  -2.996943   -14.98543701   7.9914707   -7.98907301
  -6.99424835  10.99069087  -2.99954163   2.99805617   2.99986093], Best Fitness = 15.720799844913964, Evaluations = 4832
Generation 152: Best Solution = [  5.99123036  -2.99784784 -14.98191823   7.99196387  -7.99018773
  -6.99704931  10.99154089  -2.99765721   2.99504495   2.99545513], Best Fitness = 15.720893123983192, Evaluations = 4864
Generation 153: Best Solution = [  5.99278623  -2.99990295 -14.98239215   7.98981294  -7.99407041
  -6.99755465  10.99321082  -2.99758756   2.99605179   2.99621658], Best Fitness = 15.72100077293892, Evaluations = 4896
Generation 154: Best Solution = [  5.99371431  -3.00034711 -14.98464019   7.99574718  -7.99180349
  -6.99633005  10.99160004  -3.0009347    2.9968097    2.99768308], Best Fitness = 15.720988200754325, Evaluations = 4928
Generation 155: Best Solution = [  5.99472839  -2.99973135 -14.98572885   7.99542882  -7.99377362
  -6.99448949  10.99160869  -2.9933636    2.99780489   3.0018913 ], Best Fitness = 15.72105229050098, Evaluations = 4960
Generation 156: Best Solution = [  5.99109604  -2.99592332 -14.98393935   7.99200506  -7.99664057
  -6.99514931  10.9930354   -2.99665907   2.99722198   2.99690538], Best Fitness = 15.720941699749666, Evaluations = 4992
Generation 157: Best Solution = [  5.99429032  -3.00006098 -14.98622213   7.99278997  -7.99673435
  -6.99388689  10.98885373  -2.9953613    2.99889945   2.99378968], Best Fitness = 15.720935418676705, Evaluations = 5024
Generation 158: Best Solution = [  5.99374232  -3.00065136 -14.98409853   7.99170572  -7.99574852
  -6.99097513  10.99088432  -2.99245768   2.99715755   2.99920095], Best Fitness = 15.720971694414288, Evaluations = 5056
Generation 159: Best Solution = [  5.99395826  -2.99479242 -14.98507466   7.9889877   -7.99105762
  -6.99555762  10.98690118  -2.99671399   2.99896697   2.99279058], Best Fitness = 15.720867500229954, Evaluations = 5088
Generation 160: Best Solution = [  5.98936182  -2.99431269 -14.98028469   7.98881809  -7.99094329
  -6.99039462  10.99117154  -2.99611792   2.99575865   2.99717204], Best Fitness = 15.720983389544644, Evaluations = 5120
Generation 161: Best Solution = [  5.99219306  -2.99533857 -14.98092936   7.99093222  -7.99266744
  -6.99485071  10.98759013  -2.99252093   2.99413172   2.99846618], Best Fitness = 15.720914007086497, Evaluations = 5152
Generation 162: Best Solution = [  5.9935685   -2.99432436 -14.98474851   7.99278372  -7.99430871
  -6.99287759  10.98689664  -2.99820903   2.99492799   3.00362382], Best Fitness = 15.720995683754841, Evaluations = 5184
Generation 163: Best Solution = [  5.99871082  -2.99290458 -14.98680942   7.98929452  -7.99249594
  -6.99070496  10.99149337  -2.99389387   2.99852256   2.99885046], Best Fitness = 15.721058945619417, Evaluations = 5216
Generation 164: Best Solution = [  5.99300892  -2.99715606 -14.97947164   7.98952509  -7.98826065
  -6.99393673  10.98959866  -2.99583187   2.99626242   2.99318548], Best Fitness = 15.720946538236184, Evaluations = 5248
Generation 165: Best Solution = [  5.99462482  -2.99346613 -14.98240181   7.9930783   -7.98984593
  -6.99632295  10.98933654  -2.99640538   2.99774984   2.99649591], Best Fitness = 15.720823549875035, Evaluations = 5280
Generation 166: Best Solution = [  5.9922355   -2.99800022 -14.98552772   7.99009253  -7.99378947
  -6.99234072  10.99193368  -2.9934859    3.00009482   2.99451439], Best Fitness = 15.720899619585662, Evaluations = 5312
Generation 167: Best Solution = [  5.99111035  -2.99488982 -14.98262718   7.98825656  -7.99000382
  -6.99092426  10.98903595  -2.99680751   2.99464115   2.9976177 ], Best Fitness = 15.720833256293053, Evaluations = 5344
Generation 168: Best Solution = [  5.9949967   -3.0016237  -14.98513087   7.98915183  -7.98868935
  -6.99212985  10.995585    -2.99367625   2.99914068   2.99800102], Best Fitness = 15.721195820615598, Evaluations = 5376
Generation 169: Best Solution = [  5.99261261  -2.9939131  -14.98736468   7.98849073  -7.99001892
  -6.9939302   10.99104995  -2.99484031   2.99848038   2.99634135], Best Fitness = 15.72087754736295, Evaluations = 5408
Generation 170: Best Solution = [  5.99427751  -2.99756742 -14.98074131   7.98837116  -7.99275555
  -6.99288817  10.99129209  -2.9944673    3.00065617   2.99427732], Best Fitness = 15.720953655425024, Evaluations = 5440
Generation 171: Best Solution = [  5.98952394  -2.99416249 -14.98471062   7.98823577  -7.99085554
  -6.98816955  10.99144209  -2.99379266   2.99738382   2.99440868], Best Fitness = 15.721075398674259, Evaluations = 5472
Generation 172: Best Solution = [  5.99154418  -2.9957355  -14.98419788   7.99196746  -7.9913003
  -6.99084387  10.99201595  -2.9968476    2.99325707   3.00198034], Best Fitness = 15.720955889093544, Evaluations = 5504
Generation 173: Best Solution = [  5.99376705  -2.99669505 -14.98189314   7.99663255  -7.98920272
  -6.99037626  10.99196311  -2.99738527   2.99646562   2.99690847], Best Fitness = 15.720919897982741, Evaluations = 5536
Generation 174: Best Solution = [  5.9898761   -2.99828744 -14.98316134   7.99512874  -7.99089806
  -6.9942834   10.99308295  -2.99912544   2.99969029   2.99585318], Best Fitness = 15.720990683879712, Evaluations = 5568
Generation 175: Best Solution = [  5.99209053  -2.9982785  -14.98062013   7.99131709  -7.98783243
  -6.99150177  10.99030543  -2.99500697   2.9947124    2.99926478], Best Fitness = 15.720911171621491, Evaluations = 5600
Generation 176: Best Solution = [  5.99758237  -2.99988269 -14.98405077   7.99024827  -7.99532086
  -6.99289051  10.9855583   -2.99635087   2.99481702   2.99643454], Best Fitness = 15.720911247973111, Evaluations = 5632
Generation 177: Best Solution = [  5.99198234  -2.9999317  -14.98449444   7.98721177  -7.99230208
  -6.99541265  10.9895772   -2.99687126   2.99259231   2.99611102], Best Fitness = 15.720951243660782, Evaluations = 5664
Generation 178: Best Solution = [  5.99290798  -2.99672462 -14.98314549   7.99247477  -7.98908039
  -6.9857028   10.98836642  -2.99415874   3.00026141   2.99637137], Best Fitness = 15.721049393559532, Evaluations = 5696
Generation 179: Best Solution = [  5.99379133  -2.99582764 -14.98228049   7.99519676  -7.99380974
  -6.99160392  10.99196618  -2.99510505   2.99758004   2.99676322], Best Fitness = 15.720835850946832, Evaluations = 5728
Generation 180: Best Solution = [  5.99292673  -2.99508967 -14.98196309   7.99078092  -7.98907584
  -6.99325409  10.98958149  -2.99305153   2.99614625   2.99677374], Best Fitness = 15.720812539813345, Evaluations = 5760
Generation 181: Best Solution = [  5.9967403   -2.99546662 -14.98586385   7.99152852  -7.98861353
  -6.99396895  10.98767638  -2.99508711   2.99545455   2.99743075], Best Fitness = 15.720791313771823, Evaluations = 5792
Generation 182: Best Solution = [  5.99135885  -2.99852161 -14.9845101    7.99538739  -7.99270394
  -6.99261513  10.99150557  -2.99669745   2.99822886   2.99810277], Best Fitness = 15.72081514551902, Evaluations = 5824
Generation 183: Best Solution = [  5.9954996   -2.99355879 -14.982884     7.99561855  -7.99353562
  -6.99423566  10.98832995  -2.99610929   2.99852507   2.99587808], Best Fitness = 15.720851965933225, Evaluations = 5856
Generation 184: Best Solution = [  5.9970423   -2.99759549 -14.9830486    7.99377993  -7.98920412
  -6.99005844  10.98621353  -2.99937577   2.99339762   2.99608489], Best Fitness = 15.72092579985285, Evaluations = 5888
Generation 185: Best Solution = [  5.99442062  -2.99717818 -14.98758034   7.99155331  -7.98737611
  -6.98803552  10.98963335  -2.99640466   2.99926925   2.99760018], Best Fitness = 15.720943472402528, Evaluations = 5920
Generation 186: Best Solution = [  5.9953876   -2.9954122  -14.98134568   7.99307134  -7.98731976
  -6.99550587  10.98471456  -2.9979743    2.9968629    2.99702465], Best Fitness = 15.720945254544574, Evaluations = 5952
Generation 187: Best Solution = [  5.99189583  -2.99418007 -14.9824405    7.98926359  -7.98732235
  -6.99549636  10.98585832  -2.99898279   2.9993835    2.99684588], Best Fitness = 15.720979901270008, Evaluations = 5984
Generation 188: Best Solution = [  5.99128777  -2.99638041 -14.98528878   7.99209355  -7.98997545
  -6.99806     10.98735288  -3.00159603   2.9953088    2.99716077], Best Fitness = 15.720976247848032, Evaluations = 6016
Generation 189: Best Solution = [  5.99089485  -2.9935081  -14.98403632   7.98800385  -7.99219787
  -6.99381581  10.98638541  -2.99669321   2.99871721   2.99813643], Best Fitness = 15.720868504806635, Evaluations = 6048
Generation 190: Best Solution = [  5.99349092  -2.9951971  -14.98160424   7.99138793  -7.99076359
  -6.98770705  10.98741621  -3.00224799   2.99927545   2.997249  ], Best Fitness = 15.721020356467333, Evaluations = 6080
Generation 191: Best Solution = [  5.98911282  -2.99564011 -14.98230895   7.99159715  -7.98906199
  -6.99299347  10.98728447  -2.99509765   2.99744212   2.99532063], Best Fitness = 15.720856355290191, Evaluations = 6112
Generation 192: Best Solution = [  5.99530904  -2.99400065 -14.98701629   7.99343568  -7.99214072
  -6.99637149  10.98876953  -2.99851987   2.99548209   2.99626785], Best Fitness = 15.720835843955314, Evaluations = 6144
Generation 193: Best Solution = [  5.99259111  -2.99201982 -14.98324885   7.99039689  -7.99309285
  -6.99622543  10.98531835  -2.9992837    2.99772881   2.99432383], Best Fitness = 15.720982270010069, Evaluations = 6176
Generation 194: Best Solution = [  5.99532     -2.99450145 -14.9821142    7.987321    -7.99068936
  -6.99644345  10.98938885  -2.99851973   2.99976602   2.99583767], Best Fitness = 15.720950247010432, Evaluations = 6208
Generation 195: Best Solution = [  5.99266846  -2.99725882 -14.97931519   7.99070565  -7.98885736
  -6.99175436  10.99034729  -2.99914434   2.99295563   3.00106901], Best Fitness = 15.721049532609488, Evaluations = 6240
Generation 196: Best Solution = [  5.99406155  -2.99541474 -14.98027936   7.99068353  -7.99016743
  -6.99247604  10.98895916  -2.99840127   2.99775736   3.00185721], Best Fitness = 15.72090039284881, Evaluations = 6272
Generation 197: Best Solution = [  5.991274    -3.00064289 -14.98375471   7.99122715  -7.98841635
  -6.99180354  10.98820846  -2.9954787    2.9993418    2.99884643], Best Fitness = 15.7208682189434, Evaluations = 6304
Generation 198: Best Solution = [  5.99386883  -2.99697551 -14.98662811   7.98961373  -7.99316504
  -6.9912279   10.9873176   -2.99864048   2.99928649   2.9978215 ], Best Fitness = 15.720762017021212, Evaluations = 6336
Generation 199: Best Solution = [  5.99248971  -2.99502768 -14.98730508   7.99104922  -7.9956495
  -6.99405294  10.98491054  -2.99180121   2.99522805   2.99541548], Best Fitness = 15.721032864807981, Evaluations = 6368
Generation 200: Best Solution = [  5.99552398  -2.99446303 -14.98953074   7.99566846  -7.99365373
  -6.99222159  10.98663482  -2.99834382   2.99783292   2.99825394], Best Fitness = 15.72096716363518, Evaluations = 6400
Generation 201: Best Solution = [  5.99161956  -2.99513929 -14.98575763   7.9901411   -7.99456376
  -6.99337082  10.98661919  -2.99450599   2.99654974   2.99272023], Best Fitness = 15.720883589604478, Evaluations = 6432
Generation 202: Best Solution = [  5.99250795  -2.99395656 -14.98285251   7.99487205  -7.9907302
  -6.99072473  10.9862574   -2.99715099   2.99848012   2.99286376], Best Fitness = 15.720907174735299, Evaluations = 6464
Generation 203: Best Solution = [  5.9939445   -2.99565862 -14.98559958   7.98948691  -7.99577497
  -6.99060325  10.99106828  -2.99527183   2.99816635   2.99740114], Best Fitness = 15.720840632331605, Evaluations = 6496
Generation 204: Best Solution = [  5.99808334  -2.99693866 -14.98268752   7.99350255  -7.9929286
  -6.99045437  10.99012014  -2.9908841    2.99429373   2.99943194], Best Fitness = 15.721074132568855, Evaluations = 6528
Generation 205: Best Solution = [  5.99340253  -2.99075052 -14.98299886   7.99383736  -7.99402455
  -6.99427075  10.98888178  -2.99664318   2.99146067   3.00079912], Best Fitness = 15.721148804733922, Evaluations = 6560
Generation 206: Best Solution = [  5.99603235  -2.99646157 -14.98651063   7.98739494  -7.99156145
  -6.99070754  10.99126047  -2.99148472   2.99462454   2.9995433 ], Best Fitness = 15.721061717240204, Evaluations = 6592
Generation 207: Best Solution = [  5.99699835  -2.9908771  -14.98291854   7.99189229  -7.99256454
  -6.99183532  10.9859794   -2.99866317   2.99725851   2.99986589], Best Fitness = 15.721000174303539, Evaluations = 6624
Generation 208: Best Solution = [  5.99566706  -2.99325981 -14.98573382   7.9943462   -7.99045594
  -6.9934997   10.98693914  -2.99106713   2.99501058   2.99961021], Best Fitness = 15.72103119715785, Evaluations = 6656
Generation 209: Best Solution = [  5.9937122   -2.99390232 -14.98574879   7.99297885  -7.99064709
  -6.99496521  10.98991567  -3.00201169   2.9982122    2.99473871], Best Fitness = 15.720910907025225, Evaluations = 6688
Generation 210: Best Solution = [  5.99652437  -2.99520254 -14.98547222   7.9927459   -7.99134581
  -6.99372404  10.99508415  -2.99553834   2.99423449   2.9931506 ], Best Fitness = 15.721049625159687, Evaluations = 6720
Generation 211: Best Solution = [  5.99519041  -2.99542975 -14.98529237   7.99453211  -7.99208583
  -6.99384525  10.99294051  -2.99766978   2.99929563   2.99561246], Best Fitness = 15.720848344895185, Evaluations = 6752
Generation 212: Best Solution = [  5.99255834  -3.00254248 -14.98434705   7.98934911  -7.99169212
  -6.99071191  10.98850076  -2.99680465   2.99300369   3.00114702], Best Fitness = 15.721037994084114, Evaluations = 6784
Generation 213: Best Solution = [  5.99325399  -2.99725495 -14.98924104   7.99226142  -7.99184784
  -6.99119235  10.98731192  -2.99759837   2.99971738   2.99911949], Best Fitness = 15.72084963102873, Evaluations = 6816
Generation 214: Best Solution = [  5.99372939  -2.99392834 -14.98589152   7.9957669   -7.99199659
  -6.99051571  10.98407219  -2.99262906   2.99809693   2.99703593], Best Fitness = 15.721016871902737, Evaluations = 6848
Generation 215: Best Solution = [  5.9888664   -2.99504139 -14.98150179   7.99198255  -7.9940205
  -6.99456322  10.98565327  -2.9929957    2.99835206   2.9990979 ], Best Fitness = 15.721033727329434, Evaluations = 6880
Generation 216: Best Solution = [  5.99439377  -2.99391428 -14.9891223    7.99565709  -7.99175866
  -6.99060449  10.98481349  -2.99635465   2.99666837   2.99924606], Best Fitness = 15.721011573415243, Evaluations = 6912
Generation 217: Best Solution = [  5.99338988  -2.99364564 -14.98728728   7.99462333  -7.99574075
  -6.99366196  10.98915591  -2.99554634   3.00146342   2.99270304], Best Fitness = 15.721083880174993, Evaluations = 6944
Generation 218: Best Solution = [  5.99588313  -3.00118572 -14.98266598   7.98993432  -7.98990308
  -6.99237991  10.9835343   -2.99853938   3.00168959   2.99799829], Best Fitness = 15.721083880840819, Evaluations = 6976
Generation 219: Best Solution = [  5.99337884  -2.99703623 -14.98585276   7.9908794   -7.99449972
  -6.98994848  10.98928562  -2.99480363   2.99611888   2.99595392], Best Fitness = 15.720761460155197, Evaluations = 7008
Generation 220: Best Solution = [  5.99226971  -2.99689292 -14.98708096   7.99220749  -7.99213928
  -6.98992568  10.9915845   -2.99530453   2.99760755   2.99622733], Best Fitness = 15.720789565654785, Evaluations = 7040
Generation 221: Best Solution = [  5.98983274  -3.00152686 -14.98835179   7.99062054  -7.99002932
  -6.99078884  10.99128734  -2.99555747   2.99715393   2.99419766], Best Fitness = 15.721038927341738, Evaluations = 7072
Generation 222: Best Solution = [  5.99485353  -3.00087951 -14.98587244   7.99081623  -7.98986598
  -6.99423841  10.9924214   -2.99449327   3.00047563   3.00109443], Best Fitness = 15.721038130338068, Evaluations = 7104
Generation 223: Best Solution = [  5.99341436  -3.00193738 -14.98694511   7.99266161  -7.99219873
  -6.99547241  10.99318591  -2.99738425   2.99942795   2.99696115], Best Fitness = 15.72099356812313, Evaluations = 7136
Generation 224: Best Solution = [  5.99536458  -2.99645427 -14.98367283   7.99124991  -7.99150931
  -6.98971443  10.99220012  -2.99635481   2.99696752   2.99939163], Best Fitness = 15.72080134079097, Evaluations = 7168
Generation 225: Best Solution = [  5.98664508  -2.99777317 -14.9839274    7.99050818  -7.99108382
  -6.99280832  10.98981341  -2.99390835   2.99853739   2.99727538], Best Fitness = 15.720987487770698, Evaluations = 7200
Generation 226: Best Solution = [  5.98910933  -2.99679398 -14.98765393   7.99596129  -7.99260386
  -6.99414973  10.98559317  -2.99903231   2.9970305    2.99899557], Best Fitness = 15.721009296663762, Evaluations = 7232
Generation 227: Best Solution = [  5.99390856  -2.99382392 -14.9861311    7.99014389  -7.9877388
  -6.99511572  10.98746231  -2.99456097   2.99318028   2.99635659], Best Fitness = 15.720933234319848, Evaluations = 7264
Generation 228: Best Solution = [  5.99775666  -2.99678166 -14.98692899   7.99246518  -7.98806596
  -6.99363572  10.99083013  -2.99377779   2.9991201    2.99256671], Best Fitness = 15.721030523082312, Evaluations = 7296
Generation 229: Best Solution = [  5.99644801  -2.99686682 -14.98637928   7.9931205   -7.98824007
  -6.99507035  10.9911944   -2.99211886   2.99772401   2.99660563], Best Fitness = 15.720953312090286, Evaluations = 7328
Generation 230: Best Solution = [  5.99468153  -2.998933   -14.98326694   7.98728037  -7.9948517
  -6.9953026   10.98855513  -2.99856793   2.99843632   2.99482426], Best Fitness = 15.720906260541872, Evaluations = 7360
Generation 231: Best Solution = [  5.99415711  -2.99105813 -14.98516361   7.98820489  -7.99378848
  -6.99230363  10.98646668  -2.99499395   2.99394746   2.99667828], Best Fitness = 15.720994480833058, Evaluations = 7392
Generation 232: Best Solution = [  5.99268314  -2.99916127 -14.98441256   7.99330919  -7.99686149
  -6.99373949  10.98824564  -3.00049976   2.99420999   3.00086186], Best Fitness = 15.721017490204384, Evaluations = 7424
Generation 233: Best Solution = [  5.9916372   -2.99808726 -14.98424786   7.99716712  -7.99433301
  -6.99194233  10.98615023  -2.99776192   2.99981014   2.99094034], Best Fitness = 15.72113271535338, Evaluations = 7456
Generation 234: Best Solution = [  5.99602843  -2.99590744 -14.98089802   7.9929806   -7.99103626
  -6.99739077  10.99041796  -2.9982044    3.00146291   2.99894257], Best Fitness = 15.721015968395331, Evaluations = 7488
Generation 235: Best Solution = [  5.99171327  -2.99786461 -14.99017137   7.99139874  -7.98691082
  -6.99300968  10.99116806  -2.9991217    2.99906025   2.99625957], Best Fitness = 15.721045897096413, Evaluations = 7520
Generation 236: Best Solution = [  5.99291357  -2.99868522 -14.98188809   7.99464179  -7.99456353
  -6.99054179  10.98987781  -2.99637787   3.00158927   2.99537579], Best Fitness = 15.720941191520456, Evaluations = 7552
Generation 237: Best Solution = [  5.9942199   -2.999825   -14.98421718   7.99463499  -7.99233781
  -6.99431532  10.9912541   -2.99989459   2.99955741   2.99664757], Best Fitness = 15.720861612060222, Evaluations = 7584
Generation 238: Best Solution = [  5.99163289  -2.99771341 -14.98129036   7.99588946  -7.99326007
  -6.99834188  10.99347521  -2.99684162   2.99686826   2.99892304], Best Fitness = 15.721133744272205, Evaluations = 7616
Generation 239: Best Solution = [  5.99209748  -2.99633459 -14.98162933   7.99163303  -7.99247417
  -6.99725147  10.99255377  -3.00004944   2.99743997   2.99595588], Best Fitness = 15.720943157984827, Evaluations = 7648
Generation 240: Best Solution = [  5.99532893  -2.99651001 -14.98196706   7.9930173   -7.99027351
  -6.99362604  10.98722934  -2.99844446   2.99678182   3.00155778], Best Fitness = 15.72083867945919, Evaluations = 7680
Generation 241: Best Solution = [  5.99280742  -2.99369712 -14.98070524   7.99051863  -7.98856573
  -6.99375578  10.98612033  -3.0001798    2.99701071   2.99920301], Best Fitness = 15.720947148592542, Evaluations = 7712
Generation 242: Best Solution = [  5.99504018  -2.99541586 -14.98183856   7.99180727  -7.99190168
  -6.99245914  10.99283395  -2.99722069   2.99494533   2.99795212], Best Fitness = 15.720808528170092, Evaluations = 7744
Generation 243: Best Solution = [  5.99051481  -2.99294695 -14.98389418   7.99311035  -7.99150378
  -6.99351488  10.98647748  -2.99731953   3.00070776   2.99450636], Best Fitness = 15.720918068798726, Evaluations = 7776
Generation 244: Best Solution = [  5.99448474  -2.9948224  -14.98389616   7.9889463   -7.98871769
  -6.9936029   10.99222142  -2.99330227   2.99744834   2.99681594], Best Fitness = 15.720889523851781, Evaluations = 7808
Generation 245: Best Solution = [  5.99494183  -2.9947123  -14.98529036   7.99509566  -7.99069166
  -6.99843799  10.9884225   -2.99468795   2.99976971   2.99943763], Best Fitness = 15.721011133376654, Evaluations = 7840
Generation 246: Best Solution = [  5.99448228  -2.99792345 -14.9839805    7.99026399  -7.99452486
  -6.99262202  10.99030037  -2.99951842   2.99771166   2.99944567], Best Fitness = 15.720782866204008, Evaluations = 7872
Generation 247: Best Solution = [  5.99077998  -2.99393668 -14.97920432   7.98794334  -7.98790707
  -6.99585861  10.98861021  -2.99710787   2.99739346   2.99975754], Best Fitness = 15.721119200294448, Evaluations = 7904
Generation 248: Best Solution = [  5.99223913  -2.99899648 -14.98992      7.99493122  -7.98940279
  -6.9951233   10.98541954  -2.99728937   2.99290097   2.99738301], Best Fitness = 15.721081667447358, Evaluations = 7936
Generation 249: Best Solution = [  5.98913304  -2.99686194 -14.98238918   7.99460756  -7.99060806
  -6.99166466  10.98838582  -2.99817224   2.99455519   2.99609846], Best Fitness = 15.720865876252496, Evaluations = 7968
Generation 250: Best Solution = [  5.98989539  -3.00188942 -14.98500796   7.99087599  -7.99171767
  -6.99216284  10.98671386  -2.99835005   2.99518946   2.99347602], Best Fitness = 15.720958974480173, Evaluations = 8000
Generation 251: Best Solution = [  5.99173346  -3.00021303 -14.97939925   7.99277178  -7.99199646
  -6.99527565  10.99111993  -2.9957162    2.99948303   2.99781684], Best Fitness = 15.720968357435746, Evaluations = 8032
Generation 252: Best Solution = [  5.99167416  -3.00298675 -14.9814131    7.99099199  -7.99597384
  -6.99041103  10.98493252  -2.99685606   2.99504262   2.99923456], Best Fitness = 15.721148835882431, Evaluations = 8064
Generation 253: Best Solution = [  5.99296512  -2.99766521 -14.98305995   7.99275148  -7.99521336
  -6.99090279  10.9901703   -2.99255315   2.99447749   2.99119346], Best Fitness = 15.721054757045998, Evaluations = 8096
Generation 254: Best Solution = [  5.99245469  -2.99964918 -14.98468812   7.9916992   -7.99235284
  -6.99145555  10.98970973  -2.99191805   2.9965114    2.9915653 ], Best Fitness = 15.720982354676487, Evaluations = 8128
Generation 255: Best Solution = [  5.99369669  -2.99815538 -14.9876103    7.99404024  -7.98640333
  -6.99164474  10.98692506  -2.99913206   2.99463565   2.99554693], Best Fitness = 15.720956073150518, Evaluations = 8160
Generation 256: Best Solution = [  5.99685776  -2.99835179 -14.98890016   7.99079025  -7.99313925
  -6.99079995  10.98699559  -2.99671516   2.9976134    2.99686134], Best Fitness = 15.72084950560423, Evaluations = 8192
Generation 257: Best Solution = [  5.99211009  -2.9986387  -14.98940988   7.99053944  -7.99010505
  -6.99266844  10.99460372  -2.99821609   2.99986157   2.99612618], Best Fitness = 15.721066069747362, Evaluations = 8224
Generation 258: Best Solution = [  5.99361047  -2.99881447 -14.98219226   7.99066903  -7.98804269
  -6.99288671  10.98629603  -2.99663924   2.99921345   2.99590488], Best Fitness = 15.720815421756878, Evaluations = 8256
Generation 259: Best Solution = [  5.99615458  -2.99619204 -14.98358366   7.98991989  -7.99259954
  -6.98964081  10.98678027  -2.99451762   2.99788285   2.99436753], Best Fitness = 15.720825200680297, Evaluations = 8288
Generation 260: Best Solution = [  5.99304509  -2.99789743 -14.9800019    7.99098722  -7.99051823
  -6.99385331  10.98903655  -2.99390294   2.99957581   2.99454975], Best Fitness = 15.720875205318013, Evaluations = 8320
Generation 261: Best Solution = [  5.99924304  -3.00146259 -14.98376192   7.98858705  -7.99302967
  -6.99508944  10.98625324  -2.99510001   2.99622122   2.99601901], Best Fitness = 15.721046880551185, Evaluations = 8352
Generation 262: Best Solution = [  5.99656782  -3.00124195 -14.98842072   7.99240718  -7.99124729
  -6.99072832  10.98533101  -2.99637429   2.99587913   2.99605038], Best Fitness = 15.720949736740181, Evaluations = 8384
Generation 263: Best Solution = [  5.99571463  -3.00191701 -14.98519461   7.99347191  -7.98587322
  -6.99506207  10.98748059  -2.99170995   2.99694229   2.99676717], Best Fitness = 15.72116540299704, Evaluations = 8416
Generation 264: Best Solution = [  5.99373046  -2.99711209 -14.98073102   7.99414519  -7.98942328
  -6.99056258  10.98844155  -2.99295705   3.00183329   2.99969063], Best Fitness = 15.721043107476351, Evaluations = 8448
Generation 265: Best Solution = [  5.99326749  -2.99535471 -14.97946545   7.996027    -7.99248167
  -6.99507727  10.98892366  -2.99296188   2.99922317   3.00160996], Best Fitness = 15.72113851449694, Evaluations = 8480
Generation 266: Best Solution = [  5.99311811  -3.00166827 -14.98175678   7.99106582  -7.98911936
  -6.99617872  10.99119343  -2.99279799   2.99649019   2.9975214 ], Best Fitness = 15.721021784444648, Evaluations = 8512
Generation 267: Best Solution = [  5.98880868  -2.99169914 -14.98603221   7.99198578  -7.99498373
  -6.99340766  10.99103147  -2.99787974   2.99549908   2.99620205], Best Fitness = 15.721029502637222, Evaluations = 8544
Generation 268: Best Solution = [  5.99049674  -2.99795265 -14.97716697   7.99161638  -7.98922345
  -6.99245356  10.98944113  -2.996753     2.99753458   2.99681374], Best Fitness = 15.721012497271175, Evaluations = 8576
Generation 269: Best Solution = [  5.99340428  -2.99961162 -14.98257809   7.99244503  -7.99011675
  -6.99275471  10.98854002  -2.99687838   2.99526861   2.99699828], Best Fitness = 15.720717962751754, Evaluations = 8608
Generation 270: Best Solution = [  5.99229749  -3.00114276 -14.98451426   7.98845632  -7.98859461
  -6.99027287  10.98801103  -2.99614074   2.99573333   2.99847682], Best Fitness = 15.720903743570524, Evaluations = 8640
Generation 271: Best Solution = [  5.99197633  -2.9959115  -14.98557559   7.99376885  -7.98970629
  -6.99112038  10.99212482  -3.00131826   2.99265533   2.99480173], Best Fitness = 15.721007974930544, Evaluations = 8672
Generation 272: Best Solution = [  5.99024573  -2.99577861 -14.9844142    7.98823944  -7.99130001
  -6.99094469  10.9920703   -2.99441886   2.99853042   2.9966477 ], Best Fitness = 15.720896971270783, Evaluations = 8704
Generation 273: Best Solution = [  5.99342848  -3.00377044 -14.983999     7.99287644  -7.99124386
  -6.99026151  10.99113955  -2.99640107   2.99740696   2.99605971], Best Fitness = 15.720966654459849, Evaluations = 8736
Generation 274: Best Solution = [  5.99395393  -2.99782659 -14.98381117   7.99083937  -7.99293107
  -6.99249611  10.98401136  -2.99252482   2.99849095   2.99801361], Best Fitness = 15.720882565705319, Evaluations = 8768
Generation 275: Best Solution = [  5.99398143  -3.00051552 -14.98689435   7.99135573  -7.99423758
  -6.99246883  10.98625825  -2.99713264   2.99829217   2.99918244], Best Fitness = 15.720834953372588, Evaluations = 8800
Generation 276: Best Solution = [  5.99267853  -2.99393448 -14.9819677    7.99351157  -7.98971372
  -6.99390346  10.98424377  -3.00063126   2.99834387   2.99532165], Best Fitness = 15.720960577265316, Evaluations = 8832
Generation 277: Best Solution = [  5.99213585  -2.99600313 -14.97997207   7.99029104  -7.98915187
  -6.99340356  10.98451815  -2.9924736    2.99908189   2.99873904], Best Fitness = 15.721037654049724, Evaluations = 8864
Generation 278: Best Solution = [  5.99022564  -2.9957817  -14.98469363   7.99432113  -7.98953189
  -6.99288773  10.99157051  -2.995814     2.99916917   2.99465553], Best Fitness = 15.720873631806512, Evaluations = 8896
Generation 279: Best Solution = [  5.99720428  -2.9980913  -14.98443379   7.99639246  -7.98906015
  -6.98928761  10.99080812  -2.99385033   2.99897088   2.99632329], Best Fitness = 15.721018987911997, Evaluations = 8928
Generation 280: Best Solution = [  5.99276084  -2.99111161 -14.98077648   7.99165183  -7.99189273
  -6.99421928  10.9885726   -2.99895248   2.99725152   2.99486014], Best Fitness = 15.72094175122196, Evaluations = 8960
Generation 281: Best Solution = [  5.99189079  -2.99478981 -14.98388267   7.99252179  -7.99299916
  -6.99169219  10.98554984  -2.99559374   2.99238371   2.99675979], Best Fitness = 15.720858772957433, Evaluations = 8992
Generation 282: Best Solution = [  5.99253861  -2.99599241 -14.98424825   7.99106265  -7.99351294
  -6.98763143  10.98717094  -2.9960879    2.99237572   2.99509497], Best Fitness = 15.720941623804867, Evaluations = 9024
Generation 283: Best Solution = [  5.99571799  -2.99864545 -14.9834466    7.992516    -7.9922894
  -6.99094626  10.99104162  -2.99462758   2.99797656   3.00341599], Best Fitness = 15.72098715086536, Evaluations = 9056
Generation 284: Best Solution = [  5.9944527   -2.99993011 -14.98226508   7.99376609  -7.99590729
  -6.99183618  10.98634333  -2.99570368   3.00098678   2.99812152], Best Fitness = 15.720959928925973, Evaluations = 9088
Generation 285: Best Solution = [  5.99784973  -2.99875214 -14.98279096   7.992589    -7.99458986
  -6.99516735  10.98728609  -2.99478383   3.00034133   3.00188606], Best Fitness = 15.721060882353704, Evaluations = 9120
Generation 286: Best Solution = [  5.99545028  -2.99130667 -14.98361921   7.99036851  -7.99373413
  -6.99260855  10.98835539  -2.99979279   2.99612738   3.00266545], Best Fitness = 15.72107332161923, Evaluations = 9152
Generation 287: Best Solution = [  5.99669464  -2.99653581 -14.98293192   7.99277343  -7.99617615
  -6.99352237  10.99079292  -2.99637246   2.99906752   2.99528939], Best Fitness = 15.720869420278197, Evaluations = 9184
Generation 288: Best Solution = [  5.99014477  -3.00127967 -14.98098033   7.98870883  -7.99413381
  -6.99219414  10.98877662  -2.99989506   2.99787457   3.00097779], Best Fitness = 15.721090771543702, Evaluations = 9216
Generation 289: Best Solution = [  5.99579527  -2.99973591 -14.98555919   7.98988586  -7.99138078
  -6.99197362  10.9909316   -2.99327562   2.99500964   2.99872756], Best Fitness = 15.720858377768929, Evaluations = 9248
Generation 290: Best Solution = [  5.99967157  -2.99998514 -14.98638164   7.9934621   -7.99106695
  -6.99348356  10.99230067  -2.99678261   2.99790195   2.99849582], Best Fitness = 15.720999985665781, Evaluations = 9280
Generation 291: Best Solution = [  5.99325443  -2.99689441 -14.98891504   7.98998776  -7.99138319
  -6.99510096  10.98405388  -2.99212034   2.99580988   3.00105967], Best Fitness = 15.721115148003882, Evaluations = 9312
Generation 292: Best Solution = [  5.99113256  -2.99486658 -14.98588705   7.99552879  -7.99095835
  -6.9910853   10.98734429  -3.00240742   2.9997487    2.99711311], Best Fitness = 15.721011005805904, Evaluations = 9344
Generation 293: Best Solution = [  5.99842838  -2.99829819 -14.9881285    7.99034792  -7.99593822
  -6.99049235  10.9917812   -2.99402558   2.99295967   2.99620134], Best Fitness = 15.721144379540839, Evaluations = 9376
Generation 294: Best Solution = [  5.99318062  -2.99385334 -14.98353095   7.99456851  -7.98858339
  -6.98688114  10.98849132  -2.99611842   2.99559811   2.9991504 ], Best Fitness = 15.72100382528591, Evaluations = 9408
Generation 295: Best Solution = [  5.99657596  -2.9941369  -14.983918     7.99102261  -7.99187261
  -6.99818975  10.99217364  -2.99912516   2.99514493   2.9970923 ], Best Fitness = 15.720985868045204, Evaluations = 9440
Generation 296: Best Solution = [  5.99318854  -2.99138385 -14.99033248   7.98855724  -7.99294545
  -6.99475925  10.9901541   -2.99750337   2.99836483   2.99788056], Best Fitness = 15.721093782662543, Evaluations = 9472
Generation 297: Best Solution = [  5.9909711   -2.99532454 -14.98407604   7.99302897  -7.99126525
  -6.99383034  10.99080355  -2.99987107   3.00214082   2.99275019], Best Fitness = 15.72101495705623, Evaluations = 9504
Generation 298: Best Solution = [  5.99425704  -2.99722469 -14.98549029   7.98817783  -7.99378206
  -6.99133337  10.98901587  -2.99324711   2.99795884   2.99608421], Best Fitness = 15.720818510699557, Evaluations = 9536
Generation 299: Best Solution = [  5.99023702  -2.9949204  -14.9847993    7.99523707  -7.98851738
  -6.9928652   10.98898147  -2.99542244   2.99549168   3.00056631], Best Fitness = 15.72093403887424, Evaluations = 9568
Generation 300: Best Solution = [  5.99441364  -2.9941044  -14.9864625    7.98784044  -7.98989698
  -6.99336748  10.98569098  -3.00075873   2.99735824   2.99780581], Best Fitness = 15.720924837318307, Evaluations = 9600
Generation 301: Best Solution = [  5.98887653  -2.99662827 -14.98754739   7.99117808  -7.99115296
  -6.99031306  10.98838381  -2.99658442   2.99555992   2.99672153], Best Fitness = 15.720854804924, Evaluations = 9632
Generation 302: Best Solution = [  5.98990813  -2.99728443 -14.98484904   7.98897772  -7.9912046
  -6.99660618  10.98604245  -2.99995535   2.99415633   2.99774828], Best Fitness = 15.720960937824485, Evaluations = 9664
Generation 303: Best Solution = [  5.9936025   -2.99649087 -14.98664587   7.99441493  -7.98737353
  -6.99330279  10.98992278  -3.00143057   3.0019194    2.99706387], Best Fitness = 15.721052823188979, Evaluations = 9696
Generation 304: Best Solution = [  5.98959195  -2.99757225 -14.98286965   7.99174464  -7.98846593
  -6.99158062  10.99266781  -2.99705945   3.00011173   2.9990123 ], Best Fitness = 15.720970394193436, Evaluations = 9728
Generation 305: Best Solution = [  5.99250814  -2.99495836 -14.98394648   7.99133283  -7.9891648
  -6.99197962  10.98469098  -2.9997407    3.00163405   2.99833933], Best Fitness = 15.720953609194101, Evaluations = 9760
Generation 306: Best Solution = [  5.99440855  -2.993495   -14.98638338   7.99039933  -7.99156797
  -6.99402973  10.98976144  -3.0007486    2.99898789   2.99367504], Best Fitness = 15.720897017176481, Evaluations = 9792
Generation 307: Best Solution = [  5.99536984  -2.99093282 -14.98378519   7.99161867  -7.98879704
  -6.9936969   10.99152239  -3.00125165   2.99785519   2.99549112], Best Fitness = 15.721048299218513, Evaluations = 9824
Generation 308: Best Solution = [  5.9925855   -2.99586101 -14.98628293   7.99227367  -7.99013949
  -6.98904638  10.98550027  -2.99669426   2.99869112   2.99127607], Best Fitness = 15.720985835932742, Evaluations = 9856
Generation 309: Best Solution = [  5.99339844  -2.99698347 -14.98366415   7.98688615  -7.99553594
  -6.99065449  10.98745285  -2.99734719   2.99312048   2.99369523], Best Fitness = 15.720997712790147, Evaluations = 9888
Generation 310: Best Solution = [  5.99434684  -2.99782026 -14.98427135   7.99386311  -7.99205464
  -6.98817468  10.98704319  -2.99570149   2.99930079   2.99422165], Best Fitness = 15.720862152317075, Evaluations = 9920
Generation 311: Best Solution = [  5.99538325  -2.99516621 -14.99035865   7.99024953  -7.99373548
  -6.99409264  10.98785393  -2.99625196   2.99794299   2.99934312], Best Fitness = 15.720931865098656, Evaluations = 9952
Generation 312: Best Solution = [  5.99520296  -2.99783059 -14.98752347   7.98883366  -7.99020239
  -6.98987608  10.99198638  -2.99640475   2.99907943   2.99275327], Best Fitness = 15.720975910849113, Evaluations = 9984
Generation 313: Best Solution = [  5.99562977  -2.99592892 -14.98699797   7.98813736  -7.99407205
  -6.99475968  10.98752503  -3.00097575   2.99472768   2.99711   ], Best Fitness = 15.720927776538762, Evaluations = 10016
