Algorithm: Cross-Entropy Method
Objective Function: Sphere
Dimension: 10
Population Size: 64
Max Evaluations: 10000

Generation 1: Best Solution = [ 0.50834412 -0.76972108  4.87579808  0.57990862 -1.3916888  -0.18012713
  0.06315599  2.2281031   0.36507611 -2.62288557], Best Fitness = 38.91107010294309, Evaluations = 64
Generation 2: Best Solution = [ 2.05721673 -1.93700055  2.03876707 -0.69016349 -0.07107033  0.94997764
  0.24200877  0.4464855  -1.0516299  -1.30112155], Best Fitness = 16.58127738597143, Evaluations = 128
Generation 3: Best Solution = [ 1.40952165  0.71540945  1.87771796  1.10207821 -0.57873614  1.55642724
 -1.26336704  2.00962119 -0.80199139 -0.58291651], Best Fitness = 16.614019820810768, Evaluations = 192
Generation 4: Best Solution = [ 1.0171919  -0.55842267  1.32867073  0.06254758  0.80886791  1.2743765
 -0.52620335 -0.82483822 -1.811009    0.22175504], Best Fitness = 9.680273049514666, Evaluations = 256
Generation 5: Best Solution = [ 1.115211   -0.66435615  1.74140706  0.58244345  0.34727465  0.96613485
 -0.9819919   0.11975967 -1.18097296  0.38236923], Best Fitness = 8.63037361882824, Evaluations = 320
Generation 6: Best Solution = [ 0.89305756 -0.28587367  0.81604468  1.24263698  0.80416758  1.10546303
 -0.94541946  0.65590719 -1.01657497 -0.07468825], Best Fitness = 7.3211203472786295, Evaluations = 384
Generation 7: Best Solution = [ 1.48963955 -0.69173905  0.82271392  0.73198694  0.50808629  1.09130444
 -0.45561259  0.16674317 -0.87244324 -0.01708263], Best Fitness = 6.356124164869493, Evaluations = 448
Generation 8: Best Solution = [ 1.12760018 -0.56968226  0.71588751  1.06273621  0.67980575  1.07218128
 -0.50678043  0.19568147 -0.78759145 -0.11748078], Best Fitness = 5.778851413135606, Evaluations = 512
Generation 9: Best Solution = [ 1.1893656  -0.24479461  0.80079742  0.89881515  0.77462098  0.98856917
 -0.63796207  0.24893647 -0.9058942  -0.0919573 ], Best Fitness = 5.799032193463683, Evaluations = 576
Generation 10: Best Solution = [ 1.15489993 -0.36662508  0.82223304  0.84459052  0.69018681  1.06740732
 -0.57840054  0.33234468 -0.86206907  0.00476477], Best Fitness = 5.661510289667267, Evaluations = 640
Generation 11: Best Solution = [ 1.31283683 -0.28750273  0.64660962  0.8570167   0.63328024  0.9766151
 -0.47650913  0.3625824  -0.93164777 -0.07392638], Best Fitness = 5.545560519721799, Evaluations = 704
Generation 12: Best Solution = [ 1.22030864 -0.38829387  0.72013845  0.80646198  0.72042908  1.06021668
 -0.48715844  0.22794582 -0.88129672 -0.00391895], Best Fitness = 5.517965020696487, Evaluations = 768
Generation 13: Best Solution = [ 1.2705198  -0.37700913  0.73839958  0.77292446  0.66850207  0.98699611
 -0.53758564  0.22763295 -0.90275043 -0.00578586], Best Fitness = 5.475865844077273, Evaluations = 832
Generation 14: Best Solution = [ 1.24859538 -0.39178322  0.67008435  0.83452814  0.68218863  0.99111722
 -0.58794557  0.21624183 -0.85673112 -0.00830502], Best Fitness = 5.432127126528969, Evaluations = 896
Generation 15: Best Solution = [ 1.21405559 -0.40367012  0.72097118  0.83128163  0.68585997  0.97840828
 -0.57420666  0.21149614 -0.87399924 -0.00860784], Best Fitness = 5.413788443469331, Evaluations = 960
Generation 16: Best Solution = [ 1.22239412 -0.38644687  0.70544562  0.82606119  0.70256144  0.9612758
 -0.59502209  0.19395673 -0.86623321 -0.01046902], Best Fitness = 5.383403008783245, Evaluations = 1024
Generation 17: Best Solution = [ 1.23735958 -0.38787808  0.68495958  0.82126695  0.68498951  0.96404814
 -0.60542684  0.20086326 -0.86171273 -0.00516596], Best Fitness = 5.373219842703074, Evaluations = 1088
Generation 18: Best Solution = [ 1.19952997 -0.36980131  0.72525347  0.80373238  0.68849133  0.97397223
 -0.57471722  0.233536   -0.88553425  0.01487553], Best Fitness = 5.339476828221958, Evaluations = 1152
Generation 19: Best Solution = [ 1.22362212 -0.3713225   0.71076226  0.80090423  0.66244868  0.96419571
 -0.57074903  0.2297762  -0.89582543  0.00444735], Best Fitness = 5.331348222644804, Evaluations = 1216
Generation 20: Best Solution = [ 1.19707521 -0.34686637  0.68998722  0.7934403   0.68346927  0.97947327
 -0.59106732  0.2209318  -0.90423361  0.06162829], Best Fitness = 5.30504122666517, Evaluations = 1280
Generation 21: Best Solution = [ 1.23690784 -0.34783638  0.66622554  0.80651793  0.64175257  0.98529748
 -0.5679828   0.24795822 -0.87341375 -0.03182521], Best Fitness = 5.275868445645612, Evaluations = 1344
Generation 22: Best Solution = [ 1.21908417 -0.35171254  0.68561599  0.79521862  0.62419303  0.99043844
 -0.58282429  0.23882219 -0.87488399 -0.01470816], Best Fitness = 5.245253635642178, Evaluations = 1408
Generation 23: Best Solution = [ 1.21130124 -0.34528328  0.69057401  0.78672413  0.65918526  0.96239596
 -0.56695031  0.22633779 -0.89855464  0.01666189], Best Fitness = 5.223369240797375, Evaluations = 1472
Generation 24: Best Solution = [ 1.21393626 -0.34523447  0.684015    0.80115669  0.62515178  0.980146
 -0.58541773  0.22567246 -0.87751819 -0.00278044], Best Fitness = 5.217745460535079, Evaluations = 1536
Generation 25: Best Solution = [ 1.22714582 -0.349454    0.69066252  0.79998477  0.61471427  0.97027591
 -0.57790762  0.23023448 -0.85541144 -0.03051146], Best Fitness = 5.183949092704772, Evaluations = 1600
Generation 26: Best Solution = [ 1.22129658 -0.33532849  0.66949658  0.77765544  0.61246136  0.98074154
 -0.57980049  0.23461999 -0.88102817 -0.02069774], Best Fitness = 5.161801263990175, Evaluations = 1664
Generation 27: Best Solution = [ 1.22813454 -0.35408899  0.6797639   0.78265436  0.61130532  0.96445554
 -0.58669967  0.21691    -0.85928376 -0.01575266], Best Fitness = 5.142072141061633, Evaluations = 1728
Generation 28: Best Solution = [ 1.23157245 -0.34780943  0.68454118  0.78803404  0.60106073  0.97042902
 -0.5823658   0.21297038 -0.82993323 -0.01781275], Best Fitness = 5.1039556467352885, Evaluations = 1792
Generation 29: Best Solution = [ 1.23621546 -0.34445986  0.66974718  0.78744748  0.60062857  0.97490156
 -0.58355504  0.20652475 -0.82232064 -0.02820293], Best Fitness = 5.086899385549178, Evaluations = 1856
Generation 30: Best Solution = [ 1.21859169 -0.34488396  0.68915683  0.7882107   0.59395199  0.97398815
 -0.57675786  0.2143882  -0.82587036 -0.02182062], Best Fitness = 5.06270571801951, Evaluations = 1920
Generation 31: Best Solution = [ 1.22244033 -0.34398935  0.68008896  0.77645312  0.60707111  0.95856628
 -0.58180775  0.20797254 -0.83550045 -0.01633784], Best Fitness = 5.045554871982998, Evaluations = 1984
Generation 32: Best Solution = [ 1.22531067 -0.33199266  0.67814106  0.77604135  0.59505104  0.97730198
 -0.57286457  0.21142818 -0.81420617 -0.03034146], Best Fitness = 5.019653722375055, Evaluations = 2048
Generation 33: Best Solution = [ 1.22307634 -0.32781623  0.67746995  0.77532549  0.59875445  0.95511988
 -0.58119529  0.19688877 -0.8303708  -0.02444029], Best Fitness = 5.000901401195599, Evaluations = 2112
Generation 34: Best Solution = [ 1.20998298 -0.34129301  0.67254214  0.77715123  0.60622845  0.9582812
 -0.57813266  0.20819346 -0.83365195 -0.01443529], Best Fitness = 4.995398336814931, Evaluations = 2176
Generation 35: Best Solution = [ 1.20866985 -0.3347055   0.67003907  0.7681202   0.60969598  0.94883912
 -0.58205094  0.20541391 -0.83293946 -0.01562432], Best Fitness = 4.958906891187515, Evaluations = 2240
Generation 36: Best Solution = [ 1.20691092 -0.33610734  0.6671483   0.76540781  0.61615439  0.94399603
 -0.58303504  0.20176944 -0.82978236 -0.0206451 ], Best Fitness = 4.940918575485531, Evaluations = 2304
Generation 37: Best Solution = [ 1.2064414  -0.32558155  0.6542135   0.76908     0.60608916  0.95219763
 -0.57837623  0.20703106 -0.82701551 -0.0212751 ], Best Fitness = 4.916796147208184, Evaluations = 2368
Generation 38: Best Solution = [ 1.19917219 -0.33737178  0.65476834  0.76079161  0.60724815  0.95835849
 -0.56774717  0.21549064 -0.8259803  -0.03589375], Best Fitness = 4.898865292279494, Evaluations = 2432
Generation 39: Best Solution = [ 1.19328032 -0.33374123  0.65647161  0.7625081   0.59178036  0.97325094
 -0.56241844  0.21954038 -0.80884522 -0.03962865], Best Fitness = 4.865409606264511, Evaluations = 2496
Generation 40: Best Solution = [ 1.1902886  -0.33925899  0.6589853   0.76697126  0.59355735  0.963388
 -0.56634417  0.22417845 -0.80538827 -0.04640129], Best Fitness = 4.856621951441925, Evaluations = 2560
Generation 41: Best Solution = [ 1.19192713 -0.32301741  0.66189605  0.75558845  0.6001311   0.94603662
 -0.57883362  0.21159329 -0.81909791 -0.02404916], Best Fitness = 4.840513268038009, Evaluations = 2624
Generation 42: Best Solution = [ 1.18350269 -0.34047169  0.6513028   0.76387053  0.58284922  0.9603603
 -0.56839216  0.21571077 -0.8068713  -0.0364749 ], Best Fitness = 4.8082707540596195, Evaluations = 2688
Generation 43: Best Solution = [ 1.18410564 -0.3373682   0.65533204  0.75200864  0.59568723  0.95112176
 -0.56774544  0.21184031 -0.80161602 -0.04297353], Best Fitness = 4.7820226122309855, Evaluations = 2752
Generation 44: Best Solution = [ 1.17409196 -0.31185116  0.66313071  0.77395703  0.59014837  0.93642623
 -0.58777768  0.22619406 -0.79059787 -0.03271399], Best Fitness = 4.762425638905504, Evaluations = 2816
Generation 45: Best Solution = [ 1.17732095 -0.3187261   0.64967434  0.75820042  0.57911454  0.95430984
 -0.55376141  0.22633942 -0.79867699 -0.05474528], Best Fitness = 4.729459690746439, Evaluations = 2880
Generation 46: Best Solution = [ 1.17040731 -0.31897598  0.66122011  0.7678735   0.57683313  0.95261594
 -0.5626114   0.2204369  -0.78503484 -0.04165945], Best Fitness = 4.721793478885338, Evaluations = 2944
Generation 47: Best Solution = [ 1.15884735 -0.31861122  0.65830369  0.75804065  0.59920172  0.93232748
 -0.57144733  0.24136424 -0.78888571 -0.04393427], Best Fitness = 4.689786513976844, Evaluations = 3008
Generation 48: Best Solution = [ 1.15309441 -0.32496324  0.64998769  0.76439184  0.57884262  0.94248773
 -0.57201088  0.21302142 -0.78872358 -0.03473308], Best Fitness = 4.661214476021711, Evaluations = 3072
Generation 49: Best Solution = [ 1.1611632  -0.32457964  0.63531846  0.75144798  0.57716688  0.93891616
 -0.57447853  0.23086237 -0.78532964 -0.0485984 ], Best Fitness = 4.639068136554402, Evaluations = 3136
Generation 50: Best Solution = [ 1.15331891 -0.31373404  0.63385743  0.74511938  0.57965138  0.93283679
 -0.57381199  0.23698998 -0.78150306 -0.04486994], Best Fitness = 4.58991666852576, Evaluations = 3200
Generation 51: Best Solution = [ 1.15230471 -0.30596334  0.63280039  0.73651993  0.58125925  0.93705145
 -0.56251637  0.24874091 -0.77819856 -0.05096316], Best Fitness = 4.56673232991206, Evaluations = 3264
Generation 52: Best Solution = [ 1.14436008 -0.30685968  0.62811737  0.75849933  0.5738296   0.916539
 -0.60041934  0.23112229 -0.7544903  -0.04740408], Best Fitness = 4.528323338062116, Evaluations = 3328
Generation 53: Best Solution = [ 1.14426549 -0.29778292  0.63021428  0.74507809  0.5852658   0.91713068
 -0.57360131  0.24708433 -0.76352801 -0.04804332], Best Fitness = 4.509346651548486, Evaluations = 3392
Generation 54: Best Solution = [ 1.14286405 -0.30796226  0.6116736   0.73175847  0.58473635  0.93697857
 -0.57043269  0.25023881 -0.74922021 -0.08055409], Best Fitness = 4.486272286417431, Evaluations = 3456
Generation 55: Best Solution = [ 1.13260252 -0.30737505  0.61909039  0.73619225  0.58139761  0.92521764
 -0.5710996   0.25272604 -0.75342834 -0.06266799], Best Fitness = 4.458177433452751, Evaluations = 3520
Generation 56: Best Solution = [ 1.13800201 -0.30835234  0.6231912   0.73275287  0.57912817  0.92420168
 -0.5587735   0.24207461 -0.75348322 -0.0593448 ], Best Fitness = 4.447048690556656, Evaluations = 3584
Generation 57: Best Solution = [ 1.13780044 -0.28808293  0.61810253  0.74892145  0.57945144  0.89149216
 -0.57656657  0.24804315 -0.76460257 -0.03775821], Best Fitness = 4.4310351101352765, Evaluations = 3648
Generation 58: Best Solution = [ 1.12310865 -0.30722009  0.62223818  0.72993555  0.57998891  0.92514234
 -0.56494345  0.25882542 -0.74402483 -0.06159524], Best Fitness = 4.411537599180851, Evaluations = 3712
Generation 59: Best Solution = [ 1.1374635  -0.31006223  0.60636555  0.71922622  0.57105284  0.93143547
 -0.55984472  0.25412767 -0.73238664 -0.08143244], Best Fitness = 4.389629143364593, Evaluations = 3776
Generation 60: Best Solution = [ 1.12146998 -0.30676704  0.6085344   0.73631381  0.57973682  0.90830585
 -0.57084853  0.24133375 -0.74638096 -0.05237543], Best Fitness = 4.369325129781004, Evaluations = 3840
Generation 61: Best Solution = [ 1.1333612  -0.30232302  0.61675292  0.70939754  0.56886725  0.91625786
 -0.55583401  0.25698896 -0.73674699 -0.06552159], Best Fitness = 4.34475825041095, Evaluations = 3904
Generation 62: Best Solution = [ 1.12388287 -0.30865554  0.61533731  0.70750345  0.56606608  0.92795466
 -0.55601867  0.26329078 -0.72511456 -0.07718826], Best Fitness = 4.329340701478521, Evaluations = 3968
Generation 63: Best Solution = [ 1.12824356 -0.31496599  0.60498715  0.7156803   0.55926565  0.90997272
 -0.56079622  0.26203324 -0.72638893 -0.06088715], Best Fitness = 4.305675207953308, Evaluations = 4032
Generation 64: Best Solution = [ 1.13005431 -0.31268814  0.6074617   0.70587654  0.55036311  0.90496457
 -0.54473189  0.26774514 -0.72848181 -0.07573959], Best Fitness = 4.26877098479968, Evaluations = 4096
Generation 65: Best Solution = [ 1.12028111 -0.30514756  0.61393183  0.70103915  0.55408264  0.89504894
 -0.56380448  0.25839737 -0.72241285 -0.06979915], Best Fitness = 4.23603010267523, Evaluations = 4160
Generation 66: Best Solution = [ 1.11523046 -0.30857704  0.61080837  0.70313165  0.54682238  0.91285397
 -0.54505122  0.26574913 -0.71327063 -0.07008263], Best Fitness = 4.220126825720822, Evaluations = 4224
Generation 67: Best Solution = [ 1.12549153 -0.30084794  0.59478679  0.68841595  0.55687491  0.89367371
 -0.56271019  0.25464038 -0.72350332 -0.06109166], Best Fitness = 4.202364629270046, Evaluations = 4288
Generation 68: Best Solution = [ 1.1227202  -0.29271541  0.60276018  0.68120639  0.56145864  0.90307521
 -0.55818727  0.2607811  -0.71054401 -0.07147271], Best Fitness = 4.193886519041562, Evaluations = 4352
Generation 69: Best Solution = [ 1.1170354  -0.30453296  0.60392933  0.6945791   0.53786241  0.89564019
 -0.55187911  0.26881366 -0.71515172 -0.06386161], Best Fitness = 4.171498110635084, Evaluations = 4416
Generation 70: Best Solution = [ 1.11028281 -0.29714158  0.60248413  0.6849493   0.54710732  0.89734598
 -0.55154904  0.25270894 -0.7203809  -0.06863035], Best Fitness = 4.149446857392712, Evaluations = 4480
Generation 71: Best Solution = [ 1.11022674 -0.30422767  0.59851332  0.68950642  0.54949481  0.88553208
 -0.55587158  0.25732831 -0.71257966 -0.06763059], Best Fitness = 4.132461535852112, Evaluations = 4544
Generation 72: Best Solution = [ 1.10521811 -0.29327807  0.60030145  0.68419006  0.54955847  0.89618432
 -0.54619046  0.26720712 -0.7048227  -0.05655053], Best Fitness = 4.110854486067822, Evaluations = 4608
Generation 73: Best Solution = [ 1.11519319 -0.28508881  0.60320435  0.68765686  0.53921843  0.89931881
 -0.5264548   0.27520772 -0.69300988 -0.06749527], Best Fitness = 4.098902031984374, Evaluations = 4672
Generation 74: Best Solution = [ 1.11679382 -0.30038317  0.57828545  0.67064452  0.53639186  0.88854463
 -0.56342618  0.26272377 -0.69649407 -0.06979675], Best Fitness = 4.07531284369916, Evaluations = 4736
Generation 75: Best Solution = [ 1.09018866 -0.30040895  0.59891974  0.68058973  0.54411691  0.87115417
 -0.55492121  0.25106863 -0.71573525 -0.06541781], Best Fitness = 4.043166312777742, Evaluations = 4800
Generation 76: Best Solution = [ 1.10006968 -0.3018861   0.57551481  0.67285203  0.53289239  0.87628635
 -0.56602844  0.25204399 -0.70740704 -0.07760497], Best Fitness = 4.027449350785229, Evaluations = 4864
Generation 77: Best Solution = [ 1.08897489 -0.30241908  0.57690664  0.67565576  0.52846292  0.86980535
 -0.56278012  0.25690376 -0.71360207 -0.0703658 ], Best Fitness = 3.9993902617422914, Evaluations = 4928
Generation 78: Best Solution = [ 1.09928439 -0.28717335  0.56945214  0.66603159  0.52571936  0.88346163
 -0.55528146  0.25736816 -0.69822552 -0.07819646], Best Fitness = 3.98386323900674, Evaluations = 4992
Generation 79: Best Solution = [ 1.08984634 -0.29828676  0.58767764  0.67488327  0.53279842  0.86239704
 -0.5523765   0.25543525 -0.70065364 -0.07605558], Best Fitness = 3.9722422245451754, Evaluations = 5056
Generation 80: Best Solution = [ 1.09609109 -0.28637982  0.58080235  0.67644901  0.51724969  0.86463377
 -0.55315249  0.25228798 -0.69436787 -0.07933908], Best Fitness = 3.951550855741545, Evaluations = 5120
Generation 81: Best Solution = [ 1.08006314 -0.29483413  0.57525648  0.68001094  0.52772849  0.85793069
 -0.55885547  0.25689707 -0.69951969 -0.07785689], Best Fitness = 3.935045892923954, Evaluations = 5184
Generation 82: Best Solution = [ 1.0666679  -0.3003636   0.56723333  0.68611023  0.52113116  0.85449794
 -0.56867016  0.24339405 -0.70971457 -0.06256591], Best Fitness = 3.9124796796226473, Evaluations = 5248
Generation 83: Best Solution = [ 1.07472087 -0.28864254  0.5646078   0.67973122  0.5137784   0.86120335
 -0.55414462  0.23966108 -0.70898732 -0.0643443 ], Best Fitness = 3.8961123198104377, Evaluations = 5312
Generation 84: Best Solution = [ 1.06009274 -0.31159368  0.56914829  0.69021679  0.52296163  0.84975671
 -0.56271999  0.23213552 -0.69243556 -0.07652233], Best Fitness = 3.872654934168259, Evaluations = 5376
Generation 85: Best Solution = [ 1.05732163 -0.30522498  0.56962154  0.69040924  0.51616708  0.84362001
 -0.57030058  0.24619897 -0.68941527 -0.07116615], Best Fitness = 3.8565628179212164, Evaluations = 5440
Generation 86: Best Solution = [ 1.06094374 -0.31383573  0.56164598  0.67606115  0.50839218  0.83711975
 -0.56754911  0.24381675 -0.69360784 -0.06336519], Best Fitness = 3.822497042565467, Evaluations = 5504
Generation 87: Best Solution = [ 1.05311529 -0.30730696  0.56811764  0.68566569  0.5092223   0.8302921
 -0.5697849   0.2440273  -0.6989337  -0.05930726], Best Fitness = 3.821306607722892, Evaluations = 5568
Generation 88: Best Solution = [ 1.04418236 -0.31734067  0.57454783  0.6751417   0.52653956  0.82488615
 -0.56737364  0.24776597 -0.69376978 -0.0550359 ], Best Fitness = 3.8022707679718213, Evaluations = 5632
Generation 89: Best Solution = [ 1.04905801 -0.31555369  0.56775475  0.66720949  0.52737603  0.82754565
 -0.554415    0.24576918 -0.69429757 -0.04654952], Best Fitness = 3.7825625327721397, Evaluations = 5696
Generation 90: Best Solution = [ 1.0574752  -0.30148678  0.57688219  0.67189659  0.51706569  0.82049145
 -0.54503982  0.24704577 -0.675115   -0.07098528], Best Fitness = 3.7528685015325656, Evaluations = 5760
Generation 91: Best Solution = [ 1.05098026 -0.31349929  0.56536324  0.65974742  0.5164545   0.81798304
 -0.5609072   0.23473619 -0.68378019 -0.0529143 ], Best Fitness = 3.7336382742609606, Evaluations = 5824
Generation 92: Best Solution = [ 1.04269908 -0.30495954  0.56521966  0.67355192  0.50842964  0.83607874
 -0.54140355  0.23302157 -0.6770918  -0.06473104], Best Fitness = 3.720955762617554, Evaluations = 5888
Generation 93: Best Solution = [ 1.03828183 -0.31161316  0.5670001   0.66350065  0.51575569  0.818804
 -0.55151474  0.23184142 -0.68151066 -0.06099231], Best Fitness = 3.699393869580875, Evaluations = 5952
Generation 94: Best Solution = [ 1.02770201 -0.29309744  0.5644851   0.66581854  0.51208632  0.83116038
 -0.53540184  0.23221913 -0.68458713 -0.0616121 ], Best Fitness = 3.6701316960692147, Evaluations = 6016
Generation 95: Best Solution = [ 1.03559101 -0.30917266  0.55598032  0.65571933  0.50865898  0.81906197
 -0.54115705  0.22857076 -0.67883389 -0.0761053 ], Best Fitness = 3.6484179219535227, Evaluations = 6080
Generation 96: Best Solution = [ 1.03037692 -0.29871938  0.56242855  0.65611139  0.50609236  0.82220354
 -0.53500283  0.22294474 -0.68126237 -0.06474279], Best Fitness = 3.6341084731684683, Evaluations = 6144
Generation 97: Best Solution = [ 1.02858449 -0.30190284  0.55775762  0.6632458   0.50092419  0.81887051
 -0.53045889  0.20813823 -0.67832635 -0.07191845], Best Fitness = 3.6116009608862254, Evaluations = 6208
Generation 98: Best Solution = [ 1.02158773 -0.30510246  0.55334865  0.65699758  0.48889957  0.83437188
 -0.52206077  0.20593701 -0.67906644 -0.07280714], Best Fitness = 3.5911583902487463, Evaluations = 6272
Generation 99: Best Solution = [ 1.01827619 -0.29791559  0.55701527  0.6457282   0.50131939  0.81865144
 -0.52644952  0.20970953 -0.68641282 -0.06550291], Best Fitness = 3.570962700378631, Evaluations = 6336
Generation 100: Best Solution = [ 1.01419815 -0.28873003  0.54445726  0.66256394  0.50438041  0.81899493
 -0.52839281  0.2176037  -0.6687852  -0.0786443 ], Best Fitness = 3.5525487933221425, Evaluations = 6400
Generation 101: Best Solution = [ 0.9926821  -0.28720092  0.55434425  0.64781998  0.51986351  0.81021622
 -0.53704195  0.22832237 -0.68537794 -0.04613647], Best Fitness = 3.5339954425485756, Evaluations = 6464
Generation 102: Best Solution = [ 1.00006372 -0.29082684  0.54930852  0.657027    0.50746007  0.79317648
 -0.54571288  0.23663523 -0.67794761 -0.04872627], Best Fitness = 3.520562664105892, Evaluations = 6528
Generation 103: Best Solution = [ 0.98811733 -0.28982609  0.54812115  0.65739424  0.50690815  0.80835954
 -0.52716611  0.22417845 -0.67880627 -0.05700592], Best Fitness = 3.4955677183042186, Evaluations = 6592
Generation 104: Best Solution = [ 0.99680452 -0.2699006   0.53784499  0.65478464  0.51018683  0.79822684
 -0.51499162  0.23609903 -0.68512873 -0.06935708], Best Fitness = 3.477113333384106, Evaluations = 6656
Generation 105: Best Solution = [ 0.9850733  -0.28111848  0.54633422  0.65147704  0.5102944   0.80130541
 -0.5165503   0.22688143 -0.67870188 -0.05746832], Best Fitness = 3.4570294132021613, Evaluations = 6720
Generation 106: Best Solution = [ 0.98941993 -0.28613205  0.54045541  0.65222748  0.50501892  0.79045204
 -0.52062328  0.23617418 -0.66962603 -0.06873211], Best Fitness = 3.4381245910796054, Evaluations = 6784
Generation 107: Best Solution = [ 0.9766476  -0.29171636  0.54785251  0.64789198  0.49480925  0.80362126
 -0.51048216  0.22393795 -0.67291227 -0.04521243], Best Fitness = 3.415084015924132, Evaluations = 6848
Generation 108: Best Solution = [ 0.9892847  -0.28950824  0.53198669  0.64226018  0.49902826  0.79061149
 -0.51846632  0.22774715 -0.67015752 -0.048026  ], Best Fitness = 3.4041966320383072, Evaluations = 6912
Generation 109: Best Solution = [ 0.98514425 -0.28710123  0.52309605  0.65011545  0.49754406  0.77537854
 -0.52710207  0.23327719 -0.67406029 -0.05252359], Best Fitness = 3.3873486966462556, Evaluations = 6976
Generation 110: Best Solution = [ 0.97992411 -0.28079289  0.53975096  0.64170333  0.49692255  0.77888985
 -0.51240903  0.22804497 -0.67130564 -0.03379383], Best Fitness = 3.362172383488041, Evaluations = 7040
Generation 111: Best Solution = [ 0.99580814 -0.27980663  0.52303703  0.63594891  0.48646102  0.76495407
 -0.50036377  0.23330854 -0.67346062 -0.06265681], Best Fitness = 3.3319952487830364, Evaluations = 7104
Generation 112: Best Solution = [ 0.98209995 -0.28034196  0.52942962  0.63092181  0.48895897  0.7720561
 -0.49585165  0.23412171 -0.67768103 -0.03705853], Best Fitness = 3.3179282445652096, Evaluations = 7168
Generation 113: Best Solution = [ 0.96792092 -0.29167652  0.51584748  0.63322579  0.49098345  0.77165288
 -0.51464883  0.23285202 -0.66705988 -0.04195703], Best Fitness = 3.2913452965187715, Evaluations = 7232
Generation 114: Best Solution = [ 0.96753174 -0.26193112  0.53618567  0.61431311  0.49106171  0.77546375
 -0.4974771   0.23475955 -0.6777787  -0.05666476], Best Fitness = 3.27727724952206, Evaluations = 7296
Generation 115: Best Solution = [ 0.96640312 -0.29150774  0.52166021  0.62209737  0.48583785  0.74886691
 -0.50517682  0.24345577 -0.67946063 -0.03403327], Best Fitness = 3.25218567507588, Evaluations = 7360
Generation 116: Best Solution = [ 0.971881   -0.27499621  0.518642    0.60825506  0.49228013  0.7606586
 -0.49861701  0.23325197 -0.67014925 -0.06611821], Best Fitness = 3.2365775857531474, Evaluations = 7424
Generation 117: Best Solution = [ 0.96027583 -0.26410174  0.51716423  0.63142207  0.48730876  0.75507583
 -0.49320532  0.23082571 -0.67617416 -0.06152904], Best Fitness = 3.2231707156151286, Evaluations = 7488
Generation 118: Best Solution = [ 0.96148664 -0.26339775  0.52126632  0.61276733  0.48948957  0.74952698
 -0.49551007  0.22745829 -0.67537285 -0.07125011], Best Fitness = 3.200900624687228, Evaluations = 7552
Generation 119: Best Solution = [ 0.96627617 -0.28723861  0.53514859  0.59966     0.48874695  0.73989203
 -0.49944499  0.23314421 -0.6539047  -0.04466438], Best Fitness = 3.181873375070542, Evaluations = 7616
Generation 120: Best Solution = [ 0.96794756 -0.27099414  0.52187454  0.59708701  0.48627145  0.75569241
 -0.4889684   0.23409149 -0.65086355 -0.08355429], Best Fitness = 3.171250782206026, Evaluations = 7680
Generation 121: Best Solution = [ 0.96934687 -0.28172612  0.51613087  0.61880985  0.49573472  0.72396521
 -0.49732595  0.24284765 -0.63719565 -0.07226525], Best Fitness = 3.155746834029904, Evaluations = 7744
Generation 122: Best Solution = [ 0.97282494 -0.24767402  0.53576319  0.57550023  0.49004643  0.75851432
 -0.47043571  0.21617696 -0.64557902 -0.09611087], Best Fitness = 3.1355147797421217, Evaluations = 7808
Generation 123: Best Solution = [ 0.97225618 -0.25866782  0.52364183  0.58650055  0.48598118  0.74239337
 -0.48064662  0.23033432 -0.64364825 -0.07023715], Best Fitness = 3.120991805252458, Evaluations = 7872
Generation 124: Best Solution = [ 0.9429062  -0.24751259  0.50813414  0.60735478  0.4854301   0.74141621
 -0.48843482  0.21666552 -0.6744136  -0.07980393], Best Fitness = 3.1094699831560306, Evaluations = 7936
Generation 125: Best Solution = [ 0.95348224 -0.25027437  0.53910869  0.57318421  0.4806863   0.74953624
 -0.46467567  0.21141295 -0.65458582 -0.09571287], Best Fitness = 3.0820703135305485, Evaluations = 8000
Generation 126: Best Solution = [ 0.94649742 -0.24237489  0.54634106  0.55439412  0.48224822  0.74606451
 -0.463162    0.20321314 -0.66322837 -0.09393213], Best Fitness = 3.0541296839608125, Evaluations = 8064
Generation 127: Best Solution = [ 0.95247594 -0.23836226  0.52858749  0.56411517  0.48390238  0.74001116
 -0.47120104  0.22385798 -0.64761783 -0.08250286], Best Fitness = 3.041794060739181, Evaluations = 8128
Generation 128: Best Solution = [ 0.9442401  -0.25158435  0.51996148  0.56720192  0.49130325  0.74747247
 -0.46751078  0.21798859 -0.63662242 -0.0827917 ], Best Fitness = 3.0252839081233693, Evaluations = 8192
Generation 129: Best Solution = [ 0.94376552 -0.25629863  0.5164511   0.58461082  0.4717781   0.73291158
 -0.47060471  0.21094587 -0.63670154 -0.08362623], Best Fitness = 3.0029570015254734, Evaluations = 8256
Generation 130: Best Solution = [ 0.93747682 -0.26786088  0.50263645  0.59168406  0.48195585  0.72918927
 -0.471016    0.21541617 -0.62271502 -0.08326085], Best Fitness = 2.980310666354412, Evaluations = 8320
Generation 131: Best Solution = [ 0.93087761 -0.2528852   0.50270056  0.59704892  0.47054034  0.7260558
 -0.47484593  0.21600296 -0.62841621 -0.07446499], Best Fitness = 2.9608124653952133, Evaluations = 8384
Generation 132: Best Solution = [ 0.94301939 -0.2404857   0.51096475  0.57107563  0.46808378  0.71220525
 -0.46568349  0.21681609 -0.64307741 -0.07528489], Best Fitness = 2.943756716237649, Evaluations = 8448
Generation 133: Best Solution = [ 0.9330777  -0.25507352  0.50028893  0.59689244  0.46457347  0.71445961
 -0.47348928  0.21595874 -0.62394183 -0.07563115], Best Fitness = 2.9344008884751234, Evaluations = 8512
Generation 134: Best Solution = [ 0.92836307 -0.24141444  0.50696036  0.56943101  0.48356008  0.7112309
 -0.45998791  0.2192649  -0.63895515 -0.07533607], Best Fitness = 2.914684329318548, Evaluations = 8576
Generation 135: Best Solution = [ 0.92051204 -0.24540589  0.50623112  0.58205904  0.45300594  0.71925176
 -0.47796626  0.2081598  -0.62962202 -0.07505165], Best Fitness = 2.899005510659268, Evaluations = 8640
Generation 136: Best Solution = [ 0.93051778 -0.22883844  0.51192865  0.56226758  0.45968546  0.70531182
 -0.46722275  0.20064904 -0.63782706 -0.08803583], Best Fitness = 2.8783524305333326, Evaluations = 8704
Generation 137: Best Solution = [ 0.91117837 -0.23292067  0.5156325   0.5644955   0.45722611  0.71983705
 -0.46928825  0.20271394 -0.62502126 -0.08891789], Best Fitness = 2.8561335724284653, Evaluations = 8768
Generation 138: Best Solution = [ 0.91095479 -0.23919297  0.49982703  0.57656681  0.46168894  0.70683985
 -0.46349449  0.19132628 -0.63440043 -0.08708039], Best Fitness = 2.8435672948475696, Evaluations = 8832
Generation 139: Best Solution = [ 0.90510394 -0.23503317  0.52078956  0.56077327  0.45904879  0.7112781
 -0.46099562  0.20116341 -0.62677582 -0.08564898], Best Fitness = 2.829951837653326, Evaluations = 8896
Generation 140: Best Solution = [ 0.90244779 -0.25575047  0.50777626  0.56720755  0.4615873   0.72054184
 -0.44133943  0.20150116 -0.60985359 -0.08585967], Best Fitness = 2.806301321209062, Evaluations = 8960
Generation 141: Best Solution = [ 0.89709232 -0.24823642  0.51448749  0.56681851  0.45530552  0.71974127
 -0.43496939  0.19210153 -0.60958004 -0.09310879], Best Fitness = 2.7840656090095854, Evaluations = 9024
Generation 142: Best Solution = [ 0.90758306 -0.2373284   0.50880469  0.55801316  0.44820232  0.69786192
 -0.4537295   0.20715984 -0.61803958 -0.0707583 ], Best Fitness = 2.773954576917696, Evaluations = 9088
Generation 143: Best Solution = [ 0.90020756 -0.23600657  0.51176551  0.56710425  0.4382484   0.69246055
 -0.45405767  0.20287894 -0.61350718 -0.08125831], Best Fitness = 2.751469402420278, Evaluations = 9152
Generation 144: Best Solution = [ 0.90688821 -0.23168082  0.5033582   0.55937835  0.44727917  0.67342714
 -0.46562532  0.19911513 -0.61575047 -0.0809054 ], Best Fitness = 2.7381067018177774, Evaluations = 9216
Generation 145: Best Solution = [ 0.89655886 -0.23950093  0.49627017  0.56418715  0.44106953  0.68489865
 -0.46328256  0.19212897 -0.61202655 -0.08708924], Best Fitness = 2.7231035177319036, Evaluations = 9280
Generation 146: Best Solution = [ 0.90113569 -0.2373404   0.49550621  0.5598916   0.44321713  0.66929429
 -0.46421771  0.18918638 -0.61550388 -0.08424291], Best Fitness = 2.709008744056477, Evaluations = 9344
Generation 147: Best Solution = [ 0.89083382 -0.24180463  0.49023679  0.54830714  0.44363487  0.67849437
 -0.46525354  0.1916401  -0.60851379 -0.10100733], Best Fitness = 2.6838720212553997, Evaluations = 9408
Generation 148: Best Solution = [ 0.88073882 -0.24936138  0.4940462   0.55145164  0.45264291  0.68723194
 -0.45023785  0.18189459 -0.60286011 -0.09271922], Best Fitness = 2.6710727941800543, Evaluations = 9472
Generation 149: Best Solution = [ 0.88022986 -0.24257909  0.48794216  0.55321496  0.44161431  0.68964048
 -0.44007272  0.19657091 -0.59739221 -0.10041742], Best Fitness = 2.64767599223979, Evaluations = 9536
Generation 150: Best Solution = [ 0.89505678 -0.23122666  0.49656228  0.53704486  0.43616938  0.66929793
 -0.45482951  0.19936538 -0.59451894 -0.09737943], Best Fitness = 2.6373390957019187, Evaluations = 9600
Generation 151: Best Solution = [ 0.85981721 -0.25470422  0.4800577   0.53516459  0.45154279  0.69024687
 -0.44798597  0.1783848  -0.60012036 -0.11472707], Best Fitness = 2.607167363754614, Evaluations = 9664
Generation 152: Best Solution = [ 0.88097521 -0.22990122  0.5043086   0.53426297  0.43147714  0.67622435
 -0.44467524  0.1817046  -0.59264675 -0.09860741], Best Fitness = 2.6038940887213236, Evaluations = 9728
Generation 153: Best Solution = [ 0.87888943 -0.21561254  0.47774379  0.52599327  0.44391494  0.66813011
 -0.45817564  0.20351195 -0.59002235 -0.11937464], Best Fitness = 2.5810204664406324, Evaluations = 9792
Generation 154: Best Solution = [ 0.87065258 -0.23448261  0.46177793  0.53033283  0.4529921   0.6695307
 -0.44806403  0.19895057 -0.5954698  -0.1038194 ], Best Fitness = 2.566688426600432, Evaluations = 9856
Generation 155: Best Solution = [ 0.86616655 -0.22746067  0.47186596  0.53549551  0.44224849  0.67151019
 -0.44806909  0.19789806 -0.58725273 -0.11532246], Best Fitness = 2.55600003248899, Evaluations = 9920
Generation 156: Best Solution = [ 0.86926037 -0.21996926  0.4650215   0.53208356  0.44394113  0.66482193
 -0.44587446  0.20556125 -0.58319722 -0.11972336], Best Fitness = 2.5379420390200793, Evaluations = 9984
Generation 157: Best Solution = [ 0.86487981 -0.229734    0.47222045  0.52871706  0.42851306  0.66252067
 -0.44653151  0.20709216 -0.57795623 -0.10462833], Best Fitness = 2.5131438175523644, Evaluations = 10048
