Algorithm: Cross-Entropy Method
Objective Function: Griewank
Dimension: 10
Population Size: 128
Max Evaluations: 10000

Generation 1: Best Solution = [ -81.33099948   87.12967421  133.88973609   -9.26310847 -486.47425892
 -345.07224066  164.99244854 -178.38076138  -49.99574413  -32.19592716], Best Fitness = 113.63034426523487, Evaluations = 128
Generation 2: Best Solution = [-176.31669247  119.2803495   135.39705111  127.13968479  -60.96887584
 -131.27170879   86.13442683   99.54983693   94.3306976  -295.15791805], Best Fitness = 54.588008405889674, Evaluations = 256
Generation 3: Best Solution = [-1.11544162e+02  5.87120388e+01  4.10136027e+01  7.03414818e+01
 -1.38078050e+02 -2.52361514e+02 -2.26670395e-01  7.30663678e+00
  1.72756968e+02 -3.01612110e+01], Best Fitness = 35.02001897420706, Evaluations = 384
Generation 4: Best Solution = [-139.70215119   52.55267505  179.76857661 -145.74338779   16.66682575
 -131.8266479     9.64845662  -72.11046312   -7.54830578   47.00798293], Best Fitness = 26.25221076134245, Evaluations = 512
Generation 5: Best Solution = [ -97.96456346  -23.36708446   14.23336055  -57.94014363   51.55768959
 -116.61884946  123.33280535  -67.79808186  -85.86595924   10.19710879], Best Fitness = 15.333176500599377, Evaluations = 640
Generation 6: Best Solution = [ -10.57826145  -50.77676403   37.89224992   13.1044528   -14.85854467
 -175.25675614   61.15346415  -63.20762371  -46.34733207   14.68868145], Best Fitness = 12.331436798184626, Evaluations = 768
Generation 7: Best Solution = [-88.37198642  28.13085222  55.93351358 -14.90035804  37.67447758
 -97.81880595  10.66184905 -87.40869342 -52.62292484  -3.04322675], Best Fitness = 9.3703888297351, Evaluations = 896
Generation 8: Best Solution = [ -28.5418847    -2.32486996   65.83790054   14.88596174   46.12521031
 -114.16455682   55.56099094  -27.25986484  -14.92717289   -4.0592558 ], Best Fitness = 7.151502638478962, Evaluations = 1024
Generation 9: Best Solution = [ -25.14798381  -18.49566256   50.73882045  -20.53021832   46.32970562
 -112.92290275   22.85549057  -59.14581103    3.86361715   28.12019061], Best Fitness = 6.927420532999876, Evaluations = 1152
Generation 10: Best Solution = [ -34.86058432  -18.89138365   62.64883906  -25.95276469    7.09786122
 -102.03183561   29.7062127   -26.58635271   24.91074203   15.82782906], Best Fitness = 5.773462219054052, Evaluations = 1280
Generation 11: Best Solution = [-32.17410188 -12.86049972  59.66764066  -3.18412491  22.70351055
 -99.13000725  15.58176751 -51.36089151  24.70670024  -1.98956994], Best Fitness = 5.649899573232965, Evaluations = 1408
Generation 12: Best Solution = [-55.60565704 -15.14026877  63.55151921 -12.59003901  18.13986475
 -81.46946594  21.09571542 -45.86348975  16.05874015   9.27885574], Best Fitness = 5.343953712564148, Evaluations = 1536
Generation 13: Best Solution = [-46.62726328  -9.89619923  67.38397433 -17.67321033  18.99062157
 -84.55110815   6.43016309 -42.09033712  13.78405784   7.93481913], Best Fitness = 5.169381877221476, Evaluations = 1664
Generation 14: Best Solution = [-45.89386538 -15.38291981  56.58002917 -12.34731154  15.34265023
 -87.42160469  11.79157846 -48.32169976   2.46472871  11.83076871], Best Fitness = 5.048539719041102, Evaluations = 1792
Generation 15: Best Solution = [-33.53094708 -15.41546602  56.82726169 -26.12254231  21.74068988
 -89.91318624  14.44338232 -36.7906418   -5.590722    17.7834368 ], Best Fitness = 4.934538544595117, Evaluations = 1920
Generation 16: Best Solution = [-36.40928212 -19.32906284  62.98867831 -17.72084806  23.02819945
 -83.46754284  13.82375768 -40.02251093   4.51204258  11.15552538], Best Fitness = 4.853925863797274, Evaluations = 2048
Generation 17: Best Solution = [-33.59219055 -17.55233515  61.73997822 -14.11947609  26.06456572
 -83.40406542  18.3545488  -43.88668083   6.15611954   7.98987064], Best Fitness = 4.832581785742553, Evaluations = 2176
Generation 18: Best Solution = [-41.5668334  -16.64828228  58.89847881 -13.9263003   20.66366112
 -84.5101262   15.31284562 -44.95533495   1.99946789  10.30472845], Best Fitness = 4.670846730924975, Evaluations = 2304
Generation 19: Best Solution = [-33.92710364 -17.20774428  60.43284475 -18.93650652  20.41843754
 -84.08637386  17.62986068 -43.72735934   7.34719247  11.83761357], Best Fitness = 4.466445263988743, Evaluations = 2432
Generation 20: Best Solution = [-38.25864169 -18.30454756  58.41428165 -18.53390817  20.43303704
 -84.0013222    9.83566124 -43.90629535   8.1607204    7.70962832], Best Fitness = 4.516360025598832, Evaluations = 2560
Generation 21: Best Solution = [-33.5906454  -22.34882712  60.61795343 -19.95315779  20.41249197
 -84.60630266  16.68048231 -38.24640297  10.63648848   8.6712162 ], Best Fitness = 4.597655253964522, Evaluations = 2688
Generation 22: Best Solution = [-37.3679573  -12.72990148  60.58617306 -17.4020584   21.52015419
 -85.11828907  18.31358965 -35.77120405   2.21669092   8.48771108], Best Fitness = 4.4320442118379155, Evaluations = 2816
Generation 23: Best Solution = [-35.52709404 -21.77434464  59.63603086 -18.95246349  19.60549602
 -85.0397344   16.73540702 -36.25621044   8.18712157   9.68650602], Best Fitness = 4.387366415845204, Evaluations = 2944
Generation 24: Best Solution = [-34.86079046 -23.26503527  60.66659217 -19.56073641  21.19014169
 -84.34908549  16.39529972 -36.13799374   7.17470387   9.50686595], Best Fitness = 4.363324237150567, Evaluations = 3072
Generation 25: Best Solution = [-34.83350277 -20.96552362  59.62375843 -17.89805379  19.76066203
 -85.2993471   17.31452849 -36.71919232   8.81779059   9.15183082], Best Fitness = 4.388381565050266, Evaluations = 3200
Generation 26: Best Solution = [-34.76687796 -22.88778807  59.89911057 -19.07256605  20.10768591
 -85.54183973  17.30568587 -34.63300258   9.56201426   8.50325726], Best Fitness = 4.163412823460524, Evaluations = 3328
Generation 27: Best Solution = [-37.86584276 -17.63423146  60.09598502 -18.01040586  20.44063463
 -84.3816616   15.53942554 -36.20705486   8.86592824   9.06663262], Best Fitness = 4.018101664902471, Evaluations = 3456
Generation 28: Best Solution = [-37.69401664 -18.17365041  60.30350257 -18.7027321   20.07072533
 -84.1673895   17.07963615 -35.88213508   8.88091805  10.23229775], Best Fitness = 3.963586881243758, Evaluations = 3584
Generation 29: Best Solution = [-34.6296744  -22.46180372  59.92511838 -18.98345048  20.96434831
 -84.85469807  16.53672221 -36.26416956   9.56117025   8.81042399], Best Fitness = 3.8804676274779633, Evaluations = 3712
Generation 30: Best Solution = [-34.79301383 -22.4280394   60.02662126 -18.70948095  20.83194009
 -84.86673309  16.56530493 -35.98739219   9.24081335   9.01718524], Best Fitness = 3.8674596990899905, Evaluations = 3840
Generation 31: Best Solution = [-34.68575716 -22.287742    59.97514486 -19.06586077  21.02038454
 -85.03155674  16.76060103 -35.81106173   9.35175938   9.16899221], Best Fitness = 3.8308805088982583, Evaluations = 3968
Generation 32: Best Solution = [-34.67383509 -22.16645438  59.98937032 -18.91536604  21.17803877
 -84.96694318  16.9713115  -35.79409461   9.34741365   9.1655346 ], Best Fitness = 3.8259548817400164, Evaluations = 4096
Generation 33: Best Solution = [-34.67533495 -22.32870833  59.9049279  -18.81379339  20.95233475
 -84.97035129  16.91640754 -35.88476061   9.23448811   9.29239161], Best Fitness = 3.8175679915469853, Evaluations = 4224
Generation 34: Best Solution = [-34.67611399 -22.36066268  60.03224547 -18.97795316  21.04242844
 -84.79913823  17.01102235 -35.8993715    9.11445801   9.66939119], Best Fitness = 3.8117967209205217, Evaluations = 4352
Generation 35: Best Solution = [-34.57312441 -22.29441638  59.91883669 -18.84693094  21.20839443
 -85.00976     16.86577667 -35.78674459   9.00252255   9.47274161], Best Fitness = 3.805275054841086, Evaluations = 4480
Generation 36: Best Solution = [-34.62292148 -22.2952429   59.94827202 -18.91069052  21.1597966
 -84.91244697  16.900801   -35.86261168   9.29178833   9.45880713], Best Fitness = 3.7989775149551055, Evaluations = 4608
Generation 37: Best Solution = [-34.63716524 -22.36848504  59.93016873 -18.89233581  21.08693086
 -84.95150309  16.85618503 -35.74171827   9.27846802   9.5375246 ], Best Fitness = 3.7950287917627694, Evaluations = 4736
Generation 38: Best Solution = [-34.62808747 -22.33192659  59.92201424 -18.86815245  21.12307006
 -84.91558701  16.84242764 -35.85741644   9.33137872   9.5100013 ], Best Fitness = 3.793622503203053, Evaluations = 4864
Generation 39: Best Solution = [-34.63645905 -22.32787956  59.91288144 -18.84607883  21.08192024
 -84.91992549  16.89670588 -35.83304389   9.23013471   9.5925564 ], Best Fitness = 3.792505662601538, Evaluations = 4992
Generation 40: Best Solution = [-34.64776337 -22.33668647  59.92107753 -18.87175012  21.10447073
 -84.89206513  16.85443722 -35.8265836    9.32480528   9.54843246], Best Fitness = 3.7910277626638735, Evaluations = 5120
Generation 41: Best Solution = [-34.65080411 -22.33359685  59.93924943 -18.89771448  21.06436005
 -84.90588309  16.82935061 -35.7908852    9.3226634    9.54910853], Best Fitness = 3.7904621028660817, Evaluations = 5248
Generation 42: Best Solution = [-34.63675511 -22.31744105  59.94704342 -18.87092513  21.11851893
 -84.89863354  16.85646054 -35.79457713   9.31184178   9.55482695], Best Fitness = 3.7892259335967813, Evaluations = 5376
Generation 43: Best Solution = [-34.64585787 -22.31705401  59.93092588 -18.8799147   21.09536399
 -84.89515406  16.84253514 -35.80030675   9.30636887   9.55510805], Best Fitness = 3.7884044479966703, Evaluations = 5504
Generation 44: Best Solution = [-34.62984151 -22.32088236  59.94534737 -18.86416424  21.08440315
 -84.89833727  16.8513253  -35.80509478   9.28511251   9.62014653], Best Fitness = 3.7866998736729833, Evaluations = 5632
Generation 45: Best Solution = [-34.63678979 -22.29818215  59.92542048 -18.85717679  21.11142092
 -84.88978614  16.85294438 -35.81310193   9.3090139    9.55881867], Best Fitness = 3.786555909560109, Evaluations = 5760
Generation 46: Best Solution = [-34.63473582 -22.32944029  59.94394564 -18.89322575  21.0865461
 -84.87593491  16.81719218 -35.77604815   9.34082453   9.54723427], Best Fitness = 3.7853539694784315, Evaluations = 5888
Generation 47: Best Solution = [-34.63587591 -22.32188214  59.92529341 -18.88085029  21.10130702
 -84.87544363  16.8327152  -35.79533004   9.34827687   9.56078371], Best Fitness = 3.7848812116971287, Evaluations = 6016
Generation 48: Best Solution = [-34.63928314 -22.30351895  59.95360892 -18.88482513  21.08333919
 -84.86317083  16.82189892 -35.78283507   9.36431067   9.54086673], Best Fitness = 3.784210809138529, Evaluations = 6144
Generation 49: Best Solution = [-34.62553924 -22.3046584   59.92835553 -18.88521331  21.10489514
 -84.86428522  16.8476847  -35.78777946   9.34048095   9.53328888], Best Fitness = 3.7835194176451123, Evaluations = 6272
Generation 50: Best Solution = [-34.62091986 -22.3098068   59.92565703 -18.86679824  21.10183499
 -84.8749042   16.85049339 -35.78303963   9.33233012   9.56737856], Best Fitness = 3.782586897700672, Evaluations = 6400
Generation 51: Best Solution = [-34.62223293 -22.30557798  59.93452658 -18.8851952   21.10788508
 -84.8593812   16.83675494 -35.77593125   9.35938309   9.54112817], Best Fitness = 3.7819906764146842, Evaluations = 6528
Generation 52: Best Solution = [-34.626357   -22.30555169  59.93304463 -18.88649014  21.07715341
 -84.8704322   16.81559332 -35.7804825    9.32197094   9.58368354], Best Fitness = 3.7809496658118267, Evaluations = 6656
Generation 53: Best Solution = [-34.6222814  -22.29554886  59.92667638 -18.8711058   21.10671677
 -84.86327977  16.83183684 -35.76658178   9.3610852    9.55730386], Best Fitness = 3.7799285118410655, Evaluations = 6784
Generation 54: Best Solution = [-34.60981485 -22.28933412  59.93906028 -18.88234577  21.08086953
 -84.85064015  16.83117296 -35.78385369   9.32530759   9.5471494 ], Best Fitness = 3.7794774710082892, Evaluations = 6912
Generation 55: Best Solution = [-34.61741278 -22.28520954  59.9257098  -18.87180707  21.1075769
 -84.85533829  16.82684892 -35.76828819   9.35102487   9.5455889 ], Best Fitness = 3.7787152425798656, Evaluations = 7040
Generation 56: Best Solution = [-34.61005705 -22.28039732  59.90690089 -18.86257285  21.09744578
 -84.86169356  16.82966203 -35.7878128    9.3509375    9.55223639], Best Fitness = 3.7780250824337167, Evaluations = 7168
Generation 57: Best Solution = [-34.60587884 -22.29085808  59.91705933 -18.87316428  21.10116741
 -84.8305472   16.8291684  -35.80865595   9.34733909   9.56469277], Best Fitness = 3.7772143425362765, Evaluations = 7296
Generation 58: Best Solution = [-34.60133103 -22.27762781  59.91678213 -18.86127749  21.07501706
 -84.85981149  16.82237943 -35.76909799   9.3283034    9.55603853], Best Fitness = 3.776208620307112, Evaluations = 7424
Generation 59: Best Solution = [-34.60084775 -22.28173101  59.91395144 -18.85873244  21.09124465
 -84.81961491  16.83455328 -35.80840378   9.32493019   9.56298643], Best Fitness = 3.775558346816214, Evaluations = 7552
Generation 60: Best Solution = [-34.59741646 -22.28324087  59.91577951 -18.86492594  21.10263547
 -84.82735825  16.8193408  -35.78876055   9.34845766   9.56294424], Best Fitness = 3.7746694252075406, Evaluations = 7680
Generation 61: Best Solution = [-34.60834294 -22.28750519  59.90839066 -18.87700613  21.09104313
 -84.82578738  16.81860295 -35.76691411   9.33163002   9.56342444], Best Fitness = 3.7740883450334612, Evaluations = 7808
Generation 62: Best Solution = [-34.58986929 -22.27236244  59.89903063 -18.86400898  21.08718885
 -84.84035908  16.82249377 -35.77257262   9.35175351   9.56183384], Best Fitness = 3.773109613016332, Evaluations = 7936
Generation 63: Best Solution = [-34.59616967 -22.27518146  59.9113331  -18.85742608  21.0891684
 -84.83884231  16.80261036 -35.76779839   9.3482903    9.57265921], Best Fitness = 3.772713137015197, Evaluations = 8064
Generation 64: Best Solution = [-34.58206095 -22.26637992  59.89366341 -18.86753648  21.07570692
 -84.83286987  16.82677194 -35.76553464   9.34662516   9.57420513], Best Fitness = 3.7711218508448914, Evaluations = 8192
Generation 65: Best Solution = [-34.58943912 -22.2638504   59.89852196 -18.85307953  21.08141294
 -84.84374913  16.81781966 -35.74989998   9.34611234   9.58024894], Best Fitness = 3.771063964491268, Evaluations = 8320
Generation 66: Best Solution = [-34.59466794 -22.26860592  59.88537093 -18.84943347  21.05662772
 -84.83578468  16.82558786 -35.74262084   9.33990062   9.56073092], Best Fitness = 3.7707002811516017, Evaluations = 8448
Generation 67: Best Solution = [-34.58521637 -22.26287825  59.89809597 -18.85259419  21.06478837
 -84.82774085  16.81210184 -35.74132758   9.35468686   9.56983944], Best Fitness = 3.7691874615093703, Evaluations = 8576
Generation 68: Best Solution = [-34.59285739 -22.24791021  59.89355391 -18.84550354  21.06809999
 -84.83082552  16.79110657 -35.77034939   9.34967077   9.5787517 ], Best Fitness = 3.769397641676368, Evaluations = 8704
Generation 69: Best Solution = [-34.58865153 -22.25537255  59.88865981 -18.83483226  21.07271407
 -84.84244869  16.79437918 -35.73845728   9.3488717    9.58232679], Best Fitness = 3.768624156182642, Evaluations = 8832
Generation 70: Best Solution = [-34.57512059 -22.26396387  59.88330381 -18.84233494  21.08630973
 -84.82423114  16.80610685 -35.74540696   9.34207976   9.57069975], Best Fitness = 3.768086591611658, Evaluations = 8960
Generation 71: Best Solution = [-34.57079285 -22.25975049  59.88255297 -18.8661559   21.06638879
 -84.80355408  16.80362332 -35.7636648    9.35355497   9.55932537], Best Fitness = 3.7674030543500825, Evaluations = 9088
Generation 72: Best Solution = [-34.57040936 -22.26851262  59.87779462 -18.84000305  21.07137171
 -84.80140661  16.80100004 -35.75556084   9.34013017   9.56312412], Best Fitness = 3.766634979211804, Evaluations = 9216
Generation 73: Best Solution = [-34.57075702 -22.25090915  59.88288566 -18.85949246  21.05833917
 -84.80901372  16.79748536 -35.74968482   9.34714442   9.57178545], Best Fitness = 3.7661653187256072, Evaluations = 9344
Generation 74: Best Solution = [-34.56488964 -22.24893011  59.88096037 -18.83781867  21.05945616
 -84.80464817  16.7993347  -35.7375145    9.34396108   9.5586901 ], Best Fitness = 3.7653545505195334, Evaluations = 9472
Generation 75: Best Solution = [-34.56517297 -22.24779226  59.88374376 -18.84170153  21.05310764
 -84.79324475  16.79961147 -35.74131836   9.34159079   9.5684934 ], Best Fitness = 3.764521067610782, Evaluations = 9600
Generation 76: Best Solution = [-34.56326885 -22.245467    59.8804301  -18.83812312  21.04761949
 -84.8090183   16.7998893  -35.72061072   9.34277139   9.5747067 ], Best Fitness = 3.7642531985724244, Evaluations = 9728
Generation 77: Best Solution = [-34.57455115 -22.22787328  59.88648108 -18.83682979  21.05860183
 -84.81877171  16.78762612 -35.7032374    9.34053289   9.58843299], Best Fitness = 3.7636896411538197, Evaluations = 9856
Generation 78: Best Solution = [-34.57058102 -22.23965454  59.87703336 -18.85360234  21.058279
 -84.79236933  16.80788025 -35.73560737   9.33917414   9.59877514], Best Fitness = 3.763432426473562, Evaluations = 9984
Generation 79: Best Solution = [-34.57818069 -22.21875252  59.87131042 -18.86829205  21.06919001
 -84.77770262  16.80538492 -35.74096211   9.337426     9.59809754], Best Fitness = 3.7625854285189284, Evaluations = 10112
