Algorithm: Cross-Entropy Method
Objective Function: Sphere
Dimension: 10
Population Size: 64
Max Evaluations: 10000

Generation 1: Best Solution = [-3.24687048  0.15209162 -2.08669978  0.52418378 -3.76055958 -3.42770766
 -2.46321789  1.18794384 -1.79757943 -0.21773739], Best Fitness = 51.84272685958387, Evaluations = 64
Generation 2: Best Solution = [-2.3117717  -0.43589686  0.64784816  1.37780276 -2.29789414 -4.32848422
 -2.32304827  3.25424978 -1.93429532  0.75387676], Best Fitness = 52.16495870287852, Evaluations = 128
Generation 3: Best Solution = [-3.08794546 -0.7935857   0.42863776  1.34360005 -2.5164493  -3.01744933
 -1.9322889   2.25560452 -1.57184196  1.93917637], Best Fitness = 42.64427872215164, Evaluations = 192
Generation 4: Best Solution = [-0.79609595 -0.43866892 -0.22153925  1.158486   -2.89211644 -3.50923004
 -0.50877922  1.94121217 -1.05061354  2.0775461 ], Best Fitness = 32.3435491565392, Evaluations = 256
Generation 5: Best Solution = [-1.76489394 -0.39481846 -1.09817913  2.50215728 -2.04116864 -2.76162379
 -0.10762444  0.86074783 -1.1306208   1.993034  ], Best Fitness = 28.533413874019708, Evaluations = 320
Generation 6: Best Solution = [-1.56320085 -0.69384975 -1.16211302  2.38805486 -2.61672873 -1.96474437
 -0.09002421  0.55032275 -1.33212927  2.40036963], Best Fitness = 28.533129000232464, Evaluations = 384
Generation 7: Best Solution = [-1.27888549 -0.39598908 -0.28323581  2.07815178 -2.3274618  -2.50561797
 -0.24454424  1.68716    -1.29652222  2.10319652], Best Fitness = 26.897208795412887, Evaluations = 448
Generation 8: Best Solution = [-1.08244451 -0.7702684  -0.60843387  1.70562588 -2.41608012 -2.9642761
 -0.05413388  0.95183101 -1.06647831  1.84892346], Best Fitness = 25.13353353547685, Evaluations = 512
Generation 9: Best Solution = [-1.13832985 -0.75370784 -0.63577356  1.8498707  -2.25070669 -2.89186489
  0.0206341   1.07757757 -1.06386279  1.88636967], Best Fitness = 24.97045684077515, Evaluations = 576
Generation 10: Best Solution = [-1.23648264 -0.81962537 -0.50803412  1.65162062 -2.18333083 -3.00963355
 -0.00496523  1.10127165 -1.15174988  1.77303144], Best Fitness = 24.69444420130669, Evaluations = 640
Generation 11: Best Solution = [-1.41578189 -0.91773016 -0.53729024  1.842877   -2.21766113 -2.78791119
 -0.11341081  0.89941218 -1.14695037  1.78308488], Best Fitness = 24.538704277417377, Evaluations = 704
Generation 12: Best Solution = [-1.33956004 -0.86408803 -0.52924144  1.75207376 -2.21088034 -2.85205396
 -0.08660854  1.01639191 -1.1556787   1.77155505], Best Fitness = 24.427685990473183, Evaluations = 768
Generation 13: Best Solution = [-1.46017121 -0.70369071 -0.54090509  1.7466877  -2.16784879 -2.87068137
 -0.17543251  1.06820086 -1.1785871   1.71395447], Best Fitness = 24.40969385699316, Evaluations = 832
Generation 14: Best Solution = [-1.36908427 -0.69089395 -0.48749826  1.58826655 -2.13801194 -3.01100668
 -0.10248929  1.11610618 -1.17864291  1.72922914], Best Fitness = 24.384857218204964, Evaluations = 896
Generation 15: Best Solution = [-1.36853284 -0.77188489 -0.58960042  1.69740933 -2.20342373 -2.88174705
 -0.03054471  0.98307329 -1.14444026  1.7746502 ], Best Fitness = 24.283550654679907, Evaluations = 960
Generation 16: Best Solution = [-1.37442236 -0.76852418 -0.62862092  1.66848704 -2.19852781 -2.88576588
 -0.00600884  0.97043495 -1.14944165  1.77494208], Best Fitness = 24.23326437580459, Evaluations = 1024
Generation 17: Best Solution = [-1.36975565 -0.73368337 -0.60481175  1.68010531 -2.22129073 -2.84461018
 -0.05055588  0.97821521 -1.12241965  1.82992065], Best Fitness = 24.196908848663846, Evaluations = 1088
Generation 18: Best Solution = [-1.36191648 -0.74294465 -0.55163391  1.65841746 -2.21658019 -2.85775555
 -0.15759125  0.96984541 -1.12829782  1.83596085], Best Fitness = 24.150669602163386, Evaluations = 1152
Generation 19: Best Solution = [-1.36551789 -0.72758871 -0.50260695  1.63927033 -2.18372078 -2.87975176
 -0.17406058  1.03030273 -1.14175854  1.81918346], Best Fitness = 24.10031383970652, Evaluations = 1216
Generation 20: Best Solution = [-1.35188487 -0.74649302 -0.57791581  1.66393419 -2.18806612 -2.87286576
 -0.1052583   0.99897917 -1.13240474  1.78277349], Best Fitness = 23.998159720785242, Evaluations = 1280
Generation 21: Best Solution = [-1.33097915 -0.76043052 -0.58792581  1.63430999 -2.18421146 -2.88492723
 -0.06086202  1.0294138  -1.12915961  1.77690241], Best Fitness = 23.955751335126724, Evaluations = 1344
Generation 22: Best Solution = [-1.32856411 -0.74162603 -0.60062755  1.66833828 -2.21613364 -2.82400211
 -0.05698842  1.00927945 -1.11074413  1.81126662], Best Fitness = 23.88176605466654, Evaluations = 1408
Generation 23: Best Solution = [-1.34089767 -0.72810905 -0.61434441  1.65271135 -2.19707161 -2.8297877
 -0.03132576  0.99268834 -1.11609104  1.82432846], Best Fitness = 23.832090266825396, Evaluations = 1472
Generation 24: Best Solution = [-1.33768735 -0.73039638 -0.59984219  1.66040675 -2.1933297  -2.83607303
 -0.06508182  1.00262416 -1.11612501  1.79922497], Best Fitness = 23.786089349075915, Evaluations = 1536
Generation 25: Best Solution = [-1.34298941 -0.74326175 -0.60701619  1.66958418 -2.20728859 -2.80745399
 -0.04849441  0.98747022 -1.11521504  1.80043786], Best Fitness = 23.728689622085074, Evaluations = 1600
Generation 26: Best Solution = [-1.34301352 -0.72958416 -0.60539914  1.6683248  -2.19564111 -2.8108324
 -0.04825253  0.98061843 -1.11119479  1.81278317], Best Fitness = 23.692290303029317, Evaluations = 1664
Generation 27: Best Solution = [-1.35248169 -0.73077607 -0.61172093  1.69375834 -2.20485858 -2.78633575
 -0.04337203  0.97915218 -1.10833038  1.79070696], Best Fitness = 23.6269762267978, Evaluations = 1728
Generation 28: Best Solution = [-1.34027141 -0.74135814 -0.61178222  1.6657514  -2.19460132 -2.80651458
 -0.0316675   0.98477494 -1.10724913  1.79351724], Best Fitness = 23.60123282391429, Evaluations = 1792
Generation 29: Best Solution = [-1.34162138 -0.72894916 -0.59981022  1.68042198 -2.20786079 -2.78875032
 -0.03205118  1.00356067 -1.10801074  1.77601033], Best Fitness = 23.55674456051672, Evaluations = 1856
Generation 30: Best Solution = [-1.34899898 -0.72066878 -0.5945102   1.66866703 -2.20606258 -2.79627886
 -0.04124056  0.992064   -1.10071017  1.76278133], Best Fitness = 23.467793995027026, Evaluations = 1920
Generation 31: Best Solution = [-1.33590173 -0.72897165 -0.58489763  1.65837388 -2.19423017 -2.79572889
 -0.04226468  0.98881534 -1.09246613  1.77629025], Best Fitness = 23.36731969092061, Evaluations = 1984
Generation 32: Best Solution = [-1.34453404 -0.72364118 -0.59419723  1.66631231 -2.19011811 -2.78290916
 -0.0508363   0.97090809 -1.09732896  1.78361567], Best Fitness = 23.332958685378653, Evaluations = 2048
Generation 33: Best Solution = [-1.33403069 -0.73364301 -0.59479161  1.65509981 -2.17054769 -2.7917141
 -0.03555533  0.97527631 -1.09931884  1.79317503], Best Fitness = 23.292353959926317, Evaluations = 2112
Generation 34: Best Solution = [-1.31871554 -0.72342607 -0.58973219  1.65134234 -2.17772374 -2.7926031
 -0.0368401   0.97523764 -1.09519973  1.79317245], Best Fitness = 23.24555983339737, Evaluations = 2176
Generation 35: Best Solution = [-1.31483326 -0.73362033 -0.57322482  1.6412038  -2.17893445 -2.80102383
 -0.04142824  0.99520471 -1.0896876   1.77707762], Best Fitness = 23.220184358903467, Evaluations = 2240
Generation 36: Best Solution = [-1.32818028 -0.72554208 -0.58318953  1.65638447 -2.17201611 -2.78283159
 -0.04660381  0.96489219 -1.10200001  1.78915161], Best Fitness = 23.184655732592585, Evaluations = 2304
Generation 37: Best Solution = [-1.33854606 -0.72836587 -0.59684004  1.64957343 -2.15170165 -2.7748858
 -0.04561518  0.96732322 -1.11670527  1.77611783], Best Fitness = 23.068764280635754, Evaluations = 2368
Generation 38: Best Solution = [-1.30173828 -0.71914778 -0.59706456  1.63538038 -2.16589986 -2.78834579
 -0.03913555  0.94917883 -1.11060981  1.78444717], Best Fitness = 23.02882353505946, Evaluations = 2432
Generation 39: Best Solution = [-1.3301423  -0.72386594 -0.60047874  1.64342251 -2.15515842 -2.77683843
 -0.03853864  0.95933382 -1.11124638  1.77268347], Best Fitness = 23.00929401708771, Evaluations = 2496
Generation 40: Best Solution = [-1.3092649  -0.71579293 -0.59950623  1.63694791 -2.15508993 -2.77799294
 -0.04156977  0.95997353 -1.10227632  1.78531623], Best Fitness = 22.952842050567945, Evaluations = 2560
Generation 41: Best Solution = [-1.31651229 -0.72931617 -0.58716513  1.64680242 -2.15875394 -2.78194921
 -0.0512774   0.94332344 -1.09983007  1.75701259], Best Fitness = 22.910495685577178, Evaluations = 2624
Generation 42: Best Solution = [-1.30295978 -0.73430891 -0.58478065  1.62889056 -2.1454268  -2.78293507
 -0.04445599  0.94812521 -1.09489895  1.77979756], Best Fitness = 22.847151230025066, Evaluations = 2688
Generation 43: Best Solution = [-1.29849415 -0.72300298 -0.59825376  1.63867277 -2.14473934 -2.77247169
 -0.05097715  0.95267495 -1.10025668  1.76968434], Best Fitness = 22.79101811948162, Evaluations = 2752
Generation 44: Best Solution = [-1.27861299 -0.7262852  -0.59858834  1.61581613 -2.15462869 -2.7846491
 -0.0454795   0.93957813 -1.0899799   1.77020134], Best Fitness = 22.734750996044134, Evaluations = 2816
Generation 45: Best Solution = [-1.2955918  -0.72042416 -0.5928258   1.6360337  -2.15177498 -2.76368686
 -0.05840706  0.95166843 -1.09207481  1.75929153], Best Fitness = 22.69053662694466, Evaluations = 2880
Generation 46: Best Solution = [-1.32159816 -0.72466673 -0.58380325  1.63311459 -2.14488021 -2.76277423
 -0.04377079  0.94609372 -1.08613044  1.75498087], Best Fitness = 22.669732035662634, Evaluations = 2944
Generation 47: Best Solution = [-1.29375056 -0.70905122 -0.59491262  1.63073482 -2.14355266 -2.76843481
 -0.04527892  0.94859873 -1.08615471  1.75759068], Best Fitness = 22.61955730156214, Evaluations = 3008
Generation 48: Best Solution = [-1.2808412  -0.70110691 -0.59619331  1.61680873 -2.13977862 -2.77040949
 -0.0384495   0.93458123 -1.09725314  1.77482079], Best Fitness = 22.58431699955656, Evaluations = 3072
Generation 49: Best Solution = [-1.28266268 -0.72786252 -0.58724104  1.6142154  -2.14641451 -2.75237475
 -0.04345078  0.94495761 -1.09473007  1.76985765], Best Fitness = 22.533875670011312, Evaluations = 3136
Generation 50: Best Solution = [-1.28777254 -0.72975822 -0.58875595  1.60576115 -2.14972132 -2.75817952
 -0.04689336  0.93863821 -1.08211625  1.75865252], Best Fitness = 22.49193858328831, Evaluations = 3200
Generation 51: Best Solution = [-1.29395318 -0.71253097 -0.59281439  1.62677971 -2.1294709  -2.75724938
 -0.04377106  0.94577167 -1.08854934  1.75155228], Best Fitness = 22.46620180032073, Evaluations = 3264
Generation 52: Best Solution = [-1.29375926 -0.73042427 -0.56031016  1.60077325 -2.14371317 -2.75552391
 -0.03355011  0.95073116 -1.08973691  1.74460892], Best Fitness = 22.408375450112665, Evaluations = 3328
Generation 53: Best Solution = [-1.30115091 -0.71514458 -0.58858194  1.61503477 -2.13807555 -2.73986926
 -0.04694977  0.94657414 -1.09039943  1.73978264], Best Fitness = 22.351463508484887, Evaluations = 3392
Generation 54: Best Solution = [-1.29151124 -0.72477362 -0.56561549  1.60077288 -2.14397859 -2.74193934
 -0.07171629  0.95010773 -1.07375573  1.74191157], Best Fitness = 22.285623531320326, Evaluations = 3456
Generation 55: Best Solution = [-1.30650756 -0.71641267 -0.56560246  1.60580649 -2.12526697 -2.74454234
 -0.08031025  0.94357774 -1.07266281  1.74482608], Best Fitness = 22.259814361931145, Evaluations = 3520
Generation 56: Best Solution = [-1.30839726 -0.71277669 -0.57147476  1.60488529 -2.1226333  -2.73149204
 -0.07187417  0.93668082 -1.07251917  1.74440367], Best Fitness = 22.164593474200792, Evaluations = 3584
Generation 57: Best Solution = [-1.31131404 -0.71658744 -0.57782623  1.60332715 -2.12152622 -2.72578739
 -0.06417785  0.93715722 -1.08360724  1.74010681], Best Fitness = 22.152932373194165, Evaluations = 3648
Generation 58: Best Solution = [-1.28865948 -0.71206354 -0.57218153  1.59423222 -2.12350141 -2.72867074
 -0.04717436  0.93321306 -1.070167    1.75309161], Best Fitness = 22.08324769293638, Evaluations = 3712
Generation 59: Best Solution = [-1.29740113 -0.7077718  -0.56437762  1.60042021 -2.12772616 -2.73015124
 -0.07017932  0.92122797 -1.05966753  1.74008053], Best Fitness = 22.049363581678147, Evaluations = 3776
Generation 60: Best Solution = [-1.30349037 -0.70655316 -0.57211619  1.60496956 -2.13283699 -2.7211254
 -0.07656963  0.91740149 -1.06586934  1.72720924], Best Fitness = 22.021883445063672, Evaluations = 3840
Generation 61: Best Solution = [-1.28784378 -0.70718663 -0.5717741   1.5978886  -2.13366541 -2.72458016
 -0.06801041  0.92252468 -1.06507685  1.72576641], Best Fitness = 21.983028858294503, Evaluations = 3904
Generation 62: Best Solution = [-1.29173215 -0.69856585 -0.55673304  1.60395703 -2.12342016 -2.7216319
 -0.0745129   0.92872683 -1.0554134   1.73318931], Best Fitness = 21.941317748374072, Evaluations = 3968
Generation 63: Best Solution = [-1.30214182 -0.69810165 -0.57320325  1.6073269  -2.10969005 -2.71317803
 -0.08355479  0.92236142 -1.05880524  1.72585049], Best Fitness = 21.86446852183418, Evaluations = 4032
Generation 64: Best Solution = [-1.29761564 -0.71321794 -0.55912106  1.59239596 -2.11144628 -2.71897949
 -0.07672624  0.9172451  -1.06663052  1.71841609], Best Fitness = 21.829762255703507, Evaluations = 4096
Generation 65: Best Solution = [-1.28791112 -0.72865704 -0.56111978  1.57897926 -2.11655449 -2.7134607
 -0.06217785  0.92568893 -1.05700269  1.71414532], Best Fitness = 21.75667386858, Evaluations = 4160
Generation 66: Best Solution = [-1.29612022 -0.68905573 -0.57076867  1.59542699 -2.1157187  -2.70912993
 -0.0795863   0.90939543 -1.06100754  1.71457886], Best Fitness = 21.74039191044045, Evaluations = 4224
Generation 67: Best Solution = [-1.29848271 -0.6903667  -0.56873166  1.60246411 -2.1010276  -2.71538172
 -0.07971622  0.90983558 -1.04585403  1.71575444], Best Fitness = 21.71340477296218, Evaluations = 4288
Generation 68: Best Solution = [-1.31374197 -0.69937538 -0.56274978  1.62755639 -2.08663246 -2.69522006
 -0.11091894  0.91683694 -1.03356414  1.71774277], Best Fitness = 21.670705193697856, Evaluations = 4352
Generation 69: Best Solution = [-1.3024203  -0.67656519 -0.55752216  1.6075753  -2.10112622 -2.69065418
 -0.10670126  0.90720014 -1.04133622  1.72100729], Best Fitness = 21.584164172644666, Evaluations = 4416
Generation 70: Best Solution = [-1.31815696 -0.66349462 -0.55494037  1.59594517 -2.11221907 -2.67920242
 -0.1163469   0.90338399 -1.04731998  1.71430171], Best Fitness = 21.537706448230203, Evaluations = 4480
Generation 71: Best Solution = [-1.2984806  -0.67670632 -0.55557146  1.5717222  -2.11710392 -2.69017648
 -0.09411053  0.91073169 -1.05125461  1.70829921], Best Fitness = 21.503843619590093, Evaluations = 4544
Generation 72: Best Solution = [-1.3175184  -0.65443433 -0.5724925   1.58852751 -2.10394971 -2.68572249
 -0.10773581  0.90628658 -1.04396324  1.6964364 ], Best Fitness = 21.455734089794053, Evaluations = 4608
Generation 73: Best Solution = [-1.32216809 -0.64884678 -0.57813766  1.58429219 -2.10885899 -2.67987755
 -0.10884517  0.89768447 -1.04636453  1.69721834], Best Fitness = 21.43549893527257, Evaluations = 4672
Generation 74: Best Solution = [-1.30973336 -0.66675828 -0.56005115  1.57335252 -2.09972034 -2.68184257
 -0.08479194  0.89494486 -1.05660936  1.70729114], Best Fitness = 21.389550981542563, Evaluations = 4736
Generation 75: Best Solution = [-1.30859263 -0.65060555 -0.56976536  1.57748184 -2.10539596 -2.67237863
 -0.10586873  0.90209377 -1.0523609   1.69350579], Best Fitness = 21.323490124585184, Evaluations = 4800
Generation 76: Best Solution = [-1.32139865 -0.6603238  -0.58024517  1.57373502 -2.10706926 -2.66575611
 -0.11579568  0.89769206 -1.03204469  1.68840397], Best Fitness = 21.276528651575035, Evaluations = 4864
Generation 77: Best Solution = [-1.31385674 -0.65639527 -0.55380611  1.57933348 -2.09950262 -2.66329788
 -0.11133403  0.89452761 -1.04944857  1.69976908], Best Fitness = 21.2622687228161, Evaluations = 4928
Generation 78: Best Solution = [-1.3211993  -0.65747275 -0.5457821   1.5689425  -2.10183935 -2.66858409
 -0.09844134  0.88511671 -1.03089008  1.69759849], Best Fitness = 21.214063627222572, Evaluations = 4992
Generation 79: Best Solution = [-1.29873003 -0.66304224 -0.54788734  1.55967783 -2.10297142 -2.66382581
 -0.08677805  0.88920874 -1.05050683  1.69624119], Best Fitness = 21.156578343743917, Evaluations = 5056
Generation 80: Best Solution = [-1.30605934 -0.65592632 -0.54649081  1.56847569 -2.09036367 -2.66241734
 -0.09852663  0.89928602 -1.04058242  1.69422333], Best Fitness = 21.12451220902451, Evaluations = 5120
Generation 81: Best Solution = [-1.30254137 -0.66254173 -0.54436351  1.55515584 -2.10963657 -2.65814163
 -0.09772986  0.8875239  -1.03551802  1.68627993], Best Fitness = 21.0797876270335, Evaluations = 5184
Generation 82: Best Solution = [-1.28209855 -0.65786314 -0.55046423  1.531628   -2.11821087 -2.65811111
 -0.08411775  0.88958914 -1.03091684  1.68463374], Best Fitness = 20.97705280101579, Evaluations = 5248
Generation 83: Best Solution = [-1.28839619 -0.6525772  -0.54595154  1.542769   -2.10247995 -2.65605058
 -0.07810456  0.88854549 -1.03300766  1.69011249], Best Fitness = 20.958246122739304, Evaluations = 5312
Generation 84: Best Solution = [-1.28811443 -0.65362669 -0.53045155  1.54712457 -2.09472184 -2.65263272
 -0.07353113  0.88602536 -1.03030311  1.69397105], Best Fitness = 20.907270005489796, Evaluations = 5376
Generation 85: Best Solution = [-1.28395783 -0.65539378 -0.52896986  1.55287477 -2.07866892 -2.64799458
 -0.08157538  0.88380638 -1.01988785  1.70457665], Best Fitness = 20.835578670957414, Evaluations = 5440
Generation 86: Best Solution = [-1.29236252 -0.65050674 -0.5297897   1.5521229  -2.07546117 -2.64313665
 -0.08411021  0.87654981 -1.02186825  1.69656529], Best Fitness = 20.774795558186934, Evaluations = 5504
Generation 87: Best Solution = [-1.29860291 -0.65221028 -0.51638284  1.54749165 -2.05400442 -2.64003986
 -0.08649501  0.88018714 -1.03343441  1.70987449], Best Fitness = 20.735742272718284, Evaluations = 5568
Generation 88: Best Solution = [-1.28343559 -0.6479444  -0.51949449  1.53685959 -2.07366501 -2.63525579
 -0.08224673  0.86666366 -1.0237444   1.70367273], Best Fitness = 20.65193418463987, Evaluations = 5632
Generation 89: Best Solution = [-1.29434482 -0.65146609 -0.51955988  1.53426609 -2.06414016 -2.63791606
 -0.0805951   0.8722912  -1.02743508  1.69409699], Best Fitness = 20.63590222164288, Evaluations = 5696
Generation 90: Best Solution = [-1.29054891 -0.65826124 -0.52792397  1.54672703 -2.05227882 -2.63043916
 -0.08614003  0.86977864 -1.02134244  1.7023392 ], Best Fitness = 20.605985217545065, Evaluations = 5760
Generation 91: Best Solution = [-1.27622657 -0.65538358 -0.53702021  1.53135278 -2.07873301 -2.62896249
 -0.06902825  0.8697378  -1.00782812  1.69184411], Best Fitness = 20.563551401960673, Evaluations = 5824
Generation 92: Best Solution = [-1.29158815 -0.65626141 -0.51520136  1.54001519 -2.05128425 -2.62608278
 -0.08960352  0.86270524 -1.03220843  1.69199612], Best Fitness = 20.520630271480776, Evaluations = 5888
Generation 93: Best Solution = [-1.29126643 -0.65111102 -0.52077851  1.53819079 -2.05748131 -2.61843174
 -0.09910837  0.8632521  -1.02881175  1.68743311], Best Fitness = 20.47888063654271, Evaluations = 5952
Generation 94: Best Solution = [-1.27105889 -0.64643791 -0.50563807  1.54157912 -2.04645693 -2.62289549
 -0.07314272  0.87583033 -1.02861705  1.6976259 ], Best Fitness = 20.445590826323635, Evaluations = 6016
Generation 95: Best Solution = [-1.28444833 -0.64901272 -0.51758571  1.52283258 -2.06517938 -2.61591968
 -0.07349348  0.85986781 -1.01103853  1.68994943], Best Fitness = 20.388842640486974, Evaluations = 6080
Generation 96: Best Solution = [-1.29050199 -0.64952758 -0.53335889  1.51856937 -2.04102173 -2.61984818
 -0.09084408  0.85801862 -1.01554756  1.69095762], Best Fitness = 20.34230340224446, Evaluations = 6144
Generation 97: Best Solution = [-1.26080407 -0.66134835 -0.51862117  1.52462155 -2.05081083 -2.60851773
 -0.05746336  0.87304083 -1.01560074  1.69639113], Best Fitness = 20.305327163659058, Evaluations = 6208
Generation 98: Best Solution = [-1.26896451 -0.66424198 -0.51690783  1.51505703 -2.04075183 -2.6203612
 -0.07953318  0.86214281 -1.01822907  1.69103164], Best Fitness = 20.291034862324388, Evaluations = 6272
Generation 99: Best Solution = [-1.28100242 -0.672171   -0.53499602  1.50790429 -2.03414223 -2.61983978
 -0.08496326  0.85847944 -0.9966635   1.69468463], Best Fitness = 20.26357204176681, Evaluations = 6336
Generation 100: Best Solution = [-1.27753571 -0.6581449  -0.54116243  1.50972819 -2.03189774 -2.61065715
 -0.07878499  0.86488599 -1.01716078  1.68072611], Best Fitness = 20.19521850760735, Evaluations = 6400
Generation 101: Best Solution = [-1.26583449 -0.65891216 -0.52571611  1.51690927 -2.03656018 -2.60469712
 -0.07714667  0.86549504 -1.00501806  1.68836809], Best Fitness = 20.161599185393214, Evaluations = 6464
Generation 102: Best Solution = [-1.26356992 -0.67204125 -0.52224266  1.50538316 -2.03230407 -2.61206515
 -0.08551524  0.85601413 -0.98272788  1.68923321], Best Fitness = 20.099644409869104, Evaluations = 6528
Generation 103: Best Solution = [-1.28063021 -0.66702622 -0.5325824   1.50587805 -2.01790453 -2.60688269
 -0.07831104  0.84830667 -0.98213622  1.68949206], Best Fitness = 20.04875832062602, Evaluations = 6592
Generation 104: Best Solution = [-1.27399516 -0.66968333 -0.54267527  1.49301693 -2.01192335 -2.60266988
 -0.09334453  0.84704773 -0.98673859  1.69358041], Best Fitness = 19.98493226848153, Evaluations = 6656
Generation 105: Best Solution = [-1.26821113 -0.66660327 -0.54290408  1.49674098 -2.00857773 -2.59971487
 -0.07928692  0.84974031 -0.97339229  1.69232406], Best Fitness = 19.920398008584655, Evaluations = 6720
Generation 106: Best Solution = [-1.27406678 -0.65751037 -0.52623542  1.51078919 -2.00121179 -2.59481417
 -0.0871016   0.85649939 -0.98354072  1.67785529], Best Fitness = 19.876611550397055, Evaluations = 6784
Generation 107: Best Solution = [-1.2767128  -0.66382739 -0.53149919  1.50113384 -1.99469652 -2.59698744
 -0.08815077  0.85225131 -0.97646098  1.67645675], Best Fitness = 19.827800680189878, Evaluations = 6848
Generation 108: Best Solution = [-1.26157829 -0.6800793  -0.52172941  1.49731169 -1.99523597 -2.60001417
 -0.07936562  0.83496686 -0.96255407  1.68185498], Best Fitness = 19.767886819944007, Evaluations = 6912
Generation 109: Best Solution = [-1.26362718 -0.66227476 -0.50659404  1.49686815 -1.98468879 -2.60010674
 -0.08227164  0.85018163 -0.9626106   1.68051776], Best Fitness = 19.712494465798216, Evaluations = 6976
Generation 110: Best Solution = [-1.24898853 -0.68243801 -0.52701171  1.48529796 -1.98617256 -2.59753971
 -0.09393362  0.85105117 -0.94663568  1.67736421], Best Fitness = 19.644420760260548, Evaluations = 7040
Generation 111: Best Solution = [-1.27303569 -0.68244829 -0.51967734  1.49307472 -1.96304761 -2.59651975
 -0.08298554  0.8535821  -0.94746603  1.67419581], Best Fitness = 19.617275472040554, Evaluations = 7104
Generation 112: Best Solution = [-1.26366751 -0.67811349 -0.53457014  1.48896041 -1.98097767 -2.58352344
 -0.08927594  0.84850812 -0.9432559   1.67744091], Best Fitness = 19.58980365679459, Evaluations = 7168
Generation 113: Best Solution = [-1.24668506 -0.67653625 -0.53051585  1.47832671 -1.99374774 -2.5824247
 -0.07236126  0.85281857 -0.92499523  1.68033469], Best Fitness = 19.53444577918413, Evaluations = 7232
Generation 114: Best Solution = [-1.25490893 -0.68169952 -0.52874601  1.47357972 -1.97854604 -2.58483459
 -0.10108327  0.85755313 -0.91696654  1.67549477], Best Fitness = 19.4802600397959, Evaluations = 7296
Generation 115: Best Solution = [-1.23709427 -0.69525272 -0.51832989  1.47375549 -1.97787255 -2.57366025
 -0.09182081  0.85155972 -0.91467387  1.68864678], Best Fitness = 19.411847842668745, Evaluations = 7360
Generation 116: Best Solution = [-1.2485907  -0.68041939 -0.54528046  1.47180604 -1.96704048 -2.5732701
 -0.07892228  0.85519822 -0.91020685  1.68375917], Best Fitness = 19.377574571556124, Evaluations = 7424
Generation 117: Best Solution = [-1.24599705 -0.68471337 -0.55252363  1.46556631 -1.97106602 -2.57028065
 -0.09728521  0.85254626 -0.906077    1.67587333], Best Fitness = 19.331778394011412, Evaluations = 7488
Generation 118: Best Solution = [-1.26087515 -0.67365253 -0.56669629  1.4658754  -1.97675479 -2.55247067
 -0.08844496  0.85547319 -0.9026237   1.67236002], Best Fitness = 19.287389790866875, Evaluations = 7552
Generation 119: Best Solution = [-1.25785447 -0.66497207 -0.5464756   1.46473449 -1.97117233 -2.54635375
 -0.09253843  0.85291669 -0.89739275  1.67712022], Best Fitness = 19.191982438743278, Evaluations = 7616
Generation 120: Best Solution = [-1.25420152 -0.64864763 -0.55881755  1.45312359 -1.97552101 -2.54956482
 -0.11091753  0.8691453  -0.90203931  1.66260031], Best Fitness = 19.166205419186305, Evaluations = 7680
Generation 121: Best Solution = [-1.25337188 -0.6382776  -0.55172141  1.44537704 -1.96421112 -2.55902926
 -0.13122952  0.87776008 -0.91402662  1.65136467], Best Fitness = 19.128740667741944, Evaluations = 7744
Generation 122: Best Solution = [-1.24869423 -0.66106133 -0.56368581  1.46339801 -1.96810195 -2.54255081
 -0.09553266  0.84686832 -0.89685774  1.66090242], Best Fitness = 19.082767830346718, Evaluations = 7808
Generation 123: Best Solution = [-1.25309072 -0.67470898 -0.56569151  1.46088438 -1.97299351 -2.52418698
 -0.08346204  0.84104504 -0.88312456  1.67019267], Best Fitness = 19.027657111124306, Evaluations = 7872
Generation 124: Best Solution = [-1.23783161 -0.65221704 -0.56031623  1.44363821 -1.96691458 -2.5312681
 -0.10691258  0.86226612 -0.89687679  1.66186812], Best Fitness = 18.952857685703062, Evaluations = 7936
Generation 125: Best Solution = [-1.25183093 -0.65129364 -0.58077049  1.45541998 -1.94968702 -2.52784475
 -0.10796466  0.85556655 -0.89563155  1.65340987], Best Fitness = 18.917654928804453, Evaluations = 8000
Generation 126: Best Solution = [-1.25043489 -0.64710954 -0.55402283  1.45971874 -1.95495162 -2.53241127
 -0.09587481  0.84843602 -0.90005433  1.64699721], Best Fitness = 18.906734196826008, Evaluations = 8064
Generation 127: Best Solution = [-1.24444799 -0.65492618 -0.5496827   1.44590298 -1.96551118 -2.5325857
 -0.1096032   0.84967532 -0.9016561   1.63752217], Best Fitness = 18.876013705739666, Evaluations = 8128
Generation 128: Best Solution = [-1.23496321 -0.65927668 -0.54687982  1.45060307 -1.96368636 -2.52510468
 -0.0974144   0.83198698 -0.89660642  1.64912583], Best Fitness = 18.82053539065699, Evaluations = 8192
Generation 129: Best Solution = [-1.23444658 -0.65888721 -0.55931385  1.44398756 -1.95214242 -2.51363683
 -0.08829849  0.83008174 -0.88342385  1.65130506], Best Fitness = 18.68923131854521, Evaluations = 8256
Generation 130: Best Solution = [-1.25111561 -0.66029607 -0.57522927  1.45073453 -1.95805373 -2.4942359
 -0.09647272  0.8213405  -0.88351547  1.65323403], Best Fitness = 18.68967724982879, Evaluations = 8320
Generation 131: Best Solution = [-1.2498343  -0.63447193 -0.57314391  1.44930612 -1.94597071 -2.50866295
 -0.10621341  0.83353679 -0.88369159  1.63024383], Best Fitness = 18.6184850325076, Evaluations = 8384
Generation 132: Best Solution = [-1.25116819 -0.62330268 -0.57490176  1.43750831 -1.93935379 -2.50776566
 -0.09980986  0.85261532 -0.87588813  1.6294283 ], Best Fitness = 18.559983440329912, Evaluations = 8448
Generation 133: Best Solution = [-1.22688067 -0.63251255 -0.56441883  1.43530904 -1.93253223 -2.51588602
 -0.08919594  0.8523918  -0.87375222  1.63445366], Best Fitness = 18.517761637697117, Evaluations = 8512
Generation 134: Best Solution = [-1.24401356 -0.61878614 -0.5743614   1.43319916 -1.93820818 -2.50257174
 -0.1030514   0.83728371 -0.88783113  1.63030227], Best Fitness = 18.491726299972793, Evaluations = 8576
Generation 135: Best Solution = [-1.21776525 -0.62785497 -0.5569233   1.42451767 -1.93385829 -2.5056112
 -0.07604188  0.84117268 -0.89236526  1.63187182], Best Fitness = 18.40713886368726, Evaluations = 8640
Generation 136: Best Solution = [-1.20989215 -0.64642597 -0.55948351  1.43437302 -1.93733505 -2.4952427
 -0.07602633  0.84250827 -0.88816368  1.62732118], Best Fitness = 18.38426568232745, Evaluations = 8704
Generation 137: Best Solution = [-1.20340796 -0.64123209 -0.56789405  1.42479902 -1.9290391  -2.50322708
 -0.07737506  0.83917358 -0.87549868  1.62883821], Best Fitness = 18.32907394574879, Evaluations = 8768
Generation 138: Best Solution = [-1.22817441 -0.65498334 -0.54837509  1.44334004 -1.92373983 -2.48086721
 -0.07345303  0.83897318 -0.86733116  1.63079669], Best Fitness = 18.29787087675555, Evaluations = 8832
Generation 139: Best Solution = [-1.19185441 -0.66055394 -0.5352968   1.43302588 -1.93875041 -2.48416255
 -0.05954602  0.84174011 -0.88491272  1.62455506], Best Fitness = 18.261092846518196, Evaluations = 8896
Generation 140: Best Solution = [-1.18943431 -0.59949057 -0.5505741   1.39532124 -1.92942602 -2.50199361
 -0.100916    0.87381159 -0.90796743  1.61120508], Best Fitness = 18.20097034098286, Evaluations = 8960
Generation 141: Best Solution = [-1.1959281  -0.6566764  -0.53583499  1.42633806 -1.94058434 -2.46867268
 -0.06214963  0.82827357 -0.89663901  1.62290177], Best Fitness = 18.17091101397545, Evaluations = 9024
Generation 142: Best Solution = [-1.22368283 -0.61523173 -0.54355755  1.41284696 -1.93135055 -2.47184593
 -0.08820603  0.82699959 -0.9004022   1.62016129], Best Fitness = 18.134993689677163, Evaluations = 9088
Generation 143: Best Solution = [-1.18473888 -0.66355693 -0.51386743  1.43050001 -1.94096822 -2.46525669
 -0.06936063  0.82796933 -0.90983143  1.59875018], Best Fitness = 18.07329171432317, Evaluations = 9152
Generation 144: Best Solution = [-1.17786073 -0.62728114 -0.53725806  1.40307784 -1.93780106 -2.47273564
 -0.09555057  0.84872856 -0.91242521  1.6099374 ], Best Fitness = 18.061493939815072, Evaluations = 9216
Generation 145: Best Solution = [-1.18431756 -0.628511   -0.53672669  1.42113713 -1.93157086 -2.46525246
 -0.08352066  0.81778809 -0.90797576  1.60730327], Best Fitness = 17.997372962008143, Evaluations = 9280
Generation 146: Best Solution = [-1.20348941 -0.6222316  -0.53912458  1.40853874 -1.93594656 -2.45190728
 -0.09456185  0.82466311 -0.88725195  1.61446472], Best Fitness = 17.952657551054234, Evaluations = 9344
Generation 147: Best Solution = [-1.20248665 -0.64279617 -0.53022604  1.42313874 -1.92691333 -2.44893849
 -0.07747122  0.81842128 -0.88470033  1.60902254], Best Fitness = 17.923382706109297, Evaluations = 9408
Generation 148: Best Solution = [-1.18251895 -0.65485663 -0.51928034  1.40244707 -1.93623486 -2.45339346
 -0.07361377  0.8219276  -0.88617698  1.60433778], Best Fitness = 17.872036380114565, Evaluations = 9472
Generation 149: Best Solution = [-1.19389937 -0.62128262 -0.5349139   1.39943684 -1.94195741 -2.43939357
 -0.09150702  0.81820042 -0.88998936  1.60799798], Best Fitness = 17.833347735742084, Evaluations = 9536
Generation 150: Best Solution = [-1.19842209 -0.60788088 -0.5256024   1.4035584  -1.93306718 -2.44449756
 -0.08368408  0.82810983 -0.90483015  1.59151084], Best Fitness = 17.8086790170704, Evaluations = 9600
Generation 151: Best Solution = [-1.1906108  -0.63081629 -0.5437767   1.40977202 -1.91559136 -2.43466253
 -0.08753069  0.80353864 -0.87421313  1.62801342], Best Fitness = 17.76371766120072, Evaluations = 9664
Generation 152: Best Solution = [-1.17646131 -0.6153332  -0.54311586  1.39870247 -1.92643121 -2.4362469
 -0.08499758  0.81361872 -0.89898021  1.60266378], Best Fitness = 17.706372366307875, Evaluations = 9728
Generation 153: Best Solution = [-1.16560789 -0.64850702 -0.51681087  1.4112816  -1.91576131 -2.44428648
 -0.08113789  0.82930957 -0.89206464  1.58552161], Best Fitness = 17.686685951695445, Evaluations = 9792
Generation 154: Best Solution = [-1.18616893 -0.62002323 -0.54442251  1.40862187 -1.91218205 -2.42169078
 -0.10433259  0.80611904 -0.87982339  1.61125411], Best Fitness = 17.624005603834263, Evaluations = 9856
Generation 155: Best Solution = [-1.18518907 -0.61706969 -0.543628    1.39978992 -1.91049858 -2.42886457
 -0.10210473  0.80192692 -0.89693633  1.6002909 ], Best Fitness = 17.60871715187701, Evaluations = 9920
Generation 156: Best Solution = [-1.17502193 -0.63075101 -0.53006375  1.39665954 -1.91150335 -2.42649505
 -0.09713026  0.8071492  -0.89237221  1.59116085], Best Fitness = 17.54091725204801, Evaluations = 9984
Generation 157: Best Solution = [-1.16965591 -0.62646156 -0.53089954  1.40191362 -1.90968227 -2.4219481
 -0.09971411  0.8104567  -0.89338878  1.59445285], Best Fitness = 17.52769051763442, Evaluations = 10048
