Algorithm: Cross-Entropy Method
Objective Function: Ackley
Dimension: 2
Population Size: 128
Max Evaluations: 2000

Generation 1: Best Solution = [-0.05106082  2.09898946], Best Fitness = 5.443397605579079, Evaluations = 128
Generation 2: Best Solution = [0.55205731 0.95489117], Best Fitness = 4.600279978934552, Evaluations = 256
Generation 3: Best Solution = [ 0.11465889 -0.92089476], Best Fitness = 2.918360298901089, Evaluations = 384
Generation 4: Best Solution = [-0.13641657  0.0065144 ], Best Fitness = 0.8146711804606253, Evaluations = 512
Generation 5: Best Solution = [0.0784721  0.00926162], Best Fitness = 0.38157527391527113, Evaluations = 640
Generation 6: Best Solution = [-0.0158569 -0.0107396], Best Fitness = 0.06391095556020021, Evaluations = 768
Generation 7: Best Solution = [0.00709692 0.00749673], Best Fitness = 0.03203398084583542, Evaluations = 896
Generation 8: Best Solution = [-0.00049727  0.00082008], Best Fitness = 0.0027371343684632343, Evaluations = 1024
Generation 9: Best Solution = [0.00132679 0.00070921], Best Fitness = 0.004315474781730888, Evaluations = 1152
Generation 10: Best Solution = [-2.84505533e-06 -1.45180136e-04], Best Fitness = 0.00041127174223420937, Evaluations = 1280
Generation 11: Best Solution = [-0.00012142 -0.00032959], Best Fitness = 0.0009967552641616528, Evaluations = 1408
Generation 12: Best Solution = [-0.0003547  -0.00045474], Best Fitness = 0.0016400649483867547, Evaluations = 1536
Generation 13: Best Solution = [-0.00010563 -0.00012881], Best Fitness = 0.0004719069939693732, Evaluations = 1664
Generation 14: Best Solution = [ 3.08897285e-04 -6.49226813e-05], Best Fitness = 0.0008954351592831422, Evaluations = 1792
Generation 15: Best Solution = [0.00058776 0.00015063], Best Fitness = 0.001725952688762522, Evaluations = 1920
Generation 16: Best Solution = [1.74855097e-04 8.84042240e-05], Best Fitness = 0.0005552035358573626, Evaluations = 2048
