Algorithm: Cross-Entropy Method
Objective Function: Rosenbrock
Dimension: 2
Population Size: 64
Max Evaluations: 2000

Generation 1: Best Solution = [1.94595711 3.71293683], Best Fitness = 1.4396595826873226, Evaluations = 64
Generation 2: Best Solution = [-0.0197708 -0.1904129], Best Fitness = 4.680540967196565, Evaluations = 128
Generation 3: Best Solution = [0.34890756 0.07070436], Best Fitness = 0.6843491304465836, Evaluations = 192
Generation 4: Best Solution = [0.6454219  0.61956444], Best Fitness = 4.246423261214612, Evaluations = 256
Generation 5: Best Solution = [0.74001973 0.57262865], Best Fitness = 0.13008702041731435, Evaluations = 320
Generation 6: Best Solution = [0.96393475 0.92187316], Best Fitness = 0.006625388544121551, Evaluations = 384
Generation 7: Best Solution = [0.9551401  0.91324123], Best Fitness = 0.0021023974723164665, Evaluations = 448
Generation 8: Best Solution = [0.85412961 0.72552576], Best Fitness = 0.022887488225110157, Evaluations = 512
Generation 9: Best Solution = [0.86489847 0.73999922], Best Fitness = 0.024732914016388354, Evaluations = 576
Generation 10: Best Solution = [0.90109849 0.81153591], Best Fitness = 0.009801096619993588, Evaluations = 640
Generation 11: Best Solution = [0.91702093 0.83679944], Best Fitness = 0.008589521015027095, Evaluations = 704
Generation 12: Best Solution = [0.91711175 0.84074738], Best Fitness = 0.00688247393094022, Evaluations = 768
Generation 13: Best Solution = [0.91862671 0.84364834], Best Fitness = 0.006626751433894064, Evaluations = 832
Generation 14: Best Solution = [0.93712048 0.87465685], Best Fitness = 0.005205539577777491, Evaluations = 896
Generation 15: Best Solution = [0.93703579 0.8767354 ], Best Fitness = 0.0041336664337886875, Evaluations = 960
Generation 16: Best Solution = [0.94252097 0.8864897 ], Best Fitness = 0.003648343860598248, Evaluations = 1024
Generation 17: Best Solution = [0.94437476 0.88923092], Best Fitness = 0.0037768289797078386, Evaluations = 1088
Generation 18: Best Solution = [0.94543919 0.89528524], Best Fitness = 0.003181365215389609, Evaluations = 1152
Generation 19: Best Solution = [0.94575678 0.89528796], Best Fitness = 0.0030115595823554126, Evaluations = 1216
Generation 20: Best Solution = [0.94680074 0.89653985], Best Fitness = 0.0028313316106434276, Evaluations = 1280
Generation 21: Best Solution = [0.95160633 0.90509746], Best Fitness = 0.0023628459577352086, Evaluations = 1344
Generation 22: Best Solution = [0.95103897 0.90490301], Best Fitness = 0.0024154904013432713, Evaluations = 1408
Generation 23: Best Solution = [0.95604771 0.9117316 ], Best Fitness = 0.0024587895885860257, Evaluations = 1472
Generation 24: Best Solution = [0.95635795 0.9147917 ], Best Fitness = 0.0019075584558779892, Evaluations = 1536
Generation 25: Best Solution = [0.95767256 0.91672868], Best Fitness = 0.0018082623845602698, Evaluations = 1600
Generation 26: Best Solution = [0.96344316 0.92882913], Best Fitness = 0.0013731748673271105, Evaluations = 1664
Generation 27: Best Solution = [0.9622891  0.92614046], Best Fitness = 0.0014240757193903044, Evaluations = 1728
Generation 28: Best Solution = [0.96797436 0.93665467], Best Fitness = 0.0010358615489114609, Evaluations = 1792
Generation 29: Best Solution = [0.97160801 0.94583145], Best Fitness = 0.0011334680395153332, Evaluations = 1856
Generation 30: Best Solution = [0.9722211  0.94482763], Best Fitness = 0.0007865853725099242, Evaluations = 1920
Generation 31: Best Solution = [0.97560395 0.95255124], Best Fitness = 0.000651142603106488, Evaluations = 1984
Generation 32: Best Solution = [0.97319438 0.94723268], Best Fitness = 0.0007201133645650193, Evaluations = 2048
