Algorithm: Cross-Entropy Method
Objective Function: Ackley
Dimension: 10
Population Size: 128
Max Evaluations: 10000

Generation 1: Best Solution = [  6.1005076  -10.06599411 -11.4187099   11.5385481  -19.4288518
 -19.63305261  11.85269755  -4.91446777  -4.15742351   3.13978272], Best Fitness = 19.671377805950858, Evaluations = 128
Generation 2: Best Solution = [ -8.67644698  -2.60783516  -8.40875625  12.31851348  -5.7601203
  -8.96731208   5.91809985   4.77189311 -16.79767406   3.05365324], Best Fitness = 18.165877035250073, Evaluations = 256
Generation 3: Best Solution = [-2.31741099  1.53717688  8.42531556 13.39364049 -2.04523322 -0.96835944
 13.58777341  6.71616132 -4.09449868 -5.19618404], Best Fitness = 17.19502154496574, Evaluations = 384
Generation 4: Best Solution = [  0.47392441  -3.98885292   1.99035652   8.79470697   3.11799453
 -14.50550404   7.57018877   7.95060635  -4.39087868  -1.03491171], Best Fitness = 16.419153668137422, Evaluations = 512
Generation 5: Best Solution = [-2.41127943  8.02656736 -0.50345843 10.20559118 -6.9976894  -6.79884094
  7.06640224  3.03635204 -3.82701393  0.46524164], Best Fitness = 15.29546346184074, Evaluations = 640
Generation 6: Best Solution = [-1.16710997  1.41270914  4.20871457  7.90268525  1.66474877 -3.73179281
  6.21021161  3.16255559 -3.82968553  1.11371939], Best Fitness = 12.602161447729342, Evaluations = 768
Generation 7: Best Solution = [-0.49624551  2.19609486  2.54413983  6.34011228  2.06868022 -4.4116108
  1.24752532  3.35977024 -8.44628102 -0.28844173], Best Fitness = 13.04969102888943, Evaluations = 896
Generation 8: Best Solution = [-3.37481381  2.06227853  2.7982452   8.23112923 -1.94250736 -4.12578844
  3.82323594  2.73854841 -4.82783529 -1.64484629], Best Fitness = 12.450744424504817, Evaluations = 1024
Generation 9: Best Solution = [-2.93203708  0.66444348  0.72008988  6.49167401  0.88068799 -2.82396657
  1.96663897  5.18357159 -7.00264056 -2.08779656], Best Fitness = 11.932109038982574, Evaluations = 1152
Generation 10: Best Solution = [-0.94921876  1.18828334  2.14547848  8.15411191 -1.11740787 -4.66966842
  2.01879163  0.78874039 -5.14641778 -1.26608278], Best Fitness = 11.405294503535332, Evaluations = 1280
Generation 11: Best Solution = [ 0.53788598 -0.05444466  0.98458731  8.00605049  1.03064207 -5.2409918
  3.91051688  1.89416478 -4.10739559 -3.04269586], Best Fitness = 11.334311558979012, Evaluations = 1408
Generation 12: Best Solution = [-0.26965572 -1.13376064  1.34134842  6.26085128  0.16601691 -4.98819759
  1.97735364  1.71419488 -5.66227652 -1.73571849], Best Fitness = 11.218255569063704, Evaluations = 1536
Generation 13: Best Solution = [-0.7508695   0.95360572  0.92967182  7.0298644  -1.43712069 -4.31073709
  1.12405516  1.79660729 -5.11798929 -1.10352134], Best Fitness = 10.72985468082085, Evaluations = 1664
Generation 14: Best Solution = [ 0.00972726 -0.04307257  2.09934908  6.09532764 -1.04418677 -4.96794983
  0.91362147  1.61157094 -5.25303466 -1.06786559], Best Fitness = 10.15556502352722, Evaluations = 1792
Generation 15: Best Solution = [-0.25338004  0.27004607  0.7554701   5.88100669 -0.23561626 -3.99055687
  2.69717331  2.42786742 -5.10043776 -1.11811599], Best Fitness = 10.579148496270015, Evaluations = 1920
Generation 16: Best Solution = [-0.12685496  0.11688493  1.85575092  5.68576988  0.09799936 -4.65789204
  1.88358634  1.76307872 -5.16310234 -1.0962476 ], Best Fitness = 10.308199071912487, Evaluations = 2048
Generation 17: Best Solution = [-0.03399684  0.89131504  0.993206    5.90435887 -0.72470803 -4.88562914
  1.96061259  2.15715734 -4.97806645 -0.98714305], Best Fitness = 9.775982414133527, Evaluations = 2176
Generation 18: Best Solution = [ 0.01677155  0.93087874  0.27452252  6.05797742 -1.11242283 -4.65365628
  1.90785901  2.13973572 -4.9099135  -1.13948878], Best Fitness = 10.099384233557869, Evaluations = 2304
Generation 19: Best Solution = [ 0.02102442  0.1516212   2.03420655  5.81045015 -0.01781373 -4.25553097
  1.98177669  1.97668969 -4.76087357 -0.95003976], Best Fitness = 9.657477166300714, Evaluations = 2432
Generation 20: Best Solution = [-0.29256225  0.03106997  1.66459326  6.12253977 -0.11774852 -4.00120444
  1.97491167  2.13248899 -4.79883311 -0.96104323], Best Fitness = 9.946891438539726, Evaluations = 2560
Generation 21: Best Solution = [-0.78445277 -0.15801835  1.82288475  5.98066669 -0.05896731 -4.15735843
  1.96249476  2.05003142 -4.88721807 -1.0221082 ], Best Fitness = 9.656503773108128, Evaluations = 2688
Generation 22: Best Solution = [-0.99270213  0.01100925  1.84983208  6.00133716 -0.13705686 -4.15668376
  2.01716157  2.02833506 -4.93460824 -1.07461289], Best Fitness = 9.435865823020045, Evaluations = 2816
Generation 23: Best Solution = [-0.12733263  0.0700145   1.94569696  6.02859292  0.2096487  -4.0499496
  1.98196324  2.12549454 -4.87270922 -1.05675196], Best Fitness = 9.499075939488385, Evaluations = 2944
Generation 24: Best Solution = [-6.53730635e-04  8.24612175e-03  1.91840768e+00  5.94900825e+00
  7.66808543e-02 -4.10221097e+00  1.97957429e+00  2.09998385e+00
 -4.85950165e+00 -1.00464258e+00], Best Fitness = 9.25476944569755, Evaluations = 3072
Generation 25: Best Solution = [-0.02527843  0.07101282  1.96120601  5.97699078  0.07984241 -4.08133074
  2.04278396  2.08610825 -4.87389865 -1.01500981], Best Fitness = 9.236861909223673, Evaluations = 3200
Generation 26: Best Solution = [-0.9349856   0.02420585  2.00227118  6.02458473  0.04081785 -4.05449376
  1.94808173  1.96160455 -4.92338944 -1.04676176], Best Fitness = 9.1612561315915, Evaluations = 3328
Generation 27: Best Solution = [-1.035805   -0.02050335  1.97918579  5.98421322 -0.05710556 -4.1025012
  1.98652973  1.93808466 -4.95965879 -1.0207023 ], Best Fitness = 9.173696450393212, Evaluations = 3456
Generation 28: Best Solution = [-0.98074695 -0.04129392  1.96616191  5.94527927  0.01567385 -4.09286476
  1.99725583  1.96210112 -4.9647432  -1.0513116 ], Best Fitness = 9.14841675152524, Evaluations = 3584
Generation 29: Best Solution = [-0.9310048   0.03321722  1.9595624   6.02914517  0.04059362 -4.03402452
  1.96365252  1.97333844 -4.94281178 -1.0358946 ], Best Fitness = 9.13800277485121, Evaluations = 3712
Generation 30: Best Solution = [-0.97922337  0.02059439  1.9297053   5.99607783  0.06382909 -4.03075082
  1.94008381  1.95729474 -4.94877434 -1.02823365], Best Fitness = 9.127240400547015, Evaluations = 3840
Generation 31: Best Solution = [-0.97280819  0.01166058  1.91785653  5.98547593  0.00617918 -4.04658669
  1.99382262  1.96513503 -4.97320224 -1.03876061], Best Fitness = 9.11171230430267, Evaluations = 3968
Generation 32: Best Solution = [-1.00248834  0.01258512  1.94105488  5.99407163  0.03780961 -4.038537
  1.97906126  1.98939941 -4.95926868 -1.05342558], Best Fitness = 9.106688826878248, Evaluations = 4096
Generation 33: Best Solution = [-1.01172423  0.00912614  1.95563448  5.99442631  0.00724467 -4.03663705
  1.98684254  1.95554988 -4.96565144 -1.0462788 ], Best Fitness = 9.093703053666388, Evaluations = 4224
Generation 34: Best Solution = [-0.99456941  0.01304177  1.94876521  5.98768506  0.02645366 -4.03723633
  1.96925792  1.96700476 -4.96058007 -1.03316343], Best Fitness = 9.088518369724653, Evaluations = 4352
Generation 35: Best Solution = [-1.00231258e+00  4.74229381e-03  1.96625517e+00  5.99090574e+00
  2.57965819e-02 -4.03306454e+00  1.98405763e+00  1.96287961e+00
 -4.95235064e+00 -1.03630208e+00], Best Fitness = 9.082590043905112, Evaluations = 4480
Generation 36: Best Solution = [-1.00102167  0.0126655   1.96491187  5.9928175   0.03363256 -4.02191759
  1.98490255  1.96391094 -4.95156939 -1.02939504], Best Fitness = 9.077081507360038, Evaluations = 4608
Generation 37: Best Solution = [-1.01169283e+00  1.23106358e-03  1.96993149e+00  5.99103327e+00
  2.43388506e-02 -4.03228988e+00  1.98292002e+00  1.96464540e+00
 -4.95649770e+00 -1.01398429e+00], Best Fitness = 9.07388568122658, Evaluations = 4736
Generation 38: Best Solution = [-0.99993529  0.02118163  1.97368168  5.98180366  0.02646114 -4.01938555
  1.98628347  1.95893353 -4.9491888  -1.02115009], Best Fitness = 9.068891075180103, Evaluations = 4864
Generation 39: Best Solution = [-0.99781305  0.00616965  1.96857796  5.97627505  0.02531552 -4.02217824
  1.98686615  1.97170175 -4.95465614 -1.02398194], Best Fitness = 9.064627784968861, Evaluations = 4992
Generation 40: Best Solution = [-0.99400537  0.01637021  1.96467569  5.97910376  0.01921508 -4.01998191
  1.99801078  1.9741683  -4.96878777 -1.01245722], Best Fitness = 9.06126888254613, Evaluations = 5120
Generation 41: Best Solution = [-9.89600987e-01  4.35810238e-03  1.96695502e+00  5.98125736e+00
  1.50766735e-02 -4.01518166e+00  1.98681043e+00  1.97558080e+00
 -4.95651734e+00 -1.02148102e+00], Best Fitness = 9.058711282380713, Evaluations = 5248
Generation 42: Best Solution = [-0.99692609  0.00712495  1.97602247  5.98050214  0.01914344 -4.01519467
  1.98001482  1.97100817 -4.96245412 -1.00362617], Best Fitness = 9.054798792182934, Evaluations = 5376
Generation 43: Best Solution = [-9.91887767e-01  3.68930392e-03  1.97482234e+00  5.97133514e+00
  1.83945047e-02 -4.00846211e+00  1.98127536e+00  1.97092916e+00
 -4.95597628e+00 -1.01591750e+00], Best Fitness = 9.052584165528838, Evaluations = 5504
Generation 44: Best Solution = [-0.98958475  0.00724976  1.97197606  5.97768739  0.00925984 -4.00404491
  1.97554561  1.97811807 -4.95742578 -1.01513077], Best Fitness = 9.050628384456129, Evaluations = 5632
Generation 45: Best Solution = [-9.98108794e-01  4.58942656e-03  1.96744397e+00  5.96185012e+00
  4.20718529e-03 -4.00008137e+00  1.99337190e+00  1.97990180e+00
 -4.95334641e+00 -1.00592337e+00], Best Fitness = 9.04607391956701, Evaluations = 5760
Generation 46: Best Solution = [-9.91154430e-01  4.52074273e-03  1.98136581e+00  5.96608897e+00
  7.53371356e-03 -3.99542871e+00  1.98641902e+00  1.96883853e+00
 -4.96355054e+00 -1.01376846e+00], Best Fitness = 9.045187527180282, Evaluations = 5888
Generation 47: Best Solution = [-9.92931503e-01 -8.85842801e-05  1.98200154e+00  5.96344060e+00
  9.01169719e-03 -3.99356656e+00  1.97878378e+00  1.97936852e+00
 -4.96034277e+00 -1.01059186e+00], Best Fitness = 9.042958935706839, Evaluations = 6016
Generation 48: Best Solution = [-9.95413659e-01  3.09187137e-03  1.97802252e+00  5.96912288e+00
 -1.87287871e-03 -3.99223520e+00  1.98371079e+00  1.98091679e+00
 -4.96326059e+00 -1.00321435e+00], Best Fitness = 9.041486954364315, Evaluations = 6144
Generation 49: Best Solution = [-9.91082421e-01 -1.53772041e-03  1.98181498e+00  5.97069868e+00
  6.68606443e-03 -3.98579819e+00  1.97865882e+00  1.98202063e+00
 -4.96224872e+00 -1.00703859e+00], Best Fitness = 9.041206455522286, Evaluations = 6272
Generation 50: Best Solution = [-9.88944844e-01  2.18557263e-03  1.98124761e+00  5.96288710e+00
  5.76719092e-03 -3.98776650e+00  1.98239372e+00  1.97979662e+00
 -4.96666071e+00 -9.99781969e-01], Best Fitness = 9.039934582585401, Evaluations = 6400
Generation 51: Best Solution = [-9.91193982e-01 -6.60170528e-04  1.98884281e+00  5.96431577e+00
 -1.54226092e-03 -3.98186991e+00  1.98226351e+00  1.98720601e+00
 -4.96490533e+00 -9.99733890e-01], Best Fitness = 9.038648398648947, Evaluations = 6528
Generation 52: Best Solution = [-1.00125504e+00  2.87995346e-03  1.98556688e+00  5.96352716e+00
  2.67943433e-03 -3.98080723e+00  1.98437851e+00  1.98940691e+00
 -4.96772655e+00 -9.90876927e-01], Best Fitness = 9.03866896925686, Evaluations = 6656
Generation 53: Best Solution = [-9.94706996e-01  7.34348578e-03  1.98898887e+00  5.96013744e+00
 -7.69331588e-04 -3.97445551e+00  1.98158858e+00  1.98954141e+00
 -4.96202132e+00 -9.90469323e-01], Best Fitness = 9.038270762725727, Evaluations = 6784
Generation 54: Best Solution = [-9.96534625e-01  3.14421663e-03  1.98495686e+00  5.96079561e+00
 -2.75586664e-03 -3.97438815e+00  1.98655263e+00  1.98096328e+00
 -4.96580539e+00 -9.93555699e-01], Best Fitness = 9.03798036777407, Evaluations = 6912
Generation 55: Best Solution = [-9.96023166e-01  9.63581125e-04  1.98378261e+00  5.95928029e+00
 -3.02868594e-04 -3.97097516e+00  1.98499182e+00  1.98742006e+00
 -4.96097116e+00 -9.95966324e-01], Best Fitness = 9.03787878458709, Evaluations = 7040
Generation 56: Best Solution = [-9.92506789e-01  1.62504256e-07  1.98400636e+00  5.96213698e+00
  4.35583723e-04 -3.97002223e+00  1.98375995e+00  1.98828039e+00
 -4.96580187e+00 -9.94026860e-01], Best Fitness = 9.037808570479289, Evaluations = 7168
Generation 57: Best Solution = [-9.89691113e-01  9.34516311e-04  1.98423427e+00  5.96146377e+00
 -8.68834602e-04 -3.96907119e+00  1.98485284e+00  1.98502280e+00
 -4.96883139e+00 -9.91714972e-01], Best Fitness = 9.0379078062121, Evaluations = 7296
Generation 58: Best Solution = [-9.91118415e-01 -7.75435492e-04  1.98280920e+00  5.96005462e+00
 -1.80922119e-03 -3.97608203e+00  1.98479661e+00  1.98570618e+00
 -4.96237348e+00 -9.95923785e-01], Best Fitness = 9.037910979800703, Evaluations = 7424
Generation 59: Best Solution = [-9.92680379e-01  4.22842762e-03  1.98728343e+00  5.95793324e+00
 -3.62365616e-03 -3.97048074e+00  1.98261063e+00  1.98431642e+00
 -4.96578019e+00 -9.91734738e-01], Best Fitness = 9.037914161455806, Evaluations = 7552
Generation 60: Best Solution = [-9.95089171e-01  3.31186389e-03  1.98789789e+00  5.96158136e+00
  2.48547284e-03 -3.97410749e+00  1.98702665e+00  1.98692938e+00
 -4.96722044e+00 -9.93087104e-01], Best Fitness = 9.037823606731793, Evaluations = 7680
Generation 61: Best Solution = [-9.91363949e-01  1.61603469e-03  1.98741921e+00  5.95760554e+00
 -8.91826952e-04 -3.96786820e+00  1.98498515e+00  1.98621804e+00
 -4.96672119e+00 -9.97416051e-01], Best Fitness = 9.03788744965728, Evaluations = 7808
Generation 62: Best Solution = [-9.91906083e-01  2.65950703e-03  1.98605265e+00  5.95686579e+00
 -2.89752165e-03 -3.97469414e+00  1.98847156e+00  1.98759237e+00
 -4.96157449e+00 -9.95433033e-01], Best Fitness = 9.037888680535394, Evaluations = 7936
Generation 63: Best Solution = [-9.93546285e-01 -5.40677080e-03  1.98512192e+00  5.96054669e+00
 -1.12205318e-03 -3.97366091e+00  1.98584522e+00  1.98650257e+00
 -4.96175962e+00 -9.95600639e-01], Best Fitness = 9.037923639428318, Evaluations = 8064
Generation 64: Best Solution = [-9.91978404e-01  2.02385359e-04  1.98672202e+00  5.95487888e+00
 -5.34654036e-04 -3.97397349e+00  1.98690137e+00  1.98766272e+00
 -4.96529601e+00 -9.94513042e-01], Best Fitness = 9.037725685423656, Evaluations = 8192
Generation 65: Best Solution = [-9.90519019e-01 -5.62429540e-04  1.98519579e+00  5.96135342e+00
 -1.53339568e-03 -3.97273814e+00  1.98914776e+00  1.98553339e+00
 -4.96332336e+00 -9.91150041e-01], Best Fitness = 9.037810122098058, Evaluations = 8320
Generation 66: Best Solution = [-9.90874460e-01 -3.53286065e-03  1.98752354e+00  5.95758191e+00
  4.62030725e-04 -3.97061859e+00  1.99092219e+00  1.99158412e+00
 -4.96387701e+00 -9.92762235e-01], Best Fitness = 9.038020534644044, Evaluations = 8448
Generation 67: Best Solution = [-9.92823859e-01  5.20424300e-03  1.98421349e+00  5.95841503e+00
  2.17896809e-03 -3.97357177e+00  1.98810007e+00  1.98260366e+00
 -4.96255380e+00 -9.92551255e-01], Best Fitness = 9.037952741096817, Evaluations = 8576
Generation 68: Best Solution = [-9.92855828e-01  3.74862230e-04  1.98581296e+00  5.96130047e+00
 -2.92560785e-03 -3.97197147e+00  1.98755221e+00  1.98599328e+00
 -4.96505619e+00 -9.92061813e-01], Best Fitness = 9.037723281536516, Evaluations = 8704
Generation 69: Best Solution = [-9.97495035e-01 -6.46214607e-04  1.98562114e+00  5.95578428e+00
  1.99596460e-03 -3.97347260e+00  1.98741192e+00  1.98857130e+00
 -4.96535220e+00 -9.91472170e-01], Best Fitness = 9.037834378565288, Evaluations = 8832
Generation 70: Best Solution = [-9.88284241e-01 -1.61625485e-03  1.98832124e+00  5.95936413e+00
  4.67886505e-04 -3.97051845e+00  1.98939506e+00  1.98565940e+00
 -4.96442228e+00 -9.88877274e-01], Best Fitness = 9.037961402213075, Evaluations = 8960
Generation 71: Best Solution = [-9.91132773e-01 -1.55231445e-03  1.98756520e+00  5.95652987e+00
  9.53986737e-04 -3.96929474e+00  1.98798535e+00  1.98774111e+00
 -4.96426765e+00 -9.92600971e-01], Best Fitness = 9.037771859511674, Evaluations = 9088
Generation 72: Best Solution = [-9.92960830e-01 -2.46104755e-03  1.98649327e+00  5.95796199e+00
 -2.06495829e-03 -3.97349125e+00  1.98535941e+00  1.98587143e+00
 -4.96322788e+00 -9.89793775e-01], Best Fitness = 9.037770584628044, Evaluations = 9216
Generation 73: Best Solution = [-9.93360127e-01  2.95339033e-04  1.98622314e+00  5.95673100e+00
 -2.69779924e-03 -3.97409683e+00  1.98560664e+00  1.99127003e+00
 -4.96297299e+00 -9.92604094e-01], Best Fitness = 9.037854407268838, Evaluations = 9344
Generation 74: Best Solution = [-9.92325483e-01 -4.56573381e-03  1.98636407e+00  5.95701467e+00
  3.88721746e-04 -3.97155704e+00  1.98875750e+00  1.98728614e+00
 -4.97052126e+00 -9.90391148e-01], Best Fitness = 9.037957275703654, Evaluations = 9472
Generation 75: Best Solution = [-9.92766139e-01 -7.93726171e-04  1.98473775e+00  5.95819114e+00
 -1.69484109e-03 -3.97368782e+00  1.98159095e+00  1.98453246e+00
 -4.96708169e+00 -9.93811014e-01], Best Fitness = 9.037805810710696, Evaluations = 9600
Generation 76: Best Solution = [-9.89026767e-01  4.23522910e-04  1.98641233e+00  5.96187899e+00
 -2.58159556e-03 -3.97428084e+00  1.98578842e+00  1.98358087e+00
 -4.96599627e+00 -9.94494896e-01], Best Fitness = 9.037871988983513, Evaluations = 9728
Generation 77: Best Solution = [-9.95141499e-01  2.55035506e-03  1.98718009e+00  5.95991379e+00
 -2.05804220e-03 -3.96779205e+00  1.98452573e+00  1.98303841e+00
 -4.96415988e+00 -9.92845372e-01], Best Fitness = 9.03790743724035, Evaluations = 9856
Generation 78: Best Solution = [-9.96133862e-01  1.61309653e-03  1.99078495e+00  5.95757421e+00
  1.46630501e-03 -3.97353196e+00  1.98486764e+00  1.98618174e+00
 -4.96657692e+00 -9.89562133e-01], Best Fitness = 9.037892142778073, Evaluations = 9984
Generation 79: Best Solution = [-9.93328314e-01 -3.89155276e-03  1.98426678e+00  5.95881153e+00
 -2.09625852e-03 -3.97217768e+00  1.98690906e+00  1.98817592e+00
 -4.96403742e+00 -9.95935409e-01], Best Fitness = 9.037817161608992, Evaluations = 10112
