Algorithm: Cross-Entropy Method
Objective Function: Sphere
Dimension: 10
Population Size: 32
Max Evaluations: 10000

Generation 1: Best Solution = [ 0.95320431 -1.57281158 -1.78417342  1.80289814 -3.03575809 -3.06766447
  1.85198399 -0.76788559 -0.64959742  0.49059105], Best Fitness = 33.12459311079441, Evaluations = 32
Generation 2: Best Solution = [ 0.9045015  -1.35766313 -2.12261449  1.67111789 -2.90768589 -2.77785954
 -0.47705977  1.05058902  1.44801814  0.62935615], Best Fitness = 29.9548092469651, Evaluations = 64
Generation 3: Best Solution = [ 0.5452984  -0.10827293 -1.78950445  1.83942105 -3.17766502 -2.80928422
 -0.1076767   0.85465747  1.2135208  -0.29575188], Best Fitness = 27.18663772979845, Evaluations = 96
Generation 4: Best Solution = [ 0.89422416 -0.93357884 -2.08492907  2.42522898 -2.08639449 -2.70081607
  0.55955143 -0.28239176  0.43588813  0.23987877], Best Fitness = 24.187703732818314, Evaluations = 128
Generation 5: Best Solution = [ 0.92290809 -1.05925573 -2.41794625  2.67561531 -1.94194928 -2.03062622
  0.47630027  0.48985424 -0.06321535  0.63183731], Best Fitness = 23.743806950560064, Evaluations = 160
Generation 6: Best Solution = [ 0.75279022 -1.09741879 -2.04446413  2.03079213 -2.41437133 -2.53892523
  0.57105196 -0.14843215  0.44311562  0.36081958], Best Fitness = 23.024976279470657, Evaluations = 192
Generation 7: Best Solution = [ 0.76422593 -0.64645608 -2.26608778  2.28311341 -2.48991188 -2.12676754
  0.51804602  0.35454603  0.43636778  0.49430065], Best Fitness = 22.901333242034855, Evaluations = 224
Generation 8: Best Solution = [ 0.74967741 -0.88995431 -2.25871701  2.03634887 -2.71848545 -1.97163942
  0.45759582  0.17182899  0.38399094  0.63706379], Best Fitness = 22.672297774003773, Evaluations = 256
Generation 9: Best Solution = [ 0.77415207 -0.83451013 -2.1817052   2.13579188 -2.64908865 -2.07112004
  0.51996502  0.27587972  0.40598929  0.52189725], Best Fitness = 22.70804934274387, Evaluations = 288
Generation 10: Best Solution = [ 0.76656795 -0.79775163 -2.19416111  2.09510741 -2.69357716 -2.05994752
  0.44179888  0.2436282   0.43269398  0.50019564], Best Fitness = 22.618554546084876, Evaluations = 320
Generation 11: Best Solution = [ 0.78078615 -0.86654571 -2.20342369  2.0958365  -2.72092659 -1.96368395
  0.42450453  0.27377194  0.35771129  0.55871595], Best Fitness = 22.56290727717391, Evaluations = 352
Generation 12: Best Solution = [ 0.7227037  -0.74376252 -2.21743353  2.11263947 -2.73427159 -1.92324906
  0.49830578  0.34016567  0.3903379   0.58473925], Best Fitness = 22.489173360975222, Evaluations = 384
Generation 13: Best Solution = [ 0.73326227 -0.74177175 -2.22170296  2.12056372 -2.71538813 -1.93273566
  0.48021968  0.35180578  0.38528569  0.57723555], Best Fitness = 22.465477444767693, Evaluations = 416
Generation 14: Best Solution = [ 0.76881853 -0.82776492 -2.21183526  2.11050635 -2.66836297 -1.96734546
  0.44624204  0.30627891  0.37063277  0.57136411], Best Fitness = 22.370102425576643, Evaluations = 448
Generation 15: Best Solution = [ 0.74019524 -0.74807732 -2.21838241  2.11416633 -2.68315509 -1.95458895
  0.47070234  0.35754452  0.38857201  0.55688942], Best Fitness = 22.32868041451988, Evaluations = 480
Generation 16: Best Solution = [ 0.75608636 -0.80158431 -2.2138968   2.1229885  -2.63992173 -1.98724578
  0.45072139  0.33709221  0.37288631  0.55335343], Best Fitness = 22.30298087861956, Evaluations = 512
Generation 17: Best Solution = [ 0.73701836 -0.73586888 -2.22272768  2.11242995 -2.68234582 -1.95783261
  0.4549002   0.34585007  0.38770093  0.55312773], Best Fitness = 22.29847408027642, Evaluations = 544
Generation 18: Best Solution = [ 0.76186991 -0.80863312 -2.21230391  2.11736726 -2.62263536 -2.00286004
  0.42287388  0.31896181  0.37446794  0.54786633], Best Fitness = 22.222473264509315, Evaluations = 576
Generation 19: Best Solution = [ 0.73784825 -0.73444176 -2.21072998  2.12421194 -2.66309533 -1.95835762
  0.45482376  0.36823556  0.37674709  0.55965051], Best Fitness = 22.20827859391128, Evaluations = 608
Generation 20: Best Solution = [ 0.74464213 -0.7873758  -2.21306682  2.11309812 -2.63937569 -1.97440635
  0.45415998  0.34092925  0.37775763  0.55951388], Best Fitness = 22.18013611540071, Evaluations = 640
Generation 21: Best Solution = [ 0.75686522 -0.80220612 -2.2055926   2.10600375 -2.63520761 -1.9795983
  0.44391259  0.33199517  0.36996566  0.56498011], Best Fitness = 22.142755056386072, Evaluations = 672
Generation 22: Best Solution = [ 0.74828098 -0.78528505 -2.20447937  2.11444166 -2.63773264 -1.96091097
  0.45615226  0.33960531  0.3687806   0.55846532], Best Fitness = 22.081284465657465, Evaluations = 704
Generation 23: Best Solution = [ 0.73461028 -0.77525049 -2.20251986  2.11105232 -2.64043469 -1.96423211
  0.44671417  0.34213905  0.3752591   0.55390282], Best Fitness = 22.042644766862534, Evaluations = 736
Generation 24: Best Solution = [ 0.72915217 -0.79324029 -2.20640182  2.1273755  -2.6196971  -1.95316429
  0.45607885  0.34782288  0.36823237  0.5364934 ], Best Fitness = 21.98490110859093, Evaluations = 768
Generation 25: Best Solution = [ 0.71879349 -0.75768945 -2.20474648  2.1086517  -2.63119704 -1.95497635
  0.45959026  0.36846051  0.38194256  0.53929086], Best Fitness = 21.926907955649607, Evaluations = 800
Generation 26: Best Solution = [ 0.73022872 -0.74853961 -2.19573954  2.09541777 -2.63058465 -1.96674817
  0.45393669  0.35190629  0.38159294  0.53717917], Best Fitness = 21.857738483621088, Evaluations = 832
Generation 27: Best Solution = [ 0.73780932 -0.75254027 -2.18323749  2.09228111 -2.63301565 -1.97584847
  0.43934437  0.34605951  0.38654285  0.53159454], Best Fitness = 21.836382968467728, Evaluations = 864
Generation 28: Best Solution = [ 0.73270038 -0.73796128 -2.17495686  2.09391651 -2.63837619 -1.96872909
  0.43234285  0.33011501  0.39011261  0.52716944], Best Fitness = 21.759275272203453, Evaluations = 896
Generation 29: Best Solution = [ 0.74216577 -0.73267262 -2.15860729  2.0928421  -2.64176343 -1.97143168
  0.42129714  0.30734582  0.40132508  0.5203323 ], Best Fitness = 21.696409794572865, Evaluations = 928
Generation 30: Best Solution = [ 0.73766001 -0.73359672 -2.17056657  2.09371981 -2.62480157 -1.97062165
  0.43197539  0.3184118   0.40398392  0.52018274], Best Fitness = 21.672043186373458, Evaluations = 960
Generation 31: Best Solution = [ 0.74165736 -0.73143181 -2.15885135  2.09782505 -2.61729474 -1.97975955
  0.42586367  0.30477715  0.42123068  0.50320703], Best Fitness = 21.62113843042301, Evaluations = 992
Generation 32: Best Solution = [ 0.7466001  -0.73020714 -2.17167203  2.09253409 -2.6078402  -1.97458857
  0.43180002  0.31365737  0.41194688  0.50380763], Best Fitness = 21.593657561224195, Evaluations = 1024
Generation 33: Best Solution = [ 0.74029513 -0.71818901 -2.15197669  2.09380002 -2.61502799 -1.98181235
  0.42832494  0.30422364  0.42451821  0.48706727], Best Fitness = 21.53825062894436, Evaluations = 1056
Generation 34: Best Solution = [ 0.73782205 -0.72151785 -2.14875501  2.09724294 -2.60968654 -1.98303931
  0.42719065  0.30465561  0.43023722  0.48016818], Best Fitness = 21.514426618488095, Evaluations = 1088
Generation 35: Best Solution = [ 0.73050708 -0.70877732 -2.15082407  2.08315042 -2.60262423 -1.99209952
  0.42868516  0.30901435  0.44063265  0.45831979], Best Fitness = 21.42715411056811, Evaluations = 1120
Generation 36: Best Solution = [ 0.717251   -0.71272232 -2.14662775  2.08498263 -2.60391823 -1.97921046
  0.42856809  0.30345113  0.44404911  0.46367925], Best Fitness = 21.363180816088718, Evaluations = 1152
Generation 37: Best Solution = [ 0.72579266 -0.72165789 -2.14960481  2.0675191  -2.60457433 -1.97474268
  0.43190324  0.30631254  0.43186457  0.46178396], Best Fitness = 21.30653642396262, Evaluations = 1184
Generation 38: Best Solution = [ 0.72620534 -0.72227809 -2.14515409  2.06307154 -2.6074379  -1.97468155
  0.41842922  0.30876257  0.42135775  0.46633345], Best Fitness = 21.270536303859092, Evaluations = 1216
Generation 39: Best Solution = [ 0.71960863 -0.71086058 -2.14597572  2.06370861 -2.59522135 -1.98437539
  0.42517794  0.3052436   0.42821542  0.4547432 ], Best Fitness = 21.224293676474762, Evaluations = 1248
Generation 40: Best Solution = [ 0.71127506 -0.70907443 -2.14207242  2.05350392 -2.60030446 -1.9824022
  0.42769989  0.30719037  0.43291889  0.44869578], Best Fitness = 21.171592960869166, Evaluations = 1280
Generation 41: Best Solution = [ 0.71965471 -0.71890439 -2.14091743  2.05796465 -2.59809495 -1.97222103
  0.43203289  0.30261979  0.42544427  0.44725617], Best Fitness = 21.152497576692802, Evaluations = 1312
Generation 42: Best Solution = [ 0.7432968  -0.73690989 -2.12728971  2.05733315 -2.60348105 -1.94677746
  0.43091175  0.30531523  0.4292277   0.48449399], Best Fitness = 21.119436754722873, Evaluations = 1344
Generation 43: Best Solution = [ 0.72770479 -0.71702682 -2.12354362  2.06388917 -2.58692    -1.96619754
  0.42381288  0.3067597   0.42126002  0.48325562], Best Fitness = 21.055560453923363, Evaluations = 1376
Generation 44: Best Solution = [ 0.71385198 -0.689087   -2.12418173  2.06674429 -2.5720139  -1.99029394
  0.42375719  0.30756389  0.42164522  0.46819785], Best Fitness = 21.015690615017615, Evaluations = 1408
Generation 45: Best Solution = [ 0.73947027 -0.74077576 -2.1129101   2.05134589 -2.59704859 -1.94274019
  0.43112844  0.29390633  0.42115258  0.47976676], Best Fitness = 20.966673206249812, Evaluations = 1440
Generation 46: Best Solution = [ 0.74140299 -0.74541598 -2.10412173  2.04784218 -2.60670124 -1.93043614
  0.42739811  0.29190976  0.42049954  0.48055609], Best Fitness = 20.92341875006854, Evaluations = 1472
Generation 47: Best Solution = [ 0.74508892 -0.73708019 -2.10123187  2.05354346 -2.59189279 -1.93733044
  0.43136549  0.2945746   0.42750653  0.47706864], Best Fitness = 20.885024967765954, Evaluations = 1504
Generation 48: Best Solution = [ 0.73849003 -0.70862198 -2.10182243  2.06047812 -2.57785185 -1.94775857
  0.43261932  0.2969762   0.42899791  0.48093142], Best Fitness = 20.84051241105651, Evaluations = 1536
Generation 49: Best Solution = [ 0.73227032 -0.72909043 -2.08882911  2.04544855 -2.58654282 -1.95358921
  0.42371905  0.29795786  0.42789582  0.47414326], Best Fitness = 20.79779748513486, Evaluations = 1568
Generation 50: Best Solution = [ 0.74061866 -0.73031595 -2.09480756  2.05129222 -2.57818148 -1.9387207
  0.42529534  0.28956562  0.42219548  0.47003589], Best Fitness = 20.747460717035416, Evaluations = 1600
Generation 51: Best Solution = [ 0.73791483 -0.73404875 -2.09616209  2.04247524 -2.58424718 -1.92701866
  0.42849619  0.29587106  0.42368205  0.45882559], Best Fitness = 20.7018569585219, Evaluations = 1632
Generation 52: Best Solution = [ 0.73683169 -0.73298181 -2.10276035  2.03527912 -2.58776644 -1.90910286
  0.43651409  0.29867668  0.4227843   0.45409628], Best Fitness = 20.6500566537463, Evaluations = 1664
Generation 53: Best Solution = [ 0.73133362 -0.73408312 -2.0938735   2.03690985 -2.57844271 -1.92153138
  0.42686561  0.30277304  0.42385781  0.45573582], Best Fitness = 20.6089208478903, Evaluations = 1696
Generation 54: Best Solution = [ 0.73207739 -0.73287099 -2.10280148  2.02703132 -2.58861385 -1.90782906
  0.4346556   0.30437129  0.41395755  0.44745713], Best Fitness = 20.59754673038177, Evaluations = 1728
Generation 55: Best Solution = [ 0.73050486 -0.73838423 -2.09671405  2.02841812 -2.58366272 -1.90616235
  0.43124894  0.29740121  0.40509467  0.45659889], Best Fitness = 20.545313780682722, Evaluations = 1760
Generation 56: Best Solution = [ 0.72959642 -0.72631962 -2.09712153  2.02672975 -2.58193287 -1.90165045
  0.43155345  0.29798386  0.42085433  0.44607797], Best Fitness = 20.499191749028682, Evaluations = 1792
Generation 57: Best Solution = [ 0.72603849 -0.72581424 -2.10450536  2.01914067 -2.58202788 -1.88879815
  0.44122269  0.30354031  0.40543385  0.43514594], Best Fitness = 20.43477921912326, Evaluations = 1824
Generation 58: Best Solution = [ 0.72717895 -0.72929266 -2.10499625  2.01699698 -2.58012083 -1.87663695
  0.44098329  0.29831677  0.40878287  0.44471772], Best Fitness = 20.387069204863757, Evaluations = 1856
Generation 59: Best Solution = [ 0.72292506 -0.72760917 -2.10409633  2.01574274 -2.58153152 -1.86278385
  0.44541648  0.30536421  0.41314005  0.4476025 ], Best Fitness = 20.339420401406812, Evaluations = 1888
Generation 60: Best Solution = [ 0.72942666 -0.73098041 -2.0920362   2.01745002 -2.56495315 -1.88346325
  0.43687746  0.28334329  0.43384088  0.45467793], Best Fitness = 20.305629396100702, Evaluations = 1920
Generation 61: Best Solution = [ 0.72851366 -0.72773344 -2.08428073  2.01307049 -2.55665556 -1.90137549
  0.42385203  0.28940861  0.42137509  0.4384085 ], Best Fitness = 20.24189031489144, Evaluations = 1952
Generation 62: Best Solution = [ 0.72617147 -0.72436089 -2.08221247  2.0149035  -2.55948502 -1.894283
  0.43357496  0.29320527  0.42311856  0.43755494], Best Fitness = 20.231180506822493, Evaluations = 1984
Generation 63: Best Solution = [ 0.73374681 -0.73605933 -2.07162097  2.00214177 -2.55826642 -1.89903893
  0.43067508  0.28855147  0.4430381   0.44123304], Best Fitness = 20.191141094694153, Evaluations = 2016
Generation 64: Best Solution = [ 0.72516507 -0.71952938 -2.08193234  2.00613186 -2.56145982 -1.88465761
  0.43334701  0.28068583  0.42507205  0.45828566], Best Fitness = 20.172891094322747, Evaluations = 2048
Generation 65: Best Solution = [ 0.72739357 -0.73123105 -2.07732155  2.00864865 -2.55288165 -1.88396037
  0.43344998  0.28048899  0.42450535  0.45435948], Best Fitness = 20.133446198717845, Evaluations = 2080
Generation 66: Best Solution = [ 0.72278288 -0.7178587  -2.07894948  1.9968194  -2.55698322 -1.88070596
  0.4313811   0.28600755  0.42879178  0.46571493], Best Fitness = 20.090915686370543, Evaluations = 2112
Generation 67: Best Solution = [ 0.72658523 -0.71974147 -2.07836042  2.00244848 -2.54876909 -1.8792309
  0.42823433  0.27507367  0.42142225  0.46568101], Best Fitness = 20.05657414359332, Evaluations = 2144
Generation 68: Best Solution = [ 0.72067384 -0.72798621 -2.07147864  1.99799389 -2.54812525 -1.88105727
  0.42996518  0.28197405  0.42792135  0.45672289], Best Fitness = 20.019748704654432, Evaluations = 2176
Generation 69: Best Solution = [ 0.72107109 -0.72758475 -2.07811965  1.98847435 -2.54197313 -1.88399591
  0.42353997  0.2818654   0.41437347  0.46452437], Best Fitness = 19.97932507006156, Evaluations = 2208
Generation 70: Best Solution = [ 0.7224645  -0.72756043 -2.08221897  1.98787597 -2.53520753 -1.87845922
  0.41749477  0.283436    0.41721507  0.4600085 ], Best Fitness = 19.934786214311476, Evaluations = 2240
Generation 71: Best Solution = [ 0.71811955 -0.73461233 -2.0844136   1.98837356 -2.53001792 -1.87651278
  0.42218653  0.27930264  0.41104026  0.45546083], Best Fitness = 19.908701421637307, Evaluations = 2272
Generation 72: Best Solution = [ 0.72606225 -0.7272883  -2.07709243  1.98090691 -2.52780501 -1.87802605
  0.42028101  0.29317489  0.40901053  0.46209989], Best Fitness = 19.854613399745883, Evaluations = 2304
Generation 73: Best Solution = [ 0.72513087 -0.72528081 -2.07537767  1.98955444 -2.52658497 -1.87219272
  0.41960321  0.27849528  0.41439668  0.46011303], Best Fitness = 19.843158622618304, Evaluations = 2336
Generation 74: Best Solution = [ 0.72539184 -0.71907753 -2.08335601  1.98268817 -2.51918154 -1.87248228
  0.41422449  0.26948932  0.3972273   0.45769939], Best Fitness = 19.77864064890794, Evaluations = 2368
Generation 75: Best Solution = [ 0.71599576 -0.72666172 -2.07378709  1.98663701 -2.51823976 -1.85824165
  0.42265378  0.27370705  0.42410312  0.46013688], Best Fitness = 19.727741356392062, Evaluations = 2400
Generation 76: Best Solution = [ 0.7225308  -0.71230309 -2.06165559  1.98282395 -2.52135416 -1.85736213
  0.42699838  0.28087664  0.43555993  0.46133328], Best Fitness = 19.68222202941924, Evaluations = 2432
Generation 77: Best Solution = [ 0.71528761 -0.71825692 -2.05938117  1.98186073 -2.5081525  -1.86307374
  0.43266775  0.26698251  0.43700884  0.46863027], Best Fitness = 19.627296933633204, Evaluations = 2464
Generation 78: Best Solution = [ 0.71960188 -0.71307199 -2.05030478  1.977819   -2.51410117 -1.86043151
  0.42830129  0.26891712  0.45007555  0.44958358], Best Fitness = 19.584178133687537, Evaluations = 2496
Generation 79: Best Solution = [ 0.71509906 -0.70716296 -2.05870117  1.98260159 -2.50846307 -1.85380039
  0.42592643  0.27713239  0.43436005  0.45848648], Best Fitness = 19.566462745769794, Evaluations = 2528
Generation 80: Best Solution = [ 0.7174525  -0.70613457 -2.05397436  1.99164234 -2.50294677 -1.84684787
  0.4244574   0.27434448  0.43932446  0.45389384], Best Fitness = 19.528858173918188, Evaluations = 2560
Generation 81: Best Solution = [ 0.72352601 -0.71725459 -2.0545867   1.97019032 -2.4954409  -1.85964562
  0.42758659  0.27217251  0.45383865  0.45917365], Best Fitness = 19.500145668947802, Evaluations = 2592
Generation 82: Best Solution = [ 0.72692643 -0.71202743 -2.0484539   1.97507106 -2.49630352 -1.8538164
  0.42831612  0.26780137  0.44182128  0.45519938], Best Fitness = 19.458225455598654, Evaluations = 2624
Generation 83: Best Solution = [ 0.73112955 -0.70594477 -2.04167157  1.96501978 -2.49960608 -1.85388604
  0.4306799   0.27334521  0.44829925  0.45298866], Best Fitness = 19.413931707446977, Evaluations = 2656
Generation 84: Best Solution = [ 0.72416945 -0.71193213 -2.04887289  1.96817146 -2.49432493 -1.84751332
  0.41720719  0.25920071  0.43409952  0.4441025 ], Best Fitness = 19.36472641586478, Evaluations = 2688
Generation 85: Best Solution = [ 0.70528717 -0.70703546 -2.05599521  1.97469511 -2.50335907 -1.82776349
  0.38800856  0.26162261  0.39688745  0.43522294], Best Fitness = 19.29732789469003, Evaluations = 2720
Generation 86: Best Solution = [ 0.6947981  -0.70804542 -2.04665469  1.97630354 -2.50020035 -1.82992675
  0.37729051  0.27443435  0.3757051   0.4329835 ], Best Fitness = 19.22456888533092, Evaluations = 2752
Generation 87: Best Solution = [ 0.68429923 -0.71787124 -2.0491453   1.98328767 -2.49833714 -1.82024811
  0.37086185  0.27517022  0.35326974  0.42355485], Best Fitness = 19.18847798428678, Evaluations = 2784
Generation 88: Best Solution = [ 0.68183015 -0.72527163 -2.05122375  1.98624681 -2.49624795 -1.81296126
  0.3646706   0.27499149  0.34789572  0.42389157], Best Fitness = 19.171009356569275, Evaluations = 2816
Generation 89: Best Solution = [ 0.69740893 -0.71319535 -2.03916824  1.96110466 -2.49065121 -1.82754141
  0.37806341  0.27345774  0.39281662  0.42154499], Best Fitness = 19.092132625065627, Evaluations = 2848
Generation 90: Best Solution = [ 0.70760914 -0.72718144 -2.03222168  1.94488683 -2.47918465 -1.83878497
  0.38693361  0.27917596  0.39519656  0.44004935], Best Fitness = 19.04698053825869, Evaluations = 2880
Generation 91: Best Solution = [ 0.71116004 -0.72042541 -2.02942399  1.9337142  -2.47567793 -1.84470978
  0.38060755  0.27918233  0.39331473  0.44208492], Best Fitness = 18.987449504164438, Evaluations = 2912
Generation 92: Best Solution = [ 0.70507917 -0.72308492 -2.02983251  1.93765365 -2.47835671 -1.83243174
  0.37185334  0.27461224  0.37900555  0.43447841], Best Fitness = 18.940871699962678, Evaluations = 2944
Generation 93: Best Solution = [ 0.71432831 -0.72372738 -2.01642698  1.93270421 -2.46807979 -1.83531097
  0.38617333  0.2848059   0.39651108  0.43982218], Best Fitness = 18.87606265044462, Evaluations = 2976
Generation 94: Best Solution = [ 0.72326412 -0.72899244 -2.01220093  1.91574382 -2.47383692 -1.83590874
  0.38446778  0.28427096  0.40212356  0.44207093], Best Fitness = 18.849753404236427, Evaluations = 3008
Generation 95: Best Solution = [ 0.72681967 -0.72878705 -2.0028583   1.9256639  -2.46327205 -1.83322172
  0.39134234  0.29498307  0.40299381  0.44808485], Best Fitness = 18.810779210079414, Evaluations = 3040
Generation 96: Best Solution = [ 0.70650192 -0.71937656 -2.01462719  1.93358723 -2.45912959 -1.82421072
  0.37783685  0.28209928  0.39390333  0.43477513], Best Fitness = 18.755722935775047, Evaluations = 3072
Generation 97: Best Solution = [ 0.71089959 -0.72128491 -2.01399597  1.92498945 -2.45350108 -1.83371736
  0.37457607  0.28066925  0.39179149  0.43458653], Best Fitness = 18.7310296471916, Evaluations = 3104
Generation 98: Best Solution = [ 0.71678017 -0.71986223 -1.99626534  1.91614774 -2.45901919 -1.83211198
  0.38369747  0.28891866  0.39209434  0.43253267], Best Fitness = 18.663602780710526, Evaluations = 3136
Generation 99: Best Solution = [ 0.70954888 -0.71159882 -1.99967536  1.92260864 -2.44893042 -1.83042791
  0.37394544  0.28611414  0.40049264  0.4338011 ], Best Fitness = 18.622958774043386, Evaluations = 3168
Generation 100: Best Solution = [ 0.71698676 -0.711235   -1.98523575  1.92115152 -2.44429876 -1.83112132
  0.38404357  0.29079533  0.41223673  0.42007725], Best Fitness = 18.557966482174727, Evaluations = 3200
Generation 101: Best Solution = [ 0.71181163 -0.69961536 -1.98903503  1.92680237 -2.43637391 -1.82777651
  0.39144224  0.29058398  0.40561712  0.41856671], Best Fitness = 18.519039355241574, Evaluations = 3232
Generation 102: Best Solution = [ 0.71866164 -0.69125099 -1.97974753  1.93525306 -2.4379031  -1.81914226
  0.39440657  0.30020149  0.39614217  0.42405458], Best Fitness = 18.49398563869426, Evaluations = 3264
Generation 103: Best Solution = [ 0.71815494 -0.70808383 -1.98065392  1.92126121 -2.43421682 -1.81812504
  0.3947594   0.29832109  0.40436218  0.41943429], Best Fitness = 18.446618336748816, Evaluations = 3296
Generation 104: Best Solution = [ 0.71898264 -0.69900462 -1.97486666  1.9172179  -2.4312454  -1.82654576
  0.40078439  0.28978096  0.40415472  0.41918601], Best Fitness = 18.412249003808466, Evaluations = 3328
Generation 105: Best Solution = [ 0.72975412 -0.70566735 -1.97810067  1.91646702 -2.42531127 -1.81308435
  0.39864493  0.29118878  0.40655335  0.4103329 ], Best Fitness = 18.363012588208267, Evaluations = 3360
Generation 106: Best Solution = [ 0.72067703 -0.71198405 -1.9638082   1.92329507 -2.42702175 -1.80496577
  0.39860813  0.28857983  0.41217114  0.41765598], Best Fitness = 18.316727568549556, Evaluations = 3392
Generation 107: Best Solution = [ 0.72239902 -0.70750874 -1.95923624  1.92330649 -2.41641652 -1.80243057
  0.40385178  0.29200113  0.42132461  0.41462408], Best Fitness = 18.245756705827976, Evaluations = 3424
Generation 108: Best Solution = [ 0.72558082 -0.6846872  -1.96936739  1.90413946 -2.4070877  -1.81383633
  0.39426198  0.28135797  0.40814915  0.44256208], Best Fitness = 18.180544244791164, Evaluations = 3456
Generation 109: Best Solution = [ 0.72538778 -0.70092804 -1.96694889  1.90120929 -2.40617406 -1.80474605
  0.39937606  0.28003814  0.40155196  0.43148254], Best Fitness = 18.133097936821564, Evaluations = 3488
Generation 110: Best Solution = [ 0.7309446  -0.69812768 -1.96325914  1.90142477 -2.39967367 -1.805552
  0.39550635  0.29235291  0.394708    0.43227142], Best Fitness = 18.094465137706266, Evaluations = 3520
Generation 111: Best Solution = [ 0.72617688 -0.67389234 -1.97616931  1.88235443 -2.39361615 -1.81112522
  0.39822128  0.28163159  0.39429265  0.44067338], Best Fitness = 18.02709617307736, Evaluations = 3552
Generation 112: Best Solution = [ 0.72963076 -0.67274814 -1.97247701  1.88154179 -2.3890191  -1.81556066
  0.39356979  0.28859634  0.39081448  0.43722676], Best Fitness = 18.001577159723926, Evaluations = 3584
Generation 113: Best Solution = [ 0.72511437 -0.69315544 -1.95017245  1.89967896 -2.39091262 -1.80091668
  0.39622359  0.30269298  0.4035731   0.4131523 ], Best Fitness = 17.960154303899596, Evaluations = 3616
Generation 114: Best Solution = [ 0.7208102  -0.69829005 -1.94031571  1.90006453 -2.39143455 -1.80323152
  0.39523772  0.30333326  0.4040436   0.40026607], Best Fitness = 17.924537823528787, Evaluations = 3648
Generation 115: Best Solution = [ 0.71545886 -0.66133771 -1.96279357  1.86942302 -2.38779207 -1.81719452
  0.40241982  0.28425555  0.37746759  0.44173235], Best Fitness = 17.880649092191188, Evaluations = 3680
Generation 116: Best Solution = [ 0.72083438 -0.65427619 -1.96328077  1.8553722  -2.38623713 -1.82311166
  0.39939241  0.28222355  0.36539004  0.45294021], Best Fitness = 17.84024984005464, Evaluations = 3712
Generation 117: Best Solution = [ 0.71434715 -0.66885297 -1.95061179  1.87450512 -2.37362082 -1.81941759
  0.40387535  0.30392829  0.39680842  0.41981239], Best Fitness = 17.8098552306118, Evaluations = 3744
Generation 118: Best Solution = [ 0.72372136 -0.6803797  -1.95120636  1.86715033 -2.37847353 -1.80177385
  0.38327137  0.30078429  0.40457242  0.42167168], Best Fitness = 17.7625250587486, Evaluations = 3776
Generation 119: Best Solution = [ 0.71662383 -0.68317748 -1.93865038  1.86596066 -2.37937848 -1.80372726
  0.40785321  0.29945144  0.39646555  0.41016164], Best Fitness = 17.716762557550723, Evaluations = 3808
Generation 120: Best Solution = [ 0.71345205 -0.65734209 -1.95057644  1.85087197 -2.37113466 -1.80694742
  0.40720077  0.29641541  0.40246968  0.43617071], Best Fitness = 17.664827803403373, Evaluations = 3840
Generation 121: Best Solution = [ 0.7051591  -0.65330053 -1.93446815  1.85470603 -2.37214097 -1.8120839
  0.41269969  0.30525756  0.39721494  0.42208785], Best Fitness = 17.616294391053398, Evaluations = 3872
Generation 122: Best Solution = [ 0.7051273  -0.64049117 -1.92963709  1.84621539 -2.3727649  -1.80799348
  0.41726863  0.31036114  0.39722839  0.42105463], Best Fitness = 17.543812241925487, Evaluations = 3904
Generation 123: Best Solution = [ 0.7051482  -0.63116315 -1.92724611  1.84027    -2.3703365  -1.81818114
  0.41681439  0.31043515  0.39537412  0.42201859], Best Fitness = 17.525274545339673, Evaluations = 3936
Generation 124: Best Solution = [ 0.70576064 -0.64105875 -1.92608284  1.83175254 -2.37161657 -1.80619333
  0.41101098  0.30979058  0.40002054  0.42964473], Best Fitness = 17.4705776146352, Evaluations = 3968
Generation 125: Best Solution = [ 0.70646748 -0.63792096 -1.91620931  1.84208325 -2.36515778 -1.80791026
  0.41362317  0.3139532   0.39439396  0.42483719], Best Fitness = 17.439363091165955, Evaluations = 4000
Generation 126: Best Solution = [ 0.69199721 -0.64281716 -1.91794476  1.82816859 -2.3616941  -1.81442715
  0.42190242  0.31344529  0.39381834  0.43330013], Best Fitness = 17.40162291099066, Evaluations = 4032
Generation 127: Best Solution = [ 0.70566891 -0.63226148 -1.92124214  1.82070913 -2.36554137 -1.80532731
  0.42522545  0.32086956  0.40315727  0.42959052], Best Fitness = 17.38972670258655, Evaluations = 4064
Generation 128: Best Solution = [ 0.70853615 -0.6313224  -1.91581039  1.81858848 -2.36869818 -1.79591266
  0.42494977  0.32598083  0.40992729  0.42430542], Best Fitness = 17.349139586377316, Evaluations = 4096
Generation 129: Best Solution = [ 0.69967642 -0.63540058 -1.9188423   1.81659981 -2.36418044 -1.80490996
  0.4268851   0.3094469   0.39511774  0.41518686], Best Fitness = 17.328807139368667, Evaluations = 4128
Generation 130: Best Solution = [ 0.70896141 -0.62359388 -1.9071103   1.82282476 -2.3580731  -1.80013699
  0.40880588  0.32250439  0.40366767  0.42905174], Best Fitness = 17.270421607182104, Evaluations = 4160
Generation 131: Best Solution = [ 0.70472172 -0.61942025 -1.90860087  1.82715964 -2.34976424 -1.79950462
  0.40753334  0.318871    0.39972263  0.42541165], Best Fitness = 17.22970800423835, Evaluations = 4192
Generation 132: Best Solution = [ 0.70726163 -0.62667422 -1.90726442  1.81427771 -2.35700546 -1.79435923
  0.42047566  0.31618717  0.39295765  0.41883666], Best Fitness = 17.20401447431969, Evaluations = 4224
Generation 133: Best Solution = [ 0.70471187 -0.61465882 -1.89850366  1.82742839 -2.35354753 -1.78632514
  0.41142733  0.32536126  0.39103535  0.42598479], Best Fitness = 17.157882484934362, Evaluations = 4256
Generation 134: Best Solution = [ 0.70854888 -0.62343823 -1.89376247  1.83045429 -2.34423014 -1.78376803
  0.41185426  0.33218654  0.38224229  0.42482902], Best Fitness = 17.111420005848125, Evaluations = 4288
Generation 135: Best Solution = [ 0.70420344 -0.62927265 -1.89528464  1.82558432 -2.33951359 -1.78108202
  0.41139083  0.32887596  0.38670509  0.41734955], Best Fitness = 17.06344882013267, Evaluations = 4320
Generation 136: Best Solution = [ 0.70032186 -0.6232706  -1.89369195  1.82000544 -2.34007728 -1.7811161
  0.41806934  0.32718486  0.39770971  0.43230693], Best Fitness = 17.052636418160063, Evaluations = 4352
Generation 137: Best Solution = [ 0.70713512 -0.6353858  -1.89582895  1.8171152  -2.33687181 -1.78114674
  0.422315    0.32819894  0.37803391  0.4077445 ], Best Fitness = 17.02851355693165, Evaluations = 4384
Generation 138: Best Solution = [ 0.69373572 -0.62816559 -1.89288952  1.81242671 -2.32588327 -1.78583866
  0.41845721  0.32293845  0.39117375  0.41967663], Best Fitness = 16.951276374599207, Evaluations = 4416
Generation 139: Best Solution = [ 0.69520177 -0.63070605 -1.90140193  1.80777579 -2.32339561 -1.78508326
  0.42261873  0.3178759   0.38669874  0.41339354], Best Fitness = 16.94924949572558, Evaluations = 4448
Generation 140: Best Solution = [ 0.69455399 -0.62680284 -1.8896415   1.82200972 -2.32676802 -1.77358305
  0.41513968  0.31792207  0.38443381  0.41250586], Best Fitness = 16.91656358248443, Evaluations = 4480
Generation 141: Best Solution = [ 0.68532889 -0.62637948 -1.9009334   1.83479047 -2.3118924  -1.76226035
  0.40814337  0.30597214  0.37719369  0.42558566], Best Fitness = 16.876037001636075, Evaluations = 4512
Generation 142: Best Solution = [ 0.69220473 -0.62266296 -1.88338635  1.81599877 -2.3198215  -1.77348716
  0.41904535  0.31399104  0.38686963  0.42372663], Best Fitness = 16.842082539827988, Evaluations = 4544
Generation 143: Best Solution = [ 0.69198453 -0.60880863 -1.87129437  1.81213191 -2.32479491 -1.76976985
  0.41688289  0.31781002  0.38921616  0.42832582], Best Fitness = 16.78155866529468, Evaluations = 4576
Generation 144: Best Solution = [ 0.69588538 -0.60936151 -1.8697375   1.81454578 -2.31522327 -1.76637102
  0.40866725  0.31567327  0.39302031  0.42516206], Best Fitness = 16.726284235312214, Evaluations = 4608
Generation 145: Best Solution = [ 0.68532839 -0.5986206  -1.87828846  1.81741485 -2.31782898 -1.75623499
  0.40709445  0.3082198   0.3889122   0.42966107], Best Fitness = 16.712265134786765, Evaluations = 4640
Generation 146: Best Solution = [ 0.69057327 -0.60727312 -1.87617657  1.81412813 -2.3086953  -1.76047452
  0.41310591  0.31545927  0.39280646  0.42243592], Best Fitness = 16.689036044635557, Evaluations = 4672
Generation 147: Best Solution = [ 0.68517167 -0.60799046 -1.88268118  1.82446272 -2.29706745 -1.75606852
  0.40776421  0.30875169  0.39657742  0.41795755], Best Fitness = 16.666122198982407, Evaluations = 4704
Generation 148: Best Solution = [ 0.68785213 -0.60993371 -1.86727425  1.81265211 -2.31049035 -1.74886961
  0.40984034  0.3152704   0.39969499  0.42478883], Best Fitness = 16.622057206926858, Evaluations = 4736
Generation 149: Best Solution = [ 0.6881576  -0.60522651 -1.8682659   1.81251209 -2.30484945 -1.74588409
  0.41000455  0.3106596   0.39925316  0.42118404], Best Fitness = 16.5773319628217, Evaluations = 4768
Generation 150: Best Solution = [ 0.6898975  -0.61722911 -1.86685031  1.80972981 -2.30358232 -1.73824342
  0.40668769  0.30877927  0.39224073  0.42247578], Best Fitness = 16.538242145312353, Evaluations = 4800
Generation 151: Best Solution = [ 0.66830874 -0.61182033 -1.87229026  1.80807414 -2.29608311 -1.74944416
  0.40047913  0.30637427  0.38889967  0.42834232], Best Fitness = 16.517084943150618, Evaluations = 4832
Generation 152: Best Solution = [ 0.6824614  -0.60248837 -1.87274959  1.80861383 -2.29148434 -1.74517383
  0.40082955  0.31002405  0.38726584  0.42522719], Best Fitness = 16.491125224620905, Evaluations = 4864
Generation 153: Best Solution = [ 0.67428954 -0.60187442 -1.86831819  1.81271866 -2.28603595 -1.74969412
  0.40016731  0.30079111  0.38767837  0.42774925], Best Fitness = 16.464744000320387, Evaluations = 4896
Generation 154: Best Solution = [ 0.67151743 -0.60459005 -1.87559639  1.79527066 -2.2871017  -1.74873159
  0.40114922  0.29603112  0.38643278  0.43945662], Best Fitness = 16.43722724073751, Evaluations = 4928
Generation 155: Best Solution = [ 0.66301756 -0.60223938 -1.8633742   1.82041559 -2.28854108 -1.72538148
  0.40205555  0.31101272  0.38661954  0.41784078], Best Fitness = 16.385165593347846, Evaluations = 4960
Generation 156: Best Solution = [ 0.65479003 -0.59190669 -1.86852397  1.80833923 -2.27827815 -1.74694503
  0.39709401  0.30603822  0.38734477  0.42505806], Best Fitness = 16.364997736676884, Evaluations = 4992
Generation 157: Best Solution = [ 0.6541006  -0.59169455 -1.86416587  1.80318086 -2.2815972  -1.73681462
  0.40628808  0.30107482  0.38860236  0.42390071], Best Fitness = 16.313156120670175, Evaluations = 5024
Generation 158: Best Solution = [ 0.64716677 -0.58328075 -1.85385192  1.80865374 -2.27595995 -1.74119065
  0.40310794  0.29749271  0.39779033  0.42327491], Best Fitness = 16.267171868350086, Evaluations = 5056
Generation 159: Best Solution = [ 0.65127691 -0.58907568 -1.86231404  1.80195653 -2.27099653 -1.72953868
  0.39253063  0.29150212  0.39817983  0.42626455], Best Fitness = 16.214464395361198, Evaluations = 5088
Generation 160: Best Solution = [ 0.64903948 -0.58726884 -1.86293171  1.80042048 -2.27202925 -1.73023877
  0.39248175  0.29091848  0.39740418  0.42039303], Best Fitness = 16.20734435538315, Evaluations = 5120
Generation 161: Best Solution = [ 0.63624872 -0.57897147 -1.85312057  1.79832152 -2.27434167 -1.7353216
  0.38952091  0.2885378   0.39887445  0.4153089 ], Best Fitness = 16.158570552561745, Evaluations = 5152
Generation 162: Best Solution = [ 0.64065946 -0.59419679 -1.85184455  1.79066325 -2.2693778  -1.73139071
  0.38966899  0.29365161  0.39952807  0.41828914], Best Fitness = 16.119768495132607, Evaluations = 5184
Generation 163: Best Solution = [ 0.64752109 -0.59937434 -1.86131685  1.78294851 -2.26095602 -1.72512559
  0.37802393  0.29821098  0.38470672  0.43078241], Best Fitness = 16.07532403403948, Evaluations = 5216
Generation 164: Best Solution = [ 0.64223469 -0.59852203 -1.85385246  1.77792315 -2.26728153 -1.71902852
  0.36982029  0.30535054  0.37965205  0.44593745], Best Fitness = 16.037100182768846, Evaluations = 5248
Generation 165: Best Solution = [ 0.64636067 -0.5995043  -1.85254205  1.7795054  -2.25213646 -1.71950056
  0.38976454  0.29786886  0.39934679  0.41984603], Best Fitness = 15.980930655364414, Evaluations = 5280
Generation 166: Best Solution = [ 0.64740724 -0.59405903 -1.84984635  1.78577923 -2.24730943 -1.71074416
  0.39370768  0.29989475  0.39415632  0.43330305], Best Fitness = 15.948079800737696, Evaluations = 5312
Generation 167: Best Solution = [ 0.64406962 -0.60101319 -1.84758997  1.77266313 -2.25489573 -1.70634428
  0.38828479  0.30433201  0.38696775  0.43324016], Best Fitness = 15.908955467075746, Evaluations = 5344
Generation 168: Best Solution = [ 0.63838153 -0.59105043 -1.84092972  1.77242935 -2.25318801 -1.71116511
  0.38538689  0.29707034  0.38454109  0.429788  ], Best Fitness = 15.861705278220871, Evaluations = 5376
Generation 169: Best Solution = [ 0.63537826 -0.58618947 -1.82118661  1.7823581  -2.24312905 -1.7213345
  0.40006822  0.28516814  0.40984654  0.41878085], Best Fitness = 15.820192108776006, Evaluations = 5408
Generation 170: Best Solution = [ 0.63647138 -0.61896168 -1.8272525   1.7727926  -2.23480361 -1.70699713
  0.38276571  0.30334706  0.38769086  0.43400124], Best Fitness = 15.755231337122217, Evaluations = 5440
Generation 171: Best Solution = [ 0.64320137 -0.61625138 -1.82938621  1.76644887 -2.22908281 -1.70174301
  0.39710859  0.3144233   0.38807214  0.43850838], Best Fitness = 15.724655593126613, Evaluations = 5472
Generation 172: Best Solution = [ 0.64064482 -0.59475195 -1.82396054  1.76880298 -2.23182157 -1.70169286
  0.40409526  0.29994414  0.39608086  0.43150263], Best Fitness = 15.692771824717042, Evaluations = 5504
Generation 173: Best Solution = [ 0.64210433 -0.61429837 -1.81147798  1.76419129 -2.2264008  -1.70371966
  0.41210116  0.30110163  0.40975728  0.43161612], Best Fitness = 15.65768809925911, Evaluations = 5536
Generation 174: Best Solution = [ 0.6238031  -0.60402878 -1.80958331  1.76428949 -2.22783897 -1.70303683
  0.39259839  0.30321245  0.39674296  0.436274  ], Best Fitness = 15.598702397099293, Evaluations = 5568
Generation 175: Best Solution = [ 0.63675479 -0.6035118  -1.81292059  1.76281941 -2.22229531 -1.69472276
  0.38760652  0.30268455  0.38855172  0.43910685], Best Fitness = 15.560222192440758, Evaluations = 5600
Generation 176: Best Solution = [ 0.62723706 -0.59817604 -1.81015388  1.76451284 -2.21949958 -1.69968186
  0.3863637   0.29924361  0.38540494  0.43798667], Best Fitness = 15.535693263802772, Evaluations = 5632
Generation 177: Best Solution = [ 0.63128502 -0.60663539 -1.80266023  1.7670975  -2.20894436 -1.69969575
  0.39302303  0.301921    0.38865683  0.42868121], Best Fitness = 15.487590687160795, Evaluations = 5664
Generation 178: Best Solution = [ 0.62705411 -0.60241889 -1.79853431  1.76599701 -2.21116177 -1.69714863
  0.40034839  0.29958171  0.38924784  0.42577275], Best Fitness = 15.461950669859993, Evaluations = 5696
Generation 179: Best Solution = [ 0.63532297 -0.5928439  -1.80881661  1.75201178 -2.20661506 -1.69230424
  0.38261551  0.30909887  0.39118361  0.43216885], Best Fitness = 15.411236924744143, Evaluations = 5728
Generation 180: Best Solution = [ 0.63078242 -0.60159602 -1.80813002  1.76098633 -2.1984012  -1.69110871
  0.40324529  0.2934935   0.38708422  0.42555512], Best Fitness = 15.402704314706966, Evaluations = 5760
Generation 181: Best Solution = [ 0.63287664 -0.59150652 -1.8086837   1.75841903 -2.19654641 -1.69497174
  0.39732532  0.29298443  0.37934932  0.42613729], Best Fitness = 15.380738517598983, Evaluations = 5792
Generation 182: Best Solution = [ 0.62564976 -0.61013374 -1.79405222  1.77403628 -2.18567862 -1.69056979
  0.40570721  0.29698568  0.38317281  0.40797312], Best Fitness = 15.330808437854568, Evaluations = 5824
Generation 183: Best Solution = [ 0.63351861 -0.5941189  -1.80371615  1.75543433 -2.19290023 -1.6809217
  0.40305346  0.29382683  0.39257868  0.43273353], Best Fitness = 15.313736555769337, Evaluations = 5856
Generation 184: Best Solution = [ 0.62560908 -0.58948695 -1.80633337  1.75267654 -2.18358745 -1.68510917
  0.41089781  0.29301122  0.3881561   0.42720747], Best Fitness = 15.26910791542286, Evaluations = 5888
Generation 185: Best Solution = [ 0.62300597 -0.58516346 -1.80789432  1.74992775 -2.17759473 -1.6736429
  0.39932959  0.30900535  0.39359815  0.43056339], Best Fitness = 15.199533851815342, Evaluations = 5920
Generation 186: Best Solution = [ 0.63084045 -0.5853364  -1.80407693  1.75435573 -2.18160849 -1.66642771
  0.40098872  0.30526126  0.38923918  0.41926904], Best Fitness = 15.190702936750462, Evaluations = 5952
Generation 187: Best Solution = [ 0.63566535 -0.59612468 -1.79885735  1.74463294 -2.180485   -1.66704232
  0.40661639  0.30010467  0.39696606  0.42592511], Best Fitness = 15.167005769378902, Evaluations = 5984
Generation 188: Best Solution = [ 0.62726829 -0.58868766 -1.80752642  1.74487857 -2.17512047 -1.66375144
  0.38664146  0.29680349  0.39288518  0.41944007], Best Fitness = 15.118862281069637, Evaluations = 6016
Generation 189: Best Solution = [ 0.63386275 -0.58479577 -1.78886427  1.73235665 -2.1817592  -1.67253017
  0.4019306   0.3054456   0.37182149  0.42943851], Best Fitness = 15.079807279879173, Evaluations = 6048
Generation 190: Best Solution = [ 0.63840547 -0.59078022 -1.78939333  1.72822634 -2.17555517 -1.66380526
  0.40997791  0.29487876  0.38252314  0.42192657], Best Fitness = 15.025947160476031, Evaluations = 6080
Generation 191: Best Solution = [ 0.63808139 -0.60020446 -1.77783582  1.71626693 -2.17540733 -1.66451036
  0.42125713  0.31299013  0.37712292  0.42469133], Best Fitness = 14.974662232663437, Evaluations = 6112
Generation 192: Best Solution = [ 0.6370781  -0.59557758 -1.77997844  1.71098803 -2.17702226 -1.6630846
  0.4223013   0.30579501  0.38262682  0.40565824], Best Fitness = 14.94447159754707, Evaluations = 6144
Generation 193: Best Solution = [ 0.63771546 -0.60094211 -1.7761511   1.71928672 -2.16714302 -1.66345803
  0.41536919  0.30884391  0.3688702   0.40998555], Best Fitness = 14.914142984522933, Evaluations = 6176
Generation 194: Best Solution = [ 0.62279311 -0.60003195 -1.77919618  1.72366018 -2.16347218 -1.65919603
  0.41244102  0.30387189  0.37096533  0.40700946], Best Fitness = 14.88371411930281, Evaluations = 6208
Generation 195: Best Solution = [ 0.63684549 -0.59024337 -1.77379807  1.72993854 -2.15832572 -1.64717709
  0.41476124  0.30569584  0.37466972  0.41319936], Best Fitness = 14.841156585862224, Evaluations = 6240
Generation 196: Best Solution = [ 0.64007079 -0.58153462 -1.77089583  1.73885136 -2.15548486 -1.63360252
  0.41624439  0.30829814  0.38708984  0.41493375], Best Fitness = 14.812637101246624, Evaluations = 6272
Generation 197: Best Solution = [ 0.64548713 -0.58180624 -1.75663521  1.75199098 -2.15272701 -1.63615897
  0.42273804  0.30663481  0.38101576  0.40049794], Best Fitness = 14.799945517855875, Evaluations = 6304
Generation 198: Best Solution = [ 0.62937435 -0.58878458 -1.7707277   1.70884621 -2.15387702 -1.6594097
  0.40698187  0.30271993  0.36520906  0.41100386], Best Fitness = 14.750813531879764, Evaluations = 6336
Generation 199: Best Solution = [ 0.63912617 -0.58492757 -1.77191877  1.72794932 -2.14981871 -1.62584839
  0.41392432  0.31316457  0.38893376  0.40660083], Best Fitness = 14.727230076674639, Evaluations = 6368
Generation 200: Best Solution = [ 0.6372366  -0.59220551 -1.7735734   1.71651682 -2.14884764 -1.63090863
  0.40488165  0.30909616  0.37113886  0.40565749], Best Fitness = 14.687951226290137, Evaluations = 6400
Generation 201: Best Solution = [ 0.63402904 -0.58082368 -1.76304426  1.7121267  -2.15078564 -1.62813509
  0.41173239  0.31233233  0.38243548  0.40599746], Best Fitness = 14.633920471585487, Evaluations = 6432
Generation 202: Best Solution = [ 0.63866972 -0.56575451 -1.75608447  1.73194157 -2.1371023  -1.61639836
  0.42928504  0.32114883  0.39307076  0.39773862], Best Fitness = 14.591504183595168, Evaluations = 6464
Generation 203: Best Solution = [ 0.63519103 -0.5596258  -1.74305225  1.72172131 -2.14119756 -1.61962999
  0.4339544   0.3253212   0.39851535  0.39838896], Best Fitness = 14.53881093587673, Evaluations = 6496
Generation 204: Best Solution = [ 0.63302419 -0.56227527 -1.73709594  1.71784712 -2.14084373 -1.62296221
  0.41990696  0.3162279   0.39267515  0.39296976], Best Fitness = 14.48753331779638, Evaluations = 6528
Generation 205: Best Solution = [ 0.63578661 -0.56087829 -1.74527635  1.73443136 -2.13401552 -1.59862664
  0.40983807  0.31714743  0.39241866  0.40191708], Best Fitness = 14.466759595875724, Evaluations = 6560
Generation 206: Best Solution = [ 0.62786334 -0.56408575 -1.73574799  1.70767784 -2.14211593 -1.61852184
  0.41867661  0.3090012   0.38416041  0.4000042 ], Best Fitness = 14.428017842640235, Evaluations = 6592
Generation 207: Best Solution = [ 0.62437545 -0.58025052 -1.73746137  1.69135734 -2.13928115 -1.62904356
  0.41327376  0.30826134  0.37730909  0.38686052], Best Fitness = 14.394147255484146, Evaluations = 6624
Generation 208: Best Solution = [ 0.62967262 -0.59411325 -1.74521768  1.68746875 -2.12682053 -1.62124715
  0.40644688  0.31328712  0.37373054  0.38752048], Best Fitness = 14.347796124154353, Evaluations = 6656
Generation 209: Best Solution = [ 0.62490776 -0.57561776 -1.73163147  1.69858908 -2.12445885 -1.62491383
  0.41284328  0.31532133  0.37714773  0.38466412], Best Fitness = 14.319342323288346, Evaluations = 6688
Generation 210: Best Solution = [ 0.62900206 -0.57775995 -1.7346486   1.70954864 -2.11529192 -1.61056909
  0.40862614  0.31813541  0.39039743  0.38978465], Best Fitness = 14.301932861914851, Evaluations = 6720
Generation 211: Best Solution = [ 0.62641001 -0.55729747 -1.72420749  1.71145011 -2.11862184 -1.60986325
  0.41227891  0.32376732  0.38347997  0.38452486], Best Fitness = 14.254856548514333, Evaluations = 6752
Generation 212: Best Solution = [ 0.62394735 -0.56098276 -1.72330785  1.70544102 -2.11242418 -1.61092671
  0.41106109  0.32160007  0.38673454  0.38756993], Best Fitness = 14.211923629761166, Evaluations = 6784
Generation 213: Best Solution = [ 0.62666221 -0.56515719 -1.71884223  1.70710163 -2.11081669 -1.60661499
  0.41593863  0.31931066  0.3705122   0.38077048], Best Fitness = 14.174711252571184, Evaluations = 6816
Generation 214: Best Solution = [ 0.62180615 -0.57901247 -1.7320444   1.69403106 -2.10777218 -1.59883677
  0.41127243  0.30176481  0.38269445  0.37684076], Best Fitness = 14.13927095752505, Evaluations = 6848
Generation 215: Best Solution = [ 0.62215621 -0.57122767 -1.71990023  1.69618248 -2.10489279 -1.60075811
  0.40978138  0.31955631  0.38193195  0.38032397], Best Fitness = 14.102026743455196, Evaluations = 6880
Generation 216: Best Solution = [ 0.62839293 -0.57319486 -1.73090035  1.69697444 -2.10160797 -1.58683062
  0.40252115  0.30040103  0.37220189  0.37765744], Best Fitness = 14.067379218750116, Evaluations = 6912
Generation 217: Best Solution = [ 0.62537638 -0.57111674 -1.73018632  1.69565799 -2.10317939 -1.579605
  0.38944046  0.30486761  0.3732378   0.38665762], Best Fitness = 14.038004912221549, Evaluations = 6944
Generation 218: Best Solution = [ 0.62662286 -0.56320051 -1.71498099  1.69520671 -2.10269213 -1.58443228
  0.39508736  0.32815767  0.37643808  0.38822912], Best Fitness = 14.012685414850804, Evaluations = 6976
Generation 219: Best Solution = [ 0.62126532 -0.57024596 -1.72106733  1.694999   -2.09420187 -1.5759215
  0.39988422  0.31545273  0.37584618  0.3885003 ], Best Fitness = 13.967066133733734, Evaluations = 7008
Generation 220: Best Solution = [ 0.61786365 -0.56270812 -1.69618345  1.69609555 -2.09790932 -1.585957
  0.39172842  0.3466716   0.37796429  0.39525935], Best Fitness = 13.94137677377629, Evaluations = 7040
Generation 221: Best Solution = [ 0.61335172 -0.55925943 -1.71867301  1.69579853 -2.08582533 -1.57699061
  0.38519311  0.32600499  0.36574501  0.37912061], Best Fitness = 13.888262491772215, Evaluations = 7072
Generation 222: Best Solution = [ 0.61638738 -0.5622771  -1.74162155  1.69404473 -2.08411859 -1.55460842
  0.37992899  0.29758004  0.36035166  0.37099696], Best Fitness = 13.859871748481524, Evaluations = 7104
Generation 223: Best Solution = [ 0.60768184 -0.56010085 -1.72635292  1.69562566 -2.08760398 -1.54702775
  0.38095461  0.31917044  0.3628199   0.36863168], Best Fitness = 13.804340000160309, Evaluations = 7136
Generation 224: Best Solution = [ 0.61665323 -0.56462624 -1.72536163  1.69180501 -2.08589001 -1.54647985
  0.37790644  0.29981676  0.35769641  0.3717518 ], Best Fitness = 13.779527532142547, Evaluations = 7168
Generation 225: Best Solution = [ 0.61570325 -0.55776868 -1.72519464  1.68284988 -2.07747461 -1.55375744
  0.38419363  0.28761939  0.35274124  0.38488924], Best Fitness = 13.731435364470402, Evaluations = 7200
Generation 226: Best Solution = [ 0.61820359 -0.55385043 -1.73143212  1.6864246  -2.07320755 -1.54713062
  0.37760489  0.28460817  0.349657    0.3729438 ], Best Fitness = 13.707548154610981, Evaluations = 7232
Generation 227: Best Solution = [ 0.61824917 -0.54993123 -1.72219397  1.67097409 -2.06995729 -1.55902246
  0.39259046  0.27943868  0.34627965  0.39156791], Best Fitness = 13.66348534228144, Evaluations = 7264
Generation 228: Best Solution = [ 0.62668101 -0.55481234 -1.7256054   1.67239185 -2.06626263 -1.54973985
  0.37667042  0.27406175  0.3466514   0.37440252], Best Fitness = 13.623624055976151, Evaluations = 7296
Generation 229: Best Solution = [ 0.63721061 -0.54604816 -1.72657659  1.66920623 -2.06014754 -1.54986832
  0.37419021  0.27261938  0.34731419  0.37331254], Best Fitness = 13.592150879205974, Evaluations = 7328
Generation 230: Best Solution = [ 0.62043274 -0.53949727 -1.70827593  1.66183478 -2.05928955 -1.5658881
  0.38809244  0.28158177  0.35584709  0.38042122], Best Fitness = 13.549826080955128, Evaluations = 7360
Generation 231: Best Solution = [ 0.62142624 -0.530644   -1.69751334  1.65695711 -2.06195788 -1.56994997
  0.38983475  0.30259568  0.35816419  0.37698669], Best Fitness = 13.525161040325543, Evaluations = 7392
Generation 232: Best Solution = [ 0.6467267  -0.52303004 -1.7127206   1.64966128 -2.05181581 -1.56618573
  0.37584385  0.28820322  0.34677182  0.36445054], Best Fitness = 13.48689049817402, Evaluations = 7424
Generation 233: Best Solution = [ 0.64096527 -0.53008912 -1.69793538  1.65154568 -2.03648377 -1.58683215
  0.37701984  0.27345413  0.35248472  0.35587486], Best Fitness = 13.435534586241372, Evaluations = 7456
Generation 234: Best Solution = [ 0.63075169 -0.52697163 -1.69702728  1.64528584 -2.04166762 -1.58238128
  0.38485414  0.27816901  0.35154895  0.35825734], Best Fitness = 13.412176819993459, Evaluations = 7488
Generation 235: Best Solution = [ 0.64590056 -0.52255948 -1.70704606  1.63671095 -2.03896239 -1.57064297
  0.38493216  0.28157112  0.35143433  0.35806665], Best Fitness = 13.38654476735531, Evaluations = 7520
Generation 236: Best Solution = [ 0.63858041 -0.52477843 -1.70599288  1.63899025 -2.03382382 -1.57404034
  0.38052562  0.27325449  0.35083285  0.35154117], Best Fitness = 13.360053066615492, Evaluations = 7552
Generation 237: Best Solution = [ 0.6438554  -0.51962222 -1.69586002  1.63820571 -2.03713028 -1.57440693
  0.38129102  0.26988224  0.34434834  0.34085095], Best Fitness = 13.325847556034141, Evaluations = 7584
Generation 238: Best Solution = [ 0.62713869 -0.52511425 -1.69951701  1.63596905 -2.03136195 -1.5617522
  0.39357237  0.28267961  0.35096657  0.36740606], Best Fitness = 13.292273732297936, Evaluations = 7616
Generation 239: Best Solution = [ 0.63575165 -0.52760775 -1.69871466  1.63764072 -2.02296742 -1.5636881
  0.38393124  0.27354868  0.34933928  0.3596824 ], Best Fitness = 13.261207808202697, Evaluations = 7648
Generation 240: Best Solution = [ 0.64305772 -0.52623002 -1.68125077  1.64064569 -2.02187452 -1.5703116
  0.39119834  0.27754518  0.34019732  0.36543392], Best Fitness = 13.24196243871967, Evaluations = 7680
Generation 241: Best Solution = [ 0.62126653 -0.52363044 -1.70473286  1.64029493 -2.00976109 -1.5533294
  0.40291699  0.28214384  0.35334443  0.37257759], Best Fitness = 13.214427947873576, Evaluations = 7712
Generation 242: Best Solution = [ 0.63683329 -0.52202171 -1.68965436  1.63555409 -2.01050678 -1.56152859
  0.3906691   0.2819626   0.33987123  0.36728881], Best Fitness = 13.171080169140264, Evaluations = 7744
Generation 243: Best Solution = [ 0.62776115 -0.52473596 -1.70077837  1.63685923 -2.00471259 -1.54340558
  0.39087018  0.28001105  0.34835473  0.38357279], Best Fitness = 13.142025234717275, Evaluations = 7776
Generation 244: Best Solution = [ 0.6228136  -0.52337673 -1.68468532  1.63260724 -2.00716026 -1.55306423
  0.39242906  0.28099192  0.34297806  0.37682358], Best Fitness = 13.098678809841713, Evaluations = 7808
Generation 245: Best Solution = [ 0.62049164 -0.51701709 -1.69496696  1.63476205 -1.99505159 -1.54728232
  0.3938938   0.27374833  0.33630623  0.37810622], Best Fitness = 13.058146565861799, Evaluations = 7840
Generation 246: Best Solution = [ 0.62409629 -0.52159388 -1.67879367  1.63738931 -1.99739148 -1.552159
  0.38161101  0.28252057  0.33855126  0.37570399], Best Fitness = 13.040933860145879, Evaluations = 7872
Generation 247: Best Solution = [ 0.62136664 -0.52597447 -1.67591138  1.63535301 -1.99599035 -1.54356113
  0.38070447  0.27040981  0.33262094  0.38123444], Best Fitness = 12.986396247224489, Evaluations = 7904
Generation 248: Best Solution = [ 0.62993708 -0.52060973 -1.67577392  1.63183417 -1.98724005 -1.5489385
  0.37444042  0.27858232  0.32833356  0.38373718], Best Fitness = 12.960160580839009, Evaluations = 7936
Generation 249: Best Solution = [ 0.62477781 -0.52269404 -1.67526019  1.63287604 -1.98689311 -1.53565802
  0.38608855  0.27291188  0.3342954   0.37393079], Best Fitness = 12.91744992177727, Evaluations = 7968
Generation 250: Best Solution = [ 0.62343652 -0.5200319  -1.67399913  1.62473692 -1.98651817 -1.53545178
  0.38523088  0.27295405  0.33323404  0.37339585], Best Fitness = 12.878392161770618, Evaluations = 8000
Generation 251: Best Solution = [ 0.62137067 -0.52509092 -1.66432483  1.63186    -1.98672208 -1.51848692
  0.38346952  0.26376517  0.32221068  0.36175212], Best Fitness = 12.798938613828984, Evaluations = 8032
Generation 252: Best Solution = [ 0.62715029 -0.52798158 -1.65675816  1.63232888 -1.98381081 -1.51526861
  0.37898362  0.260398    0.32434182  0.35657939], Best Fitness = 12.756753696945792, Evaluations = 8064
Generation 253: Best Solution = [ 0.61553566 -0.51503263 -1.66778054  1.61014405 -1.97716683 -1.52652802
  0.39142586  0.26468307  0.32961194  0.3801671 ], Best Fitness = 12.734117405217367, Evaluations = 8096
Generation 254: Best Solution = [ 0.62565293 -0.52273639 -1.66034211  1.61652564 -1.98200372 -1.51042979
  0.38585997  0.25460721  0.32113014  0.38119   ], Best Fitness = 12.706466012919828, Evaluations = 8128
Generation 255: Best Solution = [ 0.62845193 -0.51455825 -1.65730202  1.61222419 -1.98076983 -1.51456715
  0.39630268  0.26500997  0.30927899  0.37300177], Best Fitness = 12.685071581394102, Evaluations = 8160
Generation 256: Best Solution = [ 0.64122078 -0.52765569 -1.6361921   1.61949215 -1.99536912 -1.49508544
  0.38573824  0.24534487  0.30210108  0.37257439], Best Fitness = 12.645307259577732, Evaluations = 8192
Generation 257: Best Solution = [ 0.62178642 -0.514137   -1.65143896  1.61307608 -1.98469606 -1.49695683
  0.38440827  0.26255706  0.32131421  0.37485191], Best Fitness = 12.620581178001016, Evaluations = 8224
Generation 258: Best Solution = [ 0.63144774 -0.5230546  -1.64574181  1.61128011 -1.98232082 -1.49644321
  0.39204625  0.25774128  0.31827048  0.3639671 ], Best Fitness = 12.599839162860873, Evaluations = 8256
Generation 259: Best Solution = [ 0.64899503 -0.52210291 -1.64180349  1.60858037 -1.97732967 -1.50079425
  0.38359664  0.24555001  0.29735535  0.3783925 ], Best Fitness = 12.578093790645593, Evaluations = 8288
Generation 260: Best Solution = [ 0.66098471 -0.52510102 -1.63311544  1.61101952 -1.97708107 -1.49190797
  0.37395695  0.24680042  0.28253817  0.37586048], Best Fitness = 12.531573939546815, Evaluations = 8320
Generation 261: Best Solution = [ 0.66523554 -0.53377074 -1.65310239  1.5883351  -1.96186484 -1.48872905
  0.3814823   0.23137862  0.27198668  0.39057213], Best Fitness = 12.47382141503406, Evaluations = 8352
Generation 262: Best Solution = [ 0.65585756 -0.51548857 -1.62734714  1.5985809  -1.97411337 -1.49189104
  0.37267393  0.25222835  0.2695229   0.38140282], Best Fitness = 12.443075410117428, Evaluations = 8384
Generation 263: Best Solution = [ 0.65944016 -0.52187913 -1.63057822  1.59605934 -1.96207627 -1.49104261
  0.3876977   0.24651108  0.28146805  0.38419695], Best Fitness = 12.424270045223219, Evaluations = 8416
Generation 264: Best Solution = [ 0.65579564 -0.51863524 -1.61435668  1.60011389 -1.96938259 -1.48143596
  0.3720445   0.24787025  0.26954837  0.37122999], Best Fitness = 12.349007479251412, Evaluations = 8448
Generation 265: Best Solution = [ 0.64811634 -0.50855805 -1.61040867  1.60128397 -1.97306583 -1.48120905
  0.37118736  0.25020262  0.27157381  0.36313904], Best Fitness = 12.329185247057724, Evaluations = 8480
Generation 266: Best Solution = [ 0.64330252 -0.49643593 -1.60422062  1.60642268 -1.97772508 -1.47305644
  0.37405711  0.25278829  0.2751658   0.35210682], Best Fitness = 12.29921224161867, Evaluations = 8512
Generation 267: Best Solution = [ 0.64413481 -0.49191011 -1.60304304  1.60299318 -1.96976939 -1.47523643
  0.37302151  0.24905142  0.27841204  0.35277262], Best Fitness = 12.255666730174037, Evaluations = 8544
Generation 268: Best Solution = [ 0.63800234 -0.48980333 -1.59332723  1.61129816 -1.97580426 -1.4673126
  0.35889706  0.25505233  0.27012288  0.34007491], Best Fitness = 12.221212570480423, Evaluations = 8576
Generation 269: Best Solution = [ 0.65354799 -0.50333431 -1.60316503  1.59877999 -1.95441372 -1.47274401
  0.37520557  0.24290483  0.28077921  0.365169  ], Best Fitness = 12.207381182267003, Evaluations = 8608
Generation 270: Best Solution = [ 0.651131   -0.50528089 -1.60252325  1.60156549 -1.95167789 -1.4689004
  0.36676776  0.24906822  0.27611872  0.35478487], Best Fitness = 12.177755529016622, Evaluations = 8640
Generation 271: Best Solution = [ 0.62974259 -0.47997152 -1.59519139  1.5949892  -1.97071949 -1.46351396
  0.36659984  0.25300241  0.28125013  0.35438714], Best Fitness = 12.144280504440188, Evaluations = 8672
Generation 272: Best Solution = [ 0.61493366 -0.4615084  -1.58729619  1.58738368 -1.98310881 -1.45685725
  0.3636528   0.24910139  0.29682623  0.35402211], Best Fitness = 12.093315471860578, Evaluations = 8704
Generation 273: Best Solution = [ 0.63960956 -0.47715512 -1.5892105   1.59460462 -1.95193887 -1.47255567
  0.35245137  0.25337119  0.26557513  0.36607876], Best Fitness = 12.076579566466158, Evaluations = 8736
Generation 274: Best Solution = [ 0.59999273 -0.46569193 -1.58611403  1.58672739 -1.9768411  -1.45708752
  0.35814465  0.25619598  0.29343488  0.35156627], Best Fitness = 12.044933393968785, Evaluations = 8768
Generation 275: Best Solution = [ 0.62076053 -0.48117636 -1.57564769  1.59046521 -1.97016078 -1.46321507
  0.35284969  0.24260536  0.28039058  0.35822706], Best Fitness = 12.04195717549981, Evaluations = 8800
Generation 276: Best Solution = [ 0.60748184 -0.47478072 -1.56521641  1.58147376 -1.98358452 -1.45935069
  0.35034889  0.24529413  0.28054979  0.35578128], Best Fitness = 11.997926600443574, Evaluations = 8832
Generation 277: Best Solution = [ 0.62513634 -0.47747739 -1.557371    1.58909355 -1.97075861 -1.46214422
  0.35358042  0.23101235  0.27367994  0.35382   ], Best Fitness = 11.969633167681943, Evaluations = 8864
Generation 278: Best Solution = [ 0.62171468 -0.48515096 -1.5516943   1.58012329 -1.98412703 -1.45760943
  0.35598776  0.21499527  0.27707132  0.347521  ], Best Fitness = 11.958320338350465, Evaluations = 8896
Generation 279: Best Solution = [ 0.62071969 -0.47648861 -1.56029006  1.58942222 -1.96478081 -1.44703826
  0.34849069  0.24633276  0.27940754  0.35947492], Best Fitness = 11.91680211703336, Evaluations = 8928
Generation 280: Best Solution = [ 0.63220734 -0.46884567 -1.55404253  1.59595576 -1.95748924 -1.44758634
  0.35694799  0.23685884  0.27090992  0.36547128], Best Fitness = 11.899371117836992, Evaluations = 8960
Generation 281: Best Solution = [ 0.62526701 -0.47228207 -1.54860281  1.59025763 -1.95664616 -1.45353969
  0.36093281  0.23763438  0.26948799  0.35345318], Best Fitness = 11.866636532529823, Evaluations = 8992
Generation 282: Best Solution = [ 0.62508104 -0.47061726 -1.5424748   1.58170497 -1.95929268 -1.45943684
  0.36504401  0.21489216  0.27376344  0.34950203], Best Fitness = 11.838543547749754, Evaluations = 9024
Generation 283: Best Solution = [ 0.61539448 -0.4723314  -1.55200893  1.57833287 -1.94626592 -1.45344028
  0.35877729  0.23349393  0.27206797  0.34560239], Best Fitness = 11.778815904408162, Evaluations = 9056
Generation 284: Best Solution = [ 0.61591658 -0.46815104 -1.54600778  1.57608094 -1.9489123  -1.45692358
  0.36535075  0.23122367  0.26504672  0.34844232], Best Fitness = 11.772182644640324, Evaluations = 9088
Generation 285: Best Solution = [ 0.62688568 -0.46560843 -1.55664263  1.57209979 -1.94235979 -1.44009072
  0.36260539  0.22442382  0.27283414  0.34374085], Best Fitness = 11.725478679305771, Evaluations = 9120
Generation 286: Best Solution = [ 0.62303092 -0.47508348 -1.55295155  1.5696705  -1.94329329 -1.43852692
  0.35904029  0.23349763  0.27704228  0.33791092], Best Fitness = 11.709511630201305, Evaluations = 9152
Generation 287: Best Solution = [ 0.61836008 -0.47379517 -1.55968263  1.57119645 -1.93225654 -1.44128846
  0.35813288  0.23885353  0.2786933   0.33393864], Best Fitness = 11.693542152919981, Evaluations = 9184
Generation 288: Best Solution = [ 0.61840148 -0.46500155 -1.56735739  1.56746207 -1.93003123 -1.42903427
  0.36022757  0.24363517  0.27732804  0.33393974], Best Fitness = 11.656901466900006, Evaluations = 9216
Generation 289: Best Solution = [ 0.6226321  -0.47895439 -1.54267455  1.57667841 -1.91873434 -1.44324446
  0.35766103  0.23347178  0.27584694  0.33357304], Best Fitness = 11.617116665777761, Evaluations = 9248
Generation 290: Best Solution = [ 0.62073031 -0.46533874 -1.54468519  1.56913997 -1.91645337 -1.43774924
  0.35645372  0.2416623   0.2690775   0.32193279], Best Fitness = 11.551518590180176, Evaluations = 9280
Generation 291: Best Solution = [ 0.62216603 -0.45735265 -1.55518626  1.5690717  -1.90770929 -1.43325417
  0.35287782  0.24607811  0.26777207  0.32798753], Best Fitness = 11.534779469864501, Evaluations = 9312
Generation 292: Best Solution = [ 0.61680706 -0.46695514 -1.5430638   1.56211995 -1.91001874 -1.44159981
  0.35249081  0.24332566  0.27001498  0.32184238], Best Fitness = 11.506092065407094, Evaluations = 9344
Generation 293: Best Solution = [ 0.62000499 -0.45832076 -1.56021626  1.56529555 -1.89612709 -1.4235815
  0.35485593  0.23034759  0.26582043  0.31716454], Best Fitness = 11.45100782413803, Evaluations = 9376
Generation 294: Best Solution = [ 0.62501139 -0.450546   -1.57621507  1.56759797 -1.87686666 -1.41656748
  0.34757205  0.22452751  0.26819028  0.31021169], Best Fitness = 11.404116422055317, Evaluations = 9408
Generation 295: Best Solution = [ 0.61860933 -0.45170114 -1.56632309  1.55937406 -1.87920541 -1.42634826
  0.35468553  0.2114364   0.25717883  0.30469511], Best Fitness = 11.367096478787182, Evaluations = 9440
Generation 296: Best Solution = [ 0.62273805 -0.44670046 -1.57043575  1.57687715 -1.86445632 -1.40907313
  0.35928827  0.22688379  0.27572308  0.30265509], Best Fitness = 11.350026055634398, Evaluations = 9472
Generation 297: Best Solution = [ 0.62224784 -0.4417466  -1.5692145   1.57458595 -1.86103215 -1.41431209
  0.35015001  0.21758686  0.26822176  0.31432991], Best Fitness = 11.328502084210388, Evaluations = 9504
Generation 298: Best Solution = [ 0.62181998 -0.43850459 -1.57106582  1.57140403 -1.85867319 -1.40705655
  0.35870026  0.22198844  0.27605648  0.32199659], Best Fitness = 11.308812653866843, Evaluations = 9536
Generation 299: Best Solution = [ 0.62015054 -0.43752005 -1.56266624  1.57137698 -1.85934064 -1.41305172
  0.36136569  0.21965879  0.2557328   0.31522856], Best Fitness = 11.28462813088831, Evaluations = 9568
Generation 300: Best Solution = [ 0.60367344 -0.45390746 -1.55381921  1.56402449 -1.86563289 -1.41460403
  0.34831353  0.23404132  0.23688892  0.30072358], Best Fitness = 11.235319681405649, Evaluations = 9600
Generation 301: Best Solution = [ 0.60213544 -0.44970924 -1.54713157  1.55978927 -1.86313121 -1.41612658
  0.34798418  0.23070754  0.23293578  0.30592188], Best Fitness = 11.19020276870175, Evaluations = 9632
Generation 302: Best Solution = [ 0.5959743  -0.46551026 -1.54113862  1.55985945 -1.86458637 -1.4109018
  0.34422955  0.24033752  0.21925155  0.29779301], Best Fitness = 11.160489170777536, Evaluations = 9664
Generation 303: Best Solution = [ 0.5882287  -0.45977061 -1.53884414  1.55785054 -1.86197458 -1.4106062
  0.35372116  0.25316324  0.21607374  0.29802685], Best Fitness = 11.133818971237938, Evaluations = 9696
Generation 304: Best Solution = [ 0.59453441 -0.46256357 -1.53619004  1.56467608 -1.85793617 -1.40771256
  0.34160963  0.23109887  0.21701389  0.30371884], Best Fitness = 11.118552768730433, Evaluations = 9728
Generation 305: Best Solution = [ 0.58583206 -0.46368883 -1.53486611  1.56193711 -1.85805387 -1.40447204
  0.34119057  0.23383409  0.21489711  0.30604479], Best Fitness = 11.089507463341478, Evaluations = 9760
Generation 306: Best Solution = [ 0.58873587 -0.47398211 -1.53508774  1.56305943 -1.85130493 -1.39456919
  0.34094427  0.23735616  0.21796571  0.29483939], Best Fitness = 11.050091537474088, Evaluations = 9792
Generation 307: Best Solution = [ 0.59203799 -0.47165407 -1.54395235  1.56305069 -1.83797073 -1.38985921
  0.34534734  0.21482883  0.22916656  0.3023745 ], Best Fitness = 11.019091721552144, Evaluations = 9824
Generation 308: Best Solution = [ 0.59010638 -0.44998055 -1.53476263  1.55417126 -1.84964905 -1.39224941
  0.33762809  0.225045    0.21126679  0.30791381], Best Fitness = 10.985295265124257, Evaluations = 9856
Generation 309: Best Solution = [ 0.58687585 -0.4615908  -1.52523364  1.56191402 -1.84741839 -1.38938855
  0.33453506  0.22009784  0.21595249  0.30398982], Best Fitness = 10.966159702251867, Evaluations = 9888
Generation 310: Best Solution = [ 0.58900045 -0.46317363 -1.52767403  1.55351502 -1.84225224 -1.38975763
  0.33429331  0.22288421  0.21386988  0.30011937], Best Fitness = 10.931209140989205, Evaluations = 9920
Generation 311: Best Solution = [ 0.57183643 -0.44813606 -1.51946871  1.54430252 -1.85096879 -1.39643957
  0.32513254  0.23864888  0.19617938  0.30920686], Best Fitness = 10.894366857513306, Evaluations = 9952
Generation 312: Best Solution = [ 0.55770839 -0.44331548 -1.51295778  1.53232214 -1.84584344 -1.42233837
  0.30944853  0.26362848  0.1860321   0.32254997], Best Fitness = 10.878708892384328, Evaluations = 9984
Generation 313: Best Solution = [ 0.5714487  -0.45456548 -1.50879613  1.53642685 -1.8372136  -1.40903026
  0.32389047  0.25647186  0.19116638  0.31700215], Best Fitness = 10.838694531793923, Evaluations = 10016
