Algorithm: Cross-Entropy Method
Objective Function: Rastrigin
Dimension: 10
Population Size: 32
Max Evaluations: 10000

Generation 1: Best Solution = [-2.91426785 -2.992664   -2.2446953  -0.56032531 -0.17528372  4.12191858
  1.80269568 -3.76148833 -1.71627198  0.02403851], Best Fitness = 127.06546571875239, Evaluations = 32
Generation 2: Best Solution = [ 1.03928756  0.83180343 -0.1448054  -2.14336485  1.86400154  3.37000384
 -0.07298497  0.79778871 -4.92083701 -3.6825813 ], Best Fitness = 116.35157545473862, Evaluations = 64
Generation 3: Best Solution = [-0.66242049  1.03545089 -1.05441012  0.0788286   0.13463505  3.93413461
 -0.98896386 -1.34521871 -3.01238628 -2.8354407 ], Best Fitness = 80.06921387808724, Evaluations = 96
Generation 4: Best Solution = [ 1.57533494 -0.23923978  0.06982519 -0.86239314  1.93640191  2.00755569
  0.73852576 -0.6086733  -3.08583466 -1.8640126 ], Best Fitness = 91.79322962182987, Evaluations = 128
Generation 5: Best Solution = [ 0.84227883 -0.05298057  0.04874859 -0.38071031  1.90151805  1.9042942
  0.10998753 -0.19345891 -2.82704979 -1.88456678], Best Fitness = 62.8379685681627, Evaluations = 160
Generation 6: Best Solution = [ 0.35561015  1.02532839  0.87686972  0.02493759  0.97263868  1.81961242
 -0.47534235 -0.1556847  -3.30701523 -2.03852737], Best Fitness = 84.80546975982321, Evaluations = 192
Generation 7: Best Solution = [ 0.14944211  0.14990171 -0.11275001 -0.03686679  1.90319664  1.98743157
 -0.24675602 -0.39184929 -2.76718447 -1.80970856], Best Fitness = 74.31951834434823, Evaluations = 224
Generation 8: Best Solution = [ 0.97904664  1.05615713  1.08995325 -0.07116608  1.55805207  0.96095865
  0.02674409  0.26785373 -3.15979566 -1.92406629], Best Fitness = 60.26714265153791, Evaluations = 256
Generation 9: Best Solution = [ 0.90383688  0.8898094   0.93011624 -0.06174171  1.76466839  0.89057925
  0.11125621  0.32105952 -3.03800169 -1.85090255], Best Fitness = 57.29505159866771, Evaluations = 288
Generation 10: Best Solution = [ 0.85307285  1.07333239  1.06436496 -0.09832163  1.42734813  0.99294505
  0.03876437  0.27681507 -3.11624108 -1.97129416], Best Fitness = 61.05638348449413, Evaluations = 320
Generation 11: Best Solution = [ 0.87781359  0.83260588  0.95993559 -0.12559952  1.7541995   1.02956184
  0.10079642  0.23763536 -3.10081963 -1.839135  ], Best Fitness = 58.41716730767134, Evaluations = 352
Generation 12: Best Solution = [ 0.91852311  0.87881571  0.97986904 -0.12912465  1.72503156  1.00213068
  0.14413461  0.19811138 -3.09282331 -1.84837729], Best Fitness = 54.89935529605523, Evaluations = 384
Generation 13: Best Solution = [ 0.93499374  0.87619052  0.94232011 -0.15119384  1.75829845  0.97505329
  0.18041337  0.18277544 -3.06711949 -1.8498007 ], Best Fitness = 54.29765637968553, Evaluations = 416
Generation 14: Best Solution = [ 0.94161356  0.85880788  0.95475723 -0.14960991  1.77020681  0.97422056
  0.16060217  0.20344577 -3.06074709 -1.84983071], Best Fitness = 53.85601809274029, Evaluations = 448
Generation 15: Best Solution = [ 0.91219593  1.17001606  0.99763462 -0.15719787  1.27022674  1.00178018
  0.05337195  0.20225147 -3.0938464  -2.08336164], Best Fitness = 52.85517034953375, Evaluations = 480
Generation 16: Best Solution = [ 0.90458239  1.18542409  0.98872415 -0.1590001   1.22954991  1.01376392
  0.03295732  0.19697557 -3.09048188 -2.10170585], Best Fitness = 51.43041063752296, Evaluations = 512
Generation 17: Best Solution = [ 0.90948841  1.19078569  1.006234   -0.15621759  1.20698434  1.03289385
  0.0362126   0.19080143 -3.09166736 -2.09641941], Best Fitness = 49.7449687325628, Evaluations = 544
Generation 18: Best Solution = [ 0.90800815  1.2131416   0.99543659 -0.15718816  1.17172609  1.01757319
  0.01756245  0.20130413 -3.0997076  -2.11419287], Best Fitness = 50.41759959724534, Evaluations = 576
Generation 19: Best Solution = [ 0.90844614  1.19591256  0.99454261 -0.15081948  1.19570456  1.02341062
  0.02744028  0.20018033 -3.09861685 -2.10250533], Best Fitness = 49.946593090976535, Evaluations = 608
Generation 20: Best Solution = [ 0.90870541  1.18014724  0.99680242 -0.14099835  1.21617481  1.03173131
  0.03229129  0.19690228 -3.0994098  -2.08777325], Best Fitness = 49.197756817892405, Evaluations = 640
Generation 21: Best Solution = [ 0.91298968  1.19710996  0.99338669 -0.13992727  1.20467877  1.02587481
  0.03594028  0.189287   -3.09580377 -2.09731105], Best Fitness = 49.04558328667125, Evaluations = 672
Generation 22: Best Solution = [ 0.91781268  1.17112461  1.00116243 -0.15249856  1.21189798  1.0129181
  0.03319104  0.19295866 -3.09923069 -2.08233844], Best Fitness = 48.073276404118246, Evaluations = 704
Generation 23: Best Solution = [ 0.90839513  1.18953554  0.99120016 -0.14116084  1.19249389  1.03013648
  0.01770022  0.18463028 -3.09286548 -2.09980851], Best Fitness = 47.60538613241039, Evaluations = 736
Generation 24: Best Solution = [ 0.91139775  1.18481169  0.99214887 -0.14433492  1.19299314  1.02088143
  0.02490915  0.18711868 -3.08528359 -2.09450541], Best Fitness = 46.99128940480795, Evaluations = 768
Generation 25: Best Solution = [ 0.91182347  1.18108289  0.99235291 -0.12875239  1.1920841   1.02668025
  0.02008413  0.19245173 -3.08283272 -2.09294598], Best Fitness = 46.13780870030419, Evaluations = 800
Generation 26: Best Solution = [ 0.91525518  1.18251236  0.99210048 -0.13197365  1.19878945  1.02395329
  0.02006954  0.19156794 -3.07607741 -2.08660287], Best Fitness = 46.11001704201575, Evaluations = 832
Generation 27: Best Solution = [ 0.91252929  1.18273824  0.99141328 -0.13714518  1.19332878  1.03519303
  0.01547291  0.17379784 -3.08320627 -2.08969539], Best Fitness = 45.58653359637596, Evaluations = 864
Generation 28: Best Solution = [ 0.91567632  1.16551228  0.98783607 -0.13984822  1.18886226  1.00437928
  0.01714278  0.20022723 -3.07933028 -2.076735  ], Best Fitness = 45.000094016685026, Evaluations = 896
Generation 29: Best Solution = [ 0.89688023  1.18529043  1.00206284 -0.14158363  1.16521884  1.03062281
  0.00643169  0.15931423 -3.09194753 -2.08790958], Best Fitness = 44.20330084350861, Evaluations = 928
Generation 30: Best Solution = [ 8.85981994e-01  1.17261840e+00  1.00691053e+00 -1.41314738e-01
  1.16361211e+00  1.01901961e+00 -2.72432056e-03  1.58946692e-01
 -3.08204735e+00 -2.08118336e+00], Best Fitness = 42.99250178941482, Evaluations = 960
Generation 31: Best Solution = [ 0.88701035  1.16983212  1.00515471 -0.13375667  1.15729059  1.01536283
  0.00607598  0.1585914  -3.07610725 -2.08855159], Best Fitness = 42.07626022941358, Evaluations = 992
Generation 32: Best Solution = [ 0.89540787  1.16901192  1.00987533 -0.13443443  1.16536772  1.01131085
  0.00524906  0.16562355 -3.07670095 -2.06998352], Best Fitness = 41.94967464890586, Evaluations = 1024
Generation 33: Best Solution = [ 0.88601461  1.17128311  1.01538822 -0.13093632  1.15795528  1.01052065
  0.01404284  0.16433366 -3.07023985 -2.07321447], Best Fitness = 41.73903721217482, Evaluations = 1056
Generation 34: Best Solution = [ 0.89382753  1.16820993  1.00529767 -0.13256371  1.15515547  1.01912023
  0.01187367  0.16238493 -3.07392521 -2.07900339], Best Fitness = 41.39142055540444, Evaluations = 1088
Generation 35: Best Solution = [ 0.89390824  1.16624056  1.00362178 -0.12663197  1.15293571  1.02123384
  0.01232684  0.15399303 -3.07352264 -2.07727397], Best Fitness = 40.38409210823786, Evaluations = 1120
Generation 36: Best Solution = [ 0.89810505  1.17225709  1.01065239 -0.11768628  1.15718103  1.00906471
  0.02177473  0.15620933 -3.06774446 -2.07699852], Best Fitness = 40.329555807383926, Evaluations = 1152
Generation 37: Best Solution = [ 0.90551137  1.16500999  1.00512806 -0.12102001  1.15490789  1.01136252
  0.0154609   0.15128026 -3.08102417 -2.07017543], Best Fitness = 39.6000435466119, Evaluations = 1184
Generation 38: Best Solution = [ 9.03839727e-01  1.14312521e+00  1.00499462e+00 -1.45634390e-01
  1.14392342e+00  1.03391289e+00  2.57156590e-03  1.52196548e-01
 -3.07533295e+00 -2.07413203e+00], Best Fitness = 39.215561805160306, Evaluations = 1216
Generation 39: Best Solution = [ 0.90687816  1.15322231  1.00452128 -0.11598402  1.15807837  1.01178269
  0.01783926  0.14447265 -3.06316563 -2.08159465], Best Fitness = 38.30949802634328, Evaluations = 1248
Generation 40: Best Solution = [ 0.89769419  1.15228685  0.9946577  -0.11509667  1.14058638  1.01813391
  0.00560233  0.13877651 -3.06366951 -2.08076876], Best Fitness = 37.29389736543466, Evaluations = 1280
Generation 41: Best Solution = [ 9.01270856e-01  1.15231671e+00  9.97086794e-01 -1.10575840e-01
  1.13914351e+00  1.01666328e+00 -2.00709743e-05  1.38599581e-01
 -3.06334756e+00 -2.07902199e+00], Best Fitness = 36.8133296905665, Evaluations = 1312
Generation 42: Best Solution = [ 0.90063389  1.15586797  0.99407472 -0.10716521  1.14314669  1.01887899
 -0.00362151  0.13155776 -3.0604867  -2.08090452], Best Fitness = 36.76252302757376, Evaluations = 1344
Generation 43: Best Solution = [ 9.07596245e-01  1.14475276e+00  9.96870379e-01 -1.14947694e-01
  1.13988322e+00  1.00533025e+00 -1.71450901e-03  1.34339594e-01
 -3.06483682e+00 -2.07505514e+00], Best Fitness = 36.056227776281474, Evaluations = 1376
Generation 44: Best Solution = [ 9.09065591e-01  1.13520766e+00  9.91496375e-01 -1.20882911e-01
  1.13372062e+00  1.01314075e+00  2.95644359e-03  1.29989063e-01
 -3.06390489e+00 -2.06876424e+00], Best Fitness = 35.0873297227441, Evaluations = 1408
Generation 45: Best Solution = [ 0.91119067  1.14318271  0.99672363 -0.11196166  1.12973767  1.0142253
  0.00632903  0.1232008  -3.06466321 -2.07754311], Best Fitness = 34.86324546157573, Evaluations = 1440
Generation 46: Best Solution = [ 9.10596463e-01  1.13602498e+00  9.88878576e-01 -1.17261811e-01
  1.12484958e+00  1.00319247e+00  1.60012300e-03  1.26680614e-01
 -3.05995497e+00 -2.06509000e+00], Best Fitness = 34.07173554217731, Evaluations = 1472
Generation 47: Best Solution = [ 0.90946829  1.12628777  0.97923255 -0.11557485  1.12645161  0.99712258
  0.00980337  0.12784951 -3.0620487  -2.06691524], Best Fitness = 33.85693792645439, Evaluations = 1504
Generation 48: Best Solution = [ 0.91896612  1.14213132  0.9956823  -0.10432348  1.12463295  0.9961027
 -0.0047561   0.11665453 -3.05400732 -2.07231597], Best Fitness = 33.190445907807344, Evaluations = 1536
Generation 49: Best Solution = [ 9.12869854e-01  1.12948905e+00  9.86392999e-01 -1.09669803e-01
  1.12563987e+00  9.83877294e-01 -1.93147624e-03  1.14181503e-01
 -3.05413466e+00 -2.06553396e+00], Best Fitness = 32.73033387931953, Evaluations = 1568
Generation 50: Best Solution = [ 0.91973454  1.1203681   0.98980343 -0.10221581  1.12146573  0.9948117
  0.0034835   0.11975599 -3.06351407 -2.06361625], Best Fitness = 32.03596911325893, Evaluations = 1600
Generation 51: Best Solution = [ 0.92033837  1.12495496  1.00988048 -0.10204915  1.11001711  1.01189987
 -0.00932275  0.12004301 -3.05361025 -2.07368165], Best Fitness = 31.864583668806958, Evaluations = 1632
Generation 52: Best Solution = [ 9.23374811e-01  1.14018295e+00  1.00578101e+00 -9.93041057e-02
  1.10667605e+00  9.94639859e-01  5.74257354e-04  1.09947384e-01
 -3.05441624e+00 -2.05885449e+00], Best Fitness = 31.347485720007086, Evaluations = 1664
Generation 53: Best Solution = [ 0.92821999  1.12617076  1.00451556 -0.09566731  1.10867569  1.01323013
  0.00992393  0.10660081 -3.05228533 -2.06689007], Best Fitness = 30.6033133732672, Evaluations = 1696
Generation 54: Best Solution = [ 0.93374667  1.11498907  0.99983899 -0.09942046  1.10797536  1.00897965
  0.0127526   0.11364761 -3.04907179 -2.06979526], Best Fitness = 30.328401810216306, Evaluations = 1728
Generation 55: Best Solution = [ 0.9351802   1.10583951  0.99436333 -0.09880819  1.1108387   1.00427235
  0.01267791  0.11608259 -3.04614979 -2.06802898], Best Fitness = 29.95415035457522, Evaluations = 1760
Generation 56: Best Solution = [ 0.91671319  1.12208948  0.99988814 -0.08714758  1.09793924  1.00134355
  0.02449881  0.10453947 -3.0507612  -2.05497858], Best Fitness = 29.58654187716168, Evaluations = 1792
Generation 57: Best Solution = [ 9.31089643e-01  1.10151958e+00  1.00034082e+00 -9.20922598e-02
  1.10012944e+00  1.01109616e+00 -1.19654082e-03  1.10149609e-01
 -3.04446318e+00 -2.07124066e+00], Best Fitness = 29.0229406000648, Evaluations = 1824
Generation 58: Best Solution = [ 0.93091998  1.09742384  0.99891906 -0.09298885  1.10185679  0.99853312
  0.0101913   0.10727323 -3.04397329 -2.06034121], Best Fitness = 28.48914776878098, Evaluations = 1856
Generation 59: Best Solution = [ 0.92972725  1.09458643  1.00507806 -0.09531051  1.08902517  0.99562219
  0.00911492  0.11449679 -3.04028702 -2.05724531], Best Fitness = 28.14757478979945, Evaluations = 1888
Generation 60: Best Solution = [ 0.94323451  1.09447557  1.00056224 -0.09009807  1.08831746  1.00971368
  0.00400935  0.11269518 -3.03606969 -2.06959635], Best Fitness = 27.83750693821362, Evaluations = 1920
Generation 61: Best Solution = [ 0.94688184  1.09328956  1.00229738 -0.08899883  1.08285261  1.00199313
  0.0035305   0.11092179 -3.0434601  -2.06366761], Best Fitness = 27.37981571171842, Evaluations = 1952
Generation 62: Best Solution = [ 0.95084674  1.0859798   1.0074973  -0.08554083  1.08971404  0.99677631
 -0.00468749  0.11302407 -3.04333707 -2.06085472], Best Fitness = 27.188356833741196, Evaluations = 1984
Generation 63: Best Solution = [ 0.94289194  1.08451651  0.99003561 -0.08322244  1.09013136  1.02305449
 -0.00361482  0.10658894 -3.03417164 -2.05530742], Best Fitness = 26.754954938665236, Evaluations = 2016
Generation 64: Best Solution = [ 9.45141505e-01  1.07924928e+00  9.95895698e-01 -8.51888164e-02
  1.09030998e+00  1.00997184e+00  2.89072967e-03  1.00215277e-01
 -3.03273264e+00 -2.04960459e+00], Best Fitness = 26.077560165600048, Evaluations = 2048
Generation 65: Best Solution = [ 0.94391041  1.07607174  0.99481026 -0.07844568  1.0822721   1.00553205
  0.00365808  0.10483261 -3.03128724 -2.0479165 ], Best Fitness = 25.60139433035782, Evaluations = 2080
Generation 66: Best Solution = [ 0.94386493  1.07637368  0.97614923 -0.07305571  1.07640764  1.0122189
  0.00456199  0.10762072 -3.02100631 -2.05079052], Best Fitness = 25.383305859837748, Evaluations = 2112
Generation 67: Best Solution = [ 0.9549366   1.08024531  0.99518711 -0.07365116  1.07428774  1.00787249
  0.00363314  0.09813405 -3.03840036 -2.05180834], Best Fitness = 25.135730016814506, Evaluations = 2144
Generation 68: Best Solution = [ 0.94778428  1.06172477  0.99860082 -0.07404287  1.07487187  1.01359346
  0.0063522   0.10156996 -3.02955195 -2.05127179], Best Fitness = 24.731675384907064, Evaluations = 2176
Generation 69: Best Solution = [ 9.58325047e-01  1.05725245e+00  9.94610320e-01 -6.90911129e-02
  1.07563495e+00  1.00602029e+00 -9.40466422e-04  1.04722763e-01
 -3.03212156e+00 -2.05323256e+00], Best Fitness = 24.494362927317496, Evaluations = 2208
Generation 70: Best Solution = [ 9.45902449e-01  1.06630907e+00  9.99534940e-01 -7.47126501e-02
  1.07158966e+00  1.02116098e+00  9.48166014e-04  8.29280980e-02
 -3.03893435e+00 -2.04891155e+00], Best Fitness = 24.353318201598896, Evaluations = 2240
Generation 71: Best Solution = [ 9.57359570e-01  1.05654896e+00  9.97790281e-01 -6.93870533e-02
  1.07894372e+00  1.00542512e+00  2.76862485e-03  9.37385092e-02
 -3.02452639e+00 -2.04553433e+00], Best Fitness = 23.889089852278488, Evaluations = 2272
Generation 72: Best Solution = [ 0.95820266  1.06238012  0.99795121 -0.06691208  1.08289116  0.99968718
  0.00758428  0.09329646 -3.01418042 -2.03958367], Best Fitness = 23.800141340604213, Evaluations = 2304
Generation 73: Best Solution = [ 9.49684709e-01  1.06205441e+00  9.98864824e-01 -7.24669404e-02
  1.07535175e+00  1.00887125e+00 -1.33784820e-03  7.87784737e-02
 -3.01758451e+00 -2.03629206e+00], Best Fitness = 23.36665046536345, Evaluations = 2336
Generation 74: Best Solution = [ 9.53346585e-01  1.06001396e+00  9.98633647e-01 -6.34817680e-02
  1.06980162e+00  1.00880584e+00 -2.97628241e-03  8.17205679e-02
 -3.01948758e+00 -2.04215696e+00], Best Fitness = 23.08147309459261, Evaluations = 2368
Generation 75: Best Solution = [ 9.52849267e-01  1.06252255e+00  1.00116710e+00 -6.25670842e-02
  1.06509295e+00  1.00943526e+00  1.78933632e-04  7.39146644e-02
 -3.02256210e+00 -2.04144347e+00], Best Fitness = 22.804786350677247, Evaluations = 2400
Generation 76: Best Solution = [ 9.58938704e-01  1.06670879e+00  9.98942803e-01 -6.45448521e-02
  1.06186474e+00  1.01821795e+00 -8.27409184e-04  6.44039257e-02
 -3.02931720e+00 -2.03660919e+00], Best Fitness = 22.612230759547927, Evaluations = 2432
Generation 77: Best Solution = [ 0.96286819  1.06006207  0.99598363 -0.06150121  1.05558345  1.02033592
 -0.00407747  0.06403724 -3.01734451 -2.03888716], Best Fitness = 22.02606571514778, Evaluations = 2464
Generation 78: Best Solution = [ 0.96166671  1.05732298  1.00631492 -0.05335634  1.05818158  1.02499065
 -0.01280231  0.0605675  -3.01845625 -2.04486584], Best Fitness = 22.013305947757658, Evaluations = 2496
Generation 79: Best Solution = [ 9.61938106e-01  1.06121344e+00  9.94634036e-01 -5.71564491e-02
  1.05434430e+00  1.01305568e+00  3.78746559e-05  6.34468454e-02
 -3.01936988e+00 -2.04380328e+00], Best Fitness = 21.9839513211371, Evaluations = 2528
Generation 80: Best Solution = [ 0.97365994  1.05629686  0.99517769 -0.05234615  1.06038957  1.0189694
 -0.01903572  0.05327887 -3.02306945 -2.04542042], Best Fitness = 21.75997502636666, Evaluations = 2560
Generation 81: Best Solution = [ 9.62790727e-01  1.05149350e+00  9.94149393e-01 -5.60463041e-02
  1.04664783e+00  1.01193473e+00 -1.59084528e-03  5.55769575e-02
 -3.01155791e+00 -2.04982837e+00], Best Fitness = 21.400319456660128, Evaluations = 2592
Generation 82: Best Solution = [ 0.96899728  1.05256275  0.99932484 -0.04802312  1.05321878  1.01138825
 -0.00659892  0.05205663 -3.02688805 -2.04616332], Best Fitness = 21.3912895919879, Evaluations = 2624
Generation 83: Best Solution = [ 9.74616218e-01  1.05029580e+00  9.86978863e-01 -4.93005201e-02
  1.05979953e+00  1.01716050e+00  1.08821196e-03  5.16545551e-02
 -3.01738927e+00 -2.03695179e+00], Best Fitness = 21.18126485866172, Evaluations = 2656
Generation 84: Best Solution = [ 0.97301859  1.04741334  0.98895962 -0.04870873  1.05038069  1.0023662
 -0.00593729  0.05286136 -3.0211248  -2.03874242], Best Fitness = 20.92556100887586, Evaluations = 2688
Generation 85: Best Solution = [ 0.9675545   1.05242684  0.99498718 -0.05328924  1.04092711  1.00961598
 -0.00960948  0.04492156 -3.01824553 -2.03101515], Best Fitness = 20.697313880525527, Evaluations = 2720
Generation 86: Best Solution = [ 0.9748659   1.04641566  0.9898908  -0.05189003  1.04532359  1.00604283
 -0.00503694  0.04837713 -3.00940388 -2.02257715], Best Fitness = 20.36739761271923, Evaluations = 2752
Generation 87: Best Solution = [ 0.97387976  1.04174844  1.01010736 -0.05747844  1.04119569  1.00792553
 -0.00886605  0.0387499  -3.01356456 -2.03073903], Best Fitness = 20.38424106626624, Evaluations = 2784
Generation 88: Best Solution = [ 0.97434829  1.03825502  1.00798416 -0.04928868  1.03723361  1.00234541
 -0.01250775  0.03380394 -3.02429301 -2.02580699], Best Fitness = 20.0597824018961, Evaluations = 2816
Generation 89: Best Solution = [ 0.97839258  1.03498849  0.99579026 -0.04371559  1.04567724  1.00280502
 -0.00827045  0.03638785 -3.01643886 -2.01805436], Best Fitness = 19.806778158330886, Evaluations = 2848
Generation 90: Best Solution = [ 0.98259053  1.03703689  1.00039221 -0.04975651  1.03136979  1.01531649
 -0.01169628  0.03296614 -3.02418677 -2.01659602], Best Fitness = 19.81664058192318, Evaluations = 2880
Generation 91: Best Solution = [ 0.98589964  1.03563984  0.99150035 -0.0517092   1.03218281  1.01069376
 -0.00503666  0.02371055 -3.01865203 -2.01560659], Best Fitness = 19.57776352826923, Evaluations = 2912
Generation 92: Best Solution = [ 0.97789075  1.02561501  0.99780076 -0.0394393   1.02971558  0.99896839
 -0.0120732   0.0273685  -3.02949355 -2.01843283], Best Fitness = 19.436818489664162, Evaluations = 2944
Generation 93: Best Solution = [ 0.98172558  1.02771351  0.99735812 -0.04063464  1.02668062  1.01634911
 -0.02085155  0.02085685 -3.01665444 -2.01059181], Best Fitness = 19.230739505895002, Evaluations = 2976
Generation 94: Best Solution = [ 0.98172638  1.01117358  0.99632831 -0.0410405   1.02766105  1.00932815
 -0.01967236  0.02604792 -3.0159063  -2.01233647], Best Fitness = 19.083142076286848, Evaluations = 3008
Generation 95: Best Solution = [ 0.98128787  1.01109608  1.00496685 -0.03916237  1.02647948  1.00725342
 -0.01931296  0.01956487 -3.01932064 -2.01078966], Best Fitness = 19.01872511521229, Evaluations = 3040
Generation 96: Best Solution = [ 0.98983836  1.01312874  1.00731569 -0.03196308  1.02663021  0.99917338
 -0.00819998  0.02517671 -3.01853027 -2.01612075], Best Fitness = 18.914009012000832, Evaluations = 3072
Generation 97: Best Solution = [ 0.99212401  1.02027939  1.00633487 -0.03328632  1.02253728  0.99593652
 -0.01213672  0.01490395 -3.01326741 -2.0179669 ], Best Fitness = 18.822658325602816, Evaluations = 3104
Generation 98: Best Solution = [ 0.98852984  1.00857509  1.00195773 -0.0291527   1.01772215  1.00143473
 -0.00784747  0.02208626 -3.01510094 -2.02006003], Best Fitness = 18.713288131299436, Evaluations = 3136
Generation 99: Best Solution = [ 0.98890599  1.00373133  0.99303576 -0.02441816  1.01721639  1.00664077
 -0.01302063  0.02554986 -3.01532397 -2.01162591], Best Fitness = 18.6160568768384, Evaluations = 3168
Generation 100: Best Solution = [ 0.9885214   1.00802431  1.00009493 -0.02728457  1.01115728  1.00169492
 -0.01319503  0.01657957 -3.00518244 -2.0177907 ], Best Fitness = 18.48979802519918, Evaluations = 3200
Generation 101: Best Solution = [ 0.98727383  1.00132109  0.99967882 -0.02421604  1.01260227  0.99707741
 -0.01443853  0.00775635 -3.00923214 -2.01690372], Best Fitness = 18.42750167928591, Evaluations = 3232
Generation 102: Best Solution = [ 0.9915988   1.00258228  1.0002858  -0.02075819  1.01123754  0.99874564
 -0.0068053   0.01830471 -3.00816475 -2.01244787], Best Fitness = 18.353275864174762, Evaluations = 3264
Generation 103: Best Solution = [ 0.99286826  1.00689499  0.99967122 -0.02152377  1.01993233  0.9931317
 -0.01633814  0.00973363 -3.0008744  -2.00802904], Best Fitness = 18.34638663790909, Evaluations = 3296
Generation 104: Best Solution = [ 0.99347117  1.00320944  1.00222536 -0.02337358  1.01166634  0.99746908
 -0.00942598  0.01001515 -2.99748324 -2.01298959], Best Fitness = 18.27310261621436, Evaluations = 3328
Generation 105: Best Solution = [ 0.99717883  1.00893735  1.00386088 -0.01389957  1.01219906  0.98516161
 -0.01176941  0.01251727 -2.99531255 -2.00230992], Best Fitness = 18.191588266526935, Evaluations = 3360
Generation 106: Best Solution = [ 0.99202222  0.99665125  0.9988742  -0.02272987  1.0108781   0.99570346
 -0.00747439  0.00751564 -2.99298743 -2.0003342 ], Best Fitness = 18.124137119765265, Evaluations = 3392
Generation 107: Best Solution = [ 0.99842541  1.00733184  0.9979308  -0.01159861  1.01363     0.99074763
 -0.005689    0.00637969 -2.99209574 -1.99676855], Best Fitness = 18.077232690317842, Evaluations = 3424
Generation 108: Best Solution = [ 9.98847807e-01  1.00655473e+00  1.00202114e+00 -1.01564172e-02
  1.00594277e+00  9.89400221e-01 -5.39476540e-03  1.04593492e-03
 -2.99501487e+00 -1.99838583e+00], Best Fitness = 18.039945269341374, Evaluations = 3456
Generation 109: Best Solution = [ 9.97597612e-01  1.00345435e+00  9.91384838e-01 -1.17189810e-02
  1.00498519e+00  9.92894285e-01 -5.88428707e-03  1.48879437e-03
 -2.99077598e+00 -1.99148040e+00], Best Fitness = 17.990202654607245, Evaluations = 3488
Generation 110: Best Solution = [ 9.98946944e-01  9.97187192e-01  1.00325197e+00 -7.27668968e-03
  1.00402041e+00  9.89191495e-01 -8.33643447e-04 -4.06987702e-03
 -2.99029604e+00 -1.98980370e+00], Best Fitness = 17.969671148256296, Evaluations = 3520
Generation 111: Best Solution = [ 9.96445065e-01  1.00646826e+00  9.91279285e-01 -2.27867801e-03
  9.95501978e-01  9.92421509e-01 -7.37373618e-04 -7.02243549e-03
 -2.98569566e+00 -1.99532466e+00], Best Fitness = 17.956824112337983, Evaluations = 3552
Generation 112: Best Solution = [ 9.97551457e-01  1.00122589e+00  9.99007920e-01 -7.08775620e-03
  9.96991232e-01  9.97190966e-01  1.50500678e-03 -4.46325308e-03
 -2.98892837e+00 -1.99252176e+00], Best Fitness = 17.94240457844721, Evaluations = 3584
Generation 113: Best Solution = [ 9.92475826e-01  1.00208174e+00  1.00170246e+00 -3.55723250e-03
  9.95992673e-01  9.93368007e-01  1.04911852e-03  2.65103953e-03
 -2.98775172e+00 -1.98596282e+00], Best Fitness = 17.939115369550947, Evaluations = 3616
Generation 114: Best Solution = [ 9.95256271e-01  9.98752215e-01  9.95300127e-01  1.04533898e-03
  9.96099043e-01  9.97271363e-01  3.82516799e-03  5.19062143e-04
 -2.98569510e+00 -1.98690033e+00], Best Fitness = 17.918548829185326, Evaluations = 3648
Generation 115: Best Solution = [ 9.89111953e-01  9.96939769e-01  9.97165458e-01  1.66284880e-03
  9.99550493e-01  9.95731267e-01  2.52866677e-03 -5.07280205e-03
 -2.98136305e+00 -1.99296600e+00], Best Fitness = 17.933223804889707, Evaluations = 3680
Generation 116: Best Solution = [ 9.94936930e-01  9.95035486e-01  1.00164809e+00  1.68584111e-03
  9.99691510e-01  9.96552540e-01  4.61772477e-03  2.17865456e-03
 -2.98810358e+00 -1.99362672e+00], Best Fitness = 17.933604893615254, Evaluations = 3712
Generation 117: Best Solution = [ 9.91832805e-01  9.94989653e-01  9.96087482e-01 -9.97785036e-04
  9.97862636e-01  9.99260437e-01 -4.04417017e-03  2.72639728e-03
 -2.98409152e+00 -1.99099719e+00], Best Fitness = 17.922025664081232, Evaluations = 3744
Generation 118: Best Solution = [ 9.94076334e-01  9.96208860e-01  9.99002077e-01 -3.54089934e-03
  9.98850815e-01  9.95235955e-01 -6.90754446e-04 -3.95854612e-04
 -2.98556705e+00 -1.99127028e+00], Best Fitness = 17.919032785756116, Evaluations = 3776
Generation 119: Best Solution = [ 9.97573046e-01  9.94224391e-01  9.96858271e-01  5.37934037e-05
  1.00012714e+00  9.92938978e-01  2.34046424e-03 -4.13471688e-05
 -2.98375846e+00 -1.98776345e+00], Best Fitness = 17.919752272306624, Evaluations = 3808
Generation 120: Best Solution = [ 9.98313179e-01  9.94723984e-01  9.91148550e-01  1.98694921e-03
  9.94896786e-01  9.98736289e-01  7.37107739e-05  2.97631402e-03
 -2.98554145e+00 -1.99462166e+00], Best Fitness = 17.92420755142659, Evaluations = 3840
Generation 121: Best Solution = [ 9.95249942e-01  1.00143330e+00  9.95333448e-01  1.10684163e-03
  9.91889454e-01  9.97114814e-01 -2.33845789e-03  5.60278334e-03
 -2.98626266e+00 -1.98977943e+00], Best Fitness = 17.928326568474205, Evaluations = 3872
Generation 122: Best Solution = [ 9.94688285e-01  1.00048715e+00  9.95511848e-01  4.91312361e-03
  9.93767380e-01  9.93625017e-01 -1.93165238e-03  2.49003056e-04
 -2.98090262e+00 -1.99419522e+00], Best Fitness = 17.928257928142585, Evaluations = 3904
Generation 123: Best Solution = [ 9.98568761e-01  9.92686400e-01  9.94061727e-01 -4.00215420e-03
  9.94125364e-01  9.99645557e-01 -1.55747582e-03 -2.01824075e-03
 -2.98773611e+00 -1.99172381e+00], Best Fitness = 17.924246665221943, Evaluations = 3936
Generation 124: Best Solution = [ 9.97457920e-01  9.95190500e-01  9.93919561e-01 -1.45632200e-03
  9.93758137e-01  9.93841238e-01 -1.66838742e-03 -3.94994461e-03
 -2.98677874e+00 -1.98746587e+00], Best Fitness = 17.91720789837653, Evaluations = 3968
Generation 125: Best Solution = [ 9.93356765e-01  9.94736910e-01  9.96449608e-01  4.64685839e-04
  9.98230585e-01  9.94098570e-01 -1.06084234e-03 -1.16120844e-03
 -2.98945337e+00 -1.98855228e+00], Best Fitness = 17.917535092625627, Evaluations = 4000
Generation 126: Best Solution = [ 9.90261619e-01  9.93825937e-01  9.94406134e-01  4.42158436e-03
  9.96032938e-01  9.94736186e-01 -1.16084105e-04  8.93176980e-04
 -2.98512219e+00 -1.98565041e+00], Best Fitness = 17.9218017354997, Evaluations = 4032
Generation 127: Best Solution = [ 0.99647237  0.99343142  0.99726393  0.00301489  0.99488869  0.99489739
 -0.00385955  0.00370678 -2.98945106 -1.99007905], Best Fitness = 17.922864098156708, Evaluations = 4064
Generation 128: Best Solution = [ 9.91610973e-01  9.94508938e-01  9.92501005e-01  7.77299740e-04
  9.93042543e-01  9.95664850e-01  6.79286587e-05  4.81457252e-03
 -2.98273048e+00 -1.98965735e+00], Best Fitness = 17.919137439679062, Evaluations = 4096
Generation 129: Best Solution = [ 9.96028984e-01  9.91885702e-01  9.98451357e-01 -1.43467328e-03
  9.98958741e-01  9.98297356e-01  6.51317805e-04 -2.86772206e-04
 -2.98379367e+00 -1.99297749e+00], Best Fitness = 17.921723259717027, Evaluations = 4128
Generation 130: Best Solution = [ 9.92081602e-01  9.91491330e-01  9.96421855e-01 -1.99871860e-03
  9.96258506e-01  9.93187325e-01 -3.49164349e-03 -3.00295009e-03
 -2.98237687e+00 -1.98606975e+00], Best Fitness = 17.923768506975733, Evaluations = 4160
Generation 131: Best Solution = [ 9.93099391e-01  9.95969624e-01  9.98453338e-01  9.96500127e-04
  9.95320319e-01  9.99510965e-01  5.07065397e-03 -1.90673289e-03
 -2.98660284e+00 -1.99032450e+00], Best Fitness = 17.923329763387756, Evaluations = 4192
Generation 132: Best Solution = [ 9.93349636e-01  9.93524447e-01  9.95346669e-01 -1.91254604e-03
  9.98318313e-01  9.96473021e-01  7.36838002e-05 -2.39957782e-03
 -2.98334846e+00 -1.98640548e+00], Best Fitness = 17.917623326341726, Evaluations = 4224
Generation 133: Best Solution = [ 9.96537074e-01  9.93642346e-01  9.92727468e-01  7.14886343e-04
  9.90320843e-01  9.96438509e-01 -3.04966393e-04  2.09305523e-04
 -2.98166357e+00 -1.98680923e+00], Best Fitness = 17.91979534865486, Evaluations = 4256
Generation 134: Best Solution = [ 9.92757404e-01  9.95414943e-01  9.95968572e-01 -1.38980981e-03
  9.92565033e-01  9.93435178e-01 -3.00266983e-03 -3.35303030e-03
 -2.98789537e+00 -1.98881503e+00], Best Fitness = 17.91849444376888, Evaluations = 4288
Generation 135: Best Solution = [ 9.94312819e-01  9.98305829e-01  9.92924090e-01  6.95607955e-04
  9.95176142e-01  9.99324461e-01 -5.01826571e-04  1.63665629e-03
 -2.98706684e+00 -1.99136441e+00], Best Fitness = 17.918203910881886, Evaluations = 4320
Generation 136: Best Solution = [ 9.88460166e-01  9.93617740e-01  9.99516360e-01 -9.26614843e-04
  9.95322357e-01  9.93135593e-01  1.57987975e-03 -1.11974711e-03
 -2.98399937e+00 -1.99058941e+00], Best Fitness = 17.92390853051147, Evaluations = 4352
Generation 137: Best Solution = [ 9.95516974e-01  9.96038994e-01  9.91651833e-01  8.51683755e-04
  9.92397782e-01  9.97826471e-01 -9.71800079e-04  2.06959628e-03
 -2.98487188e+00 -1.99383174e+00], Best Fitness = 17.918844253591487, Evaluations = 4384
Generation 138: Best Solution = [ 0.99462254  0.9941984   0.99330314 -0.00517425  0.99430555  0.99144869
 -0.00413486 -0.00308638 -2.98435586 -1.99344673], Best Fitness = 17.925551396024616, Evaluations = 4416
Generation 139: Best Solution = [ 9.93872314e-01  9.91577517e-01  9.96380575e-01  3.29367120e-03
  9.98582744e-01  9.94671147e-01  9.58736912e-04 -4.47584757e-03
 -2.98720485e+00 -1.99006651e+00], Best Fitness = 17.922154035627145, Evaluations = 4448
Generation 140: Best Solution = [ 9.96768457e-01  9.93829627e-01  9.97281260e-01 -2.59011796e-03
  9.98007004e-01  9.95186804e-01  2.17165302e-03  4.06320912e-04
 -2.98314246e+00 -1.98945501e+00], Best Fitness = 17.91597334508981, Evaluations = 4480
Generation 141: Best Solution = [ 9.97864473e-01  9.94635630e-01  9.96433482e-01 -1.45566920e-03
  9.98186923e-01  9.95085821e-01 -3.50742524e-03 -1.30725685e-03
 -2.98073379e+00 -1.98759932e+00], Best Fitness = 17.92103594888684, Evaluations = 4512
Generation 142: Best Solution = [ 9.95066741e-01  1.00184109e+00  9.93282880e-01 -5.42558951e-04
  9.95995374e-01  9.92530256e-01 -2.94553805e-03  3.27147300e-03
 -2.98810826e+00 -1.98765381e+00], Best Fitness = 17.927567754283388, Evaluations = 4544
Generation 143: Best Solution = [ 9.99684165e-01  9.98641713e-01  9.96516039e-01  1.19171727e-03
  9.96298169e-01  9.93130011e-01  1.26053344e-03 -2.67838404e-03
 -2.98209071e+00 -1.99079360e+00], Best Fitness = 17.921530026383977, Evaluations = 4576
Generation 144: Best Solution = [ 9.99839182e-01  9.94164359e-01  9.96917220e-01  2.12558704e-04
  1.00183175e+00  9.94280560e-01  1.19112654e-03 -1.35749112e-03
 -2.98286836e+00 -1.98953052e+00], Best Fitness = 17.925763859071466, Evaluations = 4608
Generation 145: Best Solution = [ 9.88276578e-01  9.93153033e-01  9.94126616e-01  2.95096067e-03
  9.96513812e-01  9.94196406e-01  2.96009778e-03  1.47998837e-03
 -2.98456766e+00 -1.98748534e+00], Best Fitness = 17.924537347529352, Evaluations = 4640
Generation 146: Best Solution = [ 9.94190018e-01  9.97267984e-01  9.99688012e-01 -1.43676383e-03
  9.95003648e-01  9.95685919e-01 -2.67409768e-04 -4.31943887e-03
 -2.98560196e+00 -1.98787214e+00], Best Fitness = 17.920002919482187, Evaluations = 4672
Generation 147: Best Solution = [ 9.91467869e-01  9.97153698e-01  9.98822962e-01 -8.43847517e-04
  9.96722791e-01  9.92640639e-01 -3.13405913e-03 -2.78824654e-03
 -2.98475167e+00 -1.98894713e+00], Best Fitness = 17.921061841863263, Evaluations = 4704
Generation 148: Best Solution = [ 9.96079453e-01  9.97393400e-01  9.94109648e-01 -2.78668503e-03
  9.99227768e-01  9.94940828e-01 -2.50981058e-03 -3.92032771e-03
 -2.98570850e+00 -1.98872645e+00], Best Fitness = 17.920671476291943, Evaluations = 4736
Generation 149: Best Solution = [ 9.95362494e-01  9.97416554e-01  9.93748676e-01  3.00918417e-03
  9.96098099e-01  9.94174799e-01 -2.22159381e-03 -4.73282351e-03
 -2.98292660e+00 -1.99023535e+00], Best Fitness = 17.91910227624929, Evaluations = 4768
Generation 150: Best Solution = [ 9.95143948e-01  9.94518096e-01  9.92885998e-01 -2.17744900e-03
  9.98057149e-01  9.95542027e-01 -3.07608825e-03 -3.03585695e-03
 -2.98270995e+00 -1.99233990e+00], Best Fitness = 17.91881871091192, Evaluations = 4800
Generation 151: Best Solution = [ 9.94196779e-01  9.91352408e-01  9.91429105e-01 -5.21680342e-03
  9.91634527e-01  9.92708661e-01  1.19777860e-04 -1.05935082e-03
 -2.98421392e+00 -1.98888682e+00], Best Fitness = 17.9234983814913, Evaluations = 4832
Generation 152: Best Solution = [ 9.94248784e-01  9.90102535e-01  9.91950583e-01 -2.57597699e-03
  9.94647292e-01  9.95467468e-01  2.35092980e-03 -2.55198577e-04
 -2.98280568e+00 -1.99308305e+00], Best Fitness = 17.921113168583886, Evaluations = 4864
Generation 153: Best Solution = [ 9.93783375e-01  9.92772813e-01  9.91170443e-01  5.56232563e-03
  9.95437532e-01  9.97363630e-01  3.03210210e-03 -1.37237288e-05
 -2.98396051e+00 -1.99254722e+00], Best Fitness = 17.923981004452955, Evaluations = 4896
Generation 154: Best Solution = [ 9.95348867e-01  9.93880425e-01  9.94956240e-01 -4.49136106e-03
  9.94152361e-01  9.94075839e-01  3.83786886e-03 -1.04678819e-03
 -2.98918093e+00 -1.99079247e+00], Best Fitness = 17.920764142545835, Evaluations = 4928
Generation 155: Best Solution = [ 9.93448236e-01  9.94074745e-01  9.95910524e-01  2.82662716e-03
  9.96964738e-01  9.97043597e-01 -1.43748156e-03 -2.43815690e-04
 -2.98511207e+00 -1.98427923e+00], Best Fitness = 17.919971847940133, Evaluations = 4960
Generation 156: Best Solution = [ 9.95288825e-01  9.97389382e-01  9.96720346e-01  2.32624346e-03
  9.97332048e-01  9.94494788e-01  2.97311127e-03 -1.61490061e-03
 -2.98572917e+00 -1.99030473e+00], Best Fitness = 17.91572219735916, Evaluations = 4992
Generation 157: Best Solution = [ 9.94307971e-01  9.97127510e-01  9.99180087e-01  4.57959465e-06
  9.95351565e-01  9.98258091e-01  4.15170102e-03 -6.40883257e-04
 -2.98465976e+00 -1.99027507e+00], Best Fitness = 17.919503303320752, Evaluations = 5024
Generation 158: Best Solution = [ 9.95098288e-01  9.98923664e-01  9.90960172e-01  1.27539594e-03
  9.96994026e-01  9.91795302e-01 -4.12772519e-03  1.85375582e-03
 -2.98336282e+00 -1.98761324e+00], Best Fitness = 17.924194980661937, Evaluations = 5056
Generation 159: Best Solution = [ 9.95522378e-01  9.95160265e-01  9.93321165e-01 -1.09170039e-03
  9.95624939e-01  9.94736865e-01 -1.19310676e-04 -1.67039481e-04
 -2.98728367e+00 -1.99054692e+00], Best Fitness = 17.911417587062118, Evaluations = 5088
Generation 160: Best Solution = [ 9.98497038e-01  9.98808243e-01  9.95094640e-01 -1.19744649e-03
  9.94713448e-01  9.93207060e-01  1.85645595e-03 -1.53486145e-03
 -2.98408594e+00 -1.99251689e+00], Best Fitness = 17.918170227391002, Evaluations = 5120
Generation 161: Best Solution = [ 9.96771455e-01  9.92610331e-01  9.96459558e-01  1.70286065e-04
  9.96639341e-01  9.98491133e-01  1.72036840e-03  3.10455718e-05
 -2.98644911e+00 -1.99144211e+00], Best Fitness = 17.916012780524497, Evaluations = 5152
Generation 162: Best Solution = [ 9.99236684e-01  9.96755873e-01  9.96767642e-01  8.46302589e-04
  9.97472093e-01  1.00015253e+00  6.76850012e-04 -3.36864107e-03
 -2.98288484e+00 -1.99186533e+00], Best Fitness = 17.924757173989946, Evaluations = 5184
Generation 163: Best Solution = [ 9.95913158e-01  9.92212090e-01  9.95529107e-01 -3.68949137e-03
  9.91789035e-01  9.92497126e-01  2.23469128e-03 -1.16572907e-03
 -2.98707498e+00 -1.98916798e+00], Best Fitness = 17.9192049169705, Evaluations = 5216
Generation 164: Best Solution = [ 9.99106859e-01  9.96592492e-01  9.95439526e-01  2.26224358e-03
  9.95637400e-01  9.94085324e-01  1.46810626e-03  3.58192107e-04
 -2.97908370e+00 -1.98527002e+00], Best Fitness = 17.925762347933315, Evaluations = 5248
Generation 165: Best Solution = [ 9.93439386e-01  9.95253471e-01  9.91135772e-01  4.15879675e-03
  9.95059329e-01  9.94049854e-01 -2.23579446e-04  2.62756373e-04
 -2.98482138e+00 -1.99108786e+00], Best Fitness = 17.916494055372198, Evaluations = 5280
Generation 166: Best Solution = [ 9.93517729e-01  9.93908194e-01  9.91578063e-01 -8.17761312e-04
  9.94585424e-01  9.91047396e-01  1.79586341e-03  1.28291450e-03
 -2.98406504e+00 -1.98801543e+00], Best Fitness = 17.917118505917756, Evaluations = 5312
Generation 167: Best Solution = [ 9.95448343e-01  9.91128484e-01  9.90807780e-01  2.14330334e-03
  9.95040709e-01  9.93349658e-01  3.20030853e-03  3.08432651e-03
 -2.98191949e+00 -1.99169060e+00], Best Fitness = 17.923271825357517, Evaluations = 5344
Generation 168: Best Solution = [ 9.99029131e-01  9.94843320e-01  9.95047506e-01  3.88954121e-03
  9.91706733e-01  9.90856010e-01 -1.31516996e-03 -1.94533957e-03
 -2.98853993e+00 -1.99211900e+00], Best Fitness = 17.925693257175325, Evaluations = 5376
Generation 169: Best Solution = [ 9.98431520e-01  9.95477208e-01  9.97793861e-01 -8.47847068e-04
  9.94306967e-01  9.90474773e-01  7.71044564e-04  1.35820273e-03
 -2.98401087e+00 -1.98952262e+00], Best Fitness = 17.918134306936523, Evaluations = 5408
Generation 170: Best Solution = [ 9.93625380e-01  9.94305080e-01  9.96078736e-01 -1.60668578e-03
  9.95924318e-01  9.95687349e-01 -2.56086244e-03 -5.21765111e-03
 -2.98526005e+00 -1.99251157e+00], Best Fitness = 17.918788065240875, Evaluations = 5440
Generation 171: Best Solution = [ 9.95807758e-01  9.93402993e-01  9.91499824e-01  6.66195994e-04
  9.95246959e-01  9.93901537e-01  2.22846973e-03 -7.32725252e-04
 -2.98575347e+00 -1.99511927e+00], Best Fitness = 17.919170703707977, Evaluations = 5472
Generation 172: Best Solution = [ 9.98391440e-01  9.94240645e-01  9.92725599e-01  2.83680739e-05
  9.94796190e-01  9.96629173e-01 -2.45998970e-03 -4.27484241e-04
 -2.98802994e+00 -1.98791752e+00], Best Fitness = 17.917230073734217, Evaluations = 5504
Generation 173: Best Solution = [ 9.95496350e-01  9.95788823e-01  9.94265999e-01 -2.17135994e-03
  9.93122455e-01  9.94657676e-01  1.10673498e-03  2.22256394e-03
 -2.98193093e+00 -1.98880355e+00], Best Fitness = 17.914293414111967, Evaluations = 5536
Generation 174: Best Solution = [ 9.94163551e-01  9.96745622e-01  9.94841212e-01 -5.52897823e-03
  9.91429403e-01  9.93882384e-01 -2.13657566e-03  8.81860100e-04
 -2.98394741e+00 -1.99389540e+00], Best Fitness = 17.923117718862457, Evaluations = 5568
Generation 175: Best Solution = [ 9.90404946e-01  9.97628791e-01  9.92063882e-01  2.81005386e-03
  9.96897813e-01  9.97202869e-01  2.11637463e-03 -3.64329713e-03
 -2.98713899e+00 -1.98911594e+00], Best Fitness = 17.924401900078124, Evaluations = 5600
Generation 176: Best Solution = [ 9.96495263e-01  9.93742991e-01  9.96599348e-01  4.08319372e-03
  9.97687443e-01  9.98916479e-01 -2.49175083e-03  1.07339164e-03
 -2.98411889e+00 -1.98821875e+00], Best Fitness = 17.920549183184775, Evaluations = 5632
Generation 177: Best Solution = [ 9.92169054e-01  9.97493715e-01  9.97232561e-01 -1.48282142e-03
  9.95100914e-01  9.92936422e-01  1.79009581e-03 -9.06193215e-04
 -2.98056272e+00 -1.98847360e+00], Best Fitness = 17.91916632895233, Evaluations = 5664
Generation 178: Best Solution = [ 9.96137312e-01  9.95323954e-01  9.98842204e-01 -1.00507463e-03
  9.95902768e-01  9.92516991e-01 -2.57091527e-03  3.46681887e-03
 -2.98369230e+00 -1.98860291e+00], Best Fitness = 17.918382323623632, Evaluations = 5696
Generation 179: Best Solution = [ 9.92330283e-01  9.91648776e-01  9.97519745e-01 -7.63653040e-04
  9.96727633e-01  9.97637841e-01  2.32907030e-03 -3.46029794e-03
 -2.98790569e+00 -1.99116611e+00], Best Fitness = 17.921831008075372, Evaluations = 5728
Generation 180: Best Solution = [ 9.93085727e-01  9.94662959e-01  9.97011360e-01  5.30080318e-03
  9.96299140e-01  9.92207336e-01 -1.37960868e-03  1.47447978e-03
 -2.98865722e+00 -1.99164611e+00], Best Fitness = 17.92246771724156, Evaluations = 5760
Generation 181: Best Solution = [ 9.97596795e-01  9.96664994e-01  9.95311568e-01  2.82446503e-03
  9.93538148e-01  9.96969461e-01  5.15171201e-03 -1.23372380e-03
 -2.98957301e+00 -1.98972601e+00], Best Fitness = 17.92396722575748, Evaluations = 5792
Generation 182: Best Solution = [ 9.96229306e-01  9.93143529e-01  9.94052173e-01 -3.89896566e-03
  9.94385205e-01  9.94809388e-01 -7.39830514e-04 -1.72245960e-03
 -2.98694251e+00 -1.99263008e+00], Best Fitness = 17.91647007430815, Evaluations = 5824
Generation 183: Best Solution = [ 9.97446942e-01  9.93703070e-01  9.94628138e-01  4.72034383e-03
  9.98103214e-01  9.95392145e-01 -7.29331278e-04  2.29727672e-03
 -2.98367244e+00 -1.99087618e+00], Best Fitness = 17.918821446651748, Evaluations = 5856
Generation 184: Best Solution = [ 9.97047741e-01  9.94772904e-01  9.94638715e-01  1.05749077e-03
  9.91116623e-01  9.93510252e-01  8.09600400e-04  4.15519584e-03
 -2.98406011e+00 -1.98873912e+00], Best Fitness = 17.917636953573904, Evaluations = 5888
Generation 185: Best Solution = [ 9.90791944e-01  9.95125220e-01  9.93700742e-01  2.28188613e-04
  9.94600631e-01  9.92761835e-01 -3.48266861e-03 -8.74277661e-04
 -2.98565874e+00 -1.98870497e+00], Best Fitness = 17.91695473800968, Evaluations = 5920
Generation 186: Best Solution = [ 9.96930574e-01  9.88897268e-01  9.96901072e-01  2.95008613e-04
  9.90867994e-01  9.95526378e-01  8.21862258e-04  1.28257826e-03
 -2.98449818e+00 -1.99157623e+00], Best Fitness = 17.92246083475625, Evaluations = 5952
Generation 187: Best Solution = [ 9.95494744e-01  9.96299321e-01  9.94398903e-01 -1.63206319e-03
  9.91219044e-01  9.95547065e-01  3.66155533e-03 -2.03353238e-03
 -2.99215328e+00 -1.98863367e+00], Best Fitness = 17.92740752366305, Evaluations = 5984
Generation 188: Best Solution = [ 9.93140439e-01  9.94257423e-01  9.98004788e-01  2.38494243e-04
  9.94024933e-01  9.93078986e-01  5.41371260e-03 -1.30508336e-05
 -2.98303503e+00 -1.98670135e+00], Best Fitness = 17.921214366085906, Evaluations = 6016
Generation 189: Best Solution = [ 9.92490197e-01  9.96429004e-01  1.00145921e+00  2.33486912e-03
  9.94882193e-01  9.95804836e-01  4.65573357e-03 -2.02018525e-03
 -2.98439198e+00 -1.98754950e+00], Best Fitness = 17.92672804025119, Evaluations = 6048
Generation 190: Best Solution = [ 9.91205349e-01  9.97049470e-01  9.93705419e-01  2.00750767e-05
  9.91835261e-01  9.96593295e-01  4.33730058e-03 -3.31694136e-04
 -2.98563012e+00 -1.99026212e+00], Best Fitness = 17.919559111489463, Evaluations = 6080
Generation 191: Best Solution = [ 1.00047471e+00  9.97407900e-01  9.96489040e-01 -3.92378486e-03
  9.95610040e-01  9.92433315e-01  8.97989944e-04  1.20552979e-03
 -2.98530558e+00 -1.98855135e+00], Best Fitness = 17.92217465112816, Evaluations = 6112
Generation 192: Best Solution = [ 9.94305016e-01  9.92394859e-01  9.98013110e-01 -3.48963403e-03
  9.97568122e-01  9.95417265e-01 -2.38241986e-03 -1.70313864e-03
 -2.98242421e+00 -1.98708166e+00], Best Fitness = 17.92072820515547, Evaluations = 6144
Generation 193: Best Solution = [ 9.93321316e-01  9.96294512e-01  9.96274692e-01  4.32185121e-03
  9.95091966e-01  9.93049770e-01  1.26881618e-03  5.35344464e-04
 -2.98189243e+00 -1.98802205e+00], Best Fitness = 17.917704611711073, Evaluations = 6176
Generation 194: Best Solution = [ 9.88605747e-01  9.92585570e-01  9.89619281e-01  5.56852283e-04
  9.96330355e-01  9.99251961e-01  3.12622719e-04 -2.63455036e-03
 -2.98392942e+00 -1.98992830e+00], Best Fitness = 17.92964967987912, Evaluations = 6208
Generation 195: Best Solution = [ 9.98919200e-01  9.92706794e-01  9.95642756e-01  3.94920553e-04
  9.98313241e-01  9.96502519e-01 -3.12674211e-03  1.66141284e-03
 -2.98808329e+00 -1.98452256e+00], Best Fitness = 17.926465125610463, Evaluations = 6240
Generation 196: Best Solution = [ 9.89711125e-01  9.98936999e-01  9.94343189e-01 -1.62077953e-03
  9.91340762e-01  1.00010920e+00  1.84884793e-04 -1.28967510e-05
 -2.98492921e+00 -1.98800087e+00], Best Fitness = 17.92700845575264, Evaluations = 6272
Generation 197: Best Solution = [ 9.95059857e-01  9.97974948e-01  9.96045582e-01 -1.29141858e-03
  9.94466523e-01  9.98758001e-01  1.59541142e-03  2.22809484e-03
 -2.98523432e+00 -1.98541521e+00], Best Fitness = 17.920029940369957, Evaluations = 6304
Generation 198: Best Solution = [ 9.96960571e-01  9.93343083e-01  9.97813454e-01 -3.42132703e-03
  9.94552663e-01  1.00077138e+00  7.82598362e-04  4.18755534e-04
 -2.98570883e+00 -1.99205508e+00], Best Fitness = 17.92242244065443, Evaluations = 6336
Generation 199: Best Solution = [ 9.95715174e-01  9.96210202e-01  9.94165754e-01  8.17855012e-04
  9.95131607e-01  9.98864999e-01  6.76026301e-04  1.59013880e-03
 -2.98500778e+00 -1.98805087e+00], Best Fitness = 17.91422433684454, Evaluations = 6368
Generation 200: Best Solution = [ 9.91790944e-01  9.92385203e-01  9.95751542e-01  2.32276616e-03
  9.95333021e-01  9.96409365e-01 -8.25137460e-03  1.35877082e-03
 -2.98559783e+00 -1.99016982e+00], Best Fitness = 17.928162869414805, Evaluations = 6400
Generation 201: Best Solution = [ 9.97617327e-01  9.93788226e-01  9.94135507e-01 -6.50906657e-04
  9.95323442e-01  9.96816794e-01 -1.25226684e-03  3.54069392e-03
 -2.99013244e+00 -1.99026038e+00], Best Fitness = 17.920157315539257, Evaluations = 6432
Generation 202: Best Solution = [ 9.98495151e-01  9.94935725e-01  9.97512320e-01  5.16170952e-03
  9.93348147e-01  9.97700926e-01  2.36699318e-04 -2.84490902e-03
 -2.98443622e+00 -1.98896833e+00], Best Fitness = 17.92212057112792, Evaluations = 6464
Generation 203: Best Solution = [ 9.94583737e-01  9.94386430e-01  9.99478298e-01 -3.48792487e-03
  9.98495524e-01  9.93415771e-01 -3.35457644e-03 -1.04909984e-03
 -2.98443916e+00 -1.99020424e+00], Best Fitness = 17.921240480353873, Evaluations = 6496
Generation 204: Best Solution = [ 9.91785514e-01  9.92082017e-01  9.91537509e-01  1.08951888e-03
  9.95573874e-01  9.93237994e-01  1.30420701e-03 -1.41913082e-03
 -2.98706176e+00 -1.99082425e+00], Best Fitness = 17.917945366500433, Evaluations = 6528
Generation 205: Best Solution = [ 9.92857449e-01  9.93160357e-01  9.94339410e-01  5.31629369e-04
  1.00028192e+00  9.93917510e-01  2.04813652e-03  2.59718441e-03
 -2.98717213e+00 -1.99127699e+00], Best Fitness = 17.920311259127104, Evaluations = 6560
Generation 206: Best Solution = [ 9.94626218e-01  9.96833903e-01  9.94991773e-01  4.00342882e-03
  9.96376846e-01  9.97967796e-01 -7.72558457e-04  8.94914272e-04
 -2.98308790e+00 -1.99176951e+00], Best Fitness = 17.916898941480454, Evaluations = 6592
Generation 207: Best Solution = [ 9.95905091e-01  9.93907071e-01  9.93139984e-01  8.15892620e-04
  9.99528846e-01  9.93707503e-01  2.44684760e-03 -4.24015560e-03
 -2.98772780e+00 -1.98890559e+00], Best Fitness = 17.921450573639504, Evaluations = 6624
Generation 208: Best Solution = [ 9.90669535e-01  9.94938444e-01  9.95139843e-01  1.56641983e-03
  9.99020284e-01  9.96467682e-01  9.43094505e-04 -1.09950391e-03
 -2.98650171e+00 -1.98770429e+00], Best Fitness = 17.919007744992427, Evaluations = 6656
Generation 209: Best Solution = [ 9.94579679e-01  9.93835581e-01  9.97293657e-01  1.44040461e-03
  9.96748214e-01  9.92089513e-01 -1.55840737e-03 -2.46813278e-04
 -2.98353879e+00 -1.99451568e+00], Best Fitness = 17.918300734239693, Evaluations = 6688
Generation 210: Best Solution = [ 9.92350782e-01  9.98525305e-01  9.95923030e-01 -2.36207344e-04
  9.96058527e-01  9.92302827e-01 -8.30262397e-04  5.33562547e-03
 -2.98531776e+00 -1.98827808e+00], Best Fitness = 17.92128780756454, Evaluations = 6720
Generation 211: Best Solution = [ 9.96838553e-01  9.95896410e-01  9.98799102e-01 -3.24133572e-04
  9.95207095e-01  9.95301401e-01 -5.66337294e-03  1.81994616e-03
 -2.98330436e+00 -1.98816823e+00], Best Fitness = 17.921181474348813, Evaluations = 6752
Generation 212: Best Solution = [ 9.93243358e-01  9.95351610e-01  9.94115279e-01  2.29946094e-04
  9.95390959e-01  9.90474881e-01 -6.74369268e-03 -2.13117190e-03
 -2.98391866e+00 -1.98849319e+00], Best Fitness = 17.924509395356353, Evaluations = 6784
Generation 213: Best Solution = [ 9.93895794e-01  9.95306383e-01  9.97702180e-01  2.00498268e-03
  9.96801092e-01  9.99115219e-01 -1.55015627e-03  4.45616142e-03
 -2.98827187e+00 -1.99260552e+00], Best Fitness = 17.924024939082216, Evaluations = 6816
Generation 214: Best Solution = [ 9.95708432e-01  9.93778069e-01  9.96177316e-01 -2.40030361e-04
  9.93701122e-01  9.92714876e-01 -2.06665617e-03  4.73902160e-03
 -2.98795589e+00 -1.98955584e+00], Best Fitness = 17.918460198479764, Evaluations = 6848
Generation 215: Best Solution = [ 9.94258547e-01  9.93598740e-01  9.94418338e-01  9.05856648e-04
  9.93899576e-01  9.92371764e-01 -5.07925506e-03  2.79325205e-04
 -2.98106727e+00 -1.99046728e+00], Best Fitness = 17.91948796701361, Evaluations = 6880
Generation 216: Best Solution = [ 9.95861532e-01  9.95638576e-01  9.91372358e-01  8.53672602e-04
  9.93664802e-01  9.93981937e-01 -1.68689387e-03 -2.35704260e-03
 -2.97980189e+00 -1.98579572e+00], Best Fitness = 17.922755038088027, Evaluations = 6912
Generation 217: Best Solution = [ 9.93591506e-01  9.92215176e-01  9.94505608e-01 -1.85055655e-03
  9.92352546e-01  9.96112862e-01 -8.56650595e-04 -4.57328612e-03
 -2.98187246e+00 -1.99192045e+00], Best Fitness = 17.92027120087326, Evaluations = 6944
Generation 218: Best Solution = [ 9.95172589e-01  1.00038707e+00  9.91287388e-01 -3.05580701e-04
  9.96883902e-01  9.96170612e-01  1.86681634e-03 -3.22436166e-04
 -2.98864532e+00 -1.98997999e+00], Best Fitness = 17.922349609394885, Evaluations = 6976
Generation 219: Best Solution = [ 9.89873573e-01  9.94269281e-01  9.91753775e-01 -2.19727093e-03
  9.96410377e-01  9.91502806e-01  5.64363399e-04  2.03359837e-03
 -2.98083401e+00 -1.98850764e+00], Best Fitness = 17.924692543092718, Evaluations = 7008
Generation 220: Best Solution = [ 9.94423796e-01  9.95691557e-01  9.91065002e-01  2.15784071e-05
  9.98570577e-01  9.98509897e-01 -1.31165641e-03  1.91188030e-04
 -2.98436096e+00 -1.98599523e+00], Best Fitness = 17.920918057985872, Evaluations = 7040
Generation 221: Best Solution = [ 9.93875226e-01  9.97014855e-01  9.96413109e-01 -1.35427634e-03
  9.93278777e-01  9.98358137e-01  1.29589482e-03 -8.86031285e-04
 -2.98112292e+00 -1.98633863e+00], Best Fitness = 17.919699709728548, Evaluations = 7072
Generation 222: Best Solution = [ 9.92485654e-01  9.89958510e-01  9.93786362e-01 -1.35071568e-03
  9.93308451e-01  9.97980323e-01  1.81738565e-04 -3.64839298e-03
 -2.98481463e+00 -1.98985653e+00], Best Fitness = 17.92102903772623, Evaluations = 7104
Generation 223: Best Solution = [ 9.95200992e-01  9.92073736e-01  9.94409392e-01  9.78103923e-04
  9.91646780e-01  9.93951358e-01 -1.19445943e-03  1.48779297e-03
 -2.97936594e+00 -1.99098427e+00], Best Fitness = 17.92040934394211, Evaluations = 7136
Generation 224: Best Solution = [ 9.95253330e-01  9.94567553e-01  9.97455231e-01  2.38265922e-04
  9.98943046e-01  9.93050820e-01 -8.54581600e-05  1.20079095e-03
 -2.98533577e+00 -1.99322001e+00], Best Fitness = 17.916893222169165, Evaluations = 7168
Generation 225: Best Solution = [ 9.97465932e-01  9.91495819e-01  9.94251550e-01  3.44232477e-03
  9.96206501e-01  9.95506199e-01 -1.86183760e-03  8.68200367e-04
 -2.98697751e+00 -1.99150311e+00], Best Fitness = 17.91789773143725, Evaluations = 7200
Generation 226: Best Solution = [ 9.99395852e-01  9.92847116e-01  9.94218427e-01  4.17740729e-04
  9.93669806e-01  9.93774696e-01  6.66339801e-07 -2.57817837e-03
 -2.98478203e+00 -1.99138075e+00], Best Fitness = 17.916514100848275, Evaluations = 7232
Generation 227: Best Solution = [ 9.97003295e-01  9.98234176e-01  9.91788131e-01 -1.95012912e-03
  9.95750407e-01  9.94532363e-01 -4.37953173e-04 -5.49112827e-03
 -2.98086076e+00 -1.98932666e+00], Best Fitness = 17.92432900125081, Evaluations = 7264
Generation 228: Best Solution = [ 9.95182319e-01  9.95587130e-01  9.96303459e-01  3.10764071e-04
  9.96134045e-01  9.87864617e-01 -2.28401385e-03 -1.29360244e-03
 -2.98420529e+00 -1.99327598e+00], Best Fitness = 17.923632227810245, Evaluations = 7296
Generation 229: Best Solution = [ 9.94391283e-01  9.96271356e-01  9.97411861e-01 -3.78647041e-04
  9.98935886e-01  9.93781952e-01  6.27386734e-04 -4.69226356e-03
 -2.98128400e+00 -1.99159973e+00], Best Fitness = 17.92179456745251, Evaluations = 7328
Generation 230: Best Solution = [ 9.97344338e-01  9.95571194e-01  9.97260941e-01 -5.23712513e-04
  9.98186556e-01  9.94603234e-01 -8.79122167e-04  1.03752679e-03
 -2.98699243e+00 -1.99030387e+00], Best Fitness = 17.914927365400672, Evaluations = 7360
Generation 231: Best Solution = [ 9.90442094e-01  9.91214099e-01  9.95607859e-01 -2.07857034e-03
  9.94577557e-01  9.90391419e-01 -1.38459715e-03 -2.42020811e-03
 -2.98262950e+00 -1.98937257e+00], Best Fitness = 17.923733484004345, Evaluations = 7392
Generation 232: Best Solution = [ 1.00167597e+00  9.94816614e-01  9.97265788e-01 -8.54250155e-04
  9.97156673e-01  9.95291888e-01 -1.65545100e-03  1.14833503e-03
 -2.98394193e+00 -1.99096736e+00], Best Fitness = 17.921553084260722, Evaluations = 7424
Generation 233: Best Solution = [ 9.98200410e-01  9.93768066e-01  9.92138842e-01 -2.70655459e-03
  9.96659205e-01  9.96406327e-01  2.98744291e-04 -6.52485114e-05
 -2.98591084e+00 -1.99002903e+00], Best Fitness = 17.915852941974606, Evaluations = 7456
Generation 234: Best Solution = [ 9.94857810e-01  9.94887031e-01  9.96536770e-01 -1.23249576e-03
  9.97523928e-01  9.91402091e-01  2.97576391e-03 -3.56330786e-03
 -2.98449410e+00 -1.99191674e+00], Best Fitness = 17.91893587315967, Evaluations = 7488
Generation 235: Best Solution = [ 9.95155939e-01  9.98834657e-01  9.97720018e-01 -4.22687035e-04
  9.94519315e-01  9.94033700e-01 -4.08487582e-03  1.14032672e-03
 -2.98127247e+00 -1.98648931e+00], Best Fitness = 17.922391480339485, Evaluations = 7520
Generation 236: Best Solution = [ 9.97293016e-01  9.91537775e-01  9.92905789e-01 -3.13343984e-03
  9.96126797e-01  9.98450356e-01  1.54144306e-03  1.53424244e-03
 -2.98205633e+00 -1.98985275e+00], Best Fitness = 17.920586213544112, Evaluations = 7552
Generation 237: Best Solution = [ 9.95034301e-01  9.96792577e-01  9.94582304e-01 -6.73965052e-04
  9.96808275e-01  9.96283711e-01 -1.46199289e-03  1.13000048e-04
 -2.98415699e+00 -1.99540241e+00], Best Fitness = 17.9175354333712, Evaluations = 7584
Generation 238: Best Solution = [ 9.95201209e-01  9.93370611e-01  9.92732580e-01 -2.15966436e-03
  9.99073881e-01  9.93017065e-01  1.09753223e-03 -7.85688900e-04
 -2.98431223e+00 -1.99142327e+00], Best Fitness = 17.91662535216821, Evaluations = 7616
Generation 239: Best Solution = [ 9.93029671e-01  9.92873995e-01  9.92427500e-01  1.29056742e-03
  9.96888324e-01  9.92398452e-01 -1.97278717e-03 -4.39245061e-04
 -2.98666015e+00 -1.98521359e+00], Best Fitness = 17.920287426649452, Evaluations = 7648
Generation 240: Best Solution = [ 9.93270885e-01  9.94175681e-01  9.88795009e-01  2.17935377e-03
  9.93622806e-01  9.96697773e-01  2.68291952e-03 -2.83582411e-03
 -2.98212132e+00 -1.98836489e+00], Best Fitness = 17.92431234432179, Evaluations = 7680
Generation 241: Best Solution = [ 0.99546223  0.99431991  0.99523124 -0.00326843  0.99790163  0.99271434
 -0.00311606 -0.00396933 -2.98486109 -1.99043224], Best Fitness = 17.91931472812435, Evaluations = 7712
Generation 242: Best Solution = [ 9.96717209e-01  9.93552619e-01  9.93572640e-01  3.87704178e-03
  9.95313529e-01  9.97362358e-01 -1.38029758e-03  4.19790085e-03
 -2.98431062e+00 -1.98961082e+00], Best Fitness = 17.918717261737342, Evaluations = 7744
Generation 243: Best Solution = [ 9.95620723e-01  9.98283557e-01  9.94552437e-01 -1.57546504e-03
  9.90385250e-01  9.98463629e-01  4.68104521e-03 -1.71390965e-03
 -2.98369320e+00 -1.98733063e+00], Best Fitness = 17.925130360302518, Evaluations = 7776
Generation 244: Best Solution = [ 9.97717921e-01  9.92193895e-01  9.92027210e-01  4.34218024e-03
  9.94860973e-01  9.96898001e-01  1.36742552e-03  8.25943082e-05
 -2.98556195e+00 -1.98988917e+00], Best Fitness = 17.91891578011409, Evaluations = 7808
Generation 245: Best Solution = [ 9.91648406e-01  9.91516873e-01  9.92528018e-01  1.91906596e-03
  9.97227619e-01  9.93646356e-01  1.83978127e-03 -2.17382068e-03
 -2.98317649e+00 -1.98827796e+00], Best Fitness = 17.919707063096226, Evaluations = 7840
Generation 246: Best Solution = [ 9.96827338e-01  9.94836089e-01  9.91345399e-01  6.46681038e-04
  9.92954092e-01  9.89382286e-01  1.23094705e-03 -1.16953955e-03
 -2.98268022e+00 -1.98962581e+00], Best Fitness = 17.921076607441634, Evaluations = 7872
Generation 247: Best Solution = [ 9.95458938e-01  9.97243130e-01  9.93030843e-01 -3.29516881e-03
  9.95095615e-01  9.93663090e-01 -1.00661766e-03  3.18189287e-03
 -2.98121111e+00 -1.99168079e+00], Best Fitness = 17.91899017661153, Evaluations = 7904
Generation 248: Best Solution = [ 9.95068785e-01  9.94066858e-01  9.95917656e-01  3.53898670e-04
  9.94996749e-01  9.95810035e-01 -2.87715860e-03 -2.12716102e-03
 -2.98170448e+00 -1.98457936e+00], Best Fitness = 17.919865327211568, Evaluations = 7936
Generation 249: Best Solution = [ 9.93794077e-01  9.91594165e-01  9.95877116e-01 -2.48692900e-03
  9.95560085e-01  9.94668104e-01 -5.26779473e-04  4.12128788e-03
 -2.98205685e+00 -1.98529599e+00], Best Fitness = 17.922410545430935, Evaluations = 7968
Generation 250: Best Solution = [ 9.94844540e-01  9.92367647e-01  9.99444589e-01  4.41387161e-03
  9.90344413e-01  9.95198739e-01 -5.52185338e-04 -1.26594222e-03
 -2.98566495e+00 -1.98943541e+00], Best Fitness = 17.923201959919183, Evaluations = 8000
Generation 251: Best Solution = [ 9.92158781e-01  9.97431025e-01  9.92929063e-01 -1.55440713e-03
  9.96217880e-01  9.96016481e-01 -1.68008629e-04 -2.54196880e-03
 -2.98955528e+00 -1.99143460e+00], Best Fitness = 17.91993873491903, Evaluations = 8032
Generation 252: Best Solution = [ 9.92352986e-01  9.95005909e-01  9.91198727e-01 -1.71277369e-04
  9.98126784e-01  9.91711460e-01  5.12121080e-03  1.95348215e-04
 -2.98288024e+00 -1.99043944e+00], Best Fitness = 17.923499169445122, Evaluations = 8064
Generation 253: Best Solution = [ 9.92760304e-01  9.93338186e-01  9.95364261e-01  4.25288869e-04
  9.99371807e-01  9.98050592e-01  3.52444100e-03  1.10872608e-03
 -2.98190892e+00 -1.98879827e+00], Best Fitness = 17.92120161273293, Evaluations = 8096
Generation 254: Best Solution = [ 9.94898380e-01  9.95899712e-01  9.97564664e-01  3.28374749e-03
  9.96837917e-01  9.94768848e-01  2.30366833e-04 -2.33163160e-03
 -2.97874692e+00 -1.99170291e+00], Best Fitness = 17.92268202198227, Evaluations = 8128
Generation 255: Best Solution = [ 9.92719581e-01  9.95693298e-01  9.98648998e-01 -2.68188358e-03
  9.98123077e-01  9.95163026e-01 -2.71628251e-03 -4.96182039e-04
 -2.98272076e+00 -1.99202973e+00], Best Fitness = 17.91975131239053, Evaluations = 8160
Generation 256: Best Solution = [ 9.93752628e-01  9.98430756e-01  9.95261701e-01 -2.33888980e-03
  9.92072928e-01  9.98862721e-01  1.85424559e-03  3.25440885e-03
 -2.98762168e+00 -1.99142059e+00], Best Fitness = 17.9224300379462, Evaluations = 8192
Generation 257: Best Solution = [ 9.95807119e-01  9.91619535e-01  9.95536498e-01 -2.61229992e-03
  9.96017818e-01  9.92142788e-01  5.30142755e-04 -2.24652306e-04
 -2.98465643e+00 -1.98884664e+00], Best Fitness = 17.91509364883065, Evaluations = 8224
Generation 258: Best Solution = [ 9.93629618e-01  9.95945177e-01  9.92841157e-01 -2.80807050e-03
  9.92457419e-01  9.96834650e-01  1.64810053e-03  1.41236141e-03
 -2.98064250e+00 -1.98884854e+00], Best Fitness = 17.918823774643585, Evaluations = 8256
Generation 259: Best Solution = [ 9.99481845e-01  9.97644114e-01  9.94146837e-01 -5.65426223e-03
  9.94226873e-01  9.95319605e-01  1.44471482e-03  1.88399009e-03
 -2.98262383e+00 -1.98585049e+00], Best Fitness = 17.926686775785655, Evaluations = 8288
Generation 260: Best Solution = [ 9.94758178e-01  9.96284150e-01  9.93322441e-01  4.72943883e-03
  9.96170112e-01  9.97624156e-01  1.88886149e-03 -1.04242173e-04
 -2.98219559e+00 -1.99289221e+00], Best Fitness = 17.920117901848343, Evaluations = 8320
Generation 261: Best Solution = [ 9.95449459e-01  9.95401301e-01  9.93862919e-01  5.75211767e-04
  9.91923678e-01  9.92368336e-01  1.99455430e-03 -2.81229231e-03
 -2.98125443e+00 -1.99042117e+00], Best Fitness = 17.917743342403384, Evaluations = 8352
Generation 262: Best Solution = [ 9.98813372e-01  9.93197643e-01  9.99371731e-01 -1.46583198e-03
  9.92740252e-01  9.95003815e-01  3.56787439e-04 -1.92420116e-03
 -2.98205970e+00 -1.98713138e+00], Best Fitness = 17.921888095259035, Evaluations = 8384
Generation 263: Best Solution = [ 9.95153292e-01  9.97252553e-01  9.94100579e-01 -5.32374279e-04
  9.98716723e-01  9.93549491e-01  4.31101518e-03 -4.11030301e-03
 -2.98745939e+00 -1.98998118e+00], Best Fitness = 17.922054743480757, Evaluations = 8416
Generation 264: Best Solution = [ 9.95609808e-01  9.93315481e-01  9.98134298e-01  3.36985102e-03
  9.92565201e-01  9.93339010e-01  1.71080231e-03 -7.23079149e-04
 -2.98357129e+00 -1.99715512e+00], Best Fitness = 17.927160923125882, Evaluations = 8448
Generation 265: Best Solution = [ 9.92579865e-01  9.97695773e-01  9.94778347e-01  6.14484679e-04
  9.95074677e-01  9.95712524e-01  3.45026013e-03  2.05809973e-03
 -2.98096443e+00 -1.99280689e+00], Best Fitness = 17.91988176258903, Evaluations = 8480
Generation 266: Best Solution = [ 9.95772141e-01  9.90470727e-01  1.00110172e+00 -4.54136843e-04
  9.95442855e-01  9.93594068e-01  1.61091732e-03 -9.03304469e-04
 -2.98293887e+00 -1.98844013e+00], Best Fitness = 17.92312425633753, Evaluations = 8512
Generation 267: Best Solution = [ 9.96728779e-01  9.93375817e-01  9.92909143e-01 -2.78225105e-03
  9.96526107e-01  9.95359629e-01 -4.30802055e-03 -2.42344434e-03
 -2.98624383e+00 -1.99207010e+00], Best Fitness = 17.91938321382125, Evaluations = 8544
Generation 268: Best Solution = [ 9.91862215e-01  9.96204597e-01  9.94501836e-01  1.02638209e-03
  9.90639934e-01  9.94353617e-01  1.49213380e-03  1.98306029e-04
 -2.98277103e+00 -1.98593846e+00], Best Fitness = 17.919888576990246, Evaluations = 8576
Generation 269: Best Solution = [ 9.92037497e-01  9.93783938e-01  9.92277316e-01  1.76879114e-03
  9.91267295e-01  9.97585798e-01 -9.66430698e-04  2.17884357e-03
 -2.98332062e+00 -1.98839021e+00], Best Fitness = 17.91935995473274, Evaluations = 8608
Generation 270: Best Solution = [ 9.93706492e-01  9.98413879e-01  9.91254481e-01  3.47124919e-03
  9.93161158e-01  9.96606269e-01  2.54453540e-03 -1.71811138e-03
 -2.98666421e+00 -1.99078925e+00], Best Fitness = 17.920864353146456, Evaluations = 8640
Generation 271: Best Solution = [ 9.96520650e-01  9.98152798e-01  9.97635054e-01  7.16747499e-04
  9.95228417e-01  9.96445219e-01 -5.00313571e-03 -1.83973544e-03
 -2.98102283e+00 -1.98842782e+00], Best Fitness = 17.922682655119416, Evaluations = 8672
Generation 272: Best Solution = [ 9.93846970e-01  9.97078168e-01  9.93410501e-01  1.23924770e-03
  9.94332681e-01  9.97015123e-01  2.38674404e-03 -9.94587889e-04
 -2.98319969e+00 -1.98649831e+00], Best Fitness = 17.916234251378597, Evaluations = 8704
Generation 273: Best Solution = [ 9.93831765e-01  9.95366818e-01  9.96651621e-01  1.91213678e-03
  9.94870210e-01  9.91536960e-01  4.91136093e-03  1.99095388e-03
 -2.98183107e+00 -1.98522331e+00], Best Fitness = 17.924856136451837, Evaluations = 8736
Generation 274: Best Solution = [ 9.96006169e-01  9.98009894e-01  9.91941254e-01  1.90868314e-03
  9.93358525e-01  9.92037896e-01 -1.50212189e-03  3.08454512e-03
 -2.98213867e+00 -1.98889246e+00], Best Fitness = 17.920016558254588, Evaluations = 8768
Generation 275: Best Solution = [ 9.90344261e-01  9.97239352e-01  9.91962512e-01 -5.47048835e-04
  9.88408183e-01  9.92479241e-01  4.27959488e-03  4.85426325e-04
 -2.98356924e+00 -1.99166380e+00], Best Fitness = 17.93065563485257, Evaluations = 8800
Generation 276: Best Solution = [ 9.93169513e-01  9.93933897e-01  9.94741442e-01 -3.62610377e-03
  9.96803037e-01  9.91889205e-01  3.82125267e-03 -2.86538150e-03
 -2.98783342e+00 -1.98792356e+00], Best Fitness = 17.922291403160855, Evaluations = 8832
Generation 277: Best Solution = [ 9.93603039e-01  9.92399692e-01  9.98131455e-01  4.77016263e-03
  9.95342330e-01  9.93828066e-01 -3.45823744e-03 -1.81748141e-03
 -2.98632058e+00 -1.98851476e+00], Best Fitness = 17.921521824189213, Evaluations = 8864
Generation 278: Best Solution = [ 9.98427228e-01  9.94307450e-01  9.96975632e-01  5.28861270e-03
  9.95740270e-01  9.93519758e-01  1.64788575e-03 -3.33967935e-03
 -2.98480150e+00 -1.98970349e+00], Best Fitness = 17.921345420559334, Evaluations = 8896
Generation 279: Best Solution = [ 9.95477764e-01  9.98981534e-01  9.92202507e-01  6.05005410e-03
  9.94608566e-01  9.95347860e-01  3.40735326e-04  5.95790710e-04
 -2.98976296e+00 -1.99181235e+00], Best Fitness = 17.926880940052797, Evaluations = 8928
Generation 280: Best Solution = [ 9.95441065e-01  9.95144210e-01  1.00227424e+00 -1.72329568e-03
  9.96663704e-01  9.95746102e-01 -1.71787338e-03  2.14032848e-03
 -2.98433858e+00 -1.98966394e+00], Best Fitness = 17.9227442080102, Evaluations = 8960
Generation 281: Best Solution = [ 9.97187413e-01  9.95817318e-01  9.97615333e-01 -3.81049621e-03
  9.97659045e-01  9.94746542e-01  7.56733843e-04  7.14043762e-04
 -2.98161057e+00 -1.99045013e+00], Best Fitness = 17.91844495241149, Evaluations = 8992
Generation 282: Best Solution = [ 9.93877343e-01  9.96464314e-01  9.93366021e-01 -1.46991863e-04
  9.98406332e-01  9.94366000e-01  4.32306336e-03 -2.90069296e-03
 -2.98618509e+00 -1.99203725e+00], Best Fitness = 17.919463609280015, Evaluations = 9024
Generation 283: Best Solution = [ 9.91787812e-01  9.96519417e-01  9.94560871e-01  1.38047510e-03
  9.96540742e-01  9.96690885e-01  1.81808513e-03 -2.78662266e-03
 -2.98545259e+00 -1.98700253e+00], Best Fitness = 17.917147188004108, Evaluations = 9056
Generation 284: Best Solution = [ 9.91192195e-01  9.97727141e-01  9.94406759e-01 -1.41764381e-03
  9.93195113e-01  9.93114931e-01  2.20307990e-03 -6.51598668e-04
 -2.98564802e+00 -1.98880206e+00], Best Fitness = 17.916724766029546, Evaluations = 9088
Generation 285: Best Solution = [ 9.93212909e-01  9.94679161e-01  9.96817290e-01 -7.87260962e-04
  9.94500134e-01  9.89655852e-01  1.84911187e-03 -7.03434464e-04
 -2.98736894e+00 -1.98393314e+00], Best Fitness = 17.925367050611953, Evaluations = 9120
Generation 286: Best Solution = [ 9.96990365e-01  9.92621377e-01  9.95446189e-01  5.36104961e-03
  9.96093849e-01  9.92546597e-01  2.79973373e-03  1.13929206e-04
 -2.98567603e+00 -1.98935961e+00], Best Fitness = 17.920037990257043, Evaluations = 9152
Generation 287: Best Solution = [ 9.91816092e-01  9.93404739e-01  9.96505143e-01 -2.73736040e-04
  9.92692365e-01  1.00151006e+00 -9.62081290e-04  1.33959759e-03
 -2.98381206e+00 -1.98871273e+00], Best Fitness = 17.922724674447352, Evaluations = 9184
Generation 288: Best Solution = [ 9.90403725e-01  9.88432168e-01  9.97002031e-01  7.55901430e-05
  9.95336515e-01  9.93249974e-01 -5.94447588e-06  2.27701037e-03
 -2.98246031e+00 -1.99022372e+00], Best Fitness = 17.925398518837113, Evaluations = 9216
Generation 289: Best Solution = [ 9.93475320e-01  9.94947882e-01  9.98599136e-01  5.94821692e-04
  9.94191879e-01  9.93235046e-01 -8.87051959e-04 -1.76924674e-03
 -2.98189931e+00 -1.98715773e+00], Best Fitness = 17.917072213802328, Evaluations = 9248
Generation 290: Best Solution = [ 9.92585249e-01  9.93552890e-01  9.94293610e-01 -2.02962651e-03
  9.95639369e-01  9.94204604e-01  1.87165634e-03  4.76542540e-03
 -2.98600658e+00 -1.98717733e+00], Best Fitness = 17.91878789165267, Evaluations = 9280
Generation 291: Best Solution = [ 9.94524315e-01  9.98814402e-01  9.97513555e-01 -2.29883106e-03
  9.91931338e-01  9.92631368e-01 -4.26681116e-03 -8.46833962e-04
 -2.98522041e+00 -1.99180578e+00], Best Fitness = 17.92193764726555, Evaluations = 9312
Generation 292: Best Solution = [ 9.92480544e-01  9.96614204e-01  9.92661240e-01  1.94501485e-03
  9.92820491e-01  9.94692880e-01  2.38284098e-03 -2.59222914e-04
 -2.98819658e+00 -1.98398157e+00], Best Fitness = 17.92400941543991, Evaluations = 9344
Generation 293: Best Solution = [ 9.95404322e-01  9.91033003e-01  9.91972525e-01  8.52693777e-05
  9.94551104e-01  9.90902510e-01  1.07939305e-03  7.29362353e-04
 -2.98091860e+00 -1.98794484e+00], Best Fitness = 17.921547079114333, Evaluations = 9376
Generation 294: Best Solution = [ 9.92763877e-01  9.95291536e-01  9.93981531e-01  3.20076887e-03
  9.92122220e-01  9.93624961e-01  3.58869463e-04  2.76820188e-03
 -2.98620971e+00 -1.99069925e+00], Best Fitness = 17.916404714521093, Evaluations = 9408
Generation 295: Best Solution = [ 9.99108535e-01  9.95922728e-01  9.93876221e-01  1.86575353e-03
  9.94624049e-01  9.95858962e-01  1.31482292e-03 -1.91309486e-03
 -2.98334303e+00 -1.98768991e+00], Best Fitness = 17.91643193856335, Evaluations = 9440
Generation 296: Best Solution = [ 9.89764224e-01  9.94880906e-01  9.94780952e-01  4.75737723e-03
  9.94520776e-01  9.92926376e-01  2.01527878e-03 -2.58165679e-03
 -2.98351682e+00 -1.98856882e+00], Best Fitness = 17.92276905023195, Evaluations = 9472
Generation 297: Best Solution = [ 9.96031178e-01  9.94837422e-01  9.94607533e-01  1.91338941e-03
  9.94132274e-01  9.93368777e-01 -8.27297770e-04  3.74657842e-03
 -2.98868008e+00 -1.98911772e+00], Best Fitness = 17.916782157335277, Evaluations = 9504
Generation 298: Best Solution = [ 9.95976628e-01  9.97812452e-01  9.94670053e-01  2.95971967e-03
  9.93600690e-01  9.89653075e-01 -2.46480298e-03 -2.45945670e-03
 -2.98930857e+00 -1.99078405e+00], Best Fitness = 17.92522274684771, Evaluations = 9536
Generation 299: Best Solution = [ 9.96108015e-01  9.91491711e-01  9.97235397e-01 -2.12030401e-04
  9.93701614e-01  9.98789890e-01  1.93214021e-04 -2.16442104e-04
 -2.98579595e+00 -1.99507200e+00], Best Fitness = 17.921599680409983, Evaluations = 9568
Generation 300: Best Solution = [ 9.93657613e-01  9.96147795e-01  9.93675916e-01  2.05794171e-03
  9.94498475e-01  9.95443423e-01  6.12616863e-04  3.29059833e-03
 -2.98688136e+00 -1.98915293e+00], Best Fitness = 17.91424621619899, Evaluations = 9600
Generation 301: Best Solution = [ 9.95369823e-01  1.00020069e+00  9.93871845e-01  2.36215822e-03
  9.93094114e-01  9.93189187e-01 -4.52895280e-04  1.86315136e-03
 -2.98722995e+00 -1.98989319e+00], Best Fitness = 17.919206008462126, Evaluations = 9632
Generation 302: Best Solution = [ 9.96008940e-01  9.99892315e-01  9.98585487e-01  9.85896407e-04
  9.92399797e-01  9.97580214e-01 -2.99329767e-03 -5.23070686e-05
 -2.98466571e+00 -1.98714755e+00], Best Fitness = 17.923035131829394, Evaluations = 9664
Generation 303: Best Solution = [ 9.96682496e-01  9.93993194e-01  9.94084385e-01 -1.18532251e-03
  9.91850800e-01  9.99066754e-01 -1.96535293e-03 -1.05265308e-03
 -2.98819513e+00 -1.99075472e+00], Best Fitness = 17.91902471299204, Evaluations = 9696
Generation 304: Best Solution = [ 9.92598243e-01  9.92163009e-01  9.96522961e-01 -2.80759692e-03
  9.92102745e-01  9.91575483e-01 -1.40472277e-03 -6.90264524e-04
 -2.98691509e+00 -1.98647071e+00], Best Fitness = 17.921484679892757, Evaluations = 9728
Generation 305: Best Solution = [ 9.92281758e-01  9.98919367e-01  9.95432581e-01  2.10418206e-03
  9.95529291e-01  9.93062813e-01 -1.08953938e-03  4.30511662e-03
 -2.98520228e+00 -1.98870802e+00], Best Fitness = 17.919682876052477, Evaluations = 9760
Generation 306: Best Solution = [ 9.92126954e-01  9.94118860e-01  9.98131396e-01  2.92884555e-03
  9.95366465e-01  9.97485884e-01  3.03307777e-03  3.66596483e-03
 -2.98594853e+00 -1.98723040e+00], Best Fitness = 17.922105716883536, Evaluations = 9792
Generation 307: Best Solution = [ 9.97178315e-01  9.89612357e-01  9.94706777e-01  3.82531764e-04
  9.95383981e-01  9.91841212e-01  6.01102987e-04 -6.19093848e-04
 -2.98519006e+00 -1.99461812e+00], Best Fitness = 17.922431054816272, Evaluations = 9824
Generation 308: Best Solution = [ 9.94060257e-01  9.93675560e-01  1.00146804e+00  5.89123972e-03
  9.93905077e-01  9.96343557e-01 -4.36602884e-04 -3.51765287e-04
 -2.98515944e+00 -1.98953619e+00], Best Fitness = 17.925712541714063, Evaluations = 9856
Generation 309: Best Solution = [ 9.97603104e-01  9.95768157e-01  9.94570400e-01  5.26718245e-03
  9.91627662e-01  9.90815345e-01  1.49363799e-03 -8.58907371e-04
 -2.98259043e+00 -1.99106652e+00], Best Fitness = 17.92374631950031, Evaluations = 9888
Generation 310: Best Solution = [ 9.94028621e-01  9.94992803e-01  9.95760801e-01 -2.32381927e-03
  9.95717103e-01  9.96387058e-01 -1.12865210e-03  4.73791904e-03
 -2.98575666e+00 -1.99177535e+00], Best Fitness = 17.916670744940205, Evaluations = 9920
Generation 311: Best Solution = [ 9.95732920e-01  9.91710061e-01  9.95264343e-01 -3.38631069e-03
  9.96172742e-01  9.93018384e-01 -1.28862181e-03 -1.99414656e-03
 -2.98490788e+00 -1.98859021e+00], Best Fitness = 17.916235725531322, Evaluations = 9952
Generation 312: Best Solution = [ 9.93085272e-01  9.89208859e-01  9.95353293e-01 -5.79850665e-04
  9.94183505e-01  9.96420942e-01  3.98365557e-03 -3.86364153e-03
 -2.98433680e+00 -1.98728757e+00], Best Fitness = 17.92464292567911, Evaluations = 9984
Generation 313: Best Solution = [ 9.88758481e-01  9.94049016e-01  9.90469762e-01  2.99257646e-03
  9.91708825e-01  9.96629815e-01  4.34964054e-03  1.28153192e-03
 -2.98297086e+00 -1.98988969e+00], Best Fitness = 17.930209353050913, Evaluations = 10016
