Algorithm: Cross-Entropy Method
Objective Function: Rastrigin
Dimension: 10
Population Size: 64
Max Evaluations: 10000

Generation 1: Best Solution = [-1.19298034 -1.77467133 -2.89949561  0.08789026 -0.96595091 -2.82463334
 -1.08801303  5.12       -1.57671269  5.12      ], Best Fitness = 127.84257516524801, Evaluations = 64
Generation 2: Best Solution = [ 0.14136997 -1.07072781 -2.30271103 -1.06512675 -3.04600087 -3.27137191
  0.02506577  3.20211945 -2.05346594  4.81936318], Best Fitness = 109.27308505499393, Evaluations = 128
Generation 3: Best Solution = [-2.8253196   0.75861954 -1.96246177  2.05017667 -0.10814868 -2.77621221
  1.1799181   3.78659017 -0.44384386  1.25109225], Best Fitness = 110.98781379531862, Evaluations = 192
Generation 4: Best Solution = [-2.97442928 -0.21522597 -2.74160969 -0.14074123 -0.13515259 -2.77243153
 -0.65172002  2.62225567  0.10244711  1.94831547], Best Fitness = 104.8868553141736, Evaluations = 256
Generation 5: Best Solution = [-1.29495362  0.082263   -2.83850925  0.61354835 -0.94310646 -2.83966554
  0.13731661  2.8700889   1.25763718  1.14296399], Best Fitness = 92.7791715699587, Evaluations = 320
Generation 6: Best Solution = [-1.84800147  0.73323916 -2.9581253   1.0248821  -2.20291723 -2.84840211
 -0.16373107  1.77788926  0.02379479  1.81352554], Best Fitness = 79.54981527945606, Evaluations = 384
Generation 7: Best Solution = [-1.74392225  0.85601231 -2.80833041  0.05780102 -2.10042775 -2.690951
 -0.27833609  1.93275236  0.64175832  0.91744609], Best Fitness = 95.46083616493911, Evaluations = 448
Generation 8: Best Solution = [-1.83070461 -0.11147659 -2.08249264  0.03581773 -1.262924   -3.11036256
  0.13038328  2.23366454  0.96032901  0.76957901], Best Fitness = 68.90574971223145, Evaluations = 512
Generation 9: Best Solution = [-1.70776115  0.34994705 -2.00226624  0.05792667 -1.83885341 -2.72427331
 -0.01035772  2.19610899  0.94127449  1.03761259], Best Fitness = 77.75673130398692, Evaluations = 576
Generation 10: Best Solution = [-1.86881406  0.17880591 -1.83003541 -0.22791964 -2.14869698 -2.98128267
  0.02071571  2.10770124 -0.10744646  1.46536673], Best Fitness = 78.08426979571398, Evaluations = 640
Generation 11: Best Solution = [-2.0446473   0.13119468 -1.8961269  -0.07313639 -1.95498087 -3.02531044
 -0.07744595  2.0493836  -0.05229762  1.22774912], Best Fitness = 44.48535098009157, Evaluations = 704
Generation 12: Best Solution = [-1.95551938e+00 -2.10142006e-02 -1.90887059e+00 -7.16630798e-05
 -2.24986108e+00 -3.03921064e+00 -1.21911144e-01  1.96982686e+00
  4.48986356e-03  1.62309791e+00], Best Fitness = 60.79099869055164, Evaluations = 768
Generation 13: Best Solution = [-1.87307888  0.07133182 -2.01464745  0.0313741  -1.04515048 -2.84181616
  0.03489206  2.79165737  0.97815458  0.76294184], Best Fitness = 52.192417634681426, Evaluations = 832
Generation 14: Best Solution = [-2.01870683  0.20270057 -1.96205514  0.19195872 -1.98423637 -3.0434997
 -0.02287184  2.11542379 -0.01100961  1.15505961], Best Fitness = 48.315634768568216, Evaluations = 896
Generation 15: Best Solution = [-2.13288163  0.16054404 -1.94136632  0.05818527 -1.95829053 -3.04429933
 -0.04425844  2.03043809 -0.0087793   1.21546919], Best Fitness = 45.49744346855044, Evaluations = 960
Generation 16: Best Solution = [-2.05266986  0.09431661 -1.97397012  0.02956684 -1.94229616 -3.04636478
 -0.01969734  2.07820828 -0.04527173  1.24397327], Best Fitness = 41.94918297148551, Evaluations = 1024
Generation 17: Best Solution = [-2.02048017  0.12836323 -1.98827427  0.06621063 -1.92971488 -3.04624001
 -0.05265869  2.08588381  0.0886582   1.21027398], Best Fitness = 43.31222994648703, Evaluations = 1088
Generation 18: Best Solution = [-2.04300958e+00  9.85876449e-02 -1.94533991e+00  3.73021427e-02
 -1.90204079e+00 -3.04188443e+00 -1.78752718e-03  2.08536207e+00
  5.04804897e-03  1.22719839e+00], Best Fitness = 41.93473481016333, Evaluations = 1152
Generation 19: Best Solution = [-2.00715555  0.10825303 -1.94252741  0.01974705 -1.94480162 -3.04208159
 -0.02993165  2.04006735  0.06209708  1.2333091 ], Best Fitness = 40.63491950318256, Evaluations = 1216
Generation 20: Best Solution = [-2.01798327  0.08914706 -1.95312361  0.03509846 -1.96492763 -3.04808816
 -0.01470658  2.03196608  0.02657115  1.25355504], Best Fitness = 40.31472326343252, Evaluations = 1280
Generation 21: Best Solution = [-1.99991072  0.06206786 -1.89812331  0.01183367 -1.947886   -3.07467553
 -0.01492012  2.02544286  0.06034396  1.22105753], Best Fitness = 39.894983054707374, Evaluations = 1344
Generation 22: Best Solution = [-1.99418074e+00  7.96256027e-02 -1.93275243e+00  2.46560413e-03
 -1.96144321e+00 -3.04736828e+00 -3.41272593e-02  2.03293103e+00
  4.67649652e-02  1.23991209e+00], Best Fitness = 39.60799659077991, Evaluations = 1408
Generation 23: Best Solution = [-2.00313269  0.07073224 -1.90954485  0.01151001 -1.94190266 -3.05690961
 -0.02340089  2.01447338  0.03912569  1.2213147 ], Best Fitness = 38.85174774830639, Evaluations = 1472
Generation 24: Best Solution = [-1.99745193e+00  5.55042206e-02 -1.89383049e+00  2.89897317e-03
 -1.93795187e+00 -3.06830542e+00 -1.70394561e-02  2.00939280e+00
  3.15609082e-02  1.21087383e+00], Best Fitness = 38.4976733670732, Evaluations = 1536
Generation 25: Best Solution = [-1.99610583  0.06880682 -1.91226835 -0.00558937 -1.94923532 -3.0529516
 -0.02415665  2.00467736  0.04138478  1.21456268], Best Fitness = 37.972615556286385, Evaluations = 1600
Generation 26: Best Solution = [-2.01362524  0.08130829 -1.92956292  0.00840327 -1.93733137 -3.03672253
 -0.01620944  2.01003238  0.04398827  1.21056694], Best Fitness = 37.587362081721786, Evaluations = 1664
Generation 27: Best Solution = [-2.01197149  0.06639244 -1.92084417 -0.00986699 -1.94307052 -3.06091852
 -0.00919692  2.01870064  0.02616568  1.20150034], Best Fitness = 37.099676076259755, Evaluations = 1728
Generation 28: Best Solution = [-2.00062760e+00  5.49875841e-02 -1.91335511e+00 -4.56387051e-04
 -1.94671759e+00 -3.06327420e+00 -4.91226648e-03  1.99840431e+00
  1.80892063e-02  1.20006047e+00], Best Fitness = 36.628976771036925, Evaluations = 1792
Generation 29: Best Solution = [-2.00380404e+00  7.63646918e-02 -1.92449713e+00 -1.80487713e-03
 -1.94306288e+00 -3.06062454e+00 -1.66957038e-02  2.00021750e+00
  2.51059321e-02  1.19203353e+00], Best Fitness = 36.49426663826546, Evaluations = 1856
Generation 30: Best Solution = [-2.00491068  0.06872989 -1.92647834  0.0141376  -1.93789305 -3.05401507
 -0.00833438  1.99603039  0.02936625  1.18794759], Best Fitness = 35.93292846245747, Evaluations = 1920
Generation 31: Best Solution = [-1.99761471e+00  5.53658346e-02 -1.91910004e+00  1.20440797e-03
 -1.94188996e+00 -3.04858014e+00 -1.43384950e-03  2.00751475e+00
  2.84830539e-02  1.19034362e+00], Best Fitness = 35.68535195762976, Evaluations = 1984
Generation 32: Best Solution = [-2.00094299  0.05314522 -1.89900174 -0.00365558 -1.95225351 -3.05687976
 -0.01202476  2.01126916  0.02279334  1.17444101], Best Fitness = 35.35911294480279, Evaluations = 2048
Generation 33: Best Solution = [-2.00973759  0.04886266 -1.92274145  0.00558934 -1.94329837 -3.05212426
 -0.00569974  2.01696336  0.03917933  1.17660313], Best Fitness = 35.00627761956612, Evaluations = 2112
Generation 34: Best Solution = [-2.00913543  0.06532685 -1.91809708  0.00563087 -1.95177356 -3.04859866
 -0.02274132  1.99542315  0.03152419  1.16889749], Best Fitness = 34.663084566997895, Evaluations = 2176
Generation 35: Best Solution = [-2.00780682e+00  5.74187275e-02 -1.92293280e+00 -2.68097601e-03
 -1.95006483e+00 -3.05121169e+00 -1.21697047e-02  1.99362925e+00
  3.60604416e-02  1.16462550e+00], Best Fitness = 34.1676951225254, Evaluations = 2240
Generation 36: Best Solution = [-2.02440984e+00  5.70740756e-02 -1.92021466e+00  2.03491359e-03
 -1.94693952e+00 -3.05088498e+00  1.15427710e-03  1.99514055e+00
  2.49632438e-02  1.15420576e+00], Best Fitness = 33.70839179002, Evaluations = 2304
Generation 37: Best Solution = [-2.02590665e+00  4.29737236e-02 -1.93219149e+00 -8.75762370e-04
 -1.95767509e+00 -3.05157156e+00 -7.27367559e-03  2.00127350e+00
  1.35300924e-02  1.15543739e+00], Best Fitness = 33.033813027908764, Evaluations = 2368
Generation 38: Best Solution = [-2.02360089e+00  6.19249586e-02 -1.93659756e+00  2.40722723e-04
 -1.94273714e+00 -3.05227681e+00 -1.80064470e-02  2.00792279e+00
  2.09770715e-02  1.14227512e+00], Best Fitness = 32.99190938612659, Evaluations = 2432
Generation 39: Best Solution = [-2.00738280e+00  5.23779235e-02 -1.92385343e+00  9.69890237e-04
 -1.94559483e+00 -3.04565535e+00 -1.62891428e-02  2.00259552e+00
  2.14546693e-02  1.14212271e+00], Best Fitness = 32.641638610798225, Evaluations = 2496
Generation 40: Best Solution = [-2.01433184e+00  4.19441889e-02 -1.93102635e+00 -3.04786030e-06
 -1.95780608e+00 -3.04046008e+00 -1.74934232e-02  2.00474473e+00
  2.41555325e-02  1.14885811e+00], Best Fitness = 32.43033565669097, Evaluations = 2560
Generation 41: Best Solution = [-2.02378624  0.04725991 -1.92933841  0.00479714 -1.94801375 -3.03762017
 -0.0041565   2.00186824  0.0198062   1.13537441], Best Fitness = 31.95512163838069, Evaluations = 2624
Generation 42: Best Solution = [-2.01853870e+00  4.70900775e-02 -1.93974966e+00  2.88268479e-03
 -1.95351672e+00 -3.04145532e+00 -2.02186490e-02  1.99838301e+00
  2.41085193e-02  1.13639644e+00], Best Fitness = 31.8132758062454, Evaluations = 2688
Generation 43: Best Solution = [-2.03127164e+00  4.72782286e-02 -1.93764255e+00  2.06751638e-03
 -1.94618744e+00 -3.03129181e+00 -8.57433940e-03  1.99061630e+00
  2.69793963e-02  1.12119991e+00], Best Fitness = 31.164793096259828, Evaluations = 2752
Generation 44: Best Solution = [-2.02762719e+00  3.66443738e-02 -1.94637760e+00  1.80306366e-03
 -1.94328939e+00 -3.03140370e+00 -1.52424878e-02  1.98678060e+00
  2.40148336e-02  1.12767923e+00], Best Fitness = 31.128660019122208, Evaluations = 2816
Generation 45: Best Solution = [-2.00492917  0.03372673 -1.94648341 -0.00642184 -1.95471224 -3.03296959
 -0.01491473  1.99580479  0.01705536  1.12822145], Best Fitness = 30.67694461796893, Evaluations = 2880
Generation 46: Best Solution = [-2.01431363  0.02686342 -1.95325251 -0.00997968 -1.93915443 -3.02427492
 -0.02111017  1.99717634  0.02444159  1.11819113], Best Fitness = 30.328692629283125, Evaluations = 2944
Generation 47: Best Solution = [-2.01056442e+00  2.97717910e-02 -1.94440696e+00  7.15187814e-04
 -1.95430764e+00 -3.02862119e+00 -9.91685463e-03  2.00175389e+00
  2.67958574e-02  1.11384911e+00], Best Fitness = 30.048015976716798, Evaluations = 3008
Generation 48: Best Solution = [-2.02158620e+00  3.31999886e-02 -1.94679732e+00 -2.73822273e-04
 -1.95508371e+00 -3.03006788e+00 -1.55260974e-02  2.00204984e+00
  1.86772479e-02  1.10998482e+00], Best Fitness = 29.96957134099921, Evaluations = 3072
Generation 49: Best Solution = [-2.01461058  0.03454545 -1.95521482 -0.00582158 -1.9560061  -3.03596958
 -0.01271295  2.00089559  0.0237371   1.10019763], Best Fitness = 29.51142162060779, Evaluations = 3136
Generation 50: Best Solution = [-2.01125205  0.02584013 -1.95088945 -0.01081008 -1.96366396 -3.04124373
  0.00375766  2.00372601  0.02518935  1.09784071], Best Fitness = 29.384443211929693, Evaluations = 3200
Generation 51: Best Solution = [-2.01302251e+00  2.49176207e-02 -1.94913633e+00 -8.66327389e-04
 -1.96115769e+00 -3.01505017e+00 -1.45446972e-02  1.99887213e+00
  2.86636083e-02  1.09971413e+00], Best Fitness = 29.100849185092997, Evaluations = 3264
Generation 52: Best Solution = [-2.01403467  0.03054452 -1.9491222   0.00478213 -1.96707142 -3.03013067
 -0.00842685  1.9912211   0.02795746  1.08834981], Best Fitness = 28.868006474934077, Evaluations = 3328
Generation 53: Best Solution = [-2.00658307e+00  3.01633516e-02 -1.94830539e+00 -1.28028480e-03
 -1.96161842e+00 -3.02024939e+00 -1.55456664e-02  1.99142402e+00
  3.13674143e-02  1.08439747e+00], Best Fitness = 28.646104760058293, Evaluations = 3392
Generation 54: Best Solution = [-2.00763848  0.02069912 -1.9574525  -0.00691115 -1.95671533 -3.02221118
 -0.00846704  1.99832077  0.02481109  1.0836917 ], Best Fitness = 28.405947652380917, Evaluations = 3456
Generation 55: Best Solution = [-2.00440618e+00  2.48805147e-02 -1.95721840e+00  3.92607933e-03
 -1.97971768e+00 -3.02050455e+00 -2.27993931e-04  2.00509306e+00
  1.98272750e-02  1.07749529e+00], Best Fitness = 27.970230780908096, Evaluations = 3520
Generation 56: Best Solution = [-2.01375233e+00  1.70481629e-02 -1.95869621e+00 -2.40168264e-03
 -1.98459292e+00 -3.02296034e+00  5.82484418e-03  2.00082270e+00
  1.58458350e-02  1.07075916e+00], Best Fitness = 27.72880854467789, Evaluations = 3584
Generation 57: Best Solution = [-2.01391924  0.01225778 -1.95524893  0.00733735 -1.97815361 -3.02190625
 -0.00407988  1.99517891  0.00976005  1.06540312], Best Fitness = 27.55906608404885, Evaluations = 3648
Generation 58: Best Solution = [-2.01314937e+00  6.67181075e-03 -1.95217029e+00  2.71335151e-03
 -1.98258038e+00 -3.00786226e+00 -1.61045250e-02  1.99819025e+00
  2.36744423e-02  1.05694984e+00], Best Fitness = 27.312571292170148, Evaluations = 3712
Generation 59: Best Solution = [-2.01259185  0.01165146 -1.96328671  0.01193058 -1.98791097 -3.00998062
 -0.01296744  2.00225263  0.02096774  1.0592777 ], Best Fitness = 27.254742036488253, Evaluations = 3776
Generation 60: Best Solution = [-2.0125895   0.00923169 -1.95893215  0.00327265 -1.98056255 -3.00676146
  0.00365511  1.98933172  0.00515387  1.06103349], Best Fitness = 27.155996566239907, Evaluations = 3840
Generation 61: Best Solution = [-2.013454    0.01048133 -1.96579903  0.00385373 -1.98479871 -3.00558723
 -0.00423387  1.99974694  0.01028344  1.05392366], Best Fitness = 26.936312490056096, Evaluations = 3904
Generation 62: Best Solution = [-2.00753258e+00  2.04983742e-03 -1.96989021e+00  1.54027597e-03
 -1.99409208e+00 -3.00495462e+00 -7.71983883e-03  1.99876582e+00
  1.73052571e-02  1.05201571e+00], Best Fitness = 26.82208083736225, Evaluations = 3968
Generation 63: Best Solution = [-2.00465649  0.00809399 -1.9663586   0.00477844 -1.98968911 -3.0139808
 -0.00482032  1.99190802  0.01156603  1.04451312], Best Fitness = 26.72340189259957, Evaluations = 4032
Generation 64: Best Solution = [-2.01794131e+00  6.17914402e-03 -1.96873378e+00 -1.04280349e-03
 -1.98661862e+00 -3.00072388e+00 -7.34085381e-03  1.99093540e+00
  1.51267616e-02  1.03860461e+00], Best Fitness = 26.605558414715304, Evaluations = 4096
Generation 65: Best Solution = [-1.99526105e+00  3.94341030e-03 -1.97445790e+00  6.73371875e-03
 -1.98438983e+00 -3.00248504e+00 -1.02368214e-03  1.99915118e+00
  1.60044907e-02  1.03924838e+00], Best Fitness = 26.456863544073627, Evaluations = 4160
Generation 66: Best Solution = [-2.00767357e+00  9.35336732e-03 -1.97035111e+00  7.48270276e-04
 -1.98154339e+00 -3.00204968e+00  9.32361038e-03  1.98710109e+00
  1.19335248e-02  1.03166489e+00], Best Fitness = 26.410423902155216, Evaluations = 4224
Generation 67: Best Solution = [-2.00365672e+00  5.89025484e-03 -1.97291471e+00 -2.23317236e-03
 -1.98447654e+00 -2.99751027e+00 -1.38125980e-03  1.98619742e+00
  1.28591412e-02  1.02979560e+00], Best Fitness = 26.284908487754706, Evaluations = 4288
Generation 68: Best Solution = [-2.00165994e+00 -6.01597756e-04 -1.96675660e+00 -1.57784931e-03
 -1.99228681e+00 -2.99749970e+00 -8.84419834e-03  1.98056162e+00
  9.02389891e-03  1.02211546e+00], Best Fitness = 26.230310182564835, Evaluations = 4352
Generation 69: Best Solution = [-2.0059407   0.00498652 -1.96796472 -0.00370138 -1.98961562 -2.98789072
  0.00455544  1.98295023  0.00530803  1.02027131], Best Fitness = 26.17054290892483, Evaluations = 4416
Generation 70: Best Solution = [-2.00242231e+00 -9.94350047e-04 -1.97965873e+00 -4.59638237e-04
 -1.99397205e+00 -2.99310448e+00 -1.51509826e-03  1.98693422e+00
  5.61091419e-03  1.01963415e+00], Best Fitness = 26.06679701344362, Evaluations = 4480
Generation 71: Best Solution = [-2.00352171e+00  5.99591416e-03 -1.98311228e+00  2.95277682e-03
 -1.99281318e+00 -2.99236101e+00 -7.22963088e-03  1.99242038e+00
  5.91101112e-03  1.01555979e+00], Best Fitness = 26.03911375219063, Evaluations = 4544
Generation 72: Best Solution = [-2.00026169e+00  7.54687809e-03 -1.98143283e+00  1.38536862e-03
 -1.99405385e+00 -2.99134260e+00  9.92564195e-04  1.98689634e+00
  1.12335313e-02  1.01095533e+00], Best Fitness = 26.005501107268515, Evaluations = 4608
Generation 73: Best Solution = [-1.99751702e+00  7.34574036e-04 -1.97758945e+00 -6.36275722e-03
 -1.98306463e+00 -2.99327482e+00 -7.47820859e-03  1.99119092e+00
  5.14285396e-03  1.00450304e+00], Best Fitness = 25.97651114821008, Evaluations = 4672
Generation 74: Best Solution = [-1.99991867e+00 -5.61360571e-04 -1.98160237e+00 -6.75516615e-03
 -1.98858885e+00 -2.99282126e+00 -3.68878304e-03  1.99673423e+00
  6.74238632e-03  9.99689599e-01], Best Fitness = 25.94977137986325, Evaluations = 4736
Generation 75: Best Solution = [-1.99429848e+00  3.30157129e-03 -1.98693817e+00 -5.63515399e-04
 -1.99492658e+00 -2.98692621e+00  5.51625601e-03  1.98701058e+00
 -1.76796882e-03  1.00256649e+00], Best Fitness = 25.902303993019174, Evaluations = 4800
Generation 76: Best Solution = [-1.99115511e+00 -2.78808883e-04 -1.98254822e+00 -3.63673467e-03
 -1.99054379e+00 -2.99010175e+00 -2.17885928e-04  1.99460418e+00
  3.19316485e-03  1.00074482e+00], Best Fitness = 25.901108421998146, Evaluations = 4864
Generation 77: Best Solution = [-1.99144373e+00  5.25280177e-03 -1.99121470e+00 -1.96669481e-03
 -1.99079467e+00 -2.98370705e+00  5.97957030e-04  1.99297624e+00
  2.08113939e-03  9.98226938e-01], Best Fitness = 25.881249279169168, Evaluations = 4928
Generation 78: Best Solution = [-1.99451081e+00  3.76629362e-03 -1.98537887e+00 -2.89018048e-04
 -1.99238145e+00 -2.98682814e+00  4.59753185e-05  1.98994867e+00
  3.37723975e-03  9.95277427e-01], Best Fitness = 25.884231101522175, Evaluations = 4992
Generation 79: Best Solution = [-1.99196985e+00  3.78311791e-04 -1.99190219e+00  2.99478652e-03
 -1.99105846e+00 -2.98438746e+00  5.46586964e-04  1.99025128e+00
 -2.77661055e-04  1.00080399e+00], Best Fitness = 25.879493419516706, Evaluations = 5056
Generation 80: Best Solution = [-1.99111424e+00  2.43805572e-03 -1.98802314e+00  3.19470992e-04
 -1.99208331e+00 -2.99146752e+00  1.83832021e-03  1.98710836e+00
  7.19028575e-04  9.94174671e-01], Best Fitness = 25.88310544675778, Evaluations = 5120
Generation 81: Best Solution = [-1.98862411e+00 -7.54731134e-04 -1.98614889e+00  6.05306534e-04
 -1.99133712e+00 -2.98826474e+00 -1.24784974e-03  1.99401055e+00
 -1.68737930e-04  9.93826194e-01], Best Fitness = 25.878796674887383, Evaluations = 5184
Generation 82: Best Solution = [-1.98757776e+00  5.61336992e-04 -1.98571456e+00  3.62568045e-04
 -1.98982134e+00 -2.98817174e+00 -2.01672028e-03  1.99128645e+00
  1.10253948e-03  9.96160419e-01], Best Fitness = 25.877422108095246, Evaluations = 5248
Generation 83: Best Solution = [-1.98785421e+00 -2.53720977e-03 -1.99254104e+00 -3.60235011e-03
 -1.98799029e+00 -2.98260843e+00 -5.73597405e-04  1.98827116e+00
  2.06799812e-03  9.95059123e-01], Best Fitness = 25.87812060701839, Evaluations = 5312
Generation 84: Best Solution = [-1.99124648e+00 -2.98645991e-03 -1.99012164e+00 -9.40196071e-04
 -1.99128218e+00 -2.98951412e+00  1.17047283e-03  1.98719025e+00
 -2.49969748e-03  9.94860206e-01], Best Fitness = 25.87883204064883, Evaluations = 5376
Generation 85: Best Solution = [-1.98801013e+00 -2.54662782e-03 -1.99166645e+00 -1.26401852e-04
 -1.99174013e+00 -2.98627771e+00 -2.52766523e-03  1.98793064e+00
 -1.89550031e-03  9.97906303e-01], Best Fitness = 25.87704236894136, Evaluations = 5440
Generation 86: Best Solution = [-1.99035308e+00 -1.53006246e-03 -1.98810478e+00 -3.43749765e-03
 -1.98733793e+00 -2.98669729e+00 -9.58322109e-04  1.98786052e+00
 -1.78667216e-03  9.93666906e-01], Best Fitness = 25.87634011855984, Evaluations = 5504
Generation 87: Best Solution = [-1.98923372e+00  5.15178543e-03 -1.99236375e+00 -2.66438437e-03
 -1.99119155e+00 -2.98200620e+00 -1.67435978e-03  1.99178740e+00
  1.43022293e-03  9.94086073e-01], Best Fitness = 25.880576005554587, Evaluations = 5568
Generation 88: Best Solution = [-1.99075006e+00 -1.42013997e-03 -1.98879949e+00 -1.27612772e-03
 -1.98942620e+00 -2.98868729e+00 -1.25173177e-03  1.98916947e+00
  9.50726942e-04  9.93438211e-01], Best Fitness = 25.873998458984275, Evaluations = 5632
Generation 89: Best Solution = [-1.98824546e+00  1.73682189e-03 -1.99202038e+00  5.22531212e-04
 -1.98887821e+00 -2.98310580e+00  5.14986699e-04  1.98882733e+00
 -3.05632646e-03  9.95148131e-01], Best Fitness = 25.873929919976547, Evaluations = 5696
Generation 90: Best Solution = [-1.99270922e+00 -2.19184133e-03 -1.98943929e+00  9.08444193e-04
 -1.98976017e+00 -2.98449973e+00 -1.16787476e-03  1.98774346e+00
  5.40032645e-03  9.94261059e-01], Best Fitness = 25.878708595345614, Evaluations = 5760
Generation 91: Best Solution = [-1.98924795e+00  2.07762327e-03 -1.99284649e+00 -2.17177462e-03
 -1.98990931e+00 -2.98630268e+00  9.67754776e-04  1.99108540e+00
 -4.42265594e-03  9.97246973e-01], Best Fitness = 25.878260578509583, Evaluations = 5824
Generation 92: Best Solution = [-1.99354321e+00  2.85632002e-03 -1.99129753e+00 -1.43648787e-03
 -1.99229935e+00 -2.98296329e+00  5.95502564e-04  1.98820549e+00
 -1.19982220e-03  9.95897204e-01], Best Fitness = 25.87684739365767, Evaluations = 5888
Generation 93: Best Solution = [-1.98762478e+00  2.03621345e-03 -1.99169492e+00 -3.30956505e-03
 -1.99064717e+00 -2.98814528e+00  2.95581831e-03  1.99278125e+00
  2.38615926e-05  9.95644535e-01], Best Fitness = 25.879248089263882, Evaluations = 5952
Generation 94: Best Solution = [-1.99217172e+00 -3.13986959e-05 -1.99155445e+00 -3.47586746e-03
 -1.99217028e+00 -2.98632961e+00  2.68618731e-03  1.98617653e+00
 -3.50400995e-04  9.95099220e-01], Best Fitness = 25.87848764875646, Evaluations = 6016
Generation 95: Best Solution = [-1.99006579e+00  4.16400167e-04 -1.98864463e+00 -3.06544880e-03
 -1.99186397e+00 -2.99041744e+00  1.83594372e-03  1.99224324e+00
 -1.28353785e-03  9.95036391e-01], Best Fitness = 25.880049121761033, Evaluations = 6080
Generation 96: Best Solution = [-1.99029343e+00  2.29217950e-03 -1.98993555e+00  5.92514070e-04
 -1.98659114e+00 -2.98878901e+00 -2.80224220e-03  1.99022824e+00
 -8.39984764e-04  9.93338771e-01], Best Fitness = 25.877504317952827, Evaluations = 6144
Generation 97: Best Solution = [-1.99365874e+00 -1.32166198e-03 -1.98932595e+00 -1.22283944e-03
 -1.98937720e+00 -2.98492707e+00  6.23451987e-04  1.99049500e+00
 -1.01510439e-04  9.90033548e-01], Best Fitness = 25.87738874152936, Evaluations = 6208
Generation 98: Best Solution = [-1.98706156e+00 -4.70364197e-04 -1.99189440e+00  2.98581815e-03
 -1.99175156e+00 -2.98703197e+00  2.25507718e-03  1.99099088e+00
  1.40973644e-03  9.93537852e-01], Best Fitness = 25.876723606755135, Evaluations = 6272
Generation 99: Best Solution = [-1.98842324e+00 -7.64596208e-04 -1.98337483e+00 -1.81768223e-03
 -1.99200425e+00 -2.98568130e+00 -4.44668179e-03  1.98763016e+00
  2.27143877e-04  9.96019080e-01], Best Fitness = 25.884736775199457, Evaluations = 6336
Generation 100: Best Solution = [-1.98799070e+00  2.46163603e-03 -1.98958837e+00 -2.70638312e-03
 -1.99416117e+00 -2.98366637e+00 -2.85343154e-03  1.99280603e+00
 -1.29463212e-03  9.97492074e-01], Best Fitness = 25.88102686004578, Evaluations = 6400
Generation 101: Best Solution = [-1.98820445e+00 -8.39925313e-04 -1.99133088e+00  4.64053009e-03
 -1.99348117e+00 -2.98466284e+00 -1.12453143e-03  1.98842108e+00
 -9.77207065e-04  9.92780651e-01], Best Fitness = 25.878624207746697, Evaluations = 6464
Generation 102: Best Solution = [-1.98736791e+00 -3.54020207e-03 -1.99026696e+00 -1.28793955e-03
 -1.98997126e+00 -2.98586414e+00  4.63062130e-04  1.99566833e+00
  1.65296948e-04  9.98070057e-01], Best Fitness = 25.881740634660844, Evaluations = 6528
Generation 103: Best Solution = [-1.98989617e+00 -1.28860258e-03 -1.98675135e+00  1.89760328e-03
 -1.99116591e+00 -2.98406981e+00 -2.07684305e-03  1.98541918e+00
 -1.09533534e-03  9.97539239e-01], Best Fitness = 25.87874829753123, Evaluations = 6592
Generation 104: Best Solution = [-1.99251883e+00 -8.93173727e-04 -1.98826039e+00 -1.31634496e-03
 -1.98793489e+00 -2.98662007e+00 -1.50710315e-03  1.98864095e+00
 -2.23055060e-03  9.98772064e-01], Best Fitness = 25.877303672082817, Evaluations = 6656
Generation 105: Best Solution = [-1.98555515e+00  6.86122506e-04 -1.99454587e+00  9.03249685e-04
 -1.99089139e+00 -2.98288582e+00  3.52572108e-05  1.99440153e+00
  3.32203294e-03  9.95591475e-01], Best Fitness = 25.884367508861757, Evaluations = 6720
Generation 106: Best Solution = [-1.99048463e+00 -1.12566271e-03 -1.99115921e+00 -7.61231617e-04
 -1.99234113e+00 -2.98219412e+00 -4.67056363e-03  1.98872087e+00
 -1.82734837e-03  9.97337189e-01], Best Fitness = 25.878583843589936, Evaluations = 6784
Generation 107: Best Solution = [-1.99051362e+00  2.16148539e-04 -1.99006188e+00 -1.37701861e-03
 -1.99294760e+00 -2.98082571e+00  4.11052799e-04  1.99120580e+00
  2.95933482e-03  9.98994037e-01], Best Fitness = 25.87970833920889, Evaluations = 6848
Generation 108: Best Solution = [-1.99264487e+00 -2.55823187e-03 -1.99023135e+00  2.64123689e-03
 -1.99004486e+00 -2.98599952e+00  5.19934265e-03  1.98950654e+00
  1.13631362e-03  9.96545311e-01], Best Fitness = 25.879479180622795, Evaluations = 6912
Generation 109: Best Solution = [-1.99012614e+00  7.77596734e-04 -1.99044576e+00 -2.98420460e-03
 -1.98965581e+00 -2.98972860e+00 -1.28318892e-03  1.99188229e+00
 -5.84389916e-04  9.98259864e-01], Best Fitness = 25.878868478632626, Evaluations = 6976
Generation 110: Best Solution = [-1.99186818e+00  1.41927488e-03 -1.98754665e+00  5.86266668e-03
 -1.99097605e+00 -2.98469289e+00 -2.17588585e-03  1.98958617e+00
  1.37771945e-03  9.97386921e-01], Best Fitness = 25.880703750722276, Evaluations = 7040
Generation 111: Best Solution = [-1.99301605e+00 -2.54068025e-03 -1.99001984e+00  6.20021459e-04
 -1.98713211e+00 -2.98159576e+00 -3.11650696e-04  1.98600972e+00
 -1.90783785e-03  9.95144036e-01], Best Fitness = 25.879541407717397, Evaluations = 7104
Generation 112: Best Solution = [-1.99279855e+00  1.42808913e-03 -1.98908340e+00 -4.82530373e-03
 -1.99047950e+00 -2.98155102e+00 -3.08768975e-03  1.98822750e+00
 -1.45528732e-03  9.94273640e-01], Best Fitness = 25.88088015318428, Evaluations = 7168
Generation 113: Best Solution = [-1.99090073e+00 -2.72717920e-03 -1.99033905e+00  2.46451604e-03
 -1.99103896e+00 -2.98243568e+00  2.40990849e-03  1.98990169e+00
 -6.24964066e-05  9.96220953e-01], Best Fitness = 25.87467153753927, Evaluations = 7232
Generation 114: Best Solution = [-1.98836990e+00  3.20971962e-03 -1.99118307e+00 -3.42863704e-03
 -1.98618431e+00 -2.98569388e+00 -3.94379639e-04  1.99106428e+00
  6.83027248e-04  9.95647970e-01], Best Fitness = 25.87742108956907, Evaluations = 7296
Generation 115: Best Solution = [-1.98755269e+00 -2.72442242e-04 -1.98965782e+00 -5.49496154e-03
 -1.98767903e+00 -2.98341766e+00 -9.45071727e-04  1.99172013e+00
  1.92821565e-03  9.94514675e-01], Best Fitness = 25.879000968662965, Evaluations = 7360
Generation 116: Best Solution = [-1.99139396e+00  4.27384324e-04 -1.98860077e+00 -4.06284185e-04
 -1.98347912e+00 -2.98054104e+00 -6.86698418e-04  1.99123892e+00
  9.82632238e-04  9.94413489e-01], Best Fitness = 25.882281187320373, Evaluations = 7424
Generation 117: Best Solution = [-1.98878151e+00 -1.82488881e-03 -1.98599376e+00  3.59671554e-04
 -1.99232750e+00 -2.98031558e+00 -2.97284473e-03  1.99224127e+00
  2.60978695e-03  9.91643631e-01], Best Fitness = 25.884442657251554, Evaluations = 7488
Generation 118: Best Solution = [-1.99107069e+00 -4.77077597e-03 -1.98707157e+00  7.69806146e-04
 -1.98524453e+00 -2.98618186e+00 -3.63684750e-03  1.98993301e+00
  9.86472094e-04  9.91625750e-01], Best Fitness = 25.885058045641046, Evaluations = 7552
Generation 119: Best Solution = [-1.98810530e+00  5.27407439e-04 -1.98701796e+00 -1.14737546e-03
 -1.98722066e+00 -2.98676248e+00 -5.22626575e-06  1.99001803e+00
 -1.08657827e-03  9.89639481e-01], Best Fitness = 25.87950213738199, Evaluations = 7616
Generation 120: Best Solution = [-1.98757382e+00  1.99406202e-03 -1.98981130e+00  2.76752541e-03
 -1.99446447e+00 -2.98440171e+00  4.74276438e-04  1.98811316e+00
 -4.45759909e-03  9.92786374e-01], Best Fitness = 25.881986357466786, Evaluations = 7680
Generation 121: Best Solution = [-1.98870091e+00  1.24563698e-03 -1.98603686e+00 -1.49942639e-03
 -1.99307562e+00 -2.98522697e+00 -9.90766884e-04  1.98718669e+00
  2.14582355e-04  9.94990423e-01], Best Fitness = 25.876585010534257, Evaluations = 7744
Generation 122: Best Solution = [-1.99045411e+00 -1.88593691e-03 -1.99036206e+00 -3.08943681e-04
 -1.98976917e+00 -2.98734823e+00 -1.98600027e-03  1.99017793e+00
 -1.67941566e-03  9.96589904e-01], Best Fitness = 25.872823194199043, Evaluations = 7808
Generation 123: Best Solution = [-1.99380897e+00 -3.14730672e-03 -1.98605338e+00  7.49824600e-05
 -1.98797808e+00 -2.98335677e+00  6.45742604e-04  1.99189538e+00
  3.81704671e-03  9.93973053e-01], Best Fitness = 25.88193454179276, Evaluations = 7872
Generation 124: Best Solution = [-1.98926523e+00 -1.60810788e-03 -1.98756058e+00  2.60852912e-03
 -1.99265669e+00 -2.98626134e+00  1.07427853e-03  1.98819895e+00
  2.48370334e-03  9.98757214e-01], Best Fitness = 25.878703261434865, Evaluations = 7936
Generation 125: Best Solution = [-1.98855751e+00  3.50658892e-03 -1.99089524e+00  7.85085720e-05
 -1.98857170e+00 -2.98849183e+00 -4.36066129e-03  1.99180862e+00
 -2.39249027e-03  9.96664410e-01], Best Fitness = 25.881046126463644, Evaluations = 8000
Generation 126: Best Solution = [-1.99193214e+00  2.24721950e-03 -1.99068476e+00  2.62772971e-03
 -1.99029504e+00 -2.98431208e+00  1.18193126e-03  1.98925975e+00
  4.80990204e-03  9.99212816e-01], Best Fitness = 25.880810795339954, Evaluations = 8064
Generation 127: Best Solution = [-1.99303411e+00 -2.73457471e-03 -1.98896425e+00  2.08925351e-03
 -1.99465255e+00 -2.98405137e+00  1.77740765e-04  1.98790461e+00
  6.09774932e-04  9.95672619e-01], Best Fitness = 25.87890110499248, Evaluations = 8128
Generation 128: Best Solution = [-1.98693809e+00 -4.94698216e-03 -1.98935807e+00  2.32609814e-04
 -1.98761385e+00 -2.98715791e+00  1.43068161e-03  1.99050652e+00
 -1.52487527e-03  9.92772524e-01], Best Fitness = 25.87953967816098, Evaluations = 8192
Generation 129: Best Solution = [-1.98892598e+00  2.63811608e-03 -1.98796089e+00  4.16091624e-03
 -1.98984472e+00 -2.98470525e+00  1.48860556e-03  1.98825792e+00
 -3.18490930e-03  9.95900976e-01], Best Fitness = 25.877821846808203, Evaluations = 8256
Generation 130: Best Solution = [-1.98922411e+00 -1.87760315e-03 -1.99238205e+00 -1.97729584e-04
 -1.98721801e+00 -2.98548351e+00 -7.57259751e-04  1.98940449e+00
  3.25060428e-04  9.91256151e-01], Best Fitness = 25.875311892818175, Evaluations = 8320
Generation 131: Best Solution = [-1.99452527e+00  5.47349500e-04 -1.99443833e+00 -3.52039278e-04
 -1.99076908e+00 -2.98161802e+00 -4.09737931e-04  1.98962480e+00
  1.53070600e-03  9.94691439e-01], Best Fitness = 25.87998588455835, Evaluations = 8384
Generation 132: Best Solution = [-1.99148291e+00 -1.85001030e-03 -1.98998298e+00 -1.65356556e-03
 -1.99301346e+00 -2.98529593e+00 -6.80317777e-04  1.99049469e+00
 -1.62894520e-04  9.94603465e-01], Best Fitness = 25.872728582475133, Evaluations = 8448
Generation 133: Best Solution = [-1.98980370e+00 -1.29974751e-03 -1.99372436e+00  2.08211091e-03
 -1.99102119e+00 -2.98354366e+00 -2.90048304e-03  1.99347788e+00
 -1.13670414e-03  9.98884315e-01], Best Fitness = 25.88104487862782, Evaluations = 8512
Generation 134: Best Solution = [-1.98553422e+00  3.67640926e-03 -1.99104450e+00 -9.66617026e-04
 -1.98943306e+00 -2.98511106e+00 -4.09536261e-03  1.99222274e+00
 -2.67187600e-03  9.94050851e-01], Best Fitness = 25.881820745481548, Evaluations = 8576
Generation 135: Best Solution = [-1.99226173e+00  8.17071085e-04 -1.98973386e+00 -1.34099953e-03
 -1.98861198e+00 -2.98824364e+00 -1.29907306e-03  1.98812756e+00
  1.93626009e-03  9.92265816e-01], Best Fitness = 25.876223554934185, Evaluations = 8640
Generation 136: Best Solution = [-1.99214662e+00 -5.47153156e-04 -1.99019276e+00 -3.18617413e-03
 -1.98797149e+00 -2.98847521e+00 -3.89426107e-03  1.98682603e+00
  2.46833088e-03  9.96832393e-01], Best Fitness = 25.88209597050995, Evaluations = 8704
Generation 137: Best Solution = [-1.99340631e+00  2.09494593e-03 -1.98857395e+00 -1.56959353e-03
 -1.99204593e+00 -2.98022213e+00 -1.85439884e-03  1.98861555e+00
 -9.93779816e-05  9.97064760e-01], Best Fitness = 25.880051781122233, Evaluations = 8768
Generation 138: Best Solution = [-1.98664489e+00 -3.59855614e-04 -1.98796299e+00 -2.36075455e-03
 -1.99252414e+00 -2.98483604e+00 -2.22206502e-03  1.99160808e+00
  1.08749706e-03  9.94406875e-01], Best Fitness = 25.876076559672484, Evaluations = 8832
Generation 139: Best Solution = [-1.98960765e+00 -2.25353990e-03 -1.98915343e+00  4.55947256e-04
 -1.98916110e+00 -2.98732366e+00  7.13937577e-04  1.98821601e+00
  1.23000904e-03  9.89954793e-01], Best Fitness = 25.877315075451776, Evaluations = 8896
Generation 140: Best Solution = [-1.98680247e+00  3.13255398e-03 -1.99023878e+00  2.86243435e-03
 -1.99020182e+00 -2.98771112e+00 -5.83646208e-04  1.99037742e+00
 -2.41874265e-03  9.95476202e-01], Best Fitness = 25.877344243761783, Evaluations = 8960
Generation 141: Best Solution = [-1.98395720e+00  3.66139394e-03 -1.98915682e+00  9.04497937e-04
 -1.98950043e+00 -2.98624147e+00  2.74623038e-03  1.99053343e+00
  2.69974735e-03  9.94744767e-01], Best Fitness = 25.882275477035364, Evaluations = 9024
Generation 142: Best Solution = [-1.98929260e+00 -8.08521906e-04 -1.98835581e+00 -3.08121094e-03
 -1.99432814e+00 -2.98379853e+00 -2.56609305e-03  1.98802771e+00
 -4.09857489e-03  9.96236877e-01], Best Fitness = 25.88120322436572, Evaluations = 9088
Generation 143: Best Solution = [-1.99341501e+00  1.81416652e-03 -1.98617961e+00 -3.41844960e-03
 -1.98948319e+00 -2.98416362e+00 -4.00939092e-03  1.99135839e+00
 -2.02156491e-03  9.96830295e-01], Best Fitness = 25.882283385902426, Evaluations = 9152
Generation 144: Best Solution = [-1.99013129e+00  8.73603966e-04 -1.99209150e+00  1.32864269e-03
 -1.98976583e+00 -2.98352028e+00 -3.08724366e-04  1.99350436e+00
  1.94240561e-04  9.95794685e-01], Best Fitness = 25.873414050953713, Evaluations = 9216
Generation 145: Best Solution = [-1.98993289e+00  9.42090854e-04 -1.98747483e+00 -1.14595840e-03
 -1.99292932e+00 -2.98145880e+00  1.61208491e-03  1.99062377e+00
 -2.96657926e-03  9.95796807e-01], Best Fitness = 25.877078976652072, Evaluations = 9280
Generation 146: Best Solution = [-1.99198043e+00  3.44041031e-03 -1.98663169e+00  1.33129452e-03
 -1.99242272e+00 -2.98396658e+00 -2.60955584e-05  1.98738858e+00
  6.40137468e-04  9.92853682e-01], Best Fitness = 25.878186607932946, Evaluations = 9344
Generation 147: Best Solution = [-1.98990686e+00  7.12328137e-04 -1.99037026e+00 -1.91709682e-03
 -1.99009958e+00 -2.98850709e+00 -5.33969911e-03  1.98871518e+00
 -1.44316294e-03  9.96532213e-01], Best Fitness = 25.87924235025646, Evaluations = 9408
Generation 148: Best Solution = [-1.99000869e+00  5.35426447e-04 -1.98588447e+00 -9.74643967e-04
 -1.99032102e+00 -2.98343231e+00 -3.77838884e-03  1.99207007e+00
  1.66906315e-03  9.94594636e-01], Best Fitness = 25.877108796536476, Evaluations = 9472
Generation 149: Best Solution = [-1.99184718e+00 -2.91427766e-03 -1.98817958e+00 -3.70566323e-03
 -1.98792185e+00 -2.98421302e+00 -2.68769988e-03  1.98917477e+00
 -1.83115645e-03  9.95078217e-01], Best Fitness = 25.877704449915882, Evaluations = 9536
Generation 150: Best Solution = [-1.99268617e+00 -2.54892869e-03 -1.99136562e+00 -2.06209368e-03
 -1.99169875e+00 -2.98529540e+00 -2.76463507e-03  1.98761232e+00
 -1.21982029e-03  9.93649411e-01], Best Fitness = 25.87682856011152, Evaluations = 9600
Generation 151: Best Solution = [-1.98804341e+00 -1.59090654e-03 -1.98789465e+00 -3.50340385e-03
 -1.98493074e+00 -2.98362099e+00 -1.07333203e-03  1.98792114e+00
  4.31995429e-03  9.97639815e-01], Best Fitness = 25.884671023709345, Evaluations = 9664
Generation 152: Best Solution = [-1.99378695e+00 -4.28116808e-04 -1.98713284e+00  1.12939713e-03
 -1.98913893e+00 -2.98550518e+00  1.71217099e-03  1.98847833e+00
  4.73050884e-03  9.95148616e-01], Best Fitness = 25.879314079225793, Evaluations = 9728
Generation 153: Best Solution = [-1.99001664e+00 -3.93408936e-04 -1.99063641e+00  9.52014838e-04
 -1.99556312e+00 -2.98688496e+00 -2.97558074e-03  1.98797717e+00
 -8.65935191e-04  9.97016992e-01], Best Fitness = 25.87982846618553, Evaluations = 9792
Generation 154: Best Solution = [-1.98888423e+00 -3.39615170e-03 -1.98525964e+00  2.05060740e-03
 -1.99105174e+00 -2.98568769e+00 -2.29032469e-03  1.98837944e+00
 -1.80983880e-04  9.94597589e-01], Best Fitness = 25.878431591981354, Evaluations = 9856
Generation 155: Best Solution = [-1.99014134e+00 -2.48130760e-03 -1.99006581e+00 -2.48821150e-03
 -1.98874416e+00 -2.98543186e+00  1.92572003e-03  1.98972988e+00
 -2.72913657e-03  9.94182208e-01], Best Fitness = 25.87402495970477, Evaluations = 9920
Generation 156: Best Solution = [-1.98861722e+00  4.76351379e-04 -1.99302794e+00 -2.65693351e-03
 -1.98864139e+00 -2.98102102e+00 -1.72982219e-03  1.99301868e+00
  1.66523001e-03  9.94846971e-01], Best Fitness = 25.878864517169333, Evaluations = 9984
Generation 157: Best Solution = [-1.98886974e+00 -9.97674089e-05 -1.99293952e+00 -2.28937380e-03
 -1.99312268e+00 -2.98723082e+00 -2.64447438e-03  1.98797906e+00
  2.99775129e-03  9.94510009e-01], Best Fitness = 25.879063180478695, Evaluations = 10048
