Algorithm: Differential Evolution
Objective Function: Ackley
Dimension: 10
Population Size: 32
Max Evaluations: 10000

Generation 0: Best Solution = [ 11.96845676  -9.27827121  18.2934532   13.8530616   10.21741893
  -2.61555053   0.99149532  14.31264162   3.78315473 -23.3231625 ], Best Fitness = 20.061537261534298, Evaluations = 32
Generation 1: Best Solution = [ 11.96845676  -9.27827121  18.2934532   13.8530616   10.21741893
  -2.61555053   0.99149532  14.31264162   3.78315473 -23.3231625 ], Best Fitness = 20.061537261534298, Evaluations = 64
Generation 2: Best Solution = [ 11.96845676  -9.27827121  18.2934532   13.8530616   10.21741893
  -2.61555053   0.99149532  14.31264162   3.78315473 -23.3231625 ], Best Fitness = 20.061537261534298, Evaluations = 96
Generation 3: Best Solution = [ 11.96845676  -9.27827121  18.2934532   13.8530616   10.21741893
  -2.61555053   0.99149532  14.31264162   3.78315473 -23.3231625 ], Best Fitness = 20.061537261534298, Evaluations = 128
Generation 4: Best Solution = [ 11.96845676  -9.27827121  18.2934532   13.8530616   10.21741893
  -2.61555053   0.99149532  14.31264162   3.78315473 -23.3231625 ], Best Fitness = 20.061537261534298, Evaluations = 160
Generation 5: Best Solution = [ 11.96845676  -9.27827121  18.2934532   13.8530616   10.21741893
  -2.61555053   0.99149532  14.31264162   3.78315473 -23.3231625 ], Best Fitness = 20.061537261534298, Evaluations = 192
Generation 6: Best Solution = [23.96438819  2.74417512 16.21630951 -9.82204631  0.71892849 15.27916801
  3.95611637  4.65020561  7.30351009  2.32456126], Best Fitness = 19.53711059334149, Evaluations = 224
Generation 7: Best Solution = [23.96438819  2.74417512 16.21630951 -9.82204631  0.71892849 15.27916801
  3.95611637  4.65020561  7.30351009  2.32456126], Best Fitness = 19.53711059334149, Evaluations = 256
Generation 8: Best Solution = [ -4.00443427   2.35195949  17.38285286 -12.17311126  18.16322372
  -6.46279035   6.18812277  -8.47607762  -7.10629633   0.98862229], Best Fitness = 18.937523340225606, Evaluations = 288
Generation 9: Best Solution = [ -4.00443427   2.35195949  17.38285286 -12.17311126  18.16322372
  -6.46279035   6.18812277  -8.47607762  -7.10629633   0.98862229], Best Fitness = 18.937523340225606, Evaluations = 320
Generation 10: Best Solution = [ -4.00443427   2.35195949  17.38285286 -12.17311126  18.16322372
  -6.46279035   6.18812277  -8.47607762  -7.10629633   0.98862229], Best Fitness = 18.937523340225606, Evaluations = 352
Generation 11: Best Solution = [ -4.00443427   2.35195949  17.38285286 -12.17311126  18.16322372
  -6.46279035   6.18812277  -8.47607762  -7.10629633   0.98862229], Best Fitness = 18.937523340225606, Evaluations = 384
Generation 12: Best Solution = [ -4.00443427   2.35195949  17.38285286 -12.17311126  18.16322372
  -6.46279035   6.18812277  -8.47607762  -7.10629633   0.98862229], Best Fitness = 18.937523340225606, Evaluations = 416
Generation 13: Best Solution = [ -4.00443427   2.35195949  17.38285286 -12.17311126  18.16322372
  -6.46279035   6.18812277  -8.47607762  -7.10629633   0.98862229], Best Fitness = 18.937523340225606, Evaluations = 448
Generation 14: Best Solution = [ -4.00443427   2.35195949  17.38285286 -12.17311126  18.16322372
  -6.46279035   6.18812277  -8.47607762  -7.10629633   0.98862229], Best Fitness = 18.937523340225606, Evaluations = 480
Generation 15: Best Solution = [-1.48888366  8.89371786  2.91591895  2.60788283  3.63823226  2.22627539
 21.23087244 -8.92809668 16.95013666 -8.0426102 ], Best Fitness = 18.744268327981178, Evaluations = 512
Generation 16: Best Solution = [ 10.75080853   9.13260575   4.86419466 -10.1780983    4.2435003
  -1.82129641 -10.98090789   2.90262059  -8.48442099   8.16722374], Best Fitness = 17.12481010363303, Evaluations = 544
Generation 17: Best Solution = [ 10.75080853   9.13260575   4.86419466 -10.1780983    4.2435003
  -1.82129641 -10.98090789   2.90262059  -8.48442099   8.16722374], Best Fitness = 17.12481010363303, Evaluations = 576
Generation 18: Best Solution = [ 10.75080853   9.13260575   4.86419466 -10.1780983    4.2435003
  -1.82129641 -10.98090789   2.90262059  -8.48442099   8.16722374], Best Fitness = 17.12481010363303, Evaluations = 608
Generation 19: Best Solution = [ 10.75080853   9.13260575   4.86419466 -10.1780983    4.2435003
  -1.82129641 -10.98090789   2.90262059  -8.48442099   8.16722374], Best Fitness = 17.12481010363303, Evaluations = 640
Generation 20: Best Solution = [ 10.75080853   9.13260575   4.86419466 -10.1780983    4.2435003
  -1.82129641 -10.98090789   2.90262059  -8.48442099   8.16722374], Best Fitness = 17.12481010363303, Evaluations = 672
Generation 21: Best Solution = [ 3.8930392  -4.07818646  5.22683869 16.7200631  11.47380781 -3.50922305
 -0.85302086  6.68801726 -0.78152254  2.23471744], Best Fitness = 17.063126675199957, Evaluations = 704
Generation 22: Best Solution = [ 3.8930392  -4.07818646  5.22683869 16.7200631  11.47380781 -3.50922305
 -0.85302086  6.68801726 -0.78152254  2.23471744], Best Fitness = 17.063126675199957, Evaluations = 736
Generation 23: Best Solution = [ 3.8930392  -4.07818646  5.22683869 16.7200631  11.47380781 -3.50922305
 -0.85302086  6.68801726 -0.78152254  2.23471744], Best Fitness = 17.063126675199957, Evaluations = 768
Generation 24: Best Solution = [10.58816828  7.26510896 -1.7033829   1.27066321 -8.66824189 12.48925409
 -4.81861893  1.12324286 -3.96692835 -0.12729804], Best Fitness = 16.421502047878473, Evaluations = 800
Generation 25: Best Solution = [ -9.83599739   9.13260575   4.86419466 -10.1780983    4.21504284
  -1.82129641   0.5800791    2.90262059  -8.48442099  -0.08952978], Best Fitness = 15.841167771580732, Evaluations = 832
Generation 26: Best Solution = [ -9.83599739   9.13260575   4.86419466 -10.1780983    4.21504284
  -1.82129641   0.5800791    2.90262059  -8.48442099  -0.08952978], Best Fitness = 15.841167771580732, Evaluations = 864
Generation 27: Best Solution = [ -9.83599739   9.13260575   4.86419466 -10.1780983    4.21504284
  -1.82129641   0.5800791    2.90262059  -8.48442099  -0.08952978], Best Fitness = 15.841167771580732, Evaluations = 896
Generation 28: Best Solution = [ 3.90820017  5.49165005 -0.38421808 -3.93127796 -6.15751014  3.69568586
 -0.17618861 -2.5901395   9.74802807  2.80264758], Best Fitness = 13.914514624358832, Evaluations = 928
Generation 29: Best Solution = [ 3.90820017  5.49165005 -0.38421808 -3.93127796 -6.15751014  3.69568586
 -0.17618861 -2.5901395   9.74802807  2.80264758], Best Fitness = 13.914514624358832, Evaluations = 960
Generation 30: Best Solution = [ 3.90820017  5.49165005 -0.38421808 -3.93127796 -6.15751014  3.69568586
 -0.17618861 -2.5901395   9.74802807  2.80264758], Best Fitness = 13.914514624358832, Evaluations = 992
Generation 31: Best Solution = [ 3.90820017  5.49165005 -0.38421808 -3.93127796 -6.15751014  3.69568586
 -0.17618861 -2.5901395   9.74802807  2.80264758], Best Fitness = 13.914514624358832, Evaluations = 1024
Generation 32: Best Solution = [ 3.90820017  5.49165005 -0.38421808 -3.93127796 -6.15751014  3.69568586
 -0.17618861 -2.5901395   9.74802807  2.80264758], Best Fitness = 13.914514624358832, Evaluations = 1056
Generation 33: Best Solution = [ 3.90820017  5.49165005 -0.38421808 -3.93127796 -6.15751014  3.69568586
 -0.17618861 -2.5901395   9.74802807  2.80264758], Best Fitness = 13.914514624358832, Evaluations = 1088
Generation 34: Best Solution = [ 3.90820017  5.49165005 -0.38421808 -3.93127796 -6.15751014  3.69568586
 -0.17618861 -2.5901395   9.74802807  2.80264758], Best Fitness = 13.914514624358832, Evaluations = 1120
Generation 35: Best Solution = [ 3.90820017  5.49165005 -0.38421808 -3.93127796 -6.15751014  3.69568586
 -0.17618861 -2.5901395   9.74802807  2.80264758], Best Fitness = 13.914514624358832, Evaluations = 1152
Generation 36: Best Solution = [-5.89741631  6.1320198   4.48945261 -6.79823068 -1.96720079 -6.14492314
  3.57411219  2.00049313 -2.75709521 -0.00725752], Best Fitness = 13.205981339816232, Evaluations = 1184
Generation 37: Best Solution = [-5.89741631  6.1320198   4.48945261 -6.79823068 -1.96720079 -6.14492314
  3.57411219  2.00049313 -2.75709521 -0.00725752], Best Fitness = 13.205981339816232, Evaluations = 1216
Generation 38: Best Solution = [-5.89741631  6.1320198   4.48945261 -6.79823068 -1.96720079 -6.14492314
  3.57411219  2.00049313 -2.75709521 -0.00725752], Best Fitness = 13.205981339816232, Evaluations = 1248
Generation 39: Best Solution = [-5.89741631  6.1320198   4.48945261 -6.79823068 -1.96720079 -6.14492314
  3.57411219  2.00049313 -2.75709521 -0.00725752], Best Fitness = 13.205981339816232, Evaluations = 1280
Generation 40: Best Solution = [-5.89741631  6.1320198   4.48945261 -6.79823068 -1.96720079 -6.14492314
  3.57411219  2.00049313 -2.75709521 -0.00725752], Best Fitness = 13.205981339816232, Evaluations = 1312
Generation 41: Best Solution = [-5.89741631  6.1320198   4.48945261 -6.79823068 -1.96720079 -6.14492314
  3.57411219  2.00049313 -2.75709521 -0.00725752], Best Fitness = 12.69155204863117, Evaluations = 1344
Generation 42: Best Solution = [-5.89741631  6.1320198   4.48945261 -6.79823068 -1.96720079 -6.14492314
  3.57411219  2.00049313 -2.75709521 -0.00725752], Best Fitness = 12.69155204863117, Evaluations = 1376
Generation 43: Best Solution = [-4.00443427 -6.30423332 -2.20623757 -3.26319454 -1.79903065 -4.00603418
  7.26822548  3.90793663 -1.01593858 -1.08063363], Best Fitness = 12.143533124155846, Evaluations = 1408
Generation 44: Best Solution = [-1.17261367  1.99309934 -3.23225804 -3.54568935  3.39124041  4.47621179
  1.65934062 -2.02203269 -3.22351978 -4.78227494], Best Fitness = 11.125043027758707, Evaluations = 1440
Generation 45: Best Solution = [-1.17261367  1.99309934 -3.23225804 -3.54568935  3.39124041  4.47621179
  1.65934062 -2.02203269 -3.22351978 -4.78227494], Best Fitness = 11.125043027758707, Evaluations = 1472
Generation 46: Best Solution = [-1.6320686  -1.33361827  5.04793408  0.19381833 -2.26560648 -5.99867847
 -0.39600434 -4.49851611 -0.96529927 -0.2597595 ], Best Fitness = 10.816650080686413, Evaluations = 1504
Generation 47: Best Solution = [-1.6320686  -1.33361827  5.04793408  0.19381833 -2.26560648 -5.99867847
 -0.39600434 -4.49851611 -0.96529927 -0.2597595 ], Best Fitness = 10.816650080686413, Evaluations = 1536
Generation 48: Best Solution = [-1.6320686  -1.33361827  5.04793408  0.19381833 -2.26560648 -5.99867847
 -0.39600434 -4.49851611 -0.96529927 -0.2597595 ], Best Fitness = 10.816650080686413, Evaluations = 1568
Generation 49: Best Solution = [-2.20564401 -0.77772388 -4.19059788  2.8149051  -0.8410968  -0.0500647
  3.26555973 -4.05761325  5.79400285  0.84527847], Best Fitness = 10.304105489572489, Evaluations = 1600
Generation 50: Best Solution = [ 3.07486913  0.7667919   1.62047176 -2.17208901 -0.82874164 -0.26655536
 -7.0288117  -0.78922354  3.35118449 -0.31735008], Best Fitness = 10.196128976560095, Evaluations = 1632
Generation 51: Best Solution = [ 3.07486913  0.7667919   1.62047176 -2.17208901 -0.82874164 -0.26655536
 -7.0288117  -0.78922354  3.35118449 -0.31735008], Best Fitness = 10.196128976560095, Evaluations = 1664
Generation 52: Best Solution = [-2.47740494  3.20160964  1.97942285 -3.47564894  2.91137216  2.13464109
 -2.89882936 -0.93352763  4.25208547  3.18245322], Best Fitness = 10.131720756179355, Evaluations = 1696
Generation 53: Best Solution = [ 2.94252224 -0.11313877 -4.00676839  2.84175286  1.35906989 -5.18016765
 -0.27726072 -0.97846876 -1.08542486  0.07051951], Best Fitness = 8.89257796921271, Evaluations = 1728
Generation 54: Best Solution = [-2.65029072 -0.25467699  2.59298631 -0.16830455 -1.01200834 -1.81459292
 -1.61475271  1.92193806 -1.74632861 -2.67978294], Best Fitness = 7.926675200822846, Evaluations = 1760
Generation 55: Best Solution = [-2.65029072 -0.25467699  2.59298631 -0.16830455 -1.01200834 -1.81459292
 -1.61475271  1.92193806 -1.74632861 -2.67978294], Best Fitness = 7.926675200822846, Evaluations = 1792
Generation 56: Best Solution = [-2.65029072 -0.25467699  2.59298631 -0.16830455 -1.01200834 -1.81459292
 -1.61475271  1.92193806 -1.74632861 -2.67978294], Best Fitness = 7.926675200822846, Evaluations = 1824
Generation 57: Best Solution = [-2.65029072 -0.25467699  2.59298631 -0.16830455 -1.01200834 -1.81459292
 -1.61475271  1.92193806 -1.74632861 -2.67978294], Best Fitness = 7.926675200822846, Evaluations = 1856
Generation 58: Best Solution = [-2.65029072 -0.25467699  2.59298631 -0.16830455 -1.01200834 -1.81459292
 -1.61475271  1.92193806 -1.74632861 -2.67978294], Best Fitness = 7.926675200822846, Evaluations = 1888
Generation 59: Best Solution = [-2.65029072 -0.25467699  2.59298631 -0.16830455 -1.01200834 -1.81459292
 -1.61475271  1.92193806 -1.74632861 -2.67978294], Best Fitness = 7.926675200822846, Evaluations = 1920
Generation 60: Best Solution = [-2.65029072 -0.25467699  2.59298631 -0.16830455 -1.01200834 -1.81459292
 -1.61475271  1.92193806 -1.74632861 -2.67978294], Best Fitness = 7.926675200822846, Evaluations = 1952
Generation 61: Best Solution = [-2.65029072 -0.25467699  2.59298631 -0.16830455 -1.01200834 -1.81459292
 -1.61475271  1.92193806 -1.74632861 -2.67978294], Best Fitness = 7.926675200822846, Evaluations = 1984
Generation 62: Best Solution = [-0.65591187 -1.79425934  3.10961624  2.65306903 -2.26560648 -0.20030904
 -0.39600434  0.7602976  -0.96529927 -0.2597595 ], Best Fitness = 7.3116153249727045, Evaluations = 2016
Generation 63: Best Solution = [-0.65591187 -1.79425934  3.10961624  2.65306903 -2.26560648 -0.20030904
 -0.39600434  0.7602976  -0.96529927 -0.2597595 ], Best Fitness = 7.3116153249727045, Evaluations = 2048
Generation 64: Best Solution = [-0.65591187 -1.79425934  3.10961624  2.65306903 -2.26560648 -0.20030904
 -0.39600434  0.7602976  -0.96529927 -0.2597595 ], Best Fitness = 6.45917447763312, Evaluations = 2080
Generation 65: Best Solution = [-0.65591187 -1.79425934  3.10961624  2.65306903 -2.26560648 -0.20030904
 -0.39600434  0.7602976  -0.96529927 -0.2597595 ], Best Fitness = 6.45917447763312, Evaluations = 2112
Generation 66: Best Solution = [-0.65591187 -1.79425934  3.10961624  2.65306903 -2.26560648 -0.20030904
 -0.39600434  0.7602976  -0.96529927 -0.2597595 ], Best Fitness = 6.45917447763312, Evaluations = 2144
Generation 67: Best Solution = [-0.65591187 -1.79425934  3.10961624  2.65306903 -2.26560648 -0.20030904
 -0.39600434  0.7602976  -0.96529927 -0.2597595 ], Best Fitness = 6.45917447763312, Evaluations = 2176
Generation 68: Best Solution = [-0.65591187 -1.79425934  3.10961624  2.65306903 -2.26560648 -0.20030904
 -0.39600434  0.7602976  -0.96529927 -0.2597595 ], Best Fitness = 6.45917447763312, Evaluations = 2208
Generation 69: Best Solution = [-1.06171426  1.163146   -0.14565703  0.07707911 -2.23628123  1.83436163
 -0.13237107  2.84854783 -2.00272036  1.21726672], Best Fitness = 6.273628204201874, Evaluations = 2240
Generation 70: Best Solution = [-1.06171426  1.163146   -0.14565703  0.07707911 -2.23628123  1.83436163
 -0.13237107  2.84854783 -2.00272036  1.21726672], Best Fitness = 6.273628204201874, Evaluations = 2272
Generation 71: Best Solution = [-1.06171426  1.163146   -0.14565703  0.07707911 -2.23628123  1.83436163
 -0.13237107  2.84854783 -2.00272036  1.21726672], Best Fitness = 6.273628204201874, Evaluations = 2304
Generation 72: Best Solution = [ 0.03453735  3.02604708 -1.44389867 -0.65764625 -0.82874164 -0.85401957
  0.13659292 -0.78922354  0.41238025  0.05633441], Best Fitness = 5.630788137287947, Evaluations = 2336
Generation 73: Best Solution = [ 0.03453735  3.02604708 -1.44389867 -0.65764625 -0.82874164 -0.85401957
  0.13659292 -0.78922354  0.41238025  0.05633441], Best Fitness = 5.630788137287947, Evaluations = 2368
Generation 74: Best Solution = [ 0.03453735  3.02604708 -1.44389867 -0.65764625 -0.82874164 -0.85401957
  0.13659292 -0.78922354  0.41238025  0.05633441], Best Fitness = 5.630788137287947, Evaluations = 2400
Generation 75: Best Solution = [ 0.03453735  3.02604708 -1.44389867 -0.65764625 -0.82874164 -0.85401957
  0.13659292 -0.78922354  0.41238025  0.05633441], Best Fitness = 5.630788137287947, Evaluations = 2432
Generation 76: Best Solution = [ 1.81649048  0.37610784  0.44506795 -0.57246822  0.65024632  0.29797335
  0.4094254   0.28823115  0.9519146  -0.2122896 ], Best Fitness = 4.770016607382434, Evaluations = 2464
Generation 77: Best Solution = [ 1.81649048  0.37610784  0.44506795 -0.57246822  0.65024632  0.29797335
  0.4094254   0.28823115  0.9519146  -0.2122896 ], Best Fitness = 4.770016607382434, Evaluations = 2496
Generation 78: Best Solution = [ 1.81649048  0.37610784  0.44506795 -0.57246822  0.65024632  0.29797335
  0.4094254   0.28823115  0.9519146  -0.2122896 ], Best Fitness = 4.770016607382434, Evaluations = 2528
Generation 79: Best Solution = [ 1.81649048  0.37610784  0.44506795 -0.57246822  0.65024632  0.29797335
  0.4094254   0.28823115  0.9519146  -0.2122896 ], Best Fitness = 4.770016607382434, Evaluations = 2560
Generation 80: Best Solution = [ 1.81649048  0.37610784  0.44506795 -0.57246822  0.65024632  0.29797335
  0.4094254   0.28823115  0.9519146  -0.2122896 ], Best Fitness = 4.770016607382434, Evaluations = 2592
Generation 81: Best Solution = [ 1.81649048  0.37610784  0.44506795 -0.57246822  0.65024632  0.29797335
  0.4094254   0.28823115  0.9519146  -0.2122896 ], Best Fitness = 4.770016607382434, Evaluations = 2624
Generation 82: Best Solution = [ 1.81649048  0.37610784  0.44506795 -0.57246822  0.65024632  0.29797335
  0.4094254   0.28823115  0.9519146  -0.2122896 ], Best Fitness = 4.770016607382434, Evaluations = 2656
Generation 83: Best Solution = [ 1.81649048  0.37610784  0.44506795 -0.57246822  0.65024632  0.29797335
  0.4094254   0.28823115  0.9519146  -0.2122896 ], Best Fitness = 4.770016607382434, Evaluations = 2688
Generation 84: Best Solution = [ 1.81649048  0.37610784  0.44506795 -0.57246822  0.65024632  0.29797335
  0.4094254   0.28823115  0.9519146  -0.2122896 ], Best Fitness = 4.770016607382434, Evaluations = 2720
Generation 85: Best Solution = [ 1.30299931 -0.14552342 -1.04150494 -0.13366647  0.3935803   1.85481048
 -0.67414127  0.01315313  0.89015035  0.04536314], Best Fitness = 4.437213740564946, Evaluations = 2752
Generation 86: Best Solution = [-0.02592831 -0.01487116 -1.38004373  1.61537246 -0.01886369  0.49375484
  0.06756107 -1.15440086  0.01201377  0.13973306], Best Fitness = 4.179208895582942, Evaluations = 2784
Generation 87: Best Solution = [-0.02592831 -0.01487116 -1.38004373  1.61537246 -0.01886369  0.49375484
  0.06756107 -1.15440086  0.01201377  0.13973306], Best Fitness = 4.179208895582942, Evaluations = 2816
Generation 88: Best Solution = [-0.02592831 -0.01487116 -1.38004373  1.61537246 -0.01886369  0.49375484
  0.06756107 -1.15440086  0.01201377  0.13973306], Best Fitness = 4.179208895582942, Evaluations = 2848
Generation 89: Best Solution = [ 0.77097982 -0.14552342 -0.81136877 -0.04094704  0.23766053 -0.85808096
 -0.67414127  1.19703615 -1.11548749  0.04536314], Best Fitness = 3.8574242288520897, Evaluations = 2880
Generation 90: Best Solution = [ 0.77097982 -0.14552342 -0.81136877 -0.04094704  0.23766053 -0.85808096
 -0.67414127  1.19703615 -1.11548749  0.04536314], Best Fitness = 3.8574242288520897, Evaluations = 2912
Generation 91: Best Solution = [ 0.57387853 -0.06291257 -0.20665609 -0.24242232  0.65024632 -0.7591092
 -0.02061106  0.14336846  0.9519146  -0.2122896 ], Best Fitness = 3.2878971623548208, Evaluations = 2944
Generation 92: Best Solution = [ 0.43165081  0.07813349 -0.06468955 -0.2466496   0.3361826  -0.57066775
  0.02660281  0.54581676  0.50985269 -0.15894887], Best Fitness = 3.1886693809466036, Evaluations = 2976
Generation 93: Best Solution = [ 0.43165081  0.07813349 -0.06468955 -0.2466496   0.3361826  -0.57066775
  0.02660281  0.54581676  0.50985269 -0.15894887], Best Fitness = 3.1886693809466036, Evaluations = 3008
Generation 94: Best Solution = [ 0.43165081  0.07813349 -0.06468955 -0.2466496   0.3361826  -0.57066775
  0.02660281  0.54581676  0.50985269 -0.15894887], Best Fitness = 3.1886693809466036, Evaluations = 3040
Generation 95: Best Solution = [ 0.43165081  0.07813349 -0.06468955 -0.2466496   0.3361826  -0.57066775
  0.02660281  0.54581676  0.50985269 -0.15894887], Best Fitness = 3.1886693809466036, Evaluations = 3072
Generation 96: Best Solution = [-0.13806062 -0.06291257 -0.20665609 -0.35441075  0.65024632 -0.7591092
 -0.02061106  0.14336846  0.9519146  -0.2122896 ], Best Fitness = 3.075282806445554, Evaluations = 3104
Generation 97: Best Solution = [-0.13806062 -0.06291257 -0.20665609 -0.35441075  0.65024632 -0.7591092
 -0.02061106  0.14336846  0.9519146  -0.2122896 ], Best Fitness = 3.075282806445554, Evaluations = 3136
Generation 98: Best Solution = [-0.62411714 -0.78271361  0.02183328 -0.52799548  0.09676934  0.22458423
 -0.17246537 -0.10703211 -0.30137111 -0.02235724], Best Fitness = 2.924852501639798, Evaluations = 3168
Generation 99: Best Solution = [-0.62411714 -0.78271361  0.02183328 -0.52799548  0.09676934  0.22458423
 -0.17246537 -0.10703211 -0.30137111 -0.02235724], Best Fitness = 2.924852501639798, Evaluations = 3200
Generation 100: Best Solution = [-0.62411714 -0.78271361  0.02183328 -0.52799548  0.09676934  0.22458423
 -0.17246537 -0.10703211 -0.30137111 -0.02235724], Best Fitness = 2.924852501639798, Evaluations = 3232
Generation 101: Best Solution = [-0.62411714 -0.78271361  0.02183328 -0.52799548  0.09676934  0.22458423
 -0.17246537 -0.10703211 -0.30137111 -0.02235724], Best Fitness = 2.924852501639798, Evaluations = 3264
Generation 102: Best Solution = [-0.62411714 -0.78271361  0.02183328 -0.52799548  0.09676934  0.22458423
 -0.17246537 -0.10703211 -0.30137111 -0.02235724], Best Fitness = 2.924852501639798, Evaluations = 3296
Generation 103: Best Solution = [-0.62411714 -0.78271361  0.02183328 -0.52799548  0.09676934  0.22458423
 -0.17246537 -0.10703211 -0.30137111 -0.02235724], Best Fitness = 2.924852501639798, Evaluations = 3328
Generation 104: Best Solution = [-0.62411714 -0.78271361  0.02183328 -0.52799548  0.09676934  0.22458423
 -0.17246537 -0.10703211 -0.30137111 -0.02235724], Best Fitness = 2.924852501639798, Evaluations = 3360
Generation 105: Best Solution = [-0.08898639 -0.69413747 -0.07109476  0.68558669 -0.98078347  0.02698879
  0.06106228  0.27726262  0.22692695  0.09968011], Best Fitness = 2.8573425818950793, Evaluations = 3392
Generation 106: Best Solution = [-0.06609238 -0.19138819  0.02727834 -0.20802443 -0.13352914 -0.85808096
 -0.67414127 -0.07412184 -0.06793591  0.04536314], Best Fitness = 2.268228621163058, Evaluations = 3424
Generation 107: Best Solution = [-0.06609238 -0.19138819  0.02727834 -0.20802443 -0.13352914 -0.85808096
 -0.67414127 -0.07412184 -0.06793591  0.04536314], Best Fitness = 2.268228621163058, Evaluations = 3456
Generation 108: Best Solution = [-0.06609238 -0.19138819  0.02727834 -0.20802443 -0.13352914 -0.85808096
 -0.67414127 -0.07412184 -0.06793591  0.04536314], Best Fitness = 2.268228621163058, Evaluations = 3488
Generation 109: Best Solution = [-0.06609238 -0.19138819  0.02727834 -0.20802443 -0.13352914 -0.85808096
 -0.67414127 -0.07412184 -0.06793591  0.04536314], Best Fitness = 2.268228621163058, Evaluations = 3520
Generation 110: Best Solution = [-0.09570758 -0.1110376   0.33841016  0.0648432   0.01382126 -0.2526368
 -0.23772016  0.7247452   0.04044336  0.01824633], Best Fitness = 2.187339769665265, Evaluations = 3552
Generation 111: Best Solution = [-0.09570758 -0.1110376   0.33841016  0.0648432   0.01382126 -0.2526368
 -0.23772016  0.7247452   0.04044336  0.01824633], Best Fitness = 2.187339769665265, Evaluations = 3584
Generation 112: Best Solution = [-0.09570758 -0.1110376   0.33841016  0.0648432   0.01382126 -0.2526368
 -0.23772016  0.7247452   0.04044336  0.01824633], Best Fitness = 2.187339769665265, Evaluations = 3616
Generation 113: Best Solution = [-0.09570758 -0.1110376   0.33841016  0.0648432   0.01382126 -0.2526368
 -0.23772016  0.7247452   0.04044336  0.01824633], Best Fitness = 2.187339769665265, Evaluations = 3648
Generation 114: Best Solution = [ 0.03976513  0.0236011   0.09801722 -0.0377889  -0.4137048   0.14869201
 -0.20707138 -0.30579377  0.27744173  0.09490019], Best Fitness = 2.0284215501703433, Evaluations = 3680
Generation 115: Best Solution = [ 0.03976513  0.0236011   0.09801722 -0.0377889  -0.4137048   0.14869201
 -0.20707138 -0.30579377  0.27744173  0.09490019], Best Fitness = 2.0284215501703433, Evaluations = 3712
Generation 116: Best Solution = [ 0.02161062 -0.16116101 -0.27958885 -0.01767006  0.04001952  0.03871658
  0.17742108 -0.01081179 -0.26167556 -0.07248053], Best Fitness = 1.37251450912342, Evaluations = 3744
Generation 117: Best Solution = [ 0.02161062 -0.16116101 -0.27958885 -0.01767006  0.04001952  0.03871658
  0.17742108 -0.01081179 -0.26167556 -0.07248053], Best Fitness = 1.37251450912342, Evaluations = 3776
Generation 118: Best Solution = [ 0.02161062 -0.16116101 -0.27958885 -0.01767006  0.04001952  0.03871658
  0.17742108 -0.01081179 -0.26167556 -0.07248053], Best Fitness = 1.37251450912342, Evaluations = 3808
Generation 119: Best Solution = [ 0.02161062 -0.16116101 -0.27958885 -0.01767006  0.04001952  0.03871658
  0.17742108 -0.01081179 -0.26167556 -0.07248053], Best Fitness = 1.37251450912342, Evaluations = 3840
Generation 120: Best Solution = [ 0.03976513  0.0236011   0.09801722 -0.0377889   0.0294275  -0.21770581
 -0.10503635 -0.30579377 -0.0050327  -0.02886041], Best Fitness = 1.14068128982866, Evaluations = 3872
Generation 121: Best Solution = [ 0.03976513  0.0236011   0.09801722 -0.0377889   0.0294275  -0.21770581
 -0.10503635 -0.30579377 -0.0050327  -0.02886041], Best Fitness = 1.14068128982866, Evaluations = 3904
Generation 122: Best Solution = [ 0.03976513  0.0236011   0.09801722 -0.0377889   0.0294275  -0.21770581
 -0.10503635 -0.30579377 -0.0050327  -0.02886041], Best Fitness = 1.14068128982866, Evaluations = 3936
Generation 123: Best Solution = [ 0.03976513  0.0236011   0.09801722 -0.0377889   0.0294275  -0.21770581
 -0.10503635 -0.30579377 -0.0050327  -0.02886041], Best Fitness = 1.14068128982866, Evaluations = 3968
Generation 124: Best Solution = [ 0.03976513  0.0236011   0.09801722 -0.0377889   0.0294275  -0.21770581
 -0.10503635 -0.30579377 -0.0050327  -0.02886041], Best Fitness = 1.14068128982866, Evaluations = 4000
Generation 125: Best Solution = [-0.15102321  0.05002069  0.3075483  -0.00316956  0.01838734 -0.02276036
  0.02906037  0.05326775  0.04166078 -0.14061935], Best Fitness = 1.0379118471895024, Evaluations = 4032
Generation 126: Best Solution = [-0.15102321  0.05002069  0.3075483  -0.00316956  0.01838734 -0.02276036
  0.02906037  0.05326775  0.04166078 -0.14061935], Best Fitness = 1.0379118471895024, Evaluations = 4064
Generation 127: Best Solution = [-0.15102321  0.05002069  0.3075483  -0.00316956  0.01838734 -0.02276036
  0.02906037  0.05326775  0.04166078 -0.14061935], Best Fitness = 1.0379118471895024, Evaluations = 4096
Generation 128: Best Solution = [-0.15102321  0.05002069  0.3075483  -0.00316956  0.01838734 -0.02276036
  0.02906037  0.05326775  0.04166078 -0.14061935], Best Fitness = 1.0379118471895024, Evaluations = 4128
Generation 129: Best Solution = [-0.15102321  0.05002069  0.3075483  -0.00316956  0.01838734 -0.02276036
  0.02906037  0.05326775  0.04166078 -0.14061935], Best Fitness = 1.0379118471895024, Evaluations = 4160
Generation 130: Best Solution = [-0.06896433  0.0236011  -0.03002381 -0.0377889   0.08570415 -0.21770581
 -0.10503635 -0.01836983 -0.0050327  -0.02886041], Best Fitness = 0.679334374734776, Evaluations = 4192
Generation 131: Best Solution = [-0.06896433  0.0236011  -0.03002381 -0.0377889   0.08570415 -0.21770581
 -0.10503635 -0.01836983 -0.0050327  -0.02886041], Best Fitness = 0.679334374734776, Evaluations = 4224
Generation 132: Best Solution = [-0.06896433  0.0236011  -0.03002381 -0.0377889   0.08570415 -0.21770581
 -0.10503635 -0.01836983 -0.0050327  -0.02886041], Best Fitness = 0.679334374734776, Evaluations = 4256
Generation 133: Best Solution = [-0.06896433  0.0236011  -0.03002381 -0.0377889   0.08570415 -0.21770581
 -0.10503635 -0.01836983 -0.0050327  -0.02886041], Best Fitness = 0.679334374734776, Evaluations = 4288
Generation 134: Best Solution = [-0.06896433  0.0236011  -0.03002381 -0.0377889   0.08570415 -0.21770581
 -0.10503635 -0.01836983 -0.0050327  -0.02886041], Best Fitness = 0.679334374734776, Evaluations = 4320
Generation 135: Best Solution = [-0.06896433  0.0236011  -0.03002381 -0.0377889   0.08570415 -0.21770581
 -0.10503635 -0.01836983 -0.0050327  -0.02886041], Best Fitness = 0.679334374734776, Evaluations = 4352
Generation 136: Best Solution = [-0.06896433  0.0236011  -0.03002381 -0.0377889   0.08570415 -0.21770581
 -0.10503635 -0.01836983 -0.0050327  -0.02886041], Best Fitness = 0.679334374734776, Evaluations = 4384
Generation 137: Best Solution = [-0.06896433  0.0236011  -0.03002381 -0.0377889   0.08570415 -0.21770581
 -0.10503635 -0.01836983 -0.0050327  -0.02886041], Best Fitness = 0.679334374734776, Evaluations = 4416
Generation 138: Best Solution = [-0.1555054  -0.01698487  0.03584042  0.07197543  0.00259566  0.05671528
 -0.03218492 -0.11212777  0.0459909  -0.02910833], Best Fitness = 0.5296160474266363, Evaluations = 4448
Generation 139: Best Solution = [-0.1555054  -0.01698487  0.03584042  0.07197543  0.00259566  0.05671528
 -0.03218492 -0.11212777  0.0459909  -0.02910833], Best Fitness = 0.5296160474266363, Evaluations = 4480
Generation 140: Best Solution = [-0.1555054  -0.01698487  0.03584042  0.07197543  0.00259566  0.05671528
 -0.03218492 -0.11212777  0.0459909  -0.02910833], Best Fitness = 0.5296160474266363, Evaluations = 4512
Generation 141: Best Solution = [-0.1555054  -0.01698487  0.03584042  0.07197543  0.00259566  0.05671528
 -0.03218492 -0.11212777  0.0459909  -0.02910833], Best Fitness = 0.5296160474266363, Evaluations = 4544
Generation 142: Best Solution = [-0.10493321  0.0236011  -0.03002381 -0.0377889   0.08570415  0.00201788
 -0.09181888 -0.01836983 -0.0050327  -0.02886041], Best Fitness = 0.37762350813136836, Evaluations = 4576
Generation 143: Best Solution = [-0.10493321  0.0236011  -0.03002381 -0.0377889   0.08570415  0.00201788
 -0.09181888 -0.01836983 -0.0050327  -0.02886041], Best Fitness = 0.37762350813136836, Evaluations = 4608
Generation 144: Best Solution = [-0.10493321  0.0236011  -0.03002381 -0.0377889   0.08570415  0.00201788
 -0.09181888 -0.01836983 -0.0050327  -0.02886041], Best Fitness = 0.37762350813136836, Evaluations = 4640
Generation 145: Best Solution = [-0.10493321  0.0236011  -0.03002381 -0.0377889   0.08570415  0.00201788
 -0.09181888 -0.01836983 -0.0050327  -0.02886041], Best Fitness = 0.37762350813136836, Evaluations = 4672
Generation 146: Best Solution = [-0.10493321  0.0236011  -0.03002381 -0.0377889   0.08570415  0.00201788
 -0.09181888 -0.01836983 -0.0050327  -0.02886041], Best Fitness = 0.37762350813136836, Evaluations = 4704
Generation 147: Best Solution = [-0.10493321  0.0236011  -0.03002381 -0.0377889   0.08570415  0.00201788
 -0.09181888 -0.01836983 -0.0050327  -0.02886041], Best Fitness = 0.37762350813136836, Evaluations = 4736
Generation 148: Best Solution = [-0.10493321  0.0236011  -0.03002381 -0.0377889   0.08570415  0.00201788
 -0.09181888 -0.01836983 -0.0050327  -0.02886041], Best Fitness = 0.37762350813136836, Evaluations = 4768
Generation 149: Best Solution = [-0.10493321  0.0236011  -0.03002381 -0.0377889   0.08570415  0.00201788
 -0.09181888 -0.01836983 -0.0050327  -0.02886041], Best Fitness = 0.37762350813136836, Evaluations = 4800
Generation 150: Best Solution = [ 0.01073612 -0.00604043 -0.11383518 -0.01636946  0.09229663  0.05701108
  0.02906037  0.00794931  0.04166078 -0.00810869], Best Fitness = 0.35123741098923533, Evaluations = 4832
Generation 151: Best Solution = [-0.06731311 -0.044015   -0.02170752 -0.00776165 -0.08130173 -0.04629692
  0.01908271  0.043409   -0.03751807  0.04313239], Best Fitness = 0.29401412873461696, Evaluations = 4864
Generation 152: Best Solution = [-0.00948234  0.01820201  0.07079753 -0.07229715  0.01640978  0.0010304
 -0.0034261  -0.07899873 -0.00215274  0.03407901], Best Fitness = 0.26573587482578676, Evaluations = 4896
Generation 153: Best Solution = [ 0.05240738 -0.044015   -0.00220249 -0.00776165  0.01503398 -0.04629692
  0.01908271 -0.04468577 -0.03751807  0.04313239], Best Fitness = 0.20941193424841176, Evaluations = 4928
Generation 154: Best Solution = [ 0.05240738 -0.044015   -0.00220249 -0.00776165  0.01503398 -0.04629692
  0.01908271 -0.04468577 -0.03751807  0.04313239], Best Fitness = 0.20941193424841176, Evaluations = 4960
Generation 155: Best Solution = [ 0.05240738 -0.044015   -0.00220249 -0.00776165  0.01503398 -0.04629692
  0.01908271 -0.04468577 -0.03751807  0.04313239], Best Fitness = 0.20941193424841176, Evaluations = 4992
Generation 156: Best Solution = [ 0.05240738 -0.044015   -0.00220249 -0.00776165  0.01503398 -0.04629692
  0.01908271 -0.04468577 -0.03751807  0.04313239], Best Fitness = 0.20941193424841176, Evaluations = 5024
Generation 157: Best Solution = [ 0.05240738 -0.044015   -0.00220249 -0.00776165  0.01503398 -0.04629692
  0.01908271 -0.04468577 -0.03751807  0.04313239], Best Fitness = 0.20941193424841176, Evaluations = 5056
Generation 158: Best Solution = [ 0.05240738 -0.044015   -0.00220249 -0.00776165  0.01503398 -0.04629692
  0.01908271 -0.04468577 -0.03751807  0.04313239], Best Fitness = 0.17590668362212414, Evaluations = 5088
Generation 159: Best Solution = [ 0.05240738 -0.044015   -0.00220249 -0.00776165  0.01503398 -0.04629692
  0.01908271 -0.04468577 -0.03751807  0.04313239], Best Fitness = 0.17590668362212414, Evaluations = 5120
Generation 160: Best Solution = [ 0.05240738 -0.044015   -0.00220249 -0.00776165  0.01503398 -0.04629692
  0.01908271 -0.04468577 -0.03751807  0.04313239], Best Fitness = 0.17590668362212414, Evaluations = 5152
Generation 161: Best Solution = [ 0.05240738 -0.044015   -0.00220249 -0.00776165  0.01503398 -0.04629692
  0.01908271 -0.04468577 -0.03751807  0.04313239], Best Fitness = 0.17590668362212414, Evaluations = 5184
Generation 162: Best Solution = [ 0.05240738 -0.044015   -0.00220249 -0.00776165  0.01503398 -0.04629692
  0.01908271 -0.04468577 -0.03751807  0.04313239], Best Fitness = 0.1732920820321735, Evaluations = 5216
Generation 163: Best Solution = [ 0.01960214 -0.0355078  -0.00448829 -0.00107489 -0.03551087  0.01259127
 -0.01100127  0.04675637  0.0167512   0.01943304], Best Fitness = 0.1302869830333404, Evaluations = 5248
Generation 164: Best Solution = [ 0.01960214 -0.0355078  -0.00448829 -0.00107489 -0.03551087  0.01259127
 -0.01100127  0.04675637  0.0167512   0.01943304], Best Fitness = 0.11404086330246743, Evaluations = 5280
Generation 165: Best Solution = [ 0.01960214 -0.0355078  -0.00448829 -0.00107489 -0.03551087  0.01259127
 -0.01100127  0.04675637  0.0167512   0.01943304], Best Fitness = 0.11404086330246743, Evaluations = 5312
Generation 166: Best Solution = [ 0.01960214 -0.0355078  -0.00448829 -0.00107489 -0.03551087  0.01259127
 -0.01100127  0.04675637  0.0167512   0.01943304], Best Fitness = 0.11404086330246743, Evaluations = 5344
Generation 167: Best Solution = [ 0.01960214 -0.0355078  -0.00448829 -0.00107489 -0.03551087  0.01259127
 -0.01100127  0.04675637  0.0167512   0.01943304], Best Fitness = 0.11404086330246743, Evaluations = 5376
Generation 168: Best Solution = [ 0.01960214 -0.0355078  -0.00448829 -0.00107489 -0.03551087  0.01259127
 -0.01100127  0.04675637  0.0167512   0.01943304], Best Fitness = 0.11404086330246743, Evaluations = 5408
Generation 169: Best Solution = [ 0.01960214 -0.0355078  -0.00448829 -0.00107489 -0.03551087  0.01259127
 -0.01100127  0.04675637  0.0167512   0.01943304], Best Fitness = 0.11404086330246743, Evaluations = 5440
Generation 170: Best Solution = [ 0.01960214 -0.0355078  -0.00448829 -0.00107489 -0.03551087  0.01259127
 -0.01100127  0.04675637  0.0167512   0.01943304], Best Fitness = 0.11404086330246743, Evaluations = 5472
Generation 171: Best Solution = [ 0.01960214 -0.0355078  -0.00448829 -0.00107489 -0.03551087  0.01259127
 -0.01100127  0.04675637  0.0167512   0.01943304], Best Fitness = 0.11404086330246743, Evaluations = 5504
Generation 172: Best Solution = [ 2.30113371e-02 -2.81025380e-02 -1.65486303e-02 -3.26787985e-02
 -8.29883617e-03  1.44342969e-04 -3.24040758e-03 -1.69032991e-03
 -1.21668972e-02  3.02272902e-05], Best Fitness = 0.08333204524426963, Evaluations = 5536
Generation 173: Best Solution = [ 0.01960214  0.00599339 -0.00448829 -0.00451049 -0.03551087  0.00912626
 -0.01100127  0.01651023  0.0167512  -0.01110825], Best Fitness = 0.07832093440138665, Evaluations = 5568
Generation 174: Best Solution = [ 0.01960214  0.00599339 -0.00448829 -0.00451049 -0.03551087  0.00912626
 -0.01100127  0.01651023  0.0167512  -0.01110825], Best Fitness = 0.07832093440138665, Evaluations = 5600
Generation 175: Best Solution = [ 0.01960214  0.00599339 -0.00448829 -0.00451049 -0.03551087  0.00912626
 -0.01100127  0.01651023  0.0167512  -0.01110825], Best Fitness = 0.07832093440138665, Evaluations = 5632
Generation 176: Best Solution = [ 0.01960214  0.00599339 -0.00448829 -0.00451049 -0.03551087  0.00912626
 -0.01100127  0.01651023  0.0167512  -0.01110825], Best Fitness = 0.07832093440138665, Evaluations = 5664
Generation 177: Best Solution = [ 0.01960214  0.00599339 -0.00448829 -0.00451049 -0.03551087  0.00912626
 -0.01100127  0.01651023  0.0167512  -0.01110825], Best Fitness = 0.07832093440138665, Evaluations = 5696
Generation 178: Best Solution = [ 0.01960214  0.00599339 -0.00448829 -0.00451049 -0.03551087  0.00912626
 -0.01100127  0.01651023  0.0167512  -0.01110825], Best Fitness = 0.07832093440138665, Evaluations = 5728
Generation 179: Best Solution = [ 0.01960214  0.00599339 -0.00448829 -0.00451049 -0.03551087  0.00912626
 -0.01100127  0.01651023  0.0167512  -0.01110825], Best Fitness = 0.07832093440138665, Evaluations = 5760
Generation 180: Best Solution = [-1.83871184e-03 -5.64194368e-03 -9.05358077e-03  3.69175161e-03
  2.03697066e-02 -2.36394894e-02  2.98305146e-02 -1.33913763e-02
 -2.01285593e-02  2.98578419e-05], Best Fitness = 0.0779092984226506, Evaluations = 5792
Generation 181: Best Solution = [ 0.00223377  0.00718914  0.01763869  0.0072783   0.0197256   0.00804004
  0.00695111 -0.01538586 -0.027735   -0.01008988], Best Fitness = 0.06777591872472444, Evaluations = 5824
Generation 182: Best Solution = [ 0.00223377  0.00718914  0.01763869  0.0072783   0.0197256   0.00804004
  0.00695111 -0.01538586 -0.027735   -0.01008988], Best Fitness = 0.06777591872472444, Evaluations = 5856
Generation 183: Best Solution = [ 0.00223377  0.00718914  0.01763869  0.0072783   0.0197256   0.00804004
  0.00695111 -0.01538586 -0.027735   -0.01008988], Best Fitness = 0.06777591872472444, Evaluations = 5888
Generation 184: Best Solution = [ 0.00223377  0.00718914  0.01763869  0.0072783   0.0197256   0.00804004
  0.00695111 -0.01538586 -0.027735   -0.01008988], Best Fitness = 0.06777591872472444, Evaluations = 5920
Generation 185: Best Solution = [ 0.00223377  0.00718914  0.01763869  0.0072783   0.0197256   0.00804004
  0.00695111 -0.01538586 -0.027735   -0.01008988], Best Fitness = 0.052500253274374575, Evaluations = 5952
Generation 186: Best Solution = [-0.00644704 -0.00125399  0.00027613  0.00684245  0.00049493 -0.02521375
 -0.01103295 -0.00588608  0.00335591  0.01657989], Best Fitness = 0.0494468194680171, Evaluations = 5984
Generation 187: Best Solution = [ 0.00300881 -0.01216197  0.00921041  0.01910613 -0.01340163  0.01173484
 -0.01033517 -0.00243323 -0.01047147  0.00379742], Best Fitness = 0.049270770064286484, Evaluations = 6016
Generation 188: Best Solution = [ 0.00300881 -0.01216197  0.00921041  0.01910613 -0.01340163  0.01173484
 -0.01033517 -0.00243323 -0.01047147  0.00379742], Best Fitness = 0.049270770064286484, Evaluations = 6048
Generation 189: Best Solution = [ 0.00300881 -0.01216197  0.00921041  0.01910613 -0.01340163  0.01173484
 -0.01033517 -0.00243323 -0.01047147  0.00379742], Best Fitness = 0.049270770064286484, Evaluations = 6080
Generation 190: Best Solution = [ 0.00300881 -0.01216197  0.00921041  0.01910613 -0.01340163  0.01173484
 -0.01033517 -0.00243323 -0.01047147  0.00379742], Best Fitness = 0.049270770064286484, Evaluations = 6112
Generation 191: Best Solution = [ 0.00300881 -0.01216197  0.00921041  0.01910613 -0.01340163  0.01173484
 -0.01033517 -0.00243323 -0.01047147  0.00379742], Best Fitness = 0.04820919947768276, Evaluations = 6144
Generation 192: Best Solution = [-0.00644704 -0.00125399  0.00027613  0.00684245  0.00049493 -0.01879585
 -0.00044578 -0.00588608  0.00335591  0.01657989], Best Fitness = 0.039040768405300685, Evaluations = 6176
Generation 193: Best Solution = [-0.00644704 -0.00125399  0.00027613  0.00684245  0.00049493 -0.01879585
 -0.00044578 -0.00588608  0.00335591  0.01657989], Best Fitness = 0.039040768405300685, Evaluations = 6208
Generation 194: Best Solution = [-0.00644704 -0.00125399  0.00027613  0.00684245  0.00049493 -0.01879585
 -0.00044578 -0.00588608  0.00335591  0.01657989], Best Fitness = 0.039040768405300685, Evaluations = 6240
Generation 195: Best Solution = [-0.00644704 -0.00125399  0.00027613  0.00684245  0.00049493 -0.01879585
 -0.00044578 -0.00588608  0.00335591  0.01657989], Best Fitness = 0.038987582991066194, Evaluations = 6272
Generation 196: Best Solution = [-0.00644704 -0.00125399  0.00027613  0.00684245  0.00049493 -0.01879585
 -0.00044578 -0.00588608  0.00335591  0.01657989], Best Fitness = 0.038987582991066194, Evaluations = 6304
Generation 197: Best Solution = [-0.00644704 -0.00125399  0.00027613  0.00684245  0.00049493 -0.01879585
 -0.00044578 -0.00588608  0.00335591  0.01657989], Best Fitness = 0.038987582991066194, Evaluations = 6336
Generation 198: Best Solution = [-0.00387003 -0.00499519  0.01626738  0.00633814 -0.00164856 -0.00647796
 -0.00529415 -0.01012874 -0.00226076  0.00268818], Best Fitness = 0.03201761069575371, Evaluations = 6368
Generation 199: Best Solution = [-0.00387003 -0.00499519  0.01626738  0.00633814 -0.00164856 -0.00647796
 -0.00529415 -0.01012874 -0.00226076  0.00268818], Best Fitness = 0.03201761069575371, Evaluations = 6400
Generation 200: Best Solution = [-0.00387003 -0.00499519  0.01626738  0.00633814 -0.00164856 -0.00647796
 -0.00529415 -0.01012874 -0.00226076  0.00268818], Best Fitness = 0.03201761069575371, Evaluations = 6432
Generation 201: Best Solution = [-0.00387003 -0.00499519  0.01626738  0.00633814 -0.00164856 -0.00647796
 -0.00529415 -0.01012874 -0.00226076  0.00268818], Best Fitness = 0.03201761069575371, Evaluations = 6464
Generation 202: Best Solution = [-0.00387003 -0.00499519  0.01626738  0.00633814 -0.00164856 -0.00647796
 -0.00529415 -0.01012874 -0.00226076  0.00268818], Best Fitness = 0.03201761069575371, Evaluations = 6496
Generation 203: Best Solution = [-0.00387003 -0.00499519  0.01626738  0.00633814 -0.00164856 -0.00647796
 -0.00529415 -0.01012874 -0.00226076  0.00268818], Best Fitness = 0.03201761069575371, Evaluations = 6528
Generation 204: Best Solution = [ 0.00275859  0.00203184 -0.00121409  0.0096488  -0.0125156  -0.00978406
  0.01036326  0.00321018 -0.00344834 -0.00025619], Best Fitness = 0.03055101834553442, Evaluations = 6560
Generation 205: Best Solution = [-4.28263628e-05 -2.97327220e-03  1.12472858e-03 -8.84900449e-03
  2.14203825e-03 -9.79143993e-03 -3.28259195e-04  4.16861786e-03
 -1.18822857e-02  6.76704981e-03], Best Fitness = 0.027180033069715837, Evaluations = 6592
Generation 206: Best Solution = [-4.28263628e-05 -2.97327220e-03  1.12472858e-03 -8.84900449e-03
  2.14203825e-03 -9.79143993e-03 -3.28259195e-04  4.16861786e-03
 -1.18822857e-02  6.76704981e-03], Best Fitness = 0.027180033069715837, Evaluations = 6624
Generation 207: Best Solution = [-0.0046261   0.00589245  0.0057972  -0.00716014 -0.00576901  0.00021506
 -0.00039904 -0.00142075  0.00494294  0.01002432], Best Fitness = 0.02356525884892635, Evaluations = 6656
Generation 208: Best Solution = [ 2.67960431e-03  4.81529805e-03 -1.03565784e-02  1.48720391e-03
  9.71781526e-03  3.05526650e-03 -1.04149780e-03  1.33888770e-03
  8.39862284e-07  3.02272902e-05], Best Fitness = 0.02117098783263005, Evaluations = 6688
Generation 209: Best Solution = [ 2.67960431e-03  4.81529805e-03 -1.03565784e-02  1.48720391e-03
  9.71781526e-03  3.05526650e-03 -1.04149780e-03  1.33888770e-03
  8.39862284e-07  3.02272902e-05], Best Fitness = 0.02117098783263005, Evaluations = 6720
Generation 210: Best Solution = [ 0.00117228 -0.00499519  0.00671935  0.00633814 -0.00164856  0.0003978
 -0.00693894 -0.0047383   0.00069414 -0.00413605], Best Fitness = 0.019088703176340704, Evaluations = 6752
Generation 211: Best Solution = [ 0.00117228 -0.00499519  0.00671935  0.00633814 -0.00164856  0.0003978
 -0.00693894 -0.0047383   0.00069414 -0.00413605], Best Fitness = 0.019088703176340704, Evaluations = 6784
Generation 212: Best Solution = [ 0.00117228 -0.00499519  0.00671935  0.00633814 -0.00164856  0.0003978
 -0.00693894 -0.0047383   0.00069414 -0.00413605], Best Fitness = 0.019088703176340704, Evaluations = 6816
Generation 213: Best Solution = [ 0.00117228 -0.00499519  0.00671935  0.00633814 -0.00164856  0.0003978
 -0.00693894 -0.0047383   0.00069414 -0.00413605], Best Fitness = 0.019088703176340704, Evaluations = 6848
Generation 214: Best Solution = [ 0.00117228 -0.00499519  0.00671935  0.00633814 -0.00164856  0.0003978
 -0.00693894 -0.0047383   0.00069414 -0.00413605], Best Fitness = 0.019088703176340704, Evaluations = 6880
Generation 215: Best Solution = [ 0.00675704  0.00021707 -0.00237323 -0.00032374 -0.00287685 -0.0008484
 -0.00167299 -0.00697596 -0.00820013  0.00186905], Best Fitness = 0.01806670050571002, Evaluations = 6912
Generation 216: Best Solution = [-0.00072911  0.00456287 -0.00279694  0.00789154 -0.00576901  0.00021506
 -0.00039904  0.00338888  0.00494294  0.00166024], Best Fitness = 0.017050646650262014, Evaluations = 6944
Generation 217: Best Solution = [ 0.00117228 -0.00499519  0.00671935  0.00754477 -0.00164856  0.0003978
  0.0023945   0.00249995  0.00069414  0.0013992 ], Best Fitness = 0.01604390759553498, Evaluations = 6976
Generation 218: Best Solution = [ 0.00166855  0.00327208  0.00086482 -0.00362176  0.00702345 -0.00245696
 -0.00441393 -0.00476824  0.00253404 -0.00227988], Best Fitness = 0.015508675878010525, Evaluations = 7008
Generation 219: Best Solution = [ 0.00166855  0.00327208  0.00086482 -0.00362176  0.00702345 -0.00245696
 -0.00441393 -0.00476824  0.00253404 -0.00227988], Best Fitness = 0.015508675878010525, Evaluations = 7040
Generation 220: Best Solution = [-0.00231298  0.00021707  0.00067327 -0.00032374  0.00379874 -0.00438942
 -0.00093772 -0.00144549 -0.00820013  0.00392023], Best Fitness = 0.01482199312761212, Evaluations = 7072
Generation 221: Best Solution = [ 0.00166855 -0.00273842  0.00086482 -0.00362176  0.00702345 -0.00352666
  0.00096165 -0.00476824  0.00310631 -0.00101394], Best Fitness = 0.01451125688997168, Evaluations = 7104
Generation 222: Best Solution = [-0.00231298  0.00021707  0.00067327 -0.00032374  0.00379874  0.00329179
 -0.00093772 -0.00144549  0.00269082  0.00392023], Best Fitness = 0.00983547048090161, Evaluations = 7136
Generation 223: Best Solution = [-0.00231298  0.00021707  0.00067327 -0.00032374  0.00379874  0.00329179
 -0.00093772 -0.00144549  0.00269082  0.00392023], Best Fitness = 0.00983547048090161, Evaluations = 7168
Generation 224: Best Solution = [-0.00231298  0.00021707  0.00067327 -0.00032374  0.00379874  0.00329179
 -0.00093772 -0.00144549  0.00269082  0.00392023], Best Fitness = 0.00983547048090161, Evaluations = 7200
Generation 225: Best Solution = [-0.00231298  0.00021707  0.00067327 -0.00032374  0.00379874  0.00329179
 -0.00093772 -0.00144549  0.00269082  0.00392023], Best Fitness = 0.00983547048090161, Evaluations = 7232
Generation 226: Best Solution = [-0.00231298  0.00021707  0.00067327 -0.00032374  0.00379874  0.00329179
 -0.00093772 -0.00144549  0.00269082  0.00392023], Best Fitness = 0.009779227708176297, Evaluations = 7264
Generation 227: Best Solution = [-0.00231298  0.00021707  0.00067327 -0.00032374  0.00379874  0.00329179
 -0.00093772 -0.00144549  0.00269082  0.00392023], Best Fitness = 0.009779227708176297, Evaluations = 7296
Generation 228: Best Solution = [-0.00231298  0.00021707  0.00067327 -0.00032374  0.00379874  0.00329179
 -0.00093772 -0.00144549  0.00269082  0.00392023], Best Fitness = 0.009779227708176297, Evaluations = 7328
Generation 229: Best Solution = [-0.00231298  0.00021707  0.00067327 -0.00032374  0.00379874  0.00329179
 -0.00093772 -0.00144549  0.00269082  0.00392023], Best Fitness = 0.009779227708176297, Evaluations = 7360
Generation 230: Best Solution = [-0.00231298  0.00021707  0.00067327 -0.00032374  0.00379874  0.00329179
 -0.00093772 -0.00144549  0.00269082  0.00392023], Best Fitness = 0.009779227708176297, Evaluations = 7392
Generation 231: Best Solution = [-0.00231298  0.00021707  0.00067327 -0.00032374  0.00379874  0.00329179
 -0.00093772 -0.00144549  0.00269082  0.00392023], Best Fitness = 0.009779227708176297, Evaluations = 7424
Generation 232: Best Solution = [-0.00231298  0.00021707  0.00067327 -0.00032374  0.00379874  0.00329179
 -0.00093772 -0.00144549  0.00269082  0.00392023], Best Fitness = 0.009779227708176297, Evaluations = 7456
Generation 233: Best Solution = [-0.00231298  0.00021707  0.00067327 -0.00032374  0.00379874  0.00329179
 -0.00093772 -0.00144549  0.00269082  0.00392023], Best Fitness = 0.009779227708176297, Evaluations = 7488
Generation 234: Best Solution = [-0.00231298  0.00021707  0.00067327 -0.00032374  0.00379874  0.00329179
 -0.00093772 -0.00144549  0.00269082  0.00392023], Best Fitness = 0.009779227708176297, Evaluations = 7520
Generation 235: Best Solution = [-0.00231298  0.00021707  0.00067327 -0.00032374  0.00379874  0.00329179
 -0.00093772 -0.00144549  0.00269082  0.00392023], Best Fitness = 0.009779227708176297, Evaluations = 7552
Generation 236: Best Solution = [-0.00231298  0.00021707  0.00067327 -0.00032374  0.00379874  0.00329179
 -0.00093772 -0.00144549  0.00269082  0.00392023], Best Fitness = 0.009779227708176297, Evaluations = 7584
Generation 237: Best Solution = [ 0.0009454   0.00107819  0.00281851  0.00363914  0.00183326 -0.00136393
  0.00168903  0.00109382 -0.00261802 -0.002023  ], Best Fitness = 0.00857032708986738, Evaluations = 7616
Generation 238: Best Solution = [ 0.00420257  0.00072572 -0.00253063 -0.00213305 -0.00147912 -0.00256232
  0.00019108 -0.0008563   0.00021083 -0.00167468], Best Fitness = 0.008371096529490973, Evaluations = 7648
Generation 239: Best Solution = [-0.00329266 -0.00141508 -0.00086293 -0.00362438  0.00183326 -0.00136393
  0.00168903  0.00089145 -0.00024667 -0.00082734], Best Fitness = 0.00781861213674917, Evaluations = 7680
Generation 240: Best Solution = [-0.00329266 -0.00141508 -0.00086293 -0.00362438  0.00183326 -0.00136393
  0.00168903  0.00089145 -0.00024667 -0.00082734], Best Fitness = 0.00781861213674917, Evaluations = 7712
Generation 241: Best Solution = [-0.00329266 -0.00141508 -0.00086293 -0.00362438  0.00183326 -0.00136393
  0.00168903  0.00089145 -0.00024667 -0.00082734], Best Fitness = 0.00781861213674917, Evaluations = 7744
Generation 242: Best Solution = [-0.00329266 -0.00141508 -0.00086293 -0.00362438  0.00183326 -0.00136393
  0.00168903  0.00089145 -0.00024667 -0.00082734], Best Fitness = 0.00781861213674917, Evaluations = 7776
Generation 243: Best Solution = [-0.00097908 -0.0002881  -0.00254259 -0.00071162  0.00110408  0.00057067
 -0.0014126   0.0009083   0.00139692 -0.00245468], Best Fitness = 0.005815198059910376, Evaluations = 7808
Generation 244: Best Solution = [-0.00097908 -0.0002881  -0.00254259 -0.00071162  0.00110408  0.00057067
 -0.0014126   0.0009083   0.00139692 -0.00245468], Best Fitness = 0.005815198059910376, Evaluations = 7840
Generation 245: Best Solution = [-0.00097908 -0.0002881  -0.00254259 -0.00071162  0.00110408  0.00057067
 -0.0014126   0.0009083   0.00139692 -0.00245468], Best Fitness = 0.005815198059910376, Evaluations = 7872
Generation 246: Best Solution = [-0.00058706  0.00197954  0.00119084 -0.0013434  -0.00079672  0.00040663
 -0.00057702 -0.00025744 -0.00210605  0.00220249], Best Fitness = 0.005458061646426149, Evaluations = 7904
Generation 247: Best Solution = [-0.00083376  0.00139163  0.00063083 -0.00217893  0.000134   -0.000952
  0.00019108 -0.0008563   0.00021083 -0.00166696], Best Fitness = 0.004500731219462484, Evaluations = 7936
Generation 248: Best Solution = [-0.00083376  0.00139163  0.00063083 -0.00217893  0.000134   -0.000952
  0.00019108 -0.0008563   0.00021083 -0.00166696], Best Fitness = 0.004500731219462484, Evaluations = 7968
Generation 249: Best Solution = [-0.00083376  0.00139163  0.00063083 -0.00217893  0.000134   -0.000952
  0.00019108 -0.0008563   0.00021083 -0.00166696], Best Fitness = 0.004500731219462484, Evaluations = 8000
Generation 250: Best Solution = [-0.00083376  0.00139163  0.00063083 -0.00217893  0.000134   -0.000952
  0.00019108 -0.0008563   0.00021083 -0.00166696], Best Fitness = 0.004500731219462484, Evaluations = 8032
Generation 251: Best Solution = [ 0.00029757  0.00139101  0.00126446 -0.00087985 -0.00036525 -0.0018031
 -0.00022536  0.00072597 -0.00058446 -0.00078097], Best Fitness = 0.003909198288682081, Evaluations = 8064
Generation 252: Best Solution = [ 0.00029757  0.00139101  0.00126446 -0.00087985 -0.00036525 -0.0018031
 -0.00022536  0.00072597 -0.00058446 -0.00078097], Best Fitness = 0.003909198288682081, Evaluations = 8096
Generation 253: Best Solution = [ 0.00029757  0.00139101  0.00126446 -0.00087985 -0.00036525 -0.0018031
 -0.00022536  0.00072597 -0.00058446 -0.00078097], Best Fitness = 0.003909198288682081, Evaluations = 8128
Generation 254: Best Solution = [ 0.00029757  0.00139101  0.00126446 -0.00087985 -0.00036525 -0.0018031
 -0.00022536  0.00072597 -0.00058446 -0.00078097], Best Fitness = 0.003909198288682081, Evaluations = 8160
Generation 255: Best Solution = [ 9.74761554e-04 -2.19007192e-04  1.47655362e-03 -1.47864603e-03
 -2.98902948e-04 -7.97133921e-04 -1.82178414e-04 -1.17693657e-03
  1.08777998e-05  5.32868925e-04], Best Fitness = 0.003572373277791474, Evaluations = 8192
Generation 256: Best Solution = [ 9.74761554e-04 -2.19007192e-04  1.47655362e-03 -1.47864603e-03
 -2.98902948e-04 -7.97133921e-04 -1.82178414e-04 -1.17693657e-03
  1.08777998e-05  5.32868925e-04], Best Fitness = 0.003572373277791474, Evaluations = 8224
Generation 257: Best Solution = [ 9.74761554e-04 -2.19007192e-04  1.47655362e-03 -1.47864603e-03
 -2.98902948e-04 -7.97133921e-04 -1.82178414e-04 -1.17693657e-03
  1.08777998e-05  5.32868925e-04], Best Fitness = 0.003572373277791474, Evaluations = 8256
Generation 258: Best Solution = [-0.00126892 -0.00107451  0.00075048 -0.00089334 -0.00124289  0.00060024
  0.00011919 -0.00079564 -0.00011495  0.00046768], Best Fitness = 0.003361913397381233, Evaluations = 8288
Generation 259: Best Solution = [-0.00126892 -0.00107451  0.00075048 -0.00089334 -0.00124289  0.00060024
  0.00011919 -0.00079564 -0.00011495  0.00046768], Best Fitness = 0.003361913397381233, Evaluations = 8320
Generation 260: Best Solution = [-0.00126892 -0.00107451  0.00075048 -0.00089334 -0.00124289  0.00060024
  0.00011919 -0.00079564 -0.00011495  0.00046768], Best Fitness = 0.003361913397381233, Evaluations = 8352
Generation 261: Best Solution = [-0.00126892 -0.00107451  0.00075048 -0.00089334 -0.00124289  0.00060024
  0.00011919 -0.00079564 -0.00011495  0.00046768], Best Fitness = 0.003361913397381233, Evaluations = 8384
Generation 262: Best Solution = [ 1.90994155e-04 -2.04902602e-03 -3.67499318e-04  1.82302025e-04
 -7.96715929e-04  4.06628770e-04 -1.80251723e-06  1.03323660e-03
  3.37840288e-05  7.46886721e-04], Best Fitness = 0.003342111909124146, Evaluations = 8416
Generation 263: Best Solution = [-0.00080407  0.00027811  0.00044638  0.00085991  0.00030506  0.00109435
 -0.00016876  0.00037275  0.00012392  0.00038978], Best Fitness = 0.0023111357621563577, Evaluations = 8448
Generation 264: Best Solution = [-0.00080407  0.00027811  0.00044638  0.00085991  0.00030506  0.00109435
 -0.00016876  0.00037275  0.00012392  0.00038978], Best Fitness = 0.0023111357621563577, Evaluations = 8480
Generation 265: Best Solution = [-0.00080407  0.00027811  0.00044638  0.00085991  0.00030506  0.00109435
 -0.00016876  0.00037275  0.00012392  0.00038978], Best Fitness = 0.0023111357621563577, Evaluations = 8512
Generation 266: Best Solution = [-0.00080407  0.00027811  0.00044638  0.00085991  0.00030506  0.00109435
 -0.00016876  0.00037275  0.00012392  0.00038978], Best Fitness = 0.0023111357621563577, Evaluations = 8544
Generation 267: Best Solution = [-0.00080407  0.00027811  0.00044638  0.00085991  0.00030506  0.00109435
 -0.00016876  0.00037275  0.00012392  0.00038978], Best Fitness = 0.0023111357621563577, Evaluations = 8576
Generation 268: Best Solution = [-0.00080407  0.00027811  0.00044638  0.00085991  0.00030506  0.00109435
 -0.00016876  0.00037275  0.00012392  0.00038978], Best Fitness = 0.0023111357621563577, Evaluations = 8608
Generation 269: Best Solution = [ 1.90994155e-04  5.06190338e-04  6.90536307e-04 -2.47163633e-06
  4.17404354e-04  1.43319891e-03 -3.52536726e-05 -1.82165729e-04
  2.91932312e-04 -2.62887347e-04], Best Fitness = 0.0022749700800877015, Evaluations = 8640
Generation 270: Best Solution = [ 1.90994155e-04  5.06190338e-04  6.90536307e-04 -2.47163633e-06
  4.17404354e-04  1.43319891e-03 -3.52536726e-05 -1.82165729e-04
  2.91932312e-04 -2.62887347e-04], Best Fitness = 0.0022749700800877015, Evaluations = 8672
Generation 271: Best Solution = [ 1.90994155e-04  5.06190338e-04  6.90536307e-04 -2.47163633e-06
  4.17404354e-04  1.43319891e-03 -3.52536726e-05 -1.82165729e-04
  2.91932312e-04 -2.62887347e-04], Best Fitness = 0.0022749700800877015, Evaluations = 8704
Generation 272: Best Solution = [ 1.90994155e-04  5.06190338e-04  6.90536307e-04 -2.47163633e-06
  4.17404354e-04  1.43319891e-03 -3.52536726e-05 -1.82165729e-04
  2.91932312e-04 -2.62887347e-04], Best Fitness = 0.0022749700800877015, Evaluations = 8736
Generation 273: Best Solution = [ 1.90994155e-04  5.06190338e-04  6.90536307e-04 -2.47163633e-06
  4.17404354e-04  1.43319891e-03 -3.52536726e-05 -1.82165729e-04
  2.91932312e-04 -2.62887347e-04], Best Fitness = 0.0022749700800877015, Evaluations = 8768
Generation 274: Best Solution = [-0.00080407  0.00063507  0.00044638 -0.00015254  0.00030506  0.00109435
 -0.00016876  0.00037275  0.00012392  0.0002296 ], Best Fitness = 0.0021309539013398826, Evaluations = 8800
Generation 275: Best Solution = [-0.00080407  0.00063507  0.00044638 -0.00015254  0.00030506  0.00109435
 -0.00016876  0.00037275  0.00012392  0.0002296 ], Best Fitness = 0.0021309539013398826, Evaluations = 8832
Generation 276: Best Solution = [-0.00080407  0.00063507  0.00044638 -0.00015254  0.00030506  0.00109435
 -0.00016876  0.00037275  0.00012392  0.0002296 ], Best Fitness = 0.0021309539013398826, Evaluations = 8864
Generation 277: Best Solution = [-0.00030108  0.00045083  0.00016277 -0.00023723 -0.00028734  0.00060024
  0.0004259  -0.00090381  0.00055302  0.00046768], Best Fitness = 0.0019483848319521435, Evaluations = 8896
Generation 278: Best Solution = [ 8.16569734e-04  1.70214114e-04 -2.11160289e-04  2.02876832e-05
 -2.33567506e-07  2.47696500e-04 -1.51085874e-04  4.26831563e-04
  6.76704966e-04  8.64175480e-05], Best Fitness = 0.00154278062446922, Evaluations = 8928
Generation 279: Best Solution = [ 8.16569734e-04  1.70214114e-04 -2.11160289e-04  2.02876832e-05
 -2.33567506e-07  2.47696500e-04 -1.51085874e-04  4.26831563e-04
  6.76704966e-04  8.64175480e-05], Best Fitness = 0.00137296066865078, Evaluations = 8960
Generation 280: Best Solution = [ 8.16569734e-04  1.70214114e-04 -2.11160289e-04  2.02876832e-05
 -2.33567506e-07  2.47696500e-04 -1.51085874e-04  4.26831563e-04
  6.76704966e-04  8.64175480e-05], Best Fitness = 0.00137296066865078, Evaluations = 8992
Generation 281: Best Solution = [ 8.16569734e-04  1.70214114e-04 -2.11160289e-04  2.02876832e-05
 -2.33567506e-07  2.47696500e-04 -1.51085874e-04  4.26831563e-04
  6.76704966e-04  8.64175480e-05], Best Fitness = 0.00137296066865078, Evaluations = 9024
Generation 282: Best Solution = [ 8.16569734e-04  1.70214114e-04 -2.11160289e-04  2.02876832e-05
 -2.33567506e-07  2.47696500e-04 -1.51085874e-04  4.26831563e-04
  6.76704966e-04  8.64175480e-05], Best Fitness = 0.00137296066865078, Evaluations = 9056
Generation 283: Best Solution = [ 8.16569734e-04  1.70214114e-04 -2.11160289e-04  2.02876832e-05
 -2.33567506e-07  2.47696500e-04 -1.51085874e-04  4.26831563e-04
  6.76704966e-04  8.64175480e-05], Best Fitness = 0.00137296066865078, Evaluations = 9088
Generation 284: Best Solution = [ 8.16569734e-04  1.70214114e-04 -2.11160289e-04  2.02876832e-05
 -2.33567506e-07  2.47696500e-04 -1.51085874e-04  4.26831563e-04
  6.76704966e-04  8.64175480e-05], Best Fitness = 0.00137296066865078, Evaluations = 9120
Generation 285: Best Solution = [ 8.16569734e-04  1.70214114e-04 -2.11160289e-04  2.02876832e-05
 -2.33567506e-07  2.47696500e-04 -1.51085874e-04  4.26831563e-04
  6.76704966e-04  8.64175480e-05], Best Fitness = 0.00137296066865078, Evaluations = 9152
Generation 286: Best Solution = [ 8.16569734e-04  1.70214114e-04 -2.11160289e-04  2.02876832e-05
 -2.33567506e-07  2.47696500e-04 -1.51085874e-04  4.26831563e-04
  6.76704966e-04  8.64175480e-05], Best Fitness = 0.00137296066865078, Evaluations = 9184
Generation 287: Best Solution = [ 8.16569734e-04  1.70214114e-04 -2.11160289e-04  2.02876832e-05
 -2.33567506e-07  2.47696500e-04 -1.51085874e-04  4.26831563e-04
  6.76704966e-04  8.64175480e-05], Best Fitness = 0.00137296066865078, Evaluations = 9216
Generation 288: Best Solution = [-1.42981341e-05 -2.23131720e-04  6.10338529e-04 -1.52540032e-04
  3.05058287e-04 -1.63014698e-04 -1.68759951e-04  3.72749658e-04
 -1.85638901e-04  2.29599381e-04], Best Fitness = 0.001149798389086687, Evaluations = 9248
Generation 289: Best Solution = [-1.42981341e-05 -2.23131720e-04  6.10338529e-04 -1.52540032e-04
  3.05058287e-04 -1.63014698e-04 -1.68759951e-04  3.72749658e-04
 -1.85638901e-04  2.29599381e-04], Best Fitness = 0.001149798389086687, Evaluations = 9280
Generation 290: Best Solution = [-1.42981341e-05 -2.23131720e-04  6.10338529e-04 -1.52540032e-04
  3.05058287e-04 -1.63014698e-04 -1.68759951e-04  3.72749658e-04
 -1.85638901e-04  2.29599381e-04], Best Fitness = 0.001149798389086687, Evaluations = 9312
Generation 291: Best Solution = [-1.17034787e-04 -4.06562470e-04  6.63731999e-05  1.03129068e-04
  1.33434294e-04  3.37490736e-05 -2.00993923e-04  3.10502438e-04
 -2.91518772e-04  3.94526212e-04], Best Fitness = 0.0009750862260102799, Evaluations = 9344
Generation 292: Best Solution = [-1.17034787e-04 -4.06562470e-04  6.63731999e-05  1.03129068e-04
  1.33434294e-04  3.37490736e-05 -2.00993923e-04  3.10502438e-04
 -2.91518772e-04  3.94526212e-04], Best Fitness = 0.0009750862260102799, Evaluations = 9376
Generation 293: Best Solution = [-1.17034787e-04 -4.06562470e-04  6.63731999e-05  1.03129068e-04
  1.33434294e-04  3.37490736e-05 -2.00993923e-04  3.10502438e-04
 -2.91518772e-04  3.94526212e-04], Best Fitness = 0.0009750862260102799, Evaluations = 9408
Generation 294: Best Solution = [-1.17034787e-04 -4.06562470e-04  6.63731999e-05  1.03129068e-04
  1.33434294e-04  3.37490736e-05 -2.00993923e-04  3.10502438e-04
 -2.91518772e-04  3.94526212e-04], Best Fitness = 0.0009750862260102799, Evaluations = 9440
Generation 295: Best Solution = [ 1.52000577e-04 -2.59893648e-05  3.66954595e-05 -1.10241334e-04
  4.65952169e-04 -1.52136272e-04  2.89793138e-04 -3.99680005e-04
 -7.50012326e-05  2.46599642e-04], Best Fitness = 0.0009728283374532687, Evaluations = 9472
Generation 296: Best Solution = [ 1.52000577e-04 -2.59893648e-05  3.66954595e-05 -1.10241334e-04
  4.65952169e-04 -1.52136272e-04  2.89793138e-04 -3.99680005e-04
 -7.50012326e-05  2.46599642e-04], Best Fitness = 0.0009728283374532687, Evaluations = 9504
Generation 297: Best Solution = [-1.17034787e-04  2.00773504e-04  6.63731999e-05  1.03129068e-04
  2.74881938e-04  3.37490736e-05 -2.00993923e-04  3.10502438e-04
 -2.91518772e-04  2.75979032e-04], Best Fitness = 0.0008449354400181797, Evaluations = 9536
Generation 298: Best Solution = [-1.17034787e-04  2.00773504e-04  6.63731999e-05  1.03129068e-04
  2.74881938e-04  3.37490736e-05 -2.00993923e-04  3.10502438e-04
 -2.91518772e-04  2.75979032e-04], Best Fitness = 0.0008449354400181797, Evaluations = 9568
Generation 299: Best Solution = [-1.17034787e-04  2.00773504e-04  6.63731999e-05  1.03129068e-04
  2.74881938e-04  3.37490736e-05 -2.00993923e-04  3.10502438e-04
 -2.91518772e-04  2.75979032e-04], Best Fitness = 0.0008449354400181797, Evaluations = 9600
Generation 300: Best Solution = [-2.16961739e-04  1.25925632e-04 -3.68455172e-05 -2.14220027e-04
  2.27639522e-04 -1.37112279e-06 -1.14571389e-04 -3.22397008e-04
  8.83213923e-05  1.09048888e-04], Best Fitness = 0.0006929756300846357, Evaluations = 9632
Generation 301: Best Solution = [-2.16961739e-04  1.25925632e-04 -3.68455172e-05 -2.14220027e-04
  2.27639522e-04 -1.37112279e-06 -1.14571389e-04 -3.22397008e-04
  8.83213923e-05  1.09048888e-04], Best Fitness = 0.0006929756300846357, Evaluations = 9664
Generation 302: Best Solution = [-2.16961739e-04  1.25925632e-04 -3.68455172e-05 -2.14220027e-04
  2.27639522e-04 -1.37112279e-06 -1.14571389e-04 -3.22397008e-04
  8.83213923e-05  1.09048888e-04], Best Fitness = 0.0006929756300846357, Evaluations = 9696
Generation 303: Best Solution = [-2.16961739e-04  1.25925632e-04 -3.68455172e-05 -2.14220027e-04
  2.27639522e-04 -1.37112279e-06 -1.14571389e-04 -3.22397008e-04
  8.83213923e-05  1.09048888e-04], Best Fitness = 0.0006869722024807068, Evaluations = 9728
Generation 304: Best Solution = [-2.16961739e-04  1.25925632e-04 -3.68455172e-05 -2.14220027e-04
  2.27639522e-04 -1.37112279e-06 -1.14571389e-04 -3.22397008e-04
  8.83213923e-05  1.09048888e-04], Best Fitness = 0.0006869722024807068, Evaluations = 9760
Generation 305: Best Solution = [-1.07885994e-04 -2.62612521e-04 -1.47951565e-05 -1.38458337e-04
 -1.66021980e-04  1.88167608e-05  1.86945116e-04 -4.40421202e-05
  1.85901264e-04 -1.17740518e-04], Best Fitness = 0.0005852204673613137, Evaluations = 9792
Generation 306: Best Solution = [-1.07885994e-04 -2.62612521e-04 -1.47951565e-05 -1.38458337e-04
 -1.66021980e-04  1.88167608e-05  1.86945116e-04 -4.40421202e-05
  1.85901264e-04 -1.17740518e-04], Best Fitness = 0.0005852204673613137, Evaluations = 9824
Generation 307: Best Solution = [-1.07885994e-04 -2.62612521e-04 -1.47951565e-05 -1.38458337e-04
 -1.66021980e-04  1.88167608e-05  1.86945116e-04 -4.40421202e-05
  1.85901264e-04 -1.17740518e-04], Best Fitness = 0.0005852204673613137, Evaluations = 9856
Generation 308: Best Solution = [-1.07885994e-04 -2.62612521e-04 -1.47951565e-05 -1.38458337e-04
 -1.66021980e-04  1.88167608e-05  1.86945116e-04 -4.40421202e-05
  1.85901264e-04 -1.17740518e-04], Best Fitness = 0.0005852204673613137, Evaluations = 9888
Generation 309: Best Solution = [-1.07885994e-04 -2.62612521e-04 -1.47951565e-05 -1.38458337e-04
 -1.66021980e-04  1.88167608e-05  1.86945116e-04 -4.40421202e-05
  1.85901264e-04 -1.17740518e-04], Best Fitness = 0.0005852204673613137, Evaluations = 9920
Generation 310: Best Solution = [-1.07885994e-04 -2.62612521e-04 -1.47951565e-05 -1.38458337e-04
 -1.66021980e-04  1.88167608e-05  1.86945116e-04 -4.40421202e-05
  1.85901264e-04 -1.17740518e-04], Best Fitness = 0.0005852204673613137, Evaluations = 9952
Generation 311: Best Solution = [-1.49505055e-04  1.61216176e-04  6.13857652e-05  9.11025822e-05
  1.39441972e-05  4.05956139e-05 -1.65378075e-04 -4.49055304e-06
  1.60895594e-05  3.19188000e-04], Best Fitness = 0.0005549348756912487, Evaluations = 9984
Generation 312: Best Solution = [-1.49505055e-04  1.61216176e-04  6.13857652e-05  9.11025822e-05
  1.39441972e-05  4.05956139e-05 -1.65378075e-04 -4.49055304e-06
  1.60895594e-05  3.19188000e-04], Best Fitness = 0.0005549348756912487, Evaluations = 10016
