Algorithm: Differential Evolution
Objective Function: Ackley
Dimension: 2
Population Size: 8
Max Evaluations: 2000

Generation 0: Best Solution = [  3.51039757 -11.96034529], Best Fitness = 18.301267366821218, Evaluations = 8
Generation 1: Best Solution = [  3.51039757 -11.96034529], Best Fitness = 18.301267366821218, Evaluations = 16
Generation 2: Best Solution = [  3.51039757 -11.96034529], Best Fitness = 18.301267366821218, Evaluations = 24
Generation 3: Best Solution = [3.51039757 3.16570735], Best Fitness = 11.68707883100812, Evaluations = 32
Generation 4: Best Solution = [3.51039757 3.16570735], Best Fitness = 11.68707883100812, Evaluations = 40
Generation 5: Best Solution = [3.51039757 3.16570735], Best Fitness = 11.68707883100812, Evaluations = 48
Generation 6: Best Solution = [3.51039757 3.16570735], Best Fitness = 11.68707883100812, Evaluations = 56
Generation 7: Best Solution = [3.51039757 3.16570735], Best Fitness = 11.68707883100812, Evaluations = 64
Generation 8: Best Solution = [0.96098953 2.41879799], Best Fitness = 7.827082412193317, Evaluations = 72
Generation 9: Best Solution = [0.96098953 2.41879799], Best Fitness = 7.827082412193317, Evaluations = 80
Generation 10: Best Solution = [0.96098953 2.41879799], Best Fitness = 7.827082412193317, Evaluations = 88
Generation 11: Best Solution = [0.96098953 2.41879799], Best Fitness = 7.827082412193317, Evaluations = 96
Generation 12: Best Solution = [1.77450244 1.1135763 ], Best Fitness = 6.270951759893691, Evaluations = 104
Generation 13: Best Solution = [-0.59183495  1.1135763 ], Best Fitness = 5.025400414349708, Evaluations = 112
Generation 14: Best Solution = [0.92858972 0.18239379], Best Fitness = 3.2953681368036176, Evaluations = 120
Generation 15: Best Solution = [0.92858972 0.18239379], Best Fitness = 1.307336236453843, Evaluations = 128
Generation 16: Best Solution = [0.92858972 0.18239379], Best Fitness = 1.307336236453843, Evaluations = 136
Generation 17: Best Solution = [0.92858972 0.18239379], Best Fitness = 1.307336236453843, Evaluations = 144
Generation 18: Best Solution = [0.92858972 0.18239379], Best Fitness = 1.307336236453843, Evaluations = 152
Generation 19: Best Solution = [0.92858972 0.18239379], Best Fitness = 1.307336236453843, Evaluations = 160
Generation 20: Best Solution = [0.12975448 0.13155014], Best Fitness = 1.2572088081377655, Evaluations = 168
Generation 21: Best Solution = [0.01149447 0.04935145], Best Fitness = 0.21032175647149076, Evaluations = 176
Generation 22: Best Solution = [0.01149447 0.04935145], Best Fitness = 0.21032175647149076, Evaluations = 184
Generation 23: Best Solution = [0.01149447 0.04935145], Best Fitness = 0.21032175647149076, Evaluations = 192
Generation 24: Best Solution = [0.01149447 0.04935145], Best Fitness = 0.21032175647149076, Evaluations = 200
Generation 25: Best Solution = [0.01149447 0.04935145], Best Fitness = 0.21032175647149076, Evaluations = 208
Generation 26: Best Solution = [ 0.02598224 -0.01526234], Best Fitness = 0.10925569897343168, Evaluations = 216
Generation 27: Best Solution = [ 0.02598224 -0.01526234], Best Fitness = 0.10925569897343168, Evaluations = 224
Generation 28: Best Solution = [ 0.02598224 -0.01526234], Best Fitness = 0.10925569897343168, Evaluations = 232
Generation 29: Best Solution = [-0.00480533 -0.02255952], Best Fitness = 0.07934627766682611, Evaluations = 240
Generation 30: Best Solution = [-0.00480533 -0.02255952], Best Fitness = 0.07934627766682611, Evaluations = 248
Generation 31: Best Solution = [-0.00480533 -0.02255952], Best Fitness = 0.07934627766682611, Evaluations = 256
Generation 32: Best Solution = [-0.00480533 -0.02255952], Best Fitness = 0.07934627766682611, Evaluations = 264
Generation 33: Best Solution = [0.00876918 0.00049002], Best Fitness = 0.026894438133009846, Evaluations = 272
Generation 34: Best Solution = [0.00876918 0.00049002], Best Fitness = 0.026894438133009846, Evaluations = 280
Generation 35: Best Solution = [0.00876918 0.00049002], Best Fitness = 0.026894438133009846, Evaluations = 288
Generation 36: Best Solution = [-0.00212046 -0.00174529], Best Fitness = 0.007968654709579415, Evaluations = 296
Generation 37: Best Solution = [-0.00212046 -0.00174529], Best Fitness = 0.007968654709579415, Evaluations = 304
Generation 38: Best Solution = [-0.00134916  0.00049002], Best Fitness = 0.004114756544400411, Evaluations = 312
Generation 39: Best Solution = [-0.00134916  0.00049002], Best Fitness = 0.004114756544400411, Evaluations = 320
Generation 40: Best Solution = [-0.00134916  0.00049002], Best Fitness = 0.004114756544400411, Evaluations = 328
Generation 41: Best Solution = [-0.00134916  0.00049002], Best Fitness = 0.004114756544400411, Evaluations = 336
Generation 42: Best Solution = [-0.00134916  0.00049002], Best Fitness = 0.004114756544400411, Evaluations = 344
Generation 43: Best Solution = [ 0.00117817 -0.00056683], Best Fitness = 0.0037435002932011407, Evaluations = 352
Generation 44: Best Solution = [ 0.00117817 -0.00056683], Best Fitness = 0.003714720067968802, Evaluations = 360
Generation 45: Best Solution = [0.00074159 0.00049002], Best Fitness = 0.002535128412123999, Evaluations = 368
Generation 46: Best Solution = [0.00074159 0.00049002], Best Fitness = 0.002535128412123999, Evaluations = 376
Generation 47: Best Solution = [0.00074159 0.00049002], Best Fitness = 0.0021526520684926886, Evaluations = 384
Generation 48: Best Solution = [0.00074159 0.00049002], Best Fitness = 0.0021526520684926886, Evaluations = 392
Generation 49: Best Solution = [-0.00034212 -0.000618  ], Best Fitness = 0.0020112306719934914, Evaluations = 400
Generation 50: Best Solution = [-0.00034212 -0.000618  ], Best Fitness = 0.0020112306719934914, Evaluations = 408
Generation 51: Best Solution = [-1.22138534e-05 -5.43533469e-04], Best Fitness = 0.0015456036392262895, Evaluations = 416
Generation 52: Best Solution = [-1.22138534e-05  1.50274587e-04], Best Fitness = 0.000427047608284159, Evaluations = 424
Generation 53: Best Solution = [-1.22138534e-05  1.50274587e-04], Best Fitness = 0.000427047608284159, Evaluations = 432
Generation 54: Best Solution = [-1.22138534e-05  1.50274587e-04], Best Fitness = 0.000427047608284159, Evaluations = 440
Generation 55: Best Solution = [-1.22138534e-05  1.50274587e-04], Best Fitness = 0.0003831892467798248, Evaluations = 448
Generation 56: Best Solution = [-1.22138534e-05  1.50274587e-04], Best Fitness = 0.0003831892467798248, Evaluations = 456
Generation 57: Best Solution = [-1.70076992e-05  9.45796359e-05], Best Fitness = 0.0002720483203018098, Evaluations = 464
Generation 58: Best Solution = [-1.70076992e-05  9.45796359e-05], Best Fitness = 4.861932285082915e-05, Evaluations = 472
Generation 59: Best Solution = [-1.70076992e-05  9.45796359e-05], Best Fitness = 4.861932285082915e-05, Evaluations = 480
Generation 60: Best Solution = [-1.70076992e-05  9.45796359e-05], Best Fitness = 4.861932285082915e-05, Evaluations = 488
Generation 61: Best Solution = [-1.70076992e-05  9.45796359e-05], Best Fitness = 4.861932285082915e-05, Evaluations = 496
Generation 62: Best Solution = [-1.70076992e-05  9.45796359e-05], Best Fitness = 4.861932285082915e-05, Evaluations = 504
Generation 63: Best Solution = [-1.70076992e-05  9.45796359e-05], Best Fitness = 4.861932285082915e-05, Evaluations = 512
Generation 64: Best Solution = [8.26323719e-06 4.34180098e-06], Best Fitness = 2.6404187476902763e-05, Evaluations = 520
Generation 65: Best Solution = [6.84698776e-06 3.95342274e-06], Best Fitness = 2.23642749124231e-05, Evaluations = 528
Generation 66: Best Solution = [1.24230601e-06 3.30644759e-06], Best Fitness = 9.990695521100434e-06, Evaluations = 536
Generation 67: Best Solution = [-1.15607440e-06  1.55929376e-06], Best Fitness = 5.4903863255795216e-06, Evaluations = 544
Generation 68: Best Solution = [-1.15607440e-06  1.55929376e-06], Best Fitness = 5.4903863255795216e-06, Evaluations = 552
Generation 69: Best Solution = [-7.32093279e-07  1.34637632e-06], Best Fitness = 4.3347503297930245e-06, Evaluations = 560
Generation 70: Best Solution = [-7.32093279e-07  1.34637632e-06], Best Fitness = 4.3347503297930245e-06, Evaluations = 568
Generation 71: Best Solution = [-7.32093279e-07  1.34637632e-06], Best Fitness = 4.3347503297930245e-06, Evaluations = 576
Generation 72: Best Solution = [-7.32093279e-07  1.34637632e-06], Best Fitness = 4.3347503297930245e-06, Evaluations = 584
Generation 73: Best Solution = [-1.45474615e-07  8.46260284e-07], Best Fitness = 2.4287136572986867e-06, Evaluations = 592
Generation 74: Best Solution = [-1.45474615e-07  8.46260284e-07], Best Fitness = 2.4287136572986867e-06, Evaluations = 600
Generation 75: Best Solution = [ 1.18609549e-07 -4.79135690e-07], Best Fitness = 1.3961131739570476e-06, Evaluations = 608
Generation 76: Best Solution = [ 3.88823116e-07 -1.62460129e-07], Best Fitness = 1.1918997206983306e-06, Evaluations = 616
Generation 77: Best Solution = [-2.89229395e-07 -1.62460129e-07], Best Fitness = 9.382861958506794e-07, Evaluations = 624
Generation 78: Best Solution = [-7.05920269e-08 -3.11960538e-07], Best Fitness = 9.046689020131282e-07, Evaluations = 632
Generation 79: Best Solution = [-7.05920269e-08 -3.11960538e-07], Best Fitness = 9.046689020131282e-07, Evaluations = 640
Generation 80: Best Solution = [-1.88152837e-07  2.53102242e-09], Best Fitness = 5.322256773077072e-07, Evaluations = 648
Generation 81: Best Solution = [-7.05920269e-08 -1.62460129e-07], Best Fitness = 5.010120358583947e-07, Evaluations = 656
Generation 82: Best Solution = [-9.05406654e-09  2.53102242e-09], Best Fitness = 2.6590559532024827e-08, Evaluations = 664
Generation 83: Best Solution = [-9.05406654e-09  2.53102242e-09], Best Fitness = 2.6590559532024827e-08, Evaluations = 672
Generation 84: Best Solution = [-9.05406654e-09  2.53102242e-09], Best Fitness = 2.6590559532024827e-08, Evaluations = 680
Generation 85: Best Solution = [-9.05406654e-09  2.53102242e-09], Best Fitness = 2.6590559532024827e-08, Evaluations = 688
Generation 86: Best Solution = [-9.05406654e-09  2.53102242e-09], Best Fitness = 2.6590559532024827e-08, Evaluations = 696
Generation 87: Best Solution = [-9.05406654e-09  2.53102242e-09], Best Fitness = 2.6590559532024827e-08, Evaluations = 704
Generation 88: Best Solution = [-9.05406654e-09  2.53102242e-09], Best Fitness = 2.6590559532024827e-08, Evaluations = 712
Generation 89: Best Solution = [-9.05406654e-09  2.53102242e-09], Best Fitness = 2.6590559532024827e-08, Evaluations = 720
Generation 90: Best Solution = [-9.05406654e-09  2.53102242e-09], Best Fitness = 2.6590559532024827e-08, Evaluations = 728
Generation 91: Best Solution = [-9.05406654e-09  2.53102242e-09], Best Fitness = 2.6590559532024827e-08, Evaluations = 736
Generation 92: Best Solution = [ 7.53543424e-09 -2.89115405e-09], Best Fitness = 2.2828324564017066e-08, Evaluations = 744
Generation 93: Best Solution = [ 7.53543424e-09 -2.89115405e-09], Best Fitness = 2.2828324564017066e-08, Evaluations = 752
Generation 94: Best Solution = [-8.53859956e-10  5.71549493e-09], Best Fitness = 1.6345265141382015e-08, Evaluations = 760
Generation 95: Best Solution = [-8.53859956e-10  1.27369371e-09], Best Fitness = 4.337160408596219e-09, Evaluations = 768
Generation 96: Best Solution = [-8.53859956e-10  1.27369371e-09], Best Fitness = 4.337160408596219e-09, Evaluations = 776
Generation 97: Best Solution = [-8.53859956e-10  1.27369371e-09], Best Fitness = 4.337160408596219e-09, Evaluations = 784
Generation 98: Best Solution = [-8.53859956e-10  1.27369371e-09], Best Fitness = 4.337160408596219e-09, Evaluations = 792
Generation 99: Best Solution = [ 2.21528523e-10 -2.34287579e-10], Best Fitness = 9.11989150864656e-10, Evaluations = 800
Generation 100: Best Solution = [ 2.21528523e-10 -2.34287579e-10], Best Fitness = 9.11989150864656e-10, Evaluations = 808
Generation 101: Best Solution = [ 2.21528523e-10 -2.34287579e-10], Best Fitness = 9.11989150864656e-10, Evaluations = 816
Generation 102: Best Solution = [ 2.21528523e-10 -2.34287579e-10], Best Fitness = 9.11989150864656e-10, Evaluations = 824
Generation 103: Best Solution = [ 2.21528523e-10 -2.34287579e-10], Best Fitness = 9.11989150864656e-10, Evaluations = 832
Generation 104: Best Solution = [ 2.21528523e-10 -2.34287579e-10], Best Fitness = 9.11989150864656e-10, Evaluations = 840
Generation 105: Best Solution = [ 2.21528523e-10 -2.34287579e-10], Best Fitness = 9.11989150864656e-10, Evaluations = 848
Generation 106: Best Solution = [-7.05867919e-11 -3.12490100e-11], Best Fitness = 2.1833956864725224e-10, Evaluations = 856
Generation 107: Best Solution = [-7.05867919e-11 -3.12490100e-11], Best Fitness = 2.1833956864725224e-10, Evaluations = 864
Generation 108: Best Solution = [ 6.08081779e-11 -4.23841954e-11], Best Fitness = 2.096496309889062e-10, Evaluations = 872
Generation 109: Best Solution = [ 6.08081779e-11 -4.23841954e-11], Best Fitness = 2.096496309889062e-10, Evaluations = 880
Generation 110: Best Solution = [ 5.77478021e-11 -3.30799694e-11], Best Fitness = 1.882374256467756e-10, Evaluations = 888
Generation 111: Best Solution = [6.08081779e-11 1.18624799e-11], Best Fitness = 1.7523449358236576e-10, Evaluations = 896
Generation 112: Best Solution = [6.08081779e-11 1.18624799e-11], Best Fitness = 1.7523449358236576e-10, Evaluations = 904
Generation 113: Best Solution = [ 5.77478021e-11 -9.26215017e-12], Best Fitness = 1.6542189840151877e-10, Evaluations = 912
Generation 114: Best Solution = [ 2.18066633e-11 -3.64445361e-11], Best Fitness = 1.201247989968124e-10, Evaluations = 920
Generation 115: Best Solution = [ 2.18066633e-11 -3.64445361e-11], Best Fitness = 1.201247989968124e-10, Evaluations = 928
Generation 116: Best Solution = [ 9.72767678e-12 -9.26215017e-12], Best Fitness = 3.799316417030241e-11, Evaluations = 936
Generation 117: Best Solution = [ 9.72767678e-12 -9.26215017e-12], Best Fitness = 3.799316417030241e-11, Evaluations = 944
Generation 118: Best Solution = [ 9.72767678e-12 -9.26215017e-12], Best Fitness = 3.799316417030241e-11, Evaluations = 952
Generation 119: Best Solution = [ 9.72767678e-12 -9.26215017e-12], Best Fitness = 3.799316417030241e-11, Evaluations = 960
Generation 120: Best Solution = [ 9.72767678e-12 -9.26215017e-12], Best Fitness = 3.799316417030241e-11, Evaluations = 968
Generation 121: Best Solution = [ 9.72767678e-12 -4.64670118e-12], Best Fitness = 3.048983288067575e-11, Evaluations = 976
Generation 122: Best Solution = [1.34658328e-14 4.54854431e-12], Best Fitness = 1.2864820320146464e-11, Evaluations = 984
Generation 123: Best Solution = [1.34658328e-14 4.54854431e-12], Best Fitness = 1.2864820320146464e-11, Evaluations = 992
Generation 124: Best Solution = [1.34658328e-14 4.54854431e-12], Best Fitness = 5.787814671975866e-12, Evaluations = 1000
Generation 125: Best Solution = [1.34658328e-14 4.54854431e-12], Best Fitness = 5.787814671975866e-12, Evaluations = 1008
Generation 126: Best Solution = [-5.73439546e-13  1.22959702e-12], Best Fitness = 3.837374862314391e-12, Evaluations = 1016
Generation 127: Best Solution = [-5.73439546e-13  1.22959702e-12], Best Fitness = 3.837374862314391e-12, Evaluations = 1024
Generation 128: Best Solution = [-2.8585591e-13  1.3188586e-12], Best Fitness = 3.816058580241588e-12, Evaluations = 1032
Generation 129: Best Solution = [-4.61927524e-13  7.60240712e-13], Best Fitness = 2.5157653738006047e-12, Evaluations = 1040
Generation 130: Best Solution = [1.34658328e-14 5.25591845e-13], Best Fitness = 1.48903112062726e-12, Evaluations = 1048
Generation 131: Best Solution = [1.34658328e-14 5.25591845e-13], Best Fitness = 1.48903112062726e-12, Evaluations = 1056
Generation 132: Best Solution = [1.34658328e-14 5.25591845e-13], Best Fitness = 1.48903112062726e-12, Evaluations = 1064
Generation 133: Best Solution = [-3.53501428e-14 -4.20904871e-14], Best Fitness = 1.567634910770721e-13, Evaluations = 1072
Generation 134: Best Solution = [-3.53501428e-14 -4.20904871e-14], Best Fitness = 1.567634910770721e-13, Evaluations = 1080
Generation 135: Best Solution = [-3.53501428e-14 -4.20904871e-14], Best Fitness = 1.567634910770721e-13, Evaluations = 1088
Generation 136: Best Solution = [-3.53501428e-14 -4.20904871e-14], Best Fitness = 1.567634910770721e-13, Evaluations = 1096
Generation 137: Best Solution = [-1.08154986e-14 -4.20904871e-14], Best Fitness = 1.212363542890671e-13, Evaluations = 1104
Generation 138: Best Solution = [-1.08154986e-14 -4.20904871e-14], Best Fitness = 1.212363542890671e-13, Evaluations = 1112
Generation 139: Best Solution = [ 1.34658328e-14 -2.94691596e-14], Best Fitness = 9.281464485866309e-14, Evaluations = 1120
Generation 140: Best Solution = [ 1.34658328e-14 -2.94691596e-14], Best Fitness = 9.281464485866309e-14, Evaluations = 1128
Generation 141: Best Solution = [-6.45535845e-15 -2.33730585e-14], Best Fitness = 6.794564910705958e-14, Evaluations = 1136
Generation 142: Best Solution = [-6.45535845e-15 -2.33730585e-14], Best Fitness = 6.794564910705958e-14, Evaluations = 1144
Generation 143: Best Solution = [-4.94784746e-16 -7.25726408e-15], Best Fitness = 2.1760371282653068e-14, Evaluations = 1152
Generation 144: Best Solution = [-4.94784746e-16 -7.25726408e-15], Best Fitness = 2.1760371282653068e-14, Evaluations = 1160
Generation 145: Best Solution = [-4.94784746e-16 -7.25726408e-15], Best Fitness = 2.1760371282653068e-14, Evaluations = 1168
Generation 146: Best Solution = [-4.94784746e-16 -7.25726408e-15], Best Fitness = 2.1760371282653068e-14, Evaluations = 1176
Generation 147: Best Solution = [4.10672830e-15 3.07253516e-15], Best Fitness = 1.4654943925052066e-14, Evaluations = 1184
Generation 148: Best Solution = [4.10672830e-15 3.07253516e-15], Best Fitness = 1.4654943925052066e-14, Evaluations = 1192
Generation 149: Best Solution = [4.10672830e-15 3.07253516e-15], Best Fitness = 7.549516567451064e-15, Evaluations = 1200
Generation 150: Best Solution = [4.10672830e-15 3.07253516e-15], Best Fitness = 7.549516567451064e-15, Evaluations = 1208
Generation 151: Best Solution = [4.10672830e-15 3.07253516e-15], Best Fitness = 3.9968028886505635e-15, Evaluations = 1216
Generation 152: Best Solution = [4.10672830e-15 3.07253516e-15], Best Fitness = 3.9968028886505635e-15, Evaluations = 1224
Generation 153: Best Solution = [4.10672830e-15 3.07253516e-15], Best Fitness = 3.9968028886505635e-15, Evaluations = 1232
Generation 154: Best Solution = [4.10672830e-15 3.07253516e-15], Best Fitness = 3.9968028886505635e-15, Evaluations = 1240
Generation 155: Best Solution = [-3.08975321e-16  1.21678333e-17], Best Fitness = 4.440892098500626e-16, Evaluations = 1248
Generation 156: Best Solution = [-3.08975321e-16  1.21678333e-17], Best Fitness = 4.440892098500626e-16, Evaluations = 1256
Generation 157: Best Solution = [-3.08975321e-16  1.21678333e-17], Best Fitness = 4.440892098500626e-16, Evaluations = 1264
Generation 158: Best Solution = [-3.08975321e-16  1.21678333e-17], Best Fitness = 4.440892098500626e-16, Evaluations = 1272
Generation 159: Best Solution = [-3.08975321e-16  1.21678333e-17], Best Fitness = 4.440892098500626e-16, Evaluations = 1280
Generation 160: Best Solution = [-3.08975321e-16  1.21678333e-17], Best Fitness = 4.440892098500626e-16, Evaluations = 1288
Generation 161: Best Solution = [-3.08975321e-16  1.21678333e-17], Best Fitness = 4.440892098500626e-16, Evaluations = 1296
Generation 162: Best Solution = [-3.08975321e-16  1.21678333e-17], Best Fitness = 4.440892098500626e-16, Evaluations = 1304
Generation 163: Best Solution = [-3.08975321e-16  1.21678333e-17], Best Fitness = 4.440892098500626e-16, Evaluations = 1312
Generation 164: Best Solution = [-3.08975321e-16  1.21678333e-17], Best Fitness = 4.440892098500626e-16, Evaluations = 1320
Generation 165: Best Solution = [-3.08975321e-16  1.21678333e-17], Best Fitness = 4.440892098500626e-16, Evaluations = 1328
Generation 166: Best Solution = [-3.08975321e-16  1.21678333e-17], Best Fitness = 4.440892098500626e-16, Evaluations = 1336
Generation 167: Best Solution = [-3.08975321e-16  1.21678333e-17], Best Fitness = 4.440892098500626e-16, Evaluations = 1344
Generation 168: Best Solution = [-3.08975321e-16  1.21678333e-17], Best Fitness = 4.440892098500626e-16, Evaluations = 1352
Generation 169: Best Solution = [-3.08975321e-16  1.21678333e-17], Best Fitness = 4.440892098500626e-16, Evaluations = 1360
Generation 170: Best Solution = [-3.08975321e-16  1.21678333e-17], Best Fitness = 4.440892098500626e-16, Evaluations = 1368
Generation 171: Best Solution = [-3.08975321e-16  1.21678333e-17], Best Fitness = 4.440892098500626e-16, Evaluations = 1376
Generation 172: Best Solution = [-3.08975321e-16  1.21678333e-17], Best Fitness = 4.440892098500626e-16, Evaluations = 1384
Generation 173: Best Solution = [-3.08975321e-16  1.21678333e-17], Best Fitness = 4.440892098500626e-16, Evaluations = 1392
Generation 174: Best Solution = [-3.08975321e-16  1.21678333e-17], Best Fitness = 4.440892098500626e-16, Evaluations = 1400
Generation 175: Best Solution = [-3.08975321e-16  1.21678333e-17], Best Fitness = 4.440892098500626e-16, Evaluations = 1408
Generation 176: Best Solution = [-3.08975321e-16  1.21678333e-17], Best Fitness = 4.440892098500626e-16, Evaluations = 1416
Generation 177: Best Solution = [-3.08975321e-16  1.21678333e-17], Best Fitness = 4.440892098500626e-16, Evaluations = 1424
Generation 178: Best Solution = [-3.08975321e-16  1.21678333e-17], Best Fitness = 4.440892098500626e-16, Evaluations = 1432
Generation 179: Best Solution = [-3.08975321e-16  1.21678333e-17], Best Fitness = 4.440892098500626e-16, Evaluations = 1440
Generation 180: Best Solution = [-3.08975321e-16  1.21678333e-17], Best Fitness = 4.440892098500626e-16, Evaluations = 1448
Generation 181: Best Solution = [-3.08975321e-16  1.21678333e-17], Best Fitness = 4.440892098500626e-16, Evaluations = 1456
Generation 182: Best Solution = [-3.08975321e-16  1.21678333e-17], Best Fitness = 4.440892098500626e-16, Evaluations = 1464
Generation 183: Best Solution = [-3.08975321e-16  1.21678333e-17], Best Fitness = 4.440892098500626e-16, Evaluations = 1472
Generation 184: Best Solution = [-3.08975321e-16  1.21678333e-17], Best Fitness = 4.440892098500626e-16, Evaluations = 1480
Generation 185: Best Solution = [-3.08975321e-16  1.21678333e-17], Best Fitness = 4.440892098500626e-16, Evaluations = 1488
Generation 186: Best Solution = [-3.08975321e-16  1.21678333e-17], Best Fitness = 4.440892098500626e-16, Evaluations = 1496
Generation 187: Best Solution = [-3.08975321e-16  1.21678333e-17], Best Fitness = 4.440892098500626e-16, Evaluations = 1504
Generation 188: Best Solution = [-3.08975321e-16  1.21678333e-17], Best Fitness = 4.440892098500626e-16, Evaluations = 1512
Generation 189: Best Solution = [-3.08975321e-16  1.21678333e-17], Best Fitness = 4.440892098500626e-16, Evaluations = 1520
Generation 190: Best Solution = [-3.08975321e-16  1.21678333e-17], Best Fitness = 4.440892098500626e-16, Evaluations = 1528
Generation 191: Best Solution = [-3.08975321e-16  1.21678333e-17], Best Fitness = 4.440892098500626e-16, Evaluations = 1536
Generation 192: Best Solution = [-3.08975321e-16  1.21678333e-17], Best Fitness = 4.440892098500626e-16, Evaluations = 1544
Generation 193: Best Solution = [-3.08975321e-16  1.21678333e-17], Best Fitness = 4.440892098500626e-16, Evaluations = 1552
Generation 194: Best Solution = [-3.08975321e-16  1.21678333e-17], Best Fitness = 4.440892098500626e-16, Evaluations = 1560
Generation 195: Best Solution = [-3.08975321e-16  1.21678333e-17], Best Fitness = 4.440892098500626e-16, Evaluations = 1568
Generation 196: Best Solution = [-3.08975321e-16  1.21678333e-17], Best Fitness = 4.440892098500626e-16, Evaluations = 1576
Generation 197: Best Solution = [-3.08975321e-16  1.21678333e-17], Best Fitness = 4.440892098500626e-16, Evaluations = 1584
Generation 198: Best Solution = [-3.08975321e-16  1.21678333e-17], Best Fitness = 4.440892098500626e-16, Evaluations = 1592
Generation 199: Best Solution = [-3.08975321e-16  1.21678333e-17], Best Fitness = 4.440892098500626e-16, Evaluations = 1600
Generation 200: Best Solution = [-3.08975321e-16  1.21678333e-17], Best Fitness = 4.440892098500626e-16, Evaluations = 1608
Generation 201: Best Solution = [-3.08975321e-16  1.21678333e-17], Best Fitness = 4.440892098500626e-16, Evaluations = 1616
Generation 202: Best Solution = [-3.08975321e-16  1.21678333e-17], Best Fitness = 4.440892098500626e-16, Evaluations = 1624
Generation 203: Best Solution = [-3.08975321e-16  1.21678333e-17], Best Fitness = 4.440892098500626e-16, Evaluations = 1632
Generation 204: Best Solution = [-3.08975321e-16  1.21678333e-17], Best Fitness = 4.440892098500626e-16, Evaluations = 1640
Generation 205: Best Solution = [-3.08975321e-16  1.21678333e-17], Best Fitness = 4.440892098500626e-16, Evaluations = 1648
Generation 206: Best Solution = [-3.08975321e-16  1.21678333e-17], Best Fitness = 4.440892098500626e-16, Evaluations = 1656
Generation 207: Best Solution = [-3.08975321e-16  1.21678333e-17], Best Fitness = 4.440892098500626e-16, Evaluations = 1664
Generation 208: Best Solution = [-3.08975321e-16  1.21678333e-17], Best Fitness = 4.440892098500626e-16, Evaluations = 1672
Generation 209: Best Solution = [-3.08975321e-16  1.21678333e-17], Best Fitness = 4.440892098500626e-16, Evaluations = 1680
Generation 210: Best Solution = [-3.08975321e-16  1.21678333e-17], Best Fitness = 4.440892098500626e-16, Evaluations = 1688
Generation 211: Best Solution = [-3.08975321e-16  1.21678333e-17], Best Fitness = 4.440892098500626e-16, Evaluations = 1696
Generation 212: Best Solution = [-3.08975321e-16  1.21678333e-17], Best Fitness = 4.440892098500626e-16, Evaluations = 1704
Generation 213: Best Solution = [-3.08975321e-16  1.21678333e-17], Best Fitness = 4.440892098500626e-16, Evaluations = 1712
Generation 214: Best Solution = [-3.08975321e-16  1.21678333e-17], Best Fitness = 4.440892098500626e-16, Evaluations = 1720
Generation 215: Best Solution = [-3.08975321e-16  1.21678333e-17], Best Fitness = 4.440892098500626e-16, Evaluations = 1728
Generation 216: Best Solution = [-3.08975321e-16  1.21678333e-17], Best Fitness = 4.440892098500626e-16, Evaluations = 1736
Generation 217: Best Solution = [-3.08975321e-16  1.21678333e-17], Best Fitness = 4.440892098500626e-16, Evaluations = 1744
Generation 218: Best Solution = [-3.08975321e-16  1.21678333e-17], Best Fitness = 4.440892098500626e-16, Evaluations = 1752
Generation 219: Best Solution = [-3.08975321e-16  1.21678333e-17], Best Fitness = 4.440892098500626e-16, Evaluations = 1760
Generation 220: Best Solution = [-3.08975321e-16  1.21678333e-17], Best Fitness = 4.440892098500626e-16, Evaluations = 1768
Generation 221: Best Solution = [-3.08975321e-16  1.21678333e-17], Best Fitness = 4.440892098500626e-16, Evaluations = 1776
Generation 222: Best Solution = [-3.08975321e-16  1.21678333e-17], Best Fitness = 4.440892098500626e-16, Evaluations = 1784
Generation 223: Best Solution = [-3.08975321e-16  1.21678333e-17], Best Fitness = 4.440892098500626e-16, Evaluations = 1792
Generation 224: Best Solution = [-3.08975321e-16  1.21678333e-17], Best Fitness = 4.440892098500626e-16, Evaluations = 1800
Generation 225: Best Solution = [-3.08975321e-16  1.21678333e-17], Best Fitness = 4.440892098500626e-16, Evaluations = 1808
Generation 226: Best Solution = [-3.08975321e-16  1.21678333e-17], Best Fitness = 4.440892098500626e-16, Evaluations = 1816
Generation 227: Best Solution = [-3.08975321e-16  1.21678333e-17], Best Fitness = 4.440892098500626e-16, Evaluations = 1824
Generation 228: Best Solution = [-3.08975321e-16  1.21678333e-17], Best Fitness = 4.440892098500626e-16, Evaluations = 1832
Generation 229: Best Solution = [-3.08975321e-16  1.21678333e-17], Best Fitness = 4.440892098500626e-16, Evaluations = 1840
Generation 230: Best Solution = [-3.08975321e-16  1.21678333e-17], Best Fitness = 4.440892098500626e-16, Evaluations = 1848
Generation 231: Best Solution = [-3.08975321e-16  1.21678333e-17], Best Fitness = 4.440892098500626e-16, Evaluations = 1856
Generation 232: Best Solution = [-3.08975321e-16  1.21678333e-17], Best Fitness = 4.440892098500626e-16, Evaluations = 1864
Generation 233: Best Solution = [-3.08975321e-16  1.21678333e-17], Best Fitness = 4.440892098500626e-16, Evaluations = 1872
Generation 234: Best Solution = [-3.08975321e-16  1.21678333e-17], Best Fitness = 4.440892098500626e-16, Evaluations = 1880
Generation 235: Best Solution = [-3.08975321e-16  1.21678333e-17], Best Fitness = 4.440892098500626e-16, Evaluations = 1888
Generation 236: Best Solution = [-3.08975321e-16  1.21678333e-17], Best Fitness = 4.440892098500626e-16, Evaluations = 1896
Generation 237: Best Solution = [-3.08975321e-16  1.21678333e-17], Best Fitness = 4.440892098500626e-16, Evaluations = 1904
Generation 238: Best Solution = [-3.08975321e-16  1.21678333e-17], Best Fitness = 4.440892098500626e-16, Evaluations = 1912
Generation 239: Best Solution = [-3.08975321e-16  1.21678333e-17], Best Fitness = 4.440892098500626e-16, Evaluations = 1920
Generation 240: Best Solution = [-3.08975321e-16  1.21678333e-17], Best Fitness = 4.440892098500626e-16, Evaluations = 1928
Generation 241: Best Solution = [-3.08975321e-16  1.21678333e-17], Best Fitness = 4.440892098500626e-16, Evaluations = 1936
Generation 242: Best Solution = [-3.08975321e-16  1.21678333e-17], Best Fitness = 4.440892098500626e-16, Evaluations = 1944
Generation 243: Best Solution = [-3.08975321e-16  1.21678333e-17], Best Fitness = 4.440892098500626e-16, Evaluations = 1952
Generation 244: Best Solution = [-3.08975321e-16  1.21678333e-17], Best Fitness = 4.440892098500626e-16, Evaluations = 1960
Generation 245: Best Solution = [-3.08975321e-16  1.21678333e-17], Best Fitness = 4.440892098500626e-16, Evaluations = 1968
Generation 246: Best Solution = [-3.08975321e-16  1.21678333e-17], Best Fitness = 4.440892098500626e-16, Evaluations = 1976
Generation 247: Best Solution = [-3.08975321e-16  1.21678333e-17], Best Fitness = 4.440892098500626e-16, Evaluations = 1984
Generation 248: Best Solution = [-3.08975321e-16  1.21678333e-17], Best Fitness = 4.440892098500626e-16, Evaluations = 1992
Generation 249: Best Solution = [-3.08975321e-16  1.21678333e-17], Best Fitness = 4.440892098500626e-16, Evaluations = 2000
