Algorithm: Differential Evolution
Objective Function: Griewank
Dimension: 10
Population Size: 32
Max Evaluations: 10000

Generation 0: Best Solution = [-208.82222963  -71.11993147   88.02399207  339.05762747  440.22967814
  177.97493041   83.83115922 -240.25200943    2.6854896   -45.92465746], Best Fitness = 116.92059534089582, Evaluations = 32
Generation 1: Best Solution = [-208.82222963  -71.11993147   88.02399207  339.05762747  440.22967814
  177.97493041   83.83115922 -240.25200943    2.6854896   -45.92465746], Best Fitness = 116.92059534089582, Evaluations = 64
Generation 2: Best Solution = [-208.82222963  -71.11993147   88.02399207  339.05762747  440.22967814
  177.97493041   83.83115922 -240.25200943    2.6854896   -45.92465746], Best Fitness = 116.92059534089582, Evaluations = 96
Generation 3: Best Solution = [ 127.5604297  -387.62948019 -167.93077833  -53.88826906 -108.63299805
 -210.13705167 -187.25241661 -131.67768419  -71.5065044  -271.71939961], Best Fitness = 97.23472132340609, Evaluations = 128
Generation 4: Best Solution = [  27.90415947 -207.69255454   81.68778779  -47.40397184  -61.05597948
  188.66383757 -375.13579691 -259.08734196  165.4599069    35.79953056], Best Fitness = 83.16723458765297, Evaluations = 160
Generation 5: Best Solution = [  27.90415947 -207.69255454   81.68778779  -47.40397184  -61.05597948
  188.66383757 -375.13579691 -259.08734196  165.4599069    35.79953056], Best Fitness = 83.16723458765297, Evaluations = 192
Generation 6: Best Solution = [  27.90415947 -207.69255454   81.68778779  -47.40397184  -61.05597948
  188.66383757 -375.13579691 -259.08734196  165.4599069    35.79953056], Best Fitness = 83.16723458765297, Evaluations = 224
Generation 7: Best Solution = [  27.90415947 -207.69255454   81.68778779  -47.40397184  -61.05597948
  188.66383757 -375.13579691 -259.08734196  165.4599069    35.79953056], Best Fitness = 83.16723458765297, Evaluations = 256
Generation 8: Best Solution = [  27.90415947 -207.69255454   81.68778779  -47.40397184  -61.05597948
  188.66383757 -375.13579691 -259.08734196  165.4599069    35.79953056], Best Fitness = 83.16723458765297, Evaluations = 288
Generation 9: Best Solution = [  27.90415947 -207.69255454   81.68778779  -47.40397184  -61.05597948
  188.66383757 -375.13579691 -259.08734196  165.4599069    35.79953056], Best Fitness = 83.16723458765297, Evaluations = 320
Generation 10: Best Solution = [  27.90415947 -207.69255454   81.68778779  -47.40397184  -61.05597948
  188.66383757 -375.13579691 -259.08734196  165.4599069    35.79953056], Best Fitness = 83.16723458765297, Evaluations = 352
Generation 11: Best Solution = [-122.86169462 -259.10258989  176.05158491  103.47519446   71.88185923
 -107.59028867   72.38774055 -248.24252286   99.28405945   22.50082838], Best Fitness = 55.475976693595626, Evaluations = 384
Generation 12: Best Solution = [-122.86169462 -259.10258989  176.05158491  103.47519446   71.88185923
 -107.59028867   72.38774055 -248.24252286   99.28405945   22.50082838], Best Fitness = 55.475976693595626, Evaluations = 416
Generation 13: Best Solution = [-122.86169462 -259.10258989  176.05158491  103.47519446   71.88185923
 -107.59028867   72.38774055 -248.24252286   99.28405945   22.50082838], Best Fitness = 55.475976693595626, Evaluations = 448
Generation 14: Best Solution = [-122.86169462 -259.10258989  176.05158491  103.47519446   71.88185923
 -107.59028867   72.38774055 -248.24252286   99.28405945   22.50082838], Best Fitness = 55.475976693595626, Evaluations = 480
Generation 15: Best Solution = [-122.86169462 -259.10258989  176.05158491  103.47519446   71.88185923
 -107.59028867   72.38774055 -248.24252286   99.28405945   22.50082838], Best Fitness = 55.475976693595626, Evaluations = 512
Generation 16: Best Solution = [-122.86169462 -259.10258989  176.05158491  103.47519446   71.88185923
 -107.59028867   72.38774055 -248.24252286   99.28405945   22.50082838], Best Fitness = 55.475976693595626, Evaluations = 544
Generation 17: Best Solution = [-122.86169462 -259.10258989  176.05158491  103.47519446   71.88185923
 -107.59028867   72.38774055 -248.24252286   99.28405945   22.50082838], Best Fitness = 55.475976693595626, Evaluations = 576
Generation 18: Best Solution = [ -95.65763156 -158.88095698   11.74121912  -82.87275123  -39.58731525
  -66.97288033  -14.3539218   -82.19224161  161.78054451  -73.30920568], Best Fitness = 22.49326550146979, Evaluations = 608
Generation 19: Best Solution = [ -95.65763156 -158.88095698   11.74121912  -82.87275123  -39.58731525
  -66.97288033  -14.3539218   -82.19224161  161.78054451  -73.30920568], Best Fitness = 22.49326550146979, Evaluations = 640
Generation 20: Best Solution = [ -95.65763156 -158.88095698   11.74121912  -82.87275123  -39.58731525
  -66.97288033  -14.3539218   -82.19224161  161.78054451  -73.30920568], Best Fitness = 22.49326550146979, Evaluations = 672
Generation 21: Best Solution = [ -95.65763156 -158.88095698   11.74121912  -82.87275123  -39.58731525
  -66.97288033  -14.3539218   -82.19224161  161.78054451  -73.30920568], Best Fitness = 22.49326550146979, Evaluations = 704
Generation 22: Best Solution = [ -95.65763156 -158.88095698   11.74121912  -82.87275123  -39.58731525
  -66.97288033  -14.3539218   -82.19224161  161.78054451  -73.30920568], Best Fitness = 22.49326550146979, Evaluations = 736
Generation 23: Best Solution = [ -95.65763156 -158.88095698   11.74121912  -82.87275123  -39.58731525
  -66.97288033  -14.3539218   -82.19224161  161.78054451  -73.30920568], Best Fitness = 22.49326550146979, Evaluations = 768
Generation 24: Best Solution = [ -95.65763156 -158.88095698   11.74121912  -82.87275123  -39.58731525
  -66.97288033  -14.3539218   -82.19224161  161.78054451  -73.30920568], Best Fitness = 22.49326550146979, Evaluations = 800
Generation 25: Best Solution = [ -95.65763156 -158.88095698   11.74121912  -82.87275123  -39.58731525
  -66.97288033  -14.3539218   -82.19224161  161.78054451  -73.30920568], Best Fitness = 22.49326550146979, Evaluations = 832
Generation 26: Best Solution = [ -95.65763156 -158.88095698   11.74121912  -82.87275123  -39.58731525
  -66.97288033  -14.3539218   -82.19224161  161.78054451  -73.30920568], Best Fitness = 22.49326550146979, Evaluations = 864
Generation 27: Best Solution = [ -95.65763156 -158.88095698   11.74121912  -82.87275123  -39.58731525
  -66.97288033  -14.3539218   -82.19224161  161.78054451  -73.30920568], Best Fitness = 22.49326550146979, Evaluations = 896
Generation 28: Best Solution = [  48.33981118   45.91760123   15.79361589  -39.17297214   91.56005546
 -216.47417944   90.6314182   103.24253998  -33.49583804   58.70962804], Best Fitness = 22.2225714113733, Evaluations = 928
Generation 29: Best Solution = [  66.54048743   51.83180546   76.80479006  -54.9435114    99.94535736
  -38.44437537  -23.86654984  109.8774135  -131.280971    113.55638928], Best Fitness = 18.58432280274213, Evaluations = 960
Generation 30: Best Solution = [  -4.26833752  136.31822432    6.15737513   65.82818008 -118.39131517
   47.56447358  109.43774737   89.94176388  -48.26631545  -90.74894162], Best Fitness = 18.47848896215826, Evaluations = 992
Generation 31: Best Solution = [ 48.33981118  45.91760123 108.16286108 -39.17297214 115.32965432
 -19.10125551  -5.01787788  27.83902364 -33.49583804  58.70962804], Best Fitness = 10.178494994905115, Evaluations = 1024
Generation 32: Best Solution = [ 48.33981118  45.91760123 108.16286108 -39.17297214 115.32965432
 -19.10125551  -5.01787788  27.83902364 -33.49583804  58.70962804], Best Fitness = 10.178494994905115, Evaluations = 1056
Generation 33: Best Solution = [ 48.33981118  45.91760123 108.16286108 -39.17297214 115.32965432
 -19.10125551  -5.01787788  27.83902364 -33.49583804  58.70962804], Best Fitness = 10.178494994905115, Evaluations = 1088
Generation 34: Best Solution = [ 48.33981118  45.91760123 108.16286108 -39.17297214 115.32965432
 -19.10125551  -5.01787788  27.83902364 -33.49583804  58.70962804], Best Fitness = 10.178494994905115, Evaluations = 1120
Generation 35: Best Solution = [-16.8546424   31.89101893  69.76650513  -6.07563132 -30.49235297
  25.91382868  60.53708738  47.53399208 -77.62140133  12.02713852], Best Fitness = 5.965646970885262, Evaluations = 1152
Generation 36: Best Solution = [-16.8546424   31.89101893  69.76650513  -6.07563132 -30.49235297
  25.91382868  60.53708738  47.53399208 -77.62140133  12.02713852], Best Fitness = 5.965646970885262, Evaluations = 1184
Generation 37: Best Solution = [-16.8546424   31.89101893  69.76650513  -6.07563132 -30.49235297
  25.91382868  60.53708738  47.53399208 -77.62140133  12.02713852], Best Fitness = 5.965646970885262, Evaluations = 1216
Generation 38: Best Solution = [-16.8546424   31.89101893  69.76650513  -6.07563132 -30.49235297
  25.91382868  60.53708738  47.53399208 -77.62140133  12.02713852], Best Fitness = 5.965646970885262, Evaluations = 1248
Generation 39: Best Solution = [-16.8546424   31.89101893  69.76650513  -6.07563132 -30.49235297
  25.91382868  60.53708738  47.53399208 -77.62140133  12.02713852], Best Fitness = 5.965646970885262, Evaluations = 1280
Generation 40: Best Solution = [-16.8546424   31.89101893  69.76650513  -6.07563132 -30.49235297
  25.91382868  60.53708738  47.53399208 -77.62140133  12.02713852], Best Fitness = 5.965646970885262, Evaluations = 1312
Generation 41: Best Solution = [-16.8546424   31.89101893  69.76650513  -6.07563132 -30.49235297
  25.91382868  60.53708738  47.53399208 -77.62140133  12.02713852], Best Fitness = 5.965646970885262, Evaluations = 1344
Generation 42: Best Solution = [-16.8546424   31.89101893  69.76650513  -6.07563132 -30.49235297
  25.91382868  60.53708738  47.53399208 -77.62140133  12.02713852], Best Fitness = 5.965646970885262, Evaluations = 1376
Generation 43: Best Solution = [-16.8546424   31.89101893  69.76650513  -6.07563132 -30.49235297
  25.91382868  60.53708738  47.53399208 -77.62140133  12.02713852], Best Fitness = 5.965646970885262, Evaluations = 1408
Generation 44: Best Solution = [-16.8546424   31.89101893  69.76650513  -6.07563132 -30.49235297
  25.91382868  60.53708738  47.53399208 -77.62140133  12.02713852], Best Fitness = 5.965646970885262, Evaluations = 1440
Generation 45: Best Solution = [ 53.28562964 -52.06300184  10.08577497   8.82223994 -11.52248837
 -14.06493943 -56.14442293   6.51232383 -59.2275699   -5.94749609], Best Fitness = 4.205088196176732, Evaluations = 1472
Generation 46: Best Solution = [ 53.28562964 -52.06300184  10.08577497   8.82223994 -11.52248837
 -14.06493943 -56.14442293   6.51232383 -59.2275699   -5.94749609], Best Fitness = 4.205088196176732, Evaluations = 1504
Generation 47: Best Solution = [ 53.28562964 -52.06300184  10.08577497   8.82223994 -11.52248837
 -14.06493943 -56.14442293   6.51232383 -59.2275699   -5.94749609], Best Fitness = 4.205088196176732, Evaluations = 1536
Generation 48: Best Solution = [ 53.28562964 -52.06300184  10.08577497   8.82223994 -11.52248837
 -14.06493943 -56.14442293   6.51232383 -59.2275699   -5.94749609], Best Fitness = 3.99909623152338, Evaluations = 1568
Generation 49: Best Solution = [ 53.28562964 -52.06300184  10.08577497   8.82223994 -11.52248837
 -14.06493943 -56.14442293   6.51232383 -59.2275699   -5.94749609], Best Fitness = 3.99909623152338, Evaluations = 1600
Generation 50: Best Solution = [ 53.28562964 -52.06300184  10.08577497   8.82223994 -11.52248837
 -14.06493943 -56.14442293   6.51232383 -59.2275699   -5.94749609], Best Fitness = 3.99909623152338, Evaluations = 1632
Generation 51: Best Solution = [ 53.28562964 -52.06300184  10.08577497   8.82223994 -11.52248837
 -14.06493943 -56.14442293   6.51232383 -59.2275699   -5.94749609], Best Fitness = 3.99909623152338, Evaluations = 1664
Generation 52: Best Solution = [  8.84173685 -15.4895178  -17.21017092  40.33980582  42.04134079
  13.4711891   39.45567922  22.34411993  72.10023478 -20.98692896], Best Fitness = 3.9714357649752645, Evaluations = 1696
Generation 53: Best Solution = [  8.84173685 -15.4895178  -17.21017092  40.33980582  42.04134079
  13.4711891   39.45567922  22.34411993  72.10023478 -20.98692896], Best Fitness = 3.9714357649752645, Evaluations = 1728
Generation 54: Best Solution = [  8.84173685 -15.4895178  -17.21017092  40.33980582  42.04134079
  13.4711891   39.45567922  22.34411993  72.10023478 -20.98692896], Best Fitness = 3.9714357649752645, Evaluations = 1760
Generation 55: Best Solution = [ 19.0025584   42.3114343   20.29903756  14.24947825 -23.19119163
  15.15801619  19.1807181   26.61827349  37.63104773  57.14763706], Best Fitness = 3.3155585896510704, Evaluations = 1792
Generation 56: Best Solution = [ 21.17017108 -37.6403791    1.89407468  13.38907738 -37.8280127
  51.27745079   0.9042966   40.40201537  30.03158251  -2.12041762], Best Fitness = 3.162318441222333, Evaluations = 1824
Generation 57: Best Solution = [ 21.17017108 -37.6403791    1.89407468  13.38907738 -37.8280127
  51.27745079   0.9042966   40.40201537  30.03158251  -2.12041762], Best Fitness = 2.9331389402645573, Evaluations = 1856
Generation 58: Best Solution = [ 21.17017108 -37.6403791    1.89407468  13.38907738 -37.8280127
  51.27745079   0.9042966   40.40201537  30.03158251  -2.12041762], Best Fitness = 2.9331389402645573, Evaluations = 1888
Generation 59: Best Solution = [ 21.17017108 -37.6403791    1.89407468  13.38907738 -37.8280127
  51.27745079   0.9042966   40.40201537  30.03158251  -2.12041762], Best Fitness = 2.9331389402645573, Evaluations = 1920
Generation 60: Best Solution = [ 21.17017108 -37.6403791    1.89407468  13.38907738 -37.8280127
  51.27745079   0.9042966   40.40201537  30.03158251  -2.12041762], Best Fitness = 2.9331389402645573, Evaluations = 1952
Generation 61: Best Solution = [  0.08151528 -39.30752988  -8.40344429  28.58830315 -15.20392912
  29.69539571 -24.24819362  19.54722524  -8.08260316 -12.20100977], Best Fitness = 2.190578688703609, Evaluations = 1984
Generation 62: Best Solution = [  0.08151528 -39.30752988  -8.40344429  28.58830315 -15.20392912
  29.69539571 -24.24819362  19.54722524  -8.08260316 -12.20100977], Best Fitness = 2.190578688703609, Evaluations = 2016
Generation 63: Best Solution = [  0.08151528 -39.30752988  -8.40344429  28.58830315 -15.20392912
  29.69539571 -24.24819362  19.54722524  -8.08260316 -12.20100977], Best Fitness = 1.795022088547217, Evaluations = 2048
Generation 64: Best Solution = [  0.08151528 -39.30752988  -8.40344429  28.58830315 -15.20392912
  29.69539571 -24.24819362  19.54722524  -8.08260316 -12.20100977], Best Fitness = 1.795022088547217, Evaluations = 2080
Generation 65: Best Solution = [  0.08151528 -39.30752988  -8.40344429  28.58830315 -15.20392912
  29.69539571 -24.24819362  19.54722524  -8.08260316 -12.20100977], Best Fitness = 1.795022088547217, Evaluations = 2112
Generation 66: Best Solution = [  0.08151528 -39.30752988  -8.40344429  28.58830315 -15.20392912
  29.69539571 -24.24819362  19.54722524  -8.08260316 -12.20100977], Best Fitness = 1.795022088547217, Evaluations = 2144
Generation 67: Best Solution = [  0.08151528 -39.30752988  -8.40344429  28.58830315 -15.20392912
  29.69539571 -24.24819362  19.54722524  -8.08260316 -12.20100977], Best Fitness = 1.795022088547217, Evaluations = 2176
Generation 68: Best Solution = [  0.08151528 -39.30752988  -8.40344429  28.58830315 -15.20392912
  29.69539571 -24.24819362  19.54722524  -8.08260316 -12.20100977], Best Fitness = 1.795022088547217, Evaluations = 2208
Generation 69: Best Solution = [  0.08151528 -39.30752988  -8.40344429  28.58830315 -15.20392912
  29.69539571 -24.24819362  19.54722524  -8.08260316 -12.20100977], Best Fitness = 1.795022088547217, Evaluations = 2240
Generation 70: Best Solution = [  0.08151528 -39.30752988  -8.40344429  28.58830315 -15.20392912
  29.69539571 -24.24819362  19.54722524  -8.08260316 -12.20100977], Best Fitness = 1.795022088547217, Evaluations = 2272
Generation 71: Best Solution = [  0.08151528 -39.30752988  -8.40344429  28.58830315 -15.20392912
  29.69539571 -24.24819362  19.54722524  -8.08260316 -12.20100977], Best Fitness = 1.795022088547217, Evaluations = 2304
Generation 72: Best Solution = [ -6.89184461  13.48073398  12.84242878  -5.32707337 -31.65715807
   6.81036667  -8.40843654   9.60274619  18.86963188 -19.78515594], Best Fitness = 1.5897104177448194, Evaluations = 2336
Generation 73: Best Solution = [ -6.89184461  13.48073398  12.84242878  -5.32707337 -31.65715807
   6.81036667  -8.40843654   9.60274619  18.86963188 -19.78515594], Best Fitness = 1.5897104177448194, Evaluations = 2368
Generation 74: Best Solution = [ -6.89184461  13.48073398  12.84242878  -5.32707337 -31.65715807
   6.81036667  -8.40843654   9.60274619  18.86963188 -19.78515594], Best Fitness = 1.5897104177448194, Evaluations = 2400
Generation 75: Best Solution = [-11.32662458   8.26671779  27.33392574  -4.6749455   -5.01206374
  19.90192392   5.96986851  -2.95084839  13.53999787  -8.48461297], Best Fitness = 1.4235407688449175, Evaluations = 2432
Generation 76: Best Solution = [-11.32662458   8.26671779  27.33392574  -4.6749455   -5.01206374
  19.90192392   5.96986851  -2.95084839  13.53999787  -8.48461297], Best Fitness = 1.4235407688449175, Evaluations = 2464
Generation 77: Best Solution = [-11.32662458   8.26671779  27.33392574  -4.6749455   -5.01206374
  19.90192392   5.96986851  -2.95084839  13.53999787  -8.48461297], Best Fitness = 1.4235407688449175, Evaluations = 2496
Generation 78: Best Solution = [-11.32662458   8.26671779  27.33392574  -4.6749455   -5.01206374
  19.90192392   5.96986851  -2.95084839  13.53999787  -8.48461297], Best Fitness = 1.4235407688449175, Evaluations = 2528
Generation 79: Best Solution = [-11.32662458   8.26671779  27.33392574  -4.6749455   -5.01206374
  19.90192392   5.96986851  -2.95084839  13.53999787  -8.48461297], Best Fitness = 1.4235407688449175, Evaluations = 2560
Generation 80: Best Solution = [ 12.45416495 -18.02621277   7.37646222 -19.05742896   6.68289878
   0.48187234   4.44669298   8.01041049  10.70774166  -8.38623092], Best Fitness = 1.33751114138092, Evaluations = 2592
Generation 81: Best Solution = [ -2.80985443  23.13665789 -14.48501858   6.31024427  11.38977859
   2.76208633  -7.21626924  -4.10153097  13.19183008   0.97932431], Best Fitness = 1.2916173446384747, Evaluations = 2624
Generation 82: Best Solution = [ -2.80985443  23.13665789 -14.48501858   6.31024427  11.38977859
   2.76208633  -7.21626924  -4.10153097  13.19183008   0.97932431], Best Fitness = 1.2916173446384747, Evaluations = 2656
Generation 83: Best Solution = [ -2.80985443  23.13665789 -14.48501858   6.31024427  11.38977859
   2.76208633  -7.21626924  -4.10153097  13.19183008   0.97932431], Best Fitness = 1.2916173446384747, Evaluations = 2688
Generation 84: Best Solution = [ -2.80985443  23.13665789 -14.48501858   6.31024427  11.38977859
   2.76208633  -7.21626924  -4.10153097  13.19183008   0.97932431], Best Fitness = 1.2916173446384747, Evaluations = 2720
Generation 85: Best Solution = [ -2.80985443  23.13665789 -14.48501858   6.31024427  11.38977859
   2.76208633  -7.21626924  -4.10153097  13.19183008   0.97932431], Best Fitness = 1.2916173446384747, Evaluations = 2752
Generation 86: Best Solution = [-21.67360375  10.77473401   1.9973658  -16.39282334  -4.43674297
   2.89382858 -12.31693299   0.44947256   0.41520175   3.55880279], Best Fitness = 1.262729486458393, Evaluations = 2784
Generation 87: Best Solution = [-21.67360375  10.77473401   1.9973658  -16.39282334  -4.43674297
   2.89382858 -12.31693299   0.44947256   0.41520175   3.55880279], Best Fitness = 1.262729486458393, Evaluations = 2816
Generation 88: Best Solution = [-21.67360375  10.77473401   1.9973658  -16.39282334  -4.43674297
   2.89382858 -12.31693299   0.44947256   0.41520175   3.55880279], Best Fitness = 1.262729486458393, Evaluations = 2848
Generation 89: Best Solution = [ -6.34348705   4.53553864  11.51534986   9.83134386 -27.73369938
   1.7132254   -2.68201549   8.61594455   1.42527872  -1.74131931], Best Fitness = 1.2306036021968525, Evaluations = 2880
Generation 90: Best Solution = [ -6.34348705   4.53553864  11.51534986   9.83134386 -27.73369938
   1.7132254   -2.68201549   8.61594455   1.42527872  -1.74131931], Best Fitness = 1.2306036021968525, Evaluations = 2912
Generation 91: Best Solution = [ -6.34348705   4.53553864  11.51534986   9.83134386 -27.73369938
   1.7132254   -2.68201549   8.61594455   1.42527872  -1.74131931], Best Fitness = 1.2306036021968525, Evaluations = 2944
Generation 92: Best Solution = [ -6.34348705   4.53553864  11.51534986   9.83134386 -27.73369938
   1.7132254   -2.68201549   8.61594455   1.42527872  -1.74131931], Best Fitness = 1.2306036021968525, Evaluations = 2976
Generation 93: Best Solution = [ -6.34348705   4.53553864  11.51534986   9.83134386 -27.73369938
   1.7132254   -2.68201549   8.61594455   1.42527872  -1.74131931], Best Fitness = 1.2306036021968525, Evaluations = 3008
Generation 94: Best Solution = [ -6.34348705   4.53553864  11.51534986   9.83134386 -27.73369938
   1.7132254   -2.68201549   8.61594455   1.42527872  -1.74131931], Best Fitness = 1.0948640965881467, Evaluations = 3040
Generation 95: Best Solution = [ -6.34348705   4.53553864  11.51534986   9.83134386 -27.73369938
   1.7132254   -2.68201549   8.61594455   1.42527872  -1.74131931], Best Fitness = 1.0948640965881467, Evaluations = 3072
Generation 96: Best Solution = [ -6.34348705   4.53553864  11.51534986   9.83134386 -27.73369938
   1.7132254   -2.68201549   8.61594455   1.42527872  -1.74131931], Best Fitness = 1.0948640965881467, Evaluations = 3104
Generation 97: Best Solution = [ -6.34348705   4.53553864  11.51534986   9.83134386 -27.73369938
   1.7132254   -2.68201549   8.61594455   1.42527872  -1.74131931], Best Fitness = 1.0948640965881467, Evaluations = 3136
Generation 98: Best Solution = [ -6.34348705   4.53553864  11.51534986   9.83134386 -27.73369938
   1.7132254   -2.68201549   8.61594455   1.42527872  -1.74131931], Best Fitness = 1.0948640965881467, Evaluations = 3168
Generation 99: Best Solution = [ -6.34348705   4.53553864  11.51534986   9.83134386 -27.73369938
   1.7132254   -2.68201549   8.61594455   1.42527872  -1.74131931], Best Fitness = 1.0948640965881467, Evaluations = 3200
Generation 100: Best Solution = [ -6.34348705   4.53553864  11.51534986   9.83134386 -27.73369938
   1.7132254   -2.68201549   8.61594455   1.42527872  -1.74131931], Best Fitness = 1.0948640965881467, Evaluations = 3232
Generation 101: Best Solution = [ -6.34348705   4.53553864  11.51534986   9.83134386 -27.73369938
   1.7132254   -2.68201549   8.61594455   1.42527872  -1.74131931], Best Fitness = 1.0948640965881467, Evaluations = 3264
Generation 102: Best Solution = [ -6.34348705   4.53553864  11.51534986   9.83134386 -27.73369938
   1.7132254   -2.68201549   8.61594455   1.42527872  -1.74131931], Best Fitness = 1.0948640965881467, Evaluations = 3296
Generation 103: Best Solution = [-0.56388282 11.19869444 -7.22612858  5.75355537 -4.22185961 -1.63951724
  0.36498549  2.48611551 10.59107019 -4.43967697], Best Fitness = 1.0930837343447724, Evaluations = 3328
Generation 104: Best Solution = [  2.19538912   0.52052055 -18.15118651  -0.29881801  -2.09948975
   7.71135642  -7.40515289   0.4970295   -2.51132335   2.31022305], Best Fitness = 1.0435945852182562, Evaluations = 3360
Generation 105: Best Solution = [  2.19538912   0.52052055 -18.15118651  -0.29881801  -2.09948975
   7.71135642  -7.40515289   0.4970295   -2.51132335   2.31022305], Best Fitness = 1.0435945852182562, Evaluations = 3392
Generation 106: Best Solution = [  2.19538912   0.52052055 -18.15118651  -0.29881801  -2.09948975
   7.71135642  -7.40515289   0.4970295   -2.51132335   2.31022305], Best Fitness = 1.0435945852182562, Evaluations = 3424
Generation 107: Best Solution = [  2.19538912   0.52052055 -18.15118651  -0.29881801  -2.09948975
   7.71135642  -7.40515289   0.4970295   -2.51132335   2.31022305], Best Fitness = 1.0435945852182562, Evaluations = 3456
Generation 108: Best Solution = [  2.19538912   0.52052055 -18.15118651  -0.29881801  -2.09948975
   7.71135642  -7.40515289   0.4970295   -2.51132335   2.31022305], Best Fitness = 1.0435945852182562, Evaluations = 3488
Generation 109: Best Solution = [  2.19538912   0.52052055 -18.15118651  -0.29881801  -2.09948975
   7.71135642  -7.40515289   0.4970295   -2.51132335   2.31022305], Best Fitness = 1.0435945852182562, Evaluations = 3520
Generation 110: Best Solution = [  2.19538912   0.52052055 -18.15118651  -0.29881801  -2.09948975
   7.71135642  -7.40515289   0.4970295   -2.51132335   2.31022305], Best Fitness = 1.0435945852182562, Evaluations = 3552
Generation 111: Best Solution = [ -6.95846737   0.61139538 -10.46464927   0.07128709  -1.16161765
   6.31578219  -6.33531924   4.22996822   1.88158243  -0.30322944], Best Fitness = 1.0428533478148505, Evaluations = 3584
Generation 112: Best Solution = [ -6.95846737   0.61139538 -10.46464927   0.07128709  -1.16161765
   6.31578219  -6.33531924   4.22996822   1.88158243  -0.30322944], Best Fitness = 1.0428533478148505, Evaluations = 3616
Generation 113: Best Solution = [-2.65988357  3.21831042  8.83964489 -1.13648058  2.17685809 -1.60265292
 -3.16157367  5.05894025  3.27049595 -2.24987571], Best Fitness = 1.0411664461827248, Evaluations = 3648
Generation 114: Best Solution = [ 9.48453133 -0.29816891 -5.88338643  5.78928804  9.89606089  5.95234134
  7.08888718  2.0613434   0.58927935  2.99766012], Best Fitness = 1.0139043451302954, Evaluations = 3680
Generation 115: Best Solution = [  6.11909698  -0.19510998   5.19850258  -6.68778928   0.62247509
  15.13843142  -1.2440552   -0.98146372  -6.94823002 -12.93443371], Best Fitness = 0.8388403320947851, Evaluations = 3712
Generation 116: Best Solution = [  6.11909698  -0.19510998   5.19850258  -6.68778928   0.62247509
  15.13843142  -1.2440552   -0.98146372  -6.94823002 -12.93443371], Best Fitness = 0.8388403320947851, Evaluations = 3744
Generation 117: Best Solution = [  6.11909698  -0.19510998   5.19850258  -6.68778928   0.62247509
  15.13843142  -1.2440552   -0.98146372  -6.94823002 -12.93443371], Best Fitness = 0.8388403320947851, Evaluations = 3776
Generation 118: Best Solution = [  6.11909698  -0.19510998   5.19850258  -6.68778928   0.62247509
  15.13843142  -1.2440552   -0.98146372  -6.94823002 -12.93443371], Best Fitness = 0.8388403320947851, Evaluations = 3808
Generation 119: Best Solution = [  6.11909698  -0.19510998   5.19850258  -6.68778928   0.62247509
  15.13843142  -1.2440552   -0.98146372  -6.94823002 -12.93443371], Best Fitness = 0.8388403320947851, Evaluations = 3840
Generation 120: Best Solution = [  6.11909698  -0.19510998   5.19850258  -6.68778928   0.62247509
  15.13843142  -1.2440552   -0.98146372  -6.94823002 -12.93443371], Best Fitness = 0.8388403320947851, Evaluations = 3872
Generation 121: Best Solution = [  6.11909698  -0.19510998   5.19850258  -6.68778928   0.62247509
  15.13843142  -1.2440552   -0.98146372  -6.94823002 -12.93443371], Best Fitness = 0.8388403320947851, Evaluations = 3904
Generation 122: Best Solution = [  6.11909698  -0.19510998   5.19850258  -6.68778928   0.62247509
  15.13843142  -1.2440552   -0.98146372  -6.94823002 -12.93443371], Best Fitness = 0.8388403320947851, Evaluations = 3936
Generation 123: Best Solution = [  6.11909698  -0.19510998   5.19850258  -6.68778928   0.62247509
  15.13843142  -1.2440552   -0.98146372  -6.94823002 -12.93443371], Best Fitness = 0.8388403320947851, Evaluations = 3968
Generation 124: Best Solution = [  6.11909698  -0.19510998   5.19850258  -6.68778928   0.62247509
  15.13843142  -1.2440552   -0.98146372  -6.94823002 -12.93443371], Best Fitness = 0.8388403320947851, Evaluations = 4000
Generation 125: Best Solution = [  6.11909698  -0.19510998   5.19850258  -6.68778928   0.62247509
  15.13843142  -1.2440552   -0.98146372  -6.94823002 -12.93443371], Best Fitness = 0.8388403320947851, Evaluations = 4032
Generation 126: Best Solution = [  6.11909698  -0.19510998   5.19850258  -6.68778928   0.62247509
  15.13843142  -1.2440552   -0.98146372  -6.94823002 -12.93443371], Best Fitness = 0.8388403320947851, Evaluations = 4064
Generation 127: Best Solution = [  6.11909698  -0.19510998   5.19850258  -6.68778928   0.62247509
  15.13843142  -1.2440552   -0.98146372  -6.94823002 -12.93443371], Best Fitness = 0.8388403320947851, Evaluations = 4096
Generation 128: Best Solution = [  6.11909698  -0.19510998   5.19850258  -6.68778928   0.62247509
  15.13843142  -1.2440552   -0.98146372  -6.94823002 -12.93443371], Best Fitness = 0.8388403320947851, Evaluations = 4128
Generation 129: Best Solution = [-6.95846737 -8.40954735 -5.99186352  0.07128709  1.25898467 -2.31416969
 -8.93873492 -7.61698194  7.88831049 -0.30322944], Best Fitness = 0.8271965394899503, Evaluations = 4160
Generation 130: Best Solution = [-6.95846737 -8.40954735 -5.99186352  0.07128709  1.25898467 -2.31416969
 -8.93873492 -7.61698194  7.88831049 -0.30322944], Best Fitness = 0.8271965394899503, Evaluations = 4192
Generation 131: Best Solution = [-6.95846737 -8.40954735 -5.99186352  0.07128709  1.25898467 -2.31416969
 -8.93873492 -7.61698194  7.88831049 -0.30322944], Best Fitness = 0.8271965394899503, Evaluations = 4224
Generation 132: Best Solution = [-6.95846737 -8.40954735 -5.99186352  0.07128709  1.25898467 -2.31416969
 -8.93873492 -7.61698194  7.88831049 -0.30322944], Best Fitness = 0.8271965394899503, Evaluations = 4256
Generation 133: Best Solution = [-6.95846737 -8.40954735 -5.99186352  0.07128709  1.25898467 -2.31416969
 -8.93873492 -7.61698194  7.88831049 -0.30322944], Best Fitness = 0.8271965394899503, Evaluations = 4288
Generation 134: Best Solution = [-6.95846737 -8.40954735 -5.99186352  0.07128709  1.25898467 -2.31416969
 -8.93873492 -7.61698194  7.88831049 -0.30322944], Best Fitness = 0.8271965394899503, Evaluations = 4320
Generation 135: Best Solution = [-6.95846737 -8.40954735 -5.99186352  0.07128709  1.25898467 -2.31416969
 -8.93873492 -7.61698194  7.88831049 -0.30322944], Best Fitness = 0.8271965394899503, Evaluations = 4352
Generation 136: Best Solution = [-6.95846737 -8.40954735 -5.99186352  0.07128709  1.25898467 -2.31416969
 -8.93873492 -7.61698194  7.88831049 -0.30322944], Best Fitness = 0.8271965394899503, Evaluations = 4384
Generation 137: Best Solution = [-6.95846737 -8.40954735 -5.99186352  0.07128709  1.25898467 -2.31416969
 -8.93873492 -7.61698194  7.88831049 -0.30322944], Best Fitness = 0.8271965394899503, Evaluations = 4416
Generation 138: Best Solution = [-6.95846737 -8.40954735 -5.99186352  0.07128709  1.25898467 -2.31416969
 -8.93873492 -7.61698194  7.88831049 -0.30322944], Best Fitness = 0.8271965394899503, Evaluations = 4448
Generation 139: Best Solution = [-6.95846737 -8.40954735 -5.99186352  0.07128709  1.25898467 -2.31416969
 -8.93873492 -7.61698194  7.88831049 -0.30322944], Best Fitness = 0.8271965394899503, Evaluations = 4480
Generation 140: Best Solution = [-6.95846737 -8.40954735 -5.99186352  0.07128709  1.25898467 -2.31416969
 -8.93873492 -7.61698194  7.88831049 -0.30322944], Best Fitness = 0.8271965394899503, Evaluations = 4512
Generation 141: Best Solution = [-6.95846737 -8.40954735 -5.99186352  0.07128709  1.25898467 -2.31416969
 -8.93873492 -7.61698194  7.88831049 -0.30322944], Best Fitness = 0.8271965394899503, Evaluations = 4544
Generation 142: Best Solution = [-6.95846737 -8.40954735 -5.99186352  0.07128709  1.25898467 -2.31416969
 -8.93873492 -7.61698194  7.88831049 -0.30322944], Best Fitness = 0.8271965394899503, Evaluations = 4576
Generation 143: Best Solution = [-6.95846737 -8.40954735 -5.99186352  0.07128709  1.25898467 -2.31416969
 -8.93873492 -7.61698194  7.88831049 -0.30322944], Best Fitness = 0.8271965394899503, Evaluations = 4608
Generation 144: Best Solution = [-6.95846737 -8.40954735 -5.99186352  0.07128709  1.25898467 -2.31416969
 -8.93873492 -7.61698194  7.88831049 -0.30322944], Best Fitness = 0.8271965394899503, Evaluations = 4640
Generation 145: Best Solution = [  9.48453133  -0.29816891  16.84777436 -11.53177187  -0.37363441
   5.95234134  -8.23862608   8.10077391  10.54760164 -20.85579842], Best Fitness = 0.7904415341976911, Evaluations = 4672
Generation 146: Best Solution = [  9.48453133  -0.29816891  16.84777436 -11.53177187  -0.37363441
   5.95234134  -8.23862608   8.10077391  10.54760164 -20.85579842], Best Fitness = 0.7904415341976911, Evaluations = 4704
Generation 147: Best Solution = [  9.48453133  -0.29816891  16.84777436 -11.53177187  -0.37363441
   5.95234134  -8.23862608   8.10077391  10.54760164 -20.85579842], Best Fitness = 0.7904415341976911, Evaluations = 4736
Generation 148: Best Solution = [  9.48453133  -0.29816891  16.84777436 -11.53177187  -0.37363441
   5.95234134  -8.23862608   8.10077391  10.54760164 -20.85579842], Best Fitness = 0.7904415341976911, Evaluations = 4768
Generation 149: Best Solution = [  9.48453133  -0.29816891  16.84777436 -11.53177187  -0.37363441
   5.95234134  -8.23862608   8.10077391  10.54760164 -20.85579842], Best Fitness = 0.7904415341976911, Evaluations = 4800
Generation 150: Best Solution = [  9.48453133  -0.29816891  16.84777436 -11.53177187  -0.37363441
   5.95234134  -8.23862608   8.10077391  10.54760164 -20.85579842], Best Fitness = 0.7904415341976911, Evaluations = 4832
Generation 151: Best Solution = [  6.55544476   4.42391163   4.29630425   0.60749109  -6.58403474
 -16.43911226  -0.65872411 -10.9253199    1.0287396   -0.09414717], Best Fitness = 0.6855103592086327, Evaluations = 4864
Generation 152: Best Solution = [  6.55544476   4.42391163   4.29630425   0.60749109  -6.58403474
 -16.43911226  -0.65872411 -10.9253199    1.0287396   -0.09414717], Best Fitness = 0.6855103592086327, Evaluations = 4896
Generation 153: Best Solution = [  6.55544476   4.42391163   4.29630425   0.60749109  -6.58403474
 -16.43911226  -0.65872411 -10.9253199    1.0287396   -0.09414717], Best Fitness = 0.6855103592086327, Evaluations = 4928
Generation 154: Best Solution = [  6.55544476   4.42391163   4.29630425   0.60749109  -6.58403474
 -16.43911226  -0.65872411 -10.9253199    1.0287396   -0.09414717], Best Fitness = 0.6855103592086327, Evaluations = 4960
Generation 155: Best Solution = [  6.55544476   4.42391163   4.29630425   0.60749109  -6.58403474
 -16.43911226  -0.65872411 -10.9253199    1.0287396   -0.09414717], Best Fitness = 0.6855103592086327, Evaluations = 4992
Generation 156: Best Solution = [  6.55544476   4.42391163   4.29630425   0.60749109  -6.58403474
 -16.43911226  -0.65872411 -10.9253199    1.0287396   -0.09414717], Best Fitness = 0.6855103592086327, Evaluations = 5024
Generation 157: Best Solution = [  6.55544476   4.42391163   4.29630425   0.60749109  -6.58403474
 -16.43911226  -0.65872411 -10.9253199    1.0287396   -0.09414717], Best Fitness = 0.6855103592086327, Evaluations = 5056
Generation 158: Best Solution = [  6.55544476   4.42391163   4.29630425   0.60749109  -6.58403474
 -16.43911226  -0.65872411 -10.9253199    1.0287396   -0.09414717], Best Fitness = 0.6855103592086327, Evaluations = 5088
Generation 159: Best Solution = [  6.55544476   4.42391163   4.29630425   0.60749109  -6.58403474
 -16.43911226  -0.65872411 -10.9253199    1.0287396   -0.09414717], Best Fitness = 0.6855103592086327, Evaluations = 5120
Generation 160: Best Solution = [  6.55544476   4.42391163   4.29630425   0.60749109  -6.58403474
 -16.43911226  -0.65872411 -10.9253199    1.0287396   -0.09414717], Best Fitness = 0.6855103592086327, Evaluations = 5152
Generation 161: Best Solution = [  6.55544476   4.42391163   4.29630425   0.60749109  -6.58403474
 -16.43911226  -0.65872411 -10.9253199    1.0287396   -0.09414717], Best Fitness = 0.6855103592086327, Evaluations = 5184
Generation 162: Best Solution = [  6.55544476   4.42391163   4.29630425   0.60749109  -6.58403474
 -16.43911226  -0.65872411 -10.9253199    1.0287396   -0.09414717], Best Fitness = 0.6855103592086327, Evaluations = 5216
Generation 163: Best Solution = [  6.55544476   4.42391163   4.29630425   0.60749109  -6.58403474
 -16.43911226  -0.65872411 -10.9253199    1.0287396   -0.09414717], Best Fitness = 0.6855103592086327, Evaluations = 5248
Generation 164: Best Solution = [  6.55544476   4.42391163   4.29630425   0.60749109  -6.58403474
 -16.43911226  -0.65872411 -10.9253199    1.0287396   -0.09414717], Best Fitness = 0.6855103592086327, Evaluations = 5280
Generation 165: Best Solution = [  6.55544476   4.42391163   4.29630425   0.60749109  -6.58403474
 -16.43911226  -0.65872411 -10.9253199    1.0287396   -0.09414717], Best Fitness = 0.6855103592086327, Evaluations = 5312
Generation 166: Best Solution = [  6.55544476   4.42391163   4.29630425   0.60749109  -6.58403474
 -16.43911226  -0.65872411 -10.9253199    1.0287396   -0.09414717], Best Fitness = 0.6855103592086327, Evaluations = 5344
Generation 167: Best Solution = [  6.55544476   4.42391163   4.29630425   0.60749109  -6.58403474
 -16.43911226  -0.65872411 -10.9253199    1.0287396   -0.09414717], Best Fitness = 0.6497065131591203, Evaluations = 5376
Generation 168: Best Solution = [ 3.91714568  0.76385704 -5.15070292  0.34409715 -0.22914002 -7.95957335
 -1.44897916 -0.48813959 10.70339033 -0.62566282], Best Fitness = 0.6140711514337425, Evaluations = 5408
Generation 169: Best Solution = [ 3.91714568  0.76385704 -5.15070292  0.34409715 -0.22914002 -7.95957335
 -1.44897916 -0.48813959 10.70339033 -0.62566282], Best Fitness = 0.6140711514337425, Evaluations = 5440
Generation 170: Best Solution = [ 3.91714568  0.76385704 -5.15070292  0.34409715 -0.22914002 -7.95957335
 -1.44897916 -0.48813959 10.70339033 -0.62566282], Best Fitness = 0.6140711514337425, Evaluations = 5472
Generation 171: Best Solution = [ 3.91714568  0.76385704 -5.15070292  0.34409715 -0.22914002 -7.95957335
 -1.44897916 -0.48813959 10.70339033 -0.62566282], Best Fitness = 0.6140711514337425, Evaluations = 5504
Generation 172: Best Solution = [ 3.91714568  0.76385704 -5.15070292  0.34409715 -0.22914002 -7.95957335
 -1.44897916 -0.48813959 10.70339033 -0.62566282], Best Fitness = 0.6140711514337425, Evaluations = 5536
Generation 173: Best Solution = [ 3.91714568  0.76385704 -5.15070292  0.34409715 -0.22914002 -7.95957335
 -1.44897916 -0.48813959 10.70339033 -0.62566282], Best Fitness = 0.6140711514337425, Evaluations = 5568
Generation 174: Best Solution = [ 3.91714568  0.76385704 -5.15070292  0.34409715 -0.22914002 -7.95957335
 -1.44897916 -0.48813959 10.70339033 -0.62566282], Best Fitness = 0.6140711514337425, Evaluations = 5600
Generation 175: Best Solution = [ 3.91714568  0.76385704 -5.15070292  0.34409715 -0.22914002 -7.95957335
 -1.44897916 -0.48813959 10.70339033 -0.62566282], Best Fitness = 0.6140711514337425, Evaluations = 5632
Generation 176: Best Solution = [ 3.91714568  0.76385704 -5.15070292  0.34409715 -0.22914002 -7.95957335
 -1.44897916 -0.48813959 10.70339033 -0.62566282], Best Fitness = 0.6140711514337425, Evaluations = 5664
Generation 177: Best Solution = [ 3.91714568  0.76385704 -5.15070292  0.34409715 -0.22914002 -7.95957335
 -1.44897916 -0.48813959 10.70339033 -0.62566282], Best Fitness = 0.6140711514337425, Evaluations = 5696
Generation 178: Best Solution = [ 3.91714568  0.76385704 -5.15070292  0.34409715 -0.22914002 -7.95957335
 -1.44897916 -0.48813959 10.70339033 -0.62566282], Best Fitness = 0.6140711514337425, Evaluations = 5728
Generation 179: Best Solution = [ 3.91714568  0.76385704 -5.15070292  0.34409715 -0.22914002 -7.95957335
 -1.44897916 -0.48813959 10.70339033 -0.62566282], Best Fitness = 0.6140711514337425, Evaluations = 5760
Generation 180: Best Solution = [ 3.91714568  0.76385704 -5.15070292  0.34409715 -0.22914002 -7.95957335
 -1.44897916 -0.48813959 10.70339033 -0.62566282], Best Fitness = 0.6140711514337425, Evaluations = 5792
Generation 181: Best Solution = [ 3.91714568  0.76385704 -5.15070292  0.34409715 -0.22914002 -7.95957335
 -1.44897916 -0.48813959 10.70339033 -0.62566282], Best Fitness = 0.6140711514337425, Evaluations = 5824
Generation 182: Best Solution = [ 3.91714568  0.76385704 -5.15070292  0.34409715 -0.22914002 -7.95957335
 -1.44897916 -0.48813959 10.70339033 -0.62566282], Best Fitness = 0.6140711514337425, Evaluations = 5856
Generation 183: Best Solution = [ 3.91714568  0.76385704 -5.15070292  0.34409715 -0.22914002 -7.95957335
 -1.44897916 -0.48813959 10.70339033 -0.62566282], Best Fitness = 0.6140711514337425, Evaluations = 5888
Generation 184: Best Solution = [ 3.91714568  0.76385704 -5.15070292  0.34409715 -0.22914002 -7.95957335
 -1.44897916 -0.48813959 10.70339033 -0.62566282], Best Fitness = 0.6140711514337425, Evaluations = 5920
Generation 185: Best Solution = [ 3.91714568  0.76385704 -5.15070292  0.34409715 -0.22914002 -7.95957335
 -1.44897916 -0.48813959 10.70339033 -0.62566282], Best Fitness = 0.6140711514337425, Evaluations = 5952
Generation 186: Best Solution = [ 3.91714568  0.76385704 -5.15070292  0.34409715 -0.22914002 -7.95957335
 -1.44897916 -0.48813959 10.70339033 -0.62566282], Best Fitness = 0.6140711514337425, Evaluations = 5984
Generation 187: Best Solution = [ 3.91714568  0.76385704 -5.15070292  0.34409715 -0.22914002 -7.95957335
 -1.44897916 -0.48813959 10.70339033 -0.62566282], Best Fitness = 0.6140711514337425, Evaluations = 6016
Generation 188: Best Solution = [ 3.91714568  0.76385704 -5.15070292  0.34409715 -0.22914002 -7.95957335
 -1.44897916 -0.48813959 10.70339033 -0.62566282], Best Fitness = 0.6140711514337425, Evaluations = 6048
Generation 189: Best Solution = [ 3.91714568  0.76385704 -5.15070292  0.34409715 -0.22914002 -7.95957335
 -1.44897916 -0.48813959 10.70339033 -0.62566282], Best Fitness = 0.6140711514337425, Evaluations = 6080
Generation 190: Best Solution = [ 3.91714568  0.76385704 -5.15070292  0.34409715 -0.22914002 -7.95957335
 -1.44897916 -0.48813959 10.70339033 -0.62566282], Best Fitness = 0.6140711514337425, Evaluations = 6112
Generation 191: Best Solution = [ 3.91714568  0.76385704 -5.15070292  0.34409715 -0.22914002 -7.95957335
 -1.44897916 -0.48813959 10.70339033 -0.62566282], Best Fitness = 0.6140711514337425, Evaluations = 6144
Generation 192: Best Solution = [ 3.91714568  0.76385704 -5.15070292  0.34409715 -0.22914002 -7.95957335
 -1.44897916 -0.48813959 10.70339033 -0.62566282], Best Fitness = 0.6140711514337425, Evaluations = 6176
Generation 193: Best Solution = [ 3.91714568  0.76385704 -5.15070292  0.34409715 -0.22914002 -7.95957335
 -1.44897916 -0.48813959 10.70339033 -0.62566282], Best Fitness = 0.6140711514337425, Evaluations = 6208
Generation 194: Best Solution = [ 3.91714568  0.76385704 -5.15070292  0.34409715 -0.22914002 -7.95957335
 -1.44897916 -0.48813959 10.70339033 -0.62566282], Best Fitness = 0.6140711514337425, Evaluations = 6240
Generation 195: Best Solution = [ 3.91714568  0.76385704 -5.15070292  0.34409715 -0.22914002 -7.95957335
 -1.44897916 -0.48813959 10.70339033 -0.62566282], Best Fitness = 0.6140711514337425, Evaluations = 6272
Generation 196: Best Solution = [ 3.91714568  0.76385704 -5.15070292  0.34409715 -0.22914002 -7.95957335
 -1.44897916 -0.48813959 10.70339033 -0.62566282], Best Fitness = 0.6140711514337425, Evaluations = 6304
Generation 197: Best Solution = [ 3.91714568  0.76385704 -5.15070292  0.34409715 -0.22914002 -7.95957335
 -1.44897916 -0.48813959 10.70339033 -0.62566282], Best Fitness = 0.6140711514337425, Evaluations = 6336
Generation 198: Best Solution = [ 3.91714568  0.76385704 -5.15070292  0.34409715 -0.22914002 -7.95957335
 -1.44897916 -0.48813959 10.70339033 -0.62566282], Best Fitness = 0.6140711514337425, Evaluations = 6368
Generation 199: Best Solution = [ 3.91714568  0.76385704 -5.15070292  0.34409715 -0.22914002 -7.95957335
 -1.44897916 -0.48813959 10.70339033 -0.62566282], Best Fitness = 0.6140711514337425, Evaluations = 6400
Generation 200: Best Solution = [ 3.91714568  0.76385704 -5.15070292  0.34409715 -0.22914002 -7.95957335
 -1.44897916 -0.48813959 10.70339033 -0.62566282], Best Fitness = 0.6140711514337425, Evaluations = 6432
Generation 201: Best Solution = [ 3.91714568  0.76385704 -5.15070292  0.34409715 -0.22914002 -7.95957335
 -1.44897916 -0.48813959 10.70339033 -0.62566282], Best Fitness = 0.6140711514337425, Evaluations = 6464
Generation 202: Best Solution = [ 6.55544476  4.42391163 -1.36586812 12.69623828  7.12836062  0.3597078
 -0.81820487 -1.08733324  1.0287396  -0.35439799], Best Fitness = 0.5167094283646039, Evaluations = 6496
Generation 203: Best Solution = [ 6.55544476  4.42391163 -1.36586812 12.69623828  7.12836062  0.3597078
 -0.81820487 -1.08733324  1.0287396  -0.35439799], Best Fitness = 0.5167094283646039, Evaluations = 6528
Generation 204: Best Solution = [-0.06901955  0.76385704 -6.13347143  0.34409715 -0.22914002 -0.71705065
 -1.44897916 -0.48813959 -1.04683383  9.2024939 ], Best Fitness = 0.4627648337123218, Evaluations = 6560
Generation 205: Best Solution = [-0.06901955  0.76385704 -6.13347143  0.34409715 -0.22914002 -0.71705065
 -1.44897916 -0.48813959 -1.04683383  9.2024939 ], Best Fitness = 0.4627648337123218, Evaluations = 6592
Generation 206: Best Solution = [-0.06901955  0.76385704 -6.13347143  0.34409715 -0.22914002 -0.71705065
 -1.44897916 -0.48813959 -1.04683383  9.2024939 ], Best Fitness = 0.4627648337123218, Evaluations = 6624
Generation 207: Best Solution = [-0.06901955  0.76385704 -6.13347143  0.34409715 -0.22914002 -0.71705065
 -1.44897916 -0.48813959 -1.04683383  9.2024939 ], Best Fitness = 0.4627648337123218, Evaluations = 6656
Generation 208: Best Solution = [-0.06901955  0.76385704 -6.13347143  0.34409715 -0.22914002 -0.71705065
 -1.44897916 -0.48813959 -1.04683383  9.2024939 ], Best Fitness = 0.4627648337123218, Evaluations = 6688
Generation 209: Best Solution = [-0.06901955  0.76385704 -6.13347143  0.34409715 -0.22914002 -0.71705065
 -1.44897916 -0.48813959 -1.04683383  9.2024939 ], Best Fitness = 0.4627648337123218, Evaluations = 6720
Generation 210: Best Solution = [-0.06901955  0.76385704 -6.13347143  0.34409715 -0.22914002 -0.71705065
 -1.44897916 -0.48813959 -1.04683383  9.2024939 ], Best Fitness = 0.4627648337123218, Evaluations = 6752
Generation 211: Best Solution = [-0.06901955  0.76385704 -6.13347143  0.34409715 -0.22914002 -0.71705065
 -1.44897916 -0.48813959 -1.04683383  9.2024939 ], Best Fitness = 0.4627648337123218, Evaluations = 6784
Generation 212: Best Solution = [-0.06901955  0.76385704 -6.13347143  0.34409715 -0.22914002 -0.71705065
 -1.44897916 -0.48813959 -1.04683383  9.2024939 ], Best Fitness = 0.4627648337123218, Evaluations = 6816
Generation 213: Best Solution = [-0.06901955  0.76385704 -6.13347143  0.34409715 -0.22914002 -0.71705065
 -1.44897916 -0.48813959 -1.04683383  9.2024939 ], Best Fitness = 0.4627648337123218, Evaluations = 6848
Generation 214: Best Solution = [-0.06901955  0.76385704 -6.13347143  0.34409715 -0.22914002 -0.71705065
 -1.44897916 -0.48813959 -1.04683383  9.2024939 ], Best Fitness = 0.4627648337123218, Evaluations = 6880
Generation 215: Best Solution = [-0.06901955  0.76385704 -6.13347143  0.34409715 -0.22914002 -0.71705065
 -1.44897916 -0.48813959 -1.04683383  9.2024939 ], Best Fitness = 0.4627648337123218, Evaluations = 6912
Generation 216: Best Solution = [-0.06901955  0.76385704 -6.13347143  0.34409715 -0.22914002 -0.71705065
 -1.44897916 -0.48813959 -1.04683383  9.2024939 ], Best Fitness = 0.4627648337123218, Evaluations = 6944
Generation 217: Best Solution = [-0.06901955  0.76385704 -6.13347143  0.34409715 -0.22914002 -0.71705065
 -1.44897916 -0.48813959 -1.04683383  9.2024939 ], Best Fitness = 0.4627648337123218, Evaluations = 6976
Generation 218: Best Solution = [-0.06901955  0.76385704 -6.13347143  0.34409715 -0.22914002 -0.71705065
 -1.44897916 -0.48813959 -1.04683383  9.2024939 ], Best Fitness = 0.4627648337123218, Evaluations = 7008
Generation 219: Best Solution = [-0.06901955  0.76385704 -6.13347143  0.34409715 -0.22914002 -0.71705065
 -1.44897916 -0.48813959 -1.04683383  9.2024939 ], Best Fitness = 0.4627648337123218, Evaluations = 7040
Generation 220: Best Solution = [-0.06901955  0.76385704 -6.13347143  0.34409715 -0.22914002 -0.71705065
 -1.44897916 -0.48813959 -1.04683383  9.2024939 ], Best Fitness = 0.4627648337123218, Evaluations = 7072
Generation 221: Best Solution = [-0.06901955  0.76385704 -6.13347143  0.34409715 -0.22914002 -0.71705065
 -1.44897916 -0.48813959 -1.04683383  9.2024939 ], Best Fitness = 0.4627648337123218, Evaluations = 7104
Generation 222: Best Solution = [-0.06901955  0.76385704 -6.13347143  0.34409715 -0.22914002 -0.71705065
 -1.44897916 -0.48813959 -1.04683383  9.2024939 ], Best Fitness = 0.4627648337123218, Evaluations = 7136
Generation 223: Best Solution = [-0.06901955  0.76385704 -6.13347143  0.34409715 -0.22914002 -0.71705065
 -1.44897916 -0.48813959 -1.04683383  9.2024939 ], Best Fitness = 0.4627648337123218, Evaluations = 7168
Generation 224: Best Solution = [-0.06901955  0.76385704 -6.13347143  0.34409715 -0.22914002 -0.71705065
 -1.44897916 -0.48813959 -1.04683383  9.2024939 ], Best Fitness = 0.4627648337123218, Evaluations = 7200
Generation 225: Best Solution = [-0.06901955  0.76385704 -6.13347143  0.34409715 -0.22914002 -0.71705065
 -1.44897916 -0.48813959 -1.04683383  9.2024939 ], Best Fitness = 0.4627648337123218, Evaluations = 7232
Generation 226: Best Solution = [-0.06901955  0.76385704 -6.13347143  0.34409715 -0.22914002 -0.71705065
 -1.44897916 -0.48813959 -1.04683383  9.2024939 ], Best Fitness = 0.4627648337123218, Evaluations = 7264
Generation 227: Best Solution = [-0.06901955  0.76385704 -6.13347143  0.34409715 -0.22914002 -0.71705065
 -1.44897916 -0.48813959 -1.04683383  9.2024939 ], Best Fitness = 0.4627648337123218, Evaluations = 7296
Generation 228: Best Solution = [-0.06901955  0.76385704 -6.13347143  0.34409715 -0.22914002 -0.71705065
 -1.44897916 -0.48813959 -1.04683383  9.2024939 ], Best Fitness = 0.4627648337123218, Evaluations = 7328
Generation 229: Best Solution = [-0.06901955  0.76385704 -6.13347143  0.34409715 -0.22914002 -0.71705065
 -1.44897916 -0.48813959 -1.04683383  9.2024939 ], Best Fitness = 0.4627648337123218, Evaluations = 7360
Generation 230: Best Solution = [-0.06901955  0.76385704 -6.13347143  0.34409715 -0.22914002 -0.71705065
 -1.44897916 -0.48813959 -1.04683383  9.2024939 ], Best Fitness = 0.4627648337123218, Evaluations = 7392
Generation 231: Best Solution = [-0.06901955  0.76385704 -6.13347143  0.34409715 -0.22914002 -0.71705065
 -1.44897916 -0.48813959 -1.04683383  9.2024939 ], Best Fitness = 0.4627648337123218, Evaluations = 7424
Generation 232: Best Solution = [-0.06901955  0.76385704 -6.13347143  0.34409715 -0.22914002 -0.71705065
 -1.44897916 -0.48813959 -1.04683383  9.2024939 ], Best Fitness = 0.4627648337123218, Evaluations = 7456
Generation 233: Best Solution = [-0.06901955  0.76385704 -6.13347143  0.34409715 -0.22914002 -0.71705065
 -1.44897916 -0.48813959 -1.04683383  9.2024939 ], Best Fitness = 0.4627648337123218, Evaluations = 7488
Generation 234: Best Solution = [-0.06901955  0.76385704 -6.13347143  0.34409715 -0.22914002 -0.71705065
 -1.44897916 -0.48813959 -1.04683383  9.2024939 ], Best Fitness = 0.4627648337123218, Evaluations = 7520
Generation 235: Best Solution = [-0.06901955  0.76385704 -6.13347143  0.34409715 -0.22914002 -0.71705065
 -1.44897916 -0.48813959 -1.04683383  9.2024939 ], Best Fitness = 0.4627648337123218, Evaluations = 7552
Generation 236: Best Solution = [-0.06901955  0.76385704 -6.13347143  0.34409715 -0.22914002 -0.71705065
 -1.44897916 -0.48813959 -1.04683383  9.2024939 ], Best Fitness = 0.4627648337123218, Evaluations = 7584
Generation 237: Best Solution = [-0.06901955  0.76385704 -6.13347143  0.34409715 -0.22914002 -0.71705065
 -1.44897916 -0.48813959 -1.04683383  9.2024939 ], Best Fitness = 0.4627648337123218, Evaluations = 7616
Generation 238: Best Solution = [-0.06901955  0.76385704 -6.13347143  0.34409715 -0.22914002 -0.71705065
 -1.44897916 -0.48813959 -1.04683383  9.2024939 ], Best Fitness = 0.4627648337123218, Evaluations = 7648
Generation 239: Best Solution = [-0.06901955  0.76385704 -6.13347143  0.34409715 -0.22914002 -0.71705065
 -1.44897916 -0.48813959 -1.04683383  9.2024939 ], Best Fitness = 0.4627648337123218, Evaluations = 7680
Generation 240: Best Solution = [-0.06901955  0.76385704 -6.13347143  0.34409715 -0.22914002 -0.71705065
 -1.44897916 -0.48813959 -1.04683383  9.2024939 ], Best Fitness = 0.4627648337123218, Evaluations = 7712
Generation 241: Best Solution = [-0.06901955  0.76385704 -6.13347143  0.34409715 -0.22914002 -0.71705065
 -1.44897916 -0.48813959 -1.04683383  9.2024939 ], Best Fitness = 0.4627648337123218, Evaluations = 7744
Generation 242: Best Solution = [-0.06901955  0.76385704 -6.13347143  0.34409715 -0.22914002 -0.71705065
 -1.44897916 -0.48813959 -1.04683383  9.2024939 ], Best Fitness = 0.4627648337123218, Evaluations = 7776
Generation 243: Best Solution = [-0.06901955  0.76385704 -6.13347143  0.34409715 -0.22914002 -0.71705065
 -1.44897916 -0.48813959 -1.04683383  9.2024939 ], Best Fitness = 0.4627648337123218, Evaluations = 7808
Generation 244: Best Solution = [-0.06901955  0.76385704 -6.13347143  0.34409715 -0.22914002 -0.71705065
 -1.44897916 -0.48813959 -1.04683383  9.2024939 ], Best Fitness = 0.4627648337123218, Evaluations = 7840
Generation 245: Best Solution = [-0.06901955  0.76385704 -6.13347143  0.34409715 -0.22914002 -0.71705065
 -1.44897916 -0.48813959 -1.04683383  9.2024939 ], Best Fitness = 0.4627648337123218, Evaluations = 7872
Generation 246: Best Solution = [-0.06901955  0.76385704 -6.13347143  0.34409715 -0.22914002 -0.71705065
 -1.44897916 -0.48813959 -1.04683383  9.2024939 ], Best Fitness = 0.4627648337123218, Evaluations = 7904
Generation 247: Best Solution = [-0.06901955  0.76385704 -6.13347143  0.34409715 -0.22914002 -0.71705065
 -1.44897916 -0.48813959 -1.04683383  9.2024939 ], Best Fitness = 0.4627648337123218, Evaluations = 7936
Generation 248: Best Solution = [-0.06901955  0.76385704 -6.13347143  0.34409715 -0.22914002 -0.71705065
 -1.44897916 -0.48813959 -1.04683383  9.2024939 ], Best Fitness = 0.4627648337123218, Evaluations = 7968
Generation 249: Best Solution = [-0.06901955  0.76385704 -6.13347143  0.34409715 -0.22914002 -0.71705065
 -1.44897916 -0.48813959 -1.04683383  9.2024939 ], Best Fitness = 0.4627648337123218, Evaluations = 8000
Generation 250: Best Solution = [-0.06901955  0.76385704 -6.13347143  0.34409715 -0.22914002 -0.71705065
 -1.44897916 -0.48813959 -1.04683383  9.2024939 ], Best Fitness = 0.4627648337123218, Evaluations = 8032
Generation 251: Best Solution = [-0.06901955  0.76385704 -6.13347143  0.34409715 -0.22914002 -0.71705065
 -1.44897916 -0.48813959 -1.04683383  9.2024939 ], Best Fitness = 0.4627648337123218, Evaluations = 8064
Generation 252: Best Solution = [-0.06901955  0.76385704 -6.13347143  0.34409715 -0.22914002 -0.71705065
 -1.44897916 -0.48813959 -1.04683383  9.2024939 ], Best Fitness = 0.4627648337123218, Evaluations = 8096
Generation 253: Best Solution = [-0.06901955  0.76385704 -6.13347143  0.34409715 -0.22914002 -0.71705065
 -1.44897916 -0.48813959 -1.04683383  9.2024939 ], Best Fitness = 0.4627648337123218, Evaluations = 8128
Generation 254: Best Solution = [-0.06901955  0.76385704 -6.13347143  0.34409715 -0.22914002 -0.71705065
 -1.44897916 -0.48813959 -1.04683383  9.2024939 ], Best Fitness = 0.4627648337123218, Evaluations = 8160
Generation 255: Best Solution = [-0.06901955  0.76385704 -6.13347143  0.34409715 -0.22914002 -0.71705065
 -1.44897916 -0.48813959 -1.04683383  9.2024939 ], Best Fitness = 0.4627648337123218, Evaluations = 8192
Generation 256: Best Solution = [-0.06901955  0.76385704 -6.13347143  0.34409715 -0.22914002 -0.71705065
 -1.44897916 -0.48813959 -1.04683383  9.2024939 ], Best Fitness = 0.4627648337123218, Evaluations = 8224
Generation 257: Best Solution = [ -0.03337745  -0.29816891  -0.17086177   1.04481498  -0.37363441
   0.29784612   0.71823407 -17.97879271   0.99513459   0.37412441], Best Fitness = 0.337407089093855, Evaluations = 8256
Generation 258: Best Solution = [ -0.03337745  -0.29816891  -0.17086177   1.04481498  -0.37363441
   0.29784612   0.71823407 -17.97879271   0.99513459   0.37412441], Best Fitness = 0.337407089093855, Evaluations = 8288
Generation 259: Best Solution = [ -0.03337745  -0.29816891  -0.17086177   1.04481498  -0.37363441
   0.29784612   0.71823407 -17.97879271   0.99513459   0.37412441], Best Fitness = 0.337407089093855, Evaluations = 8320
Generation 260: Best Solution = [ -0.03337745  -0.29816891  -0.17086177   1.04481498  -0.37363441
   0.29784612   0.71823407 -17.97879271   0.99513459   0.37412441], Best Fitness = 0.337407089093855, Evaluations = 8352
Generation 261: Best Solution = [ -0.03337745  -0.29816891  -0.17086177   1.04481498  -0.37363441
   0.29784612   0.71823407 -17.97879271   0.99513459   0.37412441], Best Fitness = 0.337407089093855, Evaluations = 8384
Generation 262: Best Solution = [ -0.03337745  -0.29816891  -0.17086177   1.04481498  -0.37363441
   0.29784612   0.71823407 -17.97879271   0.99513459   0.37412441], Best Fitness = 0.337407089093855, Evaluations = 8416
Generation 263: Best Solution = [ -0.03337745  -0.29816891  -0.17086177   1.04481498  -0.37363441
   0.29784612   0.71823407 -17.97879271   0.99513459   0.37412441], Best Fitness = 0.337407089093855, Evaluations = 8448
Generation 264: Best Solution = [ -0.03337745  -0.29816891  -0.17086177   1.04481498  -0.37363441
   0.29784612   0.71823407 -17.97879271   0.99513459   0.37412441], Best Fitness = 0.337407089093855, Evaluations = 8480
Generation 265: Best Solution = [ -0.03337745  -0.29816891  -0.17086177   1.04481498  -0.37363441
   0.29784612   0.71823407 -17.97879271   0.99513459   0.37412441], Best Fitness = 0.337407089093855, Evaluations = 8512
Generation 266: Best Solution = [ -0.03337745  -0.29816891  -0.17086177   1.04481498  -0.37363441
   0.29784612   0.71823407 -17.97879271   0.99513459   0.37412441], Best Fitness = 0.337407089093855, Evaluations = 8544
Generation 267: Best Solution = [ -0.03337745  -0.29816891  -0.17086177   1.04481498  -0.37363441
   0.29784612   0.71823407 -17.97879271   0.99513459   0.37412441], Best Fitness = 0.337407089093855, Evaluations = 8576
Generation 268: Best Solution = [ -0.03337745  -0.29816891  -0.17086177   1.04481498  -0.37363441
   0.29784612   0.71823407 -17.97879271   0.99513459   0.37412441], Best Fitness = 0.337407089093855, Evaluations = 8608
Generation 269: Best Solution = [ -0.03337745  -0.29816891  -0.17086177   1.04481498  -0.37363441
   0.29784612   0.71823407 -17.97879271   0.99513459   0.37412441], Best Fitness = 0.337407089093855, Evaluations = 8640
Generation 270: Best Solution = [ -0.03337745  -0.29816891  -0.17086177   1.04481498  -0.37363441
   0.29784612   0.71823407 -17.97879271   0.99513459   0.37412441], Best Fitness = 0.337407089093855, Evaluations = 8672
Generation 271: Best Solution = [ -0.03337745  -0.29816891  -0.17086177   1.04481498  -0.37363441
   0.29784612   0.71823407 -17.97879271   0.99513459   0.37412441], Best Fitness = 0.337407089093855, Evaluations = 8704
Generation 272: Best Solution = [ -0.03337745  -0.29816891  -0.17086177   1.04481498  -0.37363441
   0.29784612   0.71823407 -17.97879271   0.99513459   0.37412441], Best Fitness = 0.337407089093855, Evaluations = 8736
Generation 273: Best Solution = [ -0.03337745  -0.29816891  -0.17086177   1.04481498  -0.37363441
   0.29784612   0.71823407 -17.97879271   0.99513459   0.37412441], Best Fitness = 0.337407089093855, Evaluations = 8768
Generation 274: Best Solution = [ -0.03337745  -0.29816891  -0.17086177   1.04481498  -0.37363441
   0.29784612   0.71823407 -17.97879271   0.99513459   0.37412441], Best Fitness = 0.337407089093855, Evaluations = 8800
Generation 275: Best Solution = [ -0.03337745  -0.29816891  -0.17086177   1.04481498  -0.37363441
   0.29784612   0.71823407 -17.97879271   0.99513459   0.37412441], Best Fitness = 0.337407089093855, Evaluations = 8832
Generation 276: Best Solution = [ -0.03337745  -0.29816891  -0.17086177   1.04481498  -0.37363441
   0.29784612   0.71823407 -17.97879271   0.99513459   0.37412441], Best Fitness = 0.337407089093855, Evaluations = 8864
Generation 277: Best Solution = [ -0.03337745  -0.29816891  -0.17086177   1.04481498  -0.37363441
   0.29784612   0.71823407 -17.97879271   0.99513459   0.37412441], Best Fitness = 0.337407089093855, Evaluations = 8896
Generation 278: Best Solution = [ -0.03337745  -0.29816891  -0.17086177   1.04481498  -0.37363441
   0.29784612   0.71823407 -17.97879271   0.99513459   0.37412441], Best Fitness = 0.337407089093855, Evaluations = 8928
Generation 279: Best Solution = [ -0.03337745  -0.29816891  -0.17086177   1.04481498  -0.37363441
   0.29784612   0.71823407 -17.97879271   0.99513459   0.37412441], Best Fitness = 0.337407089093855, Evaluations = 8960
Generation 280: Best Solution = [ -0.03337745  -0.29816891  -0.17086177   1.04481498  -0.37363441
   0.29784612   0.71823407 -17.97879271   0.99513459   0.37412441], Best Fitness = 0.337407089093855, Evaluations = 8992
Generation 281: Best Solution = [ -0.03337745  -0.29816891  -0.17086177   1.04481498  -0.37363441
   0.29784612   0.71823407 -17.97879271   0.99513459   0.37412441], Best Fitness = 0.337407089093855, Evaluations = 9024
Generation 282: Best Solution = [ -0.03337745  -0.29816891  -0.17086177   1.04481498  -0.37363441
   0.29784612   0.71823407 -17.97879271   0.99513459   0.37412441], Best Fitness = 0.337407089093855, Evaluations = 9056
Generation 283: Best Solution = [ -0.03337745  -0.29816891  -0.17086177   1.04481498  -0.37363441
   0.29784612   0.71823407 -17.97879271   0.99513459   0.37412441], Best Fitness = 0.337407089093855, Evaluations = 9088
Generation 284: Best Solution = [ -0.03337745  -0.29816891  -0.17086177   1.04481498  -0.37363441
   0.29784612   0.71823407 -17.97879271   0.99513459   0.37412441], Best Fitness = 0.337407089093855, Evaluations = 9120
Generation 285: Best Solution = [ -0.03337745  -0.29816891  -0.17086177   1.04481498  -0.37363441
   0.29784612   0.71823407 -17.97879271   0.99513459   0.37412441], Best Fitness = 0.337407089093855, Evaluations = 9152
Generation 286: Best Solution = [ -0.03337745  -0.29816891  -0.17086177   1.04481498  -0.37363441
   0.29784612   0.71823407 -17.97879271   0.99513459   0.37412441], Best Fitness = 0.337407089093855, Evaluations = 9184
Generation 287: Best Solution = [ -0.03337745  -0.29816891  -0.17086177   1.04481498  -0.37363441
   0.29784612   0.71823407 -17.97879271   0.99513459   0.37412441], Best Fitness = 0.337407089093855, Evaluations = 9216
Generation 288: Best Solution = [ -0.03337745  -0.29816891  -0.17086177   1.04481498  -0.37363441
   0.29784612   0.71823407 -17.97879271   0.99513459   0.37412441], Best Fitness = 0.337407089093855, Evaluations = 9248
Generation 289: Best Solution = [ -0.03337745  -0.29816891  -0.17086177   1.04481498  -0.37363441
   0.29784612   0.71823407 -17.97879271   0.99513459   0.37412441], Best Fitness = 0.337407089093855, Evaluations = 9280
Generation 290: Best Solution = [ -0.03337745  -0.29816891  -0.17086177   1.04481498  -0.37363441
   0.29784612   0.71823407 -17.97879271   0.99513459   0.37412441], Best Fitness = 0.337407089093855, Evaluations = 9312
Generation 291: Best Solution = [ -0.03337745  -0.29816891  -0.17086177   1.04481498  -0.37363441
   0.29784612   0.71823407 -17.97879271   0.99513459   0.37412441], Best Fitness = 0.337407089093855, Evaluations = 9344
Generation 292: Best Solution = [ -0.03337745  -0.29816891  -0.17086177   1.04481498  -0.37363441
   0.29784612   0.71823407 -17.97879271   0.99513459   0.37412441], Best Fitness = 0.337407089093855, Evaluations = 9376
Generation 293: Best Solution = [ -0.03337745  -0.29816891  -0.17086177   1.04481498  -0.37363441
   0.29784612   0.71823407 -17.97879271   0.99513459   0.37412441], Best Fitness = 0.337407089093855, Evaluations = 9408
Generation 294: Best Solution = [ -0.03337745  -0.29816891  -0.17086177   1.04481498  -0.37363441
   0.29784612   0.71823407 -17.97879271   0.99513459   0.37412441], Best Fitness = 0.337407089093855, Evaluations = 9440
Generation 295: Best Solution = [ -0.03337745  -0.29816891  -0.17086177   1.04481498  -0.37363441
   0.29784612   0.71823407 -17.97879271   0.99513459   0.37412441], Best Fitness = 0.337407089093855, Evaluations = 9472
Generation 296: Best Solution = [ -0.03337745  -0.29816891  -0.17086177   1.04481498  -0.37363441
   0.29784612   0.71823407 -17.97879271   0.99513459   0.37412441], Best Fitness = 0.337407089093855, Evaluations = 9504
Generation 297: Best Solution = [ -0.03337745  -0.29816891  -0.17086177   1.04481498  -0.37363441
   0.29784612   0.71823407 -17.97879271   0.99513459   0.37412441], Best Fitness = 0.337407089093855, Evaluations = 9536
Generation 298: Best Solution = [ -0.03337745  -0.29816891  -0.17086177   1.04481498  -0.37363441
   0.29784612   0.71823407 -17.97879271   0.99513459   0.37412441], Best Fitness = 0.337407089093855, Evaluations = 9568
Generation 299: Best Solution = [ -0.03337745  -0.29816891  -0.17086177   1.04481498  -0.37363441
   0.29784612   0.71823407 -17.97879271   0.99513459   0.37412441], Best Fitness = 0.337407089093855, Evaluations = 9600
Generation 300: Best Solution = [ -0.03337745  -0.29816891  -0.17086177   1.04481498  -0.37363441
   0.29784612   0.71823407 -17.97879271   0.99513459   0.37412441], Best Fitness = 0.337407089093855, Evaluations = 9632
Generation 301: Best Solution = [ -0.03337745  -0.29816891  -0.17086177   1.04481498  -0.37363441
   0.29784612   0.71823407 -17.97879271   0.99513459   0.37412441], Best Fitness = 0.337407089093855, Evaluations = 9664
Generation 302: Best Solution = [ -0.03337745  -0.29816891  -0.17086177   1.04481498  -0.37363441
   0.29784612   0.71823407 -17.97879271   0.99513459   0.37412441], Best Fitness = 0.337407089093855, Evaluations = 9696
Generation 303: Best Solution = [ -0.03337745  -0.29816891  -0.17086177   1.04481498  -0.37363441
   0.29784612   0.71823407 -17.97879271   0.99513459   0.37412441], Best Fitness = 0.337407089093855, Evaluations = 9728
Generation 304: Best Solution = [ -0.03337745  -0.29816891  -0.17086177   1.04481498  -0.37363441
   0.29784612   0.71823407 -17.97879271   0.99513459   0.37412441], Best Fitness = 0.337407089093855, Evaluations = 9760
Generation 305: Best Solution = [ -0.03337745  -0.29816891  -0.17086177   1.04481498  -0.37363441
   0.29784612   0.71823407 -17.97879271   0.99513459   0.37412441], Best Fitness = 0.337407089093855, Evaluations = 9792
Generation 306: Best Solution = [ -0.03337745  -0.29816891  -0.17086177   1.04481498  -0.37363441
   0.29784612   0.71823407 -17.97879271   0.99513459   0.37412441], Best Fitness = 0.337407089093855, Evaluations = 9824
Generation 307: Best Solution = [ -0.03337745  -0.29816891  -0.17086177   1.04481498  -0.37363441
   0.29784612   0.71823407 -17.97879271   0.99513459   0.37412441], Best Fitness = 0.337407089093855, Evaluations = 9856
Generation 308: Best Solution = [ -0.03337745  -0.29816891  -0.17086177   1.04481498  -0.37363441
   0.29784612   0.71823407 -17.97879271   0.99513459   0.37412441], Best Fitness = 0.337407089093855, Evaluations = 9888
Generation 309: Best Solution = [ -0.03337745  -0.29816891  -0.17086177   1.04481498  -0.37363441
   0.29784612   0.71823407 -17.97879271   0.99513459   0.37412441], Best Fitness = 0.337407089093855, Evaluations = 9920
Generation 310: Best Solution = [ -0.03337745  -0.29816891  -0.17086177   1.04481498  -0.37363441
   0.29784612   0.71823407 -17.97879271   0.99513459   0.37412441], Best Fitness = 0.337407089093855, Evaluations = 9952
Generation 311: Best Solution = [ -0.03337745  -0.29816891  -0.17086177   1.04481498  -0.37363441
   0.29784612   0.71823407 -17.97879271   0.99513459   0.37412441], Best Fitness = 0.337407089093855, Evaluations = 9984
Generation 312: Best Solution = [ -0.03337745  -0.29816891  -0.17086177   1.04481498  -0.37363441
   0.29784612   0.71823407 -17.97879271   0.99513459   0.37412441], Best Fitness = 0.337407089093855, Evaluations = 10016
