Algorithm: Differential Evolution
Objective Function: Rastrigin
Dimension: 10
Population Size: 64
Max Evaluations: 10000

Generation 0: Best Solution = [ 0.88229538 -2.17110745 -0.06174804  3.60224398 -3.11838972  0.12454877
  3.94922971  2.03857772 -1.64643031 -4.42049863], Best Fitness = 138.0044790141783, Evaluations = 64
Generation 1: Best Solution = [ 0.88229538 -2.17110745 -0.06174804  3.60224398 -3.11838972  0.12454877
  3.94922971  2.03857772 -1.64643031 -4.42049863], Best Fitness = 138.0044790141783, Evaluations = 128
Generation 2: Best Solution = [ 0.86819918 -1.05705937 -0.99320662  1.16399473  3.85516955  0.49735919
 -1.8682959  -5.12        3.54395799  2.85035493], Best Fitness = 131.97850370210045, Evaluations = 192
Generation 3: Best Solution = [ 1.92473588  0.16616028  0.07628787 -2.09353115 -1.82406265  0.02779383
  5.12       -5.12        4.78503494 -2.86938748], Best Fitness = 125.96665172453075, Evaluations = 256
Generation 4: Best Solution = [ 1.92473588  0.16616028  0.07628787 -2.09353115 -1.82406265  0.02779383
  5.12       -5.12        4.78503494 -2.86938748], Best Fitness = 125.96665172453075, Evaluations = 320
Generation 5: Best Solution = [ 1.92473588  0.16616028  0.07628787 -2.09353115 -1.82406265  0.02779383
  5.12       -5.12        4.78503494 -2.86938748], Best Fitness = 125.96665172453075, Evaluations = 384
Generation 6: Best Solution = [ 3.26210445 -2.0000571   0.76430815 -4.46619284 -0.83463577 -1.03308761
  1.73790089  2.19329881 -0.0492855  -0.01426325], Best Fitness = 107.3393726293327, Evaluations = 448
Generation 7: Best Solution = [ 3.26210445 -2.0000571   0.76430815 -4.46619284 -0.83463577 -1.03308761
  1.73790089  2.19329881 -0.0492855  -0.01426325], Best Fitness = 107.3393726293327, Evaluations = 512
Generation 8: Best Solution = [ 3.26210445 -2.0000571   0.76430815 -4.46619284 -0.83463577 -1.03308761
  1.73790089  2.19329881 -0.0492855  -0.01426325], Best Fitness = 107.3393726293327, Evaluations = 576
Generation 9: Best Solution = [ 3.26210445 -2.0000571   0.76430815 -4.46619284 -0.83463577 -1.03308761
  1.73790089  2.19329881 -0.0492855  -0.01426325], Best Fitness = 107.3393726293327, Evaluations = 640
Generation 10: Best Solution = [ 3.26210445 -2.0000571   0.76430815 -4.46619284 -0.83463577 -1.03308761
  1.73790089  2.19329881 -0.0492855  -0.01426325], Best Fitness = 107.3393726293327, Evaluations = 704
Generation 11: Best Solution = [-0.285367    3.9690868   1.0999395   0.86000565 -0.12226645 -3.00305196
  0.48110213  3.13315162 -1.9673065   2.12674497], Best Fitness = 92.4416226243941, Evaluations = 768
Generation 12: Best Solution = [-0.285367    3.9690868   1.0999395   0.86000565 -0.12226645 -3.00305196
  0.48110213  3.13315162 -1.9673065   2.12674497], Best Fitness = 92.4416226243941, Evaluations = 832
Generation 13: Best Solution = [-3.02100595  0.37666781  1.04717907 -1.0861171   3.02463382 -1.97385912
  1.12942823 -0.87254112  0.5463375  -0.89788124], Best Fitness = 74.81663727461361, Evaluations = 896
Generation 14: Best Solution = [-3.02100595  0.37666781  1.04717907 -1.0861171   3.02463382 -1.97385912
  1.12942823 -0.87254112  0.5463375  -0.89788124], Best Fitness = 74.81663727461361, Evaluations = 960
Generation 15: Best Solution = [-3.02100595  0.37666781  1.04717907 -1.0861171   3.02463382 -1.97385912
  1.12942823 -0.87254112  0.5463375  -0.89788124], Best Fitness = 74.81663727461361, Evaluations = 1024
Generation 16: Best Solution = [-3.02100595  0.37666781  1.04717907 -1.0861171   3.02463382 -1.97385912
  1.12942823 -0.87254112  0.5463375  -0.89788124], Best Fitness = 74.81663727461361, Evaluations = 1088
Generation 17: Best Solution = [-0.08542552  2.20569624  1.16513891  1.75211819 -0.16578054 -0.90022111
  0.06911538  2.01128855 -2.24364803  3.05697648], Best Fitness = 70.05108359213739, Evaluations = 1152
Generation 18: Best Solution = [-0.08542552  2.20569624  1.16513891  1.75211819 -0.16578054 -0.90022111
  0.06911538  2.01128855 -2.24364803  3.05697648], Best Fitness = 70.05108359213739, Evaluations = 1216
Generation 19: Best Solution = [-0.08542552  2.20569624  1.16513891  1.75211819 -0.16578054 -0.90022111
  0.06911538  2.01128855 -2.24364803  3.05697648], Best Fitness = 70.05108359213739, Evaluations = 1280
Generation 20: Best Solution = [-0.08542552  2.20569624  1.16513891  1.75211819 -0.16578054 -0.90022111
  0.06911538  2.01128855 -2.24364803  3.05697648], Best Fitness = 70.05108359213739, Evaluations = 1344
Generation 21: Best Solution = [ 0.05596983 -0.27364906 -2.18488639 -2.15333143  0.98829068 -0.1676032
  1.10496361 -1.74615013  1.93568267  2.94316812], Best Fitness = 68.43300366529328, Evaluations = 1408
Generation 22: Best Solution = [ 0.05596983 -0.27364906 -2.18488639 -2.15333143  0.98829068 -0.1676032
  1.10496361 -1.74615013  1.93568267  2.94316812], Best Fitness = 68.43300366529328, Evaluations = 1472
Generation 23: Best Solution = [ 0.05596983 -0.27364906 -2.18488639 -2.15333143  0.98829068 -0.1676032
  1.10496361 -1.74615013  1.93568267  2.94316812], Best Fitness = 68.43300366529328, Evaluations = 1536
Generation 24: Best Solution = [ 0.05596983 -0.27364906 -2.18488639 -2.15333143  0.98829068 -0.1676032
  1.10496361 -1.74615013  1.93568267  2.94316812], Best Fitness = 68.43300366529328, Evaluations = 1600
Generation 25: Best Solution = [ 0.05596983 -0.27364906 -2.18488639 -2.15333143  0.98829068 -0.1676032
  1.10496361 -1.74615013  1.93568267  2.94316812], Best Fitness = 68.43300366529328, Evaluations = 1664
Generation 26: Best Solution = [ 0.05596983 -0.27364906 -2.18488639 -2.15333143  0.98829068 -0.1676032
  1.10496361 -1.74615013  1.93568267  2.94316812], Best Fitness = 68.43300366529328, Evaluations = 1728
Generation 27: Best Solution = [-0.02704043 -0.00896672  1.03789328  0.56793577 -1.15381351 -0.83284358
  0.86944186 -1.62279261  0.95926185  0.94265034], Best Fitness = 58.82929789327896, Evaluations = 1792
Generation 28: Best Solution = [-0.02704043 -0.00896672  1.03789328  0.56793577 -1.15381351 -0.83284358
  0.86944186 -1.62279261  0.95926185  0.94265034], Best Fitness = 58.82929789327896, Evaluations = 1856
Generation 29: Best Solution = [-0.02704043 -0.00896672  1.03789328  0.56793577 -1.15381351 -0.83284358
  0.86944186 -1.62279261  0.95926185  0.94265034], Best Fitness = 58.82929789327896, Evaluations = 1920
Generation 30: Best Solution = [-0.02704043 -0.00896672  1.03789328  0.56793577 -1.15381351 -0.83284358
  0.86944186 -1.62279261  0.95926185  0.94265034], Best Fitness = 58.82929789327896, Evaluations = 1984
Generation 31: Best Solution = [-0.88156455 -1.05193973  0.84605524  0.20152621 -1.97926677  0.12454877
 -1.55945507  0.97637415 -1.00466532 -3.06271033], Best Fitness = 58.029222504144954, Evaluations = 2048
Generation 32: Best Solution = [-0.88156455 -1.05193973  0.84605524  0.20152621 -1.97926677  0.12454877
 -1.55945507  0.97637415 -1.00466532 -3.06271033], Best Fitness = 58.029222504144954, Evaluations = 2112
Generation 33: Best Solution = [-0.88156455 -1.05193973  0.84605524  0.20152621 -1.97926677  0.12454877
 -1.55945507  0.97637415 -1.00466532 -3.06271033], Best Fitness = 58.029222504144954, Evaluations = 2176
Generation 34: Best Solution = [-0.88156455 -1.05193973  0.84605524  0.20152621 -1.97926677  0.12454877
 -1.55945507  0.97637415 -1.00466532 -3.06271033], Best Fitness = 58.029222504144954, Evaluations = 2240
Generation 35: Best Solution = [-0.88156455 -1.05193973  0.84605524  0.20152621 -1.97926677  0.12454877
 -1.55945507  0.97637415 -1.00466532 -3.06271033], Best Fitness = 58.029222504144954, Evaluations = 2304
Generation 36: Best Solution = [-0.88156455 -1.05193973  0.84605524  0.20152621 -1.97926677  0.12454877
 -1.55945507  0.97637415 -1.00466532 -3.06271033], Best Fitness = 58.029222504144954, Evaluations = 2368
Generation 37: Best Solution = [ 1.05754048 -0.09082357  2.01261353 -2.99914543 -2.21413808  0.94329924
  0.02620596  0.83765477 -3.11184135 -0.05111168], Best Fitness = 48.791456133527085, Evaluations = 2432
Generation 38: Best Solution = [ 1.05754048 -0.09082357  2.01261353 -2.99914543 -2.21413808  0.94329924
  0.02620596  0.83765477 -3.11184135 -0.05111168], Best Fitness = 48.791456133527085, Evaluations = 2496
Generation 39: Best Solution = [ 1.05754048 -0.09082357  2.01261353 -2.99914543 -2.21413808  0.94329924
  0.02620596  0.83765477 -3.11184135 -0.05111168], Best Fitness = 48.791456133527085, Evaluations = 2560
Generation 40: Best Solution = [ 1.05754048 -0.09082357  2.01261353 -2.99914543 -2.21413808  0.94329924
  0.02620596  0.83765477 -3.11184135 -0.05111168], Best Fitness = 48.791456133527085, Evaluations = 2624
Generation 41: Best Solution = [ 1.05754048 -0.09082357  2.01261353 -2.99914543 -2.21413808  0.94329924
  0.02620596  0.83765477 -3.11184135 -0.05111168], Best Fitness = 48.791456133527085, Evaluations = 2688
Generation 42: Best Solution = [ 1.05754048 -0.09082357  2.01261353 -2.99914543 -2.21413808  0.94329924
  0.02620596  0.83765477 -3.11184135 -0.05111168], Best Fitness = 44.92560525269513, Evaluations = 2752
Generation 43: Best Solution = [ 1.05754048 -0.09082357  2.01261353 -2.99914543 -2.21413808  0.94329924
  0.02620596  0.83765477 -3.11184135 -0.05111168], Best Fitness = 44.92560525269513, Evaluations = 2816
Generation 44: Best Solution = [ 1.05754048 -0.09082357  2.01261353 -2.99914543 -2.21413808  0.94329924
  0.02620596  0.83765477 -3.11184135 -0.05111168], Best Fitness = 44.92560525269513, Evaluations = 2880
Generation 45: Best Solution = [ 1.05754048 -0.09082357  2.01261353 -2.99914543 -2.21413808  0.94329924
  0.02620596  0.83765477 -3.11184135 -0.05111168], Best Fitness = 44.92560525269513, Evaluations = 2944
Generation 46: Best Solution = [ 1.05754048 -0.09082357  2.01261353 -2.99914543 -2.21413808  0.94329924
  0.02620596  0.83765477 -3.11184135 -0.05111168], Best Fitness = 44.92560525269513, Evaluations = 3008
Generation 47: Best Solution = [ 1.05754048 -0.09082357  2.01261353 -2.99914543 -2.21413808  0.94329924
  0.02620596  0.83765477 -3.11184135 -0.05111168], Best Fitness = 44.92560525269513, Evaluations = 3072
Generation 48: Best Solution = [ 1.05754048 -0.09082357  2.01261353 -2.99914543 -2.21413808  0.94329924
  0.02620596  0.83765477 -3.11184135 -0.05111168], Best Fitness = 44.92560525269513, Evaluations = 3136
Generation 49: Best Solution = [ 1.05754048 -0.09082357  2.01261353 -2.99914543 -2.21413808  0.94329924
  0.02620596  0.83765477 -3.11184135 -0.05111168], Best Fitness = 44.92560525269513, Evaluations = 3200
Generation 50: Best Solution = [ 1.05754048 -0.09082357  2.01261353 -2.99914543 -2.21413808  0.94329924
  0.02620596  0.83765477 -3.11184135 -0.05111168], Best Fitness = 44.92560525269513, Evaluations = 3264
Generation 51: Best Solution = [ 1.05754048 -0.09082357  2.01261353 -2.99914543 -2.21413808  0.94329924
  0.02620596  0.83765477 -3.11184135 -0.05111168], Best Fitness = 44.92560525269513, Evaluations = 3328
Generation 52: Best Solution = [ 1.05754048 -0.09082357  2.01261353 -2.99914543 -2.21413808  0.94329924
  0.02620596  0.83765477 -3.11184135 -0.05111168], Best Fitness = 44.92560525269513, Evaluations = 3392
Generation 53: Best Solution = [ 1.05754048 -0.09082357  2.01261353 -2.99914543 -2.21413808  0.94329924
  0.02620596  0.83765477 -3.11184135 -0.05111168], Best Fitness = 44.92560525269513, Evaluations = 3456
Generation 54: Best Solution = [ 1.05754048 -0.09082357  2.01261353 -2.99914543 -2.21413808  0.94329924
  0.02620596  0.83765477 -3.11184135 -0.05111168], Best Fitness = 44.92560525269513, Evaluations = 3520
Generation 55: Best Solution = [ 1.05754048 -0.09082357  2.01261353 -2.99914543 -2.21413808  0.94329924
  0.02620596  0.83765477 -3.11184135 -0.05111168], Best Fitness = 44.92560525269513, Evaluations = 3584
Generation 56: Best Solution = [ 1.05754048 -0.09082357  2.01261353 -2.99914543 -2.21413808  0.94329924
  0.02620596  0.83765477 -3.11184135 -0.05111168], Best Fitness = 44.92560525269513, Evaluations = 3648
Generation 57: Best Solution = [ 1.05754048 -0.09082357  2.01261353 -2.99914543 -2.21413808  0.94329924
  0.02620596  0.83765477 -3.11184135 -0.05111168], Best Fitness = 44.92560525269513, Evaluations = 3712
Generation 58: Best Solution = [ 1.05754048 -0.09082357  2.01261353 -2.99914543 -2.21413808  0.94329924
  0.02620596  0.83765477 -3.11184135 -0.05111168], Best Fitness = 44.92560525269513, Evaluations = 3776
Generation 59: Best Solution = [-2.03860759 -0.00896672  1.03789328 -1.96323027 -1.15381351 -0.11327999
  0.86944186 -0.76631141  0.07482021  0.94265034], Best Fitness = 34.155017936906304, Evaluations = 3840
Generation 60: Best Solution = [-2.03860759 -0.00896672  1.03789328 -1.96323027 -1.15381351 -0.11327999
  0.86944186 -0.76631141  0.07482021  0.94265034], Best Fitness = 34.155017936906304, Evaluations = 3904
Generation 61: Best Solution = [-2.03860759 -0.00896672  1.03789328 -1.96323027 -1.15381351 -0.11327999
  0.86944186 -0.76631141  0.07482021  0.94265034], Best Fitness = 34.155017936906304, Evaluations = 3968
Generation 62: Best Solution = [-2.03860759 -0.00896672  1.03789328 -1.96323027 -1.15381351 -0.11327999
  0.86944186 -0.76631141  0.07482021  0.94265034], Best Fitness = 34.155017936906304, Evaluations = 4032
Generation 63: Best Solution = [-2.03860759 -0.00896672  1.03789328 -1.96323027 -1.15381351 -0.11327999
  0.86944186 -0.76631141  0.07482021  0.94265034], Best Fitness = 34.155017936906304, Evaluations = 4096
Generation 64: Best Solution = [-2.03860759 -0.00896672  1.03789328 -1.96323027 -1.15381351 -0.11327999
  0.86944186 -0.76631141  0.07482021  0.94265034], Best Fitness = 34.155017936906304, Evaluations = 4160
Generation 65: Best Solution = [-2.03860759 -0.00896672  1.03789328 -1.96323027 -1.15381351 -0.11327999
  0.86944186 -0.76631141  0.07482021  0.94265034], Best Fitness = 34.155017936906304, Evaluations = 4224
Generation 66: Best Solution = [-2.03860759 -0.00896672  1.03789328 -1.96323027 -1.15381351 -0.11327999
  0.86944186 -0.76631141  0.07482021  0.94265034], Best Fitness = 34.155017936906304, Evaluations = 4288
Generation 67: Best Solution = [-2.03860759 -0.00896672  1.03789328 -1.96323027 -1.15381351 -0.11327999
  0.86944186 -0.76631141  0.07482021  0.94265034], Best Fitness = 34.155017936906304, Evaluations = 4352
Generation 68: Best Solution = [-2.03860759 -0.00896672  1.03789328 -1.96323027 -1.15381351 -0.11327999
  0.86944186 -0.76631141  0.07482021  0.94265034], Best Fitness = 34.155017936906304, Evaluations = 4416
Generation 69: Best Solution = [-2.03860759 -0.00896672  1.03789328 -1.96323027 -1.15381351 -0.11327999
  0.86944186 -0.76631141  0.07482021  0.94265034], Best Fitness = 34.155017936906304, Evaluations = 4480
Generation 70: Best Solution = [-2.03860759 -0.00896672  1.03789328 -1.96323027 -1.15381351 -0.11327999
  0.86944186 -0.76631141  0.07482021  0.94265034], Best Fitness = 34.155017936906304, Evaluations = 4544
Generation 71: Best Solution = [-2.03860759 -0.00896672  1.03789328 -1.96323027 -1.15381351 -0.11327999
  0.86944186 -0.76631141  0.07482021  0.94265034], Best Fitness = 34.155017936906304, Evaluations = 4608
Generation 72: Best Solution = [-2.03860759 -0.00896672  1.03789328 -1.96323027 -1.15381351 -0.11327999
  0.86944186 -0.76631141  0.07482021  0.94265034], Best Fitness = 34.155017936906304, Evaluations = 4672
Generation 73: Best Solution = [-2.03860759 -0.00896672  1.03789328 -1.96323027 -1.15381351 -0.11327999
  0.86944186 -0.76631141  0.07482021  0.94265034], Best Fitness = 34.155017936906304, Evaluations = 4736
Generation 74: Best Solution = [-2.03860759 -0.00896672  1.03789328 -1.96323027 -1.15381351 -0.11327999
  0.86944186 -0.76631141  0.07482021  0.94265034], Best Fitness = 34.155017936906304, Evaluations = 4800
Generation 75: Best Solution = [-2.03860759 -0.00896672  1.03789328 -1.96323027 -1.15381351 -0.11327999
  0.86944186 -0.76631141  0.07482021  0.94265034], Best Fitness = 34.155017936906304, Evaluations = 4864
Generation 76: Best Solution = [-2.03860759 -0.00896672  1.03789328 -1.96323027 -1.15381351 -0.11327999
  0.86944186 -0.76631141  0.07482021  0.94265034], Best Fitness = 34.155017936906304, Evaluations = 4928
Generation 77: Best Solution = [-2.03860759 -0.00896672  1.03789328 -1.96323027 -1.15381351 -0.11327999
  0.86944186 -0.76631141  0.07482021  0.94265034], Best Fitness = 34.155017936906304, Evaluations = 4992
Generation 78: Best Solution = [-2.03860759 -0.00896672  1.03789328 -1.96323027 -1.15381351 -0.11327999
  0.86944186 -0.76631141  0.07482021  0.94265034], Best Fitness = 34.155017936906304, Evaluations = 5056
Generation 79: Best Solution = [-2.03860759 -0.00896672  1.03789328 -1.96323027 -1.15381351 -0.11327999
  0.86944186 -0.76631141  0.07482021  0.94265034], Best Fitness = 34.155017936906304, Evaluations = 5120
Generation 80: Best Solution = [-2.03860759 -0.00896672  1.03789328 -1.96323027 -1.15381351 -0.11327999
  0.86944186 -0.76631141  0.07482021  0.94265034], Best Fitness = 34.155017936906304, Evaluations = 5184
Generation 81: Best Solution = [-2.03860759 -0.00896672  1.03789328 -1.96323027 -1.15381351 -0.11327999
  0.86944186 -0.76631141  0.07482021  0.94265034], Best Fitness = 34.155017936906304, Evaluations = 5248
Generation 82: Best Solution = [-2.03860759 -0.00896672  1.03789328 -1.96323027 -1.15381351 -0.11327999
  0.86944186 -0.76631141  0.07482021  0.94265034], Best Fitness = 34.155017936906304, Evaluations = 5312
Generation 83: Best Solution = [-2.03860759 -0.00896672  1.03789328 -1.96323027 -1.15381351 -0.11327999
  0.86944186 -0.76631141  0.07482021  0.94265034], Best Fitness = 34.155017936906304, Evaluations = 5376
Generation 84: Best Solution = [-2.03860759 -0.00896672  1.03789328 -1.96323027 -1.15381351 -0.11327999
  0.86944186 -0.76631141  0.07482021  0.94265034], Best Fitness = 34.155017936906304, Evaluations = 5440
Generation 85: Best Solution = [-2.03860759 -0.00896672  1.03789328 -1.96323027 -1.15381351 -0.11327999
  0.86944186 -0.76631141  0.07482021  0.94265034], Best Fitness = 34.155017936906304, Evaluations = 5504
Generation 86: Best Solution = [-2.03860759 -0.00896672  1.03789328 -1.96323027 -1.15381351 -0.11327999
  0.86944186 -0.76631141  0.07482021  0.94265034], Best Fitness = 34.155017936906304, Evaluations = 5568
Generation 87: Best Solution = [-2.03860759 -0.00896672  1.03789328 -1.96323027 -1.15381351 -0.11327999
  0.86944186 -0.76631141  0.07482021  0.94265034], Best Fitness = 34.155017936906304, Evaluations = 5632
Generation 88: Best Solution = [-2.03860759 -0.00896672  1.03789328 -1.96323027 -1.15381351 -0.11327999
  0.86944186 -0.76631141  0.07482021  0.94265034], Best Fitness = 34.155017936906304, Evaluations = 5696
Generation 89: Best Solution = [-2.03860759 -0.00896672  1.03789328 -1.96323027 -1.15381351 -0.11327999
  0.86944186 -0.76631141  0.07482021  0.94265034], Best Fitness = 34.155017936906304, Evaluations = 5760
Generation 90: Best Solution = [-2.03860759 -0.00896672  1.03789328 -1.96323027 -1.15381351 -0.11327999
  0.86944186 -0.76631141  0.07482021  0.94265034], Best Fitness = 34.155017936906304, Evaluations = 5824
Generation 91: Best Solution = [-2.03860759 -0.00896672  1.03789328 -1.96323027 -1.15381351 -0.11327999
  0.86944186 -0.76631141  0.07482021  0.94265034], Best Fitness = 34.155017936906304, Evaluations = 5888
Generation 92: Best Solution = [-2.03860759 -0.00896672  1.03789328 -1.96323027 -1.15381351 -0.11327999
  0.86944186 -0.76631141  0.07482021  0.94265034], Best Fitness = 34.155017936906304, Evaluations = 5952
Generation 93: Best Solution = [-2.03860759 -0.00896672  1.03789328 -1.96323027 -1.15381351 -0.11327999
  0.86944186 -0.76631141  0.07482021  0.94265034], Best Fitness = 34.155017936906304, Evaluations = 6016
Generation 94: Best Solution = [-2.03860759 -0.00896672  1.03789328 -1.96323027 -1.15381351 -0.11327999
  0.86944186 -0.76631141  0.07482021  0.94265034], Best Fitness = 34.155017936906304, Evaluations = 6080
Generation 95: Best Solution = [-2.03860759 -0.00896672  1.03789328 -1.96323027 -1.15381351 -0.11327999
  0.86944186 -0.76631141  0.07482021  0.94265034], Best Fitness = 34.155017936906304, Evaluations = 6144
Generation 96: Best Solution = [-2.03860759 -0.00896672  1.03789328 -1.96323027 -1.15381351 -0.11327999
  0.86944186 -0.76631141  0.07482021  0.94265034], Best Fitness = 34.155017936906304, Evaluations = 6208
Generation 97: Best Solution = [-2.03860759 -0.00896672  1.03789328 -1.96323027 -1.15381351 -0.11327999
  0.86944186 -0.76631141  0.07482021  0.94265034], Best Fitness = 34.155017936906304, Evaluations = 6272
Generation 98: Best Solution = [-2.03860759 -0.00896672  1.03789328 -1.96323027 -1.15381351 -0.11327999
  0.86944186 -0.76631141  0.07482021  0.94265034], Best Fitness = 34.155017936906304, Evaluations = 6336
Generation 99: Best Solution = [-2.03860759 -0.00896672  1.03789328 -1.96323027 -1.15381351 -0.11327999
  0.86944186 -0.76631141  0.07482021  0.94265034], Best Fitness = 34.155017936906304, Evaluations = 6400
Generation 100: Best Solution = [-2.03860759 -0.00896672  1.03789328 -1.96323027 -1.15381351 -0.11327999
  0.86944186 -0.76631141  0.07482021  0.94265034], Best Fitness = 34.155017936906304, Evaluations = 6464
Generation 101: Best Solution = [-2.03860759 -0.00896672  1.03789328 -1.96323027 -1.15381351 -0.11327999
  0.86944186 -0.76631141  0.07482021  0.94265034], Best Fitness = 34.155017936906304, Evaluations = 6528
Generation 102: Best Solution = [-2.03860759 -0.00896672  1.03789328 -1.96323027 -1.15381351 -0.11327999
  0.86944186 -0.76631141  0.07482021  0.94265034], Best Fitness = 34.155017936906304, Evaluations = 6592
Generation 103: Best Solution = [-2.03860759 -0.00896672  1.03789328 -1.96323027 -1.15381351 -0.11327999
  0.86944186 -0.76631141  0.07482021  0.94265034], Best Fitness = 34.155017936906304, Evaluations = 6656
Generation 104: Best Solution = [-2.03860759 -0.00896672  1.03789328 -1.96323027 -1.15381351 -0.11327999
  0.86944186 -0.76631141  0.07482021  0.94265034], Best Fitness = 34.155017936906304, Evaluations = 6720
Generation 105: Best Solution = [-2.03860759 -0.00896672  1.03789328 -1.96323027 -1.15381351 -0.11327999
  0.86944186 -0.76631141  0.07482021  0.94265034], Best Fitness = 34.155017936906304, Evaluations = 6784
Generation 106: Best Solution = [-2.03860759 -0.00896672  1.03789328 -1.96323027 -1.15381351 -0.11327999
  0.86944186 -0.76631141  0.07482021  0.94265034], Best Fitness = 34.155017936906304, Evaluations = 6848
Generation 107: Best Solution = [-2.03860759 -0.00896672  1.03789328 -1.96323027 -1.15381351 -0.11327999
  0.86944186 -0.76631141  0.07482021  0.94265034], Best Fitness = 34.155017936906304, Evaluations = 6912
Generation 108: Best Solution = [-2.03860759 -0.00896672  1.03789328 -1.96323027 -1.15381351 -0.11327999
  0.86944186 -0.76631141  0.07482021  0.94265034], Best Fitness = 34.155017936906304, Evaluations = 6976
Generation 109: Best Solution = [-2.03860759 -0.00896672  1.03789328 -1.96323027 -1.15381351 -0.11327999
  0.86944186 -0.76631141  0.07482021  0.94265034], Best Fitness = 34.155017936906304, Evaluations = 7040
Generation 110: Best Solution = [ 2.00200567 -0.02100261 -0.17255941 -0.05430362 -0.02979978  1.03836064
 -0.04024873 -0.75609287  2.10487681  1.02101732], Best Fitness = 29.73470837984931, Evaluations = 7104
Generation 111: Best Solution = [ 2.00200567 -0.02100261 -0.17255941 -0.05430362 -0.02979978  1.03836064
 -0.04024873 -0.75609287  2.10487681  1.02101732], Best Fitness = 29.73470837984931, Evaluations = 7168
Generation 112: Best Solution = [ 2.00200567 -0.02100261 -0.17255941 -0.05430362 -0.02979978  1.03836064
 -0.04024873 -0.75609287  2.10487681  1.02101732], Best Fitness = 29.73470837984931, Evaluations = 7232
Generation 113: Best Solution = [ 2.00200567 -0.02100261 -0.17255941 -0.05430362 -0.02979978  1.03836064
 -0.04024873 -0.75609287  2.10487681  1.02101732], Best Fitness = 29.73470837984931, Evaluations = 7296
Generation 114: Best Solution = [ 2.00200567 -0.02100261 -0.17255941 -0.05430362 -0.02979978  1.03836064
 -0.04024873 -0.75609287  2.10487681  1.02101732], Best Fitness = 29.73470837984931, Evaluations = 7360
Generation 115: Best Solution = [ 2.00200567 -0.02100261 -0.17255941 -0.05430362 -0.02979978  1.03836064
 -0.04024873 -0.75609287  2.10487681  1.02101732], Best Fitness = 29.73470837984931, Evaluations = 7424
Generation 116: Best Solution = [ 2.00200567 -0.02100261 -0.17255941 -0.05430362 -0.02979978  1.03836064
 -0.04024873 -0.75609287  2.10487681  1.02101732], Best Fitness = 29.73470837984931, Evaluations = 7488
Generation 117: Best Solution = [ 2.00200567 -0.02100261 -0.17255941 -0.05430362 -0.02979978  1.03836064
 -0.04024873 -0.75609287  2.10487681  1.02101732], Best Fitness = 29.73470837984931, Evaluations = 7552
Generation 118: Best Solution = [ 2.00200567 -0.02100261 -0.17255941 -0.05430362 -0.02979978  1.03836064
 -0.04024873 -0.75609287  2.10487681  1.02101732], Best Fitness = 29.73470837984931, Evaluations = 7616
Generation 119: Best Solution = [ 2.00200567 -0.02100261 -0.17255941 -0.05430362 -0.02979978  1.03836064
 -0.04024873 -0.75609287  2.10487681  1.02101732], Best Fitness = 29.73470837984931, Evaluations = 7680
Generation 120: Best Solution = [ 2.00200567 -0.02100261 -0.17255941 -0.05430362 -0.02979978  1.03836064
 -0.04024873 -0.75609287  2.10487681  1.02101732], Best Fitness = 29.73470837984931, Evaluations = 7744
Generation 121: Best Solution = [ 2.00200567 -0.02100261 -0.17255941 -0.05430362 -0.02979978  1.03836064
 -0.04024873 -0.75609287  2.10487681  1.02101732], Best Fitness = 29.73470837984931, Evaluations = 7808
Generation 122: Best Solution = [ 2.00200567 -0.02100261 -0.17255941 -0.05430362 -0.02979978  1.03836064
 -0.04024873 -0.75609287  2.10487681  1.02101732], Best Fitness = 29.73470837984931, Evaluations = 7872
Generation 123: Best Solution = [ 2.00200567 -0.02100261 -0.17255941 -0.05430362 -0.02979978  1.03836064
 -0.04024873 -0.75609287  2.10487681  1.02101732], Best Fitness = 29.73470837984931, Evaluations = 7936
Generation 124: Best Solution = [ 2.00200567 -0.02100261 -0.17255941 -0.05430362 -0.02979978  1.03836064
 -0.04024873 -0.75609287  2.10487681  1.02101732], Best Fitness = 29.73470837984931, Evaluations = 8000
Generation 125: Best Solution = [ 2.00200567 -0.02100261 -0.17255941 -0.05430362 -0.02979978  1.03836064
 -0.04024873 -0.75609287  2.10487681  1.02101732], Best Fitness = 29.73470837984931, Evaluations = 8064
Generation 126: Best Solution = [ 2.00200567 -0.02100261 -0.17255941 -0.05430362 -0.02979978  1.03836064
 -0.04024873 -0.75609287  2.10487681  1.02101732], Best Fitness = 29.73470837984931, Evaluations = 8128
Generation 127: Best Solution = [ 2.00200567 -0.02100261 -0.17255941 -0.05430362 -0.02979978  1.03836064
 -0.04024873 -0.75609287  2.10487681  1.02101732], Best Fitness = 29.73470837984931, Evaluations = 8192
Generation 128: Best Solution = [ 2.00200567 -0.02100261 -0.17255941 -0.05430362 -0.02979978  1.03836064
 -0.04024873 -0.75609287  2.10487681  1.02101732], Best Fitness = 29.73470837984931, Evaluations = 8256
Generation 129: Best Solution = [ 2.00200567 -0.02100261 -0.17255941 -0.05430362 -0.02979978  1.03836064
 -0.04024873 -0.75609287  2.10487681  1.02101732], Best Fitness = 29.73470837984931, Evaluations = 8320
Generation 130: Best Solution = [ 2.00200567 -0.02100261 -0.17255941 -0.05430362 -0.02979978  1.03836064
 -0.04024873 -0.75609287  2.10487681  1.02101732], Best Fitness = 29.73470837984931, Evaluations = 8384
Generation 131: Best Solution = [ 2.00200567 -0.02100261 -0.17255941 -0.05430362 -0.02979978  1.03836064
 -0.04024873 -0.75609287  2.10487681  1.02101732], Best Fitness = 29.73470837984931, Evaluations = 8448
Generation 132: Best Solution = [ 2.00200567 -0.02100261 -0.17255941 -0.05430362 -0.02979978  1.03836064
 -0.04024873 -0.75609287  2.10487681  1.02101732], Best Fitness = 29.73470837984931, Evaluations = 8512
Generation 133: Best Solution = [ 2.00200567 -0.02100261 -0.17255941 -0.05430362 -0.02979978  1.03836064
 -0.04024873 -0.75609287  2.10487681  1.02101732], Best Fitness = 29.73470837984931, Evaluations = 8576
Generation 134: Best Solution = [ 2.00200567 -0.02100261 -0.17255941 -0.05430362 -0.02979978  1.03836064
 -0.04024873 -0.75609287  2.10487681  1.02101732], Best Fitness = 29.73470837984931, Evaluations = 8640
Generation 135: Best Solution = [ 2.00200567 -0.02100261 -0.17255941 -0.05430362 -0.02979978  1.03836064
 -0.04024873 -0.75609287  2.10487681  1.02101732], Best Fitness = 29.73470837984931, Evaluations = 8704
Generation 136: Best Solution = [ 2.00200567 -0.02100261 -0.17255941 -0.05430362 -0.02979978  1.03836064
 -0.04024873 -0.75609287  2.10487681  1.02101732], Best Fitness = 29.73470837984931, Evaluations = 8768
Generation 137: Best Solution = [ 2.00200567 -0.02100261 -0.17255941 -0.05430362 -0.02979978  1.03836064
 -0.04024873 -0.75609287  2.10487681  1.02101732], Best Fitness = 29.73470837984931, Evaluations = 8832
Generation 138: Best Solution = [ 2.00200567 -0.02100261 -0.17255941 -0.05430362 -0.02979978  1.03836064
 -0.04024873 -0.75609287  2.10487681  1.02101732], Best Fitness = 29.73470837984931, Evaluations = 8896
Generation 139: Best Solution = [ 2.00200567 -0.02100261 -0.17255941 -0.05430362 -0.02979978  1.03836064
 -0.04024873 -0.75609287  2.10487681  1.02101732], Best Fitness = 29.73470837984931, Evaluations = 8960
Generation 140: Best Solution = [ 2.00200567 -0.02100261 -0.17255941 -0.05430362 -0.02979978  1.03836064
 -0.04024873 -0.75609287  2.10487681  1.02101732], Best Fitness = 29.73470837984931, Evaluations = 9024
Generation 141: Best Solution = [ 2.00200567 -0.02100261 -0.17255941 -0.05430362 -0.02979978  1.03836064
 -0.04024873 -0.75609287  2.10487681  1.02101732], Best Fitness = 29.73470837984931, Evaluations = 9088
Generation 142: Best Solution = [ 2.00200567 -0.02100261 -0.17255941 -0.05430362 -0.02979978  1.03836064
 -0.04024873 -0.75609287  2.10487681  1.02101732], Best Fitness = 29.73470837984931, Evaluations = 9152
Generation 143: Best Solution = [ 2.00200567 -0.02100261 -0.17255941 -0.05430362 -0.02979978  1.03836064
 -0.04024873 -0.75609287  2.10487681  1.02101732], Best Fitness = 29.73470837984931, Evaluations = 9216
Generation 144: Best Solution = [ 2.00200567 -0.02100261 -0.17255941 -0.05430362 -0.02979978  1.03836064
 -0.04024873 -0.75609287  2.10487681  1.02101732], Best Fitness = 29.73470837984931, Evaluations = 9280
Generation 145: Best Solution = [ 2.00200567 -0.02100261 -0.17255941 -0.05430362 -0.02979978  1.03836064
 -0.04024873 -0.75609287  2.10487681  1.02101732], Best Fitness = 29.73470837984931, Evaluations = 9344
Generation 146: Best Solution = [ 2.00200567 -0.02100261 -0.17255941 -0.05430362 -0.02979978  1.03836064
 -0.04024873 -0.75609287  2.10487681  1.02101732], Best Fitness = 29.73470837984931, Evaluations = 9408
Generation 147: Best Solution = [ 2.00200567 -0.02100261 -0.17255941 -0.05430362 -0.02979978  1.03836064
 -0.04024873 -0.75609287  2.10487681  1.02101732], Best Fitness = 29.73470837984931, Evaluations = 9472
Generation 148: Best Solution = [ 2.00200567 -0.02100261 -0.17255941 -0.05430362 -0.02979978  1.03836064
 -0.04024873 -0.75609287  2.10487681  1.02101732], Best Fitness = 29.73470837984931, Evaluations = 9536
Generation 149: Best Solution = [ 2.00200567 -0.02100261 -0.17255941 -0.05430362 -0.02979978  1.03836064
 -0.04024873 -0.75609287  2.10487681  1.02101732], Best Fitness = 29.73470837984931, Evaluations = 9600
Generation 150: Best Solution = [ 2.00200567 -0.02100261 -0.17255941 -0.05430362 -0.02979978  1.03836064
 -0.04024873 -0.75609287  2.10487681  1.02101732], Best Fitness = 29.73470837984931, Evaluations = 9664
Generation 151: Best Solution = [ 2.00200567 -0.02100261 -0.17255941 -0.05430362 -0.02979978  1.03836064
 -0.04024873 -0.75609287  2.10487681  1.02101732], Best Fitness = 29.73470837984931, Evaluations = 9728
Generation 152: Best Solution = [ 2.00200567 -0.02100261 -0.17255941 -0.05430362 -0.02979978  1.03836064
 -0.04024873 -0.75609287  2.10487681  1.02101732], Best Fitness = 29.73470837984931, Evaluations = 9792
Generation 153: Best Solution = [-0.93339479  0.99940745 -1.0501607   1.95556868  1.10440838 -0.92362545
  0.90658428 -1.036946    0.09311257 -2.92022492], Best Fitness = 29.086562271279647, Evaluations = 9856
Generation 154: Best Solution = [-0.93339479  0.99940745 -1.0501607   1.95556868  1.10440838 -0.92362545
  0.90658428 -1.036946    0.09311257 -2.92022492], Best Fitness = 29.086562271279647, Evaluations = 9920
Generation 155: Best Solution = [-0.93339479  0.99940745 -1.0501607   1.95556868  1.10440838 -0.92362545
  0.90658428 -1.036946    0.09311257 -2.92022492], Best Fitness = 29.086562271279647, Evaluations = 9984
Generation 156: Best Solution = [-0.93339479  0.99940745 -1.0501607   1.95556868  1.10440838 -0.92362545
  0.90658428 -1.036946    0.09311257 -2.92022492], Best Fitness = 29.086562271279647, Evaluations = 10048
