Algorithm: Differential Evolution
Objective Function: Rosenbrock
Dimension: 10
Population Size: 32
Max Evaluations: 10000

Generation 0: Best Solution = [ 0.68004027 -1.96815705  1.31695816 -2.97849854 -1.48766808 -1.25925236
 -4.84089298  2.36448375 -1.6926426   8.33710154], Best Fitness = 72304.62711235225, Evaluations = 32
Generation 1: Best Solution = [ 0.68004027 -1.96815705  1.31695816 -2.97849854 -1.48766808 -1.25925236
 -4.84089298  2.36448375 -1.6926426   8.33710154], Best Fitness = 72304.62711235225, Evaluations = 64
Generation 2: Best Solution = [-1.91184731 -0.74821788  1.45163571  2.6988839   2.70794861  0.09240639
 -2.62041132 -3.35887182  2.23561616  5.45888564], Best Fitness = 28794.168819220376, Evaluations = 96
Generation 3: Best Solution = [-3.0155855   0.69434047  1.29976627 -1.89412343  2.80779816 -1.58818703
  1.86635045  2.56080837  2.23763288 -0.68942598], Best Fitness = 22717.33419040393, Evaluations = 128
Generation 4: Best Solution = [-3.0155855   0.69434047  1.29976627 -1.89412343  2.80779816 -1.58818703
  1.86635045  2.56080837  2.23763288 -0.68942598], Best Fitness = 22717.33419040393, Evaluations = 160
Generation 5: Best Solution = [-3.0155855   0.69434047  1.29976627 -1.89412343  2.80779816 -1.58818703
  1.86635045  2.56080837  2.23763288 -0.68942598], Best Fitness = 22717.33419040393, Evaluations = 192
Generation 6: Best Solution = [-3.0155855   0.69434047  1.29976627 -1.89412343  2.80779816 -1.58818703
  1.86635045  2.56080837  2.23763288 -0.68942598], Best Fitness = 22717.33419040393, Evaluations = 224
Generation 7: Best Solution = [-3.0155855   0.69434047  1.29976627 -1.89412343  2.80779816 -1.58818703
  1.86635045  2.56080837  2.23763288 -0.68942598], Best Fitness = 22717.33419040393, Evaluations = 256
Generation 8: Best Solution = [-3.0155855   0.69434047  1.29976627 -1.89412343  2.80779816 -1.58818703
  1.86635045  2.56080837  2.23763288 -0.68942598], Best Fitness = 22717.33419040393, Evaluations = 288
Generation 9: Best Solution = [-3.0155855   0.69434047  1.29976627 -1.89412343  2.80779816 -1.58818703
  1.86635045  2.56080837  2.23763288 -0.68942598], Best Fitness = 22717.33419040393, Evaluations = 320
Generation 10: Best Solution = [-3.01041728 -0.33788729  1.73732453  1.56367734 -1.44475946 -0.7925518
 -1.01297013  0.02855248 -0.78025139  5.79762773], Best Fitness = 14812.790083734853, Evaluations = 352
Generation 11: Best Solution = [-3.01041728 -0.33788729  1.73732453  1.56367734 -1.44475946 -0.7925518
 -1.01297013  0.02855248 -0.78025139  5.79762773], Best Fitness = 14812.790083734853, Evaluations = 384
Generation 12: Best Solution = [-3.01041728 -0.33788729  1.73732453  1.56367734 -1.44475946 -0.7925518
 -1.01297013  0.02855248 -0.78025139  5.79762773], Best Fitness = 14812.790083734853, Evaluations = 416
Generation 13: Best Solution = [-3.01041728 -0.33788729  1.73732453  1.56367734 -1.44475946 -0.7925518
 -1.01297013  0.02855248 -0.78025139  5.79762773], Best Fitness = 11897.361366058087, Evaluations = 448
Generation 14: Best Solution = [-1.76171786 -2.02300613  1.05554717 -1.89412343  1.11465328 -1.58818703
  1.86635045  1.50699938  2.23763288  7.21695989], Best Fitness = 6824.932917373878, Evaluations = 480
Generation 15: Best Solution = [-1.76171786 -2.02300613  1.05554717 -1.89412343  1.11465328 -1.58818703
  1.86635045  1.50699938  2.23763288  7.21695989], Best Fitness = 6824.932917373878, Evaluations = 512
Generation 16: Best Solution = [-1.76171786 -2.02300613  1.05554717 -1.89412343  1.11465328 -1.58818703
  1.86635045  1.50699938  2.23763288  7.21695989], Best Fitness = 6824.932917373878, Evaluations = 544
Generation 17: Best Solution = [-1.76171786 -2.02300613  1.05554717 -1.89412343  1.11465328 -1.58818703
  1.86635045  1.50699938  2.23763288  7.21695989], Best Fitness = 6824.932917373878, Evaluations = 576
Generation 18: Best Solution = [-1.76171786 -2.02300613  1.05554717 -1.89412343  1.11465328 -1.58818703
  1.86635045  1.50699938  2.23763288  7.21695989], Best Fitness = 6824.932917373878, Evaluations = 608
Generation 19: Best Solution = [-1.76171786 -2.02300613  1.05554717 -1.89412343  1.11465328 -1.58818703
  1.86635045  1.50699938  2.23763288  7.21695989], Best Fitness = 6824.932917373878, Evaluations = 640
Generation 20: Best Solution = [-1.76171786 -2.02300613  1.05554717 -1.89412343  1.11465328 -1.58818703
  1.86635045  1.50699938  2.23763288  7.21695989], Best Fitness = 6824.932917373878, Evaluations = 672
Generation 21: Best Solution = [-0.98586748 -0.24191107  0.33369112  0.36652449 -1.17888197  2.26918147
  1.44044508  1.28757735  1.10284745  3.62256402], Best Fitness = 2471.4822663587834, Evaluations = 704
Generation 22: Best Solution = [-0.32368551  1.86922747  0.93332162 -0.06851862 -0.68342297  1.27915644
  1.19355618 -1.22347203  0.910235    2.9548414 ], Best Fitness = 2387.5339516459703, Evaluations = 736
Generation 23: Best Solution = [-0.32368551  1.86922747  0.93332162 -0.06851862 -0.68342297  1.27915644
  1.19355618 -1.22347203  0.910235    2.9548414 ], Best Fitness = 2387.5339516459703, Evaluations = 768
Generation 24: Best Solution = [ 1.23932382 -1.09452078  1.68054941  1.44125332  0.09660273  0.67061082
 -0.13530482 -0.70598395  2.64587292  9.03938743], Best Fitness = 2318.914326837102, Evaluations = 800
Generation 25: Best Solution = [ 1.23932382 -1.09452078  1.68054941  1.44125332  0.09660273  0.67061082
 -0.13530482 -0.70598395  2.64587292  9.03938743], Best Fitness = 2318.914326837102, Evaluations = 832
Generation 26: Best Solution = [ 1.23932382 -1.09452078  1.68054941  1.44125332  0.09660273  0.67061082
 -0.13530482 -0.70598395  2.64587292  9.03938743], Best Fitness = 2318.914326837102, Evaluations = 864
Generation 27: Best Solution = [ 1.23932382 -1.09452078  1.68054941  1.44125332  0.09660273  0.67061082
 -0.13530482 -0.70598395  2.64587292  9.03938743], Best Fitness = 2318.914326837102, Evaluations = 896
Generation 28: Best Solution = [ 0.64107964  0.53895024 -0.2736439  -0.46281679  0.12994289 -0.4615794
  0.56186578  1.75988119  2.33058935  2.32882226], Best Fitness = 1337.7639355899646, Evaluations = 928
Generation 29: Best Solution = [ 0.64107964  0.53895024 -0.2736439  -0.46281679  0.12994289 -0.4615794
  0.56186578  1.75988119  2.33058935  2.32882226], Best Fitness = 1337.7639355899646, Evaluations = 960
Generation 30: Best Solution = [ 0.64107964  0.53895024 -0.2736439  -0.46281679  0.12994289 -0.4615794
  0.56186578  1.75988119  2.33058935  2.32882226], Best Fitness = 1337.7639355899646, Evaluations = 992
Generation 31: Best Solution = [ 0.64107964  0.53895024 -0.2736439  -0.46281679  0.12994289 -0.4615794
  0.56186578  1.75988119  2.33058935  2.32882226], Best Fitness = 1337.7639355899646, Evaluations = 1024
Generation 32: Best Solution = [ 0.64107964  0.53895024 -0.2736439  -0.46281679  0.12994289 -0.4615794
  0.56186578  1.75988119  2.33058935  2.32882226], Best Fitness = 1337.7639355899646, Evaluations = 1056
Generation 33: Best Solution = [ 0.64107964  0.53895024 -0.2736439  -0.46281679  0.12994289 -0.4615794
  0.56186578  1.75988119  2.33058935  2.32882226], Best Fitness = 1337.7639355899646, Evaluations = 1088
Generation 34: Best Solution = [ 0.51246156 -0.04188109 -0.82184972 -0.09774593  0.44911767  1.32063623
  0.97050212  1.5881035   3.15834582 10.        ], Best Fitness = 434.8157867911768, Evaluations = 1120
Generation 35: Best Solution = [ 0.51246156 -0.04188109 -0.82184972 -0.09774593  0.44911767  1.32063623
  0.97050212  1.5881035   3.15834582 10.        ], Best Fitness = 434.8157867911768, Evaluations = 1152
Generation 36: Best Solution = [ 0.51246156 -0.04188109 -0.82184972 -0.09774593  0.44911767  1.32063623
  0.97050212  1.5881035   3.15834582 10.        ], Best Fitness = 434.8157867911768, Evaluations = 1184
Generation 37: Best Solution = [ 0.51246156 -0.04188109 -0.82184972 -0.09774593  0.44911767  1.32063623
  0.97050212  1.5881035   3.15834582 10.        ], Best Fitness = 434.8157867911768, Evaluations = 1216
Generation 38: Best Solution = [ 0.51246156 -0.04188109 -0.82184972 -0.09774593  0.44911767  1.32063623
  0.97050212  1.5881035   3.15834582 10.        ], Best Fitness = 434.8157867911768, Evaluations = 1248
Generation 39: Best Solution = [ 0.51246156 -0.04188109 -0.82184972 -0.09774593  0.44911767  1.32063623
  0.97050212  1.5881035   3.15834582 10.        ], Best Fitness = 434.8157867911768, Evaluations = 1280
Generation 40: Best Solution = [ 0.51246156 -0.04188109 -0.82184972 -0.09774593  0.44911767  1.32063623
  0.97050212  1.5881035   3.15834582 10.        ], Best Fitness = 434.8157867911768, Evaluations = 1312
Generation 41: Best Solution = [ 0.51246156 -0.04188109 -0.82184972 -0.09774593  0.44911767  1.32063623
  0.97050212  1.5881035   3.15834582 10.        ], Best Fitness = 434.8157867911768, Evaluations = 1344
Generation 42: Best Solution = [ 0.51246156 -0.04188109 -0.82184972 -0.09774593  0.44911767  1.32063623
  0.97050212  1.5881035   3.15834582 10.        ], Best Fitness = 434.8157867911768, Evaluations = 1376
Generation 43: Best Solution = [ 0.51246156 -0.04188109 -0.82184972 -0.09774593  0.44911767  1.32063623
  0.97050212  1.5881035   3.15834582 10.        ], Best Fitness = 434.8157867911768, Evaluations = 1408
Generation 44: Best Solution = [ 0.51246156 -0.04188109 -0.82184972 -0.09774593  0.44911767  1.32063623
  0.97050212  1.5881035   3.15834582 10.        ], Best Fitness = 434.8157867911768, Evaluations = 1440
Generation 45: Best Solution = [ 1.00065343  0.18119254  0.65071475  0.64951841  0.24832527  0.60161067
  0.16780305 -1.22037327  1.95898387  3.15066749], Best Fitness = 379.79685605814745, Evaluations = 1472
Generation 46: Best Solution = [ 1.00065343  0.18119254  0.65071475  0.64951841  0.24832527  0.60161067
  0.16780305 -1.22037327  1.95898387  3.15066749], Best Fitness = 379.79685605814745, Evaluations = 1504
Generation 47: Best Solution = [ 1.00065343  0.18119254  0.65071475  0.64951841  0.24832527  0.60161067
  0.16780305 -1.22037327  1.95898387  3.15066749], Best Fitness = 379.79685605814745, Evaluations = 1536
Generation 48: Best Solution = [ 1.00065343  0.18119254  0.65071475  0.64951841  0.24832527  0.60161067
  0.16780305 -1.22037327  1.95898387  3.15066749], Best Fitness = 379.79685605814745, Evaluations = 1568
Generation 49: Best Solution = [ 1.00065343  0.18119254  0.65071475  0.64951841  0.24832527  0.60161067
  0.16780305 -1.22037327  1.95898387  3.15066749], Best Fitness = 379.79685605814745, Evaluations = 1600
Generation 50: Best Solution = [ 1.00065343  0.18119254  0.65071475  0.64951841  0.24832527  0.60161067
  0.16780305 -1.22037327  1.95898387  3.15066749], Best Fitness = 379.79685605814745, Evaluations = 1632
Generation 51: Best Solution = [ 1.00065343  0.18119254  0.65071475  0.64951841  0.24832527  0.60161067
  0.16780305 -1.22037327  1.95898387  3.15066749], Best Fitness = 379.79685605814745, Evaluations = 1664
Generation 52: Best Solution = [-0.65583638  0.24447952  0.09303848  0.47696539  0.02631433 -0.423934
  1.03507205  0.5605991   0.78073573  1.04918623], Best Fitness = 195.5321434830985, Evaluations = 1696
Generation 53: Best Solution = [-0.65583638  0.24447952  0.09303848  0.47696539  0.02631433 -0.423934
  1.03507205  0.5605991   0.78073573  1.04918623], Best Fitness = 195.5321434830985, Evaluations = 1728
Generation 54: Best Solution = [-0.65583638  0.24447952  0.09303848  0.47696539  0.02631433 -0.423934
  1.03507205  0.5605991   0.78073573  1.04918623], Best Fitness = 195.5321434830985, Evaluations = 1760
Generation 55: Best Solution = [-0.65583638  0.24447952  0.09303848  0.47696539  0.02631433 -0.423934
  1.03507205  0.5605991   0.78073573  1.04918623], Best Fitness = 195.5321434830985, Evaluations = 1792
Generation 56: Best Solution = [-0.65583638  0.24447952  0.09303848  0.47696539  0.02631433 -0.423934
  1.03507205  0.5605991   0.78073573  1.04918623], Best Fitness = 195.5321434830985, Evaluations = 1824
Generation 57: Best Solution = [-0.65583638  0.24447952  0.09303848  0.47696539  0.02631433 -0.423934
  1.03507205  0.5605991   0.78073573  1.04918623], Best Fitness = 195.5321434830985, Evaluations = 1856
Generation 58: Best Solution = [-0.65583638  0.24447952  0.09303848  0.47696539  0.02631433 -0.423934
  1.03507205  0.5605991   0.78073573  1.04918623], Best Fitness = 195.5321434830985, Evaluations = 1888
Generation 59: Best Solution = [-0.65583638  0.24447952  0.09303848  0.47696539  0.02631433 -0.423934
  1.03507205  0.5605991   0.78073573  1.04918623], Best Fitness = 195.5321434830985, Evaluations = 1920
Generation 60: Best Solution = [-0.65583638  0.24447952  0.09303848  0.47696539  0.02631433 -0.423934
  1.03507205  0.5605991   0.78073573  1.04918623], Best Fitness = 195.5321434830985, Evaluations = 1952
Generation 61: Best Solution = [-0.65583638  0.24447952  0.09303848  0.47696539  0.02631433 -0.423934
  1.03507205  0.5605991   0.78073573  1.04918623], Best Fitness = 195.5321434830985, Evaluations = 1984
Generation 62: Best Solution = [-0.3387629  -0.09019628  0.97583527  0.77342296  0.7298078   0.93759175
  1.03498166  0.78255362  0.40619934  0.15170859], Best Fitness = 137.71724445284227, Evaluations = 2016
Generation 63: Best Solution = [-0.3387629  -0.09019628  0.97583527  0.77342296  0.7298078   0.93759175
  1.03498166  0.78255362  0.40619934  0.15170859], Best Fitness = 137.71724445284227, Evaluations = 2048
Generation 64: Best Solution = [-0.3387629  -0.09019628  0.97583527  0.77342296  0.7298078   0.93759175
  1.03498166  0.78255362  0.40619934  0.15170859], Best Fitness = 137.71724445284227, Evaluations = 2080
Generation 65: Best Solution = [-0.3387629  -0.09019628  0.97583527  0.77342296  0.7298078   0.93759175
  1.03498166  0.78255362  0.40619934  0.15170859], Best Fitness = 137.71724445284227, Evaluations = 2112
Generation 66: Best Solution = [-0.3387629  -0.09019628  0.97583527  0.77342296  0.7298078   0.93759175
  1.03498166  0.78255362  0.40619934  0.15170859], Best Fitness = 137.71724445284227, Evaluations = 2144
Generation 67: Best Solution = [-0.3387629  -0.09019628  0.97583527  0.77342296  0.7298078   0.93759175
  1.03498166  0.78255362  0.40619934  0.15170859], Best Fitness = 137.71724445284227, Evaluations = 2176
Generation 68: Best Solution = [-0.3387629  -0.09019628  0.97583527  0.77342296  0.7298078   0.93759175
  1.03498166  0.78255362  0.40619934  0.15170859], Best Fitness = 137.71724445284227, Evaluations = 2208
Generation 69: Best Solution = [-0.3387629  -0.09019628  0.97583527  0.77342296  0.7298078   0.93759175
  1.03498166  0.78255362  0.40619934  0.15170859], Best Fitness = 137.71724445284227, Evaluations = 2240
Generation 70: Best Solution = [-0.3387629  -0.09019628  0.97583527  0.77342296  0.7298078   0.93759175
  1.03498166  0.78255362  0.40619934  0.15170859], Best Fitness = 137.71724445284227, Evaluations = 2272
Generation 71: Best Solution = [-0.3387629  -0.09019628  0.97583527  0.77342296  0.7298078   0.93759175
  1.03498166  0.78255362  0.40619934  0.15170859], Best Fitness = 137.71724445284227, Evaluations = 2304
Generation 72: Best Solution = [-0.3387629  -0.09019628  0.97583527  0.77342296  0.7298078   0.93759175
  1.03498166  0.78255362  0.40619934  0.15170859], Best Fitness = 137.71724445284227, Evaluations = 2336
Generation 73: Best Solution = [-0.3387629  -0.09019628  0.97583527  0.77342296  0.7298078   0.93759175
  1.03498166  0.78255362  0.40619934  0.15170859], Best Fitness = 137.71724445284227, Evaluations = 2368
Generation 74: Best Solution = [-0.3387629  -0.09019628  0.97583527  0.77342296  0.7298078   0.93759175
  1.03498166  0.78255362  0.40619934  0.15170859], Best Fitness = 135.329123796678, Evaluations = 2400
Generation 75: Best Solution = [-0.3387629  -0.09019628  0.97583527  0.77342296  0.7298078   0.93759175
  1.03498166  0.78255362  0.40619934  0.15170859], Best Fitness = 135.329123796678, Evaluations = 2432
Generation 76: Best Solution = [-0.3387629  -0.09019628  0.97583527  0.77342296  0.7298078   0.93759175
  1.03498166  0.78255362  0.40619934  0.15170859], Best Fitness = 135.329123796678, Evaluations = 2464
Generation 77: Best Solution = [-0.3387629  -0.09019628  0.97583527  0.77342296  0.7298078   0.93759175
  1.03498166  0.78255362  0.40619934  0.15170859], Best Fitness = 135.329123796678, Evaluations = 2496
Generation 78: Best Solution = [-0.3387629  -0.09019628  0.97583527  0.77342296  0.7298078   0.93759175
  1.03498166  0.78255362  0.40619934  0.15170859], Best Fitness = 135.329123796678, Evaluations = 2528
Generation 79: Best Solution = [-0.3387629  -0.09019628  0.97583527  0.77342296  0.7298078   0.93759175
  1.03498166  0.78255362  0.40619934  0.15170859], Best Fitness = 135.329123796678, Evaluations = 2560
Generation 80: Best Solution = [-0.3387629  -0.09019628  0.97583527  0.77342296  0.7298078   0.93759175
  1.03498166  0.78255362  0.40619934  0.15170859], Best Fitness = 135.329123796678, Evaluations = 2592
Generation 81: Best Solution = [-0.3387629  -0.09019628  0.97583527  0.77342296  0.7298078   0.93759175
  1.03498166  0.78255362  0.40619934  0.15170859], Best Fitness = 135.329123796678, Evaluations = 2624
Generation 82: Best Solution = [-0.3387629  -0.09019628  0.97583527  0.77342296  0.7298078   0.93759175
  1.03498166  0.78255362  0.40619934  0.15170859], Best Fitness = 133.9136508565868, Evaluations = 2656
Generation 83: Best Solution = [-0.3387629  -0.09019628  0.97583527  0.77342296  0.7298078   0.93759175
  1.03498166  0.78255362  0.40619934  0.15170859], Best Fitness = 133.9136508565868, Evaluations = 2688
Generation 84: Best Solution = [-0.3387629  -0.09019628  0.97583527  0.77342296  0.7298078   0.93759175
  1.03498166  0.78255362  0.40619934  0.15170859], Best Fitness = 133.9136508565868, Evaluations = 2720
Generation 85: Best Solution = [-0.3387629  -0.09019628  0.97583527  0.77342296  0.7298078   0.93759175
  1.03498166  0.78255362  0.40619934  0.15170859], Best Fitness = 133.9136508565868, Evaluations = 2752
Generation 86: Best Solution = [-0.3387629  -0.09019628  0.97583527  0.77342296  0.7298078   0.93759175
  1.03498166  0.78255362  0.40619934  0.15170859], Best Fitness = 133.9136508565868, Evaluations = 2784
Generation 87: Best Solution = [ 0.37502095  0.02745137 -0.55045346  0.03982725  0.2295243  -0.32381566
  0.51087299  0.33032181  0.65624931  0.52668207], Best Fitness = 113.59834596565662, Evaluations = 2816
Generation 88: Best Solution = [ 0.37502095  0.02745137 -0.55045346  0.03982725  0.2295243  -0.32381566
  0.51087299  0.33032181  0.65624931  0.52668207], Best Fitness = 113.59834596565662, Evaluations = 2848
Generation 89: Best Solution = [ 0.37502095  0.02745137 -0.55045346  0.03982725  0.2295243  -0.32381566
  0.51087299  0.33032181  0.65624931  0.52668207], Best Fitness = 113.59834596565662, Evaluations = 2880
Generation 90: Best Solution = [ 0.37502095  0.02745137 -0.55045346  0.03982725  0.2295243  -0.32381566
  0.51087299  0.33032181  0.65624931  0.52668207], Best Fitness = 113.59834596565662, Evaluations = 2912
Generation 91: Best Solution = [ 0.37502095  0.02745137 -0.55045346  0.03982725  0.2295243  -0.32381566
  0.51087299  0.33032181  0.65624931  0.52668207], Best Fitness = 113.59834596565662, Evaluations = 2944
Generation 92: Best Solution = [ 0.37502095  0.02745137 -0.55045346  0.03982725  0.2295243  -0.32381566
  0.51087299  0.33032181  0.65624931  0.52668207], Best Fitness = 113.59834596565662, Evaluations = 2976
Generation 93: Best Solution = [-0.70911371  0.58549535  0.13083017  0.30350794  0.7298078   1.00289008
  1.17174169  1.18574073  1.03875477  0.85694615], Best Fitness = 105.30749094186449, Evaluations = 3008
Generation 94: Best Solution = [ 0.1836618  -0.03664129 -0.27259005  0.456409    0.40758473 -0.37453136
  0.52090556  0.11111258  0.3111294   0.34073054], Best Fitness = 95.12471456511433, Evaluations = 3040
Generation 95: Best Solution = [-0.42719278  0.02745137 -0.55045346  0.03982725  0.2295243  -0.02784818
 -0.06597268  0.33032181  0.50537366  0.52668207], Best Fitness = 89.47752974648148, Evaluations = 3072
Generation 96: Best Solution = [-0.42719278  0.02745137 -0.55045346  0.03982725  0.2295243  -0.02784818
 -0.06597268  0.33032181  0.50537366  0.52668207], Best Fitness = 89.47752974648148, Evaluations = 3104
Generation 97: Best Solution = [-0.42719278  0.02745137 -0.55045346  0.03982725  0.2295243  -0.02784818
 -0.06597268  0.33032181  0.50537366  0.52668207], Best Fitness = 89.47752974648148, Evaluations = 3136
Generation 98: Best Solution = [-0.42719278  0.02745137 -0.55045346  0.03982725  0.2295243  -0.02784818
 -0.06597268  0.33032181  0.50537366  0.52668207], Best Fitness = 89.47752974648148, Evaluations = 3168
Generation 99: Best Solution = [-0.42719278  0.02745137 -0.55045346  0.03982725  0.2295243  -0.02784818
 -0.06597268  0.33032181  0.50537366  0.52668207], Best Fitness = 89.47752974648148, Evaluations = 3200
Generation 100: Best Solution = [-0.42719278  0.02745137 -0.55045346  0.03982725  0.2295243  -0.02784818
 -0.06597268  0.33032181  0.50537366  0.52668207], Best Fitness = 89.47752974648148, Evaluations = 3232
Generation 101: Best Solution = [ 0.2385174  -0.15977741 -0.17714465  0.30778242  0.19450385 -0.03263425
 -0.34164264  0.40622615  0.52461798  0.67223662], Best Fitness = 74.6367352145508, Evaluations = 3264
Generation 102: Best Solution = [ 0.2385174  -0.15977741 -0.17714465  0.30778242  0.19450385 -0.03263425
 -0.34164264  0.40622615  0.52461798  0.67223662], Best Fitness = 74.6367352145508, Evaluations = 3296
Generation 103: Best Solution = [ 0.2385174  -0.15977741 -0.17714465  0.30778242  0.19450385 -0.03263425
 -0.34164264  0.40622615  0.52461798  0.67223662], Best Fitness = 74.6367352145508, Evaluations = 3328
Generation 104: Best Solution = [ 0.2385174  -0.15977741 -0.17714465  0.30778242  0.19450385 -0.03263425
 -0.34164264  0.40622615  0.52461798  0.67223662], Best Fitness = 74.6367352145508, Evaluations = 3360
Generation 105: Best Solution = [ 0.2385174  -0.15977741 -0.17714465  0.30778242  0.19450385 -0.03263425
 -0.34164264  0.40622615  0.52461798  0.67223662], Best Fitness = 74.6367352145508, Evaluations = 3392
Generation 106: Best Solution = [-0.42719278  0.02745137 -0.24561464  0.06402519  0.2295243  -0.02784818
 -0.06597268  0.33032181  0.64066352  0.52668207], Best Fitness = 63.6561684596648, Evaluations = 3424
Generation 107: Best Solution = [-0.42719278  0.02745137 -0.24561464  0.06402519  0.2295243  -0.02784818
 -0.06597268  0.33032181  0.64066352  0.52668207], Best Fitness = 63.6561684596648, Evaluations = 3456
Generation 108: Best Solution = [-0.42719278  0.02745137 -0.24561464  0.06402519  0.2295243  -0.02784818
 -0.06597268  0.33032181  0.64066352  0.52668207], Best Fitness = 63.6561684596648, Evaluations = 3488
Generation 109: Best Solution = [-0.42719278  0.02745137 -0.24561464  0.06402519  0.2295243  -0.02784818
 -0.06597268  0.33032181  0.64066352  0.52668207], Best Fitness = 63.6561684596648, Evaluations = 3520
Generation 110: Best Solution = [-0.42719278  0.02745137 -0.24561464  0.06402519  0.2295243  -0.02784818
 -0.06597268  0.33032181  0.64066352  0.52668207], Best Fitness = 63.6561684596648, Evaluations = 3552
Generation 111: Best Solution = [-0.42719278  0.02745137 -0.24561464  0.06402519  0.2295243  -0.02784818
 -0.06597268  0.33032181  0.64066352  0.52668207], Best Fitness = 63.6561684596648, Evaluations = 3584
Generation 112: Best Solution = [-0.42719278  0.02745137 -0.24561464  0.06402519  0.2295243  -0.02784818
 -0.06597268  0.33032181  0.64066352  0.52668207], Best Fitness = 63.6561684596648, Evaluations = 3616
Generation 113: Best Solution = [-0.42719278  0.02745137 -0.24561464  0.06402519  0.2295243  -0.02784818
 -0.06597268  0.33032181  0.64066352  0.52668207], Best Fitness = 63.6561684596648, Evaluations = 3648
Generation 114: Best Solution = [-0.42719278  0.02745137 -0.24561464  0.06402519  0.2295243  -0.02784818
 -0.06597268  0.33032181  0.64066352  0.52668207], Best Fitness = 63.6561684596648, Evaluations = 3680
Generation 115: Best Solution = [-0.42719278  0.02745137 -0.24561464  0.06402519  0.2295243  -0.02784818
 -0.06597268  0.33032181  0.64066352  0.52668207], Best Fitness = 63.6561684596648, Evaluations = 3712
Generation 116: Best Solution = [-0.42719278  0.02745137 -0.24561464  0.06402519  0.2295243  -0.02784818
 -0.06597268  0.33032181  0.64066352  0.52668207], Best Fitness = 63.6561684596648, Evaluations = 3744
Generation 117: Best Solution = [-0.42719278  0.02745137 -0.24561464  0.06402519  0.2295243  -0.02784818
 -0.06597268  0.33032181  0.64066352  0.52668207], Best Fitness = 63.6561684596648, Evaluations = 3776
Generation 118: Best Solution = [ 0.1836618  -0.03664129  0.19000027  0.03402679  0.21914995  0.45177126
  0.52090556  0.11111258  0.3111294   0.34073054], Best Fitness = 58.323978947636974, Evaluations = 3808
Generation 119: Best Solution = [ 0.1836618  -0.03664129  0.19000027  0.03402679  0.21914995  0.45177126
  0.52090556  0.11111258  0.3111294   0.34073054], Best Fitness = 58.323978947636974, Evaluations = 3840
Generation 120: Best Solution = [ 0.1836618  -0.03664129  0.19000027  0.03402679  0.21914995  0.45177126
  0.52090556  0.11111258  0.3111294   0.34073054], Best Fitness = 58.323978947636974, Evaluations = 3872
Generation 121: Best Solution = [ 0.1836618  -0.03664129  0.19000027  0.03402679  0.21914995  0.45177126
  0.52090556  0.11111258  0.3111294   0.34073054], Best Fitness = 58.323978947636974, Evaluations = 3904
Generation 122: Best Solution = [ 0.1836618  -0.03664129  0.19000027  0.03402679  0.21914995  0.45177126
  0.52090556  0.11111258  0.3111294   0.34073054], Best Fitness = 58.323978947636974, Evaluations = 3936
Generation 123: Best Solution = [ 0.1836618  -0.03664129  0.19000027  0.03402679  0.21914995  0.45177126
  0.52090556  0.11111258  0.3111294   0.34073054], Best Fitness = 58.323978947636974, Evaluations = 3968
Generation 124: Best Solution = [ 0.1836618  -0.03664129  0.19000027  0.03402679  0.21914995  0.45177126
  0.52090556  0.11111258  0.3111294   0.34073054], Best Fitness = 58.323978947636974, Evaluations = 4000
Generation 125: Best Solution = [ 0.1836618  -0.03664129  0.19000027  0.03402679  0.21914995  0.45177126
  0.52090556  0.11111258  0.3111294   0.34073054], Best Fitness = 58.323978947636974, Evaluations = 4032
Generation 126: Best Solution = [ 0.1836618  -0.03664129  0.19000027  0.03402679  0.21914995  0.45177126
  0.52090556  0.11111258  0.3111294   0.34073054], Best Fitness = 58.323978947636974, Evaluations = 4064
Generation 127: Best Solution = [ 0.1836618  -0.03664129  0.19000027  0.03402679  0.21914995  0.45177126
  0.52090556  0.11111258  0.3111294   0.34073054], Best Fitness = 58.323978947636974, Evaluations = 4096
Generation 128: Best Solution = [ 0.1836618  -0.03664129  0.19000027  0.03402679  0.21914995  0.45177126
  0.52090556  0.11111258  0.3111294   0.34073054], Best Fitness = 58.323978947636974, Evaluations = 4128
Generation 129: Best Solution = [ 0.1836618  -0.03664129  0.19000027  0.03402679  0.21914995  0.45177126
  0.52090556  0.11111258  0.3111294   0.34073054], Best Fitness = 58.323978947636974, Evaluations = 4160
Generation 130: Best Solution = [ 0.1836618  -0.03664129  0.19000027  0.03402679  0.21914995  0.45177126
  0.52090556  0.11111258  0.3111294   0.34073054], Best Fitness = 58.323978947636974, Evaluations = 4192
Generation 131: Best Solution = [ 0.1836618  -0.03664129  0.19000027  0.03402679  0.21914995  0.45177126
  0.52090556  0.11111258  0.3111294   0.34073054], Best Fitness = 58.323978947636974, Evaluations = 4224
Generation 132: Best Solution = [ 0.1836618  -0.03664129  0.19000027  0.03402679  0.21914995  0.45177126
  0.52090556  0.11111258  0.3111294   0.34073054], Best Fitness = 58.323978947636974, Evaluations = 4256
Generation 133: Best Solution = [ 0.1836618  -0.03664129  0.19000027  0.03402679  0.21914995  0.45177126
  0.52090556  0.11111258  0.3111294   0.34073054], Best Fitness = 58.323978947636974, Evaluations = 4288
Generation 134: Best Solution = [ 0.1836618  -0.03664129  0.19000027  0.03402679  0.21914995  0.45177126
  0.52090556  0.11111258  0.3111294   0.34073054], Best Fitness = 58.323978947636974, Evaluations = 4320
Generation 135: Best Solution = [ 0.1836618  -0.03664129  0.19000027  0.03402679  0.21914995  0.45177126
  0.52090556  0.11111258  0.3111294   0.34073054], Best Fitness = 48.16967840257972, Evaluations = 4352
Generation 136: Best Solution = [ 0.1836618  -0.03664129  0.19000027  0.03402679  0.21914995  0.45177126
  0.52090556  0.11111258  0.3111294   0.34073054], Best Fitness = 48.16967840257972, Evaluations = 4384
Generation 137: Best Solution = [-0.12236634  0.22310266  0.18114843 -0.36186107  0.29063672 -0.19119895
  0.12208126 -0.10343891  0.06535545 -0.03541763], Best Fitness = 43.54476994504865, Evaluations = 4416
Generation 138: Best Solution = [-0.12236634  0.22310266  0.18114843 -0.36186107  0.29063672 -0.19119895
  0.12208126 -0.10343891  0.06535545 -0.03541763], Best Fitness = 43.54476994504865, Evaluations = 4448
Generation 139: Best Solution = [-0.12236634  0.22310266  0.18114843 -0.36186107  0.29063672 -0.19119895
  0.12208126 -0.10343891  0.06535545 -0.03541763], Best Fitness = 43.54476994504865, Evaluations = 4480
Generation 140: Best Solution = [-0.12236634  0.22310266  0.18114843 -0.36186107  0.29063672 -0.19119895
  0.12208126 -0.10343891  0.06535545 -0.03541763], Best Fitness = 43.54476994504865, Evaluations = 4512
Generation 141: Best Solution = [-0.12236634  0.22310266  0.18114843 -0.36186107  0.29063672 -0.19119895
  0.12208126 -0.10343891  0.06535545 -0.03541763], Best Fitness = 43.54476994504865, Evaluations = 4544
Generation 142: Best Solution = [-0.12236634  0.22310266  0.18114843 -0.36186107  0.29063672 -0.19119895
  0.12208126 -0.10343891  0.06535545 -0.03541763], Best Fitness = 43.54476994504865, Evaluations = 4576
Generation 143: Best Solution = [-0.63042527  0.33844588  0.38347082  0.52883378  0.55387932  0.21367821
  0.01565332 -0.08439387  0.08642271  0.02383207], Best Fitness = 39.499012320074584, Evaluations = 4608
Generation 144: Best Solution = [-0.63042527  0.33844588  0.38347082  0.52883378  0.55387932  0.21367821
  0.01565332 -0.08439387  0.08642271  0.02383207], Best Fitness = 39.499012320074584, Evaluations = 4640
Generation 145: Best Solution = [-0.63042527  0.33844588  0.38347082  0.52883378  0.55387932  0.21367821
  0.01565332 -0.08439387  0.08642271  0.02383207], Best Fitness = 39.499012320074584, Evaluations = 4672
Generation 146: Best Solution = [-0.63042527  0.33844588  0.38347082  0.52883378  0.55387932  0.21367821
  0.01565332 -0.08439387  0.08642271  0.02383207], Best Fitness = 39.499012320074584, Evaluations = 4704
Generation 147: Best Solution = [-0.63042527  0.33844588  0.38347082  0.52883378  0.55387932  0.21367821
  0.01565332 -0.08439387  0.08642271  0.02383207], Best Fitness = 39.499012320074584, Evaluations = 4736
Generation 148: Best Solution = [ 0.52096796 -0.03685597  0.1314099  -0.14055409  0.2577696  -0.03425202
  0.12682647  0.07082843  0.11532515  0.21731463], Best Fitness = 35.01028447989359, Evaluations = 4768
Generation 149: Best Solution = [ 0.52096796 -0.03685597  0.1314099  -0.14055409  0.2577696  -0.03425202
  0.12682647  0.07082843  0.11532515  0.21731463], Best Fitness = 35.01028447989359, Evaluations = 4800
Generation 150: Best Solution = [ 0.52096796 -0.03685597  0.1314099  -0.14055409  0.2577696  -0.03425202
  0.12682647  0.07082843  0.11532515  0.21731463], Best Fitness = 35.01028447989359, Evaluations = 4832
Generation 151: Best Solution = [ 0.52096796 -0.03685597  0.1314099  -0.14055409  0.2577696  -0.03425202
  0.12682647  0.07082843  0.11532515  0.21731463], Best Fitness = 35.01028447989359, Evaluations = 4864
Generation 152: Best Solution = [ 0.52096796 -0.03685597  0.1314099  -0.14055409  0.2577696  -0.03425202
  0.12682647  0.07082843  0.11532515  0.21731463], Best Fitness = 35.01028447989359, Evaluations = 4896
Generation 153: Best Solution = [ 0.52096796 -0.03685597  0.1314099  -0.14055409  0.2577696  -0.03425202
  0.12682647  0.07082843  0.11532515  0.21731463], Best Fitness = 35.01028447989359, Evaluations = 4928
Generation 154: Best Solution = [ 0.52096796 -0.03685597  0.1314099  -0.14055409  0.2577696  -0.03425202
  0.12682647  0.07082843  0.11532515  0.21731463], Best Fitness = 35.01028447989359, Evaluations = 4960
Generation 155: Best Solution = [ 0.52096796 -0.03685597  0.1314099  -0.14055409  0.2577696  -0.03425202
  0.12682647  0.07082843  0.11532515  0.21731463], Best Fitness = 35.01028447989359, Evaluations = 4992
Generation 156: Best Solution = [ 0.52096796 -0.03685597  0.1314099  -0.14055409  0.2577696  -0.03425202
  0.12682647  0.07082843  0.11532515  0.21731463], Best Fitness = 35.01028447989359, Evaluations = 5024
Generation 157: Best Solution = [ 0.52096796 -0.03685597  0.1314099  -0.14055409  0.2577696  -0.03425202
  0.12682647  0.07082843  0.11532515  0.21731463], Best Fitness = 35.01028447989359, Evaluations = 5056
Generation 158: Best Solution = [ 0.52096796 -0.03685597  0.1314099  -0.14055409  0.2577696  -0.03425202
  0.12682647  0.07082843  0.11532515  0.21731463], Best Fitness = 35.01028447989359, Evaluations = 5088
Generation 159: Best Solution = [ 0.66225206  0.22558859 -0.075459   -0.10175591  0.04484947 -0.06031386
  0.29588199 -0.16686127  0.01217697 -0.0500969 ], Best Fitness = 31.038804591048887, Evaluations = 5120
Generation 160: Best Solution = [ 0.66225206  0.22558859 -0.075459   -0.10175591  0.04484947 -0.06031386
  0.29588199 -0.16686127  0.01217697 -0.0500969 ], Best Fitness = 31.038804591048887, Evaluations = 5152
Generation 161: Best Solution = [ 0.66225206  0.22558859 -0.075459   -0.10175591  0.04484947 -0.06031386
  0.29588199 -0.16686127  0.01217697 -0.0500969 ], Best Fitness = 31.038804591048887, Evaluations = 5184
Generation 162: Best Solution = [ 0.66225206  0.22558859 -0.075459   -0.10175591  0.04484947 -0.06031386
  0.29588199 -0.16686127  0.01217697 -0.0500969 ], Best Fitness = 31.038804591048887, Evaluations = 5216
Generation 163: Best Solution = [ 0.66225206  0.22558859 -0.075459   -0.10175591  0.04484947 -0.06031386
  0.29588199 -0.16686127  0.01217697 -0.0500969 ], Best Fitness = 31.038804591048887, Evaluations = 5248
Generation 164: Best Solution = [ 0.66225206  0.22558859 -0.075459   -0.10175591  0.04484947 -0.06031386
  0.29588199 -0.16686127  0.01217697 -0.0500969 ], Best Fitness = 31.038804591048887, Evaluations = 5280
Generation 165: Best Solution = [ 0.64461782  0.3616442   0.33315313  0.03402679  0.09871666 -0.01301105
  0.29878884  0.11111258  0.17230837  0.05903644], Best Fitness = 23.30846757892811, Evaluations = 5312
Generation 166: Best Solution = [ 0.2740415   0.25826555 -0.04294241 -0.10247727  0.17344201  0.16538038
  0.01541748  0.10828155 -0.15856816  0.02091166], Best Fitness = 22.081345473574924, Evaluations = 5344
Generation 167: Best Solution = [ 0.2740415   0.25826555 -0.04294241 -0.10247727  0.17344201  0.16538038
  0.01541748  0.10828155 -0.15856816  0.02091166], Best Fitness = 22.081345473574924, Evaluations = 5376
Generation 168: Best Solution = [ 0.2740415   0.25826555 -0.04294241 -0.10247727  0.17344201  0.16538038
  0.01541748  0.10828155 -0.15856816  0.02091166], Best Fitness = 22.081345473574924, Evaluations = 5408
Generation 169: Best Solution = [ 0.2740415   0.25826555 -0.04294241 -0.10247727  0.17344201  0.16538038
  0.01541748  0.10828155 -0.15856816  0.02091166], Best Fitness = 22.081345473574924, Evaluations = 5440
Generation 170: Best Solution = [ 0.2740415   0.25826555 -0.04294241 -0.10247727  0.17344201  0.16538038
  0.01541748  0.10828155 -0.15856816  0.02091166], Best Fitness = 22.081345473574924, Evaluations = 5472
Generation 171: Best Solution = [ 0.2740415   0.25826555 -0.04294241 -0.10247727  0.17344201  0.16538038
  0.01541748  0.10828155 -0.15856816  0.02091166], Best Fitness = 22.081345473574924, Evaluations = 5504
Generation 172: Best Solution = [ 0.2740415   0.25826555 -0.04294241 -0.10247727  0.17344201  0.16538038
  0.01541748  0.10828155 -0.15856816  0.02091166], Best Fitness = 19.122139582963975, Evaluations = 5536
Generation 173: Best Solution = [ 0.2740415   0.25826555 -0.04294241 -0.10247727  0.17344201  0.16538038
  0.01541748  0.10828155 -0.15856816  0.02091166], Best Fitness = 19.122139582963975, Evaluations = 5568
Generation 174: Best Solution = [ 0.2740415   0.25826555 -0.04294241 -0.10247727  0.17344201  0.16538038
  0.01541748  0.10828155 -0.15856816  0.02091166], Best Fitness = 19.122139582963975, Evaluations = 5600
Generation 175: Best Solution = [ 0.2740415   0.25826555 -0.04294241 -0.10247727  0.17344201  0.16538038
  0.01541748  0.10828155 -0.15856816  0.02091166], Best Fitness = 19.122139582963975, Evaluations = 5632
Generation 176: Best Solution = [ 0.52096796  0.39849444  0.17173442 -0.14055409  0.06253148 -0.03425202
  0.12682647  0.07082843  0.11532515  0.21731463], Best Fitness = 19.04473790843788, Evaluations = 5664
Generation 177: Best Solution = [ 0.52096796  0.39849444  0.17173442 -0.14055409  0.06253148 -0.03425202
  0.12682647  0.07082843  0.11532515  0.21731463], Best Fitness = 19.04473790843788, Evaluations = 5696
Generation 178: Best Solution = [ 0.52096796  0.39849444  0.17173442 -0.14055409  0.06253148 -0.03425202
  0.12682647  0.07082843  0.11532515  0.21731463], Best Fitness = 19.04473790843788, Evaluations = 5728
Generation 179: Best Solution = [ 0.52096796  0.39849444  0.17173442 -0.14055409  0.06253148 -0.03425202
  0.12682647  0.07082843  0.11532515  0.21731463], Best Fitness = 19.04473790843788, Evaluations = 5760
Generation 180: Best Solution = [ 0.52096796  0.39849444  0.17173442 -0.14055409  0.06253148 -0.03425202
  0.12682647  0.07082843  0.11532515  0.21731463], Best Fitness = 19.04473790843788, Evaluations = 5792
Generation 181: Best Solution = [ 0.52096796  0.39849444  0.17173442 -0.14055409  0.06253148 -0.03425202
  0.12682647  0.07082843  0.11532515  0.21731463], Best Fitness = 19.04473790843788, Evaluations = 5824
Generation 182: Best Solution = [ 0.52096796  0.39849444  0.17173442 -0.14055409  0.06253148 -0.03425202
  0.12682647  0.07082843  0.11532515  0.21731463], Best Fitness = 19.04473790843788, Evaluations = 5856
Generation 183: Best Solution = [ 0.52096796  0.39849444  0.17173442 -0.14055409  0.06253148 -0.03425202
  0.12682647  0.07082843  0.11532515  0.21731463], Best Fitness = 19.04473790843788, Evaluations = 5888
Generation 184: Best Solution = [ 0.52096796  0.39849444  0.17173442 -0.14055409  0.06253148 -0.03425202
  0.12682647  0.07082843  0.11532515  0.21731463], Best Fitness = 19.04473790843788, Evaluations = 5920
Generation 185: Best Solution = [ 0.52096796  0.39849444  0.17173442 -0.14055409  0.06253148 -0.03425202
  0.12682647  0.07082843  0.11532515  0.21731463], Best Fitness = 19.04473790843788, Evaluations = 5952
Generation 186: Best Solution = [ 0.52096796  0.39849444  0.17173442 -0.14055409  0.06253148 -0.03425202
  0.12682647  0.07082843  0.11532515  0.21731463], Best Fitness = 19.04473790843788, Evaluations = 5984
Generation 187: Best Solution = [ 0.52096796  0.39849444  0.17173442 -0.14055409  0.06253148 -0.03425202
  0.12682647  0.07082843  0.11532515  0.21731463], Best Fitness = 19.04473790843788, Evaluations = 6016
Generation 188: Best Solution = [ 0.52096796  0.39849444  0.17173442 -0.14055409  0.06253148 -0.03425202
  0.12682647  0.07082843  0.11532515  0.21731463], Best Fitness = 19.04473790843788, Evaluations = 6048
Generation 189: Best Solution = [ 0.52096796  0.39849444  0.17173442 -0.14055409  0.06253148 -0.03425202
  0.12682647  0.07082843  0.11532515  0.21731463], Best Fitness = 19.04473790843788, Evaluations = 6080
Generation 190: Best Solution = [ 0.52096796  0.39849444  0.17173442 -0.14055409  0.06253148 -0.03425202
  0.12682647  0.07082843  0.11532515  0.21731463], Best Fitness = 19.04473790843788, Evaluations = 6112
Generation 191: Best Solution = [ 0.52096796  0.39849444  0.17173442 -0.14055409  0.06253148 -0.03425202
  0.12682647  0.07082843  0.11532515  0.21731463], Best Fitness = 19.04473790843788, Evaluations = 6144
Generation 192: Best Solution = [ 0.52096796  0.39849444  0.17173442 -0.14055409  0.06253148 -0.03425202
  0.12682647  0.07082843  0.11532515  0.21731463], Best Fitness = 19.04473790843788, Evaluations = 6176
Generation 193: Best Solution = [-0.30811851 -0.06438352  0.02113363  0.01098941  0.04041301  0.08503682
  0.12736942 -0.10309335  0.1612982   0.06302502], Best Fitness = 17.930391931024545, Evaluations = 6208
Generation 194: Best Solution = [-0.30811851 -0.06438352  0.02113363  0.01098941  0.04041301  0.08503682
  0.12736942 -0.10309335  0.1612982   0.06302502], Best Fitness = 17.930391931024545, Evaluations = 6240
Generation 195: Best Solution = [ 0.35923453  0.27399701  0.13743049  0.15392015  0.12456414  0.02636813
 -0.04396976  0.12688144 -0.06413679  0.05557814], Best Fitness = 15.108324285019476, Evaluations = 6272
Generation 196: Best Solution = [ 0.35923453  0.27399701  0.13743049  0.15392015  0.12456414  0.02636813
 -0.04396976  0.12688144 -0.06413679  0.05557814], Best Fitness = 15.108324285019476, Evaluations = 6304
Generation 197: Best Solution = [ 0.35923453  0.27399701  0.13743049  0.15392015  0.12456414  0.02636813
 -0.04396976  0.12688144 -0.06413679  0.05557814], Best Fitness = 15.108324285019476, Evaluations = 6336
Generation 198: Best Solution = [ 0.35923453  0.27399701  0.13743049  0.15392015  0.12456414  0.02636813
 -0.04396976  0.12688144 -0.06413679  0.05557814], Best Fitness = 15.108324285019476, Evaluations = 6368
Generation 199: Best Solution = [ 0.35923453  0.27399701  0.13743049  0.15392015  0.12456414  0.02636813
 -0.04396976  0.12688144 -0.06413679  0.05557814], Best Fitness = 15.108324285019476, Evaluations = 6400
Generation 200: Best Solution = [ 0.35923453  0.27399701  0.13743049  0.15392015  0.12456414  0.02636813
 -0.04396976  0.12688144 -0.06413679  0.05557814], Best Fitness = 15.108324285019476, Evaluations = 6432
Generation 201: Best Solution = [-0.12126751 -0.01805335 -0.04406921 -0.12956422  0.13406226  0.04964791
  0.0154183   0.07265897 -0.0487742  -0.03541763], Best Fitness = 13.727758813856735, Evaluations = 6464
Generation 202: Best Solution = [-0.12126751 -0.01805335 -0.04406921 -0.12956422  0.13406226  0.04964791
  0.0154183   0.07265897 -0.0487742  -0.03541763], Best Fitness = 13.727758813856735, Evaluations = 6496
Generation 203: Best Solution = [-0.12126751 -0.01805335 -0.04406921 -0.12956422  0.13406226  0.04964791
  0.0154183   0.07265897 -0.0487742  -0.03541763], Best Fitness = 13.727758813856735, Evaluations = 6528
Generation 204: Best Solution = [-0.12126751 -0.01805335 -0.04406921 -0.12956422  0.13406226  0.04964791
  0.0154183   0.07265897 -0.0487742  -0.03541763], Best Fitness = 13.727758813856735, Evaluations = 6560
Generation 205: Best Solution = [-0.12126751 -0.01805335 -0.04406921 -0.12956422  0.13406226  0.04964791
  0.0154183   0.07265897 -0.0487742  -0.03541763], Best Fitness = 13.727758813856735, Evaluations = 6592
Generation 206: Best Solution = [-0.12126751 -0.01805335 -0.04406921 -0.12956422  0.13406226  0.04964791
  0.0154183   0.07265897 -0.0487742  -0.03541763], Best Fitness = 13.727758813856735, Evaluations = 6624
Generation 207: Best Solution = [-0.12126751 -0.01805335 -0.04406921 -0.12956422  0.13406226  0.04964791
  0.0154183   0.07265897 -0.0487742  -0.03541763], Best Fitness = 13.727758813856735, Evaluations = 6656
Generation 208: Best Solution = [-0.12126751 -0.01805335 -0.04406921 -0.12956422  0.13406226  0.04964791
  0.0154183   0.07265897 -0.0487742  -0.03541763], Best Fitness = 13.727758813856735, Evaluations = 6688
Generation 209: Best Solution = [-0.12126751 -0.01805335 -0.04406921 -0.12956422  0.13406226  0.04964791
  0.0154183   0.07265897 -0.0487742  -0.03541763], Best Fitness = 13.727758813856735, Evaluations = 6720
Generation 210: Best Solution = [-0.12126751 -0.01805335 -0.04406921 -0.12956422  0.13406226  0.04964791
  0.0154183   0.07265897 -0.0487742  -0.03541763], Best Fitness = 13.727758813856735, Evaluations = 6752
Generation 211: Best Solution = [-0.12126751 -0.01805335 -0.04406921 -0.12956422  0.13406226  0.04964791
  0.0154183   0.07265897 -0.0487742  -0.03541763], Best Fitness = 13.727758813856735, Evaluations = 6784
Generation 212: Best Solution = [-0.12126751 -0.01805335 -0.04406921 -0.12956422  0.13406226  0.04964791
  0.0154183   0.07265897 -0.0487742  -0.03541763], Best Fitness = 13.727758813856735, Evaluations = 6816
Generation 213: Best Solution = [-0.12126751 -0.01805335 -0.04406921 -0.12956422  0.13406226  0.04964791
  0.0154183   0.07265897 -0.0487742  -0.03541763], Best Fitness = 13.727758813856735, Evaluations = 6848
Generation 214: Best Solution = [-0.12126751 -0.01805335 -0.04406921 -0.12956422  0.13406226  0.04964791
  0.0154183   0.07265897 -0.0487742  -0.03541763], Best Fitness = 13.727758813856735, Evaluations = 6880
Generation 215: Best Solution = [-0.12126751 -0.01805335 -0.04406921 -0.12956422  0.13406226  0.04964791
  0.0154183   0.07265897 -0.0487742  -0.03541763], Best Fitness = 13.727758813856735, Evaluations = 6912
Generation 216: Best Solution = [ 0.53244527  0.23811806  0.0683824   0.14445855 -0.02451303 -0.00569134
 -0.03457459  0.02863586 -0.08753427  0.02133273], Best Fitness = 11.0343962344929, Evaluations = 6944
Generation 217: Best Solution = [ 0.53244527  0.23811806  0.0683824   0.14445855 -0.02451303 -0.00569134
 -0.03457459  0.02863586 -0.08753427  0.02133273], Best Fitness = 11.0343962344929, Evaluations = 6976
Generation 218: Best Solution = [ 0.53244527  0.23811806  0.0683824   0.14445855 -0.02451303 -0.00569134
 -0.03457459  0.02863586 -0.08753427  0.02133273], Best Fitness = 11.0343962344929, Evaluations = 7008
Generation 219: Best Solution = [ 0.53244527  0.23811806  0.0683824   0.14445855 -0.02451303 -0.00569134
 -0.03457459  0.02863586 -0.08753427  0.02133273], Best Fitness = 11.0343962344929, Evaluations = 7040
Generation 220: Best Solution = [ 0.53244527  0.23811806  0.0683824   0.14445855 -0.02451303 -0.00569134
 -0.03457459  0.02863586 -0.08753427  0.02133273], Best Fitness = 11.0343962344929, Evaluations = 7072
Generation 221: Best Solution = [ 0.53244527  0.23811806  0.0683824   0.14445855 -0.02451303 -0.00569134
 -0.03457459  0.02863586 -0.08753427  0.02133273], Best Fitness = 11.0343962344929, Evaluations = 7104
Generation 222: Best Solution = [ 0.53244527  0.23811806  0.0683824   0.14445855 -0.02451303 -0.00569134
 -0.03457459  0.02863586 -0.08753427  0.02133273], Best Fitness = 11.0343962344929, Evaluations = 7136
Generation 223: Best Solution = [ 0.53244527  0.23811806  0.0683824   0.14445855 -0.02451303 -0.00569134
 -0.03457459  0.02863586 -0.08753427  0.02133273], Best Fitness = 11.0343962344929, Evaluations = 7168
Generation 224: Best Solution = [ 0.53244527  0.23811806  0.0683824   0.14445855 -0.02451303 -0.00569134
 -0.03457459  0.02863586 -0.08753427  0.02133273], Best Fitness = 11.0343962344929, Evaluations = 7200
Generation 225: Best Solution = [ 0.53244527  0.23811806  0.0683824   0.14445855 -0.02451303 -0.00569134
 -0.03457459  0.02863586 -0.08753427  0.02133273], Best Fitness = 11.0343962344929, Evaluations = 7232
Generation 226: Best Solution = [ 0.53244527  0.23811806  0.0683824   0.14445855 -0.02451303 -0.00569134
 -0.03457459  0.02863586 -0.08753427  0.02133273], Best Fitness = 11.0343962344929, Evaluations = 7264
Generation 227: Best Solution = [ 0.53244527  0.23811806  0.0683824   0.14445855 -0.02451303 -0.00569134
 -0.03457459  0.02863586 -0.08753427  0.02133273], Best Fitness = 11.0343962344929, Evaluations = 7296
Generation 228: Best Solution = [ 0.53244527  0.23811806  0.0683824   0.14445855 -0.02451303 -0.00569134
 -0.03457459  0.02863586 -0.08753427  0.02133273], Best Fitness = 11.0343962344929, Evaluations = 7328
Generation 229: Best Solution = [ 0.53244527  0.23811806  0.0683824   0.14445855 -0.02451303 -0.00569134
 -0.03457459  0.02863586 -0.08753427  0.02133273], Best Fitness = 11.0343962344929, Evaluations = 7360
Generation 230: Best Solution = [ 0.53244527  0.23811806  0.0683824   0.14445855 -0.02451303 -0.00569134
 -0.03457459  0.02863586 -0.08753427  0.02133273], Best Fitness = 11.0343962344929, Evaluations = 7392
Generation 231: Best Solution = [ 0.53244527  0.23811806  0.0683824   0.14445855 -0.02451303 -0.00569134
 -0.03457459  0.02863586 -0.08753427  0.02133273], Best Fitness = 11.0343962344929, Evaluations = 7424
Generation 232: Best Solution = [ 0.53244527  0.23811806  0.0683824   0.14445855 -0.02451303 -0.00569134
 -0.03457459  0.02863586 -0.08753427  0.02133273], Best Fitness = 11.0343962344929, Evaluations = 7456
Generation 233: Best Solution = [ 0.53244527  0.23811806  0.0683824   0.14445855 -0.02451303 -0.00569134
 -0.03457459  0.02863586 -0.08753427  0.02133273], Best Fitness = 11.0343962344929, Evaluations = 7488
Generation 234: Best Solution = [ 0.53244527  0.23811806  0.0683824   0.14445855 -0.02451303 -0.00569134
 -0.03457459  0.02863586 -0.08753427  0.02133273], Best Fitness = 11.0343962344929, Evaluations = 7520
Generation 235: Best Solution = [ 0.53244527  0.23811806  0.0683824   0.14445855 -0.02451303 -0.00569134
 -0.03457459  0.02863586 -0.08753427  0.02133273], Best Fitness = 11.0343962344929, Evaluations = 7552
Generation 236: Best Solution = [ 0.53244527  0.23811806  0.0683824   0.14445855 -0.02451303 -0.00569134
 -0.03457459  0.02863586 -0.08753427  0.02133273], Best Fitness = 11.0343962344929, Evaluations = 7584
Generation 237: Best Solution = [ 0.53244527  0.23811806  0.0683824   0.14445855 -0.02451303 -0.00569134
 -0.03457459  0.02863586 -0.08753427  0.02133273], Best Fitness = 11.0343962344929, Evaluations = 7616
Generation 238: Best Solution = [ 0.53244527  0.23811806  0.0683824   0.14445855 -0.02451303 -0.00569134
 -0.03457459  0.02863586 -0.08753427  0.02133273], Best Fitness = 11.0343962344929, Evaluations = 7648
Generation 239: Best Solution = [ 0.53244527  0.23811806  0.0683824   0.14445855 -0.02451303 -0.00569134
 -0.03457459  0.02863586 -0.08753427  0.02133273], Best Fitness = 11.0343962344929, Evaluations = 7680
Generation 240: Best Solution = [ 0.53244527  0.23811806  0.0683824   0.14445855 -0.02451303 -0.00569134
 -0.03457459  0.02863586 -0.08753427  0.02133273], Best Fitness = 11.0343962344929, Evaluations = 7712
Generation 241: Best Solution = [ 0.60137367  0.35932258  0.040895   -0.02302927  0.05232993  0.08590651
  0.10810318  0.06809883  0.05975894  0.06214086], Best Fitness = 10.596902552175527, Evaluations = 7744
Generation 242: Best Solution = [ 0.60137367  0.35932258  0.040895   -0.02302927  0.05232993  0.08590651
  0.10810318  0.06809883  0.05975894  0.06214086], Best Fitness = 10.596902552175527, Evaluations = 7776
Generation 243: Best Solution = [ 0.30033455  0.17491593  0.0683824   0.0200577   0.0504836  -0.00569134
 -0.03457459  0.02863586 -0.08753427  0.02133273], Best Fitness = 10.244223574663756, Evaluations = 7808
Generation 244: Best Solution = [ 0.30033455  0.17491593  0.0683824   0.0200577   0.0504836  -0.00569134
 -0.03457459  0.02863586 -0.08753427  0.02133273], Best Fitness = 10.244223574663756, Evaluations = 7840
Generation 245: Best Solution = [ 0.30033455  0.17491593  0.0683824   0.0200577   0.0504836  -0.00569134
 -0.03457459  0.02863586 -0.08753427  0.02133273], Best Fitness = 10.244223574663756, Evaluations = 7872
Generation 246: Best Solution = [ 0.30033455  0.17491593  0.0683824   0.0200577   0.0504836  -0.00569134
 -0.03457459  0.02863586 -0.08753427  0.02133273], Best Fitness = 10.244223574663756, Evaluations = 7904
Generation 247: Best Solution = [ 0.30033455  0.17491593  0.0683824   0.0200577   0.0504836  -0.00569134
 -0.03457459  0.02863586 -0.08753427  0.02133273], Best Fitness = 10.244223574663756, Evaluations = 7936
Generation 248: Best Solution = [ 0.30033455  0.17491593  0.0683824   0.0200577   0.0504836  -0.00569134
 -0.03457459  0.02863586 -0.08753427  0.02133273], Best Fitness = 10.244223574663756, Evaluations = 7968
Generation 249: Best Solution = [ 0.45661308  0.2618746   0.13637694  0.02343872  0.04910526 -0.01267164
  0.05296932 -0.01454818 -0.09674542 -0.03177758], Best Fitness = 10.022090245585769, Evaluations = 8000
Generation 250: Best Solution = [ 0.45661308  0.2618746   0.13637694  0.02343872  0.04910526 -0.01267164
  0.05296932 -0.01454818 -0.09674542 -0.03177758], Best Fitness = 10.022090245585769, Evaluations = 8032
Generation 251: Best Solution = [ 0.45661308  0.2618746   0.13637694  0.02343872  0.04910526 -0.01267164
  0.05296932 -0.01454818 -0.09674542 -0.03177758], Best Fitness = 10.022090245585769, Evaluations = 8064
Generation 252: Best Solution = [ 0.45661308  0.2618746   0.13637694  0.02343872  0.04910526 -0.01267164
  0.05296932 -0.01454818 -0.09674542 -0.03177758], Best Fitness = 10.022090245585769, Evaluations = 8096
Generation 253: Best Solution = [ 0.45661308  0.2618746   0.13637694  0.02343872  0.04910526 -0.01267164
  0.05296932 -0.01454818 -0.09674542 -0.03177758], Best Fitness = 10.022090245585769, Evaluations = 8128
Generation 254: Best Solution = [ 0.45661308  0.2618746   0.13637694  0.02343872  0.04910526 -0.01267164
  0.05296932 -0.01454818 -0.09674542 -0.03177758], Best Fitness = 10.022090245585769, Evaluations = 8160
Generation 255: Best Solution = [ 0.45661308  0.2618746   0.13637694  0.02343872  0.04910526 -0.01267164
  0.05296932 -0.01454818 -0.09674542 -0.03177758], Best Fitness = 10.022090245585769, Evaluations = 8192
Generation 256: Best Solution = [ 0.45661308  0.2618746   0.13637694  0.02343872  0.04910526 -0.01267164
  0.05296932 -0.01454818 -0.09674542 -0.03177758], Best Fitness = 10.022090245585769, Evaluations = 8224
Generation 257: Best Solution = [ 0.46405947  0.1953801   0.12681214  0.05935411 -0.04182254  0.0280784
  0.00483164  0.02288432  0.0147248   0.06348014], Best Fitness = 9.28987925595995, Evaluations = 8256
Generation 258: Best Solution = [ 0.45661308  0.2618746   0.13637694  0.02343872  0.04910526 -0.01267164
  0.05296932 -0.01454818  0.06488931 -0.03177758], Best Fitness = 9.132212158513838, Evaluations = 8288
Generation 259: Best Solution = [ 0.45661308  0.2618746   0.13637694  0.02343872  0.04910526 -0.01267164
  0.05296932 -0.01454818  0.06488931 -0.03177758], Best Fitness = 9.132212158513838, Evaluations = 8320
Generation 260: Best Solution = [ 0.45661308  0.2618746   0.13637694  0.02343872  0.04910526 -0.01267164
  0.05296932 -0.01454818  0.06488931 -0.03177758], Best Fitness = 9.132212158513838, Evaluations = 8352
Generation 261: Best Solution = [ 0.45661308  0.2618746   0.13637694  0.02343872  0.04910526 -0.01267164
  0.05296932 -0.01454818  0.06488931 -0.03177758], Best Fitness = 9.132212158513838, Evaluations = 8384
Generation 262: Best Solution = [ 0.45661308  0.2618746   0.13637694  0.02343872  0.04910526 -0.01267164
  0.05296932 -0.01454818  0.06488931 -0.03177758], Best Fitness = 9.132212158513838, Evaluations = 8416
Generation 263: Best Solution = [ 0.45661308  0.2618746   0.13637694  0.02343872  0.04910526 -0.01267164
  0.05296932 -0.01454818  0.06488931 -0.03177758], Best Fitness = 9.132212158513838, Evaluations = 8448
Generation 264: Best Solution = [ 0.45661308  0.2618746   0.13637694  0.02343872  0.04910526 -0.01267164
  0.05296932 -0.01454818  0.06488931 -0.03177758], Best Fitness = 8.742594436708355, Evaluations = 8480
Generation 265: Best Solution = [ 0.45661308  0.2618746   0.13637694  0.02343872  0.04910526 -0.01267164
  0.05296932 -0.01454818  0.06488931 -0.03177758], Best Fitness = 8.742594436708355, Evaluations = 8512
Generation 266: Best Solution = [ 0.45661308  0.2618746   0.13637694  0.02343872  0.04910526 -0.01267164
  0.05296932 -0.01454818  0.06488931 -0.03177758], Best Fitness = 8.742594436708355, Evaluations = 8544
Generation 267: Best Solution = [ 0.38759448  0.14569171  0.06981953  0.02220659  0.04003227  0.01687451
  0.05964948  0.00709185 -0.00259659 -0.03315716], Best Fitness = 8.60183749662675, Evaluations = 8576
Generation 268: Best Solution = [ 0.38759448  0.14569171  0.06981953  0.02220659  0.04003227  0.01687451
  0.05964948  0.00709185 -0.00259659 -0.03315716], Best Fitness = 8.60183749662675, Evaluations = 8608
Generation 269: Best Solution = [ 0.38759448  0.14569171  0.06981953  0.02220659  0.04003227  0.01687451
  0.05964948  0.00709185 -0.00259659 -0.03315716], Best Fitness = 8.60183749662675, Evaluations = 8640
Generation 270: Best Solution = [ 0.38759448  0.14569171  0.06981953  0.02220659  0.04003227  0.01687451
  0.05964948  0.00709185 -0.00259659 -0.03315716], Best Fitness = 8.60183749662675, Evaluations = 8672
Generation 271: Best Solution = [ 0.38759448  0.14569171  0.06981953  0.02220659  0.04003227  0.01687451
  0.05964948  0.00709185 -0.00259659 -0.03315716], Best Fitness = 8.60183749662675, Evaluations = 8704
Generation 272: Best Solution = [ 0.38759448  0.14569171  0.06981953  0.02220659  0.04003227  0.01687451
  0.05964948  0.00709185 -0.00259659 -0.03315716], Best Fitness = 8.60183749662675, Evaluations = 8736
Generation 273: Best Solution = [ 0.38759448  0.14569171  0.06981953  0.02220659  0.04003227  0.01687451
  0.05964948  0.00709185 -0.00259659 -0.03315716], Best Fitness = 8.60183749662675, Evaluations = 8768
Generation 274: Best Solution = [ 0.57313296  0.39932938  0.14060704  0.0520649  -0.01543589  0.05822601
  0.05554302  0.05371946  0.03456949  0.03090012], Best Fitness = 8.545692424202459, Evaluations = 8800
Generation 275: Best Solution = [ 0.57313296  0.39932938  0.14060704  0.0520649  -0.01543589  0.05822601
  0.05554302  0.05371946  0.03456949  0.03090012], Best Fitness = 8.545692424202459, Evaluations = 8832
Generation 276: Best Solution = [ 0.57313296  0.39932938  0.14060704  0.0520649  -0.01543589  0.05822601
  0.05554302  0.05371946  0.03456949  0.03090012], Best Fitness = 8.545692424202459, Evaluations = 8864
Generation 277: Best Solution = [ 0.57313296  0.39932938  0.14060704  0.0520649  -0.01543589  0.05822601
  0.05554302  0.05371946  0.03456949  0.03090012], Best Fitness = 8.545692424202459, Evaluations = 8896
Generation 278: Best Solution = [ 0.57313296  0.39932938  0.14060704  0.0520649  -0.01543589  0.05822601
  0.05554302  0.05371946  0.03456949  0.03090012], Best Fitness = 8.545692424202459, Evaluations = 8928
Generation 279: Best Solution = [ 0.55520911  0.27991255  0.11852361  0.02424321  0.02419928  0.00672049
 -0.01259151 -0.05063807  0.02111258 -0.02148423], Best Fitness = 8.139789268825034, Evaluations = 8960
Generation 280: Best Solution = [ 0.55520911  0.27991255  0.11852361  0.02424321  0.02419928  0.00672049
 -0.01259151 -0.05063807  0.02111258 -0.02148423], Best Fitness = 8.139789268825034, Evaluations = 8992
Generation 281: Best Solution = [ 0.55520911  0.27991255  0.11852361  0.02424321  0.02419928  0.00672049
 -0.01259151 -0.05063807  0.02111258 -0.02148423], Best Fitness = 8.139789268825034, Evaluations = 9024
Generation 282: Best Solution = [ 0.55520911  0.27991255  0.11852361  0.02424321  0.02419928  0.00672049
 -0.01259151 -0.05063807  0.02111258 -0.02148423], Best Fitness = 8.139789268825034, Evaluations = 9056
Generation 283: Best Solution = [ 0.57671755  0.31607331  0.11717488  0.06001725 -0.00460233  0.05177146
  0.01762439  0.05069667  0.0493661  -0.0019677 ], Best Fitness = 8.031261670409625, Evaluations = 9088
Generation 284: Best Solution = [ 0.57671755  0.31607331  0.11717488  0.06001725 -0.00460233  0.05177146
  0.01762439  0.05069667  0.0493661  -0.0019677 ], Best Fitness = 8.031261670409625, Evaluations = 9120
Generation 285: Best Solution = [ 0.57671755  0.31607331  0.11717488  0.06001725 -0.00460233  0.05177146
  0.01762439  0.05069667  0.0493661  -0.0019677 ], Best Fitness = 8.031261670409625, Evaluations = 9152
Generation 286: Best Solution = [ 0.65992648  0.43221531  0.22026637  0.08001347 -0.03926575 -0.01592565
  0.06877862  0.03503452  0.00072584 -0.02798072], Best Fitness = 7.892450151401531, Evaluations = 9184
Generation 287: Best Solution = [ 0.65992648  0.43221531  0.22026637  0.08001347 -0.03926575 -0.01592565
  0.06877862  0.03503452  0.00072584 -0.02798072], Best Fitness = 7.892450151401531, Evaluations = 9216
Generation 288: Best Solution = [ 0.65992648  0.43221531  0.22026637  0.08001347 -0.03926575 -0.01592565
  0.06877862  0.03503452  0.00072584 -0.02798072], Best Fitness = 7.892450151401531, Evaluations = 9248
Generation 289: Best Solution = [ 0.65992648  0.43221531  0.22026637  0.08001347 -0.03926575 -0.01592565
  0.06877862  0.03503452  0.00072584 -0.02798072], Best Fitness = 7.892450151401531, Evaluations = 9280
Generation 290: Best Solution = [ 0.64156896  0.43278419  0.18148673  0.06911457 -0.02264914  0.03641717
 -0.0118789  -0.00473242  0.05182927  0.05347641], Best Fitness = 7.822828232981635, Evaluations = 9312
Generation 291: Best Solution = [ 0.64156896  0.43278419  0.18148673  0.06911457 -0.02264914  0.03641717
 -0.0118789  -0.00473242  0.05182927  0.05347641], Best Fitness = 7.822828232981635, Evaluations = 9344
Generation 292: Best Solution = [ 0.64156896  0.43278419  0.18148673  0.06911457 -0.02264914  0.03641717
 -0.0118789  -0.00473242  0.05182927  0.05347641], Best Fitness = 7.822828232981635, Evaluations = 9376
Generation 293: Best Solution = [ 0.65992648  0.43221531  0.17591856  0.01567991  0.01483141 -0.01592565
  0.00681138  0.03503452  0.00072584 -0.02798072], Best Fitness = 7.293450834018311, Evaluations = 9408
Generation 294: Best Solution = [ 0.65992648  0.43221531  0.17591856  0.01567991  0.01483141 -0.01592565
  0.00681138  0.03503452  0.00072584 -0.02798072], Best Fitness = 7.293450834018311, Evaluations = 9440
Generation 295: Best Solution = [ 0.65992648  0.43221531  0.17591856  0.01567991  0.01483141 -0.01592565
  0.00681138  0.03503452  0.00072584 -0.02798072], Best Fitness = 7.293450834018311, Evaluations = 9472
Generation 296: Best Solution = [ 0.65992648  0.43221531  0.17591856  0.01567991  0.01483141 -0.01592565
  0.00681138  0.03503452  0.00072584 -0.02798072], Best Fitness = 7.293450834018311, Evaluations = 9504
Generation 297: Best Solution = [ 0.65992648  0.43221531  0.17591856  0.01567991  0.01483141 -0.01592565
  0.00681138  0.03503452  0.00072584 -0.02798072], Best Fitness = 7.293450834018311, Evaluations = 9536
Generation 298: Best Solution = [ 0.65992648  0.43221531  0.17591856  0.01567991  0.01483141 -0.01592565
  0.00681138  0.03503452  0.00072584 -0.02798072], Best Fitness = 7.293450834018311, Evaluations = 9568
Generation 299: Best Solution = [ 0.65992648  0.43221531  0.17591856  0.01567991  0.01483141 -0.01592565
  0.00681138  0.03503452  0.00072584 -0.02798072], Best Fitness = 7.293450834018311, Evaluations = 9600
Generation 300: Best Solution = [ 0.65992648  0.43221531  0.17591856  0.01567991  0.01483141 -0.01592565
  0.00681138  0.03503452  0.00072584 -0.02798072], Best Fitness = 7.293450834018311, Evaluations = 9632
Generation 301: Best Solution = [ 0.65992648  0.43221531  0.17591856  0.01567991  0.01483141 -0.01592565
  0.00681138  0.03503452  0.00072584 -0.02798072], Best Fitness = 7.293450834018311, Evaluations = 9664
Generation 302: Best Solution = [ 0.65992648  0.43221531  0.17591856  0.01567991  0.01483141 -0.01592565
  0.00681138  0.03503452  0.00072584 -0.02798072], Best Fitness = 7.293450834018311, Evaluations = 9696
Generation 303: Best Solution = [ 0.65992648  0.43221531  0.17591856  0.01567991  0.01483141 -0.01592565
  0.00681138  0.03503452  0.00072584 -0.02798072], Best Fitness = 7.293450834018311, Evaluations = 9728
Generation 304: Best Solution = [ 0.65992648  0.43221531  0.17591856  0.01567991  0.01483141 -0.01592565
  0.00681138  0.03503452  0.00072584 -0.02798072], Best Fitness = 7.293450834018311, Evaluations = 9760
Generation 305: Best Solution = [ 0.65992648  0.43221531  0.17591856  0.01567991  0.01483141 -0.01592565
  0.00681138  0.03503452  0.00072584 -0.02798072], Best Fitness = 7.293450834018311, Evaluations = 9792
Generation 306: Best Solution = [ 0.65992648  0.43221531  0.17591856  0.01567991  0.01483141 -0.01592565
  0.00681138  0.03503452  0.00072584 -0.02798072], Best Fitness = 7.293450834018311, Evaluations = 9824
Generation 307: Best Solution = [ 0.65992648  0.43221531  0.17591856  0.01567991  0.01483141 -0.01592565
  0.00681138  0.03503452  0.00072584 -0.02798072], Best Fitness = 7.293450834018311, Evaluations = 9856
Generation 308: Best Solution = [ 0.65992648  0.43221531  0.17591856  0.01567991  0.01483141 -0.01592565
  0.00681138  0.03503452  0.00072584 -0.02798072], Best Fitness = 7.293450834018311, Evaluations = 9888
Generation 309: Best Solution = [ 0.65992648  0.43221531  0.17591856  0.01567991  0.01483141 -0.01592565
  0.00681138  0.03503452  0.00072584 -0.02798072], Best Fitness = 7.293450834018311, Evaluations = 9920
Generation 310: Best Solution = [ 0.65992648  0.43221531  0.17591856  0.01567991  0.01483141 -0.01592565
  0.00681138  0.03503452  0.00072584 -0.02798072], Best Fitness = 7.293450834018311, Evaluations = 9952
Generation 311: Best Solution = [ 0.65992648  0.43221531  0.17591856  0.01567991  0.01483141 -0.01592565
  0.00681138  0.03503452  0.00072584 -0.02798072], Best Fitness = 7.293450834018311, Evaluations = 9984
Generation 312: Best Solution = [ 0.65992648  0.43221531  0.17591856  0.01567991  0.01483141 -0.01592565
  0.00681138  0.03503452  0.00072584 -0.02798072], Best Fitness = 7.293450834018311, Evaluations = 10016
