Algorithm: Differential Evolution
Objective Function: Rosenbrock
Dimension: 10
Population Size: 32
Max Evaluations: 10000

Generation 0: Best Solution = [ 2.72318357e+00 -3.77745460e-03 -4.84129227e+00  3.18117058e+00
 -9.70231019e-01 -1.58950427e+00  5.06373355e+00  1.80483878e+00
 -4.77177093e-01 -2.96810280e+00], Best Fitness = 121773.3332361212, Evaluations = 32
Generation 1: Best Solution = [ 2.72318357e+00 -3.77745460e-03 -4.84129227e+00  3.18117058e+00
 -9.70231019e-01 -1.58950427e+00  5.06373355e+00  1.80483878e+00
 -4.77177093e-01 -2.96810280e+00], Best Fitness = 121773.3332361212, Evaluations = 64
Generation 2: Best Solution = [ 2.737143   -2.16561377  0.31899784  1.82639664 -5.         -0.12671315
  0.15934479 -3.07878399 -2.63656826 -5.        ], Best Fitness = 111628.32624839223, Evaluations = 96
Generation 3: Best Solution = [ 2.737143   -2.16561377  0.31899784  1.82639664 -5.         -0.12671315
  0.15934479 -3.07878399 -2.63656826 -5.        ], Best Fitness = 111628.32624839223, Evaluations = 128
Generation 4: Best Solution = [-0.23288045 -2.19170251  3.89081133  4.32234711  1.88700156 -3.74268436
 -0.30095028 -0.50978284 -0.27092929 -3.66204172], Best Fitness = 67823.25905848679, Evaluations = 160
Generation 5: Best Solution = [-0.23288045 -2.19170251  3.89081133  4.32234711  1.88700156 -3.74268436
 -0.30095028 -0.50978284 -0.27092929 -3.66204172], Best Fitness = 67823.25905848679, Evaluations = 192
Generation 6: Best Solution = [-0.23288045 -2.19170251  3.89081133  4.32234711  1.88700156 -3.74268436
 -0.30095028 -0.50978284 -0.27092929 -3.66204172], Best Fitness = 67823.25905848679, Evaluations = 224
Generation 7: Best Solution = [-0.23288045 -2.19170251  3.89081133  4.32234711  1.88700156 -3.74268436
 -0.30095028 -0.50978284 -0.27092929 -3.66204172], Best Fitness = 67823.25905848679, Evaluations = 256
Generation 8: Best Solution = [-0.23288045 -2.19170251  3.89081133  4.32234711  1.88700156 -3.74268436
 -0.30095028 -0.50978284 -0.27092929 -3.66204172], Best Fitness = 67823.25905848679, Evaluations = 288
Generation 9: Best Solution = [-1.16244953  0.33097487  2.53483442  1.34381556 -0.06691206 -1.21566011
 -1.09669477  1.69993262  4.32812597  7.23016294], Best Fitness = 17928.944926869717, Evaluations = 320
Generation 10: Best Solution = [-1.16244953  0.33097487  2.53483442  1.34381556 -0.06691206 -1.21566011
 -1.09669477  1.69993262  4.32812597  7.23016294], Best Fitness = 4489.193273947306, Evaluations = 352
Generation 11: Best Solution = [-1.16244953  0.33097487  2.53483442  1.34381556 -0.06691206 -1.21566011
 -1.09669477  1.69993262  4.32812597  7.23016294], Best Fitness = 4489.193273947306, Evaluations = 384
Generation 12: Best Solution = [-1.16244953  0.33097487  2.53483442  1.34381556 -0.06691206 -1.21566011
 -1.09669477  1.69993262  4.32812597  7.23016294], Best Fitness = 4489.193273947306, Evaluations = 416
Generation 13: Best Solution = [-1.16244953  0.33097487  2.53483442  1.34381556 -0.06691206 -1.21566011
 -1.09669477  1.69993262  4.32812597  7.23016294], Best Fitness = 4489.193273947306, Evaluations = 448
Generation 14: Best Solution = [-1.16244953  0.33097487  2.53483442  1.34381556 -0.06691206 -1.21566011
 -1.09669477  1.69993262  4.32812597  7.23016294], Best Fitness = 4489.193273947306, Evaluations = 480
Generation 15: Best Solution = [-1.16244953  0.33097487  2.53483442  1.34381556 -0.06691206 -1.21566011
 -1.09669477  1.69993262  4.32812597  7.23016294], Best Fitness = 4489.193273947306, Evaluations = 512
Generation 16: Best Solution = [-1.16244953  0.33097487  2.53483442  1.34381556 -0.06691206 -1.21566011
 -1.09669477  1.69993262  4.32812597  7.23016294], Best Fitness = 4489.193273947306, Evaluations = 544
Generation 17: Best Solution = [-1.16244953  0.33097487  2.53483442  1.34381556 -0.06691206 -1.21566011
 -1.09669477  1.69993262  4.32812597  7.23016294], Best Fitness = 4489.193273947306, Evaluations = 576
Generation 18: Best Solution = [-1.16244953  0.33097487  2.53483442  1.34381556 -0.06691206 -1.21566011
 -1.09669477  1.69993262  4.32812597  7.23016294], Best Fitness = 4489.193273947306, Evaluations = 608
Generation 19: Best Solution = [-1.16244953  0.33097487  2.53483442  1.34381556 -0.06691206 -1.21566011
 -1.09669477  1.69993262  4.32812597  7.23016294], Best Fitness = 4489.193273947306, Evaluations = 640
Generation 20: Best Solution = [-1.16244953  0.33097487  2.53483442  1.34381556 -0.06691206 -1.21566011
 -1.09669477  1.69993262  4.32812597  7.23016294], Best Fitness = 4489.193273947306, Evaluations = 672
Generation 21: Best Solution = [-1.16244953  0.33097487  2.53483442  1.34381556 -0.06691206 -1.21566011
 -1.09669477  1.69993262  4.32812597  7.23016294], Best Fitness = 4489.193273947306, Evaluations = 704
Generation 22: Best Solution = [-1.16244953  0.33097487  2.53483442  1.34381556 -0.06691206 -1.21566011
 -1.09669477  1.69993262  4.32812597  7.23016294], Best Fitness = 4489.193273947306, Evaluations = 736
Generation 23: Best Solution = [-1.16244953  0.33097487  2.53483442  1.34381556 -0.06691206 -1.21566011
 -1.09669477  1.69993262  4.32812597  7.23016294], Best Fitness = 4489.193273947306, Evaluations = 768
Generation 24: Best Solution = [ 1.25214762 -0.76408291  0.86333302 -0.54239827  0.52049035  2.00897946
  1.17945588  0.57279023  1.75343808  4.85876168], Best Fitness = 2436.7099939478694, Evaluations = 800
Generation 25: Best Solution = [ 1.25214762 -0.76408291  0.86333302 -0.54239827  0.52049035  2.00897946
  1.17945588  0.57279023  1.75343808  4.85876168], Best Fitness = 2436.7099939478694, Evaluations = 832
Generation 26: Best Solution = [ 1.25214762 -0.76408291  0.86333302 -0.54239827  0.52049035  2.00897946
  1.17945588  0.57279023  1.75343808  4.85876168], Best Fitness = 2436.7099939478694, Evaluations = 864
Generation 27: Best Solution = [ 1.25214762 -0.76408291  0.86333302 -0.54239827  0.52049035  2.00897946
  1.17945588  0.57279023  1.75343808  4.85876168], Best Fitness = 2436.7099939478694, Evaluations = 896
Generation 28: Best Solution = [ 1.25214762 -0.76408291  0.86333302 -0.54239827  0.52049035  2.00897946
  1.17945588  0.57279023  1.75343808  4.85876168], Best Fitness = 2436.7099939478694, Evaluations = 928
Generation 29: Best Solution = [ 0.6633601   0.30150059 -0.66754145 -0.05577698 -1.2459204   1.01849724
 -0.02934708  2.13508315  0.77604069  0.9840811 ], Best Fitness = 2295.638360360045, Evaluations = 960
Generation 30: Best Solution = [ 0.6633601   0.30150059 -0.66754145 -0.05577698 -1.2459204   1.01849724
 -0.02934708  2.13508315  0.77604069  0.9840811 ], Best Fitness = 2295.638360360045, Evaluations = 992
Generation 31: Best Solution = [ 0.6633601   0.30150059 -0.66754145 -0.05577698 -1.2459204   1.01849724
 -0.02934708  2.13508315  0.77604069  0.9840811 ], Best Fitness = 2295.638360360045, Evaluations = 1024
Generation 32: Best Solution = [ 0.6633601   0.30150059 -0.66754145 -0.05577698 -1.2459204   1.01849724
 -0.02934708  2.13508315  0.77604069  0.9840811 ], Best Fitness = 2295.638360360045, Evaluations = 1056
Generation 33: Best Solution = [ 0.6633601   0.30150059 -0.66754145 -0.05577698 -1.2459204   1.01849724
 -0.02934708  2.13508315  0.77604069  0.9840811 ], Best Fitness = 2295.638360360045, Evaluations = 1088
Generation 34: Best Solution = [ 0.53048235  1.73816094  1.58383844  0.46215237  1.85895713  0.87607865
  1.0689634   1.14138255  1.11470104 -0.6589251 ], Best Fitness = 2150.1406938998134, Evaluations = 1120
Generation 35: Best Solution = [ 0.53048235  1.73816094  1.58383844  0.46215237  1.85895713  0.87607865
  1.0689634   1.14138255  1.11470104 -0.6589251 ], Best Fitness = 2150.1406938998134, Evaluations = 1152
Generation 36: Best Solution = [ 0.53048235  1.73816094  1.58383844  0.46215237  1.85895713  0.87607865
  1.0689634   1.14138255  1.11470104 -0.6589251 ], Best Fitness = 2150.1406938998134, Evaluations = 1184
Generation 37: Best Solution = [ 1.91602997  0.59272123  1.22541162  0.20509523 -0.78493189  1.65820325
  1.24597723  0.79091336 -0.78779106  0.79160462], Best Fitness = 1864.554073443147, Evaluations = 1216
Generation 38: Best Solution = [ 0.49176904 -0.57817578  0.09584183 -1.5564487   0.10013849 -1.13323194
  1.12915321 -0.20728048  1.8214764   2.81640572], Best Fitness = 1569.2793197845715, Evaluations = 1248
Generation 39: Best Solution = [ 0.69306234 -0.54862344  1.58383844  0.46215237 -0.48223111  0.34184884
 -1.37645926  1.14138255  1.11470104 -0.6589251 ], Best Fitness = 1395.1028048803998, Evaluations = 1280
Generation 40: Best Solution = [ 0.69306234 -0.54862344  1.58383844  0.46215237 -0.48223111  0.34184884
 -1.37645926  1.14138255  1.11470104 -0.6589251 ], Best Fitness = 1395.1028048803998, Evaluations = 1312
Generation 41: Best Solution = [ 0.69306234 -0.54862344  1.58383844  0.46215237 -0.48223111  0.34184884
 -1.37645926  1.14138255  1.11470104 -0.6589251 ], Best Fitness = 1395.1028048803998, Evaluations = 1344
Generation 42: Best Solution = [ 0.86059456 -0.81313329  0.92863231 -0.53369996 -0.3479263   0.32552908
  0.66452493 -1.26156071  2.40463797  4.48383745], Best Fitness = 1058.8041666036047, Evaluations = 1376
Generation 43: Best Solution = [ 0.86059456 -0.81313329  0.92863231 -0.53369996 -0.3479263   0.32552908
  0.66452493 -1.26156071  2.40463797  4.48383745], Best Fitness = 1030.1706594766883, Evaluations = 1408
Generation 44: Best Solution = [ 0.86059456 -0.81313329  0.92863231 -0.53369996 -0.3479263   0.32552908
  0.66452493 -1.26156071  2.40463797  4.48383745], Best Fitness = 1030.1706594766883, Evaluations = 1440
Generation 45: Best Solution = [-0.20450409  0.36719178 -0.72568501 -0.05577698  0.69836359 -0.56549079
  0.74023489 -1.12062457  0.76223556  2.51396252], Best Fitness = 985.0068364390967, Evaluations = 1472
Generation 46: Best Solution = [ 0.34581041 -0.81313329  0.5687784  -0.53369996 -0.3479263   0.32552908
  0.43613897  1.1307555   1.43243977  4.04458482], Best Fitness = 713.4128487897237, Evaluations = 1504
Generation 47: Best Solution = [ 1.26855654  0.75341935 -0.16143677  0.34763816  0.52049035 -0.78503596
  0.1599611  -0.51195703  1.75343808  4.15404843], Best Fitness = 661.7549625018013, Evaluations = 1536
Generation 48: Best Solution = [ 1.26855654  0.75341935 -0.16143677  0.34763816  0.52049035 -0.78503596
  0.1599611  -0.51195703  1.75343808  4.15404843], Best Fitness = 661.7549625018013, Evaluations = 1568
Generation 49: Best Solution = [-0.45082603  0.46644234  1.33505101  1.17043395  0.6297342   0.38416578
 -0.17828605 -1.04249867  1.2752919   2.6587796 ], Best Fitness = 468.9026506295829, Evaluations = 1600
Generation 50: Best Solution = [-0.45082603  0.46644234  1.33505101  1.17043395  0.6297342   0.38416578
 -0.17828605 -1.04249867  1.2752919   2.6587796 ], Best Fitness = 468.9026506295829, Evaluations = 1632
Generation 51: Best Solution = [-0.45082603  0.46644234  1.33505101  1.17043395  0.6297342   0.38416578
 -0.17828605 -1.04249867  1.2752919   2.6587796 ], Best Fitness = 468.9026506295829, Evaluations = 1664
Generation 52: Best Solution = [-0.45082603  0.46644234  1.33505101  1.17043395  0.6297342   0.38416578
 -0.17828605 -1.04249867  1.2752919   2.6587796 ], Best Fitness = 468.9026506295829, Evaluations = 1696
Generation 53: Best Solution = [-0.45082603  0.46644234  1.33505101  1.17043395  0.6297342   0.38416578
 -0.17828605 -1.04249867  1.2752919   2.6587796 ], Best Fitness = 468.9026506295829, Evaluations = 1728
Generation 54: Best Solution = [-0.60518445  0.24272594  0.53270797  0.51633952  0.90475564  0.64373384
 -0.57752414  1.55952772  1.4134467   2.56931546], Best Fitness = 465.0000946597671, Evaluations = 1760
Generation 55: Best Solution = [-0.36105642 -0.39248329  1.10941305  0.67014467  0.34565828 -0.22563711
  0.70342486  0.06015143 -0.02544682 -0.86451294], Best Fitness = 307.2934098614692, Evaluations = 1792
Generation 56: Best Solution = [-0.36105642 -0.39248329  1.10941305  0.67014467  0.34565828 -0.22563711
  0.70342486  0.06015143 -0.02544682 -0.86451294], Best Fitness = 266.2267496362304, Evaluations = 1824
Generation 57: Best Solution = [-0.36105642 -0.39248329  1.10941305  0.67014467  0.34565828 -0.22563711
  0.70342486  0.06015143 -0.02544682 -0.86451294], Best Fitness = 266.2267496362304, Evaluations = 1856
Generation 58: Best Solution = [-0.47580622  0.18005102  0.2961138  -0.00961853 -0.80978526 -0.16592774
 -0.78254312  1.26270984  1.56030471  2.58754002], Best Fitness = 264.1542056431881, Evaluations = 1888
Generation 59: Best Solution = [-0.47580622  0.18005102  0.2961138  -0.00961853 -0.80978526 -0.16592774
 -0.78254312  1.26270984  1.56030471  2.58754002], Best Fitness = 264.1542056431881, Evaluations = 1920
Generation 60: Best Solution = [ 0.79647971  0.6490984   0.09584183 -0.20097279 -0.52904468  0.30781314
 -0.20965126 -0.61600519  0.28302192  1.03677853], Best Fitness = 202.6400451003711, Evaluations = 1952
Generation 61: Best Solution = [ 0.79647971  0.6490984   0.09584183 -0.20097279 -0.52904468  0.30781314
 -0.20965126 -0.61600519  0.28302192  1.03677853], Best Fitness = 202.6400451003711, Evaluations = 1984
Generation 62: Best Solution = [ 0.79647971  0.6490984   0.09584183 -0.20097279 -0.52904468  0.30781314
 -0.20965126 -0.61600519  0.28302192  1.03677853], Best Fitness = 202.6400451003711, Evaluations = 2016
Generation 63: Best Solution = [ 0.79647971  0.6490984   0.09584183 -0.20097279 -0.52904468  0.30781314
 -0.20965126 -0.61600519  0.28302192  1.03677853], Best Fitness = 202.6400451003711, Evaluations = 2048
Generation 64: Best Solution = [ 0.79647971  0.6490984   0.09584183 -0.20097279 -0.52904468  0.30781314
 -0.20965126 -0.61600519  0.28302192  1.03677853], Best Fitness = 202.6400451003711, Evaluations = 2080
Generation 65: Best Solution = [ 0.79647971  0.6490984   0.09584183 -0.20097279 -0.52904468  0.30781314
 -0.20965126 -0.61600519  0.28302192  1.03677853], Best Fitness = 202.6400451003711, Evaluations = 2112
Generation 66: Best Solution = [ 0.97047071  0.92894182  0.57197152 -0.26110173 -0.48197608 -0.0267528
  0.43868666  0.13355746 -0.39452613  0.15446551], Best Fitness = 124.63765117710899, Evaluations = 2144
Generation 67: Best Solution = [ 0.97047071  0.92894182  0.57197152 -0.26110173 -0.48197608 -0.0267528
  0.43868666  0.13355746 -0.39452613  0.15446551], Best Fitness = 124.63765117710899, Evaluations = 2176
Generation 68: Best Solution = [ 0.97047071  0.92894182  0.57197152 -0.26110173 -0.48197608 -0.0267528
  0.43868666  0.13355746 -0.39452613  0.15446551], Best Fitness = 124.63765117710899, Evaluations = 2208
Generation 69: Best Solution = [-1.01550454  0.48515223  0.05533996 -0.20097279 -0.52904468  0.30781314
 -0.20965126  0.1694309  -0.29718586  0.40295984], Best Fitness = 114.40581243842449, Evaluations = 2240
Generation 70: Best Solution = [-1.01550454  0.48515223  0.05533996 -0.20097279 -0.52904468  0.30781314
 -0.20965126  0.1694309  -0.29718586  0.40295984], Best Fitness = 114.40581243842449, Evaluations = 2272
Generation 71: Best Solution = [-1.01550454  0.48515223  0.05533996 -0.20097279 -0.52904468  0.30781314
 -0.20965126  0.1694309  -0.29718586  0.40295984], Best Fitness = 114.40581243842449, Evaluations = 2304
Generation 72: Best Solution = [-1.01550454  0.48515223  0.05533996 -0.20097279 -0.52904468  0.30781314
 -0.20965126  0.1694309  -0.29718586  0.40295984], Best Fitness = 114.40581243842449, Evaluations = 2336
Generation 73: Best Solution = [-1.01550454  0.48515223  0.05533996 -0.20097279 -0.52904468  0.30781314
 -0.20965126  0.1694309  -0.29718586  0.40295984], Best Fitness = 114.40581243842449, Evaluations = 2368
Generation 74: Best Solution = [-1.01550454  0.48515223  0.05533996 -0.20097279 -0.52904468  0.30781314
 -0.20965126  0.1694309  -0.29718586  0.40295984], Best Fitness = 114.40581243842449, Evaluations = 2400
Generation 75: Best Solution = [-1.01550454  0.48515223  0.05533996 -0.20097279 -0.52904468  0.30781314
 -0.20965126  0.1694309  -0.29718586  0.40295984], Best Fitness = 114.40581243842449, Evaluations = 2432
Generation 76: Best Solution = [-1.01550454  0.48515223  0.05533996 -0.20097279 -0.52904468  0.30781314
 -0.20965126  0.1694309  -0.29718586  0.40295984], Best Fitness = 114.40581243842449, Evaluations = 2464
Generation 77: Best Solution = [-1.01550454  0.48515223  0.05533996 -0.20097279 -0.52904468  0.30781314
 -0.20965126  0.1694309  -0.29718586  0.40295984], Best Fitness = 114.40581243842449, Evaluations = 2496
Generation 78: Best Solution = [-1.01550454  0.48515223  0.05533996 -0.20097279 -0.52904468  0.30781314
 -0.20965126  0.1694309  -0.29718586  0.40295984], Best Fitness = 114.40581243842449, Evaluations = 2528
Generation 79: Best Solution = [-1.01550454  0.48515223  0.05533996 -0.20097279 -0.52904468  0.30781314
 -0.20965126  0.1694309  -0.29718586  0.40295984], Best Fitness = 114.40581243842449, Evaluations = 2560
Generation 80: Best Solution = [-1.01550454  0.48515223  0.05533996 -0.20097279 -0.52904468  0.30781314
 -0.20965126  0.1694309  -0.29718586  0.40295984], Best Fitness = 114.40581243842449, Evaluations = 2592
Generation 81: Best Solution = [-1.01550454  0.48515223  0.05533996 -0.20097279 -0.52904468  0.30781314
 -0.20965126  0.1694309  -0.29718586  0.40295984], Best Fitness = 114.40581243842449, Evaluations = 2624
Generation 82: Best Solution = [-1.01550454  0.48515223  0.05533996 -0.20097279 -0.52904468  0.30781314
 -0.20965126  0.1694309  -0.29718586  0.40295984], Best Fitness = 114.40581243842449, Evaluations = 2656
Generation 83: Best Solution = [-1.01550454  0.48515223  0.05533996 -0.20097279 -0.52904468  0.30781314
 -0.20965126  0.1694309  -0.29718586  0.40295984], Best Fitness = 114.40581243842449, Evaluations = 2688
Generation 84: Best Solution = [-1.01550454  0.48515223  0.05533996 -0.20097279 -0.52904468  0.30781314
 -0.20965126  0.1694309  -0.29718586  0.40295984], Best Fitness = 114.40581243842449, Evaluations = 2720
Generation 85: Best Solution = [-1.01550454  0.48515223  0.05533996 -0.20097279 -0.52904468  0.30781314
 -0.20965126  0.1694309  -0.29718586  0.40295984], Best Fitness = 114.40581243842449, Evaluations = 2752
Generation 86: Best Solution = [-0.56832652  0.53845369  0.48032164  0.0470696   0.38551063  0.31817796
 -0.13298895 -0.15254162 -0.0208956   0.27880847], Best Fitness = 53.8815559384789, Evaluations = 2784
Generation 87: Best Solution = [-0.56832652  0.53845369  0.48032164  0.0470696   0.38551063  0.31817796
 -0.13298895 -0.15254162 -0.0208956   0.27880847], Best Fitness = 53.8815559384789, Evaluations = 2816
Generation 88: Best Solution = [-0.56832652  0.53845369  0.48032164  0.0470696   0.38551063  0.31817796
 -0.13298895 -0.15254162 -0.0208956   0.27880847], Best Fitness = 53.8815559384789, Evaluations = 2848
Generation 89: Best Solution = [-0.56832652  0.53845369  0.48032164  0.0470696   0.38551063  0.31817796
 -0.13298895 -0.15254162 -0.0208956   0.27880847], Best Fitness = 53.8815559384789, Evaluations = 2880
Generation 90: Best Solution = [-0.56832652  0.53845369  0.48032164  0.0470696   0.38551063  0.31817796
 -0.13298895 -0.15254162 -0.0208956   0.27880847], Best Fitness = 53.8815559384789, Evaluations = 2912
Generation 91: Best Solution = [-0.56832652  0.53845369  0.48032164  0.0470696   0.38551063  0.31817796
 -0.13298895 -0.15254162 -0.0208956   0.27880847], Best Fitness = 53.8815559384789, Evaluations = 2944
Generation 92: Best Solution = [-0.56832652  0.53845369  0.48032164  0.0470696   0.38551063  0.31817796
 -0.13298895 -0.15254162 -0.0208956   0.27880847], Best Fitness = 53.8815559384789, Evaluations = 2976
Generation 93: Best Solution = [-0.56832652  0.53845369  0.48032164  0.0470696   0.38551063  0.31817796
 -0.13298895 -0.15254162 -0.0208956   0.27880847], Best Fitness = 53.8815559384789, Evaluations = 3008
Generation 94: Best Solution = [-0.56832652  0.53845369  0.48032164  0.0470696   0.38551063  0.31817796
 -0.13298895 -0.15254162 -0.0208956   0.27880847], Best Fitness = 53.8815559384789, Evaluations = 3040
Generation 95: Best Solution = [-0.56832652  0.53845369  0.48032164  0.0470696   0.38551063  0.31817796
 -0.13298895 -0.15254162 -0.0208956   0.27880847], Best Fitness = 53.8815559384789, Evaluations = 3072
Generation 96: Best Solution = [-0.56832652  0.53845369  0.48032164  0.0470696   0.38551063  0.31817796
 -0.13298895 -0.15254162 -0.0208956   0.27880847], Best Fitness = 53.8815559384789, Evaluations = 3104
Generation 97: Best Solution = [-0.56832652  0.53845369  0.48032164  0.0470696   0.38551063  0.31817796
 -0.13298895 -0.15254162 -0.0208956   0.27880847], Best Fitness = 53.8815559384789, Evaluations = 3136
Generation 98: Best Solution = [-0.56832652  0.53845369  0.48032164  0.0470696   0.38551063  0.31817796
 -0.13298895 -0.15254162 -0.0208956   0.27880847], Best Fitness = 53.8815559384789, Evaluations = 3168
Generation 99: Best Solution = [-0.56832652  0.53845369  0.48032164  0.0470696   0.38551063  0.31817796
 -0.13298895 -0.15254162 -0.0208956   0.27880847], Best Fitness = 53.8815559384789, Evaluations = 3200
Generation 100: Best Solution = [-0.56832652  0.53845369  0.48032164  0.0470696   0.38551063  0.31817796
 -0.13298895 -0.15254162 -0.0208956   0.27880847], Best Fitness = 53.8815559384789, Evaluations = 3232
Generation 101: Best Solution = [-0.56832652  0.53845369  0.48032164  0.0470696   0.38551063  0.31817796
 -0.13298895 -0.15254162 -0.0208956   0.27880847], Best Fitness = 53.8815559384789, Evaluations = 3264
Generation 102: Best Solution = [-0.56832652  0.53845369  0.48032164  0.0470696   0.38551063  0.31817796
 -0.13298895 -0.15254162 -0.0208956   0.27880847], Best Fitness = 53.8815559384789, Evaluations = 3296
Generation 103: Best Solution = [-0.56832652  0.53845369  0.48032164  0.0470696   0.38551063  0.31817796
 -0.13298895 -0.15254162 -0.0208956   0.27880847], Best Fitness = 53.8815559384789, Evaluations = 3328
Generation 104: Best Solution = [-0.56832652  0.53845369  0.48032164  0.0470696   0.38551063  0.31817796
 -0.13298895 -0.15254162 -0.0208956   0.27880847], Best Fitness = 53.8815559384789, Evaluations = 3360
Generation 105: Best Solution = [-0.56832652  0.53845369  0.48032164  0.0470696   0.38551063  0.31817796
 -0.13298895 -0.15254162 -0.0208956   0.27880847], Best Fitness = 53.8815559384789, Evaluations = 3392
Generation 106: Best Solution = [ 0.26905601  0.14534581 -0.12917571 -0.15987472  0.12325428  0.00382897
  0.44805995  0.563822    0.50642784  0.07092027], Best Fitness = 53.51391264271453, Evaluations = 3424
Generation 107: Best Solution = [ 0.26905601  0.14534581 -0.12917571 -0.15987472  0.12325428  0.00382897
  0.44805995  0.563822    0.50642784  0.07092027], Best Fitness = 53.51391264271453, Evaluations = 3456
Generation 108: Best Solution = [ 0.26905601  0.14534581 -0.12917571 -0.15987472  0.12325428  0.00382897
  0.44805995  0.563822    0.50642784  0.07092027], Best Fitness = 53.51391264271453, Evaluations = 3488
Generation 109: Best Solution = [ 0.26905601  0.14534581 -0.12917571 -0.15987472  0.12325428  0.00382897
  0.44805995  0.563822    0.50642784  0.07092027], Best Fitness = 53.51391264271453, Evaluations = 3520
Generation 110: Best Solution = [ 0.26905601  0.14534581 -0.12917571 -0.15987472  0.12325428  0.00382897
  0.44805995  0.563822    0.50642784  0.07092027], Best Fitness = 53.51391264271453, Evaluations = 3552
Generation 111: Best Solution = [ 0.01117343 -0.07757618  0.15330216  0.02075452  0.09260733  0.04451596
  0.35052234 -0.25756275 -0.08000842  0.16792681], Best Fitness = 43.84481072069472, Evaluations = 3584
Generation 112: Best Solution = [ 0.01117343 -0.07757618  0.15330216  0.02075452  0.09260733  0.04451596
  0.35052234 -0.25756275 -0.08000842  0.16792681], Best Fitness = 43.84481072069472, Evaluations = 3616
Generation 113: Best Solution = [ 0.01117343 -0.07757618  0.15330216  0.02075452  0.09260733  0.04451596
  0.35052234 -0.25756275 -0.08000842  0.16792681], Best Fitness = 43.84481072069472, Evaluations = 3648
Generation 114: Best Solution = [ 0.01117343 -0.07757618  0.15330216  0.02075452  0.09260733  0.04451596
  0.35052234 -0.25756275 -0.08000842  0.16792681], Best Fitness = 43.84481072069472, Evaluations = 3680
Generation 115: Best Solution = [ 0.01117343 -0.07757618  0.15330216  0.02075452  0.09260733  0.04451596
  0.35052234 -0.25756275 -0.08000842  0.16792681], Best Fitness = 43.84481072069472, Evaluations = 3712
Generation 116: Best Solution = [ 0.01117343 -0.07757618  0.15330216  0.02075452  0.09260733  0.04451596
  0.35052234 -0.25756275 -0.08000842  0.16792681], Best Fitness = 43.84481072069472, Evaluations = 3744
Generation 117: Best Solution = [ 0.29911994  0.44093675 -0.05142937 -0.02697382  0.0257933  -0.04580154
 -0.03601218  0.05939879  0.02140231  0.03645535], Best Fitness = 27.330413752477448, Evaluations = 3776
Generation 118: Best Solution = [ 0.29911994  0.44093675 -0.05142937 -0.02697382  0.0257933  -0.04580154
 -0.03601218  0.05939879  0.02140231  0.03645535], Best Fitness = 27.330413752477448, Evaluations = 3808
Generation 119: Best Solution = [ 0.29911994  0.44093675 -0.05142937 -0.02697382  0.0257933  -0.04580154
 -0.03601218  0.05939879  0.02140231  0.03645535], Best Fitness = 27.330413752477448, Evaluations = 3840
Generation 120: Best Solution = [ 0.29911994  0.44093675 -0.05142937 -0.02697382  0.0257933  -0.04580154
 -0.03601218  0.05939879  0.02140231  0.03645535], Best Fitness = 27.330413752477448, Evaluations = 3872
Generation 121: Best Solution = [-0.51166551  0.25020315 -0.08144394  0.27230619  0.16725281  0.10274162
 -0.08853217  0.07820182 -0.19727542  0.07280392], Best Fitness = 25.813988239845177, Evaluations = 3904
Generation 122: Best Solution = [-0.51166551  0.25020315 -0.08144394  0.27230619  0.16725281  0.10274162
 -0.08853217  0.07820182 -0.19727542  0.07280392], Best Fitness = 25.813988239845177, Evaluations = 3936
Generation 123: Best Solution = [-0.51166551  0.25020315 -0.08144394  0.27230619  0.16725281  0.10274162
 -0.08853217  0.07820182 -0.19727542  0.07280392], Best Fitness = 25.813988239845177, Evaluations = 3968
Generation 124: Best Solution = [-0.51166551  0.25020315 -0.08144394  0.27230619  0.16725281  0.10274162
 -0.08853217  0.07820182 -0.19727542  0.07280392], Best Fitness = 25.813988239845177, Evaluations = 4000
Generation 125: Best Solution = [-0.51166551  0.25020315 -0.08144394  0.27230619  0.16725281  0.10274162
 -0.08853217  0.07820182 -0.19727542  0.07280392], Best Fitness = 25.813988239845177, Evaluations = 4032
Generation 126: Best Solution = [-0.51166551  0.25020315 -0.08144394  0.27230619  0.16725281  0.10274162
 -0.08853217  0.07820182 -0.19727542  0.07280392], Best Fitness = 25.813988239845177, Evaluations = 4064
Generation 127: Best Solution = [-0.51166551  0.25020315 -0.08144394  0.27230619  0.16725281  0.10274162
 -0.08853217  0.07820182 -0.19727542  0.07280392], Best Fitness = 25.813988239845177, Evaluations = 4096
Generation 128: Best Solution = [-0.51166551  0.25020315 -0.08144394  0.27230619  0.16725281  0.10274162
 -0.08853217  0.07820182 -0.19727542  0.07280392], Best Fitness = 25.813988239845177, Evaluations = 4128
Generation 129: Best Solution = [-0.51166551  0.25020315 -0.08144394  0.27230619  0.16725281  0.10274162
 -0.08853217  0.07820182 -0.19727542  0.07280392], Best Fitness = 25.813988239845177, Evaluations = 4160
Generation 130: Best Solution = [-0.51166551  0.25020315 -0.08144394  0.27230619  0.16725281  0.10274162
 -0.08853217  0.07820182 -0.19727542  0.07280392], Best Fitness = 25.813988239845177, Evaluations = 4192
Generation 131: Best Solution = [-0.51166551  0.25020315 -0.08144394  0.27230619  0.16725281  0.10274162
 -0.08853217  0.07820182 -0.19727542  0.07280392], Best Fitness = 25.813988239845177, Evaluations = 4224
Generation 132: Best Solution = [-0.51166551  0.25020315 -0.08144394  0.27230619  0.16725281  0.10274162
 -0.08853217  0.07820182 -0.19727542  0.07280392], Best Fitness = 25.813988239845177, Evaluations = 4256
Generation 133: Best Solution = [ 0.6868772   0.44093675 -0.05142937 -0.02697382  0.0257933  -0.04580154
 -0.03601218  0.05939879  0.02140231  0.24498363], Best Fitness = 20.529481897137057, Evaluations = 4288
Generation 134: Best Solution = [ 0.6868772   0.44093675 -0.05142937 -0.02697382  0.0257933  -0.04580154
 -0.03601218  0.05939879  0.02140231  0.24498363], Best Fitness = 20.529481897137057, Evaluations = 4320
Generation 135: Best Solution = [ 0.6868772   0.44093675 -0.05142937 -0.02697382  0.0257933  -0.04580154
 -0.03601218  0.05939879  0.02140231  0.24498363], Best Fitness = 20.529481897137057, Evaluations = 4352
Generation 136: Best Solution = [ 0.6868772   0.44093675 -0.05142937 -0.02697382  0.0257933  -0.04580154
 -0.03601218  0.05939879  0.02140231  0.24498363], Best Fitness = 20.529481897137057, Evaluations = 4384
Generation 137: Best Solution = [ 0.6868772   0.44093675 -0.05142937 -0.02697382  0.0257933  -0.04580154
 -0.03601218  0.05939879  0.02140231  0.24498363], Best Fitness = 20.529481897137057, Evaluations = 4416
Generation 138: Best Solution = [ 0.6868772   0.44093675 -0.05142937 -0.02697382  0.0257933  -0.04580154
 -0.03601218  0.05939879  0.02140231  0.24498363], Best Fitness = 20.529481897137057, Evaluations = 4448
Generation 139: Best Solution = [ 0.6868772   0.44093675 -0.05142937 -0.02697382  0.0257933  -0.04580154
 -0.03601218  0.05939879  0.02140231  0.24498363], Best Fitness = 20.529481897137057, Evaluations = 4480
Generation 140: Best Solution = [-0.28382316  0.16454809  0.08437125  0.10916938  0.06869014 -0.01948377
 -0.13298895  0.22574906 -0.01823654  0.11916857], Best Fitness = 19.259615202738644, Evaluations = 4512
Generation 141: Best Solution = [-0.28382316  0.16454809  0.08437125  0.10916938  0.06869014 -0.01948377
 -0.13298895  0.22574906 -0.01823654  0.11916857], Best Fitness = 19.259615202738644, Evaluations = 4544
Generation 142: Best Solution = [-0.28382316  0.16454809  0.08437125  0.10916938  0.06869014 -0.01948377
 -0.13298895  0.22574906 -0.01823654  0.11916857], Best Fitness = 19.259615202738644, Evaluations = 4576
Generation 143: Best Solution = [-0.28382316  0.16454809  0.08437125  0.10916938  0.06869014 -0.01948377
 -0.13298895  0.22574906 -0.01823654  0.11916857], Best Fitness = 19.259615202738644, Evaluations = 4608
Generation 144: Best Solution = [-0.28382316  0.16454809  0.08437125  0.10916938  0.06869014 -0.01948377
 -0.13298895  0.22574906 -0.01823654  0.11916857], Best Fitness = 19.259615202738644, Evaluations = 4640
Generation 145: Best Solution = [-0.41783336  0.24797587  0.06008303  0.08711893 -0.11757619 -0.0332699
  0.08457992 -0.08810011  0.1227922   0.20857331], Best Fitness = 19.096649158445487, Evaluations = 4672
Generation 146: Best Solution = [-0.41783336  0.24797587  0.06008303  0.08711893 -0.11757619 -0.0332699
  0.08457992 -0.08810011  0.1227922   0.20857331], Best Fitness = 19.096649158445487, Evaluations = 4704
Generation 147: Best Solution = [-0.41783336  0.24797587  0.06008303  0.08711893 -0.11757619 -0.0332699
  0.08457992 -0.08810011  0.1227922   0.20857331], Best Fitness = 19.096649158445487, Evaluations = 4736
Generation 148: Best Solution = [ 0.28530499 -0.02482057 -0.08144394  0.00688058 -0.05780666  0.00138303
 -0.06302361  0.07820182  0.02805831  0.15397631], Best Fitness = 14.23725247595063, Evaluations = 4768
Generation 149: Best Solution = [ 0.28530499 -0.02482057 -0.08144394  0.00688058 -0.05780666  0.00138303
 -0.06302361  0.07820182  0.02805831  0.15397631], Best Fitness = 14.23725247595063, Evaluations = 4800
Generation 150: Best Solution = [ 0.28530499 -0.02482057 -0.08144394  0.00688058 -0.05780666  0.00138303
 -0.06302361  0.07820182  0.02805831  0.15397631], Best Fitness = 14.23725247595063, Evaluations = 4832
Generation 151: Best Solution = [ 0.28530499 -0.02482057 -0.08144394  0.00688058 -0.05780666  0.00138303
 -0.06302361  0.07820182  0.02805831  0.15397631], Best Fitness = 14.23725247595063, Evaluations = 4864
Generation 152: Best Solution = [ 0.28530499 -0.02482057 -0.08144394  0.00688058 -0.05780666  0.00138303
 -0.06302361  0.07820182  0.02805831  0.15397631], Best Fitness = 14.23725247595063, Evaluations = 4896
Generation 153: Best Solution = [ 0.28530499 -0.02482057 -0.08144394  0.00688058 -0.05780666  0.00138303
 -0.06302361  0.07820182  0.02805831  0.15397631], Best Fitness = 14.23725247595063, Evaluations = 4928
Generation 154: Best Solution = [ 0.28530499 -0.02482057 -0.08144394  0.00688058 -0.05780666  0.00138303
 -0.06302361  0.07820182  0.02805831  0.15397631], Best Fitness = 14.23725247595063, Evaluations = 4960
Generation 155: Best Solution = [ 0.28530499 -0.02482057 -0.08144394  0.00688058 -0.05780666  0.00138303
 -0.06302361  0.07820182  0.02805831  0.15397631], Best Fitness = 14.23725247595063, Evaluations = 4992
Generation 156: Best Solution = [ 0.28530499 -0.02482057 -0.08144394  0.00688058 -0.05780666  0.00138303
 -0.06302361  0.07820182  0.02805831  0.15397631], Best Fitness = 14.23725247595063, Evaluations = 5024
Generation 157: Best Solution = [ 0.28530499 -0.02482057 -0.08144394  0.00688058 -0.05780666  0.00138303
 -0.06302361  0.07820182  0.02805831  0.15397631], Best Fitness = 14.23725247595063, Evaluations = 5056
Generation 158: Best Solution = [-0.07802223  0.07268213 -0.0198337   0.06362163 -0.01788556  0.11004405
 -0.05890415 -0.0532928   0.0081888   0.09421939], Best Fitness = 12.855638589765716, Evaluations = 5088
Generation 159: Best Solution = [-0.07802223  0.07268213 -0.0198337   0.06362163 -0.01788556  0.11004405
 -0.05890415 -0.0532928   0.0081888   0.09421939], Best Fitness = 12.855638589765716, Evaluations = 5120
Generation 160: Best Solution = [-0.07802223  0.07268213 -0.0198337   0.06362163 -0.01788556  0.11004405
 -0.05890415 -0.0532928   0.0081888   0.09421939], Best Fitness = 12.855638589765716, Evaluations = 5152
Generation 161: Best Solution = [-0.07802223  0.07268213 -0.0198337   0.06362163 -0.01788556  0.11004405
 -0.05890415 -0.0532928   0.0081888   0.09421939], Best Fitness = 12.855638589765716, Evaluations = 5184
Generation 162: Best Solution = [-0.07802223  0.07268213 -0.0198337   0.06362163 -0.01788556  0.11004405
 -0.05890415 -0.0532928   0.0081888   0.09421939], Best Fitness = 12.855638589765716, Evaluations = 5216
Generation 163: Best Solution = [-0.24159373  0.02115583  0.07759755  0.04850636  0.09627515 -0.02207241
  0.04006908  0.11330614  0.06477699 -0.01663086], Best Fitness = 12.311605331100896, Evaluations = 5248
Generation 164: Best Solution = [-0.24159373  0.02115583  0.07759755  0.04850636  0.09627515 -0.02207241
  0.04006908  0.11330614  0.06477699 -0.01663086], Best Fitness = 11.772755654746438, Evaluations = 5280
Generation 165: Best Solution = [-0.24159373  0.02115583  0.07759755  0.04850636  0.09627515 -0.02207241
  0.04006908  0.11330614  0.06477699 -0.01663086], Best Fitness = 11.772755654746438, Evaluations = 5312
Generation 166: Best Solution = [-0.24159373  0.02115583  0.07759755  0.04850636  0.09627515 -0.02207241
  0.04006908  0.11330614  0.06477699 -0.01663086], Best Fitness = 11.772755654746438, Evaluations = 5344
Generation 167: Best Solution = [-0.24159373  0.02115583  0.07759755  0.04850636  0.09627515 -0.02207241
  0.04006908  0.11330614  0.06477699 -0.01663086], Best Fitness = 11.772755654746438, Evaluations = 5376
Generation 168: Best Solution = [-0.24159373  0.02115583  0.07759755  0.04850636  0.09627515 -0.02207241
  0.04006908  0.11330614  0.06477699 -0.01663086], Best Fitness = 11.772755654746438, Evaluations = 5408
Generation 169: Best Solution = [-0.24159373  0.02115583  0.07759755  0.04850636  0.09627515 -0.02207241
  0.04006908  0.11330614  0.06477699 -0.01663086], Best Fitness = 11.772755654746438, Evaluations = 5440
Generation 170: Best Solution = [ 0.50100168  0.28759789  0.02058476 -0.09643995  0.00430814  0.07146698
 -0.0515708  -0.03241831  0.03730767 -0.00721684], Best Fitness = 10.42429143440757, Evaluations = 5472
Generation 171: Best Solution = [ 0.50100168  0.28759789  0.02058476 -0.09643995  0.00430814  0.07146698
 -0.0515708  -0.03241831  0.03730767 -0.00721684], Best Fitness = 10.42429143440757, Evaluations = 5504
Generation 172: Best Solution = [ 0.57666822  0.35164594  0.10759004 -0.02419383  0.05524225 -0.01198257
  0.13206598  0.0228015   0.09622898  0.04212218], Best Fitness = 10.165459143112031, Evaluations = 5536
Generation 173: Best Solution = [ 0.57666822  0.35164594  0.10759004 -0.02419383  0.05524225 -0.01198257
  0.13206598  0.0228015   0.09622898  0.04212218], Best Fitness = 10.165459143112031, Evaluations = 5568
Generation 174: Best Solution = [ 0.57666822  0.35164594  0.10759004 -0.02419383  0.05524225 -0.01198257
  0.13206598  0.0228015   0.09622898  0.04212218], Best Fitness = 10.165459143112031, Evaluations = 5600
Generation 175: Best Solution = [ 0.57666822  0.35164594  0.10759004 -0.02419383  0.05524225 -0.01198257
  0.13206598  0.0228015   0.09622898  0.04212218], Best Fitness = 10.165459143112031, Evaluations = 5632
Generation 176: Best Solution = [ 0.72985567  0.48422652  0.18053351  0.06734991  0.03610891 -0.01655784
  0.1377647   0.08808663  0.01089903  0.03308427], Best Fitness = 9.652035488084206, Evaluations = 5664
Generation 177: Best Solution = [ 0.72985567  0.48422652  0.18053351  0.06734991  0.03610891 -0.01655784
  0.1377647   0.08808663  0.01089903  0.03308427], Best Fitness = 9.652035488084206, Evaluations = 5696
Generation 178: Best Solution = [ 0.72985567  0.48422652  0.18053351  0.06734991  0.03610891 -0.01655784
  0.1377647   0.08808663  0.01089903  0.03308427], Best Fitness = 9.652035488084206, Evaluations = 5728
Generation 179: Best Solution = [ 0.72985567  0.48422652  0.18053351  0.06734991  0.03610891 -0.01655784
  0.1377647   0.08808663  0.01089903  0.03308427], Best Fitness = 9.652035488084206, Evaluations = 5760
Generation 180: Best Solution = [ 0.56939203  0.32567129  0.11807865  0.05540354  0.01431877  0.08360549
 -0.0845366   0.03187578  0.01906781 -0.00492279], Best Fitness = 9.026267733705017, Evaluations = 5792
Generation 181: Best Solution = [ 0.56939203  0.32567129  0.11807865  0.05540354  0.01431877  0.08360549
 -0.0845366   0.03187578  0.01906781 -0.00492279], Best Fitness = 9.026267733705017, Evaluations = 5824
Generation 182: Best Solution = [ 0.56939203  0.32567129  0.11807865  0.05540354  0.01431877  0.08360549
 -0.0845366   0.03187578  0.01906781 -0.00492279], Best Fitness = 9.026267733705017, Evaluations = 5856
Generation 183: Best Solution = [ 0.56939203  0.32567129  0.11807865  0.05540354  0.01431877  0.08360549
 -0.0845366   0.03187578  0.01906781 -0.00492279], Best Fitness = 9.026267733705017, Evaluations = 5888
Generation 184: Best Solution = [ 0.56939203  0.32567129  0.11807865  0.05540354  0.01431877  0.08360549
 -0.0845366   0.03187578  0.01906781 -0.00492279], Best Fitness = 9.026267733705017, Evaluations = 5920
Generation 185: Best Solution = [ 0.56939203  0.32567129  0.11807865  0.05540354  0.01431877  0.08360549
 -0.0845366   0.03187578  0.01906781 -0.00492279], Best Fitness = 9.026267733705017, Evaluations = 5952
Generation 186: Best Solution = [ 0.56939203  0.32567129  0.11807865  0.05540354  0.01431877  0.08360549
 -0.0845366   0.03187578  0.01906781 -0.00492279], Best Fitness = 9.026267733705017, Evaluations = 5984
Generation 187: Best Solution = [ 0.56939203  0.32567129  0.11807865  0.05540354  0.01431877  0.08360549
 -0.0845366   0.03187578  0.01906781 -0.00492279], Best Fitness = 9.026267733705017, Evaluations = 6016
Generation 188: Best Solution = [ 0.56939203  0.32567129  0.11807865  0.05540354  0.01431877  0.08360549
 -0.0845366   0.03187578  0.01906781 -0.00492279], Best Fitness = 9.026267733705017, Evaluations = 6048
Generation 189: Best Solution = [ 0.56939203  0.32567129  0.11807865  0.05540354  0.01431877  0.08360549
 -0.0845366   0.03187578  0.01906781 -0.00492279], Best Fitness = 9.026267733705017, Evaluations = 6080
Generation 190: Best Solution = [ 0.56939203  0.32567129  0.11807865  0.05540354  0.01431877  0.08360549
 -0.0845366   0.03187578  0.01906781 -0.00492279], Best Fitness = 9.026267733705017, Evaluations = 6112
Generation 191: Best Solution = [ 0.56939203  0.32567129  0.11807865  0.05540354  0.01431877  0.08360549
 -0.0845366   0.03187578  0.01906781 -0.00492279], Best Fitness = 9.026267733705017, Evaluations = 6144
Generation 192: Best Solution = [ 0.56939203  0.32567129  0.11807865  0.05540354  0.01431877  0.08360549
 -0.0845366   0.03187578  0.01906781 -0.00492279], Best Fitness = 9.026267733705017, Evaluations = 6176
Generation 193: Best Solution = [ 0.56939203  0.32567129  0.11807865  0.05540354  0.01431877  0.08360549
 -0.0845366   0.03187578  0.01906781 -0.00492279], Best Fitness = 9.026267733705017, Evaluations = 6208
Generation 194: Best Solution = [ 0.56939203  0.32567129  0.11807865  0.05540354  0.01431877  0.08360549
 -0.0845366   0.03187578  0.01906781 -0.00492279], Best Fitness = 9.026267733705017, Evaluations = 6240
Generation 195: Best Solution = [ 0.32211394  0.10396335  0.04662332  0.00313827  0.05126307  0.03679807
  0.06964582  0.03999864  0.02969468 -0.01859302], Best Fitness = 8.936176116807097, Evaluations = 6272
Generation 196: Best Solution = [ 0.32211394  0.10396335  0.04662332  0.00313827  0.05126307  0.03679807
  0.06964582  0.03999864  0.02969468 -0.01859302], Best Fitness = 8.936176116807097, Evaluations = 6304
Generation 197: Best Solution = [ 0.32211394  0.10396335  0.04662332  0.00313827  0.05126307  0.03679807
  0.06964582  0.03999864  0.02969468 -0.01859302], Best Fitness = 8.936176116807097, Evaluations = 6336
Generation 198: Best Solution = [ 0.32211394  0.10396335  0.04662332  0.00313827  0.05126307  0.03679807
  0.06964582  0.03999864  0.02969468 -0.01859302], Best Fitness = 8.936176116807097, Evaluations = 6368
Generation 199: Best Solution = [ 0.32211394  0.10396335  0.04662332  0.00313827  0.05126307  0.03679807
  0.06964582  0.03999864  0.02969468 -0.01859302], Best Fitness = 8.936176116807097, Evaluations = 6400
Generation 200: Best Solution = [ 0.32211394  0.10396335  0.04662332  0.00313827  0.05126307  0.03679807
  0.06964582  0.03999864  0.02969468 -0.01859302], Best Fitness = 8.936176116807097, Evaluations = 6432
Generation 201: Best Solution = [ 0.32211394  0.10396335  0.04662332  0.00313827  0.05126307  0.03679807
  0.06964582  0.03999864  0.02969468 -0.01859302], Best Fitness = 8.936176116807097, Evaluations = 6464
Generation 202: Best Solution = [ 0.51230169  0.22557736  0.05534726  0.06191299  0.03304366 -0.05309587
  0.04767488  0.0103802   0.00652779 -0.02258212], Best Fitness = 8.653572151273258, Evaluations = 6496
Generation 203: Best Solution = [ 0.51230169  0.22557736  0.05534726  0.06191299  0.03304366 -0.05309587
  0.04767488  0.0103802   0.00652779 -0.02258212], Best Fitness = 8.653572151273258, Evaluations = 6528
Generation 204: Best Solution = [ 0.51230169  0.22557736  0.05534726  0.06191299  0.03304366 -0.05309587
  0.04767488  0.0103802   0.00652779 -0.02258212], Best Fitness = 8.653572151273258, Evaluations = 6560
Generation 205: Best Solution = [ 0.51230169  0.22557736  0.05534726  0.06191299  0.03304366 -0.05309587
  0.04767488  0.0103802   0.00652779 -0.02258212], Best Fitness = 8.653572151273258, Evaluations = 6592
Generation 206: Best Solution = [ 0.64569615  0.35164594  0.0939122  -0.02419383 -0.00831503  0.00771008
 -0.03418497  0.03131231  0.05052914  0.04126699], Best Fitness = 8.567432154798249, Evaluations = 6624
Generation 207: Best Solution = [ 0.64569615  0.35164594  0.0939122  -0.02419383 -0.00831503  0.00771008
 -0.03418497  0.03131231  0.05052914  0.04126699], Best Fitness = 8.567432154798249, Evaluations = 6656
Generation 208: Best Solution = [ 0.57216001  0.39270462  0.16485395  0.01085961  0.04561961 -0.00095834
  0.05241151  0.0097642  -0.05703748  0.02272576], Best Fitness = 8.453049223357565, Evaluations = 6688
Generation 209: Best Solution = [ 0.57216001  0.39270462  0.16485395  0.01085961  0.04561961 -0.00095834
  0.05241151  0.0097642  -0.05703748  0.02272576], Best Fitness = 8.453049223357565, Evaluations = 6720
Generation 210: Best Solution = [ 0.57216001  0.39270462  0.16485395  0.01085961  0.04561961 -0.00095834
  0.05241151  0.0097642  -0.05703748  0.02272576], Best Fitness = 8.453049223357565, Evaluations = 6752
Generation 211: Best Solution = [ 0.57216001  0.39270462  0.16485395  0.01085961  0.04561961 -0.00095834
  0.05241151  0.0097642  -0.05703748  0.02272576], Best Fitness = 8.453049223357565, Evaluations = 6784
Generation 212: Best Solution = [ 0.56939203  0.32567129  0.11807865  0.05540354 -0.00099828 -0.02208006
  0.10095982  0.03187578  0.01906781 -0.00492279], Best Fitness = 8.39343322318812, Evaluations = 6816
Generation 213: Best Solution = [ 0.56939203  0.32567129  0.11807865  0.05540354 -0.00099828 -0.02208006
  0.10095982  0.03187578  0.01906781 -0.00492279], Best Fitness = 8.39343322318812, Evaluations = 6848
Generation 214: Best Solution = [ 0.64569615  0.35164594  0.0939122  -0.02419383  0.01774445  0.00771008
 -0.03418497  0.01002131 -0.00519423  0.04126699], Best Fitness = 8.38180077239899, Evaluations = 6880
Generation 215: Best Solution = [ 0.64569615  0.35164594  0.0939122  -0.02419383  0.01774445  0.00771008
 -0.03418497  0.01002131 -0.00519423  0.04126699], Best Fitness = 8.38180077239899, Evaluations = 6912
Generation 216: Best Solution = [ 0.64569615  0.35164594  0.0939122  -0.02419383  0.01774445  0.00771008
 -0.03418497  0.01002131 -0.00519423  0.04126699], Best Fitness = 8.38180077239899, Evaluations = 6944
Generation 217: Best Solution = [ 0.64569615  0.35164594  0.0939122  -0.02419383  0.01774445  0.00771008
 -0.03418497  0.01002131 -0.00519423  0.04126699], Best Fitness = 8.38180077239899, Evaluations = 6976
Generation 218: Best Solution = [ 0.66097063  0.41969167  0.19661086  0.04468861 -0.01932112  0.05549796
  0.04267334 -0.01957756  0.03349307  0.0335948 ], Best Fitness = 7.673040231750662, Evaluations = 7008
Generation 219: Best Solution = [ 0.66097063  0.41969167  0.19661086  0.04468861 -0.01932112  0.05549796
  0.04267334 -0.01957756  0.03349307  0.0335948 ], Best Fitness = 7.673040231750662, Evaluations = 7040
Generation 220: Best Solution = [ 0.66097063  0.41969167  0.19661086  0.04468861 -0.01932112  0.05549796
  0.04267334 -0.01957756  0.03349307  0.0335948 ], Best Fitness = 7.673040231750662, Evaluations = 7072
Generation 221: Best Solution = [ 0.66097063  0.41969167  0.19661086  0.04468861 -0.01932112  0.05549796
  0.04267334 -0.01957756  0.03349307  0.0335948 ], Best Fitness = 7.673040231750662, Evaluations = 7104
Generation 222: Best Solution = [ 0.66097063  0.41969167  0.19661086  0.04468861 -0.01932112  0.05549796
  0.04267334 -0.01957756  0.03349307  0.0335948 ], Best Fitness = 7.673040231750662, Evaluations = 7136
Generation 223: Best Solution = [ 0.66097063  0.41969167  0.19661086  0.04468861 -0.01932112  0.05549796
  0.04267334 -0.01957756  0.03349307  0.0335948 ], Best Fitness = 7.673040231750662, Evaluations = 7168
Generation 224: Best Solution = [ 0.66097063  0.41969167  0.19661086  0.04468861 -0.01932112  0.05549796
  0.04267334 -0.01957756  0.03349307  0.0335948 ], Best Fitness = 7.673040231750662, Evaluations = 7200
Generation 225: Best Solution = [ 0.66097063  0.41969167  0.19661086  0.04468861 -0.01932112  0.05549796
  0.04267334 -0.01957756  0.03349307  0.0335948 ], Best Fitness = 7.673040231750662, Evaluations = 7232
Generation 226: Best Solution = [ 0.66097063  0.41969167  0.19661086  0.04468861 -0.01932112  0.05549796
  0.04267334 -0.01957756  0.03349307  0.0335948 ], Best Fitness = 7.572486024617186, Evaluations = 7264
Generation 227: Best Solution = [ 0.66097063  0.41969167  0.19661086  0.04468861 -0.01932112  0.05549796
  0.04267334 -0.01957756  0.03349307  0.0335948 ], Best Fitness = 7.572486024617186, Evaluations = 7296
Generation 228: Best Solution = [0.61541817 0.35816432 0.14777395 0.01919655 0.03575154 0.03633869
 0.02267337 0.02416677 0.03365563 0.02652261], Best Fitness = 7.55230153449643, Evaluations = 7328
Generation 229: Best Solution = [0.61541817 0.35816432 0.14777395 0.01919655 0.03575154 0.03633869
 0.02267337 0.02416677 0.03365563 0.02652261], Best Fitness = 7.55230153449643, Evaluations = 7360
Generation 230: Best Solution = [0.61541817 0.35816432 0.14777395 0.01919655 0.03575154 0.03633869
 0.02267337 0.02416677 0.03365563 0.02652261], Best Fitness = 7.55230153449643, Evaluations = 7392
Generation 231: Best Solution = [0.61541817 0.35816432 0.14777395 0.01919655 0.03575154 0.03633869
 0.02267337 0.02416677 0.03365563 0.02652261], Best Fitness = 7.55230153449643, Evaluations = 7424
Generation 232: Best Solution = [0.61541817 0.35816432 0.14777395 0.01919655 0.03575154 0.03633869
 0.02267337 0.02416677 0.03365563 0.02652261], Best Fitness = 7.534932813279397, Evaluations = 7456
Generation 233: Best Solution = [0.61541817 0.35816432 0.14777395 0.01919655 0.03575154 0.03633869
 0.02267337 0.02416677 0.03365563 0.02652261], Best Fitness = 7.497603001997865, Evaluations = 7488
Generation 234: Best Solution = [0.61541817 0.35816432 0.14777395 0.01919655 0.03575154 0.03633869
 0.02267337 0.02416677 0.03365563 0.02652261], Best Fitness = 7.497603001997865, Evaluations = 7520
Generation 235: Best Solution = [0.61541817 0.35816432 0.14777395 0.01919655 0.03575154 0.03633869
 0.02267337 0.02416677 0.03365563 0.02652261], Best Fitness = 7.497603001997865, Evaluations = 7552
Generation 236: Best Solution = [0.61541817 0.35816432 0.14777395 0.01919655 0.03575154 0.03633869
 0.02267337 0.02416677 0.03365563 0.02652261], Best Fitness = 7.4304103239403645, Evaluations = 7584
Generation 237: Best Solution = [0.61541817 0.35816432 0.14777395 0.01919655 0.03575154 0.03633869
 0.02267337 0.02416677 0.03365563 0.02652261], Best Fitness = 7.4304103239403645, Evaluations = 7616
Generation 238: Best Solution = [0.61541817 0.35816432 0.14777395 0.01919655 0.03575154 0.03633869
 0.02267337 0.02416677 0.03365563 0.02652261], Best Fitness = 7.4304103239403645, Evaluations = 7648
Generation 239: Best Solution = [0.61541817 0.35816432 0.14777395 0.01919655 0.03575154 0.03633869
 0.02267337 0.02416677 0.03365563 0.02652261], Best Fitness = 7.4304103239403645, Evaluations = 7680
Generation 240: Best Solution = [0.61541817 0.35816432 0.14777395 0.01919655 0.03575154 0.03633869
 0.02267337 0.02416677 0.03365563 0.02652261], Best Fitness = 7.4304103239403645, Evaluations = 7712
Generation 241: Best Solution = [0.61541817 0.35816432 0.14777395 0.01919655 0.03575154 0.03633869
 0.02267337 0.02416677 0.03365563 0.02652261], Best Fitness = 7.4304103239403645, Evaluations = 7744
Generation 242: Best Solution = [0.61541817 0.35816432 0.14777395 0.01919655 0.03575154 0.03633869
 0.02267337 0.02416677 0.03365563 0.02652261], Best Fitness = 7.4304103239403645, Evaluations = 7776
Generation 243: Best Solution = [0.61541817 0.35816432 0.14777395 0.01919655 0.03575154 0.03633869
 0.02267337 0.02416677 0.03365563 0.02652261], Best Fitness = 7.4304103239403645, Evaluations = 7808
Generation 244: Best Solution = [0.61541817 0.35816432 0.14777395 0.01919655 0.03575154 0.03633869
 0.02267337 0.02416677 0.03365563 0.02652261], Best Fitness = 7.4304103239403645, Evaluations = 7840
Generation 245: Best Solution = [ 0.63089325  0.43702876  0.17415725  0.05823804 -0.00351752  0.02507117
  0.03034779  0.00388787 -0.01721677  0.00574578], Best Fitness = 7.39462042090021, Evaluations = 7872
Generation 246: Best Solution = [ 0.63089325  0.43702876  0.17415725  0.05823804 -0.00351752  0.02507117
  0.03034779  0.00388787 -0.01721677  0.00574578], Best Fitness = 7.39462042090021, Evaluations = 7904
Generation 247: Best Solution = [ 0.63089325  0.43702876  0.17415725  0.05823804 -0.00351752  0.02507117
  0.03034779  0.00388787 -0.01721677  0.00574578], Best Fitness = 7.39462042090021, Evaluations = 7936
Generation 248: Best Solution = [ 0.63089325  0.43702876  0.17415725  0.05823804 -0.00351752  0.02507117
  0.03034779  0.00388787 -0.01721677  0.00574578], Best Fitness = 7.39462042090021, Evaluations = 7968
Generation 249: Best Solution = [ 0.64569615  0.41249162  0.14811101  0.04691237  0.01619189  0.02962202
  0.03418664 -0.01199306  0.03283833  0.01248646], Best Fitness = 7.373493642606373, Evaluations = 8000
Generation 250: Best Solution = [ 0.64569615  0.41249162  0.14811101  0.04691237  0.01619189  0.02962202
  0.03418664 -0.01199306  0.03283833  0.01248646], Best Fitness = 7.373493642606373, Evaluations = 8032
Generation 251: Best Solution = [ 0.64569615  0.41249162  0.14811101  0.04691237  0.01619189  0.02962202
  0.03418664 -0.01199306  0.03283833  0.01248646], Best Fitness = 7.373493642606373, Evaluations = 8064
Generation 252: Best Solution = [ 0.64569615  0.41249162  0.14811101  0.04691237  0.01619189  0.02962202
  0.03418664 -0.01199306  0.03283833  0.01248646], Best Fitness = 7.373493642606373, Evaluations = 8096
Generation 253: Best Solution = [ 6.11847162e-01  3.70209230e-01  1.45618010e-01  3.24392657e-02
  3.14627625e-02  7.20735119e-03 -4.57330292e-05  2.42358801e-02
  3.44278517e-02  1.94934537e-02], Best Fitness = 7.346475212138878, Evaluations = 8128
Generation 254: Best Solution = [ 0.64807763  0.45656873  0.23989253  0.10127339  0.01602551  0.02990687
  0.01162632  0.00464713  0.01386022 -0.00164748], Best Fitness = 7.202003518574765, Evaluations = 8160
Generation 255: Best Solution = [ 0.64807763  0.45656873  0.23989253  0.10127339  0.01602551  0.02990687
  0.01162632  0.00464713  0.01386022 -0.00164748], Best Fitness = 7.003783125028486, Evaluations = 8192
Generation 256: Best Solution = [ 0.64807763  0.45656873  0.23989253  0.10127339  0.01602551  0.02990687
  0.01162632  0.00464713  0.01386022 -0.00164748], Best Fitness = 7.003783125028486, Evaluations = 8224
Generation 257: Best Solution = [ 0.64807763  0.45656873  0.23989253  0.10127339  0.01602551  0.02990687
  0.01162632  0.00464713  0.01386022 -0.00164748], Best Fitness = 7.003783125028486, Evaluations = 8256
Generation 258: Best Solution = [ 0.64807763  0.45656873  0.23989253  0.10127339  0.01602551  0.02990687
  0.01162632  0.00464713  0.01386022 -0.00164748], Best Fitness = 7.003783125028486, Evaluations = 8288
Generation 259: Best Solution = [ 0.64807763  0.45656873  0.23989253  0.10127339  0.01602551  0.02990687
  0.01162632  0.00464713  0.01386022 -0.00164748], Best Fitness = 7.003783125028486, Evaluations = 8320
Generation 260: Best Solution = [ 0.64807763  0.45656873  0.23989253  0.10127339  0.01602551  0.02990687
  0.01162632  0.00464713  0.01386022 -0.00164748], Best Fitness = 7.003783125028486, Evaluations = 8352
Generation 261: Best Solution = [ 0.6894094   0.48823757  0.24353409  0.07016664  0.00677195  0.02009022
  0.01432945  0.02021079 -0.00133526 -0.01696193], Best Fitness = 6.8363696252798345, Evaluations = 8384
Generation 262: Best Solution = [ 0.6894094   0.48823757  0.24353409  0.07016664  0.00677195  0.02009022
  0.01432945  0.02021079 -0.00133526 -0.01696193], Best Fitness = 6.8363696252798345, Evaluations = 8416
Generation 263: Best Solution = [ 0.6894094   0.48823757  0.24353409  0.07016664  0.00677195  0.02009022
  0.01432945  0.02021079 -0.00133526 -0.01696193], Best Fitness = 6.8363696252798345, Evaluations = 8448
Generation 264: Best Solution = [ 0.6894094   0.48823757  0.24353409  0.07016664  0.00677195  0.02009022
  0.01432945  0.02021079 -0.00133526 -0.01696193], Best Fitness = 6.8363696252798345, Evaluations = 8480
Generation 265: Best Solution = [ 0.6894094   0.48823757  0.24353409  0.07016664  0.00677195  0.02009022
  0.01432945  0.02021079 -0.00133526 -0.01696193], Best Fitness = 6.8363696252798345, Evaluations = 8512
Generation 266: Best Solution = [ 0.6894094   0.48823757  0.24353409  0.07016664  0.00677195  0.02009022
  0.01432945  0.02021079 -0.00133526 -0.01696193], Best Fitness = 6.8363696252798345, Evaluations = 8544
Generation 267: Best Solution = [ 0.6894094   0.48823757  0.24353409  0.07016664  0.00677195  0.02009022
  0.01432945  0.02021079 -0.00133526 -0.01696193], Best Fitness = 6.8363696252798345, Evaluations = 8576
Generation 268: Best Solution = [ 0.6894094   0.48823757  0.24353409  0.07016664  0.00677195  0.02009022
  0.01432945  0.02021079 -0.00133526 -0.01696193], Best Fitness = 6.8363696252798345, Evaluations = 8608
Generation 269: Best Solution = [ 0.6894094   0.48823757  0.24353409  0.07016664  0.00677195  0.02009022
  0.01432945  0.02021079 -0.00133526 -0.01696193], Best Fitness = 6.8363696252798345, Evaluations = 8640
Generation 270: Best Solution = [ 0.6894094   0.48823757  0.24353409  0.07016664  0.00677195  0.02009022
  0.01432945  0.02021079 -0.00133526 -0.01696193], Best Fitness = 6.8363696252798345, Evaluations = 8672
Generation 271: Best Solution = [ 0.6894094   0.48823757  0.24353409  0.07016664  0.00677195  0.02009022
  0.01432945  0.02021079 -0.00133526 -0.01696193], Best Fitness = 6.8363696252798345, Evaluations = 8704
Generation 272: Best Solution = [ 0.6894094   0.48823757  0.24353409  0.07016664  0.00677195  0.02009022
  0.01432945  0.02021079 -0.00133526 -0.01696193], Best Fitness = 6.8363696252798345, Evaluations = 8736
Generation 273: Best Solution = [ 0.6894094   0.48823757  0.24353409  0.07016664  0.00677195  0.02009022
  0.01432945  0.02021079 -0.00133526 -0.01696193], Best Fitness = 6.8363696252798345, Evaluations = 8768
Generation 274: Best Solution = [ 0.76194041  0.60636115  0.35640225  0.077481    0.02440501  0.02327605
 -0.00756024  0.0133712   0.00347699 -0.00259199], Best Fitness = 6.800436440322118, Evaluations = 8800
Generation 275: Best Solution = [ 0.76194041  0.60636115  0.35640225  0.077481    0.02440501  0.02327605
 -0.00756024  0.0133712   0.00347699 -0.00259199], Best Fitness = 6.800436440322118, Evaluations = 8832
Generation 276: Best Solution = [ 0.76194041  0.60636115  0.35640225  0.077481    0.02440501  0.02327605
 -0.00756024  0.0133712   0.00347699 -0.00259199], Best Fitness = 6.800436440322118, Evaluations = 8864
Generation 277: Best Solution = [ 0.76194041  0.60636115  0.35640225  0.077481    0.02440501  0.02327605
 -0.00756024  0.0133712   0.00347699 -0.00259199], Best Fitness = 6.800436440322118, Evaluations = 8896
Generation 278: Best Solution = [ 0.76194041  0.60636115  0.35640225  0.077481    0.02440501  0.02327605
 -0.00756024  0.0133712   0.00347699 -0.00259199], Best Fitness = 6.800436440322118, Evaluations = 8928
Generation 279: Best Solution = [ 0.78173318  0.59336464  0.35663418  0.12395469  0.02456328  0.01830891
  0.00649605  0.02932588 -0.0288209  -0.00821177], Best Fitness = 6.557520007882296, Evaluations = 8960
Generation 280: Best Solution = [ 0.78173318  0.59336464  0.35663418  0.12395469  0.02456328  0.01830891
  0.00649605  0.02932588 -0.0288209  -0.00821177], Best Fitness = 6.557520007882296, Evaluations = 8992
Generation 281: Best Solution = [ 0.78173318  0.59336464  0.35663418  0.12395469  0.02456328  0.01830891
  0.00649605  0.02932588 -0.0288209  -0.00821177], Best Fitness = 6.557520007882296, Evaluations = 9024
Generation 282: Best Solution = [ 0.78173318  0.59336464  0.35663418  0.12395469  0.02456328  0.01830891
  0.00649605  0.02932588 -0.0288209  -0.00821177], Best Fitness = 6.557520007882296, Evaluations = 9056
Generation 283: Best Solution = [ 0.78173318  0.59336464  0.35663418  0.12395469  0.02456328  0.01830891
  0.00649605  0.02932588 -0.0288209  -0.00821177], Best Fitness = 6.557520007882296, Evaluations = 9088
Generation 284: Best Solution = [ 0.78173318  0.59336464  0.35663418  0.12395469  0.02456328  0.01830891
  0.00649605  0.02932588 -0.0288209  -0.00821177], Best Fitness = 6.557520007882296, Evaluations = 9120
Generation 285: Best Solution = [ 0.78173318  0.59336464  0.35663418  0.12395469  0.02456328  0.01830891
  0.00649605  0.02932588 -0.0288209  -0.00821177], Best Fitness = 6.557520007882296, Evaluations = 9152
Generation 286: Best Solution = [ 0.78173318  0.59336464  0.35663418  0.12395469  0.02456328  0.01830891
  0.00649605  0.02932588 -0.0288209  -0.00821177], Best Fitness = 6.557520007882296, Evaluations = 9184
Generation 287: Best Solution = [ 0.78173318  0.59336464  0.35663418  0.12395469  0.02456328  0.01830891
  0.00649605  0.02932588 -0.0288209  -0.00821177], Best Fitness = 6.557520007882296, Evaluations = 9216
Generation 288: Best Solution = [ 0.78173318  0.59336464  0.35663418  0.12395469  0.02456328  0.01830891
  0.00649605  0.02932588 -0.0288209  -0.00821177], Best Fitness = 6.557520007882296, Evaluations = 9248
Generation 289: Best Solution = [ 0.78173318  0.59336464  0.35663418  0.12395469  0.02456328  0.01830891
  0.00649605  0.02932588 -0.0288209  -0.00821177], Best Fitness = 6.557520007882296, Evaluations = 9280
Generation 290: Best Solution = [ 0.78173318  0.59336464  0.35663418  0.12395469  0.02456328  0.01830891
  0.00649605  0.02932588 -0.0288209  -0.00821177], Best Fitness = 6.557520007882296, Evaluations = 9312
Generation 291: Best Solution = [ 0.78173318  0.59336464  0.35663418  0.12395469  0.02456328  0.01830891
  0.00649605  0.02932588 -0.0288209  -0.00821177], Best Fitness = 6.557520007882296, Evaluations = 9344
Generation 292: Best Solution = [ 0.78173318  0.59336464  0.35663418  0.12395469  0.02456328  0.01830891
  0.00649605  0.02932588 -0.0288209  -0.00821177], Best Fitness = 6.557520007882296, Evaluations = 9376
Generation 293: Best Solution = [ 0.78173318  0.59336464  0.35663418  0.12395469  0.02456328  0.01830891
  0.00649605  0.02932588 -0.0288209  -0.00821177], Best Fitness = 6.557520007882296, Evaluations = 9408
Generation 294: Best Solution = [ 0.78173318  0.59336464  0.35663418  0.12395469  0.02456328  0.01830891
  0.00649605  0.02932588 -0.0288209  -0.00821177], Best Fitness = 6.557520007882296, Evaluations = 9440
Generation 295: Best Solution = [ 0.78173318  0.59336464  0.35663418  0.12395469  0.02456328  0.01830891
  0.00649605  0.02932588 -0.0288209  -0.00821177], Best Fitness = 6.557520007882296, Evaluations = 9472
Generation 296: Best Solution = [ 0.79755421  0.62364453  0.35580557  0.15124505  0.03972369  0.01222154
  0.01162632  0.00464713 -0.0116336  -0.01657872], Best Fitness = 6.489277538701212, Evaluations = 9504
Generation 297: Best Solution = [ 0.79755421  0.62364453  0.35580557  0.15124505  0.03972369  0.01222154
  0.01162632  0.00464713 -0.0116336  -0.01657872], Best Fitness = 6.489277538701212, Evaluations = 9536
Generation 298: Best Solution = [ 0.79755421  0.62364453  0.35580557  0.15124505  0.03972369  0.01222154
  0.01162632  0.00464713 -0.0116336  -0.01657872], Best Fitness = 6.489277538701212, Evaluations = 9568
Generation 299: Best Solution = [ 0.79755421  0.62364453  0.35580557  0.15124505  0.03972369  0.01222154
  0.01162632  0.00464713 -0.0116336  -0.01657872], Best Fitness = 6.489277538701212, Evaluations = 9600
Generation 300: Best Solution = [ 0.79755421  0.62364453  0.35580557  0.15124505  0.03972369  0.01222154
  0.01162632  0.00464713 -0.0116336  -0.01657872], Best Fitness = 6.489277538701212, Evaluations = 9632
Generation 301: Best Solution = [ 0.79755421  0.62364453  0.35580557  0.15124505  0.03972369  0.01222154
  0.01162632  0.00464713 -0.0116336  -0.01657872], Best Fitness = 6.489277538701212, Evaluations = 9664
Generation 302: Best Solution = [ 0.79755421  0.62364453  0.35580557  0.15124505  0.03972369  0.01222154
  0.01162632  0.00464713 -0.0116336  -0.01657872], Best Fitness = 6.489277538701212, Evaluations = 9696
Generation 303: Best Solution = [0.80756995 0.6395953  0.3928614  0.13175451 0.05548046 0.01204901
 0.01793777 0.01883177 0.00528145 0.02087156], Best Fitness = 6.43245070060838, Evaluations = 9728
Generation 304: Best Solution = [0.80756995 0.6395953  0.3928614  0.13175451 0.05548046 0.01204901
 0.01793777 0.01883177 0.00528145 0.02087156], Best Fitness = 6.389773177899115, Evaluations = 9760
Generation 305: Best Solution = [0.80756995 0.6395953  0.3928614  0.13175451 0.05548046 0.01204901
 0.01793777 0.01883177 0.00528145 0.02087156], Best Fitness = 6.389773177899115, Evaluations = 9792
Generation 306: Best Solution = [0.80756995 0.6395953  0.3928614  0.13175451 0.05548046 0.01204901
 0.01793777 0.01883177 0.00528145 0.02087156], Best Fitness = 6.389773177899115, Evaluations = 9824
Generation 307: Best Solution = [0.80756995 0.6395953  0.3928614  0.13175451 0.05548046 0.01204901
 0.01793777 0.01883177 0.00528145 0.02087156], Best Fitness = 6.389773177899115, Evaluations = 9856
Generation 308: Best Solution = [0.80756995 0.6395953  0.3928614  0.13175451 0.05548046 0.01204901
 0.01793777 0.01883177 0.00528145 0.02087156], Best Fitness = 6.389773177899115, Evaluations = 9888
Generation 309: Best Solution = [ 0.82393207  0.66994901  0.40950218  0.15780762  0.02821074  0.00970369
  0.02701739 -0.00406488  0.01281754 -0.0082841 ], Best Fitness = 6.332078093321407, Evaluations = 9920
Generation 310: Best Solution = [ 0.82393207  0.66994901  0.40950218  0.15780762  0.02821074  0.00970369
  0.02701739 -0.00406488  0.01281754 -0.0082841 ], Best Fitness = 6.332078093321407, Evaluations = 9952
Generation 311: Best Solution = [ 0.82393207  0.66994901  0.40950218  0.15780762  0.02821074  0.00970369
  0.02701739 -0.00406488  0.01281754 -0.0082841 ], Best Fitness = 6.332078093321407, Evaluations = 9984
Generation 312: Best Solution = [ 0.82393207  0.66994901  0.40950218  0.15780762  0.02821074  0.00970369
  0.02701739 -0.00406488  0.01281754 -0.0082841 ], Best Fitness = 6.332078093321407, Evaluations = 10016
