Algorithm: Differential Evolution
Objective Function: Sphere
Dimension: 10
Population Size: 32
Max Evaluations: 10000

Generation 0: Best Solution = [-4.65677457 -1.96014944 -1.46700456  0.94307427  1.59081507 -0.18883567
  0.22966812 -2.85570465 -0.25338895  1.29474983], Best Fitness = 41.08395779936235, Evaluations = 32
Generation 1: Best Solution = [-4.45844     1.36438197 -2.62475958 -1.90589913 -1.36381145  1.06081597
 -0.4098082  -2.19798154 -0.41929906  0.44071094], Best Fitness = 40.615455404918904, Evaluations = 64
Generation 2: Best Solution = [-4.45844     1.36438197 -2.62475958 -1.90589913 -1.36381145  1.06081597
 -0.4098082  -2.19798154 -0.41929906  0.44071094], Best Fitness = 40.615455404918904, Evaluations = 96
Generation 3: Best Solution = [-2.07042702 -3.224003    1.53888864 -0.53251266 -1.65267794  2.69387039
 -1.30156594  1.69707136 -2.01939187  1.86081362], Best Fitness = 39.43558940467859, Evaluations = 128
Generation 4: Best Solution = [-2.07042702 -3.224003    1.53888864 -0.53251266 -1.65267794  2.69387039
 -1.30156594  1.69707136 -2.01939187  1.86081362], Best Fitness = 34.46723215344828, Evaluations = 160
Generation 5: Best Solution = [-2.07042702 -3.224003    1.53888864 -0.53251266 -1.65267794  2.69387039
 -1.30156594  1.69707136 -2.01939187  1.86081362], Best Fitness = 34.46723215344828, Evaluations = 192
Generation 6: Best Solution = [-0.32070227 -0.98258457 -0.07880716 -0.89633894 -1.50065619  1.66778548
 -1.12819165  2.75633006  2.52004138 -2.97295415], Best Fitness = 30.970670569588037, Evaluations = 224
Generation 7: Best Solution = [ 0.08354837 -0.40617732  3.47192698 -3.01978872  0.6365065   0.10138761
 -0.60068715 -0.09124866  2.02903754  1.30811618], Best Fitness = 27.95809382726778, Evaluations = 256
Generation 8: Best Solution = [-0.57631134  0.18990411 -0.57438074 -1.65251461  2.64654659 -1.17559049
  1.18086909  0.46471603 -0.54154867  1.8378993 ], Best Fitness = 17.096699572445893, Evaluations = 288
Generation 9: Best Solution = [-0.01482366  0.06897147 -0.27169567 -1.51456897 -2.21018812  0.15061361
 -2.18300648  0.50242969 -0.99937835 -1.86383878], Best Fitness = 16.770935508405863, Evaluations = 320
Generation 10: Best Solution = [-0.01482366  0.06897147 -0.27169567 -1.51456897 -2.21018812  0.15061361
 -2.18300648  0.50242969 -0.99937835 -1.86383878], Best Fitness = 16.770935508405863, Evaluations = 352
Generation 11: Best Solution = [-0.01482366  0.06897147 -0.27169567 -1.51456897 -2.21018812  0.15061361
 -2.18300648  0.50242969 -0.99937835 -1.86383878], Best Fitness = 16.770935508405863, Evaluations = 384
Generation 12: Best Solution = [-3.24677196 -0.78920293  0.75747074  0.25165355 -0.48904169  1.12002235
  0.4644171   0.35249503 -1.61672695 -0.26639444], Best Fitness = 16.31978073100565, Evaluations = 416
Generation 13: Best Solution = [-0.25014699 -1.82527866  0.88065769  1.13382034 -0.53571423 -1.10580374
 -1.01643851  0.05295885  1.16510401 -0.93016024], Best Fitness = 10.22373118166762, Evaluations = 448
Generation 14: Best Solution = [-0.25014699 -1.82527866  0.88065769  1.13382034 -0.53571423 -1.10580374
 -1.01643851  0.05295885  1.16510401 -0.93016024], Best Fitness = 10.22373118166762, Evaluations = 480
Generation 15: Best Solution = [-0.25014699 -1.82527866  0.88065769  1.13382034 -0.53571423 -1.10580374
 -1.01643851  0.05295885  1.16510401 -0.93016024], Best Fitness = 10.22373118166762, Evaluations = 512
Generation 16: Best Solution = [-0.25014699 -1.82527866  0.88065769  1.13382034 -0.53571423 -1.10580374
 -1.01643851  0.05295885  1.16510401 -0.93016024], Best Fitness = 10.22373118166762, Evaluations = 544
Generation 17: Best Solution = [-0.25014699 -1.82527866  0.88065769  1.13382034 -0.53571423 -1.10580374
 -1.01643851  0.05295885  1.16510401 -0.93016024], Best Fitness = 10.22373118166762, Evaluations = 576
Generation 18: Best Solution = [ 2.26572857  0.43154867 -0.07818132 -0.30541357  0.54676586  0.69121231
 -0.4309216   0.86321394  0.14229308 -1.3719212 ], Best Fitness = 9.029124149281792, Evaluations = 608
Generation 19: Best Solution = [-0.25014699 -0.958128   -1.59445266  1.13382034  0.27313128 -1.10580374
  1.07777477  0.05295885  0.01436979 -0.93016024], Best Fitness = 8.135620884761092, Evaluations = 640
Generation 20: Best Solution = [-0.25014699 -0.958128   -1.59445266  1.13382034  0.27313128 -1.10580374
  1.07777477  0.05295885  0.01436979 -0.93016024], Best Fitness = 8.135620884761092, Evaluations = 672
Generation 21: Best Solution = [-0.25014699 -0.958128   -1.59445266  1.13382034  0.27313128 -1.10580374
  1.07777477  0.05295885  0.01436979 -0.93016024], Best Fitness = 8.135620884761092, Evaluations = 704
Generation 22: Best Solution = [-0.25014699 -0.958128   -1.59445266  1.13382034  0.27313128 -1.10580374
  1.07777477  0.05295885  0.01436979 -0.93016024], Best Fitness = 8.135620884761092, Evaluations = 736
Generation 23: Best Solution = [-0.25014699 -0.958128   -1.59445266  1.13382034  0.27313128 -1.10580374
  1.07777477  0.05295885  0.01436979 -0.93016024], Best Fitness = 8.135620884761092, Evaluations = 768
Generation 24: Best Solution = [-0.25014699 -0.958128   -1.59445266  1.13382034  0.27313128 -1.10580374
  1.07777477  0.05295885  0.01436979 -0.93016024], Best Fitness = 8.135620884761092, Evaluations = 800
Generation 25: Best Solution = [ 0.5268084   1.63275731 -0.86506451 -0.32336252  0.52245089  0.04362562
 -0.29549018 -0.42479061  0.54682896 -1.47853977], Best Fitness = 6.824044862414789, Evaluations = 832
Generation 26: Best Solution = [ 0.5268084   1.63275731 -0.86506451 -0.32336252  0.52245089  0.04362562
 -0.29549018 -0.42479061  0.54682896 -1.47853977], Best Fitness = 6.824044862414789, Evaluations = 864
Generation 27: Best Solution = [ 0.5268084   1.63275731 -0.86506451 -0.32336252  0.52245089  0.04362562
 -0.29549018 -0.42479061  0.54682896 -1.47853977], Best Fitness = 6.824044862414789, Evaluations = 896
Generation 28: Best Solution = [ 0.82349069 -1.0007952  -1.07756286 -0.37332603  0.32850546  0.48322296
  0.59145588 -0.54338294  0.14678355  0.89476528], Best Fitness = 4.788897650803502, Evaluations = 928
Generation 29: Best Solution = [ 0.82349069 -1.0007952  -1.07756286 -0.37332603  0.32850546  0.48322296
  0.59145588 -0.54338294  0.14678355  0.89476528], Best Fitness = 4.788897650803502, Evaluations = 960
Generation 30: Best Solution = [ 0.82349069 -1.0007952  -1.07756286 -0.37332603  0.32850546  0.48322296
  0.59145588 -0.54338294  0.14678355  0.89476528], Best Fitness = 4.788897650803502, Evaluations = 992
Generation 31: Best Solution = [ 0.82349069 -1.0007952  -1.07756286 -0.37332603  0.32850546  0.48322296
  0.59145588 -0.54338294  0.14678355  0.89476528], Best Fitness = 4.788897650803502, Evaluations = 1024
Generation 32: Best Solution = [ 0.82349069  0.44628223  0.56818104 -0.618073    0.32850546  0.48322296
 -0.1768021  -0.60427178  1.05196799  1.00910095], Best Fitness = 4.444893710416334, Evaluations = 1056
Generation 33: Best Solution = [ 0.82349069  0.44628223  0.56818104 -0.618073    0.32850546  0.48322296
 -0.1768021  -0.60427178  1.05196799  1.00910095], Best Fitness = 4.444893710416334, Evaluations = 1088
Generation 34: Best Solution = [ 1.36236039 -0.06872419 -0.06434435  0.34702077 -0.68071095 -0.46814234
  0.11517707  0.13757514 -0.3646116   0.73730617], Best Fitness = 3.376591780356927, Evaluations = 1120
Generation 35: Best Solution = [ 1.36236039 -0.06872419 -0.06434435  0.34702077 -0.68071095 -0.46814234
  0.11517707  0.13757514 -0.3646116   0.73730617], Best Fitness = 2.8093986479919466, Evaluations = 1152
Generation 36: Best Solution = [ 1.36236039 -0.06872419 -0.06434435  0.34702077 -0.68071095 -0.46814234
  0.11517707  0.13757514 -0.3646116   0.73730617], Best Fitness = 2.8093986479919466, Evaluations = 1184
Generation 37: Best Solution = [ 1.36236039 -0.06872419 -0.06434435  0.34702077 -0.68071095 -0.46814234
  0.11517707  0.13757514 -0.3646116   0.73730617], Best Fitness = 2.8093986479919466, Evaluations = 1216
Generation 38: Best Solution = [ 1.36236039 -0.06872419 -0.06434435  0.34702077 -0.68071095 -0.46814234
  0.11517707  0.13757514 -0.3646116   0.73730617], Best Fitness = 2.8093986479919466, Evaluations = 1248
Generation 39: Best Solution = [ 1.36236039 -0.06872419 -0.06434435  0.34702077 -0.68071095 -0.46814234
  0.11517707  0.13757514 -0.3646116   0.73730617], Best Fitness = 2.8093986479919466, Evaluations = 1280
Generation 40: Best Solution = [ 1.36236039 -0.06872419 -0.06434435  0.34702077 -0.68071095 -0.46814234
  0.11517707  0.13757514 -0.3646116   0.73730617], Best Fitness = 2.8093986479919466, Evaluations = 1312
Generation 41: Best Solution = [ 0.63808815  0.0125288   0.26979648  0.05713221  0.2575916  -0.02833094
 -0.09864752  0.0639327  -0.61122938  0.75088945], Best Fitness = 1.5017788170803597, Evaluations = 1344
Generation 42: Best Solution = [ 0.63808815  0.0125288   0.26979648  0.05713221  0.2575916  -0.02833094
 -0.09864752  0.0639327  -0.61122938  0.75088945], Best Fitness = 1.5017788170803597, Evaluations = 1376
Generation 43: Best Solution = [ 0.63808815  0.0125288   0.26979648  0.05713221  0.2575916  -0.02833094
 -0.09864752  0.0639327  -0.61122938  0.75088945], Best Fitness = 1.5017788170803597, Evaluations = 1408
Generation 44: Best Solution = [ 0.63808815  0.0125288   0.26979648  0.05713221  0.2575916  -0.02833094
 -0.09864752  0.0639327  -0.61122938  0.75088945], Best Fitness = 1.5017788170803597, Evaluations = 1440
Generation 45: Best Solution = [-0.46524977  0.04415907  0.52928972  0.14858578  0.23723109  0.2339364
  0.3510241   0.13785359  0.58547627  0.55268882], Best Fitness = 1.422106470850008, Evaluations = 1472
Generation 46: Best Solution = [-0.46524977  0.04415907  0.52928972  0.14858578  0.23723109  0.2339364
  0.3510241   0.13785359  0.58547627  0.55268882], Best Fitness = 1.422106470850008, Evaluations = 1504
Generation 47: Best Solution = [-0.46524977  0.04415907  0.52928972  0.14858578  0.23723109  0.2339364
  0.3510241   0.13785359  0.58547627  0.55268882], Best Fitness = 1.1120385548473402, Evaluations = 1536
Generation 48: Best Solution = [-0.46524977  0.04415907  0.52928972  0.14858578  0.23723109  0.2339364
  0.3510241   0.13785359  0.58547627  0.55268882], Best Fitness = 1.1120385548473402, Evaluations = 1568
Generation 49: Best Solution = [-0.21567877  0.2938416  -0.11926954 -0.08024787  0.32684919 -0.40695294
 -0.35214404  0.35362616 -0.30803824 -0.16045552], Best Fitness = 0.7956566681005439, Evaluations = 1600
Generation 50: Best Solution = [-0.21567877  0.2938416  -0.11926954 -0.08024787  0.32684919 -0.40695294
 -0.35214404  0.35362616 -0.30803824 -0.16045552], Best Fitness = 0.7956566681005439, Evaluations = 1632
Generation 51: Best Solution = [-0.21567877  0.2938416  -0.11926954 -0.08024787  0.32684919 -0.40695294
 -0.35214404  0.35362616 -0.30803824 -0.16045552], Best Fitness = 0.7956566681005439, Evaluations = 1664
Generation 52: Best Solution = [-0.21567877  0.2938416  -0.11926954 -0.08024787  0.32684919 -0.40695294
 -0.35214404  0.35362616 -0.30803824 -0.16045552], Best Fitness = 0.7956566681005439, Evaluations = 1696
Generation 53: Best Solution = [-0.21567877  0.2938416  -0.11926954 -0.08024787  0.32684919 -0.40695294
 -0.35214404  0.35362616 -0.30803824 -0.16045552], Best Fitness = 0.7956566681005439, Evaluations = 1728
Generation 54: Best Solution = [-0.21567877  0.2938416  -0.11926954 -0.08024787  0.32684919 -0.40695294
 -0.35214404  0.35362616 -0.30803824 -0.16045552], Best Fitness = 0.7956566681005439, Evaluations = 1760
Generation 55: Best Solution = [-0.21567877  0.2938416  -0.11926954 -0.08024787  0.32684919 -0.40695294
 -0.35214404  0.35362616 -0.30803824 -0.16045552], Best Fitness = 0.7956566681005439, Evaluations = 1792
Generation 56: Best Solution = [-0.21567877  0.2938416  -0.11926954 -0.08024787  0.32684919 -0.40695294
 -0.35214404  0.35362616 -0.30803824 -0.16045552], Best Fitness = 0.7956566681005439, Evaluations = 1824
Generation 57: Best Solution = [-0.21567877  0.2938416  -0.11926954 -0.08024787  0.32684919 -0.40695294
 -0.35214404  0.35362616 -0.30803824 -0.16045552], Best Fitness = 0.7956566681005439, Evaluations = 1856
Generation 58: Best Solution = [-0.03219     0.06248174  0.03188118 -0.02157216 -0.22564256 -0.42554721
 -0.1108471  -0.03215691  0.02141375 -0.22881156], Best Fitness = 0.3045613490146503, Evaluations = 1888
Generation 59: Best Solution = [-0.03219     0.06248174  0.03188118 -0.02157216 -0.22564256 -0.42554721
 -0.1108471  -0.03215691  0.02141375 -0.22881156], Best Fitness = 0.3045613490146503, Evaluations = 1920
Generation 60: Best Solution = [-0.03219     0.06248174  0.03188118 -0.02157216 -0.22564256 -0.42554721
 -0.1108471  -0.03215691  0.02141375 -0.22881156], Best Fitness = 0.3045613490146503, Evaluations = 1952
Generation 61: Best Solution = [-0.03219     0.06248174  0.03188118 -0.02157216 -0.22564256 -0.42554721
 -0.1108471  -0.03215691  0.02141375 -0.22881156], Best Fitness = 0.3045613490146503, Evaluations = 1984
Generation 62: Best Solution = [-0.03219     0.06248174  0.03188118 -0.02157216 -0.22564256 -0.42554721
 -0.1108471  -0.03215691  0.02141375 -0.22881156], Best Fitness = 0.3045613490146503, Evaluations = 2016
Generation 63: Best Solution = [-0.03219     0.06248174  0.03188118 -0.02157216 -0.22564256 -0.42554721
 -0.1108471  -0.03215691  0.02141375 -0.22881156], Best Fitness = 0.3045613490146503, Evaluations = 2048
Generation 64: Best Solution = [-0.03219     0.06248174  0.03188118 -0.02157216 -0.22564256 -0.42554721
 -0.1108471  -0.03215691  0.02141375 -0.22881156], Best Fitness = 0.3045613490146503, Evaluations = 2080
Generation 65: Best Solution = [-0.03219     0.06248174  0.03188118 -0.02157216 -0.22564256 -0.42554721
 -0.1108471  -0.03215691  0.02141375 -0.22881156], Best Fitness = 0.3045613490146503, Evaluations = 2112
Generation 66: Best Solution = [-0.03219     0.06248174  0.03188118 -0.02157216 -0.22564256 -0.42554721
 -0.1108471  -0.03215691  0.02141375 -0.22881156], Best Fitness = 0.3045613490146503, Evaluations = 2144
Generation 67: Best Solution = [-0.03219     0.06248174  0.03188118 -0.02157216 -0.22564256 -0.42554721
 -0.1108471  -0.03215691  0.02141375 -0.22881156], Best Fitness = 0.3045613490146503, Evaluations = 2176
Generation 68: Best Solution = [ 0.2523186  -0.32802116 -0.01370792  0.02319141  0.03222974  0.20205597
 -0.18178327  0.10984569 -0.18270527 -0.09486705], Best Fitness = 0.3013458790314596, Evaluations = 2208
Generation 69: Best Solution = [ 0.2523186  -0.32802116 -0.01370792  0.02319141  0.03222974  0.20205597
 -0.18178327  0.10984569 -0.18270527 -0.09486705], Best Fitness = 0.3013458790314596, Evaluations = 2240
Generation 70: Best Solution = [ 0.2523186  -0.32802116 -0.01370792  0.02319141  0.03222974  0.20205597
 -0.18178327  0.10984569 -0.18270527 -0.09486705], Best Fitness = 0.3013458790314596, Evaluations = 2272
Generation 71: Best Solution = [ 0.2523186  -0.32802116 -0.01370792  0.02319141  0.03222974  0.20205597
 -0.18178327  0.10984569 -0.18270527 -0.09486705], Best Fitness = 0.26102549575664447, Evaluations = 2304
Generation 72: Best Solution = [ 0.2523186  -0.32802116 -0.01370792  0.02319141  0.03222974  0.20205597
 -0.18178327  0.10984569 -0.18270527 -0.09486705], Best Fitness = 0.26102549575664447, Evaluations = 2336
Generation 73: Best Solution = [ 0.2523186  -0.32802116 -0.01370792  0.02319141  0.03222974  0.20205597
 -0.18178327  0.10984569 -0.18270527 -0.09486705], Best Fitness = 0.26102549575664447, Evaluations = 2368
Generation 74: Best Solution = [ 0.2523186  -0.32802116 -0.01370792  0.02319141  0.03222974  0.20205597
 -0.18178327  0.10984569 -0.18270527 -0.09486705], Best Fitness = 0.26102549575664447, Evaluations = 2400
Generation 75: Best Solution = [ 0.2523186  -0.32802116 -0.01370792  0.02319141  0.03222974  0.20205597
 -0.18178327  0.10984569 -0.18270527 -0.09486705], Best Fitness = 0.26102549575664447, Evaluations = 2432
Generation 76: Best Solution = [ 0.28773235 -0.17300023  0.12673603 -0.05505034 -0.19655534 -0.0526775
 -0.12806313 -0.07126071  0.02203826 -0.20038974], Best Fitness = 0.23534045648052684, Evaluations = 2464
Generation 77: Best Solution = [ 0.05809613 -0.19487458 -0.09807315  0.04045638 -0.05111561  0.1102092
 -0.17509956  0.02047943  0.14925806 -0.21370942], Best Fitness = 0.16639414543659725, Evaluations = 2496
Generation 78: Best Solution = [ 0.05809613 -0.19487458 -0.09807315  0.04045638 -0.05111561  0.1102092
 -0.17509956  0.02047943  0.14925806 -0.21370942], Best Fitness = 0.16639414543659725, Evaluations = 2528
Generation 79: Best Solution = [ 0.02489588  0.16700828 -0.05934628 -0.01542196  0.16238255 -0.04076917
 -0.06264917  0.07763324 -0.01604728 -0.13135659], Best Fitness = 0.08776551710257763, Evaluations = 2560
Generation 80: Best Solution = [ 0.02489588  0.16700828 -0.05934628 -0.01542196  0.16238255 -0.04076917
 -0.06264917  0.07763324 -0.01604728 -0.13135659], Best Fitness = 0.08776551710257763, Evaluations = 2592
Generation 81: Best Solution = [ 0.02489588  0.16700828 -0.05934628 -0.01542196  0.16238255 -0.04076917
 -0.06264917  0.07763324 -0.01604728 -0.13135659], Best Fitness = 0.08776551710257763, Evaluations = 2624
Generation 82: Best Solution = [ 0.02489588  0.16700828 -0.05934628 -0.01542196  0.16238255 -0.04076917
 -0.06264917  0.07763324 -0.01604728 -0.13135659], Best Fitness = 0.08776551710257763, Evaluations = 2656
Generation 83: Best Solution = [ 0.02489588  0.16700828 -0.05934628 -0.01542196  0.16238255 -0.04076917
 -0.06264917  0.07763324 -0.01604728 -0.13135659], Best Fitness = 0.08776551710257763, Evaluations = 2688
Generation 84: Best Solution = [ 0.02489588  0.16700828 -0.05934628 -0.01542196  0.16238255 -0.04076917
 -0.06264917  0.07763324 -0.01604728 -0.13135659], Best Fitness = 0.08776551710257763, Evaluations = 2720
Generation 85: Best Solution = [ 0.02489588  0.16700828 -0.05934628 -0.01542196  0.16238255 -0.04076917
 -0.06264917  0.07763324 -0.01604728 -0.13135659], Best Fitness = 0.08776551710257763, Evaluations = 2752
Generation 86: Best Solution = [-0.04026496 -0.05763249  0.03555229  0.02319141 -0.00584163 -0.0518741
  0.12848486  0.06897577 -0.20772687  0.01337558], Best Fitness = 0.07406499768369255, Evaluations = 2784
Generation 87: Best Solution = [-0.04026496 -0.05763249  0.03555229  0.02319141 -0.00584163 -0.0518741
  0.12848486  0.06897577 -0.20772687  0.01337558], Best Fitness = 0.07406499768369255, Evaluations = 2816
Generation 88: Best Solution = [-0.04026496 -0.05763249  0.03555229  0.02319141 -0.00584163 -0.0518741
  0.12848486  0.06897577 -0.20772687  0.01337558], Best Fitness = 0.07406499768369255, Evaluations = 2848
Generation 89: Best Solution = [ 0.06827629  0.03105667 -0.1224389  -0.07068626 -0.11501613  0.09296572
 -0.03673059  0.02836396 -0.11703061  0.09562736], Best Fitness = 0.07247973971167196, Evaluations = 2880
Generation 90: Best Solution = [ 0.04456737 -0.03439752  0.02423946 -0.12584708  0.03758621  0.07009324
 -0.09233264  0.05625429 -0.07369078  0.04182012], Best Fitness = 0.044789380047187244, Evaluations = 2912
Generation 91: Best Solution = [ 0.04456737 -0.03439752  0.02423946 -0.12584708  0.03758621  0.07009324
 -0.09233264  0.05625429 -0.07369078  0.04182012], Best Fitness = 0.044789380047187244, Evaluations = 2944
Generation 92: Best Solution = [ 0.04456737 -0.03439752  0.02423946 -0.12584708  0.03758621  0.07009324
 -0.09233264  0.05625429 -0.07369078  0.04182012], Best Fitness = 0.044789380047187244, Evaluations = 2976
Generation 93: Best Solution = [ 0.04456737 -0.03439752  0.02423946 -0.12584708  0.03758621  0.07009324
 -0.09233264  0.05625429 -0.07369078  0.04182012], Best Fitness = 0.044789380047187244, Evaluations = 3008
Generation 94: Best Solution = [ 0.04456737 -0.03439752  0.02423946 -0.12584708  0.03758621  0.07009324
 -0.09233264  0.05625429 -0.07369078  0.04182012], Best Fitness = 0.044789380047187244, Evaluations = 3040
Generation 95: Best Solution = [ 0.0010004  -0.07748101 -0.04895673  0.04690665  0.01237122 -0.06504609
 -0.0877958   0.01111218  0.12044479  0.02147989], Best Fitness = 0.037785257841832884, Evaluations = 3072
Generation 96: Best Solution = [ 0.0010004  -0.07748101 -0.04895673  0.04690665  0.01237122 -0.06504609
 -0.0877958   0.01111218  0.12044479  0.02147989], Best Fitness = 0.037785257841832884, Evaluations = 3104
Generation 97: Best Solution = [ 0.0010004  -0.07748101 -0.04895673  0.04690665  0.01237122 -0.06504609
 -0.0877958   0.01111218  0.12044479  0.02147989], Best Fitness = 0.037785257841832884, Evaluations = 3136
Generation 98: Best Solution = [ 0.0010004  -0.07748101 -0.04895673  0.04690665  0.01237122 -0.06504609
 -0.0877958   0.01111218  0.12044479  0.02147989], Best Fitness = 0.037785257841832884, Evaluations = 3168
Generation 99: Best Solution = [ 0.0010004  -0.07748101 -0.04895673  0.04690665  0.01237122 -0.06504609
 -0.0877958   0.01111218  0.12044479  0.02147989], Best Fitness = 0.037785257841832884, Evaluations = 3200
Generation 100: Best Solution = [ 0.0010004  -0.07748101 -0.04895673  0.04690665  0.01237122 -0.06504609
 -0.0877958   0.01111218  0.12044479  0.02147989], Best Fitness = 0.037785257841832884, Evaluations = 3232
Generation 101: Best Solution = [ 0.01257728 -0.02590982 -0.01611419  0.00076961  0.02890098  0.13229508
 -0.03606191  0.11596658  0.03714331  0.00177906], Best Fitness = 0.03555852110697691, Evaluations = 3264
Generation 102: Best Solution = [ 0.01257728 -0.02590982 -0.01611419  0.00076961  0.02890098  0.13229508
 -0.03606191  0.11596658  0.03714331  0.00177906], Best Fitness = 0.03555852110697691, Evaluations = 3296
Generation 103: Best Solution = [ 0.01257728 -0.02590982 -0.01611419  0.00076961  0.02890098  0.13229508
 -0.03606191  0.11596658  0.03714331  0.00177906], Best Fitness = 0.03555852110697691, Evaluations = 3328
Generation 104: Best Solution = [ 0.07739158  0.13835137 -0.02517049  0.03446657  0.01701892 -0.01257789
  0.0012896  -0.03645616 -0.03991546  0.01914654], Best Fitness = 0.03069045097935428, Evaluations = 3360
Generation 105: Best Solution = [ 0.07739158  0.13835137 -0.02517049  0.03446657  0.01701892 -0.01257789
  0.0012896  -0.03645616 -0.03991546  0.01914654], Best Fitness = 0.026745160483693915, Evaluations = 3392
Generation 106: Best Solution = [ 0.07739158  0.13835137 -0.02517049  0.03446657  0.01701892 -0.01257789
  0.0012896  -0.03645616 -0.03991546  0.01914654], Best Fitness = 0.013845152088609218, Evaluations = 3424
Generation 107: Best Solution = [ 0.07739158  0.13835137 -0.02517049  0.03446657  0.01701892 -0.01257789
  0.0012896  -0.03645616 -0.03991546  0.01914654], Best Fitness = 0.013845152088609218, Evaluations = 3456
Generation 108: Best Solution = [ 0.07739158  0.13835137 -0.02517049  0.03446657  0.01701892 -0.01257789
  0.0012896  -0.03645616 -0.03991546  0.01914654], Best Fitness = 0.013845152088609218, Evaluations = 3488
Generation 109: Best Solution = [ 0.07739158  0.13835137 -0.02517049  0.03446657  0.01701892 -0.01257789
  0.0012896  -0.03645616 -0.03991546  0.01914654], Best Fitness = 0.013845152088609218, Evaluations = 3520
Generation 110: Best Solution = [ 0.07739158  0.13835137 -0.02517049  0.03446657  0.01701892 -0.01257789
  0.0012896  -0.03645616 -0.03991546  0.01914654], Best Fitness = 0.013845152088609218, Evaluations = 3552
Generation 111: Best Solution = [ 0.07739158  0.13835137 -0.02517049  0.03446657  0.01701892 -0.01257789
  0.0012896  -0.03645616 -0.03991546  0.01914654], Best Fitness = 0.013845152088609218, Evaluations = 3584
Generation 112: Best Solution = [ 0.07739158  0.13835137 -0.02517049  0.03446657  0.01701892 -0.01257789
  0.0012896  -0.03645616 -0.03991546  0.01914654], Best Fitness = 0.013845152088609218, Evaluations = 3616
Generation 113: Best Solution = [ 0.07739158  0.13835137 -0.02517049  0.03446657  0.01701892 -0.01257789
  0.0012896  -0.03645616 -0.03991546  0.01914654], Best Fitness = 0.013845152088609218, Evaluations = 3648
Generation 114: Best Solution = [ 0.00820863  0.01698811 -0.03627778 -0.02891215 -0.01476285 -0.04635228
  0.0265124  -0.02246225 -0.02724133  0.03861872], Best Fitness = 0.008315397991908991, Evaluations = 3680
Generation 115: Best Solution = [ 0.00820863  0.01698811 -0.03627778 -0.02891215 -0.01476285 -0.04635228
  0.0265124  -0.02246225 -0.02724133  0.03861872], Best Fitness = 0.008315397991908991, Evaluations = 3712
Generation 116: Best Solution = [ 0.00820863  0.01698811 -0.03627778 -0.02891215 -0.01476285 -0.04635228
  0.0265124  -0.02246225 -0.02724133  0.03861872], Best Fitness = 0.008315397991908991, Evaluations = 3744
Generation 117: Best Solution = [ 0.00820863  0.01698811 -0.03627778 -0.02891215 -0.01476285 -0.04635228
  0.0265124  -0.02246225 -0.02724133  0.03861872], Best Fitness = 0.008315397991908991, Evaluations = 3776
Generation 118: Best Solution = [ 0.02069181  0.02538373  0.04401018  0.03497959  0.01865146 -0.02330903
 -0.01455517 -0.00304531  0.04300821  0.02224645], Best Fitness = 0.0076898786808832645, Evaluations = 3808
Generation 119: Best Solution = [ 0.04359649  0.00019565  0.01828804 -0.02918658  0.01850629 -0.02716659
 -0.00524094 -0.00617567 -0.03782033  0.04169407], Best Fitness = 0.007401886800719745, Evaluations = 3840
Generation 120: Best Solution = [ 0.04359649  0.00019565  0.01828804 -0.02918658  0.01850629 -0.02716659
 -0.00524094 -0.00617567 -0.03782033  0.04169407], Best Fitness = 0.007401886800719745, Evaluations = 3872
Generation 121: Best Solution = [ 0.04359649  0.00019565  0.01828804 -0.02918658  0.01850629 -0.02716659
 -0.00524094 -0.00617567 -0.03782033  0.04169407], Best Fitness = 0.007401886800719745, Evaluations = 3904
Generation 122: Best Solution = [ 0.04359649  0.00019565  0.01828804 -0.02918658  0.01850629 -0.02716659
 -0.00524094 -0.00617567 -0.03782033  0.04169407], Best Fitness = 0.007401886800719745, Evaluations = 3936
Generation 123: Best Solution = [-3.21295441e-02 -5.80045766e-03 -1.61141901e-02  9.17881233e-05
 -1.11038047e-02  5.07802375e-02  2.39054424e-02 -9.84874333e-03
 -4.14164956e-02 -2.09881456e-02], Best Fitness = 0.0068518517448441394, Evaluations = 3968
Generation 124: Best Solution = [ 0.00041124 -0.01563477 -0.03350102  0.03352514  0.0099283  -0.00263015
  0.00561823  0.00942878 -0.01716266  0.00585628], Best Fitness = 0.0030456769931507632, Evaluations = 4000
Generation 125: Best Solution = [ 0.00041124 -0.01563477 -0.03350102  0.03352514  0.0099283  -0.00263015
  0.00561823  0.00942878 -0.01716266  0.00585628], Best Fitness = 0.0030456769931507632, Evaluations = 4032
Generation 126: Best Solution = [ 0.00041124 -0.01563477 -0.03350102  0.03352514  0.0099283  -0.00263015
  0.00561823  0.00942878 -0.01716266  0.00585628], Best Fitness = 0.0030456769931507632, Evaluations = 4064
Generation 127: Best Solution = [ 0.00041124 -0.01563477 -0.03350102  0.03352514  0.0099283  -0.00263015
  0.00561823  0.00942878 -0.01716266  0.00585628], Best Fitness = 0.0028912204408815464, Evaluations = 4096
Generation 128: Best Solution = [ 0.00041124 -0.01563477 -0.03350102  0.03352514  0.0099283  -0.00263015
  0.00561823  0.00942878 -0.01716266  0.00585628], Best Fitness = 0.0028912204408815464, Evaluations = 4128
Generation 129: Best Solution = [ 0.00041124 -0.01563477 -0.03350102  0.03352514  0.0099283  -0.00263015
  0.00561823  0.00942878 -0.01716266  0.00585628], Best Fitness = 0.0028912204408815464, Evaluations = 4160
Generation 130: Best Solution = [ 0.00148392  0.0228972   0.00858952 -0.01627258  0.03251052 -0.02502042
  0.01510882 -0.00040384  0.00759981 -0.00112091], Best Fitness = 0.0028354689042033795, Evaluations = 4192
Generation 131: Best Solution = [ 0.00148392  0.0228972   0.00858952 -0.01627258  0.03251052 -0.02502042
  0.01510882 -0.00040384  0.00759981 -0.00112091], Best Fitness = 0.0028354689042033795, Evaluations = 4224
Generation 132: Best Solution = [ 0.00148392  0.0228972   0.00858952 -0.01627258  0.03251052 -0.02502042
  0.01510882 -0.00040384  0.00759981 -0.00112091], Best Fitness = 0.0028354689042033795, Evaluations = 4256
Generation 133: Best Solution = [ 0.00148392  0.0228972   0.00858952 -0.01627258  0.03251052 -0.02502042
  0.01510882 -0.00040384  0.00759981 -0.00112091], Best Fitness = 0.0028354689042033795, Evaluations = 4288
Generation 134: Best Solution = [ 0.00148392  0.0228972   0.00858952 -0.01627258  0.03251052 -0.02502042
  0.01510882 -0.00040384  0.00759981 -0.00112091], Best Fitness = 0.0028354689042033795, Evaluations = 4320
Generation 135: Best Solution = [ 0.00148392  0.0228972   0.00858952 -0.01627258  0.03251052 -0.02502042
  0.01510882 -0.00040384  0.00759981 -0.00112091], Best Fitness = 0.0028354689042033795, Evaluations = 4352
Generation 136: Best Solution = [-0.01161977  0.00707799 -0.01127323 -0.01432175  0.01011299 -0.02309944
 -0.02792419 -0.01844604  0.00245199  0.00051399], Best Fitness = 0.0022794646743097826, Evaluations = 4384
Generation 137: Best Solution = [-0.01161977  0.00707799 -0.01127323 -0.01432175  0.01011299 -0.02309944
 -0.02792419 -0.01844604  0.00245199  0.00051399], Best Fitness = 0.0018072612731860804, Evaluations = 4416
Generation 138: Best Solution = [-0.01161977  0.00707799 -0.01127323 -0.01432175  0.01011299 -0.02309944
 -0.02792419 -0.01844604  0.00245199  0.00051399], Best Fitness = 0.0018072612731860804, Evaluations = 4448
Generation 139: Best Solution = [-0.01161977  0.00707799 -0.01127323 -0.01432175  0.01011299 -0.02309944
 -0.02792419 -0.01844604  0.00245199  0.00051399], Best Fitness = 0.0018072612731860804, Evaluations = 4480
Generation 140: Best Solution = [ 0.00635489  0.00627462 -0.00111901 -0.02411963 -0.00029894 -0.00842973
  0.02038545  0.00758281  0.01280735  0.00889155], Best Fitness = 0.001450067537857379, Evaluations = 4512
Generation 141: Best Solution = [ 0.00635489  0.00627462 -0.00111901 -0.02411963 -0.00029894 -0.00842973
  0.02038545  0.00758281  0.01280735  0.00889155], Best Fitness = 0.001450067537857379, Evaluations = 4544
Generation 142: Best Solution = [-0.00171515 -0.00408722 -0.00018874  0.00401294 -0.01978813  0.00871912
  0.00137506  0.00578676 -0.02763156 -0.00105237], Best Fitness = 0.0013033675122414426, Evaluations = 4576
Generation 143: Best Solution = [-0.00171515 -0.00408722 -0.00018874  0.00401294 -0.01978813  0.00871912
  0.00137506  0.00578676 -0.02763156 -0.00105237], Best Fitness = 0.0013033675122414426, Evaluations = 4608
Generation 144: Best Solution = [-0.00171515 -0.00408722 -0.00018874  0.00401294 -0.01978813  0.00871912
  0.00137506  0.00578676 -0.02763156 -0.00105237], Best Fitness = 0.0013033675122414426, Evaluations = 4640
Generation 145: Best Solution = [ 1.17486297e-02  6.27461571e-03 -1.11900657e-03  2.29923214e-02
 -6.69213342e-04 -1.67581493e-05 -8.99070860e-03  7.58280829e-03
  1.28073542e-02  8.89155410e-03], Best Fitness = 0.001089168127898083, Evaluations = 4672
Generation 146: Best Solution = [ 1.17486297e-02  6.27461571e-03 -1.11900657e-03  2.29923214e-02
 -6.69213342e-04 -1.67581493e-05 -8.99070860e-03  7.58280829e-03
  1.28073542e-02  8.89155410e-03], Best Fitness = 0.001089168127898083, Evaluations = 4704
Generation 147: Best Solution = [-0.00150721  0.01450681  0.0071642   0.01495871 -0.00182563  0.01018101
  0.00066888  0.00127559  0.01262628 -0.01174851], Best Fitness = 0.000894319162637248, Evaluations = 4736
Generation 148: Best Solution = [-0.00150721  0.01450681  0.0071642   0.01495871 -0.00182563  0.01018101
  0.00066888  0.00127559  0.01262628 -0.01174851], Best Fitness = 0.000894319162637248, Evaluations = 4768
Generation 149: Best Solution = [ 1.14469268e-02  6.27461571e-03 -1.11900657e-03  1.86271511e-03
 -6.69213342e-04 -1.67581493e-05  1.64207738e-02  7.58280829e-03
  1.28073542e-02 -7.69730307e-03], Best Fitness = 0.000725990534925934, Evaluations = 4800
Generation 150: Best Solution = [ 1.14469268e-02  6.27461571e-03 -1.11900657e-03  1.86271511e-03
 -6.69213342e-04 -1.67581493e-05  1.64207738e-02  7.58280829e-03
  1.28073542e-02 -7.69730307e-03], Best Fitness = 0.00047866660773305804, Evaluations = 4832
Generation 151: Best Solution = [ 1.14469268e-02  6.27461571e-03 -1.11900657e-03  1.86271511e-03
 -6.69213342e-04 -1.67581493e-05  1.64207738e-02  7.58280829e-03
  1.28073542e-02 -7.69730307e-03], Best Fitness = 0.00047866660773305804, Evaluations = 4864
Generation 152: Best Solution = [ 1.14469268e-02  6.27461571e-03 -1.11900657e-03  1.86271511e-03
 -6.69213342e-04 -1.67581493e-05  1.64207738e-02  7.58280829e-03
  1.28073542e-02 -7.69730307e-03], Best Fitness = 0.00047866660773305804, Evaluations = 4896
Generation 153: Best Solution = [ 1.14469268e-02  6.27461571e-03 -1.11900657e-03  1.86271511e-03
 -6.69213342e-04 -1.67581493e-05  1.64207738e-02  7.58280829e-03
  1.28073542e-02 -7.69730307e-03], Best Fitness = 0.00047866660773305804, Evaluations = 4928
Generation 154: Best Solution = [ 1.14469268e-02  6.27461571e-03 -1.11900657e-03  1.86271511e-03
 -6.69213342e-04 -1.67581493e-05  1.64207738e-02  7.58280829e-03
  1.28073542e-02 -7.69730307e-03], Best Fitness = 0.00047866660773305804, Evaluations = 4960
Generation 155: Best Solution = [ 1.14469268e-02  6.27461571e-03 -1.11900657e-03  1.86271511e-03
 -6.69213342e-04 -1.67581493e-05  1.64207738e-02  7.58280829e-03
  1.28073542e-02 -7.69730307e-03], Best Fitness = 0.00047866660773305804, Evaluations = 4992
Generation 156: Best Solution = [ 0.00346501 -0.0078677  -0.00133329  0.00852561  0.00892527  0.00075831
  0.00522288 -0.00693335 -0.00756841  0.00222297], Best Fitness = 0.00036617829136233274, Evaluations = 5024
Generation 157: Best Solution = [ 0.00346501 -0.0078677  -0.00133329  0.00852561  0.00892527  0.00075831
  0.00522288 -0.00693335 -0.00756841  0.00222297], Best Fitness = 0.00036617829136233274, Evaluations = 5056
Generation 158: Best Solution = [ 0.00346501 -0.0078677  -0.00133329  0.00852561  0.00892527  0.00075831
  0.00522288 -0.00693335 -0.00756841  0.00222297], Best Fitness = 0.00036617829136233274, Evaluations = 5088
Generation 159: Best Solution = [ 0.00346501 -0.0078677  -0.00133329  0.00852561  0.00892527  0.00075831
  0.00522288 -0.00693335 -0.00756841  0.00222297], Best Fitness = 0.00036617829136233274, Evaluations = 5120
Generation 160: Best Solution = [ 0.00346501 -0.0078677  -0.00133329  0.00852561  0.00892527  0.00075831
  0.00522288 -0.00693335 -0.00756841  0.00222297], Best Fitness = 0.00036617829136233274, Evaluations = 5152
Generation 161: Best Solution = [-0.00506604  0.00057517  0.00546996 -0.00125962  0.00596636  0.00011669
  0.00215721 -0.00460026 -0.00016252  0.00764498], Best Fitness = 0.00017740178374700012, Evaluations = 5184
Generation 162: Best Solution = [-0.00506604  0.00057517  0.00546996 -0.00125962  0.00596636  0.00011669
  0.00215721 -0.00460026 -0.00016252  0.00764498], Best Fitness = 0.00017740178374700012, Evaluations = 5216
Generation 163: Best Solution = [-0.00506604  0.00057517  0.00546996 -0.00125962  0.00596636  0.00011669
  0.00215721 -0.00460026 -0.00016252  0.00764498], Best Fitness = 0.00017740178374700012, Evaluations = 5248
Generation 164: Best Solution = [-0.00506604  0.00057517  0.00546996 -0.00125962  0.00596636  0.00011669
  0.00215721 -0.00460026 -0.00016252  0.00764498], Best Fitness = 0.00017740178374700012, Evaluations = 5280
Generation 165: Best Solution = [-0.00506604  0.00057517  0.00546996 -0.00125962  0.00596636  0.00011669
  0.00215721 -0.00460026 -0.00016252  0.00764498], Best Fitness = 0.00017740178374700012, Evaluations = 5312
Generation 166: Best Solution = [-0.00506604  0.00057517  0.00546996 -0.00125962  0.00596636  0.00011669
  0.00215721 -0.00460026 -0.00016252  0.00764498], Best Fitness = 0.00017740178374700012, Evaluations = 5344
Generation 167: Best Solution = [-0.00506604  0.00057517  0.00546996 -0.00125962  0.00596636  0.00011669
  0.00215721 -0.00460026 -0.00016252  0.00764498], Best Fitness = 0.00017740178374700012, Evaluations = 5376
Generation 168: Best Solution = [-0.00506604  0.00057517  0.00546996 -0.00125962  0.00596636  0.00011669
  0.00215721 -0.00460026 -0.00016252  0.00764498], Best Fitness = 0.00017740178374700012, Evaluations = 5408
Generation 169: Best Solution = [ 0.00115664  0.00144443  0.00197209  0.00186272 -0.00056226  0.00184495
  0.00303895 -0.00061604 -0.00189255  0.00445527], Best Fitness = 4.754888745380425e-05, Evaluations = 5440
Generation 170: Best Solution = [ 0.00115664  0.00144443  0.00197209  0.00186272 -0.00056226  0.00184495
  0.00303895 -0.00061604 -0.00189255  0.00445527], Best Fitness = 4.754888745380425e-05, Evaluations = 5472
Generation 171: Best Solution = [ 0.00115664  0.00144443  0.00197209  0.00186272 -0.00056226  0.00184495
  0.00303895 -0.00061604 -0.00189255  0.00445527], Best Fitness = 4.754888745380425e-05, Evaluations = 5504
Generation 172: Best Solution = [ 0.00115664  0.00144443  0.00197209  0.00186272 -0.00056226  0.00184495
  0.00303895 -0.00061604 -0.00189255  0.00445527], Best Fitness = 4.754888745380425e-05, Evaluations = 5536
Generation 173: Best Solution = [ 0.00115664  0.00144443  0.00197209  0.00186272 -0.00056226  0.00184495
  0.00303895 -0.00061604 -0.00189255  0.00445527], Best Fitness = 4.754888745380425e-05, Evaluations = 5568
Generation 174: Best Solution = [ 0.00115664  0.00144443  0.00197209  0.00186272 -0.00056226  0.00184495
  0.00303895 -0.00061604 -0.00189255  0.00445527], Best Fitness = 4.754888745380425e-05, Evaluations = 5600
Generation 175: Best Solution = [ 0.00115664  0.00144443  0.00197209  0.00186272 -0.00056226  0.00184495
  0.00303895 -0.00061604 -0.00189255  0.00445527], Best Fitness = 4.754888745380425e-05, Evaluations = 5632
Generation 176: Best Solution = [ 0.00115664  0.00144443  0.00197209  0.00186272 -0.00056226  0.00184495
  0.00303895 -0.00061604 -0.00189255  0.00445527], Best Fitness = 4.754888745380425e-05, Evaluations = 5664
Generation 177: Best Solution = [-2.25118232e-04  5.75172719e-04 -7.26946604e-05  1.89904429e-03
 -4.07868383e-03  1.16693911e-04 -1.89154956e-03 -4.60025637e-03
 -9.27083120e-04  5.07906520e-04], Best Fitness = 4.650020542163689e-05, Evaluations = 5696
Generation 178: Best Solution = [-2.25118232e-04  5.75172719e-04 -7.26946604e-05  1.89904429e-03
 -4.07868383e-03  1.16693911e-04 -1.89154956e-03 -4.60025637e-03
 -9.27083120e-04  5.07906520e-04], Best Fitness = 4.650020542163689e-05, Evaluations = 5728
Generation 179: Best Solution = [-2.25118232e-04  5.75172719e-04 -7.26946604e-05  1.89904429e-03
 -4.07868383e-03  1.16693911e-04 -1.89154956e-03 -4.60025637e-03
 -9.27083120e-04  5.07906520e-04], Best Fitness = 4.650020542163689e-05, Evaluations = 5760
Generation 180: Best Solution = [-2.25118232e-04  5.75172719e-04 -7.26946604e-05  1.89904429e-03
 -4.07868383e-03  1.16693911e-04 -1.89154956e-03 -4.60025637e-03
 -9.27083120e-04  5.07906520e-04], Best Fitness = 4.59342622423223e-05, Evaluations = 5792
Generation 181: Best Solution = [-2.25118232e-04  5.75172719e-04 -7.26946604e-05  1.89904429e-03
 -4.07868383e-03  1.16693911e-04 -1.89154956e-03 -4.60025637e-03
 -9.27083120e-04  5.07906520e-04], Best Fitness = 4.59342622423223e-05, Evaluations = 5824
Generation 182: Best Solution = [-2.25118232e-04  5.75172719e-04 -7.26946604e-05  1.89904429e-03
 -4.07868383e-03  1.16693911e-04 -1.89154956e-03 -4.60025637e-03
 -9.27083120e-04  5.07906520e-04], Best Fitness = 4.59342622423223e-05, Evaluations = 5856
Generation 183: Best Solution = [-2.25118232e-04  5.75172719e-04 -7.26946604e-05  1.89904429e-03
 -4.07868383e-03  1.16693911e-04 -1.89154956e-03 -4.60025637e-03
 -9.27083120e-04  5.07906520e-04], Best Fitness = 4.59342622423223e-05, Evaluations = 5888
Generation 184: Best Solution = [-2.25118232e-04  5.75172719e-04 -7.26946604e-05  1.89904429e-03
 -4.07868383e-03  1.16693911e-04 -1.89154956e-03 -4.60025637e-03
 -9.27083120e-04  5.07906520e-04], Best Fitness = 4.59342622423223e-05, Evaluations = 5920
Generation 185: Best Solution = [-2.25118232e-04  5.75172719e-04 -7.26946604e-05  1.89904429e-03
 -4.07868383e-03  1.16693911e-04 -1.89154956e-03 -4.60025637e-03
 -9.27083120e-04  5.07906520e-04], Best Fitness = 4.59342622423223e-05, Evaluations = 5952
Generation 186: Best Solution = [-0.00388057  0.00038073  0.00148732 -0.00073889  0.00068039 -0.00150266
  0.00124478  0.00276768  0.00166991  0.0010022 ], Best Fitness = 3.368528115268388e-05, Evaluations = 5984
Generation 187: Best Solution = [-0.00194974 -0.0016958  -0.00149225  0.00075155 -0.00127199 -0.00064609
 -0.00311514  0.00148742 -0.00087792  0.00112464], Best Fitness = 2.5456334672939855e-05, Evaluations = 6016
Generation 188: Best Solution = [ 0.00133321 -0.00106241 -0.00202378 -0.00073889  0.00068039 -0.00104737
  0.00124478  0.00282005 -0.00192396  0.0010022 ], Best Fitness = 2.3315891509848633e-05, Evaluations = 6048
Generation 189: Best Solution = [ 0.00133321 -0.00106241 -0.00202378 -0.00073889  0.00068039 -0.00104737
  0.00124478  0.00282005 -0.00192396  0.0010022 ], Best Fitness = 2.3315891509848633e-05, Evaluations = 6080
Generation 190: Best Solution = [ 0.00255996 -0.001354   -0.00162297 -0.00119463 -0.00204753 -0.00054448
 -0.00149719  0.00092789 -0.00034316  0.00167991], Best Fitness = 2.297912417799823e-05, Evaluations = 6112
Generation 191: Best Solution = [ 0.00255996 -0.001354   -0.00162297 -0.00119463 -0.00204753 -0.00054448
 -0.00149719  0.00092789 -0.00034316  0.00167991], Best Fitness = 2.297912417799823e-05, Evaluations = 6144
Generation 192: Best Solution = [ 0.00255996 -0.001354   -0.00162297 -0.00119463 -0.00204753 -0.00054448
 -0.00149719  0.00092789 -0.00034316  0.00167991], Best Fitness = 2.297912417799823e-05, Evaluations = 6176
Generation 193: Best Solution = [ 0.00255996 -0.001354   -0.00162297 -0.00119463 -0.00204753 -0.00054448
 -0.00149719  0.00092789 -0.00034316  0.00167991], Best Fitness = 2.004286437702959e-05, Evaluations = 6208
Generation 194: Best Solution = [ 0.00255996 -0.001354   -0.00162297 -0.00119463 -0.00204753 -0.00054448
 -0.00149719  0.00092789 -0.00034316  0.00167991], Best Fitness = 2.004286437702959e-05, Evaluations = 6240
Generation 195: Best Solution = [-1.42065466e-03 -1.38394329e-03  1.03417024e-04 -2.07064028e-03
  2.85778265e-03  4.68141813e-04  7.12735880e-05  1.52651802e-03
  4.27045067e-04 -3.53951853e-04], Best Fitness = 1.926086999991044e-05, Evaluations = 6272
Generation 196: Best Solution = [-1.42065466e-03 -1.38394329e-03  1.03417024e-04 -2.07064028e-03
  2.85778265e-03  4.68141813e-04  7.12735880e-05  1.52651802e-03
  4.27045067e-04 -3.53951853e-04], Best Fitness = 1.926086999991044e-05, Evaluations = 6304
Generation 197: Best Solution = [-1.42065466e-03 -1.38394329e-03  1.03417024e-04 -2.07064028e-03
  2.85778265e-03  4.68141813e-04  7.12735880e-05  1.52651802e-03
  4.27045067e-04 -3.53951853e-04], Best Fitness = 1.926086999991044e-05, Evaluations = 6336
Generation 198: Best Solution = [-0.00119283 -0.00051471  0.00120956  0.00016397 -0.0018654  -0.00018306
 -0.0030761   0.0006684   0.00058489  0.0010706 ], Best Fitness = 1.808834037636451e-05, Evaluations = 6368
Generation 199: Best Solution = [-0.00119283 -0.00051471  0.00120956  0.00016397 -0.0018654  -0.00018306
 -0.0030761   0.0006684   0.00058489  0.0010706 ], Best Fitness = 1.808834037636451e-05, Evaluations = 6400
Generation 200: Best Solution = [-0.00119283 -0.00051471  0.00120956  0.00016397 -0.0018654  -0.00018306
 -0.0030761   0.0006684   0.00058489  0.0010706 ], Best Fitness = 1.808834037636451e-05, Evaluations = 6432
Generation 201: Best Solution = [ 4.89011059e-04  8.36792529e-04 -3.30783706e-04 -1.68884034e-03
 -9.94535765e-05 -2.16643840e-03  2.20277390e-04 -2.09692087e-03
  2.21172033e-04 -1.68955383e-03], Best Fitness = 1.5953407944300527e-05, Evaluations = 6464
Generation 202: Best Solution = [-0.00039622  0.0005192  -0.00104244 -0.00119463 -0.00204753  0.00136413
 -0.00011372 -0.00148271 -0.00034316 -0.00133226], Best Fitness = 1.3097615482297749e-05, Evaluations = 6496
Generation 203: Best Solution = [-0.0008476   0.00058458  0.00075046 -0.00119463  0.0002112   0.00136413
 -0.00085789 -0.00173508 -0.00034316 -0.00133226], Best Fitness = 1.0595105973719979e-05, Evaluations = 6528
Generation 204: Best Solution = [ 8.90184480e-04  3.36838426e-04 -1.28835278e-03  1.18529325e-03
  3.52933504e-04 -2.36470768e-04 -1.32394186e-04  4.47582940e-04
 -6.50468241e-05 -1.63274352e-03], Best Fitness = 7.039083161308912e-06, Evaluations = 6560
Generation 205: Best Solution = [ 8.90184480e-04  3.36838426e-04 -1.28835278e-03  1.18529325e-03
  3.52933504e-04 -2.36470768e-04 -1.32394186e-04  4.47582940e-04
 -6.50468241e-05 -1.63274352e-03], Best Fitness = 6.04154415103498e-06, Evaluations = 6592
Generation 206: Best Solution = [ 8.90184480e-04  3.36838426e-04 -1.28835278e-03  1.18529325e-03
  3.52933504e-04 -2.36470768e-04 -1.32394186e-04  4.47582940e-04
 -6.50468241e-05 -1.63274352e-03], Best Fitness = 6.04154415103498e-06, Evaluations = 6624
Generation 207: Best Solution = [ 8.90184480e-04  3.36838426e-04 -1.28835278e-03  1.18529325e-03
  3.52933504e-04 -2.36470768e-04 -1.32394186e-04  4.47582940e-04
 -6.50468241e-05 -1.63274352e-03], Best Fitness = 6.04154415103498e-06, Evaluations = 6656
Generation 208: Best Solution = [ 8.90184480e-04  3.36838426e-04 -1.28835278e-03  1.18529325e-03
  3.52933504e-04 -2.36470768e-04 -1.32394186e-04  4.47582940e-04
 -6.50468241e-05 -1.63274352e-03], Best Fitness = 6.04154415103498e-06, Evaluations = 6688
Generation 209: Best Solution = [ 8.90184480e-04  3.36838426e-04 -1.28835278e-03  1.18529325e-03
  3.52933504e-04 -2.36470768e-04 -1.32394186e-04  4.47582940e-04
 -6.50468241e-05 -1.63274352e-03], Best Fitness = 6.04154415103498e-06, Evaluations = 6720
Generation 210: Best Solution = [ 8.90184480e-04  3.36838426e-04 -1.28835278e-03  1.18529325e-03
  3.52933504e-04 -2.36470768e-04 -1.32394186e-04  4.47582940e-04
 -6.50468241e-05 -1.63274352e-03], Best Fitness = 5.0341571483917205e-06, Evaluations = 6752
Generation 211: Best Solution = [ 8.90184480e-04  3.36838426e-04 -1.28835278e-03  1.18529325e-03
  3.52933504e-04 -2.36470768e-04 -1.32394186e-04  4.47582940e-04
 -6.50468241e-05 -1.63274352e-03], Best Fitness = 5.0341571483917205e-06, Evaluations = 6784
Generation 212: Best Solution = [ 8.90184480e-04  3.36838426e-04 -1.28835278e-03  1.18529325e-03
  3.52933504e-04 -2.36470768e-04 -1.32394186e-04  4.47582940e-04
 -6.50468241e-05 -1.63274352e-03], Best Fitness = 5.0341571483917205e-06, Evaluations = 6816
Generation 213: Best Solution = [ 8.90184480e-04  3.36838426e-04 -1.28835278e-03  1.18529325e-03
  3.52933504e-04 -2.36470768e-04 -1.32394186e-04  4.47582940e-04
 -6.50468241e-05 -1.63274352e-03], Best Fitness = 5.0341571483917205e-06, Evaluations = 6848
Generation 214: Best Solution = [ 8.90184480e-04  3.36838426e-04 -1.28835278e-03  1.18529325e-03
  3.52933504e-04 -2.36470768e-04 -1.32394186e-04  4.47582940e-04
 -6.50468241e-05 -1.63274352e-03], Best Fitness = 5.0341571483917205e-06, Evaluations = 6880
Generation 215: Best Solution = [ 8.90184480e-04  3.36838426e-04 -1.28835278e-03  1.18529325e-03
  3.52933504e-04 -2.36470768e-04 -1.32394186e-04  4.47582940e-04
 -6.50468241e-05 -1.63274352e-03], Best Fitness = 5.0341571483917205e-06, Evaluations = 6912
Generation 216: Best Solution = [ 8.90184480e-04  3.36838426e-04 -1.28835278e-03  1.18529325e-03
  3.52933504e-04 -2.36470768e-04 -1.32394186e-04  4.47582940e-04
 -6.50468241e-05 -1.63274352e-03], Best Fitness = 5.0341571483917205e-06, Evaluations = 6944
Generation 217: Best Solution = [ 8.90184480e-04  3.36838426e-04 -1.28835278e-03  1.18529325e-03
  3.52933504e-04 -2.36470768e-04 -1.32394186e-04  4.47582940e-04
 -6.50468241e-05 -1.63274352e-03], Best Fitness = 5.0341571483917205e-06, Evaluations = 6976
Generation 218: Best Solution = [-7.58982107e-04  5.76515886e-04  8.09142553e-05  5.40852065e-04
 -8.39781786e-04 -9.09246750e-05  1.31834847e-03 -7.50913923e-04
 -9.43269306e-05  8.42970518e-04], Best Fitness = 4.942404489415637e-06, Evaluations = 7008
Generation 219: Best Solution = [-7.58982107e-04  5.76515886e-04  8.09142553e-05  5.40852065e-04
 -8.39781786e-04 -9.09246750e-05  1.31834847e-03 -7.50913923e-04
 -9.43269306e-05  8.42970518e-04], Best Fitness = 4.942404489415637e-06, Evaluations = 7040
Generation 220: Best Solution = [-7.58982107e-04  5.76515886e-04  8.09142553e-05  5.40852065e-04
 -8.39781786e-04 -9.09246750e-05  1.31834847e-03 -7.50913923e-04
 -9.43269306e-05  8.42970518e-04], Best Fitness = 4.942404489415637e-06, Evaluations = 7072
Generation 221: Best Solution = [-7.58982107e-04  5.76515886e-04  8.09142553e-05  5.40852065e-04
 -8.39781786e-04 -9.09246750e-05  1.31834847e-03 -7.50913923e-04
 -9.43269306e-05  8.42970518e-04], Best Fitness = 2.8166065756620995e-06, Evaluations = 7104
Generation 222: Best Solution = [-7.58982107e-04  5.76515886e-04  8.09142553e-05  5.40852065e-04
 -8.39781786e-04 -9.09246750e-05  1.31834847e-03 -7.50913923e-04
 -9.43269306e-05  8.42970518e-04], Best Fitness = 2.8166065756620995e-06, Evaluations = 7136
Generation 223: Best Solution = [-7.58982107e-04  5.76515886e-04  8.09142553e-05  5.40852065e-04
 -8.39781786e-04 -9.09246750e-05  1.31834847e-03 -7.50913923e-04
 -9.43269306e-05  8.42970518e-04], Best Fitness = 2.8166065756620995e-06, Evaluations = 7168
Generation 224: Best Solution = [-7.58982107e-04  5.76515886e-04  8.09142553e-05  5.40852065e-04
 -8.39781786e-04 -9.09246750e-05  1.31834847e-03 -7.50913923e-04
 -9.43269306e-05  8.42970518e-04], Best Fitness = 2.8166065756620995e-06, Evaluations = 7200
Generation 225: Best Solution = [-7.58982107e-04  5.76515886e-04  8.09142553e-05  5.40852065e-04
 -8.39781786e-04 -9.09246750e-05  1.31834847e-03 -7.50913923e-04
 -9.43269306e-05  8.42970518e-04], Best Fitness = 2.8166065756620995e-06, Evaluations = 7232
Generation 226: Best Solution = [-7.58982107e-04  5.76515886e-04  8.09142553e-05  5.40852065e-04
 -8.39781786e-04 -9.09246750e-05  1.31834847e-03 -7.50913923e-04
 -9.43269306e-05  8.42970518e-04], Best Fitness = 2.8166065756620995e-06, Evaluations = 7264
Generation 227: Best Solution = [-7.58982107e-04  5.76515886e-04  8.09142553e-05  5.40852065e-04
 -8.39781786e-04 -9.09246750e-05  1.31834847e-03 -7.50913923e-04
 -9.43269306e-05  8.42970518e-04], Best Fitness = 2.8166065756620995e-06, Evaluations = 7296
Generation 228: Best Solution = [-7.58982107e-04  5.76515886e-04  8.09142553e-05  5.40852065e-04
 -8.39781786e-04 -9.09246750e-05  1.31834847e-03 -7.50913923e-04
 -9.43269306e-05  8.42970518e-04], Best Fitness = 2.8166065756620995e-06, Evaluations = 7328
Generation 229: Best Solution = [-7.58982107e-04  5.76515886e-04  8.09142553e-05  5.40852065e-04
 -8.39781786e-04 -9.09246750e-05  1.31834847e-03 -7.50913923e-04
 -9.43269306e-05  8.42970518e-04], Best Fitness = 2.8166065756620995e-06, Evaluations = 7360
Generation 230: Best Solution = [ 9.18940156e-05 -1.03140354e-04 -3.47989255e-04 -6.62631801e-04
  2.55368310e-04  1.77759229e-04 -2.62361223e-04 -4.96774827e-04
  7.36837426e-05  2.26889137e-04], Best Fitness = 1.0485978000256218e-06, Evaluations = 7392
Generation 231: Best Solution = [ 9.18940156e-05 -1.03140354e-04 -3.47989255e-04 -6.62631801e-04
  2.55368310e-04  1.77759229e-04 -2.62361223e-04 -4.96774827e-04
  7.36837426e-05  2.26889137e-04], Best Fitness = 1.0485978000256218e-06, Evaluations = 7424
Generation 232: Best Solution = [ 9.18940156e-05 -1.03140354e-04 -3.47989255e-04 -6.62631801e-04
  2.55368310e-04  1.77759229e-04 -2.62361223e-04 -4.96774827e-04
  7.36837426e-05  2.26889137e-04], Best Fitness = 1.0485978000256218e-06, Evaluations = 7456
Generation 233: Best Solution = [ 9.18940156e-05 -1.03140354e-04 -3.47989255e-04 -6.62631801e-04
  2.55368310e-04  1.77759229e-04 -2.62361223e-04 -4.96774827e-04
  7.36837426e-05  2.26889137e-04], Best Fitness = 1.0485978000256218e-06, Evaluations = 7488
Generation 234: Best Solution = [ 9.18940156e-05 -1.03140354e-04 -3.47989255e-04 -6.62631801e-04
  2.55368310e-04  1.77759229e-04 -2.62361223e-04 -4.96774827e-04
  7.36837426e-05  2.26889137e-04], Best Fitness = 1.0485978000256218e-06, Evaluations = 7520
Generation 235: Best Solution = [ 9.18940156e-05 -1.03140354e-04 -3.47989255e-04 -6.62631801e-04
  2.55368310e-04  1.77759229e-04 -2.62361223e-04 -4.96774827e-04
  7.36837426e-05  2.26889137e-04], Best Fitness = 8.943693717803341e-07, Evaluations = 7552
Generation 236: Best Solution = [ 9.18940156e-05 -1.03140354e-04 -3.47989255e-04 -6.62631801e-04
  2.55368310e-04  1.77759229e-04 -2.62361223e-04 -4.96774827e-04
  7.36837426e-05  2.26889137e-04], Best Fitness = 8.943693717803341e-07, Evaluations = 7584
Generation 237: Best Solution = [ 9.18940156e-05 -1.03140354e-04 -3.47989255e-04 -6.62631801e-04
  2.55368310e-04  1.77759229e-04 -2.62361223e-04 -4.96774827e-04
  7.36837426e-05  2.26889137e-04], Best Fitness = 8.943693717803341e-07, Evaluations = 7616
Generation 238: Best Solution = [ 9.18940156e-05 -1.03140354e-04 -3.47989255e-04 -6.62631801e-04
  2.55368310e-04  1.77759229e-04 -2.62361223e-04 -4.96774827e-04
  7.36837426e-05  2.26889137e-04], Best Fitness = 8.943693717803341e-07, Evaluations = 7648
Generation 239: Best Solution = [ 9.18940156e-05 -1.03140354e-04 -3.47989255e-04 -6.62631801e-04
  2.55368310e-04  1.77759229e-04 -2.62361223e-04 -4.96774827e-04
  7.36837426e-05  2.26889137e-04], Best Fitness = 8.943693717803341e-07, Evaluations = 7680
Generation 240: Best Solution = [ 9.18940156e-05 -1.03140354e-04 -3.47989255e-04 -6.62631801e-04
  2.55368310e-04  1.77759229e-04 -2.62361223e-04 -4.96774827e-04
  7.36837426e-05  2.26889137e-04], Best Fitness = 8.943693717803341e-07, Evaluations = 7712
Generation 241: Best Solution = [ 9.18940156e-05 -1.03140354e-04 -3.47989255e-04 -6.62631801e-04
  2.55368310e-04  1.77759229e-04 -2.62361223e-04 -4.96774827e-04
  7.36837426e-05  2.26889137e-04], Best Fitness = 8.943693717803341e-07, Evaluations = 7744
Generation 242: Best Solution = [ 9.18940156e-05 -1.03140354e-04 -3.47989255e-04 -6.62631801e-04
  2.55368310e-04  1.77759229e-04 -2.62361223e-04 -4.96774827e-04
  7.36837426e-05  2.26889137e-04], Best Fitness = 8.943693717803341e-07, Evaluations = 7776
Generation 243: Best Solution = [-6.65268387e-04 -1.39765799e-04 -2.53768453e-04  3.08483460e-04
  2.51227200e-04  7.13859594e-06 -2.48754973e-04  1.09928330e-04
  2.71844835e-04 -1.62546522e-04], Best Fitness = 8.591273047615362e-07, Evaluations = 7808
Generation 244: Best Solution = [-6.65268387e-04 -1.39765799e-04 -2.53768453e-04  3.08483460e-04
  2.51227200e-04  7.13859594e-06 -2.48754973e-04  1.09928330e-04
  2.71844835e-04 -1.62546522e-04], Best Fitness = 8.591273047615362e-07, Evaluations = 7840
Generation 245: Best Solution = [ 3.46626463e-06 -7.37588450e-05  8.05779754e-05 -1.10900464e-04
 -6.31208760e-04  8.37101263e-05  9.66737837e-05  1.47676849e-04
 -1.96311081e-04 -4.95021965e-04], Best Fitness = 7.444150482118916e-07, Evaluations = 7872
Generation 246: Best Solution = [-3.37949206e-05 -2.77669423e-04  2.07224391e-04  2.16654143e-05
 -1.56096594e-04  3.22980113e-04 -1.07097601e-04 -3.22839005e-04
  1.47767233e-04  3.21643364e-04], Best Fitness = 4.913205715725102e-07, Evaluations = 7904
Generation 247: Best Solution = [-3.37949206e-05 -2.77669423e-04  2.07224391e-04  2.16654143e-05
 -1.56096594e-04  3.22980113e-04 -1.07097601e-04 -3.22839005e-04
  1.47767233e-04  3.21643364e-04], Best Fitness = 4.913205715725102e-07, Evaluations = 7936
Generation 248: Best Solution = [-3.37949206e-05 -2.77669423e-04  2.07224391e-04  2.16654143e-05
 -1.56096594e-04  3.22980113e-04 -1.07097601e-04 -3.22839005e-04
  1.47767233e-04  3.21643364e-04], Best Fitness = 4.913205715725102e-07, Evaluations = 7968
Generation 249: Best Solution = [-1.42293949e-05 -2.17784708e-04  7.21596226e-05 -1.45574705e-04
 -2.38924725e-04  8.48882100e-05  2.40393986e-04 -3.97264038e-04
 -1.85214250e-04 -2.03288627e-04], Best Fitness = 4.295612616456088e-07, Evaluations = 8000
Generation 250: Best Solution = [-1.42293949e-05 -2.17784708e-04  7.21596226e-05 -1.45574705e-04
 -2.38924725e-04  8.48882100e-05  2.40393986e-04 -3.97264038e-04
 -1.85214250e-04 -2.03288627e-04], Best Fitness = 4.295612616456088e-07, Evaluations = 8032
Generation 251: Best Solution = [-1.42293949e-05 -2.17784708e-04  7.21596226e-05 -1.45574705e-04
 -2.38924725e-04  8.48882100e-05  2.40393986e-04 -3.97264038e-04
 -1.85214250e-04 -2.03288627e-04], Best Fitness = 4.295612616456088e-07, Evaluations = 8064
Generation 252: Best Solution = [-1.42293949e-05 -2.67415462e-04  7.21596226e-05 -1.45574705e-04
  2.05361251e-05  3.18054266e-04 -1.12100162e-04 -2.44470754e-05
 -7.14911929e-05 -2.03288627e-04], Best Fitness = 2.592941218266245e-07, Evaluations = 8096
Generation 253: Best Solution = [-1.42293949e-05 -2.67415462e-04  7.21596226e-05 -1.45574705e-04
  2.05361251e-05  3.18054266e-04 -1.12100162e-04 -2.44470754e-05
 -7.14911929e-05 -2.03288627e-04], Best Fitness = 2.592941218266245e-07, Evaluations = 8128
Generation 254: Best Solution = [-1.42293949e-05 -2.67415462e-04  7.21596226e-05 -1.45574705e-04
  2.05361251e-05  3.18054266e-04 -1.12100162e-04 -2.44470754e-05
 -7.14911929e-05 -2.03288627e-04], Best Fitness = 2.592941218266245e-07, Evaluations = 8160
Generation 255: Best Solution = [-1.42293949e-05 -2.67415462e-04  7.21596226e-05 -1.45574705e-04
  2.05361251e-05  3.18054266e-04 -1.12100162e-04 -2.44470754e-05
 -7.14911929e-05 -2.03288627e-04], Best Fitness = 2.592941218266245e-07, Evaluations = 8192
Generation 256: Best Solution = [ 1.00127405e-04 -1.05984672e-04 -3.13321389e-05  5.98077077e-05
  1.88232086e-04 -8.58654079e-05 -2.89353632e-04  1.97490649e-04
 -8.55129997e-05  5.97039743e-05], Best Fitness = 2.0222621770480552e-07, Evaluations = 8224
Generation 257: Best Solution = [-2.26480615e-05  1.01964146e-04  5.50457970e-05  9.50556539e-05
  9.42033062e-06  1.82797941e-04 -1.24457441e-04 -1.49570106e-05
 -8.92078967e-05  8.58453334e-05], Best Fitness = 8.751990576491413e-08, Evaluations = 8256
Generation 258: Best Solution = [-2.26480615e-05  1.01964146e-04  5.50457970e-05  9.50556539e-05
  9.42033062e-06  1.82797941e-04 -1.24457441e-04 -1.49570106e-05
 -8.92078967e-05  8.58453334e-05], Best Fitness = 8.751990576491413e-08, Evaluations = 8288
Generation 259: Best Solution = [-2.26480615e-05  1.01964146e-04  5.50457970e-05  9.50556539e-05
  9.42033062e-06  1.82797941e-04 -1.24457441e-04 -1.49570106e-05
 -8.92078967e-05  8.58453334e-05], Best Fitness = 8.751990576491413e-08, Evaluations = 8320
Generation 260: Best Solution = [-2.26480615e-05  1.01964146e-04  5.50457970e-05  9.50556539e-05
  9.42033062e-06  1.82797941e-04 -1.24457441e-04 -1.49570106e-05
 -8.92078967e-05  8.58453334e-05], Best Fitness = 6.039608118496588e-08, Evaluations = 8352
Generation 261: Best Solution = [-2.26480615e-05  1.01964146e-04  5.50457970e-05  9.50556539e-05
  9.42033062e-06  1.82797941e-04 -1.24457441e-04 -1.49570106e-05
 -8.92078967e-05  8.58453334e-05], Best Fitness = 6.039608118496588e-08, Evaluations = 8384
Generation 262: Best Solution = [-2.26480615e-05  1.01964146e-04  5.50457970e-05  9.50556539e-05
  9.42033062e-06  1.82797941e-04 -1.24457441e-04 -1.49570106e-05
 -8.92078967e-05  8.58453334e-05], Best Fitness = 6.039608118496588e-08, Evaluations = 8416
Generation 263: Best Solution = [-2.26480615e-05  1.01964146e-04  5.50457970e-05  9.50556539e-05
  9.42033062e-06  1.82797941e-04 -1.24457441e-04 -1.49570106e-05
 -8.92078967e-05  8.58453334e-05], Best Fitness = 6.039608118496588e-08, Evaluations = 8448
Generation 264: Best Solution = [-2.26480615e-05  1.01964146e-04  5.50457970e-05  9.50556539e-05
  9.42033062e-06  1.82797941e-04 -1.24457441e-04 -1.49570106e-05
 -8.92078967e-05  8.58453334e-05], Best Fitness = 6.039608118496588e-08, Evaluations = 8480
Generation 265: Best Solution = [-2.26480615e-05  1.01964146e-04  5.50457970e-05  9.50556539e-05
  9.42033062e-06  1.82797941e-04 -1.24457441e-04 -1.49570106e-05
 -8.92078967e-05  8.58453334e-05], Best Fitness = 6.039608118496588e-08, Evaluations = 8512
Generation 266: Best Solution = [-2.26480615e-05  1.01964146e-04  5.50457970e-05  9.50556539e-05
  9.42033062e-06  1.82797941e-04 -1.24457441e-04 -1.49570106e-05
 -8.92078967e-05  8.58453334e-05], Best Fitness = 6.039608118496588e-08, Evaluations = 8544
Generation 267: Best Solution = [-2.26480615e-05  1.01964146e-04  5.50457970e-05  9.50556539e-05
  9.42033062e-06  1.82797941e-04 -1.24457441e-04 -1.49570106e-05
 -8.92078967e-05  8.58453334e-05], Best Fitness = 6.039608118496588e-08, Evaluations = 8576
Generation 268: Best Solution = [-2.26480615e-05  1.01964146e-04  5.50457970e-05  9.50556539e-05
  9.42033062e-06  1.82797941e-04 -1.24457441e-04 -1.49570106e-05
 -8.92078967e-05  8.58453334e-05], Best Fitness = 6.039608118496588e-08, Evaluations = 8608
Generation 269: Best Solution = [-2.26480615e-05  1.01964146e-04  5.50457970e-05  9.50556539e-05
  9.42033062e-06  1.82797941e-04 -1.24457441e-04 -1.49570106e-05
 -8.92078967e-05  8.58453334e-05], Best Fitness = 6.039608118496588e-08, Evaluations = 8640
Generation 270: Best Solution = [-2.26480615e-05  1.01964146e-04  5.50457970e-05  9.50556539e-05
  9.42033062e-06  1.82797941e-04 -1.24457441e-04 -1.49570106e-05
 -8.92078967e-05  8.58453334e-05], Best Fitness = 6.039608118496588e-08, Evaluations = 8672
Generation 271: Best Solution = [-2.26480615e-05  1.01964146e-04  5.50457970e-05  9.50556539e-05
  9.42033062e-06  1.82797941e-04 -1.24457441e-04 -1.49570106e-05
 -8.92078967e-05  8.58453334e-05], Best Fitness = 6.039608118496588e-08, Evaluations = 8704
Generation 272: Best Solution = [-2.26480615e-05  1.01964146e-04  5.50457970e-05  9.50556539e-05
  9.42033062e-06  1.82797941e-04 -1.24457441e-04 -1.49570106e-05
 -8.92078967e-05  8.58453334e-05], Best Fitness = 6.039608118496588e-08, Evaluations = 8736
Generation 273: Best Solution = [ 9.89246400e-05 -4.14678039e-06  3.33075833e-05 -1.16591612e-04
  1.40583238e-05 -1.25669297e-04 -1.27589630e-05 -1.62124855e-05
  1.03024817e-05 -1.28141661e-04], Best Fitness = 5.7448750050851875e-08, Evaluations = 8768
Generation 274: Best Solution = [ 9.89246400e-05 -4.14678039e-06  3.33075833e-05 -1.16591612e-04
  1.40583238e-05 -1.25669297e-04 -1.27589630e-05 -1.62124855e-05
  1.03024817e-05 -1.28141661e-04], Best Fitness = 5.7448750050851875e-08, Evaluations = 8800
Generation 275: Best Solution = [ 9.89246400e-05 -4.14678039e-06  3.33075833e-05 -1.16591612e-04
  1.40583238e-05 -1.25669297e-04 -1.27589630e-05 -1.62124855e-05
  1.03024817e-05 -1.28141661e-04], Best Fitness = 5.7448750050851875e-08, Evaluations = 8832
Generation 276: Best Solution = [ 6.91291516e-05 -1.20310685e-04  1.55117119e-05 -6.04573068e-05
  7.31917262e-06  5.50725147e-06 -6.04285415e-05 -1.06601292e-04
 -1.40505577e-05  3.17373424e-05], Best Fitness = 3.9453221000564505e-08, Evaluations = 8864
Generation 277: Best Solution = [ 6.91291516e-05 -1.20310685e-04  1.55117119e-05 -6.04573068e-05
  7.31917262e-06  5.50725147e-06 -6.04285415e-05 -1.06601292e-04
 -1.40505577e-05  3.17373424e-05], Best Fitness = 3.9453221000564505e-08, Evaluations = 8896
Generation 278: Best Solution = [ 6.91291516e-05 -1.20310685e-04  1.55117119e-05 -6.04573068e-05
  7.31917262e-06  5.50725147e-06 -6.04285415e-05 -1.06601292e-04
 -1.40505577e-05  3.17373424e-05], Best Fitness = 3.9453221000564505e-08, Evaluations = 8928
Generation 279: Best Solution = [ 6.91291516e-05 -1.20310685e-04  1.55117119e-05 -6.04573068e-05
  7.31917262e-06  5.50725147e-06 -6.04285415e-05 -1.06601292e-04
 -1.40505577e-05  3.17373424e-05], Best Fitness = 3.9453221000564505e-08, Evaluations = 8960
Generation 280: Best Solution = [ 6.91291516e-05 -1.20310685e-04  1.55117119e-05 -6.04573068e-05
  7.31917262e-06  5.50725147e-06 -6.04285415e-05 -1.06601292e-04
 -1.40505577e-05  3.17373424e-05], Best Fitness = 3.9453221000564505e-08, Evaluations = 8992
Generation 281: Best Solution = [ 6.91291516e-05 -1.20310685e-04  1.55117119e-05 -6.04573068e-05
  7.31917262e-06  5.50725147e-06 -6.04285415e-05 -1.06601292e-04
 -1.40505577e-05  3.17373424e-05], Best Fitness = 3.9453221000564505e-08, Evaluations = 9024
Generation 282: Best Solution = [ 6.91291516e-05 -1.20310685e-04  1.55117119e-05 -6.04573068e-05
  7.31917262e-06  5.50725147e-06 -6.04285415e-05 -1.06601292e-04
 -1.40505577e-05  3.17373424e-05], Best Fitness = 3.9453221000564505e-08, Evaluations = 9056
Generation 283: Best Solution = [-2.04124309e-06  2.64204353e-05  1.55117119e-05 -6.04573068e-05
  7.31917262e-06  5.50725147e-06  5.95786081e-05 -1.06601292e-04
 -1.40505577e-05  4.67739711e-06], Best Fitness = 1.9814547480432244e-08, Evaluations = 9088
Generation 284: Best Solution = [-2.04124309e-06  2.64204353e-05  1.55117119e-05 -6.04573068e-05
  7.31917262e-06  5.50725147e-06  5.95786081e-05 -1.06601292e-04
 -1.40505577e-05  4.67739711e-06], Best Fitness = 1.8685471558551415e-08, Evaluations = 9120
Generation 285: Best Solution = [-2.04124309e-06  2.64204353e-05  1.55117119e-05 -6.04573068e-05
  7.31917262e-06  5.50725147e-06  5.95786081e-05 -1.06601292e-04
 -1.40505577e-05  4.67739711e-06], Best Fitness = 1.8685471558551415e-08, Evaluations = 9152
Generation 286: Best Solution = [-2.04124309e-06  2.64204353e-05  1.55117119e-05 -6.04573068e-05
  7.31917262e-06  5.50725147e-06  5.95786081e-05 -1.06601292e-04
 -1.40505577e-05  4.67739711e-06], Best Fitness = 1.8685471558551415e-08, Evaluations = 9184
Generation 287: Best Solution = [-2.04124309e-06  2.64204353e-05  1.55117119e-05 -6.04573068e-05
  7.31917262e-06  5.50725147e-06  5.95786081e-05 -1.06601292e-04
 -1.40505577e-05  4.67739711e-06], Best Fitness = 1.8685471558551415e-08, Evaluations = 9216
Generation 288: Best Solution = [-2.04124309e-06  2.64204353e-05  1.55117119e-05 -6.04573068e-05
  7.31917262e-06  5.50725147e-06  5.95786081e-05 -1.06601292e-04
 -1.40505577e-05  4.67739711e-06], Best Fitness = 1.8685471558551415e-08, Evaluations = 9248
Generation 289: Best Solution = [-2.04124309e-06  2.64204353e-05  1.55117119e-05 -6.04573068e-05
  7.31917262e-06  5.50725147e-06  5.95786081e-05 -1.06601292e-04
 -1.40505577e-05  4.67739711e-06], Best Fitness = 1.8685471558551415e-08, Evaluations = 9280
Generation 290: Best Solution = [-2.04124309e-06  2.64204353e-05  1.55117119e-05 -6.04573068e-05
  7.31917262e-06  5.50725147e-06  5.95786081e-05 -1.06601292e-04
 -1.40505577e-05  4.67739711e-06], Best Fitness = 1.8685471558551415e-08, Evaluations = 9312
Generation 291: Best Solution = [-2.04124309e-06  2.64204353e-05  1.55117119e-05 -6.04573068e-05
  7.31917262e-06  5.50725147e-06  5.95786081e-05 -1.06601292e-04
 -1.40505577e-05  4.67739711e-06], Best Fitness = 1.8685471558551415e-08, Evaluations = 9344
Generation 292: Best Solution = [-3.37347924e-05 -1.92125268e-05 -6.94109824e-06 -1.77601397e-05
  5.85116711e-05 -5.58951049e-05 -6.01978321e-05 -2.16636605e-05
  1.41776935e-05  6.97871853e-06], Best Fitness = 1.2761439893283077e-08, Evaluations = 9376
Generation 293: Best Solution = [-3.37347924e-05 -1.92125268e-05 -6.94109824e-06 -1.77601397e-05
  5.85116711e-05 -5.58951049e-05 -6.01978321e-05 -2.16636605e-05
  1.41776935e-05  6.97871853e-06], Best Fitness = 1.2761439893283077e-08, Evaluations = 9408
Generation 294: Best Solution = [-3.37347924e-05 -1.92125268e-05 -6.94109824e-06 -1.77601397e-05
  5.85116711e-05 -5.58951049e-05 -6.01978321e-05 -2.16636605e-05
  1.41776935e-05  6.97871853e-06], Best Fitness = 1.2761439893283077e-08, Evaluations = 9440
Generation 295: Best Solution = [ 5.55017443e-05  3.32221040e-05 -2.85138743e-05 -1.53676500e-05
  5.40623743e-06  3.83798278e-05  2.32272833e-06 -6.64775104e-05
  2.61945533e-05  1.12838144e-05], Best Fitness = 1.1973729629585936e-08, Evaluations = 9472
Generation 296: Best Solution = [ 5.55017443e-05  3.32221040e-05 -2.85138743e-05 -1.53676500e-05
  5.40623743e-06  3.83798278e-05  2.32272833e-06 -6.64775104e-05
  2.61945533e-05  1.12838144e-05], Best Fitness = 1.1973729629585936e-08, Evaluations = 9504
Generation 297: Best Solution = [ 5.55017443e-05  3.32221040e-05 -2.85138743e-05 -1.53676500e-05
  5.40623743e-06  3.83798278e-05  2.32272833e-06 -6.64775104e-05
  2.61945533e-05  1.12838144e-05], Best Fitness = 1.1171479705142537e-08, Evaluations = 9536
Generation 298: Best Solution = [-2.16661947e-05  1.77786220e-05  2.82833082e-06  6.61822918e-05
 -2.16107279e-06  2.69993523e-05  2.62393540e-05  2.20245145e-05
 -1.55383777e-05  3.91830907e-05], Best Fitness = 8.857572583083807e-09, Evaluations = 9568
Generation 299: Best Solution = [-2.16661947e-05  1.77786220e-05  2.82833082e-06  6.61822918e-05
 -2.16107279e-06  2.69993523e-05  2.62393540e-05  2.20245145e-05
 -1.55383777e-05  3.91830907e-05], Best Fitness = 8.857572583083807e-09, Evaluations = 9600
Generation 300: Best Solution = [-2.16661947e-05  1.77786220e-05  2.82833082e-06  6.61822918e-05
 -2.16107279e-06  2.69993523e-05  2.62393540e-05  2.20245145e-05
 -1.55383777e-05  3.91830907e-05], Best Fitness = 8.857572583083807e-09, Evaluations = 9632
Generation 301: Best Solution = [ 3.02998003e-05  1.00557711e-05 -2.77834878e-05  1.02289958e-05
  1.14709530e-05 -2.01947958e-06  2.33981972e-05  2.88930612e-05
  6.89345420e-05 -9.49070856e-06], Best Fitness = 8.255741287598572e-09, Evaluations = 9664
Generation 302: Best Solution = [ 3.02998003e-05  1.00557711e-05 -2.77834878e-05  1.02289958e-05
  1.14709530e-05 -2.01947958e-06  2.33981972e-05  2.88930612e-05
  6.89345420e-05 -9.49070856e-06], Best Fitness = 8.255741287598572e-09, Evaluations = 9696
Generation 303: Best Solution = [ 3.02998003e-05  1.00557711e-05 -2.77834878e-05  1.02289958e-05
  1.14709530e-05 -2.01947958e-06  2.33981972e-05  2.88930612e-05
  6.89345420e-05 -9.49070856e-06], Best Fitness = 8.255741287598572e-09, Evaluations = 9728
Generation 304: Best Solution = [-2.31873072e-05 -9.08981984e-06  2.47063612e-05  2.83405535e-05
  2.38236576e-05 -3.57772962e-05 -2.50108473e-05 -2.53293748e-05
 -1.95912249e-05  5.00959245e-05], Best Fitness = 8.041986334150635e-09, Evaluations = 9760
Generation 305: Best Solution = [ 2.39738224e-05 -1.37812317e-05  3.10171145e-05  1.02289958e-05
  1.14709530e-05 -1.15537709e-05  2.33981972e-05  2.88930612e-05
  5.16038911e-05 -9.49070856e-06], Best Fitness = 6.231752386875259e-09, Evaluations = 9792
Generation 306: Best Solution = [ 3.13234473e-05 -2.69222059e-05  2.82833082e-06 -1.70388286e-05
 -2.16107279e-06 -8.20607757e-06  3.63709827e-05  2.80281867e-05
 -1.55383777e-05  3.91830907e-05], Best Fitness = 5.961478018700275e-09, Evaluations = 9824
Generation 307: Best Solution = [ 1.64760136e-05  1.22310097e-05  1.61887053e-05  6.87366494e-06
  2.76409250e-05  5.19372310e-06  1.96278816e-05 -3.62854805e-05
  3.58281425e-05  5.74981191e-06], Best Fitness = 4.539979529546406e-09, Evaluations = 9856
Generation 308: Best Solution = [ 2.23040664e-05 -7.63562177e-06  1.45078563e-06 -2.26229596e-05
 -1.38187487e-05 -3.49550552e-05 -1.37956490e-05  5.13066346e-06
 -1.87718671e-05  5.67795404e-06], Best Fitness = 3.0837566733369826e-09, Evaluations = 9888
Generation 309: Best Solution = [ 2.23040664e-05 -7.63562177e-06  1.45078563e-06 -2.26229596e-05
 -1.38187487e-05 -3.49550552e-05 -1.37956490e-05  5.13066346e-06
 -1.87718671e-05  5.67795404e-06], Best Fitness = 3.0837566733369826e-09, Evaluations = 9920
Generation 310: Best Solution = [ 2.23040664e-05 -7.63562177e-06  1.45078563e-06 -2.26229596e-05
 -1.38187487e-05 -3.49550552e-05 -1.37956490e-05  5.13066346e-06
 -1.87718671e-05  5.67795404e-06], Best Fitness = 3.0837566733369826e-09, Evaluations = 9952
Generation 311: Best Solution = [-1.03388219e-05  1.23047043e-05 -8.13810162e-06 -2.48202629e-05
  6.23075216e-06 -4.73047049e-06  2.66585972e-05 -9.03227295e-06
  1.94541119e-05  2.35636703e-06], Best Fitness = 2.1780484552236264e-09, Evaluations = 9984
Generation 312: Best Solution = [-1.03388219e-05  1.23047043e-05 -8.13810162e-06 -2.48202629e-05
  6.23075216e-06 -4.73047049e-06  2.66585972e-05 -9.03227295e-06
  1.94541119e-05  2.35636703e-06], Best Fitness = 2.1780484552236264e-09, Evaluations = 10016
